#
# A fatal error has been detected by the Java Runtime Environment:
#
#  EXCEPTION_ACCESS_VIOLATION (0xc0000005) at pc=0x00007ff808627fd0, pid=12324, tid=12144
#
# JRE version: OpenJDK Runtime Environment Temurin-17.0.7+7 (17.0.7+7) (build 17.0.7+7)
# Java VM: OpenJDK 64-Bit Server VM Temurin-17.0.7+7 (17.0.7+7, mixed mode, tiered, compressed oops, compressed class ptrs, g1 gc, windows-amd64)
# Problematic frame:
# C  [PulseJNI.dll+0x297fd0]
#
# No core dump will be written. Minidumps are not enabled by default on client versions of Windows
#
# If you would like to submit a bug report, please visit:
#   https://github.com/adoptium/adoptium-support/issues
# The crash happened outside the Java Virtual Machine in native code.
# See problematic frame for where to report the bug.
#

---------------  S U M M A R Y ------------

Command Line: -Dfile.encoding=UTF-8 -Dstdout.encoding=UTF-8 -Dstderr.encoding=UTF-8 -XX:+ShowCodeDetailsInExceptionMessages app.Main

Host: AMD Ryzen 5 5625U with Radeon Graphics         , 12 cores, 15G,  Windows 11 , 64 bit Build 26100 (10.0.26100.1882)
Time: Fri Oct 25 11:05:40 2024 ora legale Europa occidentale elapsed time: 2.959301 seconds (0d 0h 0m 2s)

---------------  T H R E A D  ---------------

Current thread (0x0000024ba1cc7bb0):  JavaThread "SwingWorker-pool-1-thread-1" daemon [_thread_in_native, id=12144, stack(0x0000006fdbe00000,0x0000006fdbf00000)]

Stack: [0x0000006fdbe00000,0x0000006fdbf00000],  sp=0x0000006fdbefe370,  free space=1016k
Native frames: (J=compiled Java code, j=interpreted, Vv=VM code, C=native code)
C  [PulseJNI.dll+0x297fd0]

Java frames: (J=compiled Java code, j=interpreted, Vv=VM code)
j  com.kitware.pulse.engine.PulseEngine.nativeInitializeEngine(JLjava/lang/String;Ljava/lang/String;I)Z+0
j  com.kitware.pulse.engine.PulseEngine.initializeEngine(Lcom/kitware/pulse/cdm/engine/SEPatientConfiguration;Lcom/kitware/pulse/cdm/engine/SEDataRequestManager;)Z+39
j  app.SimulationWorker.doInBackground()Ljava/lang/Void;+24
j  app.SimulationWorker.doInBackground()Ljava/lang/Object;+1
j  javax.swing.SwingWorker$1.call()Ljava/lang/Object;+14 java.desktop@17.0.7
j  java.util.concurrent.FutureTask.run()V+39 java.base@17.0.7
j  javax.swing.SwingWorker.run()V+4 java.desktop@17.0.7
j  java.util.concurrent.ThreadPoolExecutor.runWorker(Ljava/util/concurrent/ThreadPoolExecutor$Worker;)V+92 java.base@17.0.7
j  java.util.concurrent.ThreadPoolExecutor$Worker.run()V+5 java.base@17.0.7
j  java.lang.Thread.run()V+11 java.base@17.0.7
v  ~StubRoutines::call_stub

siginfo: EXCEPTION_ACCESS_VIOLATION (0xc0000005), reading address 0x0000000000000000


Register to memory mapping:

RIP=0x00007ff808627fd0 PulseJNI.dll
RAX=0x0 is NULL
RBX={method} {0x0000024ba331cec0} 'nativeInitializeEngine' '(JLjava/lang/String;Ljava/lang/String;I)Z' in 'com/kitware/pulse/engine/PulseEngine'
RCX=0x0000024babdfb4c0 points into unknown readable memory: 0x00007ff808ef0f60 | 60 0f ef 08 f8 7f 00 00
RDX=0x0 is NULL
RSP=0x0000006fdbefe370 is pointing into the stack for thread: 0x0000024ba1cc7bb0
RBP=0x0000006fdbeff388 is pointing into the stack for thread: 0x0000024ba1cc7bb0
RSI=0x000000070bf10e88 is an oop: [B 
{0x000000070bf10e88} - klass: {type array byte}
 - length: 829
RDI=0x000000000000033d is an unknown value
R8 =0x00007ff809345100 PulseJNI.dll
R9 =0x0 is NULL
R10=0x0000024b80180000 points into unknown readable memory: 0x0000000000000000 | 00 00 00 00 00 00 00 00
R11=0x0000006fdbefdf20 is pointing into the stack for thread: 0x0000024ba1cc7bb0
R12=0x0 is NULL
R13={method} {0x0000024ba331cec0} 'nativeInitializeEngine' '(JLjava/lang/String;Ljava/lang/String;I)Z' in 'com/kitware/pulse/engine/PulseEngine'
R14=0x0000006fdbeff3d0 is pointing into the stack for thread: 0x0000024ba1cc7bb0
R15=0x0000024ba1cc7bb0 is a thread


Registers:
RAX=0x0000000000000000, RBX=0x0000024ba331ceb8, RCX=0x0000024babdfb4c0, RDX=0x0000000000000000
RSP=0x0000006fdbefe370, RBP=0x0000006fdbeff388, RSI=0x000000070bf10e88, RDI=0x000000000000033d
R8 =0x00007ff809345100, R9 =0x0000000000000000, R10=0x0000024b80180000, R11=0x0000006fdbefdf20
R12=0x0000000000000000, R13=0x0000024ba331ceb8, R14=0x0000006fdbeff3d0, R15=0x0000024ba1cc7bb0
RIP=0x00007ff808627fd0, EFLAGS=0x0000000000010246

Top of Stack: (sp=0x0000006fdbefe370)
0x0000006fdbefe370:   0000024babdfb4c0 0000000000000000
0x0000006fdbefe380:   00007ff8083bdae0 000000000000000f
0x0000006fdbefe390:   00007ff808678a70 00007ff8083b83a0
0x0000006fdbefe3a0:   0000000000000000 000000000000000f
0x0000006fdbefe3b0:   6c616e7265746e00 000000006e696b53
0x0000006fdbefe3c0:   0000000000000000 000000000000000f
0x0000006fdbefe3d0:   0000024bac714300 0000000000000000
0x0000006fdbefe3e0:   00007ff8083bc230 00007ff8083b55f0
0x0000006fdbefe3f0:   00007ff8083b55f0 00007ff8083b55f0
0x0000006fdbefe400:   00007ff8083bcbf0 00007ff80867896b
0x0000006fdbefe410:   0000024babdfb4c0 0000000000000000
0x0000006fdbefe420:   0000000000000000 000000000000000f
0x0000006fdbefe430:   6c616e7265747800 000000006e696b53
0x0000006fdbefe440:   00007ff808678a70 000000000000000f
0x0000006fdbefe450:   6c616e7265746e00 0000000065726f43
0x0000006fdbefe460:   0000000000000000 00007ff8086784ae 

Instructions: (pc=0x00007ff808627fd0)
0x00007ff808627ed0:   28 e8 6a b5 d7 ff 48 89 44 24 20 48 8b 4c 24 28
0x00007ff808627ee0:   e8 7b b5 d7 ff 48 89 44 24 30 eb 0e 48 8b 44 24
0x00007ff808627ef0:   20 48 83 c0 08 48 89 44 24 20 48 8b 44 24 30 48
0x00007ff808627f00:   39 44 24 20 74 1f 48 8b 44 24 20 48 8b 00 48 89
0x00007ff808627f10:   44 24 38 48 8b 44 24 58 48 39 44 24 38 75 04 b0
0x00007ff808627f20:   01 eb 04 eb c7 32 c0 48 83 c4 48 c3 cc cc cc cc
0x00007ff808627f30:   cc cc cc cc cc cc cc cc cc cc cc cc cc cc cc cc
0x00007ff808627f40:   48 89 4c 24 08 48 8b 44 24 08 48 83 c0 48 c3 cc
0x00007ff808627f50:   cc cc cc cc cc cc cc cc cc cc cc cc cc cc cc cc
0x00007ff808627f60:   48 89 4c 24 08 48 8b 44 24 08 48 83 c0 60 c3 cc
0x00007ff808627f70:   cc cc cc cc cc cc cc cc cc cc cc cc cc cc cc cc
0x00007ff808627f80:   48 89 54 24 10 48 89 4c 24 08 48 81 ec 98 00 00
0x00007ff808627f90:   00 48 8b 84 24 a0 00 00 00 48 8b 00 48 8b 80 d0
0x00007ff808627fa0:   00 00 00 48 89 44 24 20 48 8b 94 24 a8 00 00 00
0x00007ff808627fb0:   48 8b 8c 24 a0 00 00 00 ff 54 24 20 0f b6 c0 85
0x00007ff808627fc0:   c0 74 05 e9 5c 01 00 00 48 8b 84 24 a8 00 00 00
0x00007ff808627fd0:   48 8b 00 48 8b 8c 24 a8 00 00 00 ff 90 b0 00 00
0x00007ff808627fe0:   00 83 f8 03 75 5e 48 8b 84 24 a0 00 00 00 48 83
0x00007ff808627ff0:   c0 78 48 89 44 24 30 48 8b 84 24 a8 00 00 00 48
0x00007ff808628000:   89 44 24 28 48 8d 54 24 28 48 8b 4c 24 30 e8 bd
0x00007ff808628010:   8e da ff 90 48 8b 84 24 a0 00 00 00 48 05 90 00
0x00007ff808628020:   00 00 48 89 44 24 40 48 8b 84 24 a8 00 00 00 48
0x00007ff808628030:   89 44 24 38 48 8d 54 24 38 48 8b 4c 24 40 e8 8d
0x00007ff808628040:   8e da ff 90 48 8b 84 24 a8 00 00 00 48 8b 00 48
0x00007ff808628050:   8b 8c 24 a8 00 00 00 ff 90 b0 00 00 00 83 f8 02
0x00007ff808628060:   75 60 48 8b 84 24 a0 00 00 00 48 05 a8 00 00 00
0x00007ff808628070:   48 89 44 24 50 48 8b 84 24 a8 00 00 00 48 89 44
0x00007ff808628080:   24 48 48 8d 54 24 48 48 8b 4c 24 50 e8 3f 8e da
0x00007ff808628090:   ff 90 48 8b 84 24 a0 00 00 00 48 05 c0 00 00 00
0x00007ff8086280a0:   48 89 44 24 60 48 8b 84 24 a8 00 00 00 48 89 44
0x00007ff8086280b0:   24 58 48 8d 54 24 58 48 8b 4c 24 60 e8 0f 8e da
0x00007ff8086280c0:   ff 90 48 8b 84 24 a0 00 00 00 48 83 c0 48 48 89 


Stack slot to memory mapping:
stack at sp + 0 slots: 0x0000024babdfb4c0 points into unknown readable memory: 0x00007ff808ef0f60 | 60 0f ef 08 f8 7f 00 00
stack at sp + 1 slots: 0x0 is NULL
stack at sp + 2 slots: 0x00007ff8083bdae0 PulseJNI.dll
stack at sp + 3 slots: 0x000000000000000f is an unknown value
stack at sp + 4 slots: 0x00007ff808678a70 PulseJNI.dll
stack at sp + 5 slots: 0x00007ff8083b83a0 PulseJNI.dll
stack at sp + 6 slots: 0x0 is NULL
stack at sp + 7 slots: 0x000000000000000f is an unknown value


---------------  P R O C E S S  ---------------

Threads class SMR info:
_java_thread_list=0x0000024bac7cf0d0, length=21, elements={
0x0000024ba0595260, 0x0000024ba0595820, 0x0000024ba0ed2570, 0x0000024ba0ed4b40,
0x0000024ba0ed5c70, 0x0000024ba0ed6da0, 0x0000024ba0ed82b0, 0x0000024ba0f05d20,
0x0000024ba0f06da0, 0x0000024ba10737d0, 0x0000024ba10837a0, 0x0000024ba17026a0,
0x0000024ba1703860, 0x0000024ba1704890, 0x0000024ba1758950, 0x0000024b803d0e20,
0x0000024ba1cc63a0, 0x0000024ba1cc76e0, 0x0000024ba1cc7bb0, 0x0000024bad1af290,
0x0000024bacfae820
}

Java Threads: ( => current thread )
  0x0000024ba0595260 JavaThread "Reference Handler" daemon [_thread_blocked, id=1484, stack(0x0000006fdb200000,0x0000006fdb300000)]
  0x0000024ba0595820 JavaThread "Finalizer" daemon [_thread_blocked, id=5792, stack(0x0000006fdb300000,0x0000006fdb400000)]
  0x0000024ba0ed2570 JavaThread "Signal Dispatcher" daemon [_thread_blocked, id=15896, stack(0x0000006fdb400000,0x0000006fdb500000)]
  0x0000024ba0ed4b40 JavaThread "Attach Listener" daemon [_thread_blocked, id=4888, stack(0x0000006fdb500000,0x0000006fdb600000)]
  0x0000024ba0ed5c70 JavaThread "Service Thread" daemon [_thread_blocked, id=17208, stack(0x0000006fdb600000,0x0000006fdb700000)]
  0x0000024ba0ed6da0 JavaThread "Monitor Deflation Thread" daemon [_thread_blocked, id=16844, stack(0x0000006fdb700000,0x0000006fdb800000)]
  0x0000024ba0ed82b0 JavaThread "C2 CompilerThread0" daemon [_thread_blocked, id=8928, stack(0x0000006fdb800000,0x0000006fdb900000)]
  0x0000024ba0f05d20 JavaThread "C1 CompilerThread0" daemon [_thread_blocked, id=10336, stack(0x0000006fdb900000,0x0000006fdba00000)]
  0x0000024ba0f06da0 JavaThread "Sweeper thread" daemon [_thread_blocked, id=1788, stack(0x0000006fdba00000,0x0000006fdbb00000)]
  0x0000024ba10737d0 JavaThread "Notification Thread" daemon [_thread_blocked, id=16120, stack(0x0000006fdbb00000,0x0000006fdbc00000)]
  0x0000024ba10837a0 JavaThread "Common-Cleaner" daemon [_thread_blocked, id=6496, stack(0x0000006fdbd00000,0x0000006fdbe00000)]
  0x0000024ba17026a0 JavaThread "Java2D Disposer" daemon [_thread_blocked, id=7392, stack(0x0000006fdbf00000,0x0000006fdc000000)]
  0x0000024ba1703860 JavaThread "AWT-Shutdown" [_thread_blocked, id=9004, stack(0x0000006fdc000000,0x0000006fdc100000)]
  0x0000024ba1704890 JavaThread "AWT-Windows" daemon [_thread_in_native, id=7984, stack(0x0000006fdc100000,0x0000006fdc200000)]
  0x0000024ba1758950 JavaThread "AWT-EventQueue-0" [_thread_blocked, id=192, stack(0x0000006fdc200000,0x0000006fdc300000)]
  0x0000024b803d0e20 JavaThread "DestroyJavaVM" [_thread_blocked, id=11992, stack(0x0000006fdab00000,0x0000006fdac00000)]
  0x0000024ba1cc63a0 JavaThread "TimerQueue" daemon [_thread_blocked, id=16424, stack(0x0000006fdcd00000,0x0000006fdce00000)]
  0x0000024ba1cc76e0 JavaThread "D3D Screen Updater" daemon [_thread_blocked, id=13132, stack(0x0000006fdd000000,0x0000006fdd100000)]
=>0x0000024ba1cc7bb0 JavaThread "SwingWorker-pool-1-thread-1" daemon [_thread_in_native, id=12144, stack(0x0000006fdbe00000,0x0000006fdbf00000)]
  0x0000024bad1af290 JavaThread "C2 CompilerThread1" daemon [_thread_blocked, id=14872, stack(0x0000006fdce00000,0x0000006fdcf00000)]
  0x0000024bacfae820 JavaThread "C2 CompilerThread2" daemon [_thread_blocked, id=15704, stack(0x0000006fde100000,0x0000006fde200000)]

Other Threads:
  0x0000024ba05749f0 VMThread "VM Thread" [stack: 0x0000006fdb100000,0x0000006fdb200000] [id=17072]
  0x0000024ba107cae0 WatcherThread [stack: 0x0000006fdbc00000,0x0000006fdbd00000] [id=3928]
  0x0000024b8043c4f0 GCTaskThread "GC Thread#0" [stack: 0x0000006fdac00000,0x0000006fdad00000] [id=10408]
  0x0000024bac371dc0 GCTaskThread "GC Thread#1" [stack: 0x0000006fdd100000,0x0000006fdd200000] [id=15348]
  0x0000024bac664000 GCTaskThread "GC Thread#2" [stack: 0x0000006fdd200000,0x0000006fdd300000] [id=13764]
  0x0000024bacfaf380 GCTaskThread "GC Thread#3" [stack: 0x0000006fdd300000,0x0000006fdd400000] [id=10064]
  0x0000024bac0bdff0 GCTaskThread "GC Thread#4" [stack: 0x0000006fdd400000,0x0000006fdd500000] [id=11776]
  0x0000024bac0bd7e0 GCTaskThread "GC Thread#5" [stack: 0x0000006fdd500000,0x0000006fdd600000] [id=8992]
  0x0000024bac0bd280 GCTaskThread "GC Thread#6" [stack: 0x0000006fdd600000,0x0000006fdd700000] [id=16736]
  0x0000024bac0bda90 GCTaskThread "GC Thread#7" [stack: 0x0000006fdd700000,0x0000006fdd800000] [id=15408]
  0x0000024bac0beab0 GCTaskThread "GC Thread#8" [stack: 0x0000006fdd800000,0x0000006fdd900000] [id=16468]
  0x0000024bac0be2a0 GCTaskThread "GC Thread#9" [stack: 0x0000006fdd900000,0x0000006fdda00000] [id=15776]
  0x0000024b8044dea0 ConcurrentGCThread "G1 Main Marker" [stack: 0x0000006fdad00000,0x0000006fdae00000] [id=12548]
  0x0000024b8044e8b0 ConcurrentGCThread "G1 Conc#0" [stack: 0x0000006fdae00000,0x0000006fdaf00000] [id=14796]
  0x0000024bac0be550 ConcurrentGCThread "G1 Conc#1" [stack: 0x0000006fddf00000,0x0000006fde000000] [id=15552]
  0x0000024bac0bcfd0 ConcurrentGCThread "G1 Conc#2" [stack: 0x0000006fde000000,0x0000006fde100000] [id=14092]
  0x0000024ba0465e50 ConcurrentGCThread "G1 Refine#0" [stack: 0x0000006fdaf00000,0x0000006fdb000000] [id=2412]
  0x0000024bad1866c0 ConcurrentGCThread "G1 Refine#1" [stack: 0x0000006fdda00000,0x0000006fddb00000] [id=8296]
  0x0000024baca0a050 ConcurrentGCThread "G1 Refine#2" [stack: 0x0000006fddb00000,0x0000006fddc00000] [id=7528]
  0x0000024baca0a330 ConcurrentGCThread "G1 Refine#3" [stack: 0x0000006fddc00000,0x0000006fddd00000] [id=13056]
  0x0000024baca0aa20 ConcurrentGCThread "G1 Refine#4" [stack: 0x0000006fddd00000,0x0000006fdde00000] [id=8000]
  0x0000024baca0ad00 ConcurrentGCThread "G1 Refine#5" [stack: 0x0000006fdde00000,0x0000006fddf00000] [id=16236]
  0x0000024b8048d8d0 ConcurrentGCThread "G1 Service" [stack: 0x0000006fdb000000,0x0000006fdb100000] [id=13504]

Threads with active compile tasks:

VM state: not at safepoint (normal execution)

VM Mutex/Monitor currently owned by a thread: None

Heap address: 0x000000070a600000, size: 3930 MB, Compressed Oops mode: Zero based, Oop shift amount: 3

CDS archive(s) not mapped
Compressed class space mapped at: 0x0000000800000000-0x0000000840000000, reserved size: 1073741824
Narrow klass base: 0x0000000800000000, Narrow klass shift: 0, Narrow klass range: 0x40000000

GC Precious Log:
 CPUs: 12 total, 12 available
 Memory: 15712M
 Large Page Support: Disabled
 NUMA Support: Disabled
 Compressed Oops: Enabled (Zero based)
 Heap Region Size: 2M
 Heap Min Capacity: 8M
 Heap Initial Capacity: 246M
 Heap Max Capacity: 3930M
 Pre-touch: Disabled
 Parallel Workers: 10
 Concurrent Workers: 3
 Concurrent Refinement Workers: 10
 Periodic GC: Disabled

Heap:
 garbage-first heap   total 49152K, used 29153K [0x000000070a600000, 0x0000000800000000)
  region size 2048K, 12 young (24576K), 1 survivors (2048K)
 Metaspace       used 27121K, committed 27328K, reserved 1114112K
  class space    used 2859K, committed 2944K, reserved 1048576K

Heap Regions: E=young(eden), S=young(survivor), O=old, HS=humongous(starts), HC=humongous(continues), CS=collection set, F=free, OA=open archive, CA=closed archive, TAMS=top-at-mark-start (previous, next)
|   0|0x000000070a600000, 0x000000070a800000, 0x000000070a800000|100%| O|  |TAMS 0x000000070a800000, 0x000000070a600000| Untracked 
|   1|0x000000070a800000, 0x000000070aa00000, 0x000000070aa00000|100%| O|  |TAMS 0x000000070a9fa800, 0x000000070a800000| Untracked 
|   2|0x000000070aa00000, 0x000000070ac00000, 0x000000070ac00000|100%| O|  |TAMS 0x000000070aa00000, 0x000000070aa00000| Untracked 
|   3|0x000000070ac00000, 0x000000070ae00000, 0x000000070ae00000|100%| O|  |TAMS 0x000000070ac00000, 0x000000070ac00000| Untracked 
|   4|0x000000070ae00000, 0x000000070ae29000, 0x000000070b000000|  8%| O|  |TAMS 0x000000070ae00000, 0x000000070ae00000| Complete 
|   5|0x000000070b000000, 0x000000070b000000, 0x000000070b200000|  0%| F|  |TAMS 0x000000070b000000, 0x000000070b000000| Untracked 
|   6|0x000000070b200000, 0x000000070b200000, 0x000000070b400000|  0%| F|  |TAMS 0x000000070b200000, 0x000000070b200000| Untracked 
|   7|0x000000070b400000, 0x000000070b400000, 0x000000070b600000|  0%| F|  |TAMS 0x000000070b400000, 0x000000070b400000| Untracked 
|   8|0x000000070b600000, 0x000000070b600000, 0x000000070b800000|  0%| F|  |TAMS 0x000000070b600000, 0x000000070b600000| Untracked 
|   9|0x000000070b800000, 0x000000070b800000, 0x000000070ba00000|  0%| F|  |TAMS 0x000000070b800000, 0x000000070b800000| Untracked 
|  10|0x000000070ba00000, 0x000000070ba00000, 0x000000070bc00000|  0%| F|  |TAMS 0x000000070ba00000, 0x000000070ba00000| Untracked 
|  11|0x000000070bc00000, 0x000000070bc00000, 0x000000070be00000|  0%| F|  |TAMS 0x000000070bc00000, 0x000000070bc00000| Untracked 
|  12|0x000000070be00000, 0x000000070bf186c0, 0x000000070c000000| 54%| E|  |TAMS 0x000000070be00000, 0x000000070be00000| Complete 
|  13|0x000000070c000000, 0x000000070c200000, 0x000000070c200000|100%| E|CS|TAMS 0x000000070c000000, 0x000000070c000000| Complete 
|  14|0x000000070c200000, 0x000000070c400000, 0x000000070c400000|100%| E|CS|TAMS 0x000000070c200000, 0x000000070c200000| Complete 
|  15|0x000000070c400000, 0x000000070c600000, 0x000000070c600000|100%| E|CS|TAMS 0x000000070c400000, 0x000000070c400000| Complete 
|  16|0x000000070c600000, 0x000000070c800000, 0x000000070c800000|100%| E|CS|TAMS 0x000000070c600000, 0x000000070c600000| Complete 
|  17|0x000000070c800000, 0x000000070ca00000, 0x000000070ca00000|100%| E|CS|TAMS 0x000000070c800000, 0x000000070c800000| Complete 
|  18|0x000000070ca00000, 0x000000070cc00000, 0x000000070cc00000|100%| E|CS|TAMS 0x000000070ca00000, 0x000000070ca00000| Complete 
|  19|0x000000070cc00000, 0x000000070ce00000, 0x000000070ce00000|100%| E|CS|TAMS 0x000000070cc00000, 0x000000070cc00000| Complete 
|  20|0x000000070ce00000, 0x000000070d000000, 0x000000070d000000|100%| E|CS|TAMS 0x000000070ce00000, 0x000000070ce00000| Complete 
|  21|0x000000070d000000, 0x000000070d200000, 0x000000070d200000|100%| E|CS|TAMS 0x000000070d000000, 0x000000070d000000| Complete 
| 121|0x0000000719800000, 0x000000071984f5d8, 0x0000000719a00000| 15%| S|CS|TAMS 0x0000000719800000, 0x0000000719800000| Complete 
| 122|0x0000000719a00000, 0x0000000719c00000, 0x0000000719c00000|100%| E|CS|TAMS 0x0000000719a00000, 0x0000000719a00000| Complete 

Card table byte_map: [0x0000024b95740000,0x0000024b95ef0000] _byte_map_base: 0x0000024b91eed000

Marking Bits (Prev, Next): (CMBitMap*) 0x0000024b8043cb40, (CMBitMap*) 0x0000024b8043cb00
 Prev Bits: [0x0000024b9a410000, 0x0000024b9e178000)
 Next Bits: [0x0000024b966a0000, 0x0000024b9a408000)

Polling page: 0x0000024b80490000

Metaspace:

Usage:
  Non-class:     23.69 MB used.
      Class:      2.79 MB used.
       Both:     26.49 MB used.

Virtual space:
  Non-class space:       64.00 MB reserved,      23.81 MB ( 37%) committed,  1 nodes.
      Class space:        1.00 GB reserved,       2.88 MB ( <1%) committed,  1 nodes.
             Both:        1.06 GB reserved,      26.69 MB (  2%) committed. 

Chunk freelists:
   Non-Class:  7.37 MB
       Class:  13.10 MB
        Both:  20.47 MB

MaxMetaspaceSize: unlimited
CompressedClassSpaceSize: 1.00 GB
Initial GC threshold: 21.00 MB
Current GC threshold: 35.12 MB
CDS: off
MetaspaceReclaimPolicy: balanced
 - commit_granule_bytes: 65536.
 - commit_granule_words: 8192.
 - virtual_space_node_default_size: 8388608.
 - enlarge_chunks_in_place: 1.
 - new_chunks_are_fully_committed: 0.
 - uncommit_free_chunks: 1.
 - use_allocation_guard: 0.
 - handle_deallocations: 1.


Internal statistics:

num_allocs_failed_limit: 5.
num_arena_births: 134.
num_arena_deaths: 0.
num_vsnodes_births: 2.
num_vsnodes_deaths: 0.
num_space_committed: 427.
num_space_uncommitted: 0.
num_chunks_returned_to_freelist: 5.
num_chunks_taken_from_freelist: 401.
num_chunk_merges: 0.
num_chunk_splits: 293.
num_chunks_enlarged: 235.
num_inconsistent_stats: 0.

CodeHeap 'non-profiled nmethods': size=120000Kb used=1197Kb max_used=1197Kb free=118802Kb
 bounds [0x0000024b8ced0000, 0x0000024b8d140000, 0x0000024b94400000]
CodeHeap 'profiled nmethods': size=120000Kb used=5824Kb max_used=5824Kb free=114175Kb
 bounds [0x0000024b85400000, 0x0000024b859c0000, 0x0000024b8c930000]
CodeHeap 'non-nmethods': size=5760Kb used=1358Kb max_used=1394Kb free=4401Kb
 bounds [0x0000024b8c930000, 0x0000024b8cba0000, 0x0000024b8ced0000]
 total_blobs=3689 nmethods=2981 adapters=618
 compilation: enabled
              stopped_count=0, restarted_count=0
 full_count=0

Compilation events (20 events):
Event: 2.871 Thread 0x0000024ba0f05d20 2968       3       java.lang.invoke.BoundMethodHandle$Species_LL::make (12 bytes)
Event: 2.872 Thread 0x0000024ba0f05d20 nmethod 2968 0x0000024b859ab710 code [0x0000024b859ab8c0, 0x0000024b859abba8]
Event: 2.872 Thread 0x0000024ba0f05d20 2974       3       jdk.internal.reflect.ByteVectorImpl::getLength (7 bytes)
Event: 2.872 Thread 0x0000024ba0f05d20 nmethod 2974 0x0000024b859abd10 code [0x0000024b859abea0, 0x0000024b859abfb8]
Event: 2.872 Thread 0x0000024ba0f05d20 2971       1       java.lang.invoke.MethodHandleImpl$AsVarargsCollector::getTarget (5 bytes)
Event: 2.872 Thread 0x0000024ba0f05d20 nmethod 2971 0x0000024b8cffa990 code [0x0000024b8cffab20, 0x0000024b8cffabf8]
Event: 2.872 Thread 0x0000024ba0f05d20 2975       3       jdk.internal.reflect.UTF8::utf8Length (81 bytes)
Event: 2.872 Thread 0x0000024ba0ed82b0 2979       4       jdk.internal.reflect.ClassFileAssembler::emitByte (11 bytes)
Event: 2.872 Thread 0x0000024bacfae820 2980       4       jdk.internal.reflect.ByteVectorImpl::add (38 bytes)
Event: 2.873 Thread 0x0000024ba0f05d20 nmethod 2975 0x0000024b859ac090 code [0x0000024b859ac2c0, 0x0000024b859acb78]
Event: 2.873 Thread 0x0000024ba0f05d20 2976   !   3       jdk.internal.reflect.UTF8::encode (191 bytes)
Event: 2.874 Thread 0x0000024bacfae820 nmethod 2980 0x0000024b8cffac90 code [0x0000024b8cffae20, 0x0000024b8cffaf28]
Event: 2.874 Thread 0x0000024ba0f05d20 nmethod 2976 0x0000024b859acf10 code [0x0000024b859ad180, 0x0000024b859add98]
Event: 2.874 Thread 0x0000024ba0f05d20 2977       3       jdk.internal.reflect.ClassFileAssembler::emitConstantPoolUTF8 (50 bytes)
Event: 2.874 Thread 0x0000024ba0ed82b0 nmethod 2979 0x0000024b8cffb010 code [0x0000024b8cffb1a0, 0x0000024b8cffb308]
Event: 2.874 Thread 0x0000024ba0f05d20 nmethod 2977 0x0000024b859ae410 code [0x0000024b859ae640, 0x0000024b859aeca8]
Event: 2.874 Thread 0x0000024ba0f05d20 2981       3       jdk.internal.reflect.ByteVectorImpl::get (26 bytes)
Event: 2.875 Thread 0x0000024ba0f05d20 nmethod 2981 0x0000024b859af090 code [0x0000024b859af240, 0x0000024b859af428]
Event: 2.875 Thread 0x0000024ba0f05d20 2978       3       jdk.internal.reflect.ClassFileAssembler::cpi (22 bytes)
Event: 2.875 Thread 0x0000024ba0f05d20 nmethod 2978 0x0000024b859af590 code [0x0000024b859af740, 0x0000024b859af968]

GC Heap History (4 events):
Event: 1.538 GC heap before
{Heap before GC invocations=0 (full 0):
 garbage-first heap   total 251904K, used 22528K [0x000000070a600000, 0x0000000800000000)
  region size 2048K, 11 young (22528K), 0 survivors (0K)
 Metaspace       used 21286K, committed 21504K, reserved 1114112K
  class space    used 2258K, committed 2368K, reserved 1048576K
}
Event: 1.544 GC heap after
{Heap after GC invocations=1 (full 0):
 garbage-first heap   total 251904K, used 8170K [0x000000070a600000, 0x0000000800000000)
  region size 2048K, 2 young (4096K), 2 survivors (4096K)
 Metaspace       used 21286K, committed 21504K, reserved 1114112K
  class space    used 2258K, committed 2368K, reserved 1048576K
}
Event: 1.547 GC heap before
{Heap before GC invocations=1 (full 0):
 garbage-first heap   total 251904K, used 8170K [0x000000070a600000, 0x0000000800000000)
  region size 2048K, 3 young (6144K), 2 survivors (4096K)
 Metaspace       used 21290K, committed 21504K, reserved 1114112K
  class space    used 2258K, committed 2368K, reserved 1048576K
}
Event: 1.551 GC heap after
{Heap after GC invocations=2 (full 0):
 garbage-first heap   total 251904K, used 8673K [0x000000070a600000, 0x0000000800000000)
  region size 2048K, 1 young (2048K), 1 survivors (2048K)
 Metaspace       used 21290K, committed 21504K, reserved 1114112K
  class space    used 2258K, committed 2368K, reserved 1048576K
}

Dll operation events (9 events):
Event: 0.010 Loaded shared library C:\Documenti\UniBG\Programmi\tools_x_tvsw_2023\asmeta_eclipse\eclipse_latest\plugins\org.eclipse.justj.openjdk.hotspot.jre.full.win32.x86_64_17.0.7.v20230425-1502\jre\bin\java.dll
Event: 0.192 Loaded shared library C:\Documenti\UniBG\Programmi\tools_x_tvsw_2023\asmeta_eclipse\eclipse_latest\plugins\org.eclipse.justj.openjdk.hotspot.jre.full.win32.x86_64_17.0.7.v20230425-1502\jre\bin\jimage.dll
Event: 0.198 Loaded shared library C:\Documenti\UniBG\Programmi\tools_x_tvsw_2023\asmeta_eclipse\eclipse_latest\plugins\org.eclipse.justj.openjdk.hotspot.jre.full.win32.x86_64_17.0.7.v20230425-1502\jre\bin\awt.dll
Event: 0.245 Loaded shared library C:\Documenti\UniBG\Programmi\tools_x_tvsw_2023\asmeta_eclipse\eclipse_latest\plugins\org.eclipse.justj.openjdk.hotspot.jre.full.win32.x86_64_17.0.7.v20230425-1502\jre\bin\net.dll
Event: 0.247 Loaded shared library C:\Documenti\UniBG\Programmi\tools_x_tvsw_2023\asmeta_eclipse\eclipse_latest\plugins\org.eclipse.justj.openjdk.hotspot.jre.full.win32.x86_64_17.0.7.v20230425-1502\jre\bin\nio.dll
Event: 0.255 Loaded shared library C:\Documenti\UniBG\Programmi\tools_x_tvsw_2023\asmeta_eclipse\eclipse_latest\plugins\org.eclipse.justj.openjdk.hotspot.jre.full.win32.x86_64_17.0.7.v20230425-1502\jre\bin\zip.dll
Event: 0.372 Loaded shared library C:\Documenti\UniBG\Programmi\tools_x_tvsw_2023\asmeta_eclipse\eclipse_latest\plugins\org.eclipse.justj.openjdk.hotspot.jre.full.win32.x86_64_17.0.7.v20230425-1502\jre\bin\freetype.dll
Event: 0.373 Loaded shared library C:\Documenti\UniBG\Programmi\tools_x_tvsw_2023\asmeta_eclipse\eclipse_latest\plugins\org.eclipse.justj.openjdk.hotspot.jre.full.win32.x86_64_17.0.7.v20230425-1502\jre\bin\fontmanager.dll
Event: 1.083 Loaded shared library C:\Documenti\UniBG\Tesi\BREATHE\breathe.swingGUI\target\classes\PulseJNI.dll

Deoptimization events (20 events):
Event: 2.709 Thread 0x0000024ba1cc7bb0 Uncommon trap: trap_request=0xffffffde fr.pc=0x0000024b8cfebe34 relative=0x0000000000000e14
Event: 2.709 Thread 0x0000024ba1cc7bb0 Uncommon trap: reason=class_check action=maybe_recompile pc=0x0000024b8cfebe34 method=java.util.concurrent.ConcurrentHashMap.putVal(Ljava/lang/Object;Ljava/lang/Object;Z)Ljava/lang/Object; @ 159 c2
Event: 2.709 Thread 0x0000024ba1cc7bb0 DEOPT PACKING pc=0x0000024b8cfebe34 sp=0x0000006fdbefcc90
Event: 2.709 Thread 0x0000024ba1cc7bb0 DEOPT UNPACKING pc=0x0000024b8c9869a3 sp=0x0000006fdbefcc00 mode 2
Event: 2.709 Thread 0x0000024ba1cc7bb0 Uncommon trap: trap_request=0xffffffde fr.pc=0x0000024b8cfebe34 relative=0x0000000000000e14
Event: 2.709 Thread 0x0000024ba1cc7bb0 Uncommon trap: reason=class_check action=maybe_recompile pc=0x0000024b8cfebe34 method=java.util.concurrent.ConcurrentHashMap.putVal(Ljava/lang/Object;Ljava/lang/Object;Z)Ljava/lang/Object; @ 159 c2
Event: 2.709 Thread 0x0000024ba1cc7bb0 DEOPT PACKING pc=0x0000024b8cfebe34 sp=0x0000006fdbefcb30
Event: 2.709 Thread 0x0000024ba1cc7bb0 DEOPT UNPACKING pc=0x0000024b8c9869a3 sp=0x0000006fdbefcaa0 mode 2
Event: 2.709 Thread 0x0000024ba1cc7bb0 Uncommon trap: trap_request=0xffffffde fr.pc=0x0000024b8cfebe34 relative=0x0000000000000e14
Event: 2.709 Thread 0x0000024ba1cc7bb0 Uncommon trap: reason=class_check action=maybe_recompile pc=0x0000024b8cfebe34 method=java.util.concurrent.ConcurrentHashMap.putVal(Ljava/lang/Object;Ljava/lang/Object;Z)Ljava/lang/Object; @ 159 c2
Event: 2.709 Thread 0x0000024ba1cc7bb0 DEOPT PACKING pc=0x0000024b8cfebe34 sp=0x0000006fdbefcb30
Event: 2.709 Thread 0x0000024ba1cc7bb0 DEOPT UNPACKING pc=0x0000024b8c9869a3 sp=0x0000006fdbefcaa0 mode 2
Event: 2.709 Thread 0x0000024ba1cc7bb0 Uncommon trap: trap_request=0xffffffde fr.pc=0x0000024b8cfebe34 relative=0x0000000000000e14
Event: 2.709 Thread 0x0000024ba1cc7bb0 Uncommon trap: reason=class_check action=maybe_recompile pc=0x0000024b8cfebe34 method=java.util.concurrent.ConcurrentHashMap.putVal(Ljava/lang/Object;Ljava/lang/Object;Z)Ljava/lang/Object; @ 159 c2
Event: 2.709 Thread 0x0000024ba1cc7bb0 DEOPT PACKING pc=0x0000024b8cfebe34 sp=0x0000006fdbefcb30
Event: 2.709 Thread 0x0000024ba1cc7bb0 DEOPT UNPACKING pc=0x0000024b8c9869a3 sp=0x0000006fdbefcaa0 mode 2
Event: 2.841 Thread 0x0000024ba1cc7bb0 Uncommon trap: trap_request=0xffffffc6 fr.pc=0x0000024b8cff561c relative=0x000000000000007c
Event: 2.841 Thread 0x0000024ba1cc7bb0 Uncommon trap: reason=bimorphic_or_optimized_type_check action=maybe_recompile pc=0x0000024b8cff561c method=java.util.Collections$UnmodifiableCollection.size()I @ 4 c2
Event: 2.841 Thread 0x0000024ba1cc7bb0 DEOPT PACKING pc=0x0000024b8cff561c sp=0x0000006fdbeff0d0
Event: 2.841 Thread 0x0000024ba1cc7bb0 DEOPT UNPACKING pc=0x0000024b8c9869a3 sp=0x0000006fdbeff060 mode 2

Classes unloaded (0 events):
No events

Classes redefined (0 events):
No events

Internal exceptions (20 events):
Event: 0.426 Thread 0x0000024ba1758950 Exception <a 'java/lang/ClassNotFoundException'{0x000000071957b0c0}: Tree> (0x000000071957b0c0) 
thrown [s\src\hotspot\share\classfile\systemDictionary.cpp, line 256]
Event: 0.426 Thread 0x0000024ba1758950 Exception <a 'java/lang/ClassNotFoundException'{0x000000071957b430}: javax/swing/JTreeCell> (0x000000071957b430) 
thrown [s\src\hotspot\share\classfile\systemDictionary.cpp, line 256]
Event: 0.426 Thread 0x0000024ba1758950 Exception <a 'java/lang/ClassNotFoundException'{0x000000071957b730}: TreeCell> (0x000000071957b730) 
thrown [s\src\hotspot\share\classfile\systemDictionary.cpp, line 256]
Event: 0.426 Thread 0x0000024ba1758950 Exception <a 'java/lang/ClassNotFoundException'{0x000000071957bf28}: RootPane> (0x000000071957bf28) 
thrown [s\src\hotspot\share\classfile\systemDictionary.cpp, line 256]
Event: 0.428 Thread 0x0000024ba1758950 Exception <a 'java/lang/NoSuchMethodError'{0x000000071957d930}: 'void java.lang.invoke.DirectMethodHandle$Holder.invokeSpecial(java.lang.Object, java.lang.Object, java.lang.Object)'> (0x000000071957d930) 
thrown [s\src\hotspot\share\interpreter\linkResolver.cpp, line 759]
Event: 0.438 Thread 0x0000024ba1758950 Exception <a 'java/lang/NoSuchMethodError'{0x000000071958af70}: 'java.lang.Object java.lang.invoke.DirectMethodHandle$Holder.invokeStatic(java.lang.Object, int, java.lang.Object, java.lang.Object, java.lang.Object, java.lang.Object)'> (0x000000071958af70) 
thrown [s\src\hotspot\share\interpreter\linkResolver.cpp, line 759]
Event: 0.521 Thread 0x0000024ba1758950 Exception <a 'java/lang/ClassNotFoundException'{0x000000071922bda0}: com/sun/swing/internal/plaf/synth/resources/spi/synthProvider> (0x000000071922bda0) 
thrown [s\src\hotspot\share\classfile\systemDictionary.cpp, line 256]
Event: 0.522 Thread 0x0000024ba1758950 Exception <a 'java/lang/ClassNotFoundException'{0x00000007192301e0}: com/sun/swing/internal/plaf/basic/resources/spi/basicProvider> (0x00000007192301e0) 
thrown [s\src\hotspot\share\classfile\systemDictionary.cpp, line 256]
Event: 0.541 Thread 0x0000024ba1758950 Exception <a 'java/lang/NoSuchMethodError'{0x0000000719278bd8}: 'void java.lang.invoke.DirectMethodHandle$Holder.invokeStatic(java.lang.Object, java.lang.Object, java.lang.Object)'> (0x0000000719278bd8) 
thrown [s\src\hotspot\share\interpreter\linkResolver.cpp, line 759]
Event: 0.541 Thread 0x0000024ba1758950 Exception <a 'java/lang/NoSuchMethodError'{0x000000071927f100}: 'void java.lang.invoke.DirectMethodHandle$Holder.invokeStatic(java.lang.Object, java.lang.Object)'> (0x000000071927f100) 
thrown [s\src\hotspot\share\interpreter\linkResolver.cpp, line 759]
Event: 0.707 Thread 0x0000024ba1758950 Exception <a 'java/lang/NoSuchMethodError'{0x00000007190d9fe0}: 'java.lang.Object java.lang.invoke.DirectMethodHandle$Holder.newInvokeSpecial(java.lang.Object, java.lang.Object, java.lang.Object, java.lang.Object, java.lang.Object)'> (0x00000007190d9fe0) 
thrown [s\src\hotspot\share\interpreter\linkResolver.cpp, line 759]
Event: 0.852 Thread 0x0000024ba1758950 Implicit null exception at 0x0000024b8cf28299 to 0x0000024b8cf28f98
Event: 0.921 Thread 0x0000024ba1758950 Exception <a 'java/lang/NoSuchMethodError'{0x0000000718cb40f8}: 'void java.lang.invoke.DirectMethodHandle$Holder.invokeStatic(java.lang.Object, java.lang.Object, java.lang.Object, java.lang.Object)'> (0x0000000718cb40f8) 
thrown [s\src\hotspot\share\interpreter\linkResolver.cpp, line 759]
Event: 1.188 Thread 0x0000024ba1704890 Exception <a 'java/lang/NoSuchMethodError'{0x000000071940a358}: 'void java.lang.invoke.DirectMethodHandle$Holder.invokeVirtual(java.lang.Object, java.lang.Object)'> (0x000000071940a358) 
thrown [s\src\hotspot\share\interpreter\linkResolver.cpp, line 759]
Event: 1.210 Thread 0x0000024ba1758950 Exception <a 'java/lang/NoSuchMethodError'{0x00000007189a3d90}: 'void java.lang.invoke.DirectMethodHandle$Holder.invokeStaticInit(java.lang.Object)'> (0x00000007189a3d90) 
thrown [s\src\hotspot\share\interpreter\linkResolver.cpp, line 759]
Event: 2.504 Thread 0x0000024ba1758950 Implicit null exception at 0x0000024b8cfcd254 to 0x0000024b8cfcd842
Event: 2.504 Thread 0x0000024ba1758950 Implicit null exception at 0x0000024b8cfc9029 to 0x0000024b8cfc9748
Event: 2.505 Thread 0x0000024ba1758950 Implicit null exception at 0x0000024b8cfcd254 to 0x0000024b8cfcd842
Event: 2.505 Thread 0x0000024ba1758950 Implicit null exception at 0x0000024b8cfc9029 to 0x0000024b8cfc9748
Event: 2.505 Thread 0x0000024ba1758950 Implicit null exception at 0x0000024b8cfcd254 to 0x0000024b8cfcd842

VM Operations (20 events):
Event: 1.457 Executing VM operation: HandshakeAllThreads
Event: 1.457 Executing VM operation: HandshakeAllThreads done
Event: 1.469 Executing VM operation: HandshakeAllThreads
Event: 1.469 Executing VM operation: HandshakeAllThreads done
Event: 1.538 Executing VM operation: G1CollectForAllocation
Event: 1.544 Executing VM operation: G1CollectForAllocation done
Event: 1.547 Executing VM operation: CollectForMetadataAllocation
Event: 1.551 Executing VM operation: CollectForMetadataAllocation done
Event: 1.551 Executing VM operation: CollectForMetadataAllocation
Event: 1.551 Executing VM operation: CollectForMetadataAllocation done
Event: 1.556 Executing VM operation: G1Concurrent
Event: 1.558 Executing VM operation: G1Concurrent done
Event: 1.560 Executing VM operation: G1Concurrent
Event: 1.560 Executing VM operation: G1Concurrent done
Event: 1.654 Executing VM operation: HandshakeAllThreads
Event: 1.654 Executing VM operation: HandshakeAllThreads done
Event: 2.545 Executing VM operation: ICBufferFull
Event: 2.553 Executing VM operation: ICBufferFull done
Event: 2.636 Executing VM operation: HandshakeAllThreads
Event: 2.636 Executing VM operation: HandshakeAllThreads done

Events (20 events):
Event: 2.782 loading class java/util/GregorianCalendar
Event: 2.783 loading class java/util/GregorianCalendar done
Event: 2.786 loading class java/util/concurrent/atomic/AtomicLongArray
Event: 2.786 loading class java/util/concurrent/atomic/AtomicLongArray done
Event: 2.841 loading class java/util/AbstractList$RandomAccessSubList
Event: 2.841 loading class java/util/AbstractList$SubList
Event: 2.841 loading class java/util/AbstractList$SubList done
Event: 2.841 loading class java/util/AbstractList$RandomAccessSubList done
Event: 2.842 loading class java/util/Collections$UnmodifiableMap$UnmodifiableEntrySet
Event: 2.842 loading class java/util/Collections$UnmodifiableMap$UnmodifiableEntrySet done
Event: 2.843 loading class java/util/Collections$UnmodifiableMap$UnmodifiableEntrySet$1
Event: 2.843 loading class java/util/Collections$UnmodifiableMap$UnmodifiableEntrySet$1 done
Event: 2.843 loading class java/util/Collections$UnmodifiableMap$UnmodifiableEntrySet$UnmodifiableEntry
Event: 2.843 loading class java/util/Collections$UnmodifiableMap$UnmodifiableEntrySet$UnmodifiableEntry done
Event: 2.847 loading class java/lang/reflect/WildcardType
Event: 2.847 loading class java/lang/reflect/WildcardType done
Event: 2.847 loading class java/lang/reflect/GenericArrayType
Event: 2.847 loading class java/lang/reflect/GenericArrayType done
Event: 2.847 loading class java/lang/reflect/ParameterizedType
Event: 2.847 loading class java/lang/reflect/ParameterizedType done


Dynamic libraries:
0x00007ff69e1c0000 - 0x00007ff69e1ce000 	C:\Documenti\UniBG\Programmi\tools_x_tvsw_2023\asmeta_eclipse\eclipse_latest\plugins\org.eclipse.justj.openjdk.hotspot.jre.full.win32.x86_64_17.0.7.v20230425-1502\jre\bin\javaw.exe
0x00007ff893400000 - 0x00007ff893663000 	C:\WINDOWS\SYSTEM32\ntdll.dll
0x00007ff891b00000 - 0x00007ff891bc7000 	C:\WINDOWS\System32\KERNEL32.DLL
0x00007ff890ec0000 - 0x00007ff891270000 	C:\WINDOWS\System32\KERNELBASE.dll
0x00007ff890a00000 - 0x00007ff890b4b000 	C:\WINDOWS\System32\ucrtbase.dll
0x00007ff872410000 - 0x00007ff872429000 	C:\Documenti\UniBG\Programmi\tools_x_tvsw_2023\asmeta_eclipse\eclipse_latest\plugins\org.eclipse.justj.openjdk.hotspot.jre.full.win32.x86_64_17.0.7.v20230425-1502\jre\bin\VCRUNTIME140.dll
0x00007ff888660000 - 0x00007ff888677000 	C:\Documenti\UniBG\Programmi\tools_x_tvsw_2023\asmeta_eclipse\eclipse_latest\plugins\org.eclipse.justj.openjdk.hotspot.jre.full.win32.x86_64_17.0.7.v20230425-1502\jre\bin\jli.dll
0x00007ff8918a0000 - 0x00007ff891a63000 	C:\WINDOWS\System32\USER32.dll
0x00007ff890930000 - 0x00007ff890957000 	C:\WINDOWS\System32\win32u.dll
0x00007ff8771c0000 - 0x00007ff877450000 	C:\WINDOWS\WinSxS\amd64_microsoft.windows.common-controls_6595b64144ccf1df_6.0.26100.1882_none_3e0e949ae32eca40\COMCTL32.dll
0x00007ff893390000 - 0x00007ff8933ba000 	C:\WINDOWS\System32\GDI32.dll
0x00007ff892440000 - 0x00007ff8924e9000 	C:\WINDOWS\System32\msvcrt.dll
0x00007ff890cd0000 - 0x00007ff890df3000 	C:\WINDOWS\System32\gdi32full.dll
0x00007ff890880000 - 0x00007ff890923000 	C:\WINDOWS\System32\msvcp_win.dll
0x00007ff891280000 - 0x00007ff8912af000 	C:\WINDOWS\System32\IMM32.DLL
0x00007ff87c170000 - 0x00007ff87c17c000 	C:\Documenti\UniBG\Programmi\tools_x_tvsw_2023\asmeta_eclipse\eclipse_latest\plugins\org.eclipse.justj.openjdk.hotspot.jre.full.win32.x86_64_17.0.7.v20230425-1502\jre\bin\vcruntime140_1.dll
0x00007ff858cd0000 - 0x00007ff858d61000 	C:\Documenti\UniBG\Programmi\tools_x_tvsw_2023\asmeta_eclipse\eclipse_latest\plugins\org.eclipse.justj.openjdk.hotspot.jre.full.win32.x86_64_17.0.7.v20230425-1502\jre\bin\msvcp140.dll
0x00007ff80a170000 - 0x00007ff80adb8000 	C:\Documenti\UniBG\Programmi\tools_x_tvsw_2023\asmeta_eclipse\eclipse_latest\plugins\org.eclipse.justj.openjdk.hotspot.jre.full.win32.x86_64_17.0.7.v20230425-1502\jre\bin\server\jvm.dll
0x00007ff8932d0000 - 0x00007ff893384000 	C:\WINDOWS\System32\ADVAPI32.dll
0x00007ff892650000 - 0x00007ff8926f6000 	C:\WINDOWS\System32\sechost.dll
0x00007ff8931b0000 - 0x00007ff8932c6000 	C:\WINDOWS\System32\RPCRT4.dll
0x00007ff886f10000 - 0x00007ff886f1a000 	C:\WINDOWS\SYSTEM32\WSOCK32.dll
0x00007ff886490000 - 0x00007ff8864c6000 	C:\WINDOWS\SYSTEM32\WINMM.dll
0x00007ff891820000 - 0x00007ff891894000 	C:\WINDOWS\System32\WS2_32.dll
0x00007ff8864d0000 - 0x00007ff8864db000 	C:\WINDOWS\SYSTEM32\VERSION.dll
0x00007ff88f660000 - 0x00007ff88f67a000 	C:\WINDOWS\SYSTEM32\kernel.appcore.dll
0x00007ff875c30000 - 0x00007ff875c3a000 	C:\Documenti\UniBG\Programmi\tools_x_tvsw_2023\asmeta_eclipse\eclipse_latest\plugins\org.eclipse.justj.openjdk.hotspot.jre.full.win32.x86_64_17.0.7.v20230425-1502\jre\bin\jimage.dll
0x00007ff8871d0000 - 0x00007ff887411000 	C:\WINDOWS\SYSTEM32\DBGHELP.DLL
0x00007ff891390000 - 0x00007ff89170c000 	C:\WINDOWS\System32\combase.dll
0x00007ff8924f0000 - 0x00007ff8925c6000 	C:\WINDOWS\System32\OLEAUT32.dll
0x00007ff877cd0000 - 0x00007ff877d09000 	C:\WINDOWS\SYSTEM32\dbgcore.DLL
0x00007ff890960000 - 0x00007ff8909f9000 	C:\WINDOWS\System32\bcryptPrimitives.dll
0x00007ff8640e0000 - 0x00007ff864105000 	C:\Documenti\UniBG\Programmi\tools_x_tvsw_2023\asmeta_eclipse\eclipse_latest\plugins\org.eclipse.justj.openjdk.hotspot.jre.full.win32.x86_64_17.0.7.v20230425-1502\jre\bin\java.dll
0x00007ff8640c0000 - 0x00007ff8640d8000 	C:\Documenti\UniBG\Programmi\tools_x_tvsw_2023\asmeta_eclipse\eclipse_latest\plugins\org.eclipse.justj.openjdk.hotspot.jre.full.win32.x86_64_17.0.7.v20230425-1502\jre\bin\zip.dll
0x00007ff8928b0000 - 0x00007ff892fa8000 	C:\WINDOWS\System32\SHELL32.dll
0x00007ff88e570000 - 0x00007ff88ed9a000 	C:\WINDOWS\SYSTEM32\windows.storage.dll
0x00007ff892210000 - 0x00007ff8922e3000 	C:\WINDOWS\System32\SHCORE.dll
0x00007ff8922f0000 - 0x00007ff89234d000 	C:\WINDOWS\System32\shlwapi.dll
0x00007ff890720000 - 0x00007ff890749000 	C:\WINDOWS\SYSTEM32\profapi.dll
0x00007ff83e7d0000 - 0x00007ff83e95e000 	C:\Documenti\UniBG\Programmi\tools_x_tvsw_2023\asmeta_eclipse\eclipse_latest\plugins\org.eclipse.justj.openjdk.hotspot.jre.full.win32.x86_64_17.0.7.v20230425-1502\jre\bin\awt.dll
0x00007ff88a320000 - 0x00007ff88a3bc000 	C:\WINDOWS\SYSTEM32\apphelp.dll
0x00007ff8640a0000 - 0x00007ff8640b9000 	C:\Documenti\UniBG\Programmi\tools_x_tvsw_2023\asmeta_eclipse\eclipse_latest\plugins\org.eclipse.justj.openjdk.hotspot.jre.full.win32.x86_64_17.0.7.v20230425-1502\jre\bin\net.dll
0x00007ff88b0c0000 - 0x00007ff88b1e6000 	C:\WINDOWS\SYSTEM32\WINHTTP.dll
0x00007ff88fb60000 - 0x00007ff88fbc8000 	C:\WINDOWS\system32\mswsock.dll
0x00007ff863430000 - 0x00007ff863445000 	C:\Documenti\UniBG\Programmi\tools_x_tvsw_2023\asmeta_eclipse\eclipse_latest\plugins\org.eclipse.justj.openjdk.hotspot.jre.full.win32.x86_64_17.0.7.v20230425-1502\jre\bin\nio.dll
0x00007ff88dbb0000 - 0x00007ff88dc5d000 	C:\WINDOWS\system32\uxtheme.dll
0x00007ff891bd0000 - 0x00007ff891d2b000 	C:\WINDOWS\System32\MSCTF.dll
0x00007ff892710000 - 0x00007ff8928a9000 	C:\WINDOWS\System32\ole32.dll
0x00007ff842f30000 - 0x00007ff842fb6000 	C:\Documenti\UniBG\Programmi\tools_x_tvsw_2023\asmeta_eclipse\eclipse_latest\plugins\org.eclipse.justj.openjdk.hotspot.jre.full.win32.x86_64_17.0.7.v20230425-1502\jre\bin\freetype.dll
0x00007ff842220000 - 0x00007ff8422e5000 	C:\Documenti\UniBG\Programmi\tools_x_tvsw_2023\asmeta_eclipse\eclipse_latest\plugins\org.eclipse.justj.openjdk.hotspot.jre.full.win32.x86_64_17.0.7.v20230425-1502\jre\bin\fontmanager.dll
0x00007ff88dea0000 - 0x00007ff88dece000 	C:\WINDOWS\system32\DWMAPI.DLL
0x00007ff83b740000 - 0x00007ff83b84c000 	C:\WINDOWS\system32\opengl32.dll
0x00007ff861800000 - 0x00007ff86182d000 	C:\WINDOWS\SYSTEM32\GLU32.dll
0x00007ff88def0000 - 0x00007ff88df30000 	C:\WINDOWS\SYSTEM32\dxcore.dll
0x00007ff81db30000 - 0x00007ff81dcd6000 	C:\WINDOWS\system32\d3d9.dll
0x00007ff8864e0000 - 0x00007ff88669b000 	C:\Windows\System32\DriverStore\FileRepository\u0391077.inf_amd64_67fd0eeeedac332d\B385477\aticfx64.dll
0x00007ff85f3e0000 - 0x00007ff85f414000 	C:\Windows\System32\DriverStore\FileRepository\u0391077.inf_amd64_67fd0eeeedac332d\B385477\atiu9p64.dll
0x00007ff809410000 - 0x00007ff80a165000 	C:\Windows\System32\DriverStore\FileRepository\u0391077.inf_amd64_67fd0eeeedac332d\B385477\atiumd64.dll
0x0000000066630000 - 0x0000000067557000 	C:\WINDOWS\System32\DriverStore\FileRepository\u0391077.inf_amd64_67fd0eeeedac332d\B385477\atiumd6a.dll
0x00007ff891d30000 - 0x00007ff8921b5000 	C:\WINDOWS\System32\SETUPAPI.dll
0x00007ff8900f0000 - 0x00007ff89013e000 	C:\WINDOWS\SYSTEM32\POWRPROF.dll
0x00007ff890090000 - 0x00007ff8900a4000 	C:\WINDOWS\SYSTEM32\UMPDC.dll
0x00007ff884450000 - 0x00007ff884485000 	C:\WINDOWS\SYSTEM32\amdihk64.dll
0x00007ff88dcd0000 - 0x00007ff88dd27000 	C:\WINDOWS\SYSTEM32\directxdatabasehelper.dll
0x00007ff808390000 - 0x00007ff80940b000 	C:\Documenti\UniBG\Tesi\BREATHE\breathe.swingGUI\target\classes\PulseJNI.dll
0x00007ff891710000 - 0x00007ff8917b8000 	C:\WINDOWS\System32\clbcatq.dll
0x00007ff88d890000 - 0x00007ff88daba000 	C:\WINDOWS\SYSTEM32\WindowsCodecs.dll
0x00007ff86b960000 - 0x00007ff86b9ba000 	C:\WINDOWS\system32\dataexchange.dll
0x00007ff884010000 - 0x00007ff884245000 	C:\WINDOWS\system32\twinapi.appcore.dll
0x00007ff87b920000 - 0x00007ff87ba64000 	C:\WINDOWS\SYSTEM32\textinputframework.dll
0x00007ff889cf0000 - 0x00007ff889e15000 	C:\WINDOWS\SYSTEM32\CoreMessaging.dll
0x00007ff886880000 - 0x00007ff886b63000 	C:\WINDOWS\SYSTEM32\CoreUIComponents.dll
0x00007ff88c700000 - 0x00007ff88c868000 	C:\WINDOWS\SYSTEM32\wintypes.dll
0x00007ff88fe20000 - 0x00007ff88fe2c000 	C:\WINDOWS\SYSTEM32\CRYPTBASE.DLL

dbghelp: loaded successfully - version: 4.0.5 - missing functions: none
symbol engine: initialized successfully - sym options: 0x614 - pdb path: .;C:\Documenti\UniBG\Programmi\tools_x_tvsw_2023\asmeta_eclipse\eclipse_latest\plugins\org.eclipse.justj.openjdk.hotspot.jre.full.win32.x86_64_17.0.7.v20230425-1502\jre\bin;C:\WINDOWS\SYSTEM32;C:\WINDOWS\WinSxS\amd64_microsoft.windows.common-controls_6595b64144ccf1df_6.0.26100.1882_none_3e0e949ae32eca40;C:\Documenti\UniBG\Programmi\tools_x_tvsw_2023\asmeta_eclipse\eclipse_latest\plugins\org.eclipse.justj.openjdk.hotspot.jre.full.win32.x86_64_17.0.7.v20230425-1502\jre\bin\server;C:\Windows\System32\DriverStore\FileRepository\u0391077.inf_amd64_67fd0eeeedac332d\B385477;C:\Documenti\UniBG\Tesi\BREATHE\breathe.swingGUI\target\classes

VM Arguments:
jvm_args: -Dfile.encoding=UTF-8 -Dstdout.encoding=UTF-8 -Dstderr.encoding=UTF-8 -XX:+ShowCodeDetailsInExceptionMessages 
java_command: app.Main
java_class_path (initial): C:\Documenti\UniBG\Tesi\BREATHE\breathe.swingGUI\target\classes;C:\Documenti\UniBG\Tesi\BREATHE\breathe.engine\target\classes;C:\Documenti\UniBG\Tesi\BREATHE\breathe.engine\jar\commons-collections4-4.4.jar;C:\Documenti\UniBG\Tesi\BREATHE\breathe.engine\jar\commons-compress-1.21.jar;C:\Documenti\UniBG\Tesi\BREATHE\breathe.engine\jar\commons-io-2.11.0.jar;C:\Documenti\UniBG\Tesi\BREATHE\breathe.engine\jar\commons-math3-3.6.1.jar;C:\Documenti\UniBG\Tesi\BREATHE\breathe.engine\jar\error_prone_annotations-2.11.0.jar;C:\Documenti\UniBG\Tesi\BREATHE\breathe.engine\jar\gson-2.10.1.jar;C:\Documenti\UniBG\Tesi\BREATHE\breathe.engine\jar\guava-31.1-jre.jar;C:\Documenti\UniBG\Tesi\BREATHE\breathe.engine\jar\j2objc-annotations-1.3.jar;C:\Documenti\UniBG\Tesi\BREATHE\breathe.engine\jar\jackson-annotations-2.15.2.jar;C:\Documenti\UniBG\Tesi\BREATHE\breathe.engine\jar\jackson-core-2.15.2.jar;C:\Documenti\UniBG\Tesi\BREATHE\breathe.engine\jar\jackson-databind-2.15.2.jar;C:\Documenti\UniBG\Tesi\BREATHE\breathe.engine\jar\java-ordered-properties-1.0.4.jar;C:\Documenti\UniBG\Tesi\BREATHE\breathe.engine\jar\javassist-3.28.0-GA.jar;C:\Documenti\UniBG\Tesi\BREATHE\breathe.engine\jar\jeromq-0.5.3.jar;C:\Documenti\UniBG\Tesi\BREATHE\breathe.engine\jar\jfreechart-1.5.4.jar;C:\Documenti\UniBG\Tesi\BREATHE\breathe.engine\jar\jsr305-3.0.2.jar;C:\Documenti\UniBG\Tesi\BREATHE\breathe.engine\jar\log4j-api-2.20.0.jar;C:\Documenti\UniBG\Tesi\BREATHE\breathe.engine\jar\log4j-core-2.20.0.jar;C:\Documenti\UniBG\Tesi\BREATHE\breathe.engine\jar\logback-core-1.4.6.jar;C:\Documenti\UniBG\Tesi\BREATHE\breathe.engine\jar\poi-5.2.3.jar;C:\Documenti\UniBG\Tesi\BREATHE\breathe.engine\jar\poi-ooxml-5.2.3.jar;C:\Documenti\UniBG\Tesi\BREATHE\breathe.engine\jar\poi-ooxml-lite-5.2.3.jar;C:\Documenti\UniBG\Tesi\BREATHE\breathe.engine\jar\Pulse.jar;C:\Documenti\UniBG\Tesi\BREATHE\breathe.engine\jar\reflections-0.10.2.jar;C:\Documenti\UniBG\Tesi\BREATHE\breathe.engine\jar\slf4j-api-2.0.7.ja
Launcher Type: SUN_STANDARD

[Global flags]
     intx CICompilerCount                          = 4                                         {product} {ergonomic}
     uint ConcGCThreads                            = 3                                         {product} {ergonomic}
     uint G1ConcRefinementThreads                  = 10                                        {product} {ergonomic}
   size_t G1HeapRegionSize                         = 2097152                                   {product} {ergonomic}
    uintx GCDrainStackTargetSize                   = 64                                        {product} {ergonomic}
   size_t InitialHeapSize                          = 257949696                                 {product} {ergonomic}
   size_t MarkStackSize                            = 4194304                                   {product} {ergonomic}
   size_t MaxHeapSize                              = 4120903680                                {product} {ergonomic}
   size_t MaxNewSize                               = 2472542208                                {product} {ergonomic}
   size_t MinHeapDeltaBytes                        = 2097152                                   {product} {ergonomic}
   size_t MinHeapSize                              = 8388608                                   {product} {ergonomic}
    uintx NonNMethodCodeHeapSize                   = 5839372                                {pd product} {ergonomic}
    uintx NonProfiledCodeHeapSize                  = 122909434                              {pd product} {ergonomic}
    uintx ProfiledCodeHeapSize                     = 122909434                              {pd product} {ergonomic}
    uintx ReservedCodeCacheSize                    = 251658240                              {pd product} {ergonomic}
     bool SegmentedCodeCache                       = true                                      {product} {ergonomic}
     bool ShowCodeDetailsInExceptionMessages       = true                                   {manageable} {command line}
   size_t SoftMaxHeapSize                          = 4120903680                             {manageable} {ergonomic}
     bool UseCompressedClassPointers               = true                           {product lp64_product} {ergonomic}
     bool UseCompressedOops                        = true                           {product lp64_product} {ergonomic}
     bool UseG1GC                                  = true                                      {product} {ergonomic}
     bool UseLargePagesIndividualAllocation        = false                                  {pd product} {ergonomic}

Logging:
Log output configuration:
 #0: stdout all=warning uptime,level,tags
 #1: stderr all=off uptime,level,tags

Environment Variables:
PATH=C:/Users/giona/.p2/pool/plugins/org.eclipse.justj.openjdk.hotspot.jre.full.win32.x86_64_23.0.0.v20240919-1706/jre/bin/server;C:/Users/giona/.p2/pool/plugins/org.eclipse.justj.openjdk.hotspot.jre.full.win32.x86_64_23.0.0.v20240919-1706/jre/bin;C:\Program Files\Common Files\Oracle\Java\javapath;C:\Program Files (x86)\Common Files\Oracle\Java\javapath;C:\WINDOWS\system32;C:\WINDOWS;C:\WINDOWS\System32\Wbem;C:\WINDOWS\System32\WindowsPowerShell\v1.0\;C:\WINDOWS\System32\OpenSSH\;C:\Program Files\Git\cmd;C:\Users\giona\Downloads\apache-maven-3.9.8-bin\apache-maven-3.9.8\bin;C:\Program Files\Java\jdk-11\bin;C:\Program Files (x86)\Java\jre1.8.0_351\bin;C:\Program Files\Amazon Corretto\jdk1.8.0_422\bin;C:\Program Files\CMake\bin;C:\Program Files (x86)\Windows Kits\10\Windows Performance Toolkit\;C:\Program Files (x86)\GnuWin32\bin;C:\MinGW\bin;C:\Documenti\UniBG\Tesi\Pulse\Engine\builds\install\bin\;C:\Users\giona\AppData\Local\Programs\Python\Launcher\;C:\Users\giona\AppData\Local\Microsoft\WindowsApps;C:\Users\giona\AppData\Local\Programs\Microsoft VS Code\bin;C:\Users\giona\AppData\Local\GitHubDesktop\bin;;C:\Users\giona\Desktop;
USERNAME=giona
OS=Windows_NT
PROCESSOR_IDENTIFIER=AMD64 Family 25 Model 80 Stepping 0, AuthenticAMD
TMP=C:\Users\giona\AppData\Local\Temp
TEMP=C:\Users\giona\AppData\Local\Temp



---------------  S Y S T E M  ---------------

OS:
 Windows 11 , 64 bit Build 26100 (10.0.26100.1882)
OS uptime: 0 days 1:55 hours
Hyper-V role detected

CPU: total 12 (initial active 12) (12 cores per cpu, 2 threads per core) family 25 model 80 stepping 0 microcode 0xa50000f, cx8, cmov, fxsr, ht, mmx, 3dnowpref, sse, sse2, sse3, ssse3, sse4a, sse4.1, sse4.2, popcnt, lzcnt, tsc, tscinvbit, avx, avx2, aes, erms, clmul, bmi1, bmi2, adx, sha, fma, vzeroupper, clflush, clflushopt, hv

Memory: 4k page, system-wide physical 15712M (7595M free)
TotalPageFile size 16736M (AvailPageFile size 7090M)
current process WorkingSet (physical memory assigned to process): 179M, peak: 179M
current process commit charge ("private bytes"): 254M, peak: 431M

vm_info: OpenJDK 64-Bit Server VM (17.0.7+7) for windows-amd64 JRE (17.0.7+7), built on Apr 18 2023 22:10:42 by "temurin" with MS VC++ 16.7 (VS2019)

END.
