#
# A fatal error has been detected by the Java Runtime Environment:
#
#  EXCEPTION_ACCESS_VIOLATION (0xc0000005) at pc=0x00007ffac36cc7f0, pid=20540, tid=20292
#
# JRE version: OpenJDK Runtime Environment Temurin-17.0.4+8 (17.0.4+8) (build 17.0.4+8)
# Java VM: OpenJDK 64-Bit Server VM Temurin-17.0.4+8 (17.0.4+8, mixed mode, tiered, compressed oops, compressed class ptrs, g1 gc, windows-amd64)
# Problematic frame:
# V  [jvm.dll+0xc7f0]
#
# No core dump will be written. Minidumps are not enabled by default on client versions of Windows
#
# If you would like to submit a bug report, please visit:
#   https://github.com/adoptium/adoptium-support/issues
#

---------------  S U M M A R Y ------------

Command Line: -Dfile.encoding=UTF-8 -Dstdout.encoding=UTF-8 -Dstderr.encoding=UTF-8 -XX:+ShowCodeDetailsInExceptionMessages app.Main

Host: AMD Ryzen 5 3600 6-Core Processor              , 12 cores, 15G,  Windows 11 , 64 bit Build 22621 (10.0.22621.3958)
Time: Wed Oct  9 11:47:08 2024 ora legale Europa occidentale elapsed time: 4.219973 seconds (0d 0h 0m 4s)

---------------  T H R E A D  ---------------

Current thread (0x000001fcbc27bd10):  JavaThread "SwingWorker-pool-2-thread-1" daemon [_thread_in_vm, id=20292, stack(0x0000003293ee0000,0x0000003293fe0000)]

Stack: [0x0000003293ee0000,0x0000003293fe0000],  sp=0x0000003293fdeea8,  free space=1019k
Native frames: (J=compiled Java code, j=interpreted, Vv=VM code, C=native code)
V  [jvm.dll+0xc7f0]

Java frames: (J=compiled Java code, j=interpreted, Vv=VM code)
j  com.kitware.pulse.engine.PulseEngine.nativeSerializeFromFile(JLjava/lang/String;Ljava/lang/String;I)Z+0
j  com.kitware.pulse.engine.PulseEngine.serializeFromFile(Ljava/lang/String;Lcom/kitware/pulse/cdm/engine/SEDataRequestManager;)Z+26
j  app.SimulationWorker.run_scenario()V+43
j  app.SimulationWorker.doInBackground()Ljava/lang/Void;+67
j  app.SimulationWorker.doInBackground()Ljava/lang/Object;+1
j  javax.swing.SwingWorker$1.call()Ljava/lang/Object;+14 java.desktop@17.0.4
j  java.util.concurrent.FutureTask.run()V+39 java.base@17.0.4
j  javax.swing.SwingWorker.run()V+4 java.desktop@17.0.4
j  java.util.concurrent.ThreadPoolExecutor.runWorker(Ljava/util/concurrent/ThreadPoolExecutor$Worker;)V+92 java.base@17.0.4
j  java.util.concurrent.ThreadPoolExecutor$Worker.run()V+5 java.base@17.0.4
j  java.lang.Thread.run()V+11 java.base@17.0.4
v  ~StubRoutines::call_stub

siginfo: EXCEPTION_ACCESS_VIOLATION (0xc0000005), reading address 0x0000000000000000


Register to memory mapping:

RIP=0x00007ffac36cc7f0 jvm.dll
RAX=0x0 is NULL
RBX=0x000001fcbc27bd10 is a thread
RCX=0x0 is NULL
RDX=0x0 is NULL
RSP=0x0000003293fdeea8 is pointing into the stack for thread: 0x000001fcbc27bd10
RBP=0x0000003293fdf0a8 is pointing into the stack for thread: 0x000001fcbc27bd10
RSI=0x0 is NULL
RDI=0x0 is NULL
R8 =0x0 is NULL
R9 =0x0 is NULL
R10=0x000001fc9ed8d5f2 is at code_begin+946 in an Interpreter codelet
method entry point (kind = native)  [0x000001fc9ed8d240, 0x000001fc9ed8dbc0]  2432 bytes
R11=0x0000000000000104 is an unknown value
R12=0x0 is NULL
R13={method} {0x000001fcc6fec0e0} 'nativeSerializeFromFile' '(JLjava/lang/String;Ljava/lang/String;I)Z' in 'com/kitware/pulse/engine/PulseEngine'
R14=0x0 is NULL
R15=0x000001fcbc27bd10 is a thread


Registers:
RAX=0x0000000000000000, RBX=0x000001fcbc27bd10, RCX=0x0000000000000000, RDX=0x0000000000000000
RSP=0x0000003293fdeea8, RBP=0x0000003293fdf0a8, RSI=0x0000000000000000, RDI=0x0000000000000000
R8 =0x0000000000000000, R9 =0x0000000000000000, R10=0x000001fc9ed8d5f2, R11=0x0000000000000104
R12=0x0000000000000000, R13=0x000001fcc6fec0d8, R14=0x0000000000000000, R15=0x000001fcbc27bd10
RIP=0x00007ffac36cc7f0, EFLAGS=0x0000000000010246

Top of Stack: (sp=0x0000003293fdeea8)
0x0000003293fdeea8:   00007ffac3aa94fa 0000003293fdef18
0x0000003293fdeeb8:   000001fcc9404e78 0000000000000000
0x0000003293fdeec8:   0000000710a92a48 000001fcbc27bd10
0x0000003293fdeed8:   0000000000000000 0000003293fdef10
0x0000003293fdeee8:   0000003293fdef68 000001fc9ed89962
0x0000003293fdeef8:   0000000000000001 0000000000000000
0x0000003293fdef08:   0000000000000001 00000000000002f1
0x0000003293fdef18:   0000000705b913f0 000001fcc6fec0d8
0x0000003293fdef28:   00007ffabfa81e9a 0000003293fdf0a8
0x0000003293fdef38:   0000003293fdf0f0 0000000000000000
0x0000003293fdef48:   0000000702e01058 00007ffac3aa9440
0x0000003293fdef58:   0000000000000000 0000003293fdef98
0x0000003293fdef68:   00007ffabfa856ea 000001fcbc27bfb8
0x0000003293fdef78:   0000000000000000 0000000000000000
0x0000003293fdef88:   0000000705b82a68 0000000000000001
0x0000003293fdef98:   0000000000000000 000001fcbc471b10 

Instructions: (pc=0x00007ffac36cc7f0)
0x00007ffac36cc6f0:   00 00 00 48 8b 41 38 48 8b 80 88 09 00 00 48 8b
0x00007ffac36cc700:   48 08 48 8b 40 50 48 d3 ea 80 3c 02 01 0f 85 cd
0x00007ffac36cc710:   00 00 00 48 8b 13 0f b6 c2 24 03 3c 03 75 19 48
0x00007ffac36cc720:   83 e2 fc 74 13 48 3b da 74 11 48 8b c2 48 8b 5c
0x00007ffac36cc730:   24 38 48 83 c4 20 5e c3 48 8b d3 48 8b 46 38 0f
0x00007ffac36cc740:   be 88 f0 02 00 00 c1 e9 02 f6 c1 01 74 dc 48 89
0x00007ffac36cc750:   7c 24 30 e8 28 e5 ff ff 48 8b 0d 09 32 b9 00 48
0x00007ffac36cc760:   8b f8 48 81 c1 90 09 00 00 8b 41 40 0f b6 57 21
0x00007ffac36cc770:   8d 42 01 88 47 21 84 d2 75 0a 48 8b d7 e8 7e a1
0x00007ffac36cc780:   6f 00 eb 20 80 7f 22 00 75 1a 8b 41 40 85 05 d1
0x00007ffac36cc790:   a3 9a 00 74 0f b8 ff ff ff ff f0 0f c1 41 40 e8
0x00007ffac36cc7a0:   ac a1 6f 00 48 8b 4e 38 4c 8b c7 48 8b d3 e8 dd
0x00007ffac36cc7b0:   f7 ff ff 0f b6 4f 21 48 8b d8 48 8b 15 a7 31 b9
0x00007ffac36cc7c0:   00 8d 41 ff 88 47 21 80 f9 01 77 0f 48 8d 8a 90
0x00007ffac36cc7d0:   09 00 00 48 8b d7 e8 55 a1 6f 00 48 8b 7c 24 30
0x00007ffac36cc7e0:   48 8b c3 48 8b 5c 24 38 48 83 c4 20 5e c3 cc cc
0x00007ffac36cc7f0:   48 8b 01 c3 cc cc cc cc cc cc cc cc cc cc cc cc
0x00007ffac36cc800:   4c 8b 01 4c 8b c9 48 8b 0d 03 c3 b4 00 ba 44 60
0x00007ffac36cc810:   08 00 e9 59 f2 ff ff cc cc cc cc cc cc cc cc cc
0x00007ffac36cc820:   48 89 5c 24 08 57 48 83 ec 20 48 8b 39 48 8b d9
0x00007ffac36cc830:   48 85 3d a1 a0 b9 00 75 0e 48 8b c7 48 8b 5c 24
0x00007ffac36cc840:   30 48 83 c4 20 5f c3 48 8b cf e8 91 6f 85 00 48
0x00007ffac36cc850:   8b d0 48 85 c0 74 20 48 8b c7 f0 48 0f b1 13 74
0x00007ffac36cc860:   16 48 85 05 70 a0 b9 00 74 0d 48 8b c8 f0 48 0f
0x00007ffac36cc870:   b1 13 48 3b c1 75 ea 48 8b 5c 24 30 48 8b c2 48
0x00007ffac36cc880:   83 c4 20 5f c3 cc cc cc cc cc cc cc cc cc cc cc
0x00007ffac36cc890:   4c 8b 01 4c 8b c9 48 8b 0d 73 c2 b4 00 ba 64 60
0x00007ffac36cc8a0:   08 00 e9 c9 f1 ff ff cc cc cc cc cc cc cc cc cc
0x00007ffac36cc8b0:   8b 05 32 0a af 00 c3 cc cc cc cc cc cc cc cc cc
0x00007ffac36cc8c0:   0f b6 05 a8 ca b5 00 48 8b d1 84 c0 74 16 44 8b
0x00007ffac36cc8d0:   41 08 8b 0d 10 0a af 00 49 d3 e0 4c 03 05 fe 09
0x00007ffac36cc8e0:   af 00 eb 04 4c 8b 41 08 45 8b 50 08 45 85 d2 7e 


Stack slot to memory mapping:
stack at sp + 0 slots: 0x00007ffac3aa94fa jvm.dll
stack at sp + 1 slots: 0x0000003293fdef18 is pointing into the stack for thread: 0x000001fcbc27bd10
stack at sp + 2 slots: 0x000001fcc9404e78 is pointing into metadata
stack at sp + 3 slots: 0x0 is NULL
stack at sp + 4 slots: 0x0000000710a92a48 is an oop: java.lang.Class 
{0x0000000710a92a48} - klass: 'java/lang/Class'
 - ---- fields (total size 14 words):
 - private volatile transient 'classRedefinedCount' 'I' @12  0
 - private volatile transient 'cachedConstructor' 'Ljava/lang/reflect/Constructor;' @40  NULL (0)
 - private transient 'name' 'Ljava/lang/String;' @44  "com.google.protobuf.util.JsonFormat$PrettyTextGenerator"{0x0000000710a92ac8} (e2152559)
 - private transient 'module' 'Ljava/lang/Module;' @48  a 'java/lang/Module'{0x00000007010702e8} (e020e05d)
 - private final 'classLoader' 'Ljava/lang/ClassLoader;' @52  a 'jdk/internal/loader/ClassLoaders$AppClassLoader'{0x00000007010006f0} (e02000de)
 - private transient 'classData' 'Ljava/lang/Object;' @56  NULL (0)
 - private transient 'packageName' 'Ljava/lang/String;' @60  "com.google.protobuf.util"{0x0000000702e19fb0} (e05c33f6)
 - private final 'componentType' 'Ljava/lang/Class;' @64  NULL (0)
 - private volatile transient 'reflectionData' 'Ljava/lang/ref/SoftReference;' @68  NULL (0)
 - private volatile transient 'genericInfo' 'Lsun/reflect/generics/repository/ClassRepository;' @72  NULL (0)
 - private volatile transient 'enumConstants' '[Ljava/lang/Object;' @76  NULL (0)
 - private volatile transient 'enumConstantDirectory' 'Ljava/util/Map;' @80  NULL (0)
 - private volatile transient 'annotationData' 'Ljava/lang/Class$AnnotationData;' @84  NULL (0)
 - private volatile transient 'annotationType' 'Lsun/reflect/annotation/AnnotationType;' @88  NULL (0)
 - transient 'classValueMap' 'Ljava/lang/ClassValue$ClassValueMap;' @92  NULL (0)
 - signature: Lcom/google/protobuf/util/JsonFormat$PrettyTextGenerator;
 - fake entry for mirror: 'com/google/protobuf/util/JsonFormat$PrettyTextGenerator'
 - fake entry for array: NULL
 - fake entry for oop_size: 14
 - fake entry for static_oop_field_count: 0
stack at sp + 5 slots: 0x000001fcbc27bd10 is a thread
stack at sp + 6 slots: 0x0 is NULL
stack at sp + 7 slots: 0x0000003293fdef10 is pointing into the stack for thread: 0x000001fcbc27bd10


---------------  P R O C E S S  ---------------

Threads class SMR info:
_java_thread_list=0x000001fcc76962f0, length=21, elements={
0x000001fcbb830530, 0x000001fcbb8322c0, 0x000001fcbb847110, 0x000001fcbb8499e0,
0x000001fcbb84a2a0, 0x000001fcbb893000, 0x000001fcbb896ea0, 0x000001fcbb89f950,
0x000001fcbb8b2b10, 0x000001fcbba139b0, 0x000001fcbba26220, 0x000001fcbbfa1e10,
0x000001fcbbfa22e0, 0x000001fcbbfa4d20, 0x000001fcbbfa78c0, 0x000001fc99ec75f0,
0x000001fcbc27dec0, 0x000001fcbc27c1e0, 0x000001fcbc27b370, 0x000001fcc63c73e0,
0x000001fcbc27bd10
}

Java Threads: ( => current thread )
  0x000001fcbb830530 JavaThread "Reference Handler" daemon [_thread_blocked, id=12860, stack(0x0000003291100000,0x0000003291200000)]
  0x000001fcbb8322c0 JavaThread "Finalizer" daemon [_thread_blocked, id=14672, stack(0x0000003291200000,0x0000003291300000)]
  0x000001fcbb847110 JavaThread "Signal Dispatcher" daemon [_thread_blocked, id=18264, stack(0x0000003291300000,0x0000003291400000)]
  0x000001fcbb8499e0 JavaThread "Attach Listener" daemon [_thread_blocked, id=10140, stack(0x0000003291400000,0x0000003291500000)]
  0x000001fcbb84a2a0 JavaThread "Service Thread" daemon [_thread_blocked, id=8904, stack(0x0000003291500000,0x0000003291600000)]
  0x000001fcbb893000 JavaThread "Monitor Deflation Thread" daemon [_thread_blocked, id=12292, stack(0x0000003291600000,0x0000003291700000)]
  0x000001fcbb896ea0 JavaThread "C2 CompilerThread0" daemon [_thread_blocked, id=13180, stack(0x0000003291700000,0x0000003291800000)]
  0x000001fcbb89f950 JavaThread "C1 CompilerThread0" daemon [_thread_blocked, id=20412, stack(0x0000003291800000,0x0000003291900000)]
  0x000001fcbb8b2b10 JavaThread "Sweeper thread" daemon [_thread_blocked, id=20392, stack(0x0000003291900000,0x0000003291a00000)]
  0x000001fcbba139b0 JavaThread "Notification Thread" daemon [_thread_blocked, id=3536, stack(0x0000003291a00000,0x0000003291b00000)]
  0x000001fcbba26220 JavaThread "Common-Cleaner" daemon [_thread_blocked, id=14828, stack(0x0000003291c00000,0x0000003291d00000)]
  0x000001fcbbfa1e10 JavaThread "Java2D Disposer" daemon [_thread_blocked, id=10564, stack(0x0000003291e00000,0x0000003291f00000)]
  0x000001fcbbfa22e0 JavaThread "AWT-Shutdown" [_thread_blocked, id=20584, stack(0x0000003291f00000,0x0000003292000000)]
  0x000001fcbbfa4d20 JavaThread "AWT-Windows" daemon [_thread_in_native, id=7356, stack(0x0000003292000000,0x0000003292100000)]
  0x000001fcbbfa78c0 JavaThread "AWT-EventQueue-0" [_thread_in_native, id=12200, stack(0x0000003292100000,0x0000003292200000)]
  0x000001fc99ec75f0 JavaThread "DestroyJavaVM" [_thread_blocked, id=22464, stack(0x0000003290a00000,0x0000003290b00000)]
  0x000001fcbc27dec0 JavaThread "TimerQueue" daemon [_thread_blocked, id=20400, stack(0x0000003291d00000,0x0000003291e00000)]
  0x000001fcbc27c1e0 JavaThread "D3D Screen Updater" daemon [_thread_blocked, id=12456, stack(0x0000003292960000,0x0000003292a60000)]
  0x000001fcbc27b370 JavaThread "Swing-Shell" daemon [_thread_blocked, id=15156, stack(0x0000003293980000,0x0000003293a80000)]
  0x000001fcc63c73e0 JavaThread "C2 CompilerThread1" daemon [_thread_in_native, id=6740, stack(0x0000003293de0000,0x0000003293ee0000)]
=>0x000001fcbc27bd10 JavaThread "SwingWorker-pool-2-thread-1" daemon [_thread_in_vm, id=20292, stack(0x0000003293ee0000,0x0000003293fe0000)]

Other Threads:
  0x000001fcbb82ae70 VMThread "VM Thread" [stack: 0x0000003291000000,0x0000003291100000] [id=10044] _threads_hazard_ptr=0x000001fcc76962f0
  0x000001fcbba15e90 WatcherThread [stack: 0x0000003291b00000,0x0000003291c00000] [id=14412]
  0x000001fc99f35a40 GCTaskThread "GC Thread#0" [stack: 0x0000003290b00000,0x0000003290c00000] [id=20996]
  0x000001fcc550a0f0 GCTaskThread "GC Thread#1" [stack: 0x0000003292460000,0x0000003292560000] [id=6796]
  0x000001fcc550a900 GCTaskThread "GC Thread#2" [stack: 0x0000003292560000,0x0000003292660000] [id=1272]
  0x000001fcc550b3c0 GCTaskThread "GC Thread#3" [stack: 0x0000003292a80000,0x0000003292b80000] [id=12460]
  0x000001fcc550b670 GCTaskThread "GC Thread#4" [stack: 0x0000003292b80000,0x0000003292c80000] [id=15000]
  0x000001fcc550a3a0 GCTaskThread "GC Thread#5" [stack: 0x0000003292c80000,0x0000003292d80000] [id=15192]
  0x000001fcc550bbd0 GCTaskThread "GC Thread#6" [stack: 0x0000003292d80000,0x0000003292e80000] [id=20048]
  0x000001fcc550a650 GCTaskThread "GC Thread#7" [stack: 0x0000003292e80000,0x0000003292f80000] [id=20132]
  0x000001fcc550abb0 GCTaskThread "GC Thread#8" [stack: 0x0000003292f80000,0x0000003293080000] [id=12716]
  0x000001fcc550ae60 GCTaskThread "GC Thread#9" [stack: 0x0000003293080000,0x0000003293180000] [id=14584]
  0x000001fc99f47060 ConcurrentGCThread "G1 Main Marker" [stack: 0x0000003290c00000,0x0000003290d00000] [id=18552]
  0x000001fc99f47a70 ConcurrentGCThread "G1 Conc#0" [stack: 0x0000003290d00000,0x0000003290e00000] [id=1212]
  0x000001fcc550b110 ConcurrentGCThread "G1 Conc#1" [stack: 0x0000003293280000,0x0000003293380000] [id=20620]
  0x000001fcc72656c0 ConcurrentGCThread "G1 Conc#2" [stack: 0x0000003293380000,0x0000003293480000] [id=13568]
  0x000001fc99f8da70 ConcurrentGCThread "G1 Refine#0" [stack: 0x0000003290e00000,0x0000003290f00000] [id=12816]
  0x000001fcc601f1f0 ConcurrentGCThread "G1 Refine#1" [stack: 0x0000003293180000,0x0000003293280000] [id=14420]
  0x000001fcc55c99a0 ConcurrentGCThread "G1 Refine#2" [stack: 0x0000003293480000,0x0000003293580000] [id=10072]
  0x000001fcc5b453a0 ConcurrentGCThread "G1 Refine#3" [stack: 0x0000003293580000,0x0000003293680000] [id=14144]
  0x000001fcbc1a1e70 ConcurrentGCThread "G1 Refine#4" [stack: 0x0000003293680000,0x0000003293780000] [id=15160]
  0x000001fcc4fc2b40 ConcurrentGCThread "G1 Refine#5" [stack: 0x0000003293780000,0x0000003293880000] [id=19492]
  0x000001fcc50d4eb0 ConcurrentGCThread "G1 Refine#6" [stack: 0x0000003293880000,0x0000003293980000] [id=2020]
  0x000001fcc55c05b0 ConcurrentGCThread "G1 Refine#7" [stack: 0x0000003293fe0000,0x00000032940e0000] [id=14212]
  0x000001fc99f8e490 ConcurrentGCThread "G1 Service" [stack: 0x0000003290f00000,0x0000003291000000] [id=8244]

Threads with active compile tasks:
C2 CompilerThread1     4229 3490 %     4       sun.java2d.marlin.MarlinTileGenerator::getAlphaRLE @ 1001 (1749 bytes)

VM state: not at safepoint (normal execution)

VM Mutex/Monitor currently owned by a thread: None

Heap address: 0x0000000700c00000, size: 4084 MB, Compressed Oops mode: Zero based, Oop shift amount: 3

CDS archive(s) not mapped
Compressed class space mapped at: 0x0000000800000000-0x0000000840000000, reserved size: 1073741824
Narrow klass base: 0x0000000800000000, Narrow klass shift: 0, Narrow klass range: 0x40000000

GC Precious Log:
 CPUs: 12 total, 12 available
 Memory: 16334M
 Large Page Support: Disabled
 NUMA Support: Disabled
 Compressed Oops: Enabled (Zero based)
 Heap Region Size: 2M
 Heap Min Capacity: 8M
 Heap Initial Capacity: 256M
 Heap Max Capacity: 4084M
 Pre-touch: Disabled
 Parallel Workers: 10
 Concurrent Workers: 3
 Concurrent Refinement Workers: 10
 Periodic GC: Disabled

Heap:
 garbage-first heap   total 90112K, used 30611K [0x0000000700c00000, 0x0000000800000000)
  region size 2048K, 6 young (12288K), 1 survivors (2048K)
 Metaspace       used 32665K, committed 32896K, reserved 1081344K
  class space    used 3396K, committed 3520K, reserved 1048576K

Heap Regions: E=young(eden), S=young(survivor), O=old, HS=humongous(starts), HC=humongous(continues), CS=collection set, F=free, OA=open archive, CA=closed archive, TAMS=top-at-mark-start (previous, next)
|   0|0x0000000700c00000, 0x0000000700e00000, 0x0000000700e00000|100%| O|  |TAMS 0x0000000700e00000, 0x0000000700c00000| Untracked 
|   1|0x0000000700e00000, 0x0000000700fd5a00, 0x0000000701000000| 91%| O|  |TAMS 0x0000000700fd5a00, 0x0000000700e00000| Untracked 
|   2|0x0000000701000000, 0x0000000701200000, 0x0000000701200000|100%| O|  |TAMS 0x0000000701200000, 0x0000000701000000| Untracked 
|   3|0x0000000701200000, 0x0000000701400000, 0x0000000701400000|100%| O|  |TAMS 0x0000000701400000, 0x0000000701200000| Untracked 
|   4|0x0000000701400000, 0x0000000701600000, 0x0000000701600000|100%| O|  |TAMS 0x0000000701600000, 0x0000000701400000| Untracked 
|   5|0x0000000701600000, 0x0000000701800000, 0x0000000701800000|100%| O|  |TAMS 0x0000000701800000, 0x0000000701600000| Untracked 
|   6|0x0000000701800000, 0x0000000701a00000, 0x0000000701a00000|100%| O|  |TAMS 0x0000000701a00000, 0x0000000701800000| Untracked 
|   7|0x0000000701a00000, 0x0000000701c00000, 0x0000000701c00000|100%| O|  |TAMS 0x0000000701c00000, 0x0000000701a00000| Untracked 
|   8|0x0000000701c00000, 0x0000000701e00000, 0x0000000701e00000|100%| O|  |TAMS 0x0000000701e00000, 0x0000000701c00000| Untracked 
|   9|0x0000000701e00000, 0x0000000702000000, 0x0000000702000000|100%| O|  |TAMS 0x0000000702000000, 0x0000000701e00000| Untracked 
|  10|0x0000000702000000, 0x00000007020c6000, 0x0000000702200000| 38%| O|  |TAMS 0x00000007020c6000, 0x0000000702000000| Untracked 
|  11|0x0000000702200000, 0x0000000702200000, 0x0000000702400000|  0%| F|  |TAMS 0x0000000702200000, 0x0000000702200000| Untracked 
|  12|0x0000000702400000, 0x0000000702400000, 0x0000000702600000|  0%| F|  |TAMS 0x0000000702400000, 0x0000000702400000| Untracked 
|  13|0x0000000702600000, 0x0000000702600000, 0x0000000702800000|  0%| F|  |TAMS 0x0000000702600000, 0x0000000702600000| Untracked 
|  14|0x0000000702800000, 0x0000000702800000, 0x0000000702a00000|  0%| F|  |TAMS 0x0000000702800000, 0x0000000702800000| Untracked 
|  15|0x0000000702a00000, 0x0000000702a00000, 0x0000000702c00000|  0%| F|  |TAMS 0x0000000702a00000, 0x0000000702a00000| Untracked 
|  16|0x0000000702c00000, 0x0000000702c00000, 0x0000000702e00000|  0%| F|  |TAMS 0x0000000702c00000, 0x0000000702c00000| Untracked 
|  17|0x0000000702e00000, 0x0000000702f49238, 0x0000000703000000| 64%| S|CS|TAMS 0x0000000702e00000, 0x0000000702e00000| Complete 
|  18|0x0000000703000000, 0x0000000703000000, 0x0000000703200000|  0%| F|  |TAMS 0x0000000703000000, 0x0000000703000000| Untracked 
|  19|0x0000000703200000, 0x0000000703200000, 0x0000000703400000|  0%| F|  |TAMS 0x0000000703200000, 0x0000000703200000| Untracked 
|  20|0x0000000703400000, 0x0000000703400000, 0x0000000703600000|  0%| F|  |TAMS 0x0000000703400000, 0x0000000703400000| Untracked 
|  21|0x0000000703600000, 0x0000000703600000, 0x0000000703800000|  0%| F|  |TAMS 0x0000000703600000, 0x0000000703600000| Untracked 
|  22|0x0000000703800000, 0x0000000703800000, 0x0000000703a00000|  0%| F|  |TAMS 0x0000000703800000, 0x0000000703800000| Untracked 
|  23|0x0000000703a00000, 0x0000000703a00000, 0x0000000703c00000|  0%| F|  |TAMS 0x0000000703a00000, 0x0000000703a00000| Untracked 
|  24|0x0000000703c00000, 0x0000000703c00000, 0x0000000703e00000|  0%| F|  |TAMS 0x0000000703c00000, 0x0000000703c00000| Untracked 
|  25|0x0000000703e00000, 0x0000000703e00000, 0x0000000704000000|  0%| F|  |TAMS 0x0000000703e00000, 0x0000000703e00000| Untracked 
|  26|0x0000000704000000, 0x0000000704000000, 0x0000000704200000|  0%| F|  |TAMS 0x0000000704000000, 0x0000000704000000| Untracked 
|  27|0x0000000704200000, 0x0000000704200000, 0x0000000704400000|  0%| F|  |TAMS 0x0000000704200000, 0x0000000704200000| Untracked 
|  28|0x0000000704400000, 0x0000000704400000, 0x0000000704600000|  0%| F|  |TAMS 0x0000000704400000, 0x0000000704400000| Untracked 
|  29|0x0000000704600000, 0x0000000704600000, 0x0000000704800000|  0%| F|  |TAMS 0x0000000704600000, 0x0000000704600000| Untracked 
|  30|0x0000000704800000, 0x0000000704800000, 0x0000000704a00000|  0%| F|  |TAMS 0x0000000704800000, 0x0000000704800000| Untracked 
|  31|0x0000000704a00000, 0x0000000704a00000, 0x0000000704c00000|  0%| F|  |TAMS 0x0000000704a00000, 0x0000000704a00000| Untracked 
|  32|0x0000000704c00000, 0x0000000704c00000, 0x0000000704e00000|  0%| F|  |TAMS 0x0000000704c00000, 0x0000000704c00000| Untracked 
|  33|0x0000000704e00000, 0x0000000704e00000, 0x0000000705000000|  0%| F|  |TAMS 0x0000000704e00000, 0x0000000704e00000| Untracked 
|  34|0x0000000705000000, 0x0000000705000000, 0x0000000705200000|  0%| F|  |TAMS 0x0000000705000000, 0x0000000705000000| Untracked 
|  35|0x0000000705200000, 0x0000000705200000, 0x0000000705400000|  0%| F|  |TAMS 0x0000000705200000, 0x0000000705200000| Untracked 
|  36|0x0000000705400000, 0x0000000705400000, 0x0000000705600000|  0%| F|  |TAMS 0x0000000705400000, 0x0000000705400000| Untracked 
|  37|0x0000000705600000, 0x0000000705600000, 0x0000000705800000|  0%| F|  |TAMS 0x0000000705600000, 0x0000000705600000| Untracked 
|  38|0x0000000705800000, 0x0000000705800000, 0x0000000705a00000|  0%| F|  |TAMS 0x0000000705800000, 0x0000000705800000| Untracked 
|  39|0x0000000705a00000, 0x0000000705be1b28, 0x0000000705c00000| 94%| E|  |TAMS 0x0000000705a00000, 0x0000000705a00000| Complete 
|  40|0x0000000705c00000, 0x0000000705e00000, 0x0000000705e00000|100%| E|CS|TAMS 0x0000000705c00000, 0x0000000705c00000| Complete 
|  41|0x0000000705e00000, 0x0000000706000000, 0x0000000706000000|100%| E|CS|TAMS 0x0000000705e00000, 0x0000000705e00000| Complete 
|  42|0x0000000706000000, 0x0000000706200000, 0x0000000706200000|100%| E|CS|TAMS 0x0000000706000000, 0x0000000706000000| Complete 
| 127|0x0000000710a00000, 0x0000000710c00000, 0x0000000710c00000|100%| E|CS|TAMS 0x0000000710a00000, 0x0000000710a00000| Complete 

Card table byte_map: [0x000001fcaf200000,0x000001fcafa00000] _byte_map_base: 0x000001fcab9fa000

Marking Bits (Prev, Next): (CMBitMap*) 0x000001fc99f36050, (CMBitMap*) 0x000001fc99f36090
 Prev Bits: [0x000001fcb0200000, 0x000001fcb41d0000)
 Next Bits: [0x000001fcb41d0000, 0x000001fcb81a0000)

Polling page: 0x000001fc99f90000

Metaspace:

Usage:
  Non-class:     28.58 MB used.
      Class:      3.32 MB used.
       Both:     31.90 MB used.

Virtual space:
  Non-class space:       32.00 MB reserved,      28.69 MB ( 90%) committed,  4 nodes.
      Class space:        1.00 GB reserved,       3.44 MB ( <1%) committed,  1 nodes.
             Both:        1.03 GB reserved,      32.12 MB (  3%) committed. 

Chunk freelists:
   Non-Class:  2.50 MB
       Class:  411.00 KB
        Both:  2.91 MB

MaxMetaspaceSize: unlimited
CompressedClassSpaceSize: 1.00 GB
Initial GC threshold: 21.00 MB
Current GC threshold: 50.56 MB
CDS: off
MetaspaceReclaimPolicy: balanced
 - commit_granule_bytes: 65536.
 - commit_granule_words: 8192.
 - virtual_space_node_default_size: 1048576.
 - enlarge_chunks_in_place: 1.
 - new_chunks_are_fully_committed: 0.
 - uncommit_free_chunks: 1.
 - use_allocation_guard: 0.
 - handle_deallocations: 1.


Internal statistics:

num_allocs_failed_limit: 3.
num_arena_births: 148.
num_arena_deaths: 0.
num_vsnodes_births: 5.
num_vsnodes_deaths: 0.
num_space_committed: 514.
num_space_uncommitted: 0.
num_chunks_returned_to_freelist: 3.
num_chunks_taken_from_freelist: 552.
num_chunk_merges: 0.
num_chunk_splits: 412.
num_chunks_enlarged: 346.
num_purges: 0.
num_inconsistent_stats: 0.

CodeHeap 'non-profiled nmethods': size=120000Kb used=1564Kb max_used=1564Kb free=118435Kb
 bounds [0x000001fca6850000, 0x000001fca6ac0000, 0x000001fcadd80000]
CodeHeap 'profiled nmethods': size=120000Kb used=7460Kb max_used=7460Kb free=112539Kb
 bounds [0x000001fc9f320000, 0x000001fc9fa70000, 0x000001fca6850000]
CodeHeap 'non-nmethods': size=5760Kb used=1389Kb max_used=1432Kb free=4370Kb
 bounds [0x000001fc9ed80000, 0x000001fc9eff0000, 0x000001fc9f320000]
 total_blobs=4227 nmethods=3488 adapters=650
 compilation: enabled
              stopped_count=0, restarted_count=0
 full_count=0

Compilation events (20 events):
Event: 4.212 Thread 0x000001fcbb89f950 nmethod 3461 0x000001fc9fa53510 code [0x000001fc9fa536a0, 0x000001fc9fa537b8]
Event: 4.212 Thread 0x000001fcbb89f950 3462       3       sun.java2d.pipe.PixelToParallelogramConverter::fillRectangle (236 bytes)
Event: 4.212 Thread 0x000001fcbb89f950 nmethod 3462 0x000001fc9fa53890 code [0x000001fc9fa53b00, 0x000001fc9fa54968]
Event: 4.212 Thread 0x000001fcbb89f950 3463       3       sun.java2d.pipe.Region::clipRound (34 bytes)
Event: 4.213 Thread 0x000001fcbb89f950 nmethod 3463 0x000001fc9fa55110 code [0x000001fc9fa55300, 0x000001fc9fa555a8]
Event: 4.213 Thread 0x000001fcbb89f950 3464       3       sun.java2d.SunGraphics2D::setDevClip (21 bytes)
Event: 4.213 Thread 0x000001fcbb89f950 nmethod 3464 0x000001fc9fa55690 code [0x000001fc9fa55840, 0x000001fc9fa559a8]
Event: 4.213 Thread 0x000001fcbb89f950 3465       3       sun.java2d.SunGraphics2D::setDevClip (45 bytes)
Event: 4.213 Thread 0x000001fcbb89f950 nmethod 3465 0x000001fc9fa55a90 code [0x000001fc9fa55c60, 0x000001fc9fa55f48]
Event: 4.213 Thread 0x000001fcbb89f950 3466       3       sun.java2d.pipe.Region::getInstanceXYWH (16 bytes)
Event: 4.213 Thread 0x000001fcbb89f950 nmethod 3466 0x000001fc9fa56090 code [0x000001fc9fa56240, 0x000001fc9fa56528]
Event: 4.213 Thread 0x000001fcbb89f950 3467       3       sun.font.CompositeStrike::getStrikeForSlot (50 bytes)
Event: 4.213 Thread 0x000001fcbb89f950 nmethod 3467 0x000001fc9fa56690 code [0x000001fc9fa56880, 0x000001fc9fa56e78]
Event: 4.214 Thread 0x000001fcbb89f950 3468       3       sun.java2d.SurfaceData::getSourceSurfaceData (110 bytes)
Event: 4.214 Thread 0x000001fcbb89f950 nmethod 3468 0x000001fc9fa57090 code [0x000001fc9fa572c0, 0x000001fc9fa57e68]
Event: 4.214 Thread 0x000001fcbb89f950 3471       3       com.google.protobuf.Descriptors$FieldDescriptor::isExtension (8 bytes)
Event: 4.214 Thread 0x000001fcbb89f950 nmethod 3471 0x000001fc9fa58190 code [0x000001fc9fa58320, 0x000001fc9fa584f8]
Event: 4.214 Thread 0x000001fcbb89f950 3473       3       java.lang.reflect.AccessibleObject::slowVerifyAccess (67 bytes)
Event: 4.215 Thread 0x000001fcbb89f950 nmethod 3473 0x000001fc9fa58610 code [0x000001fc9fa58820, 0x000001fc9fa58fa8]
Event: 4.215 Thread 0x000001fcbb89f950 3474   !   3       com.google.protobuf.GeneratedMessage$FieldAccessorTable::ensureFieldAccessorsInitialized (520 bytes)

GC Heap History (20 events):
Event: 1.755 GC heap before
{Heap before GC invocations=0 (full 0):
 garbage-first heap   total 262144K, used 20480K [0x0000000700c00000, 0x0000000800000000)
  region size 2048K, 11 young (22528K), 0 survivors (0K)
 Metaspace       used 21346K, committed 21504K, reserved 1073152K
  class space    used 2197K, committed 2304K, reserved 1048576K
}
Event: 1.759 GC heap after
{Heap after GC invocations=1 (full 0):
 garbage-first heap   total 262144K, used 8022K [0x0000000700c00000, 0x0000000800000000)
  region size 2048K, 2 young (4096K), 2 survivors (4096K)
 Metaspace       used 21346K, committed 21504K, reserved 1073152K
  class space    used 2197K, committed 2304K, reserved 1048576K
}
Event: 3.433 GC heap before
{Heap before GC invocations=2 (full 0):
 garbage-first heap   total 34816K, used 14166K [0x0000000700c00000, 0x0000000800000000)
  region size 2048K, 5 young (10240K), 2 survivors (4096K)
 Metaspace       used 23268K, committed 23488K, reserved 1073152K
  class space    used 2390K, committed 2496K, reserved 1048576K
}
Event: 3.436 GC heap after
{Heap after GC invocations=3 (full 0):
 garbage-first heap   total 34816K, used 8940K [0x0000000700c00000, 0x0000000800000000)
  region size 2048K, 1 young (2048K), 1 survivors (2048K)
 Metaspace       used 23268K, committed 23488K, reserved 1073152K
  class space    used 2390K, committed 2496K, reserved 1048576K
}
Event: 3.516 GC heap before
{Heap before GC invocations=3 (full 0):
 garbage-first heap   total 34816K, used 17132K [0x0000000700c00000, 0x0000000800000000)
  region size 2048K, 5 young (10240K), 1 survivors (2048K)
 Metaspace       used 25581K, committed 25792K, reserved 1073152K
  class space    used 2629K, committed 2752K, reserved 1048576K
}
Event: 3.516 GC heap after
{Heap after GC invocations=4 (full 0):
 garbage-first heap   total 34816K, used 9205K [0x0000000700c00000, 0x0000000800000000)
  region size 2048K, 1 young (2048K), 1 survivors (2048K)
 Metaspace       used 25581K, committed 25792K, reserved 1073152K
  class space    used 2629K, committed 2752K, reserved 1048576K
}
Event: 3.592 GC heap before
{Heap before GC invocations=4 (full 0):
 garbage-first heap   total 34816K, used 19445K [0x0000000700c00000, 0x0000000800000000)
  region size 2048K, 6 young (12288K), 1 survivors (2048K)
 Metaspace       used 26420K, committed 26624K, reserved 1073152K
  class space    used 2713K, committed 2816K, reserved 1048576K
}
Event: 3.595 GC heap after
{Heap after GC invocations=5 (full 0):
 garbage-first heap   total 34816K, used 15199K [0x0000000700c00000, 0x0000000800000000)
  region size 2048K, 1 young (2048K), 1 survivors (2048K)
 Metaspace       used 26420K, committed 26624K, reserved 1073152K
  class space    used 2713K, committed 2816K, reserved 1048576K
}
Event: 3.607 GC heap before
{Heap before GC invocations=5 (full 0):
 garbage-first heap   total 34816K, used 19295K [0x0000000700c00000, 0x0000000800000000)
  region size 2048K, 3 young (6144K), 1 survivors (2048K)
 Metaspace       used 26421K, committed 26624K, reserved 1073152K
  class space    used 2713K, committed 2816K, reserved 1048576K
}
Event: 3.610 GC heap after
{Heap after GC invocations=6 (full 0):
 garbage-first heap   total 34816K, used 18995K [0x0000000700c00000, 0x0000000800000000)
  region size 2048K, 1 young (2048K), 1 survivors (2048K)
 Metaspace       used 26421K, committed 26624K, reserved 1073152K
  class space    used 2713K, committed 2816K, reserved 1048576K
}
Event: 3.617 GC heap before
{Heap before GC invocations=6 (full 0):
 garbage-first heap   total 34816K, used 21043K [0x0000000700c00000, 0x0000000800000000)
  region size 2048K, 2 young (4096K), 1 survivors (2048K)
 Metaspace       used 26421K, committed 26624K, reserved 1073152K
  class space    used 2713K, committed 2816K, reserved 1048576K
}
Event: 3.619 GC heap after
{Heap after GC invocations=7 (full 0):
 garbage-first heap   total 34816K, used 21075K [0x0000000700c00000, 0x0000000800000000)
  region size 2048K, 1 young (2048K), 1 survivors (2048K)
 Metaspace       used 26421K, committed 26624K, reserved 1073152K
  class space    used 2713K, committed 2816K, reserved 1048576K
}
Event: 3.638 GC heap before
{Heap before GC invocations=8 (full 0):
 garbage-first heap   total 40960K, used 23123K [0x0000000700c00000, 0x0000000800000000)
  region size 2048K, 2 young (4096K), 1 survivors (2048K)
 Metaspace       used 26655K, committed 26816K, reserved 1073152K
  class space    used 2737K, committed 2816K, reserved 1048576K
}
Event: 3.640 GC heap after
{Heap after GC invocations=9 (full 0):
 garbage-first heap   total 40960K, used 22092K [0x0000000700c00000, 0x0000000800000000)
  region size 2048K, 1 young (2048K), 1 survivors (2048K)
 Metaspace       used 26655K, committed 26816K, reserved 1073152K
  class space    used 2737K, committed 2816K, reserved 1048576K
}
Event: 3.670 GC heap before
{Heap before GC invocations=9 (full 0):
 garbage-first heap   total 40960K, used 24140K [0x0000000700c00000, 0x0000000800000000)
  region size 2048K, 2 young (4096K), 1 survivors (2048K)
 Metaspace       used 27370K, committed 27520K, reserved 1081344K
  class space    used 2827K, committed 2880K, reserved 1048576K
}
Event: 3.670 GC heap after
{Heap after GC invocations=10 (full 0):
 garbage-first heap   total 40960K, used 22053K [0x0000000700c00000, 0x0000000800000000)
  region size 2048K, 1 young (2048K), 1 survivors (2048K)
 Metaspace       used 27370K, committed 27520K, reserved 1081344K
  class space    used 2827K, committed 2880K, reserved 1048576K
}
Event: 3.713 GC heap before
{Heap before GC invocations=11 (full 0):
 garbage-first heap   total 45056K, used 26149K [0x0000000700c00000, 0x0000000800000000)
  region size 2048K, 3 young (6144K), 1 survivors (2048K)
 Metaspace       used 28704K, committed 28864K, reserved 1081344K
  class space    used 2951K, committed 3008K, reserved 1048576K
}
Event: 3.713 GC heap after
{Heap after GC invocations=12 (full 0):
 garbage-first heap   total 45056K, used 22048K [0x0000000700c00000, 0x0000000800000000)
  region size 2048K, 1 young (2048K), 1 survivors (2048K)
 Metaspace       used 28704K, committed 28864K, reserved 1081344K
  class space    used 2951K, committed 3008K, reserved 1048576K
}
Event: 3.791 GC heap before
{Heap before GC invocations=12 (full 0):
 garbage-first heap   total 45056K, used 28192K [0x0000000700c00000, 0x0000000800000000)
  region size 2048K, 4 young (8192K), 1 survivors (2048K)
 Metaspace       used 30668K, committed 30848K, reserved 1081344K
  class space    used 3200K, committed 3264K, reserved 1048576K
}
Event: 3.793 GC heap after
{Heap after GC invocations=13 (full 0):
 garbage-first heap   total 153600K, used 22419K [0x0000000700c00000, 0x0000000800000000)
  region size 2048K, 1 young (2048K), 1 survivors (2048K)
 Metaspace       used 30668K, committed 30848K, reserved 1081344K
  class space    used 3200K, committed 3264K, reserved 1048576K
}

Deoptimization events (20 events):
Event: 4.200 Thread 0x000001fcbbfa78c0 Uncommon trap: trap_request=0xffffffde fr.pc=0x000001fca68b60d8 relative=0x00000000000004f8
Event: 4.200 Thread 0x000001fcbbfa78c0 Uncommon trap: reason=class_check action=maybe_recompile pc=0x000001fca68b60d8 method=jdk.internal.logger.AbstractLoggerWrapper.isLoggable(Lsun/util/logging/PlatformLogger$Level;)Z @ 20 c2
Event: 4.200 Thread 0x000001fcbbfa78c0 DEOPT PACKING pc=0x000001fca68b60d8 sp=0x00000032921fe830
Event: 4.200 Thread 0x000001fcbbfa78c0 DEOPT UNPACKING pc=0x000001fc9edd23a3 sp=0x00000032921fe800 mode 2
Event: 4.200 Thread 0x000001fcbbfa78c0 Uncommon trap: trap_request=0xffffffde fr.pc=0x000001fca694e6b4 relative=0x0000000000000554
Event: 4.200 Thread 0x000001fcbbfa78c0 Uncommon trap: reason=class_check action=maybe_recompile pc=0x000001fca694e6b4 method=jdk.internal.logger.AbstractLoggerWrapper.isLoggable(Lsun/util/logging/PlatformLogger$Level;)Z @ 20 c2
Event: 4.200 Thread 0x000001fcbbfa78c0 DEOPT PACKING pc=0x000001fca694e6b4 sp=0x00000032921fe7b0
Event: 4.200 Thread 0x000001fcbbfa78c0 DEOPT UNPACKING pc=0x000001fc9edd23a3 sp=0x00000032921fe718 mode 2
Event: 4.204 Thread 0x000001fcbbfa78c0 Uncommon trap: trap_request=0xffffff45 fr.pc=0x000001fca69c4768 relative=0x00000000000002c8
Event: 4.204 Thread 0x000001fcbbfa78c0 Uncommon trap: reason=unstable_if action=reinterpret pc=0x000001fca69c4768 method=java.util.WeakHashMap.expungeStaleEntries()V @ 9 c2
Event: 4.204 Thread 0x000001fcbbfa78c0 DEOPT PACKING pc=0x000001fca69c4768 sp=0x00000032921fd450
Event: 4.204 Thread 0x000001fcbbfa78c0 DEOPT UNPACKING pc=0x000001fc9edd23a3 sp=0x00000032921fd3e8 mode 2
Event: 4.206 Thread 0x000001fcbc27bd10 DEOPT PACKING pc=0x000001fc9fa2849f sp=0x0000003293fde7c0
Event: 4.206 Thread 0x000001fcbc27bd10 DEOPT UNPACKING pc=0x000001fc9edd2b43 sp=0x0000003293fddca8 mode 0
Event: 4.213 Thread 0x000001fcbc27bd10 Uncommon trap: trap_request=0xffffffc6 fr.pc=0x000001fca69c781c relative=0x000000000000007c
Event: 4.213 Thread 0x000001fcbc27bd10 Uncommon trap: reason=bimorphic_or_optimized_type_check action=maybe_recompile pc=0x000001fca69c781c method=java.util.Collections$UnmodifiableCollection.size()I @ 4 c2
Event: 4.213 Thread 0x000001fcbc27bd10 DEOPT PACKING pc=0x000001fca69c781c sp=0x0000003293fdecc0
Event: 4.213 Thread 0x000001fcbc27bd10 DEOPT UNPACKING pc=0x000001fc9edd23a3 sp=0x0000003293fdec50 mode 2
Event: 4.215 Thread 0x000001fcbbfa78c0 DEOPT PACKING pc=0x000001fc9f7366dd sp=0x00000032921fd5b0
Event: 4.215 Thread 0x000001fcbbfa78c0 DEOPT UNPACKING pc=0x000001fc9edd2b43 sp=0x00000032921fc9f0 mode 0

Classes unloaded (0 events):
No events

Classes redefined (0 events):
No events

Internal exceptions (20 events):
Event: 0.236 Thread 0x000001fcbbfa78c0 Exception <a 'java/lang/ClassNotFoundException'{0x0000000710577050}: ToolBarSeparator> (0x0000000710577050) 
thrown [s\src\hotspot\share\classfile\systemDictionary.cpp, line 256]
Event: 0.236 Thread 0x000001fcbbfa78c0 Exception <a 'java/lang/ClassNotFoundException'{0x00000007105775a0}: ToolTip> (0x00000007105775a0) 
thrown [s\src\hotspot\share\classfile\systemDictionary.cpp, line 256]
Event: 0.236 Thread 0x000001fcbbfa78c0 Exception <a 'java/lang/ClassNotFoundException'{0x0000000710577f20}: Tree> (0x0000000710577f20) 
thrown [s\src\hotspot\share\classfile\systemDictionary.cpp, line 256]
Event: 0.236 Thread 0x000001fcbbfa78c0 Exception <a 'java/lang/ClassNotFoundException'{0x0000000710578418}: Tree> (0x0000000710578418) 
thrown [s\src\hotspot\share\classfile\systemDictionary.cpp, line 256]
Event: 0.237 Thread 0x000001fcbbfa78c0 Exception <a 'java/lang/ClassNotFoundException'{0x0000000710578788}: javax/swing/JTreeCell> (0x0000000710578788) 
thrown [s\src\hotspot\share\classfile\systemDictionary.cpp, line 256]
Event: 0.237 Thread 0x000001fcbbfa78c0 Exception <a 'java/lang/ClassNotFoundException'{0x0000000710578a88}: TreeCell> (0x0000000710578a88) 
thrown [s\src\hotspot\share\classfile\systemDictionary.cpp, line 256]
Event: 0.237 Thread 0x000001fcbbfa78c0 Exception <a 'java/lang/ClassNotFoundException'{0x0000000710579280}: RootPane> (0x0000000710579280) 
thrown [s\src\hotspot\share\classfile\systemDictionary.cpp, line 256]
Event: 0.238 Thread 0x000001fcbbfa78c0 Exception <a 'java/lang/NoSuchMethodError'{0x000000071057ac88}: 'void java.lang.invoke.DirectMethodHandle$Holder.invokeSpecial(java.lang.Object, java.lang.Object, java.lang.Object)'> (0x000000071057ac88) 
thrown [s\src\hotspot\share\interpreter\linkResolver.cpp, line 759]
Event: 0.243 Thread 0x000001fcbbfa78c0 Exception <a 'java/lang/NoSuchMethodError'{0x0000000710588290}: 'java.lang.Object java.lang.invoke.DirectMethodHandle$Holder.invokeStatic(java.lang.Object, int, java.lang.Object, java.lang.Object, java.lang.Object, java.lang.Object)'> (0x0000000710588290) 
thrown [s\src\hotspot\share\interpreter\linkResolver.cpp, line 759]
Event: 0.370 Thread 0x000001fcbbfa78c0 Exception <a 'java/lang/ClassNotFoundException'{0x00000007102048e8}: com/sun/swing/internal/plaf/synth/resources/spi/synthProvider> (0x00000007102048e8) 
thrown [s\src\hotspot\share\classfile\systemDictionary.cpp, line 256]
Event: 0.371 Thread 0x000001fcbbfa78c0 Exception <a 'java/lang/ClassNotFoundException'{0x0000000710208d28}: com/sun/swing/internal/plaf/basic/resources/spi/basicProvider> (0x0000000710208d28) 
thrown [s\src\hotspot\share\classfile\systemDictionary.cpp, line 256]
Event: 0.387 Thread 0x000001fcbbfa78c0 Exception <a 'java/lang/NoSuchMethodError'{0x0000000710273de0}: 'void java.lang.invoke.DirectMethodHandle$Holder.invokeStatic(java.lang.Object, java.lang.Object)'> (0x0000000710273de0) 
thrown [s\src\hotspot\share\interpreter\linkResolver.cpp, line 759]
Event: 0.520 Thread 0x000001fcbbfa78c0 Exception <a 'java/lang/NoSuchMethodError'{0x000000070fe3c530}: 'java.lang.Object java.lang.invoke.DirectMethodHandle$Holder.newInvokeSpecial(java.lang.Object, java.lang.Object, java.lang.Object, java.lang.Object, java.lang.Object)'> (0x000000070fe3c530) 
thrown [s\src\hotspot\share\interpreter\linkResolver.cpp, line 759]
Event: 0.598 Thread 0x000001fcbbfa78c0 Implicit null exception at 0x000001fca68b42b1 to 0x000001fca68b4cd0
Event: 0.607 Thread 0x000001fcbbfa78c0 Exception <a 'java/lang/NoSuchMethodError'{0x000000070fd67a88}: 'void java.lang.invoke.DirectMethodHandle$Holder.invokeSpecial(java.lang.Object, java.lang.Object, java.lang.Object, java.lang.Object, java.lang.Object)'> (0x000000070fd67a88) 
thrown [s\src\hotspot\share\interpreter\linkResolver.cpp, line 759]
Event: 0.609 Thread 0x000001fcbbfa78c0 Exception <a 'java/lang/NoSuchMethodError'{0x000000070fd7dde0}: 'void java.lang.invoke.DirectMethodHandle$Holder.invokeStatic(java.lang.Object, java.lang.Object, java.lang.Object)'> (0x000000070fd7dde0) 
thrown [s\src\hotspot\share\interpreter\linkResolver.cpp, line 759]
Event: 0.687 Thread 0x000001fcbbfa78c0 Exception <a 'java/lang/NoSuchMethodError'{0x000000070fb7cf30}: 'void java.lang.invoke.DirectMethodHandle$Holder.invokeStaticInit(java.lang.Object)'> (0x000000070fb7cf30) 
thrown [s\src\hotspot\share\interpreter\linkResolver.cpp, line 759]
Event: 0.786 Thread 0x000001fcbbfa4d20 Exception <a 'java/lang/NoSuchMethodError'{0x000000071040c148}: 'void java.lang.invoke.DirectMethodHandle$Holder.invokeVirtual(java.lang.Object, java.lang.Object)'> (0x000000071040c148) 
thrown [s\src\hotspot\share\interpreter\linkResolver.cpp, line 759]
Event: 1.746 Thread 0x000001fcbbfa78c0 Implicit null exception at 0x000001fca68e0730 to 0x000001fca68e0792
Event: 1.954 Thread 0x000001fcbbfa78c0 Exception <a 'java/lang/NoSuchMethodError'{0x0000000710b31498}: 'int java.lang.invoke.DirectMethodHandle$Holder.invokeStatic(java.lang.Object)'> (0x0000000710b31498) 
thrown [s\src\hotspot\share\interpreter\linkResolver.cpp, line 759]

VM Operations (20 events):
Event: 3.633 Executing VM operation: G1Concurrent
Event: 3.633 Executing VM operation: G1Concurrent done
Event: 3.635 Executing VM operation: HandshakeAllThreads
Event: 3.635 Executing VM operation: HandshakeAllThreads done
Event: 3.638 Executing VM operation: G1CollectForAllocation
Event: 3.640 Executing VM operation: G1CollectForAllocation done
Event: 3.670 Executing VM operation: G1CollectForAllocation
Event: 3.670 Executing VM operation: G1CollectForAllocation done
Event: 3.679 Executing VM operation: G1Concurrent
Event: 3.680 Executing VM operation: G1Concurrent done
Event: 3.684 Executing VM operation: G1Concurrent
Event: 3.684 Executing VM operation: G1Concurrent done
Event: 3.713 Executing VM operation: G1CollectForAllocation
Event: 3.713 Executing VM operation: G1CollectForAllocation done
Event: 3.791 Executing VM operation: G1CollectForAllocation
Event: 3.793 Executing VM operation: G1CollectForAllocation done
Event: 3.800 Executing VM operation: G1Concurrent
Event: 3.802 Executing VM operation: G1Concurrent done
Event: 3.805 Executing VM operation: G1Concurrent
Event: 3.805 Executing VM operation: G1Concurrent done

Events (20 events):
Event: 4.179 loading class java/math/MathContext
Event: 4.180 loading class java/math/MathContext done
Event: 4.182 Thread 0x000001fcc5a3c830 Thread exited: 0x000001fcc5a3c830
Event: 4.182 Thread 0x000001fcc5a3dc70 Thread exited: 0x000001fcc5a3dc70
Event: 4.183 loading class java/util/ConcurrentModificationException
Event: 4.183 loading class java/util/ConcurrentModificationException done
Event: 4.190 loading class java/math/BigDecimal$StringBuilderHelper
Event: 4.191 loading class java/math/BigDecimal$StringBuilderHelper done
Event: 4.197 Thread 0x000001fcc63c73e0 Thread added: 0x000001fcc63c73e0
Event: 4.200 loading class javax/swing/SwingWorker$6
Event: 4.200 loading class javax/swing/SwingWorker$6 done
Event: 4.200 loading class javax/swing/SwingWorker$7
Event: 4.200 loading class javax/swing/SwingWorker$7 done
Event: 4.200 Thread 0x000001fcbc27bd10 Thread added: 0x000001fcbc27bd10
Event: 4.200 loading class javax/swing/SwingWorker$SwingWorkerPropertyChangeSupport$1
Event: 4.200 loading class javax/swing/SwingWorker$SwingWorkerPropertyChangeSupport$1 done
Event: 4.202 loading class java/awt/event/MouseWheelEvent
Event: 4.202 loading class java/awt/event/MouseWheelEvent done
Event: 4.204 loading class java/io/FileReader
Event: 4.204 loading class java/io/FileReader done


Dynamic libraries:
0x00007ff611090000 - 0x00007ff61109e000 	C:\Users\giona\.p2\pool\plugins\org.eclipse.justj.openjdk.hotspot.jre.full.win32.x86_64_17.0.4.v20220805-1047\jre\bin\javaw.exe
0x00007ffb5c950000 - 0x00007ffb5cb67000 	C:\WINDOWS\SYSTEM32\ntdll.dll
0x00007ffb5aa10000 - 0x00007ffb5aad4000 	C:\WINDOWS\System32\KERNEL32.DLL
0x00007ffb59dd0000 - 0x00007ffb5a17d000 	C:\WINDOWS\System32\KERNELBASE.dll
0x00007ffb5a530000 - 0x00007ffb5a641000 	C:\WINDOWS\System32\ucrtbase.dll
0x00007ffb54fc0000 - 0x00007ffb54fd8000 	C:\Users\giona\.p2\pool\plugins\org.eclipse.justj.openjdk.hotspot.jre.full.win32.x86_64_17.0.4.v20220805-1047\jre\bin\jli.dll
0x00007ffb54fa0000 - 0x00007ffb54fb9000 	C:\Users\giona\.p2\pool\plugins\org.eclipse.justj.openjdk.hotspot.jre.full.win32.x86_64_17.0.4.v20220805-1047\jre\bin\VCRUNTIME140.dll
0x00007ffb5b3b0000 - 0x00007ffb5b55e000 	C:\WINDOWS\System32\USER32.dll
0x00007ffb48200000 - 0x00007ffb48493000 	C:\WINDOWS\WinSxS\amd64_microsoft.windows.common-controls_6595b64144ccf1df_6.0.22621.3672_none_2713b9d173822955\COMCTL32.dll
0x00007ffb5a650000 - 0x00007ffb5a676000 	C:\WINDOWS\System32\win32u.dll
0x00007ffb5ab90000 - 0x00007ffb5ac37000 	C:\WINDOWS\System32\msvcrt.dll
0x00007ffb5a9a0000 - 0x00007ffb5a9c9000 	C:\WINDOWS\System32\GDI32.dll
0x00007ffb5a180000 - 0x00007ffb5a299000 	C:\WINDOWS\System32\gdi32full.dll
0x00007ffb59c70000 - 0x00007ffb59d0a000 	C:\WINDOWS\System32\msvcp_win.dll
0x00007ffb5a9d0000 - 0x00007ffb5aa01000 	C:\WINDOWS\System32\IMM32.DLL
0x00007ffb56ee0000 - 0x00007ffb56eec000 	C:\Users\giona\.p2\pool\plugins\org.eclipse.justj.openjdk.hotspot.jre.full.win32.x86_64_17.0.4.v20220805-1047\jre\bin\vcruntime140_1.dll
0x00007ffb4df90000 - 0x00007ffb4e021000 	C:\Users\giona\.p2\pool\plugins\org.eclipse.justj.openjdk.hotspot.jre.full.win32.x86_64_17.0.4.v20220805-1047\jre\bin\msvcp140.dll
0x00007ffac36c0000 - 0x00007ffac4306000 	C:\Users\giona\.p2\pool\plugins\org.eclipse.justj.openjdk.hotspot.jre.full.win32.x86_64_17.0.4.v20220805-1047\jre\bin\server\jvm.dll
0x00007ffb5c7f0000 - 0x00007ffb5c8a2000 	C:\WINDOWS\System32\ADVAPI32.dll
0x00007ffb5aae0000 - 0x00007ffb5ab89000 	C:\WINDOWS\System32\sechost.dll
0x00007ffb5a390000 - 0x00007ffb5a3b8000 	C:\WINDOWS\System32\bcrypt.dll
0x00007ffb5b0d0000 - 0x00007ffb5b1e4000 	C:\WINDOWS\System32\RPCRT4.dll
0x00007ffb5c0c0000 - 0x00007ffb5c0c8000 	C:\WINDOWS\System32\PSAPI.DLL
0x00007ffb54f10000 - 0x00007ffb54f19000 	C:\WINDOWS\SYSTEM32\WSOCK32.dll
0x00007ffb52820000 - 0x00007ffb52854000 	C:\WINDOWS\SYSTEM32\WINMM.dll
0x00007ffb516c0000 - 0x00007ffb516ca000 	C:\WINDOWS\SYSTEM32\VERSION.dll
0x00007ffb5c5c0000 - 0x00007ffb5c631000 	C:\WINDOWS\System32\WS2_32.dll
0x00007ffb58c80000 - 0x00007ffb58c98000 	C:\WINDOWS\SYSTEM32\kernel.appcore.dll
0x00007ffb54ee0000 - 0x00007ffb54eea000 	C:\Users\giona\.p2\pool\plugins\org.eclipse.justj.openjdk.hotspot.jre.full.win32.x86_64_17.0.4.v20220805-1047\jre\bin\jimage.dll
0x00007ffb4d600000 - 0x00007ffb4d832000 	C:\WINDOWS\SYSTEM32\DBGHELP.DLL
0x00007ffb5c0d0000 - 0x00007ffb5c45e000 	C:\WINDOWS\System32\combase.dll
0x00007ffb5be40000 - 0x00007ffb5bf17000 	C:\WINDOWS\System32\OLEAUT32.dll
0x00007ffb3aee0000 - 0x00007ffb3af12000 	C:\WINDOWS\SYSTEM32\dbgcore.DLL
0x00007ffb5a2a0000 - 0x00007ffb5a31b000 	C:\WINDOWS\System32\bcryptPrimitives.dll
0x00007ffb545d0000 - 0x00007ffb545f5000 	C:\Users\giona\.p2\pool\plugins\org.eclipse.justj.openjdk.hotspot.jre.full.win32.x86_64_17.0.4.v20220805-1047\jre\bin\java.dll
0x00007ffb54ec0000 - 0x00007ffb54ed8000 	C:\Users\giona\.p2\pool\plugins\org.eclipse.justj.openjdk.hotspot.jre.full.win32.x86_64_17.0.4.v20220805-1047\jre\bin\zip.dll
0x00007ffb5b5b0000 - 0x00007ffb5be17000 	C:\WINDOWS\System32\SHELL32.dll
0x00007ffb57ba0000 - 0x00007ffb5849f000 	C:\WINDOWS\SYSTEM32\windows.storage.dll
0x00007ffb57a60000 - 0x00007ffb57b9f000 	C:\WINDOWS\SYSTEM32\wintypes.dll
0x00007ffb5b280000 - 0x00007ffb5b379000 	C:\WINDOWS\System32\SHCORE.dll
0x00007ffb5c8b0000 - 0x00007ffb5c90e000 	C:\WINDOWS\System32\shlwapi.dll
0x00007ffb59ba0000 - 0x00007ffb59bc7000 	C:\WINDOWS\SYSTEM32\profapi.dll
0x00007ffb49210000 - 0x00007ffb4939e000 	C:\Users\giona\.p2\pool\plugins\org.eclipse.justj.openjdk.hotspot.jre.full.win32.x86_64_17.0.4.v20220805-1047\jre\bin\awt.dll
0x00007ffb56f30000 - 0x00007ffb56fc7000 	C:\WINDOWS\SYSTEM32\apphelp.dll
0x00007ffb53170000 - 0x00007ffb53189000 	C:\Users\giona\.p2\pool\plugins\org.eclipse.justj.openjdk.hotspot.jre.full.win32.x86_64_17.0.4.v20220805-1047\jre\bin\net.dll
0x00007ffb53680000 - 0x00007ffb537b6000 	C:\WINDOWS\SYSTEM32\WINHTTP.dll
0x00007ffb59160000 - 0x00007ffb591c9000 	C:\WINDOWS\system32\mswsock.dll
0x00007ffb53150000 - 0x00007ffb53165000 	C:\Users\giona\.p2\pool\plugins\org.eclipse.justj.openjdk.hotspot.jre.full.win32.x86_64_17.0.4.v20220805-1047\jre\bin\nio.dll
0x00007ffb571b0000 - 0x00007ffb57261000 	C:\WINDOWS\system32\uxtheme.dll
0x00007ffb5c460000 - 0x00007ffb5c5be000 	C:\WINDOWS\System32\MSCTF.dll
0x00007ffb5c640000 - 0x00007ffb5c7e5000 	C:\WINDOWS\System32\ole32.dll
0x00007ffb4df00000 - 0x00007ffb4df86000 	C:\Users\giona\.p2\pool\plugins\org.eclipse.justj.openjdk.hotspot.jre.full.win32.x86_64_17.0.4.v20220805-1047\jre\bin\freetype.dll
0x00007ffb4de50000 - 0x00007ffb4def8000 	C:\Users\giona\.p2\pool\plugins\org.eclipse.justj.openjdk.hotspot.jre.full.win32.x86_64_17.0.4.v20220805-1047\jre\bin\fontmanager.dll
0x00007ffb574f0000 - 0x00007ffb5751b000 	C:\WINDOWS\system32\DWMAPI.DLL
0x00007ffaf6ee0000 - 0x00007ffaf6fe0000 	C:\WINDOWS\system32\opengl32.dll
0x00007ffb530b0000 - 0x00007ffb530dd000 	C:\WINDOWS\SYSTEM32\GLU32.dll
0x00007ffb572a0000 - 0x00007ffb572d7000 	C:\WINDOWS\SYSTEM32\dxcore.dll
0x00007ffb49030000 - 0x00007ffb491d8000 	C:\WINDOWS\system32\d3d9.dll
0x00007ffb50a30000 - 0x00007ffb50b47000 	C:\WINDOWS\System32\DriverStore\FileRepository\nv_dispig.inf_amd64_ee20464bb4ac57f4\nvldumdx.dll
0x00007ffb59910000 - 0x00007ffb59922000 	C:\WINDOWS\SYSTEM32\msasn1.dll
0x00007ffb51680000 - 0x00007ffb516b2000 	C:\WINDOWS\SYSTEM32\cryptnet.dll
0x00007ffb5a3c0000 - 0x00007ffb5a526000 	C:\WINDOWS\System32\CRYPT32.dll
0x00007ffb51510000 - 0x00007ffb51672000 	C:\WINDOWS\SYSTEM32\drvstore.dll
0x00007ffb59930000 - 0x00007ffb5995c000 	C:\WINDOWS\SYSTEM32\devobj.dll
0x00007ffb59960000 - 0x00007ffb599ae000 	C:\WINDOWS\SYSTEM32\cfgmgr32.dll
0x00007ffb59450000 - 0x00007ffb59499000 	C:\WINDOWS\SYSTEM32\wldp.dll
0x00007ffb59500000 - 0x00007ffb5950c000 	C:\WINDOWS\SYSTEM32\cryptbase.dll
0x00007ffb5a320000 - 0x00007ffb5a38b000 	C:\WINDOWS\System32\WINTRUST.DLL
0x00007ffb5b380000 - 0x00007ffb5b39f000 	C:\WINDOWS\System32\imagehlp.dll
0x00007ffb59520000 - 0x00007ffb5953b000 	C:\WINDOWS\SYSTEM32\CRYPTSP.dll
0x00007ffb58be0000 - 0x00007ffb58c15000 	C:\WINDOWS\system32\rsaenh.dll
0x00007ffac0af0000 - 0x00007ffac22fa000 	C:\WINDOWS\System32\DriverStore\FileRepository\nv_dispig.inf_amd64_ee20464bb4ac57f4\nvd3dumx.dll
0x00007ffb54e50000 - 0x00007ffb54e99000 	C:\WINDOWS\SYSTEM32\directxdatabasehelper.dll
0x00007ffb325a0000 - 0x00007ffb32863000 	C:\WINDOWS\system32\nvspcap64.dll
0x00007ffb58e00000 - 0x00007ffb58e34000 	C:\WINDOWS\SYSTEM32\ntmarta.dll
0x00007ffb591f0000 - 0x00007ffb59216000 	C:\WINDOWS\SYSTEM32\gpapi.dll
0x00007ffabfa70000 - 0x00007ffac0aeb000 	D:\Unibg\Tesi\BREATHE\breathe.gui\PulseJNI.dll
0x00007ffb5c010000 - 0x00007ffb5c0c0000 	C:\WINDOWS\System32\clbcatq.dll
0x00007ffb56ff0000 - 0x00007ffb571a1000 	C:\WINDOWS\SYSTEM32\WindowsCodecs.dll
0x00007ffb34590000 - 0x00007ffb345ee000 	C:\WINDOWS\system32\dataexchange.dll
0x00007ffb51f80000 - 0x00007ffb5220a000 	C:\WINDOWS\system32\twinapi.appcore.dll
0x00007ffb35340000 - 0x00007ffb35483000 	C:\WINDOWS\SYSTEM32\textinputframework.dll
0x00007ffb56b50000 - 0x00007ffb56c83000 	C:\WINDOWS\SYSTEM32\CoreMessaging.dll
0x00007ffb546d0000 - 0x00007ffb54a3d000 	C:\WINDOWS\SYSTEM32\CoreUIComponents.dll
0x00007ffb4eeb0000 - 0x00007ffb4ef63000 	C:\WINDOWS\WinSxS\amd64_microsoft.windows.common-controls_6595b64144ccf1df_5.82.22621.3527_none_b43b7f4b638cc64f\comctl32.dll
0x00007ffb308a0000 - 0x00007ffb308ba000 	C:\WINDOWS\system32\NetworkExplorer.dll
0x00007ffb551f0000 - 0x00007ffb552f0000 	C:\WINDOWS\system32\PROPSYS.dll
0x00007ffb43420000 - 0x00007ffb434d6000 	C:\Windows\System32\Windows.FileExplorer.Common.dll
0x00007ffb3d9e0000 - 0x00007ffb3dacb000 	C:\WINDOWS\system32\Windows.Storage.Search.dll
0x00007ffb508f0000 - 0x00007ffb50a29000 	C:\Windows\System32\Windows.System.Launcher.dll
0x00007ffb554a0000 - 0x00007ffb55533000 	C:\Windows\System32\msvcp110_win.dll
0x00007ffb51e70000 - 0x00007ffb51e8a000 	C:\WINDOWS\SYSTEM32\windows.staterepositorycore.dll
0x00007ffb3fb30000 - 0x00007ffb3fbeb000 	C:\WINDOWS\System32\StructuredQuery.dll
0x00007ffb55540000 - 0x00007ffb555e5000 	C:\WINDOWS\SYSTEM32\policymanager.dll
0x00007ffb40190000 - 0x00007ffb40240000 	C:\Windows\System32\OneCoreCommonProxyStub.dll
0x00007ffb44b50000 - 0x00007ffb44b6e000 	C:\WINDOWS\SYSTEM32\MPR.dll
0x00007ffb38960000 - 0x00007ffb3898b000 	C:\WINDOWS\System32\p9np.dll
0x00007ffb4e980000 - 0x00007ffb4e98c000 	C:\WINDOWS\System32\drprov.dll
0x00007ffb380d0000 - 0x00007ffb380f2000 	C:\WINDOWS\System32\ntlanman.dll
0x00007ffb4d870000 - 0x00007ffb4d88f000 	C:\WINDOWS\System32\davclnt.dll
0x00007ffb58d90000 - 0x00007ffb58df6000 	C:\WINDOWS\System32\WINSTA.dll
0x00007ffb52af0000 - 0x00007ffb52b0a000 	C:\WINDOWS\System32\wkscli.dll
0x00007ffb30090000 - 0x00007ffb300a2000 	C:\WINDOWS\SYSTEM32\cscapi.dll
0x00007ffb586c0000 - 0x00007ffb586cc000 	C:\WINDOWS\System32\netutils.dll
0x00007ffb35d20000 - 0x00007ffb35d76000 	C:\Windows\System32\dlnashext.dll
0x00007ffb1c930000 - 0x00007ffb1c999000 	C:\Windows\System32\PlayToDevice.dll
0x00007ffb31fc0000 - 0x00007ffb31fe1000 	C:\Windows\System32\DevDispItemProvider.dll
0x00007ffb364f0000 - 0x00007ffb3654a000 	C:\Windows\System32\vaultcli.dll
0x00007ffb504b0000 - 0x00007ffb5054e000 	C:\WINDOWS\System32\MMDevApi.dll
0x00007ffb4db30000 - 0x00007ffb4dbd9000 	C:\WINDOWS\system32\wpdshext.dll
0x00007ffb484a0000 - 0x00007ffb48659000 	C:\WINDOWS\WinSxS\amd64_microsoft.windows.gdiplus_6595b64144ccf1df_1.1.22621.3810_none_57f8d842ce19d879\gdiplus.dll
0x00007ffb1efb0000 - 0x00007ffb1f04e000 	C:\Windows\System32\PortableDeviceApi.dll
0x00007ffb5ac50000 - 0x00007ffb5b0c4000 	C:\WINDOWS\System32\SETUPAPI.dll
0x00007ffb2c390000 - 0x00007ffb2c3c7000 	C:\Windows\System32\EhStorShell.dll
0x00007ffb4fb70000 - 0x00007ffb4fb94000 	C:\Windows\System32\EhStorAPI.dll
0x00007ffb58a40000 - 0x00007ffb58a54000 	C:\Windows\System32\WTSAPI32.dll
0x00007ffb514d0000 - 0x00007ffb514dd000 	C:\WINDOWS\SYSTEM32\LINKINFO.dll
0x00007ffb47530000 - 0x00007ffb475dc000 	C:\Windows\System32\appresolver.dll

dbghelp: loaded successfully - version: 4.0.5 - missing functions: none
symbol engine: initialized successfully - sym options: 0x614 - pdb path: .;C:\Users\giona\.p2\pool\plugins\org.eclipse.justj.openjdk.hotspot.jre.full.win32.x86_64_17.0.4.v20220805-1047\jre\bin;C:\WINDOWS\SYSTEM32;C:\WINDOWS\WinSxS\amd64_microsoft.windows.common-controls_6595b64144ccf1df_6.0.22621.3672_none_2713b9d173822955;C:\Users\giona\.p2\pool\plugins\org.eclipse.justj.openjdk.hotspot.jre.full.win32.x86_64_17.0.4.v20220805-1047\jre\bin\server;C:\WINDOWS\System32\DriverStore\FileRepository\nv_dispig.inf_amd64_ee20464bb4ac57f4;D:\Unibg\Tesi\BREATHE\breathe.gui;C:\WINDOWS\WinSxS\amd64_microsoft.windows.common-controls_6595b64144ccf1df_5.82.22621.3527_none_b43b7f4b638cc64f;C:\WINDOWS\WinSxS\amd64_microsoft.windows.gdiplus_6595b64144ccf1df_1.1.22621.3810_none_57f8d842ce19d879

VM Arguments:
jvm_args: -Dfile.encoding=UTF-8 -Dstdout.encoding=UTF-8 -Dstderr.encoding=UTF-8 -XX:+ShowCodeDetailsInExceptionMessages 
java_command: app.Main
java_class_path (initial): D:\Unibg\Tesi\BREATHE\breathe.gui\target\classes;D:\Unibg\Tesi\BREATHE\breathe.engine\target\classes;D:\Unibg\Tesi\BREATHE\breathe.engine\jar\commons-collections4-4.4.jar;D:\Unibg\Tesi\BREATHE\breathe.engine\jar\commons-compress-1.21.jar;D:\Unibg\Tesi\BREATHE\breathe.engine\jar\commons-io-2.11.0.jar;D:\Unibg\Tesi\BREATHE\breathe.engine\jar\commons-math3-3.6.1.jar;D:\Unibg\Tesi\BREATHE\breathe.engine\jar\error_prone_annotations-2.11.0.jar;D:\Unibg\Tesi\BREATHE\breathe.engine\jar\gson-2.10.1.jar;D:\Unibg\Tesi\BREATHE\breathe.engine\jar\guava-31.1-jre.jar;D:\Unibg\Tesi\BREATHE\breathe.engine\jar\j2objc-annotations-1.3.jar;D:\Unibg\Tesi\BREATHE\breathe.engine\jar\jackson-annotations-2.15.2.jar;D:\Unibg\Tesi\BREATHE\breathe.engine\jar\jackson-core-2.15.2.jar;D:\Unibg\Tesi\BREATHE\breathe.engine\jar\jackson-databind-2.15.2.jar;D:\Unibg\Tesi\BREATHE\breathe.engine\jar\java-ordered-properties-1.0.4.jar;D:\Unibg\Tesi\BREATHE\breathe.engine\jar\javassist-3.28.0-GA.jar;D:\Unibg\Tesi\BREATHE\breathe.engine\jar\jeromq-0.5.3.jar;D:\Unibg\Tesi\BREATHE\breathe.engine\jar\jfreechart-1.5.4.jar;D:\Unibg\Tesi\BREATHE\breathe.engine\jar\jsr305-3.0.2.jar;D:\Unibg\Tesi\BREATHE\breathe.engine\jar\log4j-api-2.20.0.jar;D:\Unibg\Tesi\BREATHE\breathe.engine\jar\log4j-core-2.20.0.jar;D:\Unibg\Tesi\BREATHE\breathe.engine\jar\logback-core-1.4.6.jar;D:\Unibg\Tesi\BREATHE\breathe.engine\jar\poi-5.2.3.jar;D:\Unibg\Tesi\BREATHE\breathe.engine\jar\poi-ooxml-5.2.3.jar;D:\Unibg\Tesi\BREATHE\breathe.engine\jar\poi-ooxml-lite-5.2.3.jar;D:\Unibg\Tesi\BREATHE\breathe.engine\jar\Pulse.jar;D:\Unibg\Tesi\BREATHE\breathe.engine\jar\reflections-0.10.2.jar;D:\Unibg\Tesi\BREATHE\breathe.engine\jar\slf4j-api-2.0.7.jar;D:\Unibg\Tesi\BREATHE\breathe.engine\jar\slf4j-simple-2.0.7.jar;D:\Unibg\Tesi\BREATHE\breathe.engine\jar\xmlbeans-5.1.1.jar;C:\Users\giona\.m2\repository\org\zeromq\jeromq\0.6.0\jeromq-0.6.0.jar;C:\Users\giona\.m2\repository\eu\neilalexander\jnacl\1.0.0\jnacl-1.0.0.jar;C:\
Launcher Type: SUN_STANDARD

[Global flags]
     intx CICompilerCount                          = 4                                         {product} {ergonomic}
     uint ConcGCThreads                            = 3                                         {product} {ergonomic}
     uint G1ConcRefinementThreads                  = 10                                        {product} {ergonomic}
   size_t G1HeapRegionSize                         = 2097152                                   {product} {ergonomic}
    uintx GCDrainStackTargetSize                   = 64                                        {product} {ergonomic}
   size_t InitialHeapSize                          = 268435456                                 {product} {ergonomic}
   size_t MarkStackSize                            = 4194304                                   {product} {ergonomic}
   size_t MaxHeapSize                              = 4282384384                                {product} {ergonomic}
   size_t MaxNewSize                               = 2569011200                                {product} {ergonomic}
   size_t MinHeapDeltaBytes                        = 2097152                                   {product} {ergonomic}
   size_t MinHeapSize                              = 8388608                                   {product} {ergonomic}
    uintx NonNMethodCodeHeapSize                   = 5839372                                {pd product} {ergonomic}
    uintx NonProfiledCodeHeapSize                  = 122909434                              {pd product} {ergonomic}
    uintx ProfiledCodeHeapSize                     = 122909434                              {pd product} {ergonomic}
    uintx ReservedCodeCacheSize                    = 251658240                              {pd product} {ergonomic}
     bool SegmentedCodeCache                       = true                                      {product} {ergonomic}
     bool ShowCodeDetailsInExceptionMessages       = true                                   {manageable} {command line}
   size_t SoftMaxHeapSize                          = 4282384384                             {manageable} {ergonomic}
     bool UseCompressedClassPointers               = true                           {product lp64_product} {ergonomic}
     bool UseCompressedOops                        = true                           {product lp64_product} {ergonomic}
     bool UseG1GC                                  = true                                      {product} {ergonomic}
     bool UseLargePagesIndividualAllocation        = false                                  {pd product} {ergonomic}

Logging:
Log output configuration:
 #0: stdout all=warning uptime,level,tags
 #1: stderr all=off uptime,level,tags

Environment Variables:
PATH=C:/Users/giona/.p2/pool/plugins/org.eclipse.justj.openjdk.hotspot.jre.full.win32.x86_64_21.0.4.v20240802-1551/jre/bin/server;C:/Users/giona/.p2/pool/plugins/org.eclipse.justj.openjdk.hotspot.jre.full.win32.x86_64_21.0.4.v20240802-1551/jre/bin;C:\Program Files (x86)\NVIDIA Corporation\PhysX\Common;C:\Program Files\Amazon Corretto\jdk1.8.0_422\bin;C:\Program Files\Common Files\Oracle\Java\javapath;C:\Program Files (x86)\Common Files\Oracle\Java\java8path;C:\Program Files (x86)\Common Files\Oracle\Java\javapath;C:\WINDOWS\system32;C:\WINDOWS;C:\WINDOWS\System32\Wbem;C:\WINDOWS\System32\WindowsPowerShell\v1.0\;C:\WINDOWS\System32\OpenSSH\;C:\Program Files\NVIDIA Corporation\NVIDIA NvDLISR;C:\Program Files\MATLAB\R2020b\bin;C:\WINDOWS\system32;C:\WINDOWS;C:\WINDOWS\System32\Wbem;C:\WINDOWS\System32\WindowsPowerShell\v1.0\;C:\WINDOWS\System32\OpenSSH\;C:\Users\giona\Downloads\apache-maven-3.9.8\bin;C:\Program Files\Java\jdk-11\bin;C:\Program Files\CMake\bin;C:\Program Files\Git\cmd;C:\Users\giona\AppData\Local\Microsoft\WindowsApps;C:\Users\giona\AppData\Local\Programs\Microsoft VS Code\bin;C:\MinGW\bin;C:\Users\giona\AppData\Local\GitHubDesktop\bin;C:\Users\giona\Desktop;
USERNAME=giona
OS=Windows_NT
PROCESSOR_IDENTIFIER=AMD64 Family 23 Model 113 Stepping 0, AuthenticAMD
TMP=C:\Users\giona\AppData\Local\Temp
TEMP=C:\Users\giona\AppData\Local\Temp



---------------  S Y S T E M  ---------------

OS:
 Windows 11 , 64 bit Build 22621 (10.0.22621.3958)
OS uptime: 6 days 18:59 hours
Hyper-V role detected

CPU: total 12 (initial active 12) (12 cores per cpu, 2 threads per core) family 23 model 113 stepping 0 microcode 0x0, cx8, cmov, fxsr, ht, mmx, 3dnowpref, sse, sse2, sse3, ssse3, sse4a, sse4.1, sse4.2, popcnt, lzcnt, tsc, tscinvbit, avx, avx2, aes, clmul, bmi1, bmi2, adx, sha, fma, vzeroupper, clflush, clflushopt, hv

Memory: 4k page, system-wide physical 16334M (8509M free)
TotalPageFile size 18766M (AvailPageFile size 8809M)
current process WorkingSet (physical memory assigned to process): 209M, peak: 209M
current process commit charge ("private bytes"): 292M, peak: 447M

vm_info: OpenJDK 64-Bit Server VM (17.0.4+8) for windows-amd64 JRE (17.0.4+8), built on Jul 19 2022 16:05:16 by "temurin" with MS VC++ 16.7 (VS2019)

END.
