#
# A fatal error has been detected by the Java Runtime Environment:
#
#  EXCEPTION_ACCESS_VIOLATION (0xc0000005) at pc=0x00007ffac36cc7f0, pid=11352, tid=22324
#
# JRE version: OpenJDK Runtime Environment Temurin-17.0.4+8 (17.0.4+8) (build 17.0.4+8)
# Java VM: OpenJDK 64-Bit Server VM Temurin-17.0.4+8 (17.0.4+8, mixed mode, tiered, compressed oops, compressed class ptrs, g1 gc, windows-amd64)
# Problematic frame:
# V  [jvm.dll+0xc7f0]
#
# No core dump will be written. Minidumps are not enabled by default on client versions of Windows
#
# If you would like to submit a bug report, please visit:
#   https://github.com/adoptium/adoptium-support/issues
#

---------------  S U M M A R Y ------------

Command Line: -Dfile.encoding=UTF-8 -Dstdout.encoding=UTF-8 -Dstderr.encoding=UTF-8 -XX:+ShowCodeDetailsInExceptionMessages app.Main

Host: AMD Ryzen 5 3600 6-Core Processor              , 12 cores, 15G,  Windows 11 , 64 bit Build 22621 (10.0.22621.3958)
Time: Wed Oct  9 11:49:03 2024 ora legale Europa occidentale elapsed time: 4.096682 seconds (0d 0h 0m 4s)

---------------  T H R E A D  ---------------

Current thread (0x00000238cb148b20):  JavaThread "SwingWorker-pool-2-thread-1" daemon [_thread_in_vm, id=22324, stack(0x000000be32500000,0x000000be32600000)]

Stack: [0x000000be32500000,0x000000be32600000],  sp=0x000000be325feeb8,  free space=1019k
Native frames: (J=compiled Java code, j=interpreted, Vv=VM code, C=native code)
V  [jvm.dll+0xc7f0]

Java frames: (J=compiled Java code, j=interpreted, Vv=VM code)
j  com.kitware.pulse.engine.PulseEngine.nativeSerializeFromFile(JLjava/lang/String;Ljava/lang/String;I)Z+0
j  com.kitware.pulse.engine.PulseEngine.serializeFromFile(Ljava/lang/String;Lcom/kitware/pulse/cdm/engine/SEDataRequestManager;)Z+26
j  app.SimulationWorker.run_scenario()V+52
j  app.SimulationWorker.doInBackground()Ljava/lang/Void;+67
j  app.SimulationWorker.doInBackground()Ljava/lang/Object;+1
j  javax.swing.SwingWorker$1.call()Ljava/lang/Object;+14 java.desktop@17.0.4
j  java.util.concurrent.FutureTask.run()V+39 java.base@17.0.4
j  javax.swing.SwingWorker.run()V+4 java.desktop@17.0.4
j  java.util.concurrent.ThreadPoolExecutor.runWorker(Ljava/util/concurrent/ThreadPoolExecutor$Worker;)V+92 java.base@17.0.4
j  java.util.concurrent.ThreadPoolExecutor$Worker.run()V+5 java.base@17.0.4
j  java.lang.Thread.run()V+11 java.base@17.0.4
v  ~StubRoutines::call_stub

siginfo: EXCEPTION_ACCESS_VIOLATION (0xc0000005), reading address 0x0000000000000000


Register to memory mapping:

RIP=0x00007ffac36cc7f0 jvm.dll
RAX=0x0 is NULL
RBX=0x00000238cb148b20 is a thread
RCX=0x0 is NULL
RDX=0x0 is NULL
RSP=0x000000be325feeb8 is pointing into the stack for thread: 0x00000238cb148b20
RBP=0x000000be325ff0b8 is pointing into the stack for thread: 0x00000238cb148b20
RSI=0x0 is NULL
RDI=0x0 is NULL
R8 =0x0 is NULL
R9 =0x0 is NULL
R10=0x00000238ae2ad5f2 is at code_begin+946 in an Interpreter codelet
method entry point (kind = native)  [0x00000238ae2ad240, 0x00000238ae2adbc0]  2432 bytes
R11=0x0000000000000104 is an unknown value
R12=0x0 is NULL
R13={method} {0x00000238d7c6c690} 'nativeSerializeFromFile' '(JLjava/lang/String;Ljava/lang/String;I)Z' in 'com/kitware/pulse/engine/PulseEngine'
R14=0x0 is NULL
R15=0x00000238cb148b20 is a thread


Registers:
RAX=0x0000000000000000, RBX=0x00000238cb148b20, RCX=0x0000000000000000, RDX=0x0000000000000000
RSP=0x000000be325feeb8, RBP=0x000000be325ff0b8, RSI=0x0000000000000000, RDI=0x0000000000000000
R8 =0x0000000000000000, R9 =0x0000000000000000, R10=0x00000238ae2ad5f2, R11=0x0000000000000104
R12=0x0000000000000000, R13=0x00000238d7c6c688, R14=0x0000000000000000, R15=0x00000238cb148b20
RIP=0x00007ffac36cc7f0, EFLAGS=0x0000000000010246

Top of Stack: (sp=0x000000be325feeb8)
0x000000be325feeb8:   00007ffac3aa94fa 000000be325fef28
0x000000be325feec8:   00000238d7f76338 0000000000000000
0x000000be325feed8:   00000007098d0858 00000238cb148b20
0x000000be325feee8:   0000000000000000 000000be325fef20
0x000000be325feef8:   000000be325fef78 00000238ae2a9962
0x000000be325fef08:   0000000000000001 0000000000000000
0x000000be325fef18:   0000000000000001 00000000000002f1
0x000000be325fef28:   000000070918dcd0 00000238d7c6c688
0x000000be325fef38:   00007ffabfa81e9a 000000be325ff0b8
0x000000be325fef48:   000000be325ff100 0000000000000000
0x000000be325fef58:   000000070f200000 00007ffac3aa9440
0x000000be325fef68:   0000000000000000 000000be325fefa8
0x000000be325fef78:   00007ffabfa856ea 00000238cb148dc8
0x000000be325fef88:   0000000000000000 0000000000000000
0x000000be325fef98:   000000070917f348 0000000000000001
0x000000be325fefa8:   0000000000000000 00000238d4428070 

Instructions: (pc=0x00007ffac36cc7f0)
0x00007ffac36cc6f0:   00 00 00 48 8b 41 38 48 8b 80 88 09 00 00 48 8b
0x00007ffac36cc700:   48 08 48 8b 40 50 48 d3 ea 80 3c 02 01 0f 85 cd
0x00007ffac36cc710:   00 00 00 48 8b 13 0f b6 c2 24 03 3c 03 75 19 48
0x00007ffac36cc720:   83 e2 fc 74 13 48 3b da 74 11 48 8b c2 48 8b 5c
0x00007ffac36cc730:   24 38 48 83 c4 20 5e c3 48 8b d3 48 8b 46 38 0f
0x00007ffac36cc740:   be 88 f0 02 00 00 c1 e9 02 f6 c1 01 74 dc 48 89
0x00007ffac36cc750:   7c 24 30 e8 28 e5 ff ff 48 8b 0d 09 32 b9 00 48
0x00007ffac36cc760:   8b f8 48 81 c1 90 09 00 00 8b 41 40 0f b6 57 21
0x00007ffac36cc770:   8d 42 01 88 47 21 84 d2 75 0a 48 8b d7 e8 7e a1
0x00007ffac36cc780:   6f 00 eb 20 80 7f 22 00 75 1a 8b 41 40 85 05 d1
0x00007ffac36cc790:   a3 9a 00 74 0f b8 ff ff ff ff f0 0f c1 41 40 e8
0x00007ffac36cc7a0:   ac a1 6f 00 48 8b 4e 38 4c 8b c7 48 8b d3 e8 dd
0x00007ffac36cc7b0:   f7 ff ff 0f b6 4f 21 48 8b d8 48 8b 15 a7 31 b9
0x00007ffac36cc7c0:   00 8d 41 ff 88 47 21 80 f9 01 77 0f 48 8d 8a 90
0x00007ffac36cc7d0:   09 00 00 48 8b d7 e8 55 a1 6f 00 48 8b 7c 24 30
0x00007ffac36cc7e0:   48 8b c3 48 8b 5c 24 38 48 83 c4 20 5e c3 cc cc
0x00007ffac36cc7f0:   48 8b 01 c3 cc cc cc cc cc cc cc cc cc cc cc cc
0x00007ffac36cc800:   4c 8b 01 4c 8b c9 48 8b 0d 03 c3 b4 00 ba 44 60
0x00007ffac36cc810:   08 00 e9 59 f2 ff ff cc cc cc cc cc cc cc cc cc
0x00007ffac36cc820:   48 89 5c 24 08 57 48 83 ec 20 48 8b 39 48 8b d9
0x00007ffac36cc830:   48 85 3d a1 a0 b9 00 75 0e 48 8b c7 48 8b 5c 24
0x00007ffac36cc840:   30 48 83 c4 20 5f c3 48 8b cf e8 91 6f 85 00 48
0x00007ffac36cc850:   8b d0 48 85 c0 74 20 48 8b c7 f0 48 0f b1 13 74
0x00007ffac36cc860:   16 48 85 05 70 a0 b9 00 74 0d 48 8b c8 f0 48 0f
0x00007ffac36cc870:   b1 13 48 3b c1 75 ea 48 8b 5c 24 30 48 8b c2 48
0x00007ffac36cc880:   83 c4 20 5f c3 cc cc cc cc cc cc cc cc cc cc cc
0x00007ffac36cc890:   4c 8b 01 4c 8b c9 48 8b 0d 73 c2 b4 00 ba 64 60
0x00007ffac36cc8a0:   08 00 e9 c9 f1 ff ff cc cc cc cc cc cc cc cc cc
0x00007ffac36cc8b0:   8b 05 32 0a af 00 c3 cc cc cc cc cc cc cc cc cc
0x00007ffac36cc8c0:   0f b6 05 a8 ca b5 00 48 8b d1 84 c0 74 16 44 8b
0x00007ffac36cc8d0:   41 08 8b 0d 10 0a af 00 49 d3 e0 4c 03 05 fe 09
0x00007ffac36cc8e0:   af 00 eb 04 4c 8b 41 08 45 8b 50 08 45 85 d2 7e 


Stack slot to memory mapping:
stack at sp + 0 slots: 0x00007ffac3aa94fa jvm.dll
stack at sp + 1 slots: 0x000000be325fef28 is pointing into the stack for thread: 0x00000238cb148b20
stack at sp + 2 slots: 0x00000238d7f76338 is pointing into metadata
stack at sp + 3 slots: 0x0 is NULL
stack at sp + 4 slots: 0x00000007098d0858 is an oop: java.lang.Class 
{0x00000007098d0858} - klass: 'java/lang/Class'
 - ---- fields (total size 14 words):
 - private volatile transient 'classRedefinedCount' 'I' @12  0
 - private volatile transient 'cachedConstructor' 'Ljava/lang/reflect/Constructor;' @40  NULL (0)
 - private transient 'name' 'Ljava/lang/String;' @44  "com.google.protobuf.util.JsonFormat$PrettyTextGenerator"{0x00000007098d08d8} (e131a11b)
 - private transient 'module' 'Ljava/lang/Module;' @48  a 'java/lang/Module'{0x0000000701048d80} (e02091b0)
 - private final 'classLoader' 'Ljava/lang/ClassLoader;' @52  a 'jdk/internal/loader/ClassLoaders$AppClassLoader'{0x0000000701015c48} (e0202b89)
 - private transient 'classData' 'Ljava/lang/Object;' @56  NULL (0)
 - private transient 'packageName' 'Ljava/lang/String;' @60  "com.google.protobuf.util"{0x000000070f2111a0} (e1e42234)
 - private final 'componentType' 'Ljava/lang/Class;' @64  NULL (0)
 - private volatile transient 'reflectionData' 'Ljava/lang/ref/SoftReference;' @68  NULL (0)
 - private volatile transient 'genericInfo' 'Lsun/reflect/generics/repository/ClassRepository;' @72  NULL (0)
 - private volatile transient 'enumConstants' '[Ljava/lang/Object;' @76  NULL (0)
 - private volatile transient 'enumConstantDirectory' 'Ljava/util/Map;' @80  NULL (0)
 - private volatile transient 'annotationData' 'Ljava/lang/Class$AnnotationData;' @84  NULL (0)
 - private volatile transient 'annotationType' 'Lsun/reflect/annotation/AnnotationType;' @88  NULL (0)
 - transient 'classValueMap' 'Ljava/lang/ClassValue$ClassValueMap;' @92  NULL (0)
 - signature: Lcom/google/protobuf/util/JsonFormat$PrettyTextGenerator;
 - fake entry for mirror: 'com/google/protobuf/util/JsonFormat$PrettyTextGenerator'
 - fake entry for array: NULL
 - fake entry for oop_size: 14
 - fake entry for static_oop_field_count: 0
stack at sp + 5 slots: 0x00000238cb148b20 is a thread
stack at sp + 6 slots: 0x0 is NULL
stack at sp + 7 slots: 0x000000be325fef20 is pointing into the stack for thread: 0x00000238cb148b20


---------------  P R O C E S S  ---------------

Threads class SMR info:
_java_thread_list=0x00000238d4f32300, length=20, elements={
0x00000238c9c3e760, 0x00000238ca87a670, 0x00000238ca84c420, 0x00000238ca84f200,
0x00000238ca84fbb0, 0x00000238ca850560, 0x00000238ca89e700, 0x00000238ca89f0f0,
0x00000238ca8a1af0, 0x00000238caa04570, 0x00000238caa1e020, 0x00000238cae0f330,
0x00000238cae18560, 0x00000238cae18a30, 0x00000238cae0db00, 0x00000238aabe6230,
0x00000238cb149990, 0x00000238cb148180, 0x00000238cb147310, 0x00000238cb148b20
}

Java Threads: ( => current thread )
  0x00000238c9c3e760 JavaThread "Reference Handler" daemon [_thread_blocked, id=10008, stack(0x000000be2fe00000,0x000000be2ff00000)]
  0x00000238ca87a670 JavaThread "Finalizer" daemon [_thread_blocked, id=17052, stack(0x000000be2ff00000,0x000000be30000000)]
  0x00000238ca84c420 JavaThread "Signal Dispatcher" daemon [_thread_blocked, id=2332, stack(0x000000be30000000,0x000000be30100000)]
  0x00000238ca84f200 JavaThread "Attach Listener" daemon [_thread_blocked, id=2272, stack(0x000000be30100000,0x000000be30200000)]
  0x00000238ca84fbb0 JavaThread "Service Thread" daemon [_thread_blocked, id=21436, stack(0x000000be30200000,0x000000be30300000)]
  0x00000238ca850560 JavaThread "Monitor Deflation Thread" daemon [_thread_blocked, id=15124, stack(0x000000be30300000,0x000000be30400000)]
  0x00000238ca89e700 JavaThread "C2 CompilerThread0" daemon [_thread_in_native, id=11892, stack(0x000000be30400000,0x000000be30500000)]
  0x00000238ca89f0f0 JavaThread "C1 CompilerThread0" daemon [_thread_blocked, id=11692, stack(0x000000be30500000,0x000000be30600000)]
  0x00000238ca8a1af0 JavaThread "Sweeper thread" daemon [_thread_blocked, id=8100, stack(0x000000be30600000,0x000000be30700000)]
  0x00000238caa04570 JavaThread "Notification Thread" daemon [_thread_blocked, id=4484, stack(0x000000be30700000,0x000000be30800000)]
  0x00000238caa1e020 JavaThread "Common-Cleaner" daemon [_thread_blocked, id=10056, stack(0x000000be30900000,0x000000be30a00000)]
  0x00000238cae0f330 JavaThread "Java2D Disposer" daemon [_thread_blocked, id=1504, stack(0x000000be30b00000,0x000000be30c00000)]
  0x00000238cae18560 JavaThread "AWT-Shutdown" [_thread_blocked, id=6312, stack(0x000000be30c00000,0x000000be30d00000)]
  0x00000238cae18a30 JavaThread "AWT-Windows" daemon [_thread_in_native, id=5236, stack(0x000000be30d00000,0x000000be30e00000)]
  0x00000238cae0db00 JavaThread "AWT-EventQueue-0" [_thread_blocked, id=3176, stack(0x000000be30e00000,0x000000be30f00000)]
  0x00000238aabe6230 JavaThread "DestroyJavaVM" [_thread_blocked, id=7492, stack(0x000000be2f700000,0x000000be2f800000)]
  0x00000238cb149990 JavaThread "TimerQueue" daemon [_thread_blocked, id=12664, stack(0x000000be30a00000,0x000000be30b00000)]
  0x00000238cb148180 JavaThread "D3D Screen Updater" daemon [_thread_in_native, id=21348, stack(0x000000be31600000,0x000000be31700000)]
  0x00000238cb147310 JavaThread "Swing-Shell" daemon [_thread_blocked, id=7480, stack(0x000000be32400000,0x000000be32500000)]
=>0x00000238cb148b20 JavaThread "SwingWorker-pool-2-thread-1" daemon [_thread_in_vm, id=22324, stack(0x000000be32500000,0x000000be32600000)]

Other Threads:
  0x00000238c9c3cfd0 VMThread "VM Thread" [stack: 0x000000be2fd00000,0x000000be2fe00000] [id=13924]
  0x00000238aac758a0 WatcherThread [stack: 0x000000be30800000,0x000000be30900000] [id=22036]
  0x00000238aac54580 GCTaskThread "GC Thread#0" [stack: 0x000000be2f800000,0x000000be2f900000] [id=12828]
  0x00000238d428c510 GCTaskThread "GC Thread#1" [stack: 0x000000be31100000,0x000000be31200000] [id=12668]
  0x00000238d428c7c0 GCTaskThread "GC Thread#2" [stack: 0x000000be31200000,0x000000be31300000] [id=8156]
  0x00000238d428ca70 GCTaskThread "GC Thread#3" [stack: 0x000000be31700000,0x000000be31800000] [id=20792]
  0x00000238d428cd20 GCTaskThread "GC Thread#4" [stack: 0x000000be31800000,0x000000be31900000] [id=12528]
  0x00000238d428d530 GCTaskThread "GC Thread#5" [stack: 0x000000be31900000,0x000000be31a00000] [id=16164]
  0x00000238d428cfd0 GCTaskThread "GC Thread#6" [stack: 0x000000be31a00000,0x000000be31b00000] [id=18368]
  0x00000238d428da90 GCTaskThread "GC Thread#7" [stack: 0x000000be31b00000,0x000000be31c00000] [id=1232]
  0x00000238d428d280 GCTaskThread "GC Thread#8" [stack: 0x000000be31c00000,0x000000be31d00000] [id=21476]
  0x00000238d428d7e0 GCTaskThread "GC Thread#9" [stack: 0x000000be31d00000,0x000000be31e00000] [id=19272]
  0x00000238aac65400 ConcurrentGCThread "G1 Main Marker" [stack: 0x000000be2f900000,0x000000be2fa00000] [id=10960]
  0x00000238aac65e10 ConcurrentGCThread "G1 Conc#0" [stack: 0x000000be2fa00000,0x000000be2fb00000] [id=1904]
  0x00000238d428bfb0 ConcurrentGCThread "G1 Conc#1" [stack: 0x000000be31f00000,0x000000be32000000] [id=14492]
  0x00000238d428c260 ConcurrentGCThread "G1 Conc#2" [stack: 0x000000be32000000,0x000000be32100000] [id=12240]
  0x00000238aacade30 ConcurrentGCThread "G1 Refine#0" [stack: 0x000000be2fb00000,0x000000be2fc00000] [id=10116]
  0x00000238d4bbc040 ConcurrentGCThread "G1 Refine#1" [stack: 0x000000be31e00000,0x000000be31f00000] [id=14136]
  0x00000238d4955c40 ConcurrentGCThread "G1 Refine#2" [stack: 0x000000be32100000,0x000000be32200000] [id=17588]
  0x00000238d35d4c70 ConcurrentGCThread "G1 Refine#3" [stack: 0x000000be32200000,0x000000be32300000] [id=8768]
  0x00000238d37adcb0 ConcurrentGCThread "G1 Refine#4" [stack: 0x000000be32300000,0x000000be32400000] [id=5836]
  0x00000238d446a9f0 ConcurrentGCThread "G1 Refine#5" [stack: 0x000000be32a20000,0x000000be32b20000] [id=18112]
  0x00000238d446acd0 ConcurrentGCThread "G1 Refine#6" [stack: 0x000000be32b20000,0x000000be32c20000] [id=17024]
  0x00000238d44698b0 ConcurrentGCThread "G1 Refine#7" [stack: 0x000000be32c20000,0x000000be32d20000] [id=12344]
  0x00000238d446a430 ConcurrentGCThread "G1 Refine#8" [stack: 0x000000be32d20000,0x000000be32e20000] [id=15028]
  0x00000238aacae850 ConcurrentGCThread "G1 Service" [stack: 0x000000be2fc00000,0x000000be2fd00000] [id=4204]

Threads with active compile tasks:
C2 CompilerThread0     4106 3471       4       sun.java2d.marlin.MarlinTileGenerator::getAlphaNoRLE (364 bytes)

VM state: not at safepoint (normal execution)

VM Mutex/Monitor currently owned by a thread: None

Heap address: 0x0000000700c00000, size: 4084 MB, Compressed Oops mode: Zero based, Oop shift amount: 3

CDS archive(s) not mapped
Compressed class space mapped at: 0x0000000800000000-0x0000000840000000, reserved size: 1073741824
Narrow klass base: 0x0000000800000000, Narrow klass shift: 0, Narrow klass range: 0x40000000

GC Precious Log:
 CPUs: 12 total, 12 available
 Memory: 16334M
 Large Page Support: Disabled
 NUMA Support: Disabled
 Compressed Oops: Enabled (Zero based)
 Heap Region Size: 2M
 Heap Min Capacity: 8M
 Heap Initial Capacity: 256M
 Heap Max Capacity: 4084M
 Pre-touch: Disabled
 Parallel Workers: 10
 Concurrent Workers: 3
 Concurrent Refinement Workers: 10
 Periodic GC: Disabled

Heap:
 garbage-first heap   total 153600K, used 35767K [0x0000000700c00000, 0x0000000800000000)
  region size 2048K, 9 young (18432K), 1 survivors (2048K)
 Metaspace       used 32645K, committed 32896K, reserved 1081344K
  class space    used 3395K, committed 3520K, reserved 1048576K

Heap Regions: E=young(eden), S=young(survivor), O=old, HS=humongous(starts), HC=humongous(continues), CS=collection set, F=free, OA=open archive, CA=closed archive, TAMS=top-at-mark-start (previous, next)
|   0|0x0000000700c00000, 0x0000000700e00000, 0x0000000700e00000|100%| O|  |TAMS 0x0000000700e00000, 0x0000000700c00000| Untracked 
|   1|0x0000000700e00000, 0x0000000700fc7c00, 0x0000000701000000| 89%| O|  |TAMS 0x0000000700fc7c00, 0x0000000700e00000| Untracked 
|   2|0x0000000701000000, 0x0000000701200000, 0x0000000701200000|100%| O|  |TAMS 0x0000000701200000, 0x0000000701000000| Untracked 
|   3|0x0000000701200000, 0x0000000701400000, 0x0000000701400000|100%| O|  |TAMS 0x0000000701400000, 0x0000000701200000| Untracked 
|   4|0x0000000701400000, 0x0000000701600000, 0x0000000701600000|100%| O|  |TAMS 0x0000000701600000, 0x0000000701400000| Untracked 
|   5|0x0000000701600000, 0x0000000701800000, 0x0000000701800000|100%| O|  |TAMS 0x0000000701800000, 0x0000000701600000| Untracked 
|   6|0x0000000701800000, 0x0000000701a00000, 0x0000000701a00000|100%| O|  |TAMS 0x0000000701a00000, 0x0000000701800000| Untracked 
|   7|0x0000000701a00000, 0x0000000701c00000, 0x0000000701c00000|100%| O|  |TAMS 0x0000000701c00000, 0x0000000701a00000| Untracked 
|   8|0x0000000701c00000, 0x0000000701c00000, 0x0000000701e00000|  0%| F|  |TAMS 0x0000000701c00000, 0x0000000701c00000| Untracked 
|   9|0x0000000701e00000, 0x0000000702000000, 0x0000000702000000|100%| O|  |TAMS 0x0000000702000000, 0x0000000701e00000| Untracked 
|  10|0x0000000702000000, 0x0000000702200000, 0x0000000702200000|100%| O|  |TAMS 0x000000070203a800, 0x0000000702000000| Untracked 
|  11|0x0000000702200000, 0x00000007022e7800, 0x0000000702400000| 45%| O|  |TAMS 0x0000000702200000, 0x0000000702200000| Untracked 
|  12|0x0000000702400000, 0x0000000702400000, 0x0000000702600000|  0%| F|  |TAMS 0x0000000702400000, 0x0000000702400000| Untracked 
|  13|0x0000000702600000, 0x0000000702600000, 0x0000000702800000|  0%| F|  |TAMS 0x0000000702600000, 0x0000000702600000| Untracked 
|  14|0x0000000702800000, 0x0000000702800000, 0x0000000702a00000|  0%| F|  |TAMS 0x0000000702800000, 0x0000000702800000| Untracked 
|  15|0x0000000702a00000, 0x0000000702a00000, 0x0000000702c00000|  0%| F|  |TAMS 0x0000000702a00000, 0x0000000702a00000| Untracked 
|  16|0x0000000702c00000, 0x0000000702c00000, 0x0000000702e00000|  0%| F|  |TAMS 0x0000000702c00000, 0x0000000702c00000| Untracked 
|  17|0x0000000702e00000, 0x0000000702e00000, 0x0000000703000000|  0%| F|  |TAMS 0x0000000702e00000, 0x0000000702e00000| Untracked 
|  18|0x0000000703000000, 0x0000000703000000, 0x0000000703200000|  0%| F|  |TAMS 0x0000000703000000, 0x0000000703000000| Untracked 
|  19|0x0000000703200000, 0x0000000703200000, 0x0000000703400000|  0%| F|  |TAMS 0x0000000703200000, 0x0000000703200000| Untracked 
|  20|0x0000000703400000, 0x0000000703400000, 0x0000000703600000|  0%| F|  |TAMS 0x0000000703400000, 0x0000000703400000| Untracked 
|  21|0x0000000703600000, 0x0000000703600000, 0x0000000703800000|  0%| F|  |TAMS 0x0000000703600000, 0x0000000703600000| Untracked 
|  22|0x0000000703800000, 0x0000000703800000, 0x0000000703a00000|  0%| F|  |TAMS 0x0000000703800000, 0x0000000703800000| Untracked 
|  23|0x0000000703a00000, 0x0000000703a00000, 0x0000000703c00000|  0%| F|  |TAMS 0x0000000703a00000, 0x0000000703a00000| Untracked 
|  24|0x0000000703c00000, 0x0000000703c00000, 0x0000000703e00000|  0%| F|  |TAMS 0x0000000703c00000, 0x0000000703c00000| Untracked 
|  25|0x0000000703e00000, 0x0000000703e00000, 0x0000000704000000|  0%| F|  |TAMS 0x0000000703e00000, 0x0000000703e00000| Untracked 
|  26|0x0000000704000000, 0x0000000704000000, 0x0000000704200000|  0%| F|  |TAMS 0x0000000704000000, 0x0000000704000000| Untracked 
|  27|0x0000000704200000, 0x0000000704200000, 0x0000000704400000|  0%| F|  |TAMS 0x0000000704200000, 0x0000000704200000| Untracked 
|  28|0x0000000704400000, 0x0000000704400000, 0x0000000704600000|  0%| F|  |TAMS 0x0000000704400000, 0x0000000704400000| Untracked 
|  29|0x0000000704600000, 0x0000000704600000, 0x0000000704800000|  0%| F|  |TAMS 0x0000000704600000, 0x0000000704600000| Untracked 
|  30|0x0000000704800000, 0x0000000704800000, 0x0000000704a00000|  0%| F|  |TAMS 0x0000000704800000, 0x0000000704800000| Untracked 
|  31|0x0000000704a00000, 0x0000000704a00000, 0x0000000704c00000|  0%| F|  |TAMS 0x0000000704a00000, 0x0000000704a00000| Untracked 
|  32|0x0000000704c00000, 0x0000000704c00000, 0x0000000704e00000|  0%| F|  |TAMS 0x0000000704c00000, 0x0000000704c00000| Untracked 
|  33|0x0000000704e00000, 0x0000000704e00000, 0x0000000705000000|  0%| F|  |TAMS 0x0000000704e00000, 0x0000000704e00000| Untracked 
|  34|0x0000000705000000, 0x0000000705000000, 0x0000000705200000|  0%| F|  |TAMS 0x0000000705000000, 0x0000000705000000| Untracked 
|  35|0x0000000705200000, 0x0000000705200000, 0x0000000705400000|  0%| F|  |TAMS 0x0000000705200000, 0x0000000705200000| Untracked 
|  36|0x0000000705400000, 0x0000000705400000, 0x0000000705600000|  0%| F|  |TAMS 0x0000000705400000, 0x0000000705400000| Untracked 
|  37|0x0000000705600000, 0x0000000705600000, 0x0000000705800000|  0%| F|  |TAMS 0x0000000705600000, 0x0000000705600000| Untracked 
|  38|0x0000000705800000, 0x0000000705800000, 0x0000000705a00000|  0%| F|  |TAMS 0x0000000705800000, 0x0000000705800000| Untracked 
|  39|0x0000000705a00000, 0x0000000705a00000, 0x0000000705c00000|  0%| F|  |TAMS 0x0000000705a00000, 0x0000000705a00000| Untracked 
|  40|0x0000000705c00000, 0x0000000705c00000, 0x0000000705e00000|  0%| F|  |TAMS 0x0000000705c00000, 0x0000000705c00000| Untracked 
|  41|0x0000000705e00000, 0x0000000705e00000, 0x0000000706000000|  0%| F|  |TAMS 0x0000000705e00000, 0x0000000705e00000| Untracked 
|  42|0x0000000706000000, 0x0000000706000000, 0x0000000706200000|  0%| F|  |TAMS 0x0000000706000000, 0x0000000706000000| Untracked 
|  43|0x0000000706200000, 0x0000000706200000, 0x0000000706400000|  0%| F|  |TAMS 0x0000000706200000, 0x0000000706200000| Untracked 
|  44|0x0000000706400000, 0x0000000706400000, 0x0000000706600000|  0%| F|  |TAMS 0x0000000706400000, 0x0000000706400000| Untracked 
|  45|0x0000000706600000, 0x0000000706600000, 0x0000000706800000|  0%| F|  |TAMS 0x0000000706600000, 0x0000000706600000| Untracked 
|  46|0x0000000706800000, 0x0000000706800000, 0x0000000706a00000|  0%| F|  |TAMS 0x0000000706800000, 0x0000000706800000| Untracked 
|  47|0x0000000706a00000, 0x0000000706a00000, 0x0000000706c00000|  0%| F|  |TAMS 0x0000000706a00000, 0x0000000706a00000| Untracked 
|  48|0x0000000706c00000, 0x0000000706c00000, 0x0000000706e00000|  0%| F|  |TAMS 0x0000000706c00000, 0x0000000706c00000| Untracked 
|  49|0x0000000706e00000, 0x0000000706e00000, 0x0000000707000000|  0%| F|  |TAMS 0x0000000706e00000, 0x0000000706e00000| Untracked 
|  50|0x0000000707000000, 0x0000000707000000, 0x0000000707200000|  0%| F|  |TAMS 0x0000000707000000, 0x0000000707000000| Untracked 
|  51|0x0000000707200000, 0x0000000707200000, 0x0000000707400000|  0%| F|  |TAMS 0x0000000707200000, 0x0000000707200000| Untracked 
|  52|0x0000000707400000, 0x0000000707400000, 0x0000000707600000|  0%| F|  |TAMS 0x0000000707400000, 0x0000000707400000| Untracked 
|  53|0x0000000707600000, 0x0000000707600000, 0x0000000707800000|  0%| F|  |TAMS 0x0000000707600000, 0x0000000707600000| Untracked 
|  54|0x0000000707800000, 0x0000000707800000, 0x0000000707a00000|  0%| F|  |TAMS 0x0000000707800000, 0x0000000707800000| Untracked 
|  55|0x0000000707a00000, 0x0000000707a00000, 0x0000000707c00000|  0%| F|  |TAMS 0x0000000707a00000, 0x0000000707a00000| Untracked 
|  56|0x0000000707c00000, 0x0000000707c00000, 0x0000000707e00000|  0%| F|  |TAMS 0x0000000707c00000, 0x0000000707c00000| Untracked 
|  57|0x0000000707e00000, 0x0000000707e00000, 0x0000000708000000|  0%| F|  |TAMS 0x0000000707e00000, 0x0000000707e00000| Untracked 
|  58|0x0000000708000000, 0x0000000708000000, 0x0000000708200000|  0%| F|  |TAMS 0x0000000708000000, 0x0000000708000000| Untracked 
|  59|0x0000000708200000, 0x0000000708200000, 0x0000000708400000|  0%| F|  |TAMS 0x0000000708200000, 0x0000000708200000| Untracked 
|  60|0x0000000708400000, 0x0000000708400000, 0x0000000708600000|  0%| F|  |TAMS 0x0000000708400000, 0x0000000708400000| Untracked 
|  61|0x0000000708600000, 0x0000000708600000, 0x0000000708800000|  0%| F|  |TAMS 0x0000000708600000, 0x0000000708600000| Untracked 
|  62|0x0000000708800000, 0x0000000708800000, 0x0000000708a00000|  0%| F|  |TAMS 0x0000000708800000, 0x0000000708800000| Untracked 
|  63|0x0000000708a00000, 0x0000000708a00000, 0x0000000708c00000|  0%| F|  |TAMS 0x0000000708a00000, 0x0000000708a00000| Untracked 
|  64|0x0000000708c00000, 0x0000000708c00000, 0x0000000708e00000|  0%| F|  |TAMS 0x0000000708c00000, 0x0000000708c00000| Untracked 
|  65|0x0000000708e00000, 0x0000000708e00000, 0x0000000709000000|  0%| F|  |TAMS 0x0000000708e00000, 0x0000000708e00000| Untracked 
|  66|0x0000000709000000, 0x00000007091eff88, 0x0000000709200000| 96%| E|  |TAMS 0x0000000709000000, 0x0000000709000000| Complete 
|  67|0x0000000709200000, 0x0000000709400000, 0x0000000709400000|100%| E|CS|TAMS 0x0000000709200000, 0x0000000709200000| Complete 
|  68|0x0000000709400000, 0x0000000709600000, 0x0000000709600000|100%| E|CS|TAMS 0x0000000709400000, 0x0000000709400000| Complete 
|  69|0x0000000709600000, 0x0000000709800000, 0x0000000709800000|100%| E|CS|TAMS 0x0000000709600000, 0x0000000709600000| Complete 
|  70|0x0000000709800000, 0x0000000709a00000, 0x0000000709a00000|100%| E|CS|TAMS 0x0000000709800000, 0x0000000709800000| Complete 
|  71|0x0000000709a00000, 0x0000000709c00000, 0x0000000709c00000|100%| E|CS|TAMS 0x0000000709a00000, 0x0000000709a00000| Complete 
| 115|0x000000070f200000, 0x000000070f23eaa0, 0x000000070f400000| 12%| S|CS|TAMS 0x000000070f200000, 0x000000070f200000| Complete 
| 116|0x000000070f400000, 0x000000070f600000, 0x000000070f600000|100%| E|CS|TAMS 0x000000070f400000, 0x000000070f400000| Complete 
| 127|0x0000000710a00000, 0x0000000710c00000, 0x0000000710c00000|100%| E|CS|TAMS 0x0000000710a00000, 0x0000000710a00000| Complete 

Card table byte_map: [0x00000238bdff0000,0x00000238be7f0000] _byte_map_base: 0x00000238ba7ea000

Marking Bits (Prev, Next): (CMBitMap*) 0x00000238aac54bd0, (CMBitMap*) 0x00000238aac54b90
 Prev Bits: [0x00000238c2fc0000, 0x00000238c6f90000)
 Next Bits: [0x00000238beff0000, 0x00000238c2fc0000)

Polling page: 0x00000238aa3b0000

Metaspace:

Usage:
  Non-class:     28.57 MB used.
      Class:      3.32 MB used.
       Both:     31.88 MB used.

Virtual space:
  Non-class space:       32.00 MB reserved,      28.69 MB ( 90%) committed,  4 nodes.
      Class space:        1.00 GB reserved,       3.44 MB ( <1%) committed,  1 nodes.
             Both:        1.03 GB reserved,      32.12 MB (  3%) committed. 

Chunk freelists:
   Non-Class:  3.04 MB
       Class:  411.00 KB
        Both:  3.44 MB

MaxMetaspaceSize: unlimited
CompressedClassSpaceSize: 1.00 GB
Initial GC threshold: 21.00 MB
Current GC threshold: 44.81 MB
CDS: off
MetaspaceReclaimPolicy: balanced
 - commit_granule_bytes: 65536.
 - commit_granule_words: 8192.
 - virtual_space_node_default_size: 1048576.
 - enlarge_chunks_in_place: 1.
 - new_chunks_are_fully_committed: 0.
 - uncommit_free_chunks: 1.
 - use_allocation_guard: 0.
 - handle_deallocations: 1.


Internal statistics:

num_allocs_failed_limit: 3.
num_arena_births: 148.
num_arena_deaths: 0.
num_vsnodes_births: 5.
num_vsnodes_deaths: 0.
num_space_committed: 514.
num_space_uncommitted: 0.
num_chunks_returned_to_freelist: 3.
num_chunks_taken_from_freelist: 551.
num_chunk_merges: 0.
num_chunk_splits: 413.
num_chunks_enlarged: 347.
num_purges: 0.
num_inconsistent_stats: 0.

CodeHeap 'non-profiled nmethods': size=120000Kb used=1578Kb max_used=1578Kb free=118422Kb
 bounds [0x00000238b5d70000, 0x00000238b5fe0000, 0x00000238bd2a0000]
CodeHeap 'profiled nmethods': size=120000Kb used=7259Kb max_used=7259Kb free=112740Kb
 bounds [0x00000238ae840000, 0x00000238aef60000, 0x00000238b5d70000]
CodeHeap 'non-nmethods': size=5760Kb used=1393Kb max_used=1432Kb free=4367Kb
 bounds [0x00000238ae2a0000, 0x00000238ae510000, 0x00000238ae840000]
 total_blobs=4217 nmethods=3478 adapters=650
 compilation: enabled
              stopped_count=0, restarted_count=0
 full_count=0

Compilation events (20 events):
Event: 4.087 Thread 0x00000238ca89f0f0 nmethod 3443 0x00000238aef3e590 code [0x00000238aef3e760, 0x00000238aef3ea68]
Event: 4.087 Thread 0x00000238ca89f0f0 3444       3       java.awt.Rectangle::getY (6 bytes)
Event: 4.087 Thread 0x00000238ca89f0f0 nmethod 3444 0x00000238aef3eb90 code [0x00000238aef3ed20, 0x00000238aef3ee38]
Event: 4.087 Thread 0x00000238ca89f0f0 3445       3       sun.java2d.pipe.Region::getIntersectionXYWH (18 bytes)
Event: 4.087 Thread 0x00000238ca89f0f0 nmethod 3445 0x00000238aef3ef10 code [0x00000238aef3f0c0, 0x00000238aef3f3c8]
Event: 4.090 Thread 0x00000238ca89f0f0 3447       3       sun.java2d.pipe.AlphaColorPipe::startSequence (2 bytes)
Event: 4.090 Thread 0x00000238ca89f0f0 nmethod 3447 0x00000238aef3f510 code [0x00000238aef3f6a0, 0x00000238aef3f7b8]
Event: 4.090 Thread 0x00000238ca89f0f0 3448       3       sun.java2d.pipe.AlphaColorPipe::endSequence (1 bytes)
Event: 4.090 Thread 0x00000238ca89f0f0 nmethod 3448 0x00000238aef3f890 code [0x00000238aef3fa20, 0x00000238aef3fb38]
Event: 4.090 Thread 0x00000238ca89f0f0 3449       3       java.lang.invoke.LambdaFormEditor::bindArgumentType (101 bytes)
Event: 4.090 Thread 0x00000238ca89f0f0 nmethod 3449 0x00000238aef3fc10 code [0x00000238aef3fdc0, 0x00000238aef3ffe8]
Event: 4.090 Thread 0x00000238ca89f0f0 3451       3       com.google.protobuf.Descriptors$FieldDescriptor::isExtension (8 bytes)
Event: 4.090 Thread 0x00000238ca89f0f0 nmethod 3451 0x00000238aef40110 code [0x00000238aef402a0, 0x00000238aef40478]
Event: 4.090 Thread 0x00000238ca89f0f0 3450       3       java.lang.invoke.LambdaFormEditor::bindArgumentForm (269 bytes)
Event: 4.091 Thread 0x00000238ca89e700 nmethod 3437 0x00000238b5ef7d10 code [0x00000238b5ef7ee0, 0x00000238b5ef8810]
Event: 4.091 Thread 0x00000238ca89e700 3446   !   4       java.awt.KeyboardFocusManager::getFocusOwner (42 bytes)
Event: 4.092 Thread 0x00000238ca89f0f0 nmethod 3450 0x00000238aef40590 code [0x00000238aef40940, 0x00000238aef42268]
Event: 4.092 Thread 0x00000238ca89f0f0 3453   !   3       com.google.protobuf.GeneratedMessage$FieldAccessorTable::ensureFieldAccessorsInitialized (520 bytes)
Event: 4.092 Thread 0x00000238ca89e700 nmethod 3446 0x00000238b5ef8b90 code [0x00000238b5ef8d20, 0x00000238b5ef9058]
Event: 4.092 Thread 0x00000238ca89e700 3454       4       jdk.internal.reflect.ClassFileAssembler::emitByte (11 bytes)

GC Heap History (18 events):
Event: 1.666 GC heap before
{Heap before GC invocations=0 (full 0):
 garbage-first heap   total 262144K, used 20480K [0x0000000700c00000, 0x0000000800000000)
  region size 2048K, 11 young (22528K), 0 survivors (0K)
 Metaspace       used 21352K, committed 21504K, reserved 1073152K
  class space    used 2203K, committed 2304K, reserved 1048576K
}
Event: 1.670 GC heap after
{Heap after GC invocations=1 (full 0):
 garbage-first heap   total 262144K, used 7967K [0x0000000700c00000, 0x0000000800000000)
  region size 2048K, 2 young (4096K), 2 survivors (4096K)
 Metaspace       used 21352K, committed 21504K, reserved 1073152K
  class space    used 2203K, committed 2304K, reserved 1048576K
}
Event: 3.334 GC heap before
{Heap before GC invocations=2 (full 0):
 garbage-first heap   total 34816K, used 16159K [0x0000000700c00000, 0x0000000800000000)
  region size 2048K, 6 young (12288K), 2 survivors (4096K)
 Metaspace       used 23814K, committed 24000K, reserved 1073152K
  class space    used 2442K, committed 2560K, reserved 1048576K
}
Event: 3.337 GC heap after
{Heap after GC invocations=3 (full 0):
 garbage-first heap   total 34816K, used 9013K [0x0000000700c00000, 0x0000000800000000)
  region size 2048K, 1 young (2048K), 1 survivors (2048K)
 Metaspace       used 23814K, committed 24000K, reserved 1073152K
  class space    used 2442K, committed 2560K, reserved 1048576K
}
Event: 3.407 GC heap before
{Heap before GC invocations=3 (full 0):
 garbage-first heap   total 34816K, used 15157K [0x0000000700c00000, 0x0000000800000000)
  region size 2048K, 5 young (10240K), 1 survivors (2048K)
 Metaspace       used 25895K, committed 26176K, reserved 1073152K
  class space    used 2683K, committed 2816K, reserved 1048576K
}
Event: 3.408 GC heap after
{Heap after GC invocations=4 (full 0):
 garbage-first heap   total 34816K, used 9091K [0x0000000700c00000, 0x0000000800000000)
  region size 2048K, 1 young (2048K), 1 survivors (2048K)
 Metaspace       used 25895K, committed 26176K, reserved 1073152K
  class space    used 2683K, committed 2816K, reserved 1048576K
}
Event: 3.474 GC heap before
{Heap before GC invocations=4 (full 0):
 garbage-first heap   total 34816K, used 19331K [0x0000000700c00000, 0x0000000800000000)
  region size 2048K, 6 young (12288K), 1 survivors (2048K)
 Metaspace       used 26365K, committed 26560K, reserved 1081344K
  class space    used 2713K, committed 2816K, reserved 1048576K
}
Event: 3.478 GC heap after
{Heap after GC invocations=5 (full 0):
 garbage-first heap   total 34816K, used 16179K [0x0000000700c00000, 0x0000000800000000)
  region size 2048K, 1 young (2048K), 1 survivors (2048K)
 Metaspace       used 26365K, committed 26560K, reserved 1081344K
  class space    used 2713K, committed 2816K, reserved 1048576K
}
Event: 3.491 GC heap before
{Heap before GC invocations=5 (full 0):
 garbage-first heap   total 34816K, used 20275K [0x0000000700c00000, 0x0000000800000000)
  region size 2048K, 3 young (6144K), 1 survivors (2048K)
 Metaspace       used 26365K, committed 26560K, reserved 1081344K
  class space    used 2713K, committed 2816K, reserved 1048576K
}
Event: 3.494 GC heap after
{Heap after GC invocations=6 (full 0):
 garbage-first heap   total 34816K, used 20041K [0x0000000700c00000, 0x0000000800000000)
  region size 2048K, 1 young (2048K), 1 survivors (2048K)
 Metaspace       used 26365K, committed 26560K, reserved 1081344K
  class space    used 2713K, committed 2816K, reserved 1048576K
}
Event: 3.510 GC heap before
{Heap before GC invocations=7 (full 0):
 garbage-first heap   total 38912K, used 20041K [0x0000000700c00000, 0x0000000800000000)
  region size 2048K, 2 young (4096K), 1 survivors (2048K)
 Metaspace       used 26461K, committed 26688K, reserved 1081344K
  class space    used 2719K, committed 2816K, reserved 1048576K
}
Event: 3.512 GC heap after
{Heap after GC invocations=8 (full 0):
 garbage-first heap   total 38912K, used 21943K [0x0000000700c00000, 0x0000000800000000)
  region size 2048K, 1 young (2048K), 1 survivors (2048K)
 Metaspace       used 26461K, committed 26688K, reserved 1081344K
  class space    used 2719K, committed 2816K, reserved 1048576K
}
Event: 3.542 GC heap before
{Heap before GC invocations=8 (full 0):
 garbage-first heap   total 38912K, used 23991K [0x0000000700c00000, 0x0000000800000000)
  region size 2048K, 2 young (4096K), 1 survivors (2048K)
 Metaspace       used 27195K, committed 27392K, reserved 1081344K
  class space    used 2812K, committed 2880K, reserved 1048576K
}
Event: 3.543 GC heap after
{Heap after GC invocations=9 (full 0):
 garbage-first heap   total 38912K, used 22126K [0x0000000700c00000, 0x0000000800000000)
  region size 2048K, 1 young (2048K), 1 survivors (2048K)
 Metaspace       used 27195K, committed 27392K, reserved 1081344K
  class space    used 2812K, committed 2880K, reserved 1048576K
}
Event: 3.571 GC heap before
{Heap before GC invocations=10 (full 0):
 garbage-first heap   total 45056K, used 24174K [0x0000000700c00000, 0x0000000800000000)
  region size 2048K, 2 young (4096K), 1 survivors (2048K)
 Metaspace       used 27817K, committed 27968K, reserved 1081344K
  class space    used 2879K, committed 2944K, reserved 1048576K
}
Event: 3.571 GC heap after
{Heap after GC invocations=11 (full 0):
 garbage-first heap   total 45056K, used 22061K [0x0000000700c00000, 0x0000000800000000)
  region size 2048K, 1 young (2048K), 1 survivors (2048K)
 Metaspace       used 27817K, committed 27968K, reserved 1081344K
  class space    used 2879K, committed 2944K, reserved 1048576K
}
Event: 3.588 GC heap before
{Heap before GC invocations=11 (full 0):
 garbage-first heap   total 45056K, used 24109K [0x0000000700c00000, 0x0000000800000000)
  region size 2048K, 2 young (4096K), 1 survivors (2048K)
 Metaspace       used 28481K, committed 28672K, reserved 1081344K
  class space    used 2933K, committed 3008K, reserved 1048576K
}
Event: 3.589 GC heap after
{Heap after GC invocations=12 (full 0):
 garbage-first heap   total 153600K, used 21431K [0x0000000700c00000, 0x0000000800000000)
  region size 2048K, 1 young (2048K), 1 survivors (2048K)
 Metaspace       used 28481K, committed 28672K, reserved 1081344K
  class space    used 2933K, committed 3008K, reserved 1048576K
}

Deoptimization events (20 events):
Event: 4.090 Thread 0x00000238cb148b20 Uncommon trap: trap_request=0xffffffbe fr.pc=0x00000238b5ef787c relative=0x000000000000045c
Event: 4.090 Thread 0x00000238cb148b20 Uncommon trap: reason=profile_predicate action=maybe_recompile pc=0x00000238b5ef787c method=java.lang.PublicMethods$MethodList.filter([Ljava/lang/reflect/Method;Ljava/lang/String;[Ljava/lang/Class;Z)Ljava/lang/PublicMethods$MethodList; @ 21 c2
Event: 4.090 Thread 0x00000238cb148b20 DEOPT PACKING pc=0x00000238b5ef787c sp=0x000000be325fe960
Event: 4.090 Thread 0x00000238cb148b20 DEOPT UNPACKING pc=0x00000238ae2f23a3 sp=0x000000be325fe8f8 mode 2
Event: 4.090 Thread 0x00000238cb148b20 Uncommon trap: trap_request=0xffffffc6 fr.pc=0x00000238b5eec59c relative=0x000000000000007c
Event: 4.090 Thread 0x00000238cb148b20 Uncommon trap: reason=bimorphic_or_optimized_type_check action=maybe_recompile pc=0x00000238b5eec59c method=java.util.Collections$UnmodifiableCollection.size()I @ 4 c2
Event: 4.090 Thread 0x00000238cb148b20 DEOPT PACKING pc=0x00000238b5eec59c sp=0x000000be325fecd0
Event: 4.090 Thread 0x00000238cb148b20 DEOPT UNPACKING pc=0x00000238ae2f23a3 sp=0x000000be325fec60 mode 2
Event: 4.090 Thread 0x00000238cb148b20 Uncommon trap: trap_request=0xffffffbe fr.pc=0x00000238b5ef787c relative=0x000000000000045c
Event: 4.090 Thread 0x00000238cb148b20 Uncommon trap: reason=profile_predicate action=maybe_recompile pc=0x00000238b5ef787c method=java.lang.PublicMethods$MethodList.filter([Ljava/lang/reflect/Method;Ljava/lang/String;[Ljava/lang/Class;Z)Ljava/lang/PublicMethods$MethodList; @ 21 c2
Event: 4.090 Thread 0x00000238cb148b20 DEOPT PACKING pc=0x00000238b5ef787c sp=0x000000be325fe960
Event: 4.090 Thread 0x00000238cb148b20 DEOPT UNPACKING pc=0x00000238ae2f23a3 sp=0x000000be325fe8f8 mode 2
Event: 4.090 Thread 0x00000238cb148b20 Uncommon trap: trap_request=0xffffffbe fr.pc=0x00000238b5ef787c relative=0x000000000000045c
Event: 4.090 Thread 0x00000238cb148b20 Uncommon trap: reason=profile_predicate action=maybe_recompile pc=0x00000238b5ef787c method=java.lang.PublicMethods$MethodList.filter([Ljava/lang/reflect/Method;Ljava/lang/String;[Ljava/lang/Class;Z)Ljava/lang/PublicMethods$MethodList; @ 21 c2
Event: 4.090 Thread 0x00000238cb148b20 DEOPT PACKING pc=0x00000238b5ef787c sp=0x000000be325fe960
Event: 4.090 Thread 0x00000238cb148b20 DEOPT UNPACKING pc=0x00000238ae2f23a3 sp=0x000000be325fe8f8 mode 2
Event: 4.090 Thread 0x00000238cb148b20 Uncommon trap: trap_request=0xffffffbe fr.pc=0x00000238b5ef787c relative=0x000000000000045c
Event: 4.090 Thread 0x00000238cb148b20 Uncommon trap: reason=profile_predicate action=maybe_recompile pc=0x00000238b5ef787c method=java.lang.PublicMethods$MethodList.filter([Ljava/lang/reflect/Method;Ljava/lang/String;[Ljava/lang/Class;Z)Ljava/lang/PublicMethods$MethodList; @ 21 c2
Event: 4.090 Thread 0x00000238cb148b20 DEOPT PACKING pc=0x00000238b5ef787c sp=0x000000be325fe960
Event: 4.090 Thread 0x00000238cb148b20 DEOPT UNPACKING pc=0x00000238ae2f23a3 sp=0x000000be325fe8f8 mode 2

Classes unloaded (0 events):
No events

Classes redefined (0 events):
No events

Internal exceptions (20 events):
Event: 0.236 Thread 0x00000238cae0db00 Exception <a 'java/lang/ClassNotFoundException'{0x0000000710576f20}: ToolBarSeparator> (0x0000000710576f20) 
thrown [s\src\hotspot\share\classfile\systemDictionary.cpp, line 256]
Event: 0.236 Thread 0x00000238cae0db00 Exception <a 'java/lang/ClassNotFoundException'{0x0000000710577470}: ToolTip> (0x0000000710577470) 
thrown [s\src\hotspot\share\classfile\systemDictionary.cpp, line 256]
Event: 0.237 Thread 0x00000238cae0db00 Exception <a 'java/lang/ClassNotFoundException'{0x0000000710577df0}: Tree> (0x0000000710577df0) 
thrown [s\src\hotspot\share\classfile\systemDictionary.cpp, line 256]
Event: 0.237 Thread 0x00000238cae0db00 Exception <a 'java/lang/ClassNotFoundException'{0x00000007105782e8}: Tree> (0x00000007105782e8) 
thrown [s\src\hotspot\share\classfile\systemDictionary.cpp, line 256]
Event: 0.237 Thread 0x00000238cae0db00 Exception <a 'java/lang/ClassNotFoundException'{0x0000000710578658}: javax/swing/JTreeCell> (0x0000000710578658) 
thrown [s\src\hotspot\share\classfile\systemDictionary.cpp, line 256]
Event: 0.237 Thread 0x00000238cae0db00 Exception <a 'java/lang/ClassNotFoundException'{0x0000000710578958}: TreeCell> (0x0000000710578958) 
thrown [s\src\hotspot\share\classfile\systemDictionary.cpp, line 256]
Event: 0.238 Thread 0x00000238cae0db00 Exception <a 'java/lang/ClassNotFoundException'{0x0000000710579150}: RootPane> (0x0000000710579150) 
thrown [s\src\hotspot\share\classfile\systemDictionary.cpp, line 256]
Event: 0.239 Thread 0x00000238cae0db00 Exception <a 'java/lang/NoSuchMethodError'{0x000000071057ab58}: 'void java.lang.invoke.DirectMethodHandle$Holder.invokeSpecial(java.lang.Object, java.lang.Object, java.lang.Object)'> (0x000000071057ab58) 
thrown [s\src\hotspot\share\interpreter\linkResolver.cpp, line 759]
Event: 0.244 Thread 0x00000238cae0db00 Exception <a 'java/lang/NoSuchMethodError'{0x0000000710588160}: 'java.lang.Object java.lang.invoke.DirectMethodHandle$Holder.invokeStatic(java.lang.Object, int, java.lang.Object, java.lang.Object, java.lang.Object, java.lang.Object)'> (0x0000000710588160) 
thrown [s\src\hotspot\share\interpreter\linkResolver.cpp, line 759]
Event: 0.361 Thread 0x00000238cae0db00 Exception <a 'java/lang/ClassNotFoundException'{0x00000007102047d8}: com/sun/swing/internal/plaf/synth/resources/spi/synthProvider> (0x00000007102047d8) 
thrown [s\src\hotspot\share\classfile\systemDictionary.cpp, line 256]
Event: 0.361 Thread 0x00000238cae0db00 Exception <a 'java/lang/ClassNotFoundException'{0x0000000710208c18}: com/sun/swing/internal/plaf/basic/resources/spi/basicProvider> (0x0000000710208c18) 
thrown [s\src\hotspot\share\classfile\systemDictionary.cpp, line 256]
Event: 0.378 Thread 0x00000238cae0db00 Exception <a 'java/lang/NoSuchMethodError'{0x0000000710273ce0}: 'void java.lang.invoke.DirectMethodHandle$Holder.invokeStatic(java.lang.Object, java.lang.Object)'> (0x0000000710273ce0) 
thrown [s\src\hotspot\share\interpreter\linkResolver.cpp, line 759]
Event: 0.512 Thread 0x00000238cae0db00 Exception <a 'java/lang/NoSuchMethodError'{0x000000070fe3c880}: 'java.lang.Object java.lang.invoke.DirectMethodHandle$Holder.newInvokeSpecial(java.lang.Object, java.lang.Object, java.lang.Object, java.lang.Object, java.lang.Object)'> (0x000000070fe3c880) 
thrown [s\src\hotspot\share\interpreter\linkResolver.cpp, line 759]
Event: 0.589 Thread 0x00000238cae0db00 Implicit null exception at 0x00000238b5dd4743 to 0x00000238b5dd5188
Event: 0.598 Thread 0x00000238cae0db00 Exception <a 'java/lang/NoSuchMethodError'{0x000000070fd67b10}: 'void java.lang.invoke.DirectMethodHandle$Holder.invokeSpecial(java.lang.Object, java.lang.Object, java.lang.Object, java.lang.Object, java.lang.Object)'> (0x000000070fd67b10) 
thrown [s\src\hotspot\share\interpreter\linkResolver.cpp, line 759]
Event: 0.599 Thread 0x00000238cae0db00 Exception <a 'java/lang/NoSuchMethodError'{0x000000070fd7de68}: 'void java.lang.invoke.DirectMethodHandle$Holder.invokeStatic(java.lang.Object, java.lang.Object, java.lang.Object)'> (0x000000070fd7de68) 
thrown [s\src\hotspot\share\interpreter\linkResolver.cpp, line 759]
Event: 0.677 Thread 0x00000238cae0db00 Exception <a 'java/lang/NoSuchMethodError'{0x000000070fb0c168}: 'void java.lang.invoke.DirectMethodHandle$Holder.invokeStaticInit(java.lang.Object)'> (0x000000070fb0c168) 
thrown [s\src\hotspot\share\interpreter\linkResolver.cpp, line 759]
Event: 0.772 Thread 0x00000238cae18a30 Exception <a 'java/lang/NoSuchMethodError'{0x000000071040c148}: 'void java.lang.invoke.DirectMethodHandle$Holder.invokeVirtual(java.lang.Object, java.lang.Object)'> (0x000000071040c148) 
thrown [s\src\hotspot\share\interpreter\linkResolver.cpp, line 759]
Event: 1.657 Thread 0x00000238cae0db00 Implicit null exception at 0x00000238b5deddb0 to 0x00000238b5dede12
Event: 1.878 Thread 0x00000238cae0db00 Exception <a 'java/lang/NoSuchMethodError'{0x0000000710ba02e8}: 'int java.lang.invoke.DirectMethodHandle$Holder.invokeStatic(java.lang.Object)'> (0x0000000710ba02e8) 
thrown [s\src\hotspot\share\interpreter\linkResolver.cpp, line 759]

VM Operations (20 events):
Event: 3.502 Executing VM operation: G1Concurrent
Event: 3.504 Executing VM operation: G1Concurrent done
Event: 3.504 Executing VM operation: G1Concurrent
Event: 3.504 Executing VM operation: G1Concurrent done
Event: 3.510 Executing VM operation: G1CollectForAllocation
Event: 3.512 Executing VM operation: G1CollectForAllocation done
Event: 3.513 Executing VM operation: HandshakeAllThreads
Event: 3.513 Executing VM operation: HandshakeAllThreads done
Event: 3.542 Executing VM operation: G1CollectForAllocation
Event: 3.543 Executing VM operation: G1CollectForAllocation done
Event: 3.552 Executing VM operation: G1Concurrent
Event: 3.553 Executing VM operation: G1Concurrent done
Event: 3.557 Executing VM operation: G1Concurrent
Event: 3.557 Executing VM operation: G1Concurrent done
Event: 3.571 Executing VM operation: G1CollectForAllocation
Event: 3.571 Executing VM operation: G1CollectForAllocation done
Event: 3.588 Executing VM operation: G1CollectForAllocation
Event: 3.589 Executing VM operation: G1CollectForAllocation done
Event: 4.076 Executing VM operation: HandshakeAllThreads
Event: 4.076 Executing VM operation: HandshakeAllThreads done

Events (20 events):
Event: 3.709 loading class java/lang/reflect/WildcardType done
Event: 3.709 loading class java/lang/reflect/GenericArrayType
Event: 3.709 loading class java/lang/reflect/GenericArrayType done
Event: 3.940 Thread 0x00000238d395f5b0 Thread exited: 0x00000238d395f5b0
Event: 4.036 Thread 0x00000238d4759690 Thread exited: 0x00000238d4759690
Event: 4.055 loading class java/math/MathContext
Event: 4.056 loading class java/math/MathContext done
Event: 4.059 loading class java/util/ConcurrentModificationException
Event: 4.059 loading class java/util/ConcurrentModificationException done
Event: 4.066 loading class java/math/BigDecimal$StringBuilderHelper
Event: 4.066 loading class java/math/BigDecimal$StringBuilderHelper done
Event: 4.075 loading class javax/swing/SwingWorker$6
Event: 4.075 loading class javax/swing/SwingWorker$6 done
Event: 4.075 loading class javax/swing/SwingWorker$7
Event: 4.075 loading class javax/swing/SwingWorker$7 done
Event: 4.076 Thread 0x00000238cb148b20 Thread added: 0x00000238cb148b20
Event: 4.076 loading class javax/swing/SwingWorker$SwingWorkerPropertyChangeSupport$1
Event: 4.076 loading class javax/swing/SwingWorker$SwingWorkerPropertyChangeSupport$1 done
Event: 4.080 loading class java/io/FileReader
Event: 4.080 loading class java/io/FileReader done


Dynamic libraries:
0x00007ff611090000 - 0x00007ff61109e000 	C:\Users\giona\.p2\pool\plugins\org.eclipse.justj.openjdk.hotspot.jre.full.win32.x86_64_17.0.4.v20220805-1047\jre\bin\javaw.exe
0x00007ffb5c950000 - 0x00007ffb5cb67000 	C:\WINDOWS\SYSTEM32\ntdll.dll
0x00007ffb5aa10000 - 0x00007ffb5aad4000 	C:\WINDOWS\System32\KERNEL32.DLL
0x00007ffb59dd0000 - 0x00007ffb5a17d000 	C:\WINDOWS\System32\KERNELBASE.dll
0x00007ffb5a530000 - 0x00007ffb5a641000 	C:\WINDOWS\System32\ucrtbase.dll
0x00007ffb54f80000 - 0x00007ffb54f98000 	C:\Users\giona\.p2\pool\plugins\org.eclipse.justj.openjdk.hotspot.jre.full.win32.x86_64_17.0.4.v20220805-1047\jre\bin\jli.dll
0x00007ffb54f60000 - 0x00007ffb54f79000 	C:\Users\giona\.p2\pool\plugins\org.eclipse.justj.openjdk.hotspot.jre.full.win32.x86_64_17.0.4.v20220805-1047\jre\bin\VCRUNTIME140.dll
0x00007ffb5b3b0000 - 0x00007ffb5b55e000 	C:\WINDOWS\System32\USER32.dll
0x00007ffb5a650000 - 0x00007ffb5a676000 	C:\WINDOWS\System32\win32u.dll
0x00007ffb48200000 - 0x00007ffb48493000 	C:\WINDOWS\WinSxS\amd64_microsoft.windows.common-controls_6595b64144ccf1df_6.0.22621.3672_none_2713b9d173822955\COMCTL32.dll
0x00007ffb5a9a0000 - 0x00007ffb5a9c9000 	C:\WINDOWS\System32\GDI32.dll
0x00007ffb5ab90000 - 0x00007ffb5ac37000 	C:\WINDOWS\System32\msvcrt.dll
0x00007ffb5a180000 - 0x00007ffb5a299000 	C:\WINDOWS\System32\gdi32full.dll
0x00007ffb59c70000 - 0x00007ffb59d0a000 	C:\WINDOWS\System32\msvcp_win.dll
0x00007ffb5a9d0000 - 0x00007ffb5aa01000 	C:\WINDOWS\System32\IMM32.DLL
0x00007ffb56ee0000 - 0x00007ffb56eec000 	C:\Users\giona\.p2\pool\plugins\org.eclipse.justj.openjdk.hotspot.jre.full.win32.x86_64_17.0.4.v20220805-1047\jre\bin\vcruntime140_1.dll
0x00007ffb4db40000 - 0x00007ffb4dbd1000 	C:\Users\giona\.p2\pool\plugins\org.eclipse.justj.openjdk.hotspot.jre.full.win32.x86_64_17.0.4.v20220805-1047\jre\bin\msvcp140.dll
0x00007ffac36c0000 - 0x00007ffac4306000 	C:\Users\giona\.p2\pool\plugins\org.eclipse.justj.openjdk.hotspot.jre.full.win32.x86_64_17.0.4.v20220805-1047\jre\bin\server\jvm.dll
0x00007ffb5c7f0000 - 0x00007ffb5c8a2000 	C:\WINDOWS\System32\ADVAPI32.dll
0x00007ffb5aae0000 - 0x00007ffb5ab89000 	C:\WINDOWS\System32\sechost.dll
0x00007ffb5a390000 - 0x00007ffb5a3b8000 	C:\WINDOWS\System32\bcrypt.dll
0x00007ffb5b0d0000 - 0x00007ffb5b1e4000 	C:\WINDOWS\System32\RPCRT4.dll
0x00007ffb5c0c0000 - 0x00007ffb5c0c8000 	C:\WINDOWS\System32\PSAPI.DLL
0x00007ffb52820000 - 0x00007ffb52854000 	C:\WINDOWS\SYSTEM32\WINMM.dll
0x00007ffb54f10000 - 0x00007ffb54f19000 	C:\WINDOWS\SYSTEM32\WSOCK32.dll
0x00007ffb516c0000 - 0x00007ffb516ca000 	C:\WINDOWS\SYSTEM32\VERSION.dll
0x00007ffb5c5c0000 - 0x00007ffb5c631000 	C:\WINDOWS\System32\WS2_32.dll
0x00007ffb58c80000 - 0x00007ffb58c98000 	C:\WINDOWS\SYSTEM32\kernel.appcore.dll
0x00007ffb54ee0000 - 0x00007ffb54eea000 	C:\Users\giona\.p2\pool\plugins\org.eclipse.justj.openjdk.hotspot.jre.full.win32.x86_64_17.0.4.v20220805-1047\jre\bin\jimage.dll
0x00007ffb4d600000 - 0x00007ffb4d832000 	C:\WINDOWS\SYSTEM32\DBGHELP.DLL
0x00007ffb5c0d0000 - 0x00007ffb5c45e000 	C:\WINDOWS\System32\combase.dll
0x00007ffb5be40000 - 0x00007ffb5bf17000 	C:\WINDOWS\System32\OLEAUT32.dll
0x00007ffb3aee0000 - 0x00007ffb3af12000 	C:\WINDOWS\SYSTEM32\dbgcore.DLL
0x00007ffb5a2a0000 - 0x00007ffb5a31b000 	C:\WINDOWS\System32\bcryptPrimitives.dll
0x00007ffb545d0000 - 0x00007ffb545f5000 	C:\Users\giona\.p2\pool\plugins\org.eclipse.justj.openjdk.hotspot.jre.full.win32.x86_64_17.0.4.v20220805-1047\jre\bin\java.dll
0x00007ffb54ec0000 - 0x00007ffb54ed8000 	C:\Users\giona\.p2\pool\plugins\org.eclipse.justj.openjdk.hotspot.jre.full.win32.x86_64_17.0.4.v20220805-1047\jre\bin\zip.dll
0x00007ffb5b5b0000 - 0x00007ffb5be17000 	C:\WINDOWS\System32\SHELL32.dll
0x00007ffb57ba0000 - 0x00007ffb5849f000 	C:\WINDOWS\SYSTEM32\windows.storage.dll
0x00007ffb57a60000 - 0x00007ffb57b9f000 	C:\WINDOWS\SYSTEM32\wintypes.dll
0x00007ffb5b280000 - 0x00007ffb5b379000 	C:\WINDOWS\System32\SHCORE.dll
0x00007ffb5c8b0000 - 0x00007ffb5c90e000 	C:\WINDOWS\System32\shlwapi.dll
0x00007ffb59ba0000 - 0x00007ffb59bc7000 	C:\WINDOWS\SYSTEM32\profapi.dll
0x00007ffb49210000 - 0x00007ffb4939e000 	C:\Users\giona\.p2\pool\plugins\org.eclipse.justj.openjdk.hotspot.jre.full.win32.x86_64_17.0.4.v20220805-1047\jre\bin\awt.dll
0x00007ffb56f30000 - 0x00007ffb56fc7000 	C:\WINDOWS\SYSTEM32\apphelp.dll
0x00007ffb53170000 - 0x00007ffb53189000 	C:\Users\giona\.p2\pool\plugins\org.eclipse.justj.openjdk.hotspot.jre.full.win32.x86_64_17.0.4.v20220805-1047\jre\bin\net.dll
0x00007ffb53680000 - 0x00007ffb537b6000 	C:\WINDOWS\SYSTEM32\WINHTTP.dll
0x00007ffb59160000 - 0x00007ffb591c9000 	C:\WINDOWS\system32\mswsock.dll
0x00007ffb53150000 - 0x00007ffb53165000 	C:\Users\giona\.p2\pool\plugins\org.eclipse.justj.openjdk.hotspot.jre.full.win32.x86_64_17.0.4.v20220805-1047\jre\bin\nio.dll
0x00007ffb571b0000 - 0x00007ffb57261000 	C:\WINDOWS\system32\uxtheme.dll
0x00007ffb5c460000 - 0x00007ffb5c5be000 	C:\WINDOWS\System32\MSCTF.dll
0x00007ffb5c640000 - 0x00007ffb5c7e5000 	C:\WINDOWS\System32\ole32.dll
0x00007ffb4d9c0000 - 0x00007ffb4da46000 	C:\Users\giona\.p2\pool\plugins\org.eclipse.justj.openjdk.hotspot.jre.full.win32.x86_64_17.0.4.v20220805-1047\jre\bin\freetype.dll
0x00007ffb34ae0000 - 0x00007ffb34b88000 	C:\Users\giona\.p2\pool\plugins\org.eclipse.justj.openjdk.hotspot.jre.full.win32.x86_64_17.0.4.v20220805-1047\jre\bin\fontmanager.dll
0x00007ffb574f0000 - 0x00007ffb5751b000 	C:\WINDOWS\system32\DWMAPI.DLL
0x00007ffb322c0000 - 0x00007ffb323c0000 	C:\WINDOWS\system32\opengl32.dll
0x00007ffb530b0000 - 0x00007ffb530dd000 	C:\WINDOWS\SYSTEM32\GLU32.dll
0x00007ffb572a0000 - 0x00007ffb572d7000 	C:\WINDOWS\SYSTEM32\dxcore.dll
0x00007ffb49030000 - 0x00007ffb491d8000 	C:\WINDOWS\system32\d3d9.dll
0x00007ffb50a30000 - 0x00007ffb50b47000 	C:\WINDOWS\System32\DriverStore\FileRepository\nv_dispig.inf_amd64_ee20464bb4ac57f4\nvldumdx.dll
0x00007ffb59910000 - 0x00007ffb59922000 	C:\WINDOWS\SYSTEM32\msasn1.dll
0x00007ffb51680000 - 0x00007ffb516b2000 	C:\WINDOWS\SYSTEM32\cryptnet.dll
0x00007ffb5a3c0000 - 0x00007ffb5a526000 	C:\WINDOWS\System32\CRYPT32.dll
0x00007ffb51510000 - 0x00007ffb51672000 	C:\WINDOWS\SYSTEM32\drvstore.dll
0x00007ffb59930000 - 0x00007ffb5995c000 	C:\WINDOWS\SYSTEM32\devobj.dll
0x00007ffb59960000 - 0x00007ffb599ae000 	C:\WINDOWS\SYSTEM32\cfgmgr32.dll
0x00007ffb59450000 - 0x00007ffb59499000 	C:\WINDOWS\SYSTEM32\wldp.dll
0x00007ffb59500000 - 0x00007ffb5950c000 	C:\WINDOWS\SYSTEM32\cryptbase.dll
0x00007ffb5a320000 - 0x00007ffb5a38b000 	C:\WINDOWS\System32\WINTRUST.DLL
0x00007ffb5b380000 - 0x00007ffb5b39f000 	C:\WINDOWS\System32\imagehlp.dll
0x00007ffb59520000 - 0x00007ffb5953b000 	C:\WINDOWS\SYSTEM32\CRYPTSP.dll
0x00007ffb58be0000 - 0x00007ffb58c15000 	C:\WINDOWS\system32\rsaenh.dll
0x00007ffac0af0000 - 0x00007ffac22fa000 	C:\WINDOWS\System32\DriverStore\FileRepository\nv_dispig.inf_amd64_ee20464bb4ac57f4\nvd3dumx.dll
0x00007ffb54e50000 - 0x00007ffb54e99000 	C:\WINDOWS\SYSTEM32\directxdatabasehelper.dll
0x00007ffb325a0000 - 0x00007ffb32863000 	C:\WINDOWS\system32\nvspcap64.dll
0x00007ffb58e00000 - 0x00007ffb58e34000 	C:\WINDOWS\SYSTEM32\ntmarta.dll
0x00007ffb591f0000 - 0x00007ffb59216000 	C:\WINDOWS\SYSTEM32\gpapi.dll
0x00007ffabfa70000 - 0x00007ffac0aeb000 	D:\Unibg\Tesi\BREATHE\breathe.gui\PulseJNI.dll
0x00007ffb5c010000 - 0x00007ffb5c0c0000 	C:\WINDOWS\System32\clbcatq.dll
0x00007ffb56ff0000 - 0x00007ffb571a1000 	C:\WINDOWS\SYSTEM32\WindowsCodecs.dll
0x00007ffb34590000 - 0x00007ffb345ee000 	C:\WINDOWS\system32\dataexchange.dll
0x00007ffb51f80000 - 0x00007ffb5220a000 	C:\WINDOWS\system32\twinapi.appcore.dll
0x00007ffb35340000 - 0x00007ffb35483000 	C:\WINDOWS\SYSTEM32\textinputframework.dll
0x00007ffb56b50000 - 0x00007ffb56c83000 	C:\WINDOWS\SYSTEM32\CoreMessaging.dll
0x00007ffb546d0000 - 0x00007ffb54a3d000 	C:\WINDOWS\SYSTEM32\CoreUIComponents.dll
0x00007ffb4eeb0000 - 0x00007ffb4ef63000 	C:\WINDOWS\WinSxS\amd64_microsoft.windows.common-controls_6595b64144ccf1df_5.82.22621.3527_none_b43b7f4b638cc64f\comctl32.dll
0x00007ffb308a0000 - 0x00007ffb308ba000 	C:\WINDOWS\system32\NetworkExplorer.dll
0x00007ffb551f0000 - 0x00007ffb552f0000 	C:\WINDOWS\system32\PROPSYS.dll
0x00007ffb43420000 - 0x00007ffb434d6000 	C:\Windows\System32\Windows.FileExplorer.Common.dll
0x00007ffb3d9e0000 - 0x00007ffb3dacb000 	C:\WINDOWS\system32\Windows.Storage.Search.dll
0x00007ffb508f0000 - 0x00007ffb50a29000 	C:\Windows\System32\Windows.System.Launcher.dll
0x00007ffb554a0000 - 0x00007ffb55533000 	C:\Windows\System32\msvcp110_win.dll
0x00007ffb51e70000 - 0x00007ffb51e8a000 	C:\WINDOWS\SYSTEM32\windows.staterepositorycore.dll
0x00007ffb3fb30000 - 0x00007ffb3fbeb000 	C:\WINDOWS\System32\StructuredQuery.dll
0x00007ffb55540000 - 0x00007ffb555e5000 	C:\WINDOWS\SYSTEM32\policymanager.dll
0x00007ffb40190000 - 0x00007ffb40240000 	C:\Windows\System32\OneCoreCommonProxyStub.dll
0x00007ffb44b50000 - 0x00007ffb44b6e000 	C:\WINDOWS\SYSTEM32\MPR.dll
0x00007ffb38960000 - 0x00007ffb3898b000 	C:\WINDOWS\System32\p9np.dll
0x00007ffb4e980000 - 0x00007ffb4e98c000 	C:\WINDOWS\System32\drprov.dll
0x00007ffb380d0000 - 0x00007ffb380f2000 	C:\WINDOWS\System32\ntlanman.dll
0x00007ffb4d870000 - 0x00007ffb4d88f000 	C:\WINDOWS\System32\davclnt.dll
0x00007ffb58d90000 - 0x00007ffb58df6000 	C:\WINDOWS\System32\WINSTA.dll
0x00007ffb52af0000 - 0x00007ffb52b0a000 	C:\WINDOWS\System32\wkscli.dll
0x00007ffb30090000 - 0x00007ffb300a2000 	C:\WINDOWS\SYSTEM32\cscapi.dll
0x00007ffb586c0000 - 0x00007ffb586cc000 	C:\WINDOWS\System32\netutils.dll
0x00007ffb35d20000 - 0x00007ffb35d76000 	C:\Windows\System32\dlnashext.dll
0x00007ffb1c930000 - 0x00007ffb1c999000 	C:\Windows\System32\PlayToDevice.dll
0x00007ffb31fc0000 - 0x00007ffb31fe1000 	C:\Windows\System32\DevDispItemProvider.dll
0x00007ffb364f0000 - 0x00007ffb3654a000 	C:\Windows\System32\vaultcli.dll
0x00007ffb504b0000 - 0x00007ffb5054e000 	C:\WINDOWS\System32\MMDevApi.dll
0x00007ffb1c140000 - 0x00007ffb1c1e9000 	C:\WINDOWS\system32\wpdshext.dll
0x00007ffb484a0000 - 0x00007ffb48659000 	C:\WINDOWS\WinSxS\amd64_microsoft.windows.gdiplus_6595b64144ccf1df_1.1.22621.3810_none_57f8d842ce19d879\gdiplus.dll
0x00007ffb1efb0000 - 0x00007ffb1f04e000 	C:\Windows\System32\PortableDeviceApi.dll
0x00007ffb5ac50000 - 0x00007ffb5b0c4000 	C:\WINDOWS\System32\SETUPAPI.dll
0x00007ffb2c390000 - 0x00007ffb2c3c7000 	C:\Windows\System32\EhStorShell.dll
0x00007ffb4fb70000 - 0x00007ffb4fb94000 	C:\Windows\System32\EhStorAPI.dll
0x00007ffb58a40000 - 0x00007ffb58a54000 	C:\Windows\System32\WTSAPI32.dll
0x00007ffb514d0000 - 0x00007ffb514dd000 	C:\WINDOWS\SYSTEM32\LINKINFO.dll
0x00007ffb47530000 - 0x00007ffb475dc000 	C:\Windows\System32\appresolver.dll

dbghelp: loaded successfully - version: 4.0.5 - missing functions: none
symbol engine: initialized successfully - sym options: 0x614 - pdb path: .;C:\Users\giona\.p2\pool\plugins\org.eclipse.justj.openjdk.hotspot.jre.full.win32.x86_64_17.0.4.v20220805-1047\jre\bin;C:\WINDOWS\SYSTEM32;C:\WINDOWS\WinSxS\amd64_microsoft.windows.common-controls_6595b64144ccf1df_6.0.22621.3672_none_2713b9d173822955;C:\Users\giona\.p2\pool\plugins\org.eclipse.justj.openjdk.hotspot.jre.full.win32.x86_64_17.0.4.v20220805-1047\jre\bin\server;C:\WINDOWS\System32\DriverStore\FileRepository\nv_dispig.inf_amd64_ee20464bb4ac57f4;D:\Unibg\Tesi\BREATHE\breathe.gui;C:\WINDOWS\WinSxS\amd64_microsoft.windows.common-controls_6595b64144ccf1df_5.82.22621.3527_none_b43b7f4b638cc64f;C:\WINDOWS\WinSxS\amd64_microsoft.windows.gdiplus_6595b64144ccf1df_1.1.22621.3810_none_57f8d842ce19d879

VM Arguments:
jvm_args: -Dfile.encoding=UTF-8 -Dstdout.encoding=UTF-8 -Dstderr.encoding=UTF-8 -XX:+ShowCodeDetailsInExceptionMessages 
java_command: app.Main
java_class_path (initial): D:\Unibg\Tesi\BREATHE\breathe.gui\target\classes;D:\Unibg\Tesi\BREATHE\breathe.engine\target\classes;D:\Unibg\Tesi\BREATHE\breathe.engine\jar\commons-collections4-4.4.jar;D:\Unibg\Tesi\BREATHE\breathe.engine\jar\commons-compress-1.21.jar;D:\Unibg\Tesi\BREATHE\breathe.engine\jar\commons-io-2.11.0.jar;D:\Unibg\Tesi\BREATHE\breathe.engine\jar\commons-math3-3.6.1.jar;D:\Unibg\Tesi\BREATHE\breathe.engine\jar\error_prone_annotations-2.11.0.jar;D:\Unibg\Tesi\BREATHE\breathe.engine\jar\gson-2.10.1.jar;D:\Unibg\Tesi\BREATHE\breathe.engine\jar\guava-31.1-jre.jar;D:\Unibg\Tesi\BREATHE\breathe.engine\jar\j2objc-annotations-1.3.jar;D:\Unibg\Tesi\BREATHE\breathe.engine\jar\jackson-annotations-2.15.2.jar;D:\Unibg\Tesi\BREATHE\breathe.engine\jar\jackson-core-2.15.2.jar;D:\Unibg\Tesi\BREATHE\breathe.engine\jar\jackson-databind-2.15.2.jar;D:\Unibg\Tesi\BREATHE\breathe.engine\jar\java-ordered-properties-1.0.4.jar;D:\Unibg\Tesi\BREATHE\breathe.engine\jar\javassist-3.28.0-GA.jar;D:\Unibg\Tesi\BREATHE\breathe.engine\jar\jeromq-0.5.3.jar;D:\Unibg\Tesi\BREATHE\breathe.engine\jar\jfreechart-1.5.4.jar;D:\Unibg\Tesi\BREATHE\breathe.engine\jar\jsr305-3.0.2.jar;D:\Unibg\Tesi\BREATHE\breathe.engine\jar\log4j-api-2.20.0.jar;D:\Unibg\Tesi\BREATHE\breathe.engine\jar\log4j-core-2.20.0.jar;D:\Unibg\Tesi\BREATHE\breathe.engine\jar\logback-core-1.4.6.jar;D:\Unibg\Tesi\BREATHE\breathe.engine\jar\poi-5.2.3.jar;D:\Unibg\Tesi\BREATHE\breathe.engine\jar\poi-ooxml-5.2.3.jar;D:\Unibg\Tesi\BREATHE\breathe.engine\jar\poi-ooxml-lite-5.2.3.jar;D:\Unibg\Tesi\BREATHE\breathe.engine\jar\Pulse.jar;D:\Unibg\Tesi\BREATHE\breathe.engine\jar\reflections-0.10.2.jar;D:\Unibg\Tesi\BREATHE\breathe.engine\jar\slf4j-api-2.0.7.jar;D:\Unibg\Tesi\BREATHE\breathe.engine\jar\slf4j-simple-2.0.7.jar;D:\Unibg\Tesi\BREATHE\breathe.engine\jar\xmlbeans-5.1.1.jar;C:\Users\giona\.m2\repository\org\zeromq\jeromq\0.6.0\jeromq-0.6.0.jar;C:\Users\giona\.m2\repository\eu\neilalexander\jnacl\1.0.0\jnacl-1.0.0.jar;C:\
Launcher Type: SUN_STANDARD

[Global flags]
     intx CICompilerCount                          = 4                                         {product} {ergonomic}
     uint ConcGCThreads                            = 3                                         {product} {ergonomic}
     uint G1ConcRefinementThreads                  = 10                                        {product} {ergonomic}
   size_t G1HeapRegionSize                         = 2097152                                   {product} {ergonomic}
    uintx GCDrainStackTargetSize                   = 64                                        {product} {ergonomic}
   size_t InitialHeapSize                          = 268435456                                 {product} {ergonomic}
   size_t MarkStackSize                            = 4194304                                   {product} {ergonomic}
   size_t MaxHeapSize                              = 4282384384                                {product} {ergonomic}
   size_t MaxNewSize                               = 2569011200                                {product} {ergonomic}
   size_t MinHeapDeltaBytes                        = 2097152                                   {product} {ergonomic}
   size_t MinHeapSize                              = 8388608                                   {product} {ergonomic}
    uintx NonNMethodCodeHeapSize                   = 5839372                                {pd product} {ergonomic}
    uintx NonProfiledCodeHeapSize                  = 122909434                              {pd product} {ergonomic}
    uintx ProfiledCodeHeapSize                     = 122909434                              {pd product} {ergonomic}
    uintx ReservedCodeCacheSize                    = 251658240                              {pd product} {ergonomic}
     bool SegmentedCodeCache                       = true                                      {product} {ergonomic}
     bool ShowCodeDetailsInExceptionMessages       = true                                   {manageable} {command line}
   size_t SoftMaxHeapSize                          = 4282384384                             {manageable} {ergonomic}
     bool UseCompressedClassPointers               = true                           {product lp64_product} {ergonomic}
     bool UseCompressedOops                        = true                           {product lp64_product} {ergonomic}
     bool UseG1GC                                  = true                                      {product} {ergonomic}
     bool UseLargePagesIndividualAllocation        = false                                  {pd product} {ergonomic}

Logging:
Log output configuration:
 #0: stdout all=warning uptime,level,tags
 #1: stderr all=off uptime,level,tags

Environment Variables:
PATH=C:/Users/giona/.p2/pool/plugins/org.eclipse.justj.openjdk.hotspot.jre.full.win32.x86_64_21.0.4.v20240802-1551/jre/bin/server;C:/Users/giona/.p2/pool/plugins/org.eclipse.justj.openjdk.hotspot.jre.full.win32.x86_64_21.0.4.v20240802-1551/jre/bin;C:\Program Files (x86)\NVIDIA Corporation\PhysX\Common;C:\Program Files\Amazon Corretto\jdk1.8.0_422\bin;C:\Program Files\Common Files\Oracle\Java\javapath;C:\Program Files (x86)\Common Files\Oracle\Java\java8path;C:\Program Files (x86)\Common Files\Oracle\Java\javapath;C:\WINDOWS\system32;C:\WINDOWS;C:\WINDOWS\System32\Wbem;C:\WINDOWS\System32\WindowsPowerShell\v1.0\;C:\WINDOWS\System32\OpenSSH\;C:\Program Files\NVIDIA Corporation\NVIDIA NvDLISR;C:\Program Files\MATLAB\R2020b\bin;C:\WINDOWS\system32;C:\WINDOWS;C:\WINDOWS\System32\Wbem;C:\WINDOWS\System32\WindowsPowerShell\v1.0\;C:\WINDOWS\System32\OpenSSH\;C:\Users\giona\Downloads\apache-maven-3.9.8\bin;C:\Program Files\Java\jdk-11\bin;C:\Program Files\CMake\bin;C:\Program Files\Git\cmd;C:\Users\giona\AppData\Local\Microsoft\WindowsApps;C:\Users\giona\AppData\Local\Programs\Microsoft VS Code\bin;C:\MinGW\bin;C:\Users\giona\AppData\Local\GitHubDesktop\bin;C:\Users\giona\Desktop;
USERNAME=giona
OS=Windows_NT
PROCESSOR_IDENTIFIER=AMD64 Family 23 Model 113 Stepping 0, AuthenticAMD
TMP=C:\Users\giona\AppData\Local\Temp
TEMP=C:\Users\giona\AppData\Local\Temp



---------------  S Y S T E M  ---------------

OS:
 Windows 11 , 64 bit Build 22621 (10.0.22621.3958)
OS uptime: 6 days 19:01 hours
Hyper-V role detected

CPU: total 12 (initial active 12) (12 cores per cpu, 2 threads per core) family 23 model 113 stepping 0 microcode 0x0, cx8, cmov, fxsr, ht, mmx, 3dnowpref, sse, sse2, sse3, ssse3, sse4a, sse4.1, sse4.2, popcnt, lzcnt, tsc, tscinvbit, avx, avx2, aes, clmul, bmi1, bmi2, adx, sha, fma, vzeroupper, clflush, clflushopt, hv

Memory: 4k page, system-wide physical 16334M (8498M free)
TotalPageFile size 18766M (AvailPageFile size 8741M)
current process WorkingSet (physical memory assigned to process): 207M, peak: 207M
current process commit charge ("private bytes"): 347M, peak: 437M

vm_info: OpenJDK 64-Bit Server VM (17.0.4+8) for windows-amd64 JRE (17.0.4+8), built on Jul 19 2022 16:05:16 by "temurin" with MS VC++ 16.7 (VS2019)

END.
