#
# A fatal error has been detected by the Java Runtime Environment:
#
#  EXCEPTION_ACCESS_VIOLATION (0xc0000005) at pc=0x00007ffac36cc7f0, pid=17088, tid=9432
#
# JRE version: OpenJDK Runtime Environment Temurin-17.0.4+8 (17.0.4+8) (build 17.0.4+8)
# Java VM: OpenJDK 64-Bit Server VM Temurin-17.0.4+8 (17.0.4+8, mixed mode, tiered, compressed oops, compressed class ptrs, g1 gc, windows-amd64)
# Problematic frame:
# V  [jvm.dll+0xc7f0]
#
# No core dump will be written. Minidumps are not enabled by default on client versions of Windows
#
# If you would like to submit a bug report, please visit:
#   https://github.com/adoptium/adoptium-support/issues
#

---------------  S U M M A R Y ------------

Command Line: -Dfile.encoding=UTF-8 -Dstdout.encoding=UTF-8 -Dstderr.encoding=UTF-8 -XX:+ShowCodeDetailsInExceptionMessages app.Main

Host: AMD Ryzen 5 3600 6-Core Processor              , 12 cores, 15G,  Windows 11 , 64 bit Build 22621 (10.0.22621.3958)
Time: Wed Oct  9 11:48:51 2024 ora legale Europa occidentale elapsed time: 3.991806 seconds (0d 0h 0m 3s)

---------------  T H R E A D  ---------------

Current thread (0x000001bf7eaf98d0):  JavaThread "SwingWorker-pool-2-thread-1" daemon [_thread_in_vm, id=9432, stack(0x0000003308a60000,0x0000003308b60000)]

Stack: [0x0000003308a60000,0x0000003308b60000],  sp=0x0000003308b5ef38,  free space=1019k
Native frames: (J=compiled Java code, j=interpreted, Vv=VM code, C=native code)
V  [jvm.dll+0xc7f0]

Java frames: (J=compiled Java code, j=interpreted, Vv=VM code)
j  com.kitware.pulse.engine.PulseEngine.nativeSerializeFromFile(JLjava/lang/String;Ljava/lang/String;I)Z+0
j  com.kitware.pulse.engine.PulseEngine.serializeFromFile(Ljava/lang/String;Lcom/kitware/pulse/cdm/engine/SEDataRequestManager;)Z+26
j  app.SimulationWorker.run_scenario()V+52
j  app.SimulationWorker.doInBackground()Ljava/lang/Void;+67
j  app.SimulationWorker.doInBackground()Ljava/lang/Object;+1
j  javax.swing.SwingWorker$1.call()Ljava/lang/Object;+14 java.desktop@17.0.4
j  java.util.concurrent.FutureTask.run()V+39 java.base@17.0.4
j  javax.swing.SwingWorker.run()V+4 java.desktop@17.0.4
j  java.util.concurrent.ThreadPoolExecutor.runWorker(Ljava/util/concurrent/ThreadPoolExecutor$Worker;)V+92 java.base@17.0.4
j  java.util.concurrent.ThreadPoolExecutor$Worker.run()V+5 java.base@17.0.4
j  java.lang.Thread.run()V+11 java.base@17.0.4
v  ~StubRoutines::call_stub

siginfo: EXCEPTION_ACCESS_VIOLATION (0xc0000005), reading address 0x0000000000000000


Register to memory mapping:

RIP=0x00007ffac36cc7f0 jvm.dll
RAX=0x0 is NULL
RBX=0x000001bf7eaf98d0 is a thread
RCX=0x0 is NULL
RDX=0x0 is NULL
RSP=0x0000003308b5ef38 is pointing into the stack for thread: 0x000001bf7eaf98d0
RBP=0x0000003308b5f138 is pointing into the stack for thread: 0x000001bf7eaf98d0
RSI=0x0 is NULL
RDI=0x0 is NULL
R8 =0x0 is NULL
R9 =0x0 is NULL
R10=0x000001bf61d0d5f2 is at code_begin+946 in an Interpreter codelet
method entry point (kind = native)  [0x000001bf61d0d240, 0x000001bf61d0dbc0]  2432 bytes
R11=0x0000000000000104 is an unknown value
R12=0x0 is NULL
R13={method} {0x000001bf0b80bad8} 'nativeSerializeFromFile' '(JLjava/lang/String;Ljava/lang/String;I)Z' in 'com/kitware/pulse/engine/PulseEngine'
R14=0x0 is NULL
R15=0x000001bf7eaf98d0 is a thread


Registers:
RAX=0x0000000000000000, RBX=0x000001bf7eaf98d0, RCX=0x0000000000000000, RDX=0x0000000000000000
RSP=0x0000003308b5ef38, RBP=0x0000003308b5f138, RSI=0x0000000000000000, RDI=0x0000000000000000
R8 =0x0000000000000000, R9 =0x0000000000000000, R10=0x000001bf61d0d5f2, R11=0x0000000000000104
R12=0x0000000000000000, R13=0x000001bf0b80bad0, R14=0x0000000000000000, R15=0x000001bf7eaf98d0
RIP=0x00007ffac36cc7f0, EFLAGS=0x0000000000010246

Top of Stack: (sp=0x0000003308b5ef38)
0x0000003308b5ef38:   00007ffac3aa94fa 0000003308b5efa8
0x0000003308b5ef48:   000001bf0bb14b00 0000000000000000
0x0000003308b5ef58:   0000000710a79ba0 000001bf7eaf98d0
0x0000003308b5ef68:   0000000000000000 0000003308b5efa0
0x0000003308b5ef78:   0000003308b5eff8 000001bf61d09962
0x0000003308b5ef88:   0000000000000001 0000000000000000
0x0000003308b5ef98:   0000000000000001 00000000000002f1
0x0000003308b5efa8:   0000000705a8f648 000001bf0b80bad0
0x0000003308b5efb8:   00007ffabfa81e9a 0000003308b5f138
0x0000003308b5efc8:   0000003308b5f180 0000000000000000
0x0000003308b5efd8:   0000000702e00520 00007ffac3aa9440
0x0000003308b5efe8:   0000000000000000 0000003308b5f028
0x0000003308b5eff8:   00007ffabfa856ea 000001bf7eaf9b78
0x0000003308b5f008:   0000000000000000 0000000000000000
0x0000003308b5f018:   0000000705a80cc0 0000000000000001
0x0000003308b5f028:   0000000000000000 000001bf089ff6f0 

Instructions: (pc=0x00007ffac36cc7f0)
0x00007ffac36cc6f0:   00 00 00 48 8b 41 38 48 8b 80 88 09 00 00 48 8b
0x00007ffac36cc700:   48 08 48 8b 40 50 48 d3 ea 80 3c 02 01 0f 85 cd
0x00007ffac36cc710:   00 00 00 48 8b 13 0f b6 c2 24 03 3c 03 75 19 48
0x00007ffac36cc720:   83 e2 fc 74 13 48 3b da 74 11 48 8b c2 48 8b 5c
0x00007ffac36cc730:   24 38 48 83 c4 20 5e c3 48 8b d3 48 8b 46 38 0f
0x00007ffac36cc740:   be 88 f0 02 00 00 c1 e9 02 f6 c1 01 74 dc 48 89
0x00007ffac36cc750:   7c 24 30 e8 28 e5 ff ff 48 8b 0d 09 32 b9 00 48
0x00007ffac36cc760:   8b f8 48 81 c1 90 09 00 00 8b 41 40 0f b6 57 21
0x00007ffac36cc770:   8d 42 01 88 47 21 84 d2 75 0a 48 8b d7 e8 7e a1
0x00007ffac36cc780:   6f 00 eb 20 80 7f 22 00 75 1a 8b 41 40 85 05 d1
0x00007ffac36cc790:   a3 9a 00 74 0f b8 ff ff ff ff f0 0f c1 41 40 e8
0x00007ffac36cc7a0:   ac a1 6f 00 48 8b 4e 38 4c 8b c7 48 8b d3 e8 dd
0x00007ffac36cc7b0:   f7 ff ff 0f b6 4f 21 48 8b d8 48 8b 15 a7 31 b9
0x00007ffac36cc7c0:   00 8d 41 ff 88 47 21 80 f9 01 77 0f 48 8d 8a 90
0x00007ffac36cc7d0:   09 00 00 48 8b d7 e8 55 a1 6f 00 48 8b 7c 24 30
0x00007ffac36cc7e0:   48 8b c3 48 8b 5c 24 38 48 83 c4 20 5e c3 cc cc
0x00007ffac36cc7f0:   48 8b 01 c3 cc cc cc cc cc cc cc cc cc cc cc cc
0x00007ffac36cc800:   4c 8b 01 4c 8b c9 48 8b 0d 03 c3 b4 00 ba 44 60
0x00007ffac36cc810:   08 00 e9 59 f2 ff ff cc cc cc cc cc cc cc cc cc
0x00007ffac36cc820:   48 89 5c 24 08 57 48 83 ec 20 48 8b 39 48 8b d9
0x00007ffac36cc830:   48 85 3d a1 a0 b9 00 75 0e 48 8b c7 48 8b 5c 24
0x00007ffac36cc840:   30 48 83 c4 20 5f c3 48 8b cf e8 91 6f 85 00 48
0x00007ffac36cc850:   8b d0 48 85 c0 74 20 48 8b c7 f0 48 0f b1 13 74
0x00007ffac36cc860:   16 48 85 05 70 a0 b9 00 74 0d 48 8b c8 f0 48 0f
0x00007ffac36cc870:   b1 13 48 3b c1 75 ea 48 8b 5c 24 30 48 8b c2 48
0x00007ffac36cc880:   83 c4 20 5f c3 cc cc cc cc cc cc cc cc cc cc cc
0x00007ffac36cc890:   4c 8b 01 4c 8b c9 48 8b 0d 73 c2 b4 00 ba 64 60
0x00007ffac36cc8a0:   08 00 e9 c9 f1 ff ff cc cc cc cc cc cc cc cc cc
0x00007ffac36cc8b0:   8b 05 32 0a af 00 c3 cc cc cc cc cc cc cc cc cc
0x00007ffac36cc8c0:   0f b6 05 a8 ca b5 00 48 8b d1 84 c0 74 16 44 8b
0x00007ffac36cc8d0:   41 08 8b 0d 10 0a af 00 49 d3 e0 4c 03 05 fe 09
0x00007ffac36cc8e0:   af 00 eb 04 4c 8b 41 08 45 8b 50 08 45 85 d2 7e 


Stack slot to memory mapping:
stack at sp + 0 slots: 0x00007ffac3aa94fa jvm.dll
stack at sp + 1 slots: 0x0000003308b5efa8 is pointing into the stack for thread: 0x000001bf7eaf98d0
stack at sp + 2 slots: 0x000001bf0bb14b00 is pointing into metadata
stack at sp + 3 slots: 0x0 is NULL
stack at sp + 4 slots: 0x0000000710a79ba0 is an oop: java.lang.Class 
{0x0000000710a79ba0} - klass: 'java/lang/Class'
 - ---- fields (total size 14 words):
 - private volatile transient 'classRedefinedCount' 'I' @12  0
 - private volatile transient 'cachedConstructor' 'Ljava/lang/reflect/Constructor;' @40  NULL (0)
 - private transient 'name' 'Ljava/lang/String;' @44  "com.google.protobuf.util.JsonFormat$PrettyTextGenerator"{0x0000000710a79c20} (e214f384)
 - private transient 'module' 'Ljava/lang/Module;' @48  a 'java/lang/Module'{0x00000007010da078} (e021b40f)
 - private final 'classLoader' 'Ljava/lang/ClassLoader;' @52  a 'jdk/internal/loader/ClassLoaders$AppClassLoader'{0x0000000701019290} (e0203252)
 - private transient 'classData' 'Ljava/lang/Object;' @56  NULL (0)
 - private transient 'packageName' 'Ljava/lang/String;' @60  "com.google.protobuf.util"{0x0000000702e1abb0} (e05c3576)
 - private final 'componentType' 'Ljava/lang/Class;' @64  NULL (0)
 - private volatile transient 'reflectionData' 'Ljava/lang/ref/SoftReference;' @68  NULL (0)
 - private volatile transient 'genericInfo' 'Lsun/reflect/generics/repository/ClassRepository;' @72  NULL (0)
 - private volatile transient 'enumConstants' '[Ljava/lang/Object;' @76  NULL (0)
 - private volatile transient 'enumConstantDirectory' 'Ljava/util/Map;' @80  NULL (0)
 - private volatile transient 'annotationData' 'Ljava/lang/Class$AnnotationData;' @84  NULL (0)
 - private volatile transient 'annotationType' 'Lsun/reflect/annotation/AnnotationType;' @88  NULL (0)
 - transient 'classValueMap' 'Ljava/lang/ClassValue$ClassValueMap;' @92  NULL (0)
 - signature: Lcom/google/protobuf/util/JsonFormat$PrettyTextGenerator;
 - fake entry for mirror: 'com/google/protobuf/util/JsonFormat$PrettyTextGenerator'
 - fake entry for array: NULL
 - fake entry for oop_size: 14
 - fake entry for static_oop_field_count: 0
stack at sp + 5 slots: 0x000001bf7eaf98d0 is a thread
stack at sp + 6 slots: 0x0 is NULL
stack at sp + 7 slots: 0x0000003308b5efa0 is pointing into the stack for thread: 0x000001bf7eaf98d0


---------------  P R O C E S S  ---------------

Threads class SMR info:
_java_thread_list=0x000001bf077e3e20, length=22, elements={
0x000001bf7e076010, 0x000001bf7e077e90, 0x000001bf7e08dfb0, 0x000001bf7e090880,
0x000001bf7e091230, 0x000001bf7e091be0, 0x000001bf7e095dc0, 0x000001bf7e096860,
0x000001bf7e097250, 0x000001bf7e2100d0, 0x000001bf7e216770, 0x000001bf7e6c79c0,
0x000001bf7e74c9d0, 0x000001bf7e6ca040, 0x000001bf7e75cee0, 0x000001bf5e6477a0,
0x000001bf7eaf80c0, 0x000001bf7eafa740, 0x000001bf7eaf7bf0, 0x000001bf7eaf98d0,
0x000001bf08219760, 0x000001bf0821a180
}

Java Threads: ( => current thread )
  0x000001bf7e076010 JavaThread "Reference Handler" daemon [_thread_blocked, id=18808, stack(0x0000003305e00000,0x0000003305f00000)]
  0x000001bf7e077e90 JavaThread "Finalizer" daemon [_thread_blocked, id=7332, stack(0x0000003305f00000,0x0000003306000000)]
  0x000001bf7e08dfb0 JavaThread "Signal Dispatcher" daemon [_thread_blocked, id=18240, stack(0x0000003306000000,0x0000003306100000)]
  0x000001bf7e090880 JavaThread "Attach Listener" daemon [_thread_blocked, id=13064, stack(0x0000003306100000,0x0000003306200000)]
  0x000001bf7e091230 JavaThread "Service Thread" daemon [_thread_blocked, id=17724, stack(0x0000003306200000,0x0000003306300000)]
  0x000001bf7e091be0 JavaThread "Monitor Deflation Thread" daemon [_thread_blocked, id=17996, stack(0x0000003306300000,0x0000003306400000)]
  0x000001bf7e095dc0 JavaThread "C2 CompilerThread0" daemon [_thread_in_native, id=8032, stack(0x0000003306400000,0x0000003306500000)]
  0x000001bf7e096860 JavaThread "C1 CompilerThread0" daemon [_thread_blocked, id=22084, stack(0x0000003306500000,0x0000003306600000)]
  0x000001bf7e097250 JavaThread "Sweeper thread" daemon [_thread_blocked, id=5556, stack(0x0000003306600000,0x0000003306700000)]
  0x000001bf7e2100d0 JavaThread "Notification Thread" daemon [_thread_blocked, id=13976, stack(0x0000003306700000,0x0000003306800000)]
  0x000001bf7e216770 JavaThread "Common-Cleaner" daemon [_thread_blocked, id=22080, stack(0x0000003306900000,0x0000003306a00000)]
  0x000001bf7e6c79c0 JavaThread "Java2D Disposer" daemon [_thread_blocked, id=20452, stack(0x0000003306b00000,0x0000003306c00000)]
  0x000001bf7e74c9d0 JavaThread "AWT-Shutdown" [_thread_blocked, id=17268, stack(0x0000003306c00000,0x0000003306d00000)]
  0x000001bf7e6ca040 JavaThread "AWT-Windows" daemon [_thread_in_native, id=5804, stack(0x0000003306d00000,0x0000003306e00000)]
  0x000001bf7e75cee0 JavaThread "AWT-EventQueue-0" [_thread_blocked, id=1720, stack(0x0000003306e00000,0x0000003306f00000)]
  0x000001bf5e6477a0 JavaThread "DestroyJavaVM" [_thread_blocked, id=21968, stack(0x0000003305700000,0x0000003305800000)]
  0x000001bf7eaf80c0 JavaThread "TimerQueue" daemon [_thread_blocked, id=18156, stack(0x0000003306a00000,0x0000003306b00000)]
  0x000001bf7eafa740 JavaThread "D3D Screen Updater" daemon [_thread_in_native, id=13560, stack(0x0000003307600000,0x0000003307700000)]
  0x000001bf7eaf7bf0 JavaThread "Swing-Shell" daemon [_thread_blocked, id=10572, stack(0x0000003308600000,0x0000003308700000)]
=>0x000001bf7eaf98d0 JavaThread "SwingWorker-pool-2-thread-1" daemon [_thread_in_vm, id=9432, stack(0x0000003308a60000,0x0000003308b60000)]
  0x000001bf08219760 JavaThread "C2 CompilerThread1" daemon [_thread_blocked, id=10336, stack(0x0000003308b60000,0x0000003308c60000)]
  0x000001bf0821a180 JavaThread "C2 CompilerThread2" daemon [_thread_in_native, id=20072, stack(0x0000003308f60000,0x0000003309060000)]

Other Threads:
  0x000001bf7e061010 VMThread "VM Thread" [stack: 0x0000003305d00000,0x0000003305e00000] [id=15644]
  0x000001bf5e6d2f00 WatcherThread [stack: 0x0000003306800000,0x0000003306900000] [id=21864]
  0x000001bf5e6b5870 GCTaskThread "GC Thread#0" [stack: 0x0000003305800000,0x0000003305900000] [id=18372]
  0x000001bf07f12380 GCTaskThread "GC Thread#1" [stack: 0x0000003307100000,0x0000003307200000] [id=10684]
  0x000001bf076f8010 GCTaskThread "GC Thread#2" [stack: 0x0000003307200000,0x0000003307300000] [id=20228]
  0x000001bf076f82c0 GCTaskThread "GC Thread#3" [stack: 0x0000003307700000,0x0000003307800000] [id=2280]
  0x000001bf083fffc0 GCTaskThread "GC Thread#4" [stack: 0x0000003307800000,0x0000003307900000] [id=12624]
  0x000001bf07821130 GCTaskThread "GC Thread#5" [stack: 0x0000003307900000,0x0000003307a00000] [id=14044]
  0x000001bf078213e0 GCTaskThread "GC Thread#6" [stack: 0x0000003307a00000,0x0000003307b00000] [id=4104]
  0x000001bf07821940 GCTaskThread "GC Thread#7" [stack: 0x0000003307b00000,0x0000003307c00000] [id=16508]
  0x000001bf07821690 GCTaskThread "GC Thread#8" [stack: 0x0000003307c00000,0x0000003307d00000] [id=1768]
  0x000001bf07820920 GCTaskThread "GC Thread#9" [stack: 0x0000003307d00000,0x0000003307e00000] [id=10292]
  0x000001bf5e6c6e90 ConcurrentGCThread "G1 Main Marker" [stack: 0x0000003305900000,0x0000003305a00000] [id=10476]
  0x000001bf5e6c78a0 ConcurrentGCThread "G1 Conc#0" [stack: 0x0000003305a00000,0x0000003305b00000] [id=9980]
  0x000001bf07821bf0 ConcurrentGCThread "G1 Conc#1" [stack: 0x0000003307e00000,0x0000003307f00000] [id=20496]
  0x000001bf07822150 ConcurrentGCThread "G1 Conc#2" [stack: 0x0000003308000000,0x0000003308100000] [id=12696]
  0x000001bf5e70d890 ConcurrentGCThread "G1 Refine#0" [stack: 0x0000003305b00000,0x0000003305c00000] [id=21108]
  0x000001bf07f98710 ConcurrentGCThread "G1 Refine#1" [stack: 0x0000003307f00000,0x0000003308000000] [id=20912]
  0x000001bf0790bf50 ConcurrentGCThread "G1 Refine#2" [stack: 0x0000003308100000,0x0000003308200000] [id=2004]
  0x000001bf08977bf0 ConcurrentGCThread "G1 Refine#3" [stack: 0x0000003308200000,0x0000003308300000] [id=10364]
  0x000001bf08977ed0 ConcurrentGCThread "G1 Refine#4" [stack: 0x0000003308300000,0x0000003308400000] [id=19560]
  0x000001bf08977070 ConcurrentGCThread "G1 Refine#5" [stack: 0x0000003308400000,0x0000003308500000] [id=11900]
  0x000001bf089781b0 ConcurrentGCThread "G1 Refine#6" [stack: 0x0000003308500000,0x0000003308600000] [id=1832]
  0x000001bf08978490 ConcurrentGCThread "G1 Refine#7" [stack: 0x0000003308c60000,0x0000003308d60000] [id=9976]
  0x000001bf08978770 ConcurrentGCThread "G1 Refine#8" [stack: 0x0000003308d60000,0x0000003308e60000] [id=15428]
  0x000001bf08978d30 ConcurrentGCThread "G1 Refine#9" [stack: 0x0000003308e60000,0x0000003308f60000] [id=21492]
  0x000001bf7d52a870 ConcurrentGCThread "G1 Service" [stack: 0x0000003305c00000,0x0000003305d00000] [id=4360]

Threads with active compile tasks:
C2 CompilerThread0     4002 3414   !   4       java.net.URL::<init> (543 bytes)
C2 CompilerThread2     4002 3480 %     4       sun.java2d.marlin.MarlinTileGenerator::getAlphaRLE @ 1106 (1749 bytes)

VM state: not at safepoint (normal execution)

VM Mutex/Monitor currently owned by a thread: None

Heap address: 0x0000000700c00000, size: 4084 MB, Compressed Oops mode: Zero based, Oop shift amount: 3

CDS archive(s) not mapped
Compressed class space mapped at: 0x0000000800000000-0x0000000840000000, reserved size: 1073741824
Narrow klass base: 0x0000000800000000, Narrow klass shift: 0, Narrow klass range: 0x40000000

GC Precious Log:
 CPUs: 12 total, 12 available
 Memory: 16334M
 Large Page Support: Disabled
 NUMA Support: Disabled
 Compressed Oops: Enabled (Zero based)
 Heap Region Size: 2M
 Heap Min Capacity: 8M
 Heap Initial Capacity: 256M
 Heap Max Capacity: 4084M
 Pre-touch: Disabled
 Parallel Workers: 10
 Concurrent Workers: 3
 Concurrent Refinement Workers: 10
 Periodic GC: Disabled

Heap:
 garbage-first heap   total 90112K, used 29904K [0x0000000700c00000, 0x0000000800000000)
  region size 2048K, 6 young (12288K), 1 survivors (2048K)
 Metaspace       used 32619K, committed 32832K, reserved 1081344K
  class space    used 3395K, committed 3520K, reserved 1048576K

Heap Regions: E=young(eden), S=young(survivor), O=old, HS=humongous(starts), HC=humongous(continues), CS=collection set, F=free, OA=open archive, CA=closed archive, TAMS=top-at-mark-start (previous, next)
|   0|0x0000000700c00000, 0x0000000700e00000, 0x0000000700e00000|100%| O|  |TAMS 0x0000000700e00000, 0x0000000700c00000| Untracked 
|   1|0x0000000700e00000, 0x0000000700fd8400, 0x0000000701000000| 92%| O|  |TAMS 0x0000000700fd8400, 0x0000000700e00000| Untracked 
|   2|0x0000000701000000, 0x0000000701200000, 0x0000000701200000|100%| O|  |TAMS 0x0000000701200000, 0x0000000701000000| Untracked 
|   3|0x0000000701200000, 0x0000000701400000, 0x0000000701400000|100%| O|  |TAMS 0x0000000701400000, 0x0000000701200000| Untracked 
|   4|0x0000000701400000, 0x0000000701600000, 0x0000000701600000|100%| O|  |TAMS 0x0000000701600000, 0x0000000701400000| Untracked 
|   5|0x0000000701600000, 0x0000000701800000, 0x0000000701800000|100%| O|  |TAMS 0x0000000701800000, 0x0000000701600000| Untracked 
|   6|0x0000000701800000, 0x0000000701a00000, 0x0000000701a00000|100%| O|  |TAMS 0x0000000701a00000, 0x0000000701800000| Untracked 
|   7|0x0000000701a00000, 0x0000000701c00000, 0x0000000701c00000|100%| O|  |TAMS 0x0000000701c00000, 0x0000000701a00000| Untracked 
|   8|0x0000000701c00000, 0x0000000701c00000, 0x0000000701e00000|  0%| F|  |TAMS 0x0000000701c00000, 0x0000000701c00000| Untracked 
|   9|0x0000000701e00000, 0x0000000702000000, 0x0000000702000000|100%| O|  |TAMS 0x0000000702000000, 0x0000000701e00000| Untracked 
|  10|0x0000000702000000, 0x0000000702200000, 0x0000000702200000|100%| O|  |TAMS 0x0000000702200000, 0x0000000702000000| Untracked 
|  11|0x0000000702200000, 0x000000070220f400, 0x0000000702400000|  2%| O|  |TAMS 0x000000070220f400, 0x0000000702200000| Untracked 
|  12|0x0000000702400000, 0x0000000702400000, 0x0000000702600000|  0%| F|  |TAMS 0x0000000702400000, 0x0000000702400000| Untracked 
|  13|0x0000000702600000, 0x0000000702600000, 0x0000000702800000|  0%| F|  |TAMS 0x0000000702600000, 0x0000000702600000| Untracked 
|  14|0x0000000702800000, 0x0000000702800000, 0x0000000702a00000|  0%| F|  |TAMS 0x0000000702800000, 0x0000000702800000| Untracked 
|  15|0x0000000702a00000, 0x0000000702a00000, 0x0000000702c00000|  0%| F|  |TAMS 0x0000000702a00000, 0x0000000702a00000| Untracked 
|  16|0x0000000702c00000, 0x0000000702c00000, 0x0000000702e00000|  0%| F|  |TAMS 0x0000000702c00000, 0x0000000702c00000| Untracked 
|  17|0x0000000702e00000, 0x0000000702f4cb10, 0x0000000703000000| 64%| S|CS|TAMS 0x0000000702e00000, 0x0000000702e00000| Complete 
|  18|0x0000000703000000, 0x0000000703000000, 0x0000000703200000|  0%| F|  |TAMS 0x0000000703000000, 0x0000000703000000| Untracked 
|  19|0x0000000703200000, 0x0000000703200000, 0x0000000703400000|  0%| F|  |TAMS 0x0000000703200000, 0x0000000703200000| Untracked 
|  20|0x0000000703400000, 0x0000000703400000, 0x0000000703600000|  0%| F|  |TAMS 0x0000000703400000, 0x0000000703400000| Untracked 
|  21|0x0000000703600000, 0x0000000703600000, 0x0000000703800000|  0%| F|  |TAMS 0x0000000703600000, 0x0000000703600000| Untracked 
|  22|0x0000000703800000, 0x0000000703800000, 0x0000000703a00000|  0%| F|  |TAMS 0x0000000703800000, 0x0000000703800000| Untracked 
|  23|0x0000000703a00000, 0x0000000703a00000, 0x0000000703c00000|  0%| F|  |TAMS 0x0000000703a00000, 0x0000000703a00000| Untracked 
|  24|0x0000000703c00000, 0x0000000703c00000, 0x0000000703e00000|  0%| F|  |TAMS 0x0000000703c00000, 0x0000000703c00000| Untracked 
|  25|0x0000000703e00000, 0x0000000703e00000, 0x0000000704000000|  0%| F|  |TAMS 0x0000000703e00000, 0x0000000703e00000| Untracked 
|  26|0x0000000704000000, 0x0000000704000000, 0x0000000704200000|  0%| F|  |TAMS 0x0000000704000000, 0x0000000704000000| Untracked 
|  27|0x0000000704200000, 0x0000000704200000, 0x0000000704400000|  0%| F|  |TAMS 0x0000000704200000, 0x0000000704200000| Untracked 
|  28|0x0000000704400000, 0x0000000704400000, 0x0000000704600000|  0%| F|  |TAMS 0x0000000704400000, 0x0000000704400000| Untracked 
|  29|0x0000000704600000, 0x0000000704600000, 0x0000000704800000|  0%| F|  |TAMS 0x0000000704600000, 0x0000000704600000| Untracked 
|  30|0x0000000704800000, 0x0000000704800000, 0x0000000704a00000|  0%| F|  |TAMS 0x0000000704800000, 0x0000000704800000| Untracked 
|  31|0x0000000704a00000, 0x0000000704a00000, 0x0000000704c00000|  0%| F|  |TAMS 0x0000000704a00000, 0x0000000704a00000| Untracked 
|  32|0x0000000704c00000, 0x0000000704c00000, 0x0000000704e00000|  0%| F|  |TAMS 0x0000000704c00000, 0x0000000704c00000| Untracked 
|  33|0x0000000704e00000, 0x0000000704e00000, 0x0000000705000000|  0%| F|  |TAMS 0x0000000704e00000, 0x0000000704e00000| Untracked 
|  34|0x0000000705000000, 0x0000000705000000, 0x0000000705200000|  0%| F|  |TAMS 0x0000000705000000, 0x0000000705000000| Untracked 
|  35|0x0000000705200000, 0x0000000705200000, 0x0000000705400000|  0%| F|  |TAMS 0x0000000705200000, 0x0000000705200000| Untracked 
|  36|0x0000000705400000, 0x0000000705400000, 0x0000000705600000|  0%| F|  |TAMS 0x0000000705400000, 0x0000000705400000| Untracked 
|  37|0x0000000705600000, 0x0000000705600000, 0x0000000705800000|  0%| F|  |TAMS 0x0000000705600000, 0x0000000705600000| Untracked 
|  38|0x0000000705800000, 0x0000000705800000, 0x0000000705a00000|  0%| F|  |TAMS 0x0000000705800000, 0x0000000705800000| Untracked 
|  39|0x0000000705a00000, 0x0000000705c00000, 0x0000000705c00000|100%| E|  |TAMS 0x0000000705a00000, 0x0000000705a00000| Complete 
|  40|0x0000000705c00000, 0x0000000705e00000, 0x0000000705e00000|100%| E|CS|TAMS 0x0000000705c00000, 0x0000000705c00000| Complete 
|  41|0x0000000705e00000, 0x0000000706000000, 0x0000000706000000|100%| E|CS|TAMS 0x0000000705e00000, 0x0000000705e00000| Complete 
|  42|0x0000000706000000, 0x0000000706200000, 0x0000000706200000|100%| E|CS|TAMS 0x0000000706000000, 0x0000000706000000| Complete 
| 127|0x0000000710a00000, 0x0000000710c00000, 0x0000000710c00000|100%| E|CS|TAMS 0x0000000710a00000, 0x0000000710a00000| Complete 

Card table byte_map: [0x000001bf71a50000,0x000001bf72250000] _byte_map_base: 0x000001bf6e24a000

Marking Bits (Prev, Next): (CMBitMap*) 0x000001bf5e6b5e80, (CMBitMap*) 0x000001bf5e6b5ec0
 Prev Bits: [0x000001bf72a50000, 0x000001bf76a20000)
 Next Bits: [0x000001bf76a20000, 0x000001bf7a9f0000)

Polling page: 0x000001bf5c5c0000

Metaspace:

Usage:
  Non-class:     28.54 MB used.
      Class:      3.32 MB used.
       Both:     31.86 MB used.

Virtual space:
  Non-class space:       32.00 MB reserved,      28.62 MB ( 89%) committed,  4 nodes.
      Class space:        1.00 GB reserved,       3.44 MB ( <1%) committed,  1 nodes.
             Both:        1.03 GB reserved,      32.06 MB (  3%) committed. 

Chunk freelists:
   Non-Class:  2.44 MB
       Class:  411.00 KB
        Both:  2.84 MB

MaxMetaspaceSize: unlimited
CompressedClassSpaceSize: 1.00 GB
Initial GC threshold: 21.00 MB
Current GC threshold: 50.62 MB
CDS: off
MetaspaceReclaimPolicy: balanced
 - commit_granule_bytes: 65536.
 - commit_granule_words: 8192.
 - virtual_space_node_default_size: 1048576.
 - enlarge_chunks_in_place: 1.
 - new_chunks_are_fully_committed: 0.
 - uncommit_free_chunks: 1.
 - use_allocation_guard: 0.
 - handle_deallocations: 1.


Internal statistics:

num_allocs_failed_limit: 3.
num_arena_births: 148.
num_arena_deaths: 0.
num_vsnodes_births: 5.
num_vsnodes_deaths: 0.
num_space_committed: 513.
num_space_uncommitted: 0.
num_chunks_returned_to_freelist: 3.
num_chunks_taken_from_freelist: 549.
num_chunk_merges: 0.
num_chunk_splits: 413.
num_chunks_enlarged: 346.
num_purges: 0.
num_inconsistent_stats: 0.

CodeHeap 'non-profiled nmethods': size=120000Kb used=1528Kb max_used=1528Kb free=118471Kb
 bounds [0x000001bf697d0000, 0x000001bf69a40000, 0x000001bf70d00000]
CodeHeap 'profiled nmethods': size=120000Kb used=7248Kb max_used=7248Kb free=112751Kb
 bounds [0x000001bf622a0000, 0x000001bf629c0000, 0x000001bf697d0000]
CodeHeap 'non-nmethods': size=5760Kb used=1407Kb max_used=1414Kb free=4353Kb
 bounds [0x000001bf61d00000, 0x000001bf61f70000, 0x000001bf622a0000]
 total_blobs=4224 nmethods=3484 adapters=650
 compilation: enabled
              stopped_count=0, restarted_count=0
 full_count=0

Compilation events (20 events):
Event: 3.982 Thread 0x000001bf7e096860 nmethod 3457 0x000001bf6299ed90 code [0x000001bf6299ef20, 0x000001bf6299f198]
Event: 3.982 Thread 0x000001bf7e096860 3458       3       java.awt.geom.Rectangle2D::intersects (85 bytes)
Event: 3.982 Thread 0x000001bf7e096860 nmethod 3458 0x000001bf6299f290 code [0x000001bf6299f480, 0x000001bf6299fc88]
Event: 3.982 Thread 0x000001bf7e096860 3459       3       javax.swing.JComponent::getBounds (50 bytes)
Event: 3.982 Thread 0x000001bf7e096860 nmethod 3459 0x000001bf6299fe10 code [0x000001bf629a0020, 0x000001bf629a0c28]
Event: 3.982 Thread 0x000001bf7e096860 3460       3       java.awt.Rectangle::getY (6 bytes)
Event: 3.982 Thread 0x000001bf7e096860 nmethod 3460 0x000001bf629a0f90 code [0x000001bf629a1120, 0x000001bf629a1238]
Event: 3.983 Thread 0x000001bf7e096860 3461       3       sun.awt.SunToolkit::getContainingWindow (24 bytes)
Event: 3.983 Thread 0x000001bf7e096860 nmethod 3461 0x000001bf629a1310 code [0x000001bf629a14c0, 0x000001bf629a1998]
Event: 3.983 Thread 0x000001bf7e096860 3462       3       sun.java2d.pipe.Region::getIntersectionXYWH (18 bytes)
Event: 3.984 Thread 0x000001bf7e096860 nmethod 3462 0x000001bf629a1a90 code [0x000001bf629a1c40, 0x000001bf629a1f48]
Event: 3.984 Thread 0x000001bf7e096860 3463       3       java.awt.geom.AffineTransform::rotate90 (87 bytes)
Event: 3.984 Thread 0x000001bf7e096860 nmethod 3463 0x000001bf629a2090 code [0x000001bf629a2260, 0x000001bf629a24f8]
Event: 3.984 Thread 0x000001bf7e096860 3464       3       java.lang.invoke.LambdaFormEditor::bindArgumentType (101 bytes)
Event: 3.985 Thread 0x000001bf7e096860 nmethod 3464 0x000001bf629a2610 code [0x000001bf629a27c0, 0x000001bf629a29e8]
Event: 3.985 Thread 0x000001bf7e096860 3466       3       com.google.protobuf.Descriptors$FieldDescriptor::isExtension (8 bytes)
Event: 3.985 Thread 0x000001bf7e096860 nmethod 3466 0x000001bf629a2b10 code [0x000001bf629a2ca0, 0x000001bf629a2e78]
Event: 3.985 Thread 0x000001bf7e096860 3465       3       java.lang.invoke.LambdaFormEditor::bindArgumentForm (269 bytes)
Event: 3.986 Thread 0x000001bf7e096860 nmethod 3465 0x000001bf629a2f90 code [0x000001bf629a3340, 0x000001bf629a4c68]
Event: 3.986 Thread 0x000001bf7e096860 3468   !   3       com.google.protobuf.GeneratedMessage$FieldAccessorTable::ensureFieldAccessorsInitialized (520 bytes)

GC Heap History (20 events):
Event: 1.452 GC heap before
{Heap before GC invocations=0 (full 0):
 garbage-first heap   total 262144K, used 20480K [0x0000000700c00000, 0x0000000800000000)
  region size 2048K, 11 young (22528K), 0 survivors (0K)
 Metaspace       used 21349K, committed 21504K, reserved 1073152K
  class space    used 2204K, committed 2304K, reserved 1048576K
}
Event: 1.456 GC heap after
{Heap after GC invocations=1 (full 0):
 garbage-first heap   total 262144K, used 8033K [0x0000000700c00000, 0x0000000800000000)
  region size 2048K, 2 young (4096K), 2 survivors (4096K)
 Metaspace       used 21349K, committed 21504K, reserved 1073152K
  class space    used 2204K, committed 2304K, reserved 1048576K
}
Event: 3.222 GC heap before
{Heap before GC invocations=2 (full 0):
 garbage-first heap   total 34816K, used 16225K [0x0000000700c00000, 0x0000000800000000)
  region size 2048K, 6 young (12288K), 2 survivors (4096K)
 Metaspace       used 24020K, committed 24256K, reserved 1073152K
  class space    used 2456K, committed 2560K, reserved 1048576K
}
Event: 3.224 GC heap after
{Heap after GC invocations=3 (full 0):
 garbage-first heap   total 34816K, used 9274K [0x0000000700c00000, 0x0000000800000000)
  region size 2048K, 1 young (2048K), 1 survivors (2048K)
 Metaspace       used 24020K, committed 24256K, reserved 1073152K
  class space    used 2456K, committed 2560K, reserved 1048576K
}
Event: 3.298 GC heap before
{Heap before GC invocations=3 (full 0):
 garbage-first heap   total 34816K, used 17466K [0x0000000700c00000, 0x0000000800000000)
  region size 2048K, 5 young (10240K), 1 survivors (2048K)
 Metaspace       used 26116K, committed 26368K, reserved 1073152K
  class space    used 2697K, committed 2816K, reserved 1048576K
}
Event: 3.299 GC heap after
{Heap after GC invocations=4 (full 0):
 garbage-first heap   total 34816K, used 9244K [0x0000000700c00000, 0x0000000800000000)
  region size 2048K, 1 young (2048K), 1 survivors (2048K)
 Metaspace       used 26116K, committed 26368K, reserved 1073152K
  class space    used 2697K, committed 2816K, reserved 1048576K
}
Event: 3.359 GC heap before
{Heap before GC invocations=4 (full 0):
 garbage-first heap   total 34816K, used 19484K [0x0000000700c00000, 0x0000000800000000)
  region size 2048K, 6 young (12288K), 1 survivors (2048K)
 Metaspace       used 26399K, committed 26560K, reserved 1073152K
  class space    used 2714K, committed 2816K, reserved 1048576K
}
Event: 3.363 GC heap after
{Heap after GC invocations=5 (full 0):
 garbage-first heap   total 34816K, used 16748K [0x0000000700c00000, 0x0000000800000000)
  region size 2048K, 1 young (2048K), 1 survivors (2048K)
 Metaspace       used 26399K, committed 26560K, reserved 1073152K
  class space    used 2714K, committed 2816K, reserved 1048576K
}
Event: 3.376 GC heap before
{Heap before GC invocations=5 (full 0):
 garbage-first heap   total 34816K, used 20844K [0x0000000700c00000, 0x0000000800000000)
  region size 2048K, 3 young (6144K), 1 survivors (2048K)
 Metaspace       used 26399K, committed 26560K, reserved 1073152K
  class space    used 2714K, committed 2816K, reserved 1048576K
}
Event: 3.379 GC heap after
{Heap after GC invocations=6 (full 0):
 garbage-first heap   total 34816K, used 20321K [0x0000000700c00000, 0x0000000800000000)
  region size 2048K, 1 young (2048K), 1 survivors (2048K)
 Metaspace       used 26399K, committed 26560K, reserved 1073152K
  class space    used 2714K, committed 2816K, reserved 1048576K
}
Event: 3.397 GC heap before
{Heap before GC invocations=7 (full 0):
 garbage-first heap   total 38912K, used 22369K [0x0000000700c00000, 0x0000000800000000)
  region size 2048K, 2 young (4096K), 1 survivors (2048K)
 Metaspace       used 26638K, committed 26816K, reserved 1073152K
  class space    used 2738K, committed 2816K, reserved 1048576K
}
Event: 3.399 GC heap after
{Heap after GC invocations=8 (full 0):
 garbage-first heap   total 38912K, used 21860K [0x0000000700c00000, 0x0000000800000000)
  region size 2048K, 1 young (2048K), 1 survivors (2048K)
 Metaspace       used 26638K, committed 26816K, reserved 1073152K
  class space    used 2738K, committed 2816K, reserved 1048576K
}
Event: 3.426 GC heap before
{Heap before GC invocations=8 (full 0):
 garbage-first heap   total 38912K, used 23908K [0x0000000700c00000, 0x0000000800000000)
  region size 2048K, 2 young (4096K), 1 survivors (2048K)
 Metaspace       used 27350K, committed 27520K, reserved 1081344K
  class space    used 2828K, committed 2880K, reserved 1048576K
}
Event: 3.427 GC heap after
{Heap after GC invocations=9 (full 0):
 garbage-first heap   total 38912K, used 21809K [0x0000000700c00000, 0x0000000800000000)
  region size 2048K, 1 young (2048K), 1 survivors (2048K)
 Metaspace       used 27350K, committed 27520K, reserved 1081344K
  class space    used 2828K, committed 2880K, reserved 1048576K
}
Event: 3.451 GC heap before
{Heap before GC invocations=10 (full 0):
 garbage-first heap   total 45056K, used 21809K [0x0000000700c00000, 0x0000000800000000)
  region size 2048K, 2 young (4096K), 1 survivors (2048K)
 Metaspace       used 27969K, committed 28160K, reserved 1081344K
  class space    used 2889K, committed 2944K, reserved 1048576K
}
Event: 3.451 GC heap after
{Heap after GC invocations=11 (full 0):
 garbage-first heap   total 45056K, used 21773K [0x0000000700c00000, 0x0000000800000000)
  region size 2048K, 1 young (2048K), 1 survivors (2048K)
 Metaspace       used 27969K, committed 28160K, reserved 1081344K
  class space    used 2889K, committed 2944K, reserved 1048576K
}
Event: 3.473 GC heap before
{Heap before GC invocations=11 (full 0):
 garbage-first heap   total 45056K, used 23821K [0x0000000700c00000, 0x0000000800000000)
  region size 2048K, 2 young (4096K), 1 survivors (2048K)
 Metaspace       used 28675K, committed 28864K, reserved 1081344K
  class space    used 2949K, committed 3008K, reserved 1048576K
}
Event: 3.474 GC heap after
{Heap after GC invocations=12 (full 0):
 garbage-first heap   total 45056K, used 21331K [0x0000000700c00000, 0x0000000800000000)
  region size 2048K, 1 young (2048K), 1 survivors (2048K)
 Metaspace       used 28675K, committed 28864K, reserved 1081344K
  class space    used 2949K, committed 3008K, reserved 1048576K
}
Event: 3.566 GC heap before
{Heap before GC invocations=12 (full 0):
 garbage-first heap   total 45056K, used 27475K [0x0000000700c00000, 0x0000000800000000)
  region size 2048K, 4 young (8192K), 1 survivors (2048K)
 Metaspace       used 30709K, committed 30912K, reserved 1081344K
  class space    used 3207K, committed 3328K, reserved 1048576K
}
Event: 3.567 GC heap after
{Heap after GC invocations=13 (full 0):
 garbage-first heap   total 153600K, used 21712K [0x0000000700c00000, 0x0000000800000000)
  region size 2048K, 1 young (2048K), 1 survivors (2048K)
 Metaspace       used 30709K, committed 30912K, reserved 1081344K
  class space    used 3207K, committed 3328K, reserved 1048576K
}

Deoptimization events (20 events):
Event: 3.971 Thread 0x000001bf7e75cee0 Uncommon trap: trap_request=0xffffffde fr.pc=0x000001bf698b4334 relative=0x0000000000000554
Event: 3.971 Thread 0x000001bf7e75cee0 Uncommon trap: reason=class_check action=maybe_recompile pc=0x000001bf698b4334 method=jdk.internal.logger.AbstractLoggerWrapper.isLoggable(Lsun/util/logging/PlatformLogger$Level;)Z @ 20 c2
Event: 3.971 Thread 0x000001bf7e75cee0 DEOPT PACKING pc=0x000001bf698b4334 sp=0x0000003306efeae0
Event: 3.971 Thread 0x000001bf7e75cee0 DEOPT UNPACKING pc=0x000001bf61d523a3 sp=0x0000003306efea48 mode 2
Event: 3.971 Thread 0x000001bf7e75cee0 Uncommon trap: trap_request=0xffffffde fr.pc=0x000001bf6983e3d8 relative=0x00000000000004f8
Event: 3.971 Thread 0x000001bf7e75cee0 Uncommon trap: reason=class_check action=maybe_recompile pc=0x000001bf6983e3d8 method=jdk.internal.logger.AbstractLoggerWrapper.isLoggable(Lsun/util/logging/PlatformLogger$Level;)Z @ 20 c2
Event: 3.971 Thread 0x000001bf7e75cee0 DEOPT PACKING pc=0x000001bf6983e3d8 sp=0x0000003306efe8b0
Event: 3.971 Thread 0x000001bf7e75cee0 DEOPT UNPACKING pc=0x000001bf61d523a3 sp=0x0000003306efe880 mode 2
Event: 3.971 Thread 0x000001bf7e75cee0 Uncommon trap: trap_request=0xffffffde fr.pc=0x000001bf698b4334 relative=0x0000000000000554
Event: 3.971 Thread 0x000001bf7e75cee0 Uncommon trap: reason=class_check action=maybe_recompile pc=0x000001bf698b4334 method=jdk.internal.logger.AbstractLoggerWrapper.isLoggable(Lsun/util/logging/PlatformLogger$Level;)Z @ 20 c2
Event: 3.971 Thread 0x000001bf7e75cee0 DEOPT PACKING pc=0x000001bf698b4334 sp=0x0000003306efe830
Event: 3.971 Thread 0x000001bf7e75cee0 DEOPT UNPACKING pc=0x000001bf61d523a3 sp=0x0000003306efe798 mode 2
Event: 3.977 Thread 0x000001bf7eaf98d0 DEOPT PACKING pc=0x000001bf6297059f sp=0x0000003308b5e850
Event: 3.977 Thread 0x000001bf7eaf98d0 DEOPT UNPACKING pc=0x000001bf61d52b43 sp=0x0000003308b5dd38 mode 0
Event: 3.978 Thread 0x000001bf7e75cee0 DEOPT PACKING pc=0x000001bf62684e12 sp=0x0000003306efd2f0
Event: 3.978 Thread 0x000001bf7e75cee0 DEOPT UNPACKING pc=0x000001bf61d52b43 sp=0x0000003306efc7a8 mode 0
Event: 3.984 Thread 0x000001bf7eaf98d0 Uncommon trap: trap_request=0xffffffc6 fr.pc=0x000001bf6994161c relative=0x000000000000007c
Event: 3.984 Thread 0x000001bf7eaf98d0 Uncommon trap: reason=bimorphic_or_optimized_type_check action=maybe_recompile pc=0x000001bf6994161c method=java.util.Collections$UnmodifiableCollection.size()I @ 4 c2
Event: 3.984 Thread 0x000001bf7eaf98d0 DEOPT PACKING pc=0x000001bf6994161c sp=0x0000003308b5ed50
Event: 3.984 Thread 0x000001bf7eaf98d0 DEOPT UNPACKING pc=0x000001bf61d523a3 sp=0x0000003308b5ece0 mode 2

Classes unloaded (0 events):
No events

Classes redefined (0 events):
No events

Internal exceptions (20 events):
Event: 0.231 Thread 0x000001bf7e75cee0 Exception <a 'java/lang/ClassNotFoundException'{0x0000000710576f20}: ToolBarSeparator> (0x0000000710576f20) 
thrown [s\src\hotspot\share\classfile\systemDictionary.cpp, line 256]
Event: 0.231 Thread 0x000001bf7e75cee0 Exception <a 'java/lang/ClassNotFoundException'{0x0000000710577470}: ToolTip> (0x0000000710577470) 
thrown [s\src\hotspot\share\classfile\systemDictionary.cpp, line 256]
Event: 0.232 Thread 0x000001bf7e75cee0 Exception <a 'java/lang/ClassNotFoundException'{0x0000000710577df0}: Tree> (0x0000000710577df0) 
thrown [s\src\hotspot\share\classfile\systemDictionary.cpp, line 256]
Event: 0.232 Thread 0x000001bf7e75cee0 Exception <a 'java/lang/ClassNotFoundException'{0x00000007105782e8}: Tree> (0x00000007105782e8) 
thrown [s\src\hotspot\share\classfile\systemDictionary.cpp, line 256]
Event: 0.232 Thread 0x000001bf7e75cee0 Exception <a 'java/lang/ClassNotFoundException'{0x0000000710578658}: javax/swing/JTreeCell> (0x0000000710578658) 
thrown [s\src\hotspot\share\classfile\systemDictionary.cpp, line 256]
Event: 0.232 Thread 0x000001bf7e75cee0 Exception <a 'java/lang/ClassNotFoundException'{0x0000000710578958}: TreeCell> (0x0000000710578958) 
thrown [s\src\hotspot\share\classfile\systemDictionary.cpp, line 256]
Event: 0.232 Thread 0x000001bf7e75cee0 Exception <a 'java/lang/ClassNotFoundException'{0x0000000710579150}: RootPane> (0x0000000710579150) 
thrown [s\src\hotspot\share\classfile\systemDictionary.cpp, line 256]
Event: 0.233 Thread 0x000001bf7e75cee0 Exception <a 'java/lang/NoSuchMethodError'{0x000000071057ab58}: 'void java.lang.invoke.DirectMethodHandle$Holder.invokeSpecial(java.lang.Object, java.lang.Object, java.lang.Object)'> (0x000000071057ab58) 
thrown [s\src\hotspot\share\interpreter\linkResolver.cpp, line 759]
Event: 0.238 Thread 0x000001bf7e75cee0 Exception <a 'java/lang/NoSuchMethodError'{0x0000000710588160}: 'java.lang.Object java.lang.invoke.DirectMethodHandle$Holder.invokeStatic(java.lang.Object, int, java.lang.Object, java.lang.Object, java.lang.Object, java.lang.Object)'> (0x0000000710588160) 
thrown [s\src\hotspot\share\interpreter\linkResolver.cpp, line 759]
Event: 0.357 Thread 0x000001bf7e75cee0 Exception <a 'java/lang/ClassNotFoundException'{0x00000007102047d8}: com/sun/swing/internal/plaf/synth/resources/spi/synthProvider> (0x00000007102047d8) 
thrown [s\src\hotspot\share\classfile\systemDictionary.cpp, line 256]
Event: 0.357 Thread 0x000001bf7e75cee0 Exception <a 'java/lang/ClassNotFoundException'{0x0000000710208c18}: com/sun/swing/internal/plaf/basic/resources/spi/basicProvider> (0x0000000710208c18) 
thrown [s\src\hotspot\share\classfile\systemDictionary.cpp, line 256]
Event: 0.374 Thread 0x000001bf7e75cee0 Exception <a 'java/lang/NoSuchMethodError'{0x0000000710273ce0}: 'void java.lang.invoke.DirectMethodHandle$Holder.invokeStatic(java.lang.Object, java.lang.Object)'> (0x0000000710273ce0) 
thrown [s\src\hotspot\share\interpreter\linkResolver.cpp, line 759]
Event: 0.505 Thread 0x000001bf7e75cee0 Exception <a 'java/lang/NoSuchMethodError'{0x000000070fe3ca18}: 'java.lang.Object java.lang.invoke.DirectMethodHandle$Holder.newInvokeSpecial(java.lang.Object, java.lang.Object, java.lang.Object, java.lang.Object, java.lang.Object)'> (0x000000070fe3ca18) 
thrown [s\src\hotspot\share\interpreter\linkResolver.cpp, line 759]
Event: 0.580 Thread 0x000001bf7e75cee0 Implicit null exception at 0x000001bf69832db1 to 0x000001bf698337d0
Event: 0.589 Thread 0x000001bf7e75cee0 Exception <a 'java/lang/NoSuchMethodError'{0x000000070fd67fe0}: 'void java.lang.invoke.DirectMethodHandle$Holder.invokeSpecial(java.lang.Object, java.lang.Object, java.lang.Object, java.lang.Object, java.lang.Object)'> (0x000000070fd67fe0) 
thrown [s\src\hotspot\share\interpreter\linkResolver.cpp, line 759]
Event: 0.591 Thread 0x000001bf7e75cee0 Exception <a 'java/lang/NoSuchMethodError'{0x000000070fd7e338}: 'void java.lang.invoke.DirectMethodHandle$Holder.invokeStatic(java.lang.Object, java.lang.Object, java.lang.Object)'> (0x000000070fd7e338) 
thrown [s\src\hotspot\share\interpreter\linkResolver.cpp, line 759]
Event: 0.661 Thread 0x000001bf7e75cee0 Exception <a 'java/lang/NoSuchMethodError'{0x000000070fb0c580}: 'void java.lang.invoke.DirectMethodHandle$Holder.invokeStaticInit(java.lang.Object)'> (0x000000070fb0c580) 
thrown [s\src\hotspot\share\interpreter\linkResolver.cpp, line 759]
Event: 0.754 Thread 0x000001bf7e6ca040 Exception <a 'java/lang/NoSuchMethodError'{0x000000071040c148}: 'void java.lang.invoke.DirectMethodHandle$Holder.invokeVirtual(java.lang.Object, java.lang.Object)'> (0x000000071040c148) 
thrown [s\src\hotspot\share\interpreter\linkResolver.cpp, line 759]
Event: 1.442 Thread 0x000001bf7e75cee0 Implicit null exception at 0x000001bf69844930 to 0x000001bf69844992
Event: 1.652 Thread 0x000001bf7e75cee0 Exception <a 'java/lang/NoSuchMethodError'{0x0000000710b32138}: 'int java.lang.invoke.DirectMethodHandle$Holder.invokeStatic(java.lang.Object)'> (0x0000000710b32138) 
thrown [s\src\hotspot\share\interpreter\linkResolver.cpp, line 759]

VM Operations (20 events):
Event: 3.397 Executing VM operation: G1CollectForAllocation
Event: 3.399 Executing VM operation: G1CollectForAllocation done
Event: 3.426 Executing VM operation: G1CollectForAllocation
Event: 3.427 Executing VM operation: G1CollectForAllocation done
Event: 3.436 Executing VM operation: G1Concurrent
Event: 3.437 Executing VM operation: G1Concurrent done
Event: 3.442 Executing VM operation: G1Concurrent
Event: 3.442 Executing VM operation: G1Concurrent done
Event: 3.451 Executing VM operation: G1CollectForAllocation
Event: 3.451 Executing VM operation: G1CollectForAllocation done
Event: 3.473 Executing VM operation: G1CollectForAllocation
Event: 3.474 Executing VM operation: G1CollectForAllocation done
Event: 3.483 Executing VM operation: HandshakeAllThreads
Event: 3.483 Executing VM operation: HandshakeAllThreads done
Event: 3.566 Executing VM operation: G1CollectForAllocation
Event: 3.567 Executing VM operation: G1CollectForAllocation done
Event: 3.576 Executing VM operation: G1Concurrent
Event: 3.577 Executing VM operation: G1Concurrent done
Event: 3.581 Executing VM operation: G1Concurrent
Event: 3.581 Executing VM operation: G1Concurrent done

Events (20 events):
Event: 3.608 loading class java/lang/reflect/GenericArrayType done
Event: 3.773 Thread 0x000001bf08218830 Thread exited: 0x000001bf08218830
Event: 3.773 Thread 0x000001bf08219250 Thread exited: 0x000001bf08219250
Event: 3.951 loading class java/math/MathContext
Event: 3.951 loading class java/math/MathContext done
Event: 3.954 loading class java/util/ConcurrentModificationException
Event: 3.954 loading class java/util/ConcurrentModificationException done
Event: 3.962 loading class java/math/BigDecimal$StringBuilderHelper
Event: 3.962 loading class java/math/BigDecimal$StringBuilderHelper done
Event: 3.970 loading class javax/swing/SwingWorker$6
Event: 3.970 loading class javax/swing/SwingWorker$6 done
Event: 3.970 loading class javax/swing/SwingWorker$7
Event: 3.970 loading class javax/swing/SwingWorker$7 done
Event: 3.971 Thread 0x000001bf7eaf98d0 Thread added: 0x000001bf7eaf98d0
Event: 3.971 loading class javax/swing/SwingWorker$SwingWorkerPropertyChangeSupport$1
Event: 3.971 loading class javax/swing/SwingWorker$SwingWorkerPropertyChangeSupport$1 done
Event: 3.975 loading class java/io/FileReader
Event: 3.975 loading class java/io/FileReader done
Event: 3.976 Thread 0x000001bf08219760 Thread added: 0x000001bf08219760
Event: 3.979 Thread 0x000001bf0821a180 Thread added: 0x000001bf0821a180


Dynamic libraries:
0x00007ff611090000 - 0x00007ff61109e000 	C:\Users\giona\.p2\pool\plugins\org.eclipse.justj.openjdk.hotspot.jre.full.win32.x86_64_17.0.4.v20220805-1047\jre\bin\javaw.exe
0x00007ffb5c950000 - 0x00007ffb5cb67000 	C:\WINDOWS\SYSTEM32\ntdll.dll
0x00007ffb5aa10000 - 0x00007ffb5aad4000 	C:\WINDOWS\System32\KERNEL32.DLL
0x00007ffb59dd0000 - 0x00007ffb5a17d000 	C:\WINDOWS\System32\KERNELBASE.dll
0x00007ffb5a530000 - 0x00007ffb5a641000 	C:\WINDOWS\System32\ucrtbase.dll
0x00007ffb54fc0000 - 0x00007ffb54fd8000 	C:\Users\giona\.p2\pool\plugins\org.eclipse.justj.openjdk.hotspot.jre.full.win32.x86_64_17.0.4.v20220805-1047\jre\bin\jli.dll
0x00007ffb54fa0000 - 0x00007ffb54fb9000 	C:\Users\giona\.p2\pool\plugins\org.eclipse.justj.openjdk.hotspot.jre.full.win32.x86_64_17.0.4.v20220805-1047\jre\bin\VCRUNTIME140.dll
0x00007ffb5b3b0000 - 0x00007ffb5b55e000 	C:\WINDOWS\System32\USER32.dll
0x00007ffb48200000 - 0x00007ffb48493000 	C:\WINDOWS\WinSxS\amd64_microsoft.windows.common-controls_6595b64144ccf1df_6.0.22621.3672_none_2713b9d173822955\COMCTL32.dll
0x00007ffb5a650000 - 0x00007ffb5a676000 	C:\WINDOWS\System32\win32u.dll
0x00007ffb5ab90000 - 0x00007ffb5ac37000 	C:\WINDOWS\System32\msvcrt.dll
0x00007ffb5a9a0000 - 0x00007ffb5a9c9000 	C:\WINDOWS\System32\GDI32.dll
0x00007ffb5a180000 - 0x00007ffb5a299000 	C:\WINDOWS\System32\gdi32full.dll
0x00007ffb59c70000 - 0x00007ffb59d0a000 	C:\WINDOWS\System32\msvcp_win.dll
0x00007ffb5a9d0000 - 0x00007ffb5aa01000 	C:\WINDOWS\System32\IMM32.DLL
0x00007ffb56ee0000 - 0x00007ffb56eec000 	C:\Users\giona\.p2\pool\plugins\org.eclipse.justj.openjdk.hotspot.jre.full.win32.x86_64_17.0.4.v20220805-1047\jre\bin\vcruntime140_1.dll
0x00007ffb4df90000 - 0x00007ffb4e021000 	C:\Users\giona\.p2\pool\plugins\org.eclipse.justj.openjdk.hotspot.jre.full.win32.x86_64_17.0.4.v20220805-1047\jre\bin\msvcp140.dll
0x00007ffac36c0000 - 0x00007ffac4306000 	C:\Users\giona\.p2\pool\plugins\org.eclipse.justj.openjdk.hotspot.jre.full.win32.x86_64_17.0.4.v20220805-1047\jre\bin\server\jvm.dll
0x00007ffb5c7f0000 - 0x00007ffb5c8a2000 	C:\WINDOWS\System32\ADVAPI32.dll
0x00007ffb5aae0000 - 0x00007ffb5ab89000 	C:\WINDOWS\System32\sechost.dll
0x00007ffb5a390000 - 0x00007ffb5a3b8000 	C:\WINDOWS\System32\bcrypt.dll
0x00007ffb5b0d0000 - 0x00007ffb5b1e4000 	C:\WINDOWS\System32\RPCRT4.dll
0x00007ffb5c0c0000 - 0x00007ffb5c0c8000 	C:\WINDOWS\System32\PSAPI.DLL
0x00007ffb54f90000 - 0x00007ffb54f99000 	C:\WINDOWS\SYSTEM32\WSOCK32.dll
0x00007ffb5c5c0000 - 0x00007ffb5c631000 	C:\WINDOWS\System32\WS2_32.dll
0x00007ffb52820000 - 0x00007ffb52854000 	C:\WINDOWS\SYSTEM32\WINMM.dll
0x00007ffb516c0000 - 0x00007ffb516ca000 	C:\WINDOWS\SYSTEM32\VERSION.dll
0x00007ffb58c80000 - 0x00007ffb58c98000 	C:\WINDOWS\SYSTEM32\kernel.appcore.dll
0x00007ffb54f80000 - 0x00007ffb54f8a000 	C:\Users\giona\.p2\pool\plugins\org.eclipse.justj.openjdk.hotspot.jre.full.win32.x86_64_17.0.4.v20220805-1047\jre\bin\jimage.dll
0x00007ffb4d600000 - 0x00007ffb4d832000 	C:\WINDOWS\SYSTEM32\DBGHELP.DLL
0x00007ffb5c0d0000 - 0x00007ffb5c45e000 	C:\WINDOWS\System32\combase.dll
0x00007ffb5be40000 - 0x00007ffb5bf17000 	C:\WINDOWS\System32\OLEAUT32.dll
0x00007ffb3aee0000 - 0x00007ffb3af12000 	C:\WINDOWS\SYSTEM32\dbgcore.DLL
0x00007ffb5a2a0000 - 0x00007ffb5a31b000 	C:\WINDOWS\System32\bcryptPrimitives.dll
0x00007ffb54ec0000 - 0x00007ffb54ee5000 	C:\Users\giona\.p2\pool\plugins\org.eclipse.justj.openjdk.hotspot.jre.full.win32.x86_64_17.0.4.v20220805-1047\jre\bin\java.dll
0x00007ffb54f60000 - 0x00007ffb54f78000 	C:\Users\giona\.p2\pool\plugins\org.eclipse.justj.openjdk.hotspot.jre.full.win32.x86_64_17.0.4.v20220805-1047\jre\bin\zip.dll
0x00007ffb5b5b0000 - 0x00007ffb5be17000 	C:\WINDOWS\System32\SHELL32.dll
0x00007ffb57ba0000 - 0x00007ffb5849f000 	C:\WINDOWS\SYSTEM32\windows.storage.dll
0x00007ffb57a60000 - 0x00007ffb57b9f000 	C:\WINDOWS\SYSTEM32\wintypes.dll
0x00007ffb5b280000 - 0x00007ffb5b379000 	C:\WINDOWS\System32\SHCORE.dll
0x00007ffb5c8b0000 - 0x00007ffb5c90e000 	C:\WINDOWS\System32\shlwapi.dll
0x00007ffb59ba0000 - 0x00007ffb59bc7000 	C:\WINDOWS\SYSTEM32\profapi.dll
0x00007ffb49210000 - 0x00007ffb4939e000 	C:\Users\giona\.p2\pool\plugins\org.eclipse.justj.openjdk.hotspot.jre.full.win32.x86_64_17.0.4.v20220805-1047\jre\bin\awt.dll
0x00007ffb56f30000 - 0x00007ffb56fc7000 	C:\WINDOWS\SYSTEM32\apphelp.dll
0x00007ffb545e0000 - 0x00007ffb545f9000 	C:\Users\giona\.p2\pool\plugins\org.eclipse.justj.openjdk.hotspot.jre.full.win32.x86_64_17.0.4.v20220805-1047\jre\bin\net.dll
0x00007ffb53680000 - 0x00007ffb537b6000 	C:\WINDOWS\SYSTEM32\WINHTTP.dll
0x00007ffb59160000 - 0x00007ffb591c9000 	C:\WINDOWS\system32\mswsock.dll
0x00007ffb53170000 - 0x00007ffb53185000 	C:\Users\giona\.p2\pool\plugins\org.eclipse.justj.openjdk.hotspot.jre.full.win32.x86_64_17.0.4.v20220805-1047\jre\bin\nio.dll
0x00007ffb571b0000 - 0x00007ffb57261000 	C:\WINDOWS\system32\uxtheme.dll
0x00007ffb5c460000 - 0x00007ffb5c5be000 	C:\WINDOWS\System32\MSCTF.dll
0x00007ffb5c640000 - 0x00007ffb5c7e5000 	C:\WINDOWS\System32\ole32.dll
0x00007ffb4df00000 - 0x00007ffb4df86000 	C:\Users\giona\.p2\pool\plugins\org.eclipse.justj.openjdk.hotspot.jre.full.win32.x86_64_17.0.4.v20220805-1047\jre\bin\freetype.dll
0x00007ffb4de50000 - 0x00007ffb4def8000 	C:\Users\giona\.p2\pool\plugins\org.eclipse.justj.openjdk.hotspot.jre.full.win32.x86_64_17.0.4.v20220805-1047\jre\bin\fontmanager.dll
0x00007ffb574f0000 - 0x00007ffb5751b000 	C:\WINDOWS\system32\DWMAPI.DLL
0x00007ffb322c0000 - 0x00007ffb323c0000 	C:\WINDOWS\system32\opengl32.dll
0x00007ffb530b0000 - 0x00007ffb530dd000 	C:\WINDOWS\SYSTEM32\GLU32.dll
0x00007ffb572a0000 - 0x00007ffb572d7000 	C:\WINDOWS\SYSTEM32\dxcore.dll
0x00007ffb49030000 - 0x00007ffb491d8000 	C:\WINDOWS\system32\d3d9.dll
0x00007ffb50a30000 - 0x00007ffb50b47000 	C:\WINDOWS\System32\DriverStore\FileRepository\nv_dispig.inf_amd64_ee20464bb4ac57f4\nvldumdx.dll
0x00007ffb59910000 - 0x00007ffb59922000 	C:\WINDOWS\SYSTEM32\msasn1.dll
0x00007ffb51680000 - 0x00007ffb516b2000 	C:\WINDOWS\SYSTEM32\cryptnet.dll
0x00007ffb5a3c0000 - 0x00007ffb5a526000 	C:\WINDOWS\System32\CRYPT32.dll
0x00007ffb51510000 - 0x00007ffb51672000 	C:\WINDOWS\SYSTEM32\drvstore.dll
0x00007ffb59930000 - 0x00007ffb5995c000 	C:\WINDOWS\SYSTEM32\devobj.dll
0x00007ffb59960000 - 0x00007ffb599ae000 	C:\WINDOWS\SYSTEM32\cfgmgr32.dll
0x00007ffb59450000 - 0x00007ffb59499000 	C:\WINDOWS\SYSTEM32\wldp.dll
0x00007ffb59500000 - 0x00007ffb5950c000 	C:\WINDOWS\SYSTEM32\cryptbase.dll
0x00007ffb5a320000 - 0x00007ffb5a38b000 	C:\WINDOWS\System32\WINTRUST.DLL
0x00007ffb5b380000 - 0x00007ffb5b39f000 	C:\WINDOWS\System32\imagehlp.dll
0x00007ffb59520000 - 0x00007ffb5953b000 	C:\WINDOWS\SYSTEM32\CRYPTSP.dll
0x00007ffb58be0000 - 0x00007ffb58c15000 	C:\WINDOWS\system32\rsaenh.dll
0x00007ffac0af0000 - 0x00007ffac22fa000 	C:\WINDOWS\System32\DriverStore\FileRepository\nv_dispig.inf_amd64_ee20464bb4ac57f4\nvd3dumx.dll
0x00007ffb54e50000 - 0x00007ffb54e99000 	C:\WINDOWS\SYSTEM32\directxdatabasehelper.dll
0x00007ffb325a0000 - 0x00007ffb32863000 	C:\WINDOWS\system32\nvspcap64.dll
0x00007ffb58e00000 - 0x00007ffb58e34000 	C:\WINDOWS\SYSTEM32\ntmarta.dll
0x00007ffb591f0000 - 0x00007ffb59216000 	C:\WINDOWS\SYSTEM32\gpapi.dll
0x00007ffabfa70000 - 0x00007ffac0aeb000 	D:\Unibg\Tesi\BREATHE\breathe.gui\PulseJNI.dll
0x00007ffb5c010000 - 0x00007ffb5c0c0000 	C:\WINDOWS\System32\clbcatq.dll
0x00007ffb56ff0000 - 0x00007ffb571a1000 	C:\WINDOWS\SYSTEM32\WindowsCodecs.dll
0x00007ffb34590000 - 0x00007ffb345ee000 	C:\WINDOWS\system32\dataexchange.dll
0x00007ffb51f80000 - 0x00007ffb5220a000 	C:\WINDOWS\system32\twinapi.appcore.dll
0x00007ffb35340000 - 0x00007ffb35483000 	C:\WINDOWS\SYSTEM32\textinputframework.dll
0x00007ffb56b50000 - 0x00007ffb56c83000 	C:\WINDOWS\SYSTEM32\CoreMessaging.dll
0x00007ffb546d0000 - 0x00007ffb54a3d000 	C:\WINDOWS\SYSTEM32\CoreUIComponents.dll
0x00007ffb4eeb0000 - 0x00007ffb4ef63000 	C:\WINDOWS\WinSxS\amd64_microsoft.windows.common-controls_6595b64144ccf1df_5.82.22621.3527_none_b43b7f4b638cc64f\comctl32.dll
0x00007ffb308a0000 - 0x00007ffb308ba000 	C:\WINDOWS\system32\NetworkExplorer.dll
0x00007ffb551f0000 - 0x00007ffb552f0000 	C:\WINDOWS\system32\PROPSYS.dll
0x00007ffb43420000 - 0x00007ffb434d6000 	C:\Windows\System32\Windows.FileExplorer.Common.dll
0x00007ffb3d9e0000 - 0x00007ffb3dacb000 	C:\WINDOWS\system32\Windows.Storage.Search.dll
0x00007ffb508f0000 - 0x00007ffb50a29000 	C:\Windows\System32\Windows.System.Launcher.dll
0x00007ffb554a0000 - 0x00007ffb55533000 	C:\Windows\System32\msvcp110_win.dll
0x00007ffb51e70000 - 0x00007ffb51e8a000 	C:\WINDOWS\SYSTEM32\windows.staterepositorycore.dll
0x00007ffb3fb30000 - 0x00007ffb3fbeb000 	C:\WINDOWS\System32\StructuredQuery.dll
0x00007ffb55540000 - 0x00007ffb555e5000 	C:\WINDOWS\SYSTEM32\policymanager.dll
0x00007ffb40190000 - 0x00007ffb40240000 	C:\Windows\System32\OneCoreCommonProxyStub.dll
0x00007ffb44b50000 - 0x00007ffb44b6e000 	C:\WINDOWS\SYSTEM32\MPR.dll
0x00007ffb38960000 - 0x00007ffb3898b000 	C:\WINDOWS\System32\p9np.dll
0x00007ffb4e980000 - 0x00007ffb4e98c000 	C:\WINDOWS\System32\drprov.dll
0x00007ffb380d0000 - 0x00007ffb380f2000 	C:\WINDOWS\System32\ntlanman.dll
0x00007ffb4d870000 - 0x00007ffb4d88f000 	C:\WINDOWS\System32\davclnt.dll
0x00007ffb58d90000 - 0x00007ffb58df6000 	C:\WINDOWS\System32\WINSTA.dll
0x00007ffb52af0000 - 0x00007ffb52b0a000 	C:\WINDOWS\System32\wkscli.dll
0x00007ffb30090000 - 0x00007ffb300a2000 	C:\WINDOWS\SYSTEM32\cscapi.dll
0x00007ffb586c0000 - 0x00007ffb586cc000 	C:\WINDOWS\System32\netutils.dll
0x00007ffb35d20000 - 0x00007ffb35d76000 	C:\Windows\System32\dlnashext.dll
0x00007ffb1c930000 - 0x00007ffb1c999000 	C:\Windows\System32\PlayToDevice.dll
0x00007ffb31fc0000 - 0x00007ffb31fe1000 	C:\Windows\System32\DevDispItemProvider.dll
0x00007ffb364f0000 - 0x00007ffb3654a000 	C:\Windows\System32\vaultcli.dll
0x00007ffb504b0000 - 0x00007ffb5054e000 	C:\WINDOWS\System32\MMDevApi.dll
0x00007ffb4db30000 - 0x00007ffb4dbd9000 	C:\WINDOWS\system32\wpdshext.dll
0x00007ffb484a0000 - 0x00007ffb48659000 	C:\WINDOWS\WinSxS\amd64_microsoft.windows.gdiplus_6595b64144ccf1df_1.1.22621.3810_none_57f8d842ce19d879\gdiplus.dll
0x00007ffb1efb0000 - 0x00007ffb1f04e000 	C:\Windows\System32\PortableDeviceApi.dll
0x00007ffb5ac50000 - 0x00007ffb5b0c4000 	C:\WINDOWS\System32\SETUPAPI.dll
0x00007ffb2c390000 - 0x00007ffb2c3c7000 	C:\Windows\System32\EhStorShell.dll
0x00007ffb4fb70000 - 0x00007ffb4fb94000 	C:\Windows\System32\EhStorAPI.dll
0x00007ffb58a40000 - 0x00007ffb58a54000 	C:\Windows\System32\WTSAPI32.dll
0x00007ffb514d0000 - 0x00007ffb514dd000 	C:\WINDOWS\SYSTEM32\LINKINFO.dll
0x00007ffb47530000 - 0x00007ffb475dc000 	C:\Windows\System32\appresolver.dll

dbghelp: loaded successfully - version: 4.0.5 - missing functions: none
symbol engine: initialized successfully - sym options: 0x614 - pdb path: .;C:\Users\giona\.p2\pool\plugins\org.eclipse.justj.openjdk.hotspot.jre.full.win32.x86_64_17.0.4.v20220805-1047\jre\bin;C:\WINDOWS\SYSTEM32;C:\WINDOWS\WinSxS\amd64_microsoft.windows.common-controls_6595b64144ccf1df_6.0.22621.3672_none_2713b9d173822955;C:\Users\giona\.p2\pool\plugins\org.eclipse.justj.openjdk.hotspot.jre.full.win32.x86_64_17.0.4.v20220805-1047\jre\bin\server;C:\WINDOWS\System32\DriverStore\FileRepository\nv_dispig.inf_amd64_ee20464bb4ac57f4;D:\Unibg\Tesi\BREATHE\breathe.gui;C:\WINDOWS\WinSxS\amd64_microsoft.windows.common-controls_6595b64144ccf1df_5.82.22621.3527_none_b43b7f4b638cc64f;C:\WINDOWS\WinSxS\amd64_microsoft.windows.gdiplus_6595b64144ccf1df_1.1.22621.3810_none_57f8d842ce19d879

VM Arguments:
jvm_args: -Dfile.encoding=UTF-8 -Dstdout.encoding=UTF-8 -Dstderr.encoding=UTF-8 -XX:+ShowCodeDetailsInExceptionMessages 
java_command: app.Main
java_class_path (initial): D:\Unibg\Tesi\BREATHE\breathe.gui\target\classes;D:\Unibg\Tesi\BREATHE\breathe.engine\target\classes;D:\Unibg\Tesi\BREATHE\breathe.engine\jar\commons-collections4-4.4.jar;D:\Unibg\Tesi\BREATHE\breathe.engine\jar\commons-compress-1.21.jar;D:\Unibg\Tesi\BREATHE\breathe.engine\jar\commons-io-2.11.0.jar;D:\Unibg\Tesi\BREATHE\breathe.engine\jar\commons-math3-3.6.1.jar;D:\Unibg\Tesi\BREATHE\breathe.engine\jar\error_prone_annotations-2.11.0.jar;D:\Unibg\Tesi\BREATHE\breathe.engine\jar\gson-2.10.1.jar;D:\Unibg\Tesi\BREATHE\breathe.engine\jar\guava-31.1-jre.jar;D:\Unibg\Tesi\BREATHE\breathe.engine\jar\j2objc-annotations-1.3.jar;D:\Unibg\Tesi\BREATHE\breathe.engine\jar\jackson-annotations-2.15.2.jar;D:\Unibg\Tesi\BREATHE\breathe.engine\jar\jackson-core-2.15.2.jar;D:\Unibg\Tesi\BREATHE\breathe.engine\jar\jackson-databind-2.15.2.jar;D:\Unibg\Tesi\BREATHE\breathe.engine\jar\java-ordered-properties-1.0.4.jar;D:\Unibg\Tesi\BREATHE\breathe.engine\jar\javassist-3.28.0-GA.jar;D:\Unibg\Tesi\BREATHE\breathe.engine\jar\jeromq-0.5.3.jar;D:\Unibg\Tesi\BREATHE\breathe.engine\jar\jfreechart-1.5.4.jar;D:\Unibg\Tesi\BREATHE\breathe.engine\jar\jsr305-3.0.2.jar;D:\Unibg\Tesi\BREATHE\breathe.engine\jar\log4j-api-2.20.0.jar;D:\Unibg\Tesi\BREATHE\breathe.engine\jar\log4j-core-2.20.0.jar;D:\Unibg\Tesi\BREATHE\breathe.engine\jar\logback-core-1.4.6.jar;D:\Unibg\Tesi\BREATHE\breathe.engine\jar\poi-5.2.3.jar;D:\Unibg\Tesi\BREATHE\breathe.engine\jar\poi-ooxml-5.2.3.jar;D:\Unibg\Tesi\BREATHE\breathe.engine\jar\poi-ooxml-lite-5.2.3.jar;D:\Unibg\Tesi\BREATHE\breathe.engine\jar\Pulse.jar;D:\Unibg\Tesi\BREATHE\breathe.engine\jar\reflections-0.10.2.jar;D:\Unibg\Tesi\BREATHE\breathe.engine\jar\slf4j-api-2.0.7.jar;D:\Unibg\Tesi\BREATHE\breathe.engine\jar\slf4j-simple-2.0.7.jar;D:\Unibg\Tesi\BREATHE\breathe.engine\jar\xmlbeans-5.1.1.jar;C:\Users\giona\.m2\repository\org\zeromq\jeromq\0.6.0\jeromq-0.6.0.jar;C:\Users\giona\.m2\repository\eu\neilalexander\jnacl\1.0.0\jnacl-1.0.0.jar;C:\
Launcher Type: SUN_STANDARD

[Global flags]
     intx CICompilerCount                          = 4                                         {product} {ergonomic}
     uint ConcGCThreads                            = 3                                         {product} {ergonomic}
     uint G1ConcRefinementThreads                  = 10                                        {product} {ergonomic}
   size_t G1HeapRegionSize                         = 2097152                                   {product} {ergonomic}
    uintx GCDrainStackTargetSize                   = 64                                        {product} {ergonomic}
   size_t InitialHeapSize                          = 268435456                                 {product} {ergonomic}
   size_t MarkStackSize                            = 4194304                                   {product} {ergonomic}
   size_t MaxHeapSize                              = 4282384384                                {product} {ergonomic}
   size_t MaxNewSize                               = 2569011200                                {product} {ergonomic}
   size_t MinHeapDeltaBytes                        = 2097152                                   {product} {ergonomic}
   size_t MinHeapSize                              = 8388608                                   {product} {ergonomic}
    uintx NonNMethodCodeHeapSize                   = 5839372                                {pd product} {ergonomic}
    uintx NonProfiledCodeHeapSize                  = 122909434                              {pd product} {ergonomic}
    uintx ProfiledCodeHeapSize                     = 122909434                              {pd product} {ergonomic}
    uintx ReservedCodeCacheSize                    = 251658240                              {pd product} {ergonomic}
     bool SegmentedCodeCache                       = true                                      {product} {ergonomic}
     bool ShowCodeDetailsInExceptionMessages       = true                                   {manageable} {command line}
   size_t SoftMaxHeapSize                          = 4282384384                             {manageable} {ergonomic}
     bool UseCompressedClassPointers               = true                           {product lp64_product} {ergonomic}
     bool UseCompressedOops                        = true                           {product lp64_product} {ergonomic}
     bool UseG1GC                                  = true                                      {product} {ergonomic}
     bool UseLargePagesIndividualAllocation        = false                                  {pd product} {ergonomic}

Logging:
Log output configuration:
 #0: stdout all=warning uptime,level,tags
 #1: stderr all=off uptime,level,tags

Environment Variables:
PATH=C:/Users/giona/.p2/pool/plugins/org.eclipse.justj.openjdk.hotspot.jre.full.win32.x86_64_21.0.4.v20240802-1551/jre/bin/server;C:/Users/giona/.p2/pool/plugins/org.eclipse.justj.openjdk.hotspot.jre.full.win32.x86_64_21.0.4.v20240802-1551/jre/bin;C:\Program Files (x86)\NVIDIA Corporation\PhysX\Common;C:\Program Files\Amazon Corretto\jdk1.8.0_422\bin;C:\Program Files\Common Files\Oracle\Java\javapath;C:\Program Files (x86)\Common Files\Oracle\Java\java8path;C:\Program Files (x86)\Common Files\Oracle\Java\javapath;C:\WINDOWS\system32;C:\WINDOWS;C:\WINDOWS\System32\Wbem;C:\WINDOWS\System32\WindowsPowerShell\v1.0\;C:\WINDOWS\System32\OpenSSH\;C:\Program Files\NVIDIA Corporation\NVIDIA NvDLISR;C:\Program Files\MATLAB\R2020b\bin;C:\WINDOWS\system32;C:\WINDOWS;C:\WINDOWS\System32\Wbem;C:\WINDOWS\System32\WindowsPowerShell\v1.0\;C:\WINDOWS\System32\OpenSSH\;C:\Users\giona\Downloads\apache-maven-3.9.8\bin;C:\Program Files\Java\jdk-11\bin;C:\Program Files\CMake\bin;C:\Program Files\Git\cmd;C:\Users\giona\AppData\Local\Microsoft\WindowsApps;C:\Users\giona\AppData\Local\Programs\Microsoft VS Code\bin;C:\MinGW\bin;C:\Users\giona\AppData\Local\GitHubDesktop\bin;C:\Users\giona\Desktop;
USERNAME=giona
OS=Windows_NT
PROCESSOR_IDENTIFIER=AMD64 Family 23 Model 113 Stepping 0, AuthenticAMD
TMP=C:\Users\giona\AppData\Local\Temp
TEMP=C:\Users\giona\AppData\Local\Temp



---------------  S Y S T E M  ---------------

OS:
 Windows 11 , 64 bit Build 22621 (10.0.22621.3958)
OS uptime: 6 days 19:01 hours
Hyper-V role detected

CPU: total 12 (initial active 12) (12 cores per cpu, 2 threads per core) family 23 model 113 stepping 0 microcode 0x0, cx8, cmov, fxsr, ht, mmx, 3dnowpref, sse, sse2, sse3, ssse3, sse4a, sse4.1, sse4.2, popcnt, lzcnt, tsc, tscinvbit, avx, avx2, aes, clmul, bmi1, bmi2, adx, sha, fma, vzeroupper, clflush, clflushopt, hv

Memory: 4k page, system-wide physical 16334M (8504M free)
TotalPageFile size 18766M (AvailPageFile size 8814M)
current process WorkingSet (physical memory assigned to process): 211M, peak: 211M
current process commit charge ("private bytes"): 293M, peak: 436M

vm_info: OpenJDK 64-Bit Server VM (17.0.4+8) for windows-amd64 JRE (17.0.4+8), built on Jul 19 2022 16:05:16 by "temurin" with MS VC++ 16.7 (VS2019)

END.
