#
# A fatal error has been detected by the Java Runtime Environment:
#
#  EXCEPTION_ACCESS_VIOLATION (0xc0000005) at pc=0x00007ff9af63c7f0, pid=11700, tid=16416
#
# JRE version: OpenJDK Runtime Environment Temurin-17.0.4+8 (17.0.4+8) (build 17.0.4+8)
# Java VM: OpenJDK 64-Bit Server VM Temurin-17.0.4+8 (17.0.4+8, mixed mode, tiered, compressed oops, compressed class ptrs, g1 gc, windows-amd64)
# Problematic frame:
# V  [jvm.dll+0xc7f0]
#
# No core dump will be written. Minidumps are not enabled by default on client versions of Windows
#
# If you would like to submit a bug report, please visit:
#   https://github.com/adoptium/adoptium-support/issues
#

---------------  S U M M A R Y ------------

Command Line: -Dfile.encoding=UTF-8 -XX:+ShowCodeDetailsInExceptionMessages main.Main

Host: AMD Ryzen 5 3600 6-Core Processor              , 12 cores, 15G,  Windows 11 , 64 bit Build 22621 (10.0.22621.3958)
Time: Wed Aug 21 22:39:23 2024 ora legale Europa occidentale elapsed time: 1.730848 seconds (0d 0h 0m 1s)

---------------  T H R E A D  ---------------

Current thread (0x0000021ad121dc20):  JavaThread "SwingWorker-pool-1-thread-1" daemon [_thread_in_vm, id=16416, stack(0x00000084331b0000,0x00000084332b0000)]

Stack: [0x00000084331b0000,0x00000084332b0000],  sp=0x00000084332aee28,  free space=1019k
Native frames: (J=compiled Java code, j=interpreted, Vv=VM code, C=native code)
V  [jvm.dll+0xc7f0]

Java frames: (J=compiled Java code, j=interpreted, Vv=VM code)
j  com.kitware.pulse.engine.PulseEngine.nativeSerializeFromFile(JLjava/lang/String;Ljava/lang/String;I)Z+0
j  com.kitware.pulse.engine.PulseEngine.serializeFromFile(Ljava/lang/String;Lcom/kitware/pulse/cdm/engine/SEDataRequestManager;)Z+26
j  app.SimulationWorker.doInBackground()Ljava/lang/Void;+61
j  app.SimulationWorker.doInBackground()Ljava/lang/Object;+1
j  javax.swing.SwingWorker$1.call()Ljava/lang/Object;+14 java.desktop@17.0.4
j  java.util.concurrent.FutureTask.run()V+39 java.base@17.0.4
j  javax.swing.SwingWorker.run()V+4 java.desktop@17.0.4
j  java.util.concurrent.ThreadPoolExecutor.runWorker(Ljava/util/concurrent/ThreadPoolExecutor$Worker;)V+92 java.base@17.0.4
j  java.util.concurrent.ThreadPoolExecutor$Worker.run()V+5 java.base@17.0.4
j  java.lang.Thread.run()V+11 java.base@17.0.4
v  ~StubRoutines::call_stub

siginfo: EXCEPTION_ACCESS_VIOLATION (0xc0000005), reading address 0x0000000000000000


Register to memory mapping:

RIP=0x00007ff9af63c7f0 jvm.dll
RAX=0x0 is NULL
RBX=0x0000021ad121dc20 is a thread
RCX=0x0 is NULL
RDX=0x0 is NULL
RSP=0x00000084332aee28 is pointing into the stack for thread: 0x0000021ad121dc20
RBP=0x00000084332af028 is pointing into the stack for thread: 0x0000021ad121dc20
RSI=0x0 is NULL
RDI=0x0 is NULL
R8 =0x0 is NULL
R9 =0x0 is NULL
R10=0x0000021ab44cd5f2 is at code_begin+946 in an Interpreter codelet
method entry point (kind = native)  [0x0000021ab44cd240, 0x0000021ab44cdbc0]  2432 bytes
R11=0x0000000000000104 is an unknown value
R12=0x0 is NULL
R13={method} {0x0000021ad1f31518} 'nativeSerializeFromFile' '(JLjava/lang/String;Ljava/lang/String;I)Z' in 'com/kitware/pulse/engine/PulseEngine'
R14=0x0 is NULL
R15=0x0000021ad121dc20 is a thread


Registers:
RAX=0x0000000000000000, RBX=0x0000021ad121dc20, RCX=0x0000000000000000, RDX=0x0000000000000000
RSP=0x00000084332aee28, RBP=0x00000084332af028, RSI=0x0000000000000000, RDI=0x0000000000000000
R8 =0x0000000000000000, R9 =0x0000000000000000, R10=0x0000021ab44cd5f2, R11=0x0000000000000104
R12=0x0000000000000000, R13=0x0000021ad1f31510, R14=0x0000000000000000, R15=0x0000021ad121dc20
RIP=0x00007ff9af63c7f0, EFLAGS=0x0000000000010246

Top of Stack: (sp=0x00000084332aee28)
0x00000084332aee28:   00007ff9afa194fa 0000021ad121dc20
0x00000084332aee38:   0000000000000000 0000000000000000
0x00000084332aee48:   0000021ad121dc00 0000021ad121dc20
0x00000084332aee58:   0000000000000000 0000000000000000
0x00000084332aee68:   0000000000000000 0000000000000000
0x00000084332aee78:   0000000000000000 0000000000000000
0x00000084332aee88:   0000000000000000 0000000000000189
0x00000084332aee98:   00000007022c1a88 0000021ad1f31510
0x00000084332aeea8:   00007ff983751e9a 00000084332af028
0x00000084332aeeb8:   00000084332af070 0000000100000006
0x00000084332aeec8:   0000000700000005 00007ff9afa19440
0x00000084332aeed8:   0000003800000003 0000021ad121dc20
0x00000084332aeee8:   00007ff9837556ea 0000021ad121dec8
0x00000084332aeef8:   0000000000000000 0000000000000000
0x00000084332aef08:   0000021ad1f31510 00000084332af028
0x00000084332aef18:   00007ff9af9b2602 0000021ad1315f20 

Instructions: (pc=0x00007ff9af63c7f0)
0x00007ff9af63c6f0:   00 00 00 48 8b 41 38 48 8b 80 88 09 00 00 48 8b
0x00007ff9af63c700:   48 08 48 8b 40 50 48 d3 ea 80 3c 02 01 0f 85 cd
0x00007ff9af63c710:   00 00 00 48 8b 13 0f b6 c2 24 03 3c 03 75 19 48
0x00007ff9af63c720:   83 e2 fc 74 13 48 3b da 74 11 48 8b c2 48 8b 5c
0x00007ff9af63c730:   24 38 48 83 c4 20 5e c3 48 8b d3 48 8b 46 38 0f
0x00007ff9af63c740:   be 88 f0 02 00 00 c1 e9 02 f6 c1 01 74 dc 48 89
0x00007ff9af63c750:   7c 24 30 e8 28 e5 ff ff 48 8b 0d 09 32 b9 00 48
0x00007ff9af63c760:   8b f8 48 81 c1 90 09 00 00 8b 41 40 0f b6 57 21
0x00007ff9af63c770:   8d 42 01 88 47 21 84 d2 75 0a 48 8b d7 e8 7e a1
0x00007ff9af63c780:   6f 00 eb 20 80 7f 22 00 75 1a 8b 41 40 85 05 d1
0x00007ff9af63c790:   a3 9a 00 74 0f b8 ff ff ff ff f0 0f c1 41 40 e8
0x00007ff9af63c7a0:   ac a1 6f 00 48 8b 4e 38 4c 8b c7 48 8b d3 e8 dd
0x00007ff9af63c7b0:   f7 ff ff 0f b6 4f 21 48 8b d8 48 8b 15 a7 31 b9
0x00007ff9af63c7c0:   00 8d 41 ff 88 47 21 80 f9 01 77 0f 48 8d 8a 90
0x00007ff9af63c7d0:   09 00 00 48 8b d7 e8 55 a1 6f 00 48 8b 7c 24 30
0x00007ff9af63c7e0:   48 8b c3 48 8b 5c 24 38 48 83 c4 20 5e c3 cc cc
0x00007ff9af63c7f0:   48 8b 01 c3 cc cc cc cc cc cc cc cc cc cc cc cc
0x00007ff9af63c800:   4c 8b 01 4c 8b c9 48 8b 0d 03 c3 b4 00 ba 44 60
0x00007ff9af63c810:   08 00 e9 59 f2 ff ff cc cc cc cc cc cc cc cc cc
0x00007ff9af63c820:   48 89 5c 24 08 57 48 83 ec 20 48 8b 39 48 8b d9
0x00007ff9af63c830:   48 85 3d a1 a0 b9 00 75 0e 48 8b c7 48 8b 5c 24
0x00007ff9af63c840:   30 48 83 c4 20 5f c3 48 8b cf e8 91 6f 85 00 48
0x00007ff9af63c850:   8b d0 48 85 c0 74 20 48 8b c7 f0 48 0f b1 13 74
0x00007ff9af63c860:   16 48 85 05 70 a0 b9 00 74 0d 48 8b c8 f0 48 0f
0x00007ff9af63c870:   b1 13 48 3b c1 75 ea 48 8b 5c 24 30 48 8b c2 48
0x00007ff9af63c880:   83 c4 20 5f c3 cc cc cc cc cc cc cc cc cc cc cc
0x00007ff9af63c890:   4c 8b 01 4c 8b c9 48 8b 0d 73 c2 b4 00 ba 64 60
0x00007ff9af63c8a0:   08 00 e9 c9 f1 ff ff cc cc cc cc cc cc cc cc cc
0x00007ff9af63c8b0:   8b 05 32 0a af 00 c3 cc cc cc cc cc cc cc cc cc
0x00007ff9af63c8c0:   0f b6 05 a8 ca b5 00 48 8b d1 84 c0 74 16 44 8b
0x00007ff9af63c8d0:   41 08 8b 0d 10 0a af 00 49 d3 e0 4c 03 05 fe 09
0x00007ff9af63c8e0:   af 00 eb 04 4c 8b 41 08 45 8b 50 08 45 85 d2 7e 


Stack slot to memory mapping:
stack at sp + 0 slots: 0x00007ff9afa194fa jvm.dll
stack at sp + 1 slots: 0x0000021ad121dc20 is a thread
stack at sp + 2 slots: 0x0 is NULL
stack at sp + 3 slots: 0x0 is NULL
stack at sp + 4 slots: 0x0000021ad121dc00 points into unknown readable memory: 0x0000000000000000 | 00 00 00 00 00 00 00 00
stack at sp + 5 slots: 0x0000021ad121dc20 is a thread
stack at sp + 6 slots: 0x0 is NULL
stack at sp + 7 slots: 0x0 is NULL


---------------  P R O C E S S  ---------------

Threads class SMR info:
_java_thread_list=0x0000021ad9682e50, length=19, elements={
0x0000021ad084dc60, 0x0000021ad084e9e0, 0x0000021ad08992a0, 0x0000021ad0899e50,
0x0000021ad089d730, 0x0000021ad08b2020, 0x0000021ad08b5e10, 0x0000021ad08bf4f0,
0x0000021ad08c15e0, 0x0000021ad0a2ff20, 0x0000021ad0a392a0, 0x0000021ad0e7f430,
0x0000021ad0f05df0, 0x0000021ad0f06490, 0x0000021ad0f35850, 0x0000021ab0e05290,
0x0000021ad121e0f0, 0x0000021ad121d750, 0x0000021ad121dc20
}

Java Threads: ( => current thread )
  0x0000021ad084dc60 JavaThread "Reference Handler" daemon [_thread_blocked, id=15688, stack(0x0000008431a00000,0x0000008431b00000)]
  0x0000021ad084e9e0 JavaThread "Finalizer" daemon [_thread_blocked, id=11408, stack(0x0000008431b00000,0x0000008431c00000)]
  0x0000021ad08992a0 JavaThread "Signal Dispatcher" daemon [_thread_blocked, id=18840, stack(0x0000008431c00000,0x0000008431d00000)]
  0x0000021ad0899e50 JavaThread "Attach Listener" daemon [_thread_blocked, id=14004, stack(0x0000008431d00000,0x0000008431e00000)]
  0x0000021ad089d730 JavaThread "Service Thread" daemon [_thread_blocked, id=6228, stack(0x0000008431e00000,0x0000008431f00000)]
  0x0000021ad08b2020 JavaThread "Monitor Deflation Thread" daemon [_thread_blocked, id=15672, stack(0x0000008431f00000,0x0000008432000000)]
  0x0000021ad08b5e10 JavaThread "C2 CompilerThread0" daemon [_thread_blocked, id=18640, stack(0x0000008432000000,0x0000008432100000)]
  0x0000021ad08bf4f0 JavaThread "C1 CompilerThread0" daemon [_thread_blocked, id=10420, stack(0x0000008432100000,0x0000008432200000)]
  0x0000021ad08c15e0 JavaThread "Sweeper thread" daemon [_thread_blocked, id=15308, stack(0x0000008432200000,0x0000008432300000)]
  0x0000021ad0a2ff20 JavaThread "Notification Thread" daemon [_thread_blocked, id=17864, stack(0x0000008432300000,0x0000008432400000)]
  0x0000021ad0a392a0 JavaThread "Common-Cleaner" daemon [_thread_blocked, id=11132, stack(0x0000008432500000,0x0000008432600000)]
  0x0000021ad0e7f430 JavaThread "Java2D Disposer" daemon [_thread_blocked, id=8336, stack(0x0000008432700000,0x0000008432800000)]
  0x0000021ad0f05df0 JavaThread "AWT-Shutdown" [_thread_blocked, id=13840, stack(0x0000008432800000,0x0000008432900000)]
  0x0000021ad0f06490 JavaThread "AWT-Windows" daemon [_thread_in_native, id=19792, stack(0x0000008432900000,0x0000008432a00000)]
  0x0000021ad0f35850 JavaThread "AWT-EventQueue-0" [_thread_blocked, id=20796, stack(0x0000008432a00000,0x0000008432b00000)]
  0x0000021ab0e05290 JavaThread "DestroyJavaVM" [_thread_blocked, id=2744, stack(0x0000008431300000,0x0000008431400000)]
  0x0000021ad121e0f0 JavaThread "TimerQueue" daemon [_thread_blocked, id=12528, stack(0x0000008432600000,0x0000008432700000)]
  0x0000021ad121d750 JavaThread "D3D Screen Updater" daemon [_thread_blocked, id=12300, stack(0x0000008433040000,0x0000008433140000)]
=>0x0000021ad121dc20 JavaThread "SwingWorker-pool-1-thread-1" daemon [_thread_in_vm, id=16416, stack(0x00000084331b0000,0x00000084332b0000)]

Other Threads:
  0x0000021ad087e3f0 VMThread "VM Thread" [stack: 0x0000008431900000,0x0000008431a00000] [id=10408]
  0x0000021ad0a303f0 WatcherThread [stack: 0x0000008432400000,0x0000008432500000] [id=13832]
  0x0000021ab0e72c20 GCTaskThread "GC Thread#0" [stack: 0x0000008431400000,0x0000008431500000] [id=18304]
  0x0000021ad9dd7c50 GCTaskThread "GC Thread#1" [stack: 0x00000084332b0000,0x00000084333b0000] [id=11928]
  0x0000021ad9a6f4b0 GCTaskThread "GC Thread#2" [stack: 0x00000084333b0000,0x00000084334b0000] [id=14520]
  0x0000021ad9d4b930 GCTaskThread "GC Thread#3" [stack: 0x00000084334b0000,0x00000084335b0000] [id=21112]
  0x0000021ad9d4c6a0 GCTaskThread "GC Thread#4" [stack: 0x00000084335b0000,0x00000084336b0000] [id=12044]
  0x0000021ad9d4cc00 GCTaskThread "GC Thread#5" [stack: 0x00000084336b0000,0x00000084337b0000] [id=16800]
  0x0000021ad9d4ceb0 GCTaskThread "GC Thread#6" [stack: 0x00000084337b0000,0x00000084338b0000] [id=14188]
  0x0000021ad9d4bbe0 GCTaskThread "GC Thread#7" [stack: 0x00000084338b0000,0x00000084339b0000] [id=3984]
  0x0000021ad9d4be90 GCTaskThread "GC Thread#8" [stack: 0x00000084339b0000,0x0000008433ab0000] [id=11652]
  0x0000021ad9d4c3f0 GCTaskThread "GC Thread#9" [stack: 0x0000008433ab0000,0x0000008433bb0000] [id=15644]
  0x0000021ab0e84a60 ConcurrentGCThread "G1 Main Marker" [stack: 0x0000008431500000,0x0000008431600000] [id=7964]
  0x0000021ab0e85470 ConcurrentGCThread "G1 Conc#0" [stack: 0x0000008431600000,0x0000008431700000] [id=8724]
  0x0000021ad9d4d160 ConcurrentGCThread "G1 Conc#1" [stack: 0x0000008433cb0000,0x0000008433db0000] [id=20456]
  0x0000021ad9d4c140 ConcurrentGCThread "G1 Conc#2" [stack: 0x0000008433db0000,0x0000008433eb0000] [id=1620]
  0x0000021ab0ebf130 ConcurrentGCThread "G1 Refine#0" [stack: 0x0000008431700000,0x0000008431800000] [id=12756]
  0x0000021ad9d44390 ConcurrentGCThread "G1 Refine#1" [stack: 0x0000008433bb0000,0x0000008433cb0000] [id=11848]
  0x0000021ad9d2d480 ConcurrentGCThread "G1 Refine#2" [stack: 0x0000008433eb0000,0x0000008433fb0000] [id=7540]
  0x0000021ab0ebf960 ConcurrentGCThread "G1 Service" [stack: 0x0000008431800000,0x0000008431900000] [id=16512]

Threads with active compile tasks:

VM state: not at safepoint (normal execution)

VM Mutex/Monitor currently owned by a thread: None

Heap address: 0x0000000700c00000, size: 4084 MB, Compressed Oops mode: Zero based, Oop shift amount: 3

CDS archive(s) not mapped
Compressed class space mapped at: 0x0000000800000000-0x0000000840000000, reserved size: 1073741824
Narrow klass base: 0x0000000800000000, Narrow klass shift: 0, Narrow klass range: 0x40000000

GC Precious Log:
 CPUs: 12 total, 12 available
 Memory: 16334M
 Large Page Support: Disabled
 NUMA Support: Disabled
 Compressed Oops: Enabled (Zero based)
 Heap Region Size: 2M
 Heap Min Capacity: 8M
 Heap Initial Capacity: 256M
 Heap Max Capacity: 4084M
 Pre-touch: Disabled
 Parallel Workers: 10
 Concurrent Workers: 3
 Concurrent Refinement Workers: 10
 Periodic GC: Disabled

Heap:
 garbage-first heap   total 34816K, used 10347K [0x0000000700c00000, 0x0000000800000000)
  region size 2048K, 6 young (12288K), 2 survivors (4096K)
 Metaspace       used 22860K, committed 23104K, reserved 1073152K
  class space    used 2425K, committed 2560K, reserved 1048576K

Heap Regions: E=young(eden), S=young(survivor), O=old, HS=humongous(starts), HC=humongous(continues), CS=collection set, F=free, OA=open archive, CA=closed archive, TAMS=top-at-mark-start (previous, next)
|   0|0x0000000700c00000, 0x0000000700e00000, 0x0000000700e00000|100%| O|  |TAMS 0x0000000700c00000, 0x0000000700c00000| Untracked 
|   1|0x0000000700e00000, 0x0000000700e1ac00, 0x0000000701000000|  5%| O|  |TAMS 0x0000000700e00000, 0x0000000700e00000| Complete 
|   2|0x0000000701000000, 0x0000000701000000, 0x0000000701200000|  0%| F|  |TAMS 0x0000000701000000, 0x0000000701000000| Untracked 
|   3|0x0000000701200000, 0x0000000701200000, 0x0000000701400000|  0%| F|  |TAMS 0x0000000701200000, 0x0000000701200000| Untracked 
|   4|0x0000000701400000, 0x0000000701400000, 0x0000000701600000|  0%| F|  |TAMS 0x0000000701400000, 0x0000000701400000| Untracked 
|   5|0x0000000701600000, 0x0000000701600000, 0x0000000701800000|  0%| F|  |TAMS 0x0000000701600000, 0x0000000701600000| Untracked 
|   6|0x0000000701800000, 0x0000000701800000, 0x0000000701a00000|  0%| F|  |TAMS 0x0000000701800000, 0x0000000701800000| Untracked 
|   7|0x0000000701a00000, 0x0000000701a00000, 0x0000000701c00000|  0%| F|  |TAMS 0x0000000701a00000, 0x0000000701a00000| Untracked 
|   8|0x0000000701c00000, 0x0000000701c00000, 0x0000000701e00000|  0%| F|  |TAMS 0x0000000701c00000, 0x0000000701c00000| Untracked 
|   9|0x0000000701e00000, 0x0000000701e00000, 0x0000000702000000|  0%| F|  |TAMS 0x0000000701e00000, 0x0000000701e00000| Untracked 
|  10|0x0000000702000000, 0x0000000702000000, 0x0000000702200000|  0%| F|  |TAMS 0x0000000702000000, 0x0000000702000000| Untracked 
|  11|0x0000000702200000, 0x0000000702322940, 0x0000000702400000| 56%| E|  |TAMS 0x0000000702200000, 0x0000000702200000| Complete 
|  12|0x0000000702400000, 0x0000000702600000, 0x0000000702600000|100%| E|CS|TAMS 0x0000000702400000, 0x0000000702400000| Complete 
|  13|0x0000000702600000, 0x0000000702800000, 0x0000000702800000|100%| E|  |TAMS 0x0000000702600000, 0x0000000702600000| Complete 
| 115|0x000000070f200000, 0x000000070f400000, 0x000000070f400000|100%| S|CS|TAMS 0x000000070f200000, 0x000000070f200000| Complete 
| 116|0x000000070f400000, 0x000000070f600000, 0x000000070f600000|100%| S|CS|TAMS 0x000000070f400000, 0x000000070f400000| Complete 
| 127|0x0000000710a00000, 0x0000000710c00000, 0x0000000710c00000|100%| E|CS|TAMS 0x0000000710a00000, 0x0000000710a00000| Complete 

Card table byte_map: [0x0000021ac4230000,0x0000021ac4a30000] _byte_map_base: 0x0000021ac0a2a000

Marking Bits (Prev, Next): (CMBitMap*) 0x0000021ab0e73280, (CMBitMap*) 0x0000021ab0e73240
 Prev Bits: [0x0000021ac9200000, 0x0000021acd1d0000)
 Next Bits: [0x0000021ac5230000, 0x0000021ac9200000)

Polling page: 0x0000021aaede0000

Metaspace:

Usage:
  Non-class:     19.96 MB used.
      Class:      2.37 MB used.
       Both:     22.32 MB used.

Virtual space:
  Non-class space:       24.00 MB reserved,      20.06 MB ( 84%) committed,  3 nodes.
      Class space:        1.00 GB reserved,       2.50 MB ( <1%) committed,  1 nodes.
             Both:        1.02 GB reserved,      22.56 MB (  2%) committed. 

Chunk freelists:
   Non-Class:  3.64 MB
       Class:  1.47 MB
        Both:  5.11 MB

MaxMetaspaceSize: unlimited
CompressedClassSpaceSize: 1.00 GB
Initial GC threshold: 21.00 MB
Current GC threshold: 35.12 MB
CDS: off
MetaspaceReclaimPolicy: balanced
 - commit_granule_bytes: 65536.
 - commit_granule_words: 8192.
 - virtual_space_node_default_size: 1048576.
 - enlarge_chunks_in_place: 1.
 - new_chunks_are_fully_committed: 0.
 - uncommit_free_chunks: 1.
 - use_allocation_guard: 0.
 - handle_deallocations: 1.


Internal statistics:

num_allocs_failed_limit: 3.
num_arena_births: 140.
num_arena_deaths: 0.
num_vsnodes_births: 4.
num_vsnodes_deaths: 0.
num_space_committed: 361.
num_space_uncommitted: 0.
num_chunks_returned_to_freelist: 3.
num_chunks_taken_from_freelist: 359.
num_chunk_merges: 3.
num_chunk_splits: 251.
num_chunks_enlarged: 183.
num_purges: 0.
num_inconsistent_stats: 0.

CodeHeap 'non-profiled nmethods': size=120000Kb used=510Kb max_used=510Kb free=119489Kb
 bounds [0x0000021abbf90000, 0x0000021abc200000, 0x0000021ac34c0000]
CodeHeap 'profiled nmethods': size=120000Kb used=3236Kb max_used=3236Kb free=116764Kb
 bounds [0x0000021ab4a60000, 0x0000021ab4d90000, 0x0000021abbf90000]
CodeHeap 'non-nmethods': size=5760Kb used=1314Kb max_used=1332Kb free=4446Kb
 bounds [0x0000021ab44c0000, 0x0000021ab4730000, 0x0000021ab4a60000]
 total_blobs=2476 nmethods=1830 adapters=558
 compilation: enabled
              stopped_count=0, restarted_count=0
 full_count=0

Compilation events (20 events):
Event: 1.721 Thread 0x0000021ad08bf4f0 nmethod 1823 0x0000021ab4d84290 code [0x0000021ab4d844c0, 0x0000021ab4d84e28]
Event: 1.721 Thread 0x0000021ad08bf4f0 1824       3       java.lang.CharacterDataLatin1::isUpperCase (16 bytes)
Event: 1.721 Thread 0x0000021ad08bf4f0 nmethod 1824 0x0000021ab4d84f90 code [0x0000021ab4d85140, 0x0000021ab4d85358]
Event: 1.721 Thread 0x0000021ad08bf4f0 1825       3       java.lang.CharacterDataLatin1::getPropertiesEx (11 bytes)
Event: 1.721 Thread 0x0000021ad08bf4f0 nmethod 1825 0x0000021ab4d85490 code [0x0000021ab4d85620, 0x0000021ab4d85758]
Event: 1.721 Thread 0x0000021ad08bf4f0 1826       3       java.util.Formatter$Conversion::isText (34 bytes)
Event: 1.721 Thread 0x0000021ad08b5e10 nmethod 1813 0x0000021abc00ea10 code [0x0000021abc00eba0, 0x0000021abc00ee88]
Event: 1.721 Thread 0x0000021ad08bf4f0 nmethod 1826 0x0000021ab4d85810 code [0x0000021ab4d859a0, 0x0000021ab4d85b18]
Event: 1.721 Thread 0x0000021ad08bf4f0 1827       3       java.util.Formatter$FormatSpecifier::print (230 bytes)
Event: 1.721 Thread 0x0000021ad08b5e10 1820       4       java.lang.StringBuilder::toString (35 bytes)
Event: 1.722 Thread 0x0000021ad08bf4f0 nmethod 1827 0x0000021ab4d85b90 code [0x0000021ab4d85e40, 0x0000021ab4d86888]
Event: 1.722 Thread 0x0000021ad08bf4f0 1828       3       java.util.Formatter$FormatSpecifier::appendJustified (91 bytes)
Event: 1.722 Thread 0x0000021ad08bf4f0 nmethod 1828 0x0000021ab4d86b10 code [0x0000021ab4d86d20, 0x0000021ab4d87508]
Event: 1.723 Thread 0x0000021ad08bf4f0 1829       3       com.google.protobuf.Descriptors$FieldDescriptor::getType (85 bytes)
Event: 1.723 Thread 0x0000021ad08bf4f0 nmethod 1829 0x0000021ab4d87790 code [0x0000021ab4d879a0, 0x0000021ab4d88118]
Event: 1.723 Thread 0x0000021ad08bf4f0 1830       3       java.util.Collections$UnmodifiableCollection$1::hasNext (10 bytes)
Event: 1.723 Thread 0x0000021ad08bf4f0 nmethod 1830 0x0000021ab4d88390 code [0x0000021ab4d88540, 0x0000021ab4d88728]
Event: 1.723 Thread 0x0000021ad08bf4f0 1831       3       java.lang.reflect.Method::invoke (65 bytes)
Event: 1.723 Thread 0x0000021ad08bf4f0 nmethod 1831 0x0000021ab4d88810 code [0x0000021ab4d88a00, 0x0000021ab4d88e78]
Event: 1.724 Thread 0x0000021ad08b5e10 nmethod 1820 0x0000021abc00f090 code [0x0000021abc00f220, 0x0000021abc00f688]

GC Heap History (2 events):
Event: 1.642 GC heap before
{Heap before GC invocations=0 (full 0):
 garbage-first heap   total 262144K, used 18432K [0x0000000700c00000, 0x0000000800000000)
  region size 2048K, 11 young (22528K), 0 survivors (0K)
 Metaspace       used 21372K, committed 21504K, reserved 1073152K
  class space    used 2257K, committed 2304K, reserved 1048576K
}
Event: 1.646 GC heap after
{Heap after GC invocations=1 (full 0):
 garbage-first heap   total 262144K, used 6251K [0x0000000700c00000, 0x0000000800000000)
  region size 2048K, 2 young (4096K), 2 survivors (4096K)
 Metaspace       used 21372K, committed 21504K, reserved 1073152K
  class space    used 2257K, committed 2304K, reserved 1048576K
}

Deoptimization events (20 events):
Event: 0.203 Thread 0x0000021ad0f35850 DEOPT PACKING pc=0x0000021ab4a7c7e7 sp=0x0000008432afcda0
Event: 0.203 Thread 0x0000021ad0f35850 DEOPT UNPACKING pc=0x0000021ab4512b43 sp=0x0000008432afc1c0 mode 0
Event: 0.214 Thread 0x0000021ad0f35850 DEOPT PACKING pc=0x0000021ab4a67ad1 sp=0x0000008432afd060
Event: 0.214 Thread 0x0000021ad0f35850 DEOPT UNPACKING pc=0x0000021ab4512b43 sp=0x0000008432afc4d8 mode 0
Event: 0.447 Thread 0x0000021ad0f35850 Uncommon trap: trap_request=0xffffff45 fr.pc=0x0000021abbfb301c relative=0x00000000000003fc
Event: 0.447 Thread 0x0000021ad0f35850 Uncommon trap: reason=unstable_if action=reinterpret pc=0x0000021abbfb301c method=java.lang.AbstractStringBuilder.isLatin1()Z @ 10 c2
Event: 0.447 Thread 0x0000021ad0f35850 DEOPT PACKING pc=0x0000021abbfb301c sp=0x0000008432afe820
Event: 0.447 Thread 0x0000021ad0f35850 DEOPT UNPACKING pc=0x0000021ab45123a3 sp=0x0000008432afe748 mode 2
Event: 1.581 Thread 0x0000021ad121dc20 DEOPT PACKING pc=0x0000021ab4bc4be5 sp=0x00000084332a8b40
Event: 1.581 Thread 0x0000021ad121dc20 DEOPT UNPACKING pc=0x0000021ab4512b43 sp=0x00000084332a7f90 mode 0
Event: 1.647 Thread 0x0000021ad121dc20 Uncommon trap: trap_request=0xffffff45 fr.pc=0x0000021abbfdaa60 relative=0x00000000000000e0
Event: 1.647 Thread 0x0000021ad121dc20 Uncommon trap: reason=unstable_if action=reinterpret pc=0x0000021abbfdaa60 method=java.lang.ref.SoftReference.get()Ljava/lang/Object; @ 17 c2
Event: 1.647 Thread 0x0000021ad121dc20 DEOPT PACKING pc=0x0000021abbfdaa60 sp=0x00000084332ad310
Event: 1.647 Thread 0x0000021ad121dc20 DEOPT UNPACKING pc=0x0000021ab45123a3 sp=0x00000084332ad2c8 mode 2
Event: 1.667 Thread 0x0000021ad121dc20 DEOPT PACKING pc=0x0000021ab4ab0f56 sp=0x00000084332a98f0
Event: 1.667 Thread 0x0000021ad121dc20 DEOPT UNPACKING pc=0x0000021ab4512b43 sp=0x00000084332a8d78 mode 0
Event: 1.691 Thread 0x0000021ad121dc20 DEOPT PACKING pc=0x0000021ab4ab94f4 sp=0x00000084332ad240
Event: 1.691 Thread 0x0000021ad121dc20 DEOPT UNPACKING pc=0x0000021ab4512b43 sp=0x00000084332ac6c8 mode 0
Event: 1.705 Thread 0x0000021ad121dc20 DEOPT PACKING pc=0x0000021ab4c8a748 sp=0x00000084332ad0d0
Event: 1.705 Thread 0x0000021ad121dc20 DEOPT UNPACKING pc=0x0000021ab4512b43 sp=0x00000084332ac5e8 mode 0

Classes unloaded (0 events):
No events

Classes redefined (0 events):
No events

Internal exceptions (16 events):
Event: 0.087 Thread 0x0000021ab0e05290 Exception <a 'java/lang/ClassNotFoundException'{0x0000000710b99e60}: sun/awt/resources/spi/awtProvider> (0x0000000710b99e60) 
thrown [s\src\hotspot\share\classfile\systemDictionary.cpp, line 256]
Event: 0.108 Thread 0x0000021ab0e05290 Exception <a 'java/io/FileNotFoundException'{0x0000000710bf5838}> (0x0000000710bf5838) 
thrown [s\src\hotspot\share\prims\jni.cpp, line 516]
Event: 0.113 Thread 0x0000021ab0e05290 Exception <a 'java/io/FileNotFoundException'{0x0000000710822d50}> (0x0000000710822d50) 
thrown [s\src\hotspot\share\prims\jni.cpp, line 516]
Event: 0.167 Thread 0x0000021ab0e05290 Exception <a 'java/lang/NoSuchMethodError'{0x0000000710734890}: 'java.lang.Object java.lang.invoke.DirectMethodHandle$Holder.invokeStaticInit(java.lang.Object)'> (0x0000000710734890) 
thrown [s\src\hotspot\share\interpreter\linkResolver.cpp, line 759]
Event: 0.195 Thread 0x0000021ad0f35850 Exception <a 'java/lang/NoSuchMethodError'{0x000000071041be08}: 'void java.lang.invoke.DirectMethodHandle$Holder.invokeSpecial(java.lang.Object, java.lang.Object, java.lang.Object)'> (0x000000071041be08) 
thrown [s\src\hotspot\share\interpreter\linkResolver.cpp, line 759]
Event: 0.201 Thread 0x0000021ad0f35850 Exception <a 'java/lang/NoSuchMethodError'{0x0000000710446028}: 'java.lang.Object java.lang.invoke.DirectMethodHandle$Holder.newInvokeSpecial(java.lang.Object, java.lang.Object, java.lang.Object, java.lang.Object, java.lang.Object)'> (0x0000000710446028) 
thrown [s\src\hotspot\share\interpreter\linkResolver.cpp, line 759]
Event: 0.201 Thread 0x0000021ad0f35850 Exception <a 'java/lang/NoSuchMethodError'{0x00000007104519f0}: 'java.lang.Object java.lang.invoke.DirectMethodHandle$Holder.invokeStatic(java.lang.Object, int, java.lang.Object, java.lang.Object, java.lang.Object, java.lang.Object)'> (0x00000007104519f0) 
thrown [s\src\hotspot\share\interpreter\linkResolver.cpp, line 759]
Event: 0.204 Thread 0x0000021ad0f35850 Exception <a 'java/lang/NoSuchMethodError'{0x0000000710477410}: 'java.lang.Object java.lang.invoke.DirectMethodHandle$Holder.invokeStatic(java.lang.Object, int, java.lang.Object)'> (0x0000000710477410) 
thrown [s\src\hotspot\share\interpreter\linkResolver.cpp, line 759]
Event: 0.218 Thread 0x0000021ad0f35850 Exception <a 'java/lang/ClassNotFoundException'{0x00000007105309d8}: com/sun/swing/internal/plaf/metal/resources/spi/metalProvider> (0x00000007105309d8) 
thrown [s\src\hotspot\share\classfile\systemDictionary.cpp, line 256]
Event: 0.219 Thread 0x0000021ad0f35850 Exception <a 'java/lang/ClassNotFoundException'{0x0000000710535430}: com/sun/swing/internal/plaf/basic/resources/spi/basicProvider> (0x0000000710535430) 
thrown [s\src\hotspot\share\classfile\systemDictionary.cpp, line 256]
Event: 0.393 Thread 0x0000021ad0f35850 Exception <a 'java/lang/NoSuchMethodError'{0x00000007102959f0}: 'java.lang.Object java.lang.invoke.DirectMethodHandle$Holder.newInvokeSpecial(java.lang.Object, java.lang.Object, java.lang.Object, java.lang.Object, java.lang.Object, java.lang.Object)'> (0x00000007102959f0) 
thrown [s\src\hotspot\share\interpreter\linkResolver.cpp, line 759]
Event: 0.393 Thread 0x0000021ad0f35850 Exception <a 'java/lang/NoSuchMethodError'{0x000000071029a938}: 'void java.lang.invoke.DirectMethodHandle$Holder.invokeSpecial(java.lang.Object, java.lang.Object, java.lang.Object, java.lang.Object, java.lang.Object)'> (0x000000071029a938) 
thrown [s\src\hotspot\share\interpreter\linkResolver.cpp, line 759]
Event: 0.410 Thread 0x0000021ad0f35850 Exception <a 'java/lang/NoSuchMethodError'{0x00000007102fd2a8}: 'void java.lang.invoke.DirectMethodHandle$Holder.invokeStatic(java.lang.Object, java.lang.Object, java.lang.Object)'> (0x00000007102fd2a8) 
thrown [s\src\hotspot\share\interpreter\linkResolver.cpp, line 759]
Event: 0.457 Thread 0x0000021ad0f35850 Exception <a 'java/lang/NoSuchMethodError'{0x000000071010b4c0}: 'void java.lang.invoke.DirectMethodHandle$Holder.invokeSpecial(java.lang.Object, java.lang.Object, java.lang.Object, java.lang.Object, java.lang.Object, java.lang.Object)'> (0x000000071010b4c0) 
thrown [s\src\hotspot\share\interpreter\linkResolver.cpp, line 759]
Event: 0.485 Thread 0x0000021ad0f35850 Exception <a 'java/lang/NoSuchMethodError'{0x0000000710188350}: 'void java.lang.invoke.DirectMethodHandle$Holder.invokeStaticInit(java.lang.Object)'> (0x0000000710188350) 
thrown [s\src\hotspot\share\interpreter\linkResolver.cpp, line 759]
Event: 0.540 Thread 0x0000021ad0f06490 Exception <a 'java/lang/NoSuchMethodError'{0x000000071077dbe0}: 'void java.lang.invoke.DirectMethodHandle$Holder.invokeVirtual(java.lang.Object, java.lang.Object)'> (0x000000071077dbe0) 
thrown [s\src\hotspot\share\interpreter\linkResolver.cpp, line 759]

VM Operations (20 events):
Event: 0.221 Executing VM operation: HandshakeAllThreads
Event: 0.221 Executing VM operation: HandshakeAllThreads done
Event: 0.373 Executing VM operation: HandshakeAllThreads
Event: 0.373 Executing VM operation: HandshakeAllThreads done
Event: 0.472 Executing VM operation: HandshakeAllThreads
Event: 0.472 Executing VM operation: HandshakeAllThreads done
Event: 0.583 Executing VM operation: HandshakeAllThreads
Event: 0.583 Executing VM operation: HandshakeAllThreads done
Event: 0.587 Executing VM operation: ICBufferFull
Event: 0.587 Executing VM operation: ICBufferFull done
Event: 0.590 Executing VM operation: HandshakeAllThreads
Event: 0.590 Executing VM operation: HandshakeAllThreads done
Event: 1.590 Executing VM operation: Cleanup
Event: 1.590 Executing VM operation: Cleanup done
Event: 1.642 Executing VM operation: CollectForMetadataAllocation
Event: 1.646 Executing VM operation: CollectForMetadataAllocation done
Event: 1.648 Executing VM operation: G1Concurrent
Event: 1.648 Executing VM operation: G1Concurrent done
Event: 1.649 Executing VM operation: G1Concurrent
Event: 1.649 Executing VM operation: G1Concurrent done

Events (20 events):
Event: 1.679 loading class java/util/UUID
Event: 1.679 loading class java/util/UUID done
Event: 1.679 loading class java/util/Calendar
Event: 1.680 loading class java/util/Calendar done
Event: 1.680 loading class java/util/GregorianCalendar
Event: 1.680 loading class java/util/GregorianCalendar done
Event: 1.682 loading class java/util/concurrent/atomic/AtomicLongArray
Event: 1.682 loading class java/util/concurrent/atomic/AtomicLongArray done
Event: 1.718 loading class java/util/Collections$UnmodifiableMap$UnmodifiableEntrySet
Event: 1.718 loading class java/util/Collections$UnmodifiableMap$UnmodifiableEntrySet done
Event: 1.718 loading class java/util/Collections$UnmodifiableMap$UnmodifiableEntrySet$1
Event: 1.718 loading class java/util/Collections$UnmodifiableMap$UnmodifiableEntrySet$1 done
Event: 1.718 loading class java/util/Collections$UnmodifiableMap$UnmodifiableEntrySet$UnmodifiableEntry
Event: 1.718 loading class java/util/Collections$UnmodifiableMap$UnmodifiableEntrySet$UnmodifiableEntry done
Event: 1.722 loading class java/lang/reflect/GenericArrayType
Event: 1.722 loading class java/lang/reflect/GenericArrayType done
Event: 1.722 loading class java/lang/reflect/WildcardType
Event: 1.722 loading class java/lang/reflect/WildcardType done
Event: 1.722 loading class java/lang/reflect/ParameterizedType
Event: 1.722 loading class java/lang/reflect/ParameterizedType done


Dynamic libraries:
0x00007ff7b9730000 - 0x00007ff7b973e000 	C:\Users\giona\.p2\pool\plugins\org.eclipse.justj.openjdk.hotspot.jre.full.win32.x86_64_17.0.4.v20220805-1047\jre\bin\javaw.exe
0x00007ffa15e50000 - 0x00007ffa16067000 	C:\WINDOWS\SYSTEM32\ntdll.dll
0x00007ffa14b60000 - 0x00007ffa14c24000 	C:\WINDOWS\System32\KERNEL32.DLL
0x00007ffa132e0000 - 0x00007ffa1368d000 	C:\WINDOWS\System32\KERNELBASE.dll
0x00007ffa136c0000 - 0x00007ffa137d1000 	C:\WINDOWS\System32\ucrtbase.dll
0x00007ffa10250000 - 0x00007ffa10268000 	C:\Users\giona\.p2\pool\plugins\org.eclipse.justj.openjdk.hotspot.jre.full.win32.x86_64_17.0.4.v20220805-1047\jre\bin\jli.dll
0x00007ffa0e420000 - 0x00007ffa0e439000 	C:\Users\giona\.p2\pool\plugins\org.eclipse.justj.openjdk.hotspot.jre.full.win32.x86_64_17.0.4.v20220805-1047\jre\bin\VCRUNTIME140.dll
0x00007ffa14c90000 - 0x00007ffa14e3e000 	C:\WINDOWS\System32\USER32.dll
0x00007ffa009b0000 - 0x00007ffa00c43000 	C:\WINDOWS\WinSxS\amd64_microsoft.windows.common-controls_6595b64144ccf1df_6.0.22621.3672_none_2713b9d173822955\COMCTL32.dll
0x00007ffa13690000 - 0x00007ffa136b6000 	C:\WINDOWS\System32\win32u.dll
0x00007ffa13be0000 - 0x00007ffa13c87000 	C:\WINDOWS\System32\msvcrt.dll
0x00007ffa143c0000 - 0x00007ffa143e9000 	C:\WINDOWS\System32\GDI32.dll
0x00007ffa13900000 - 0x00007ffa13a19000 	C:\WINDOWS\System32\gdi32full.dll
0x00007ffa13ae0000 - 0x00007ffa13b7a000 	C:\WINDOWS\System32\msvcp_win.dll
0x00007ffa15dd0000 - 0x00007ffa15e01000 	C:\WINDOWS\System32\IMM32.DLL
0x00007ffa10240000 - 0x00007ffa1024c000 	C:\Users\giona\.p2\pool\plugins\org.eclipse.justj.openjdk.hotspot.jre.full.win32.x86_64_17.0.4.v20220805-1047\jre\bin\vcruntime140_1.dll
0x00007ffa06a70000 - 0x00007ffa06b01000 	C:\Users\giona\.p2\pool\plugins\org.eclipse.justj.openjdk.hotspot.jre.full.win32.x86_64_17.0.4.v20220805-1047\jre\bin\msvcp140.dll
0x00007ff9af630000 - 0x00007ff9b0276000 	C:\Users\giona\.p2\pool\plugins\org.eclipse.justj.openjdk.hotspot.jre.full.win32.x86_64_17.0.4.v20220805-1047\jre\bin\server\jvm.dll
0x00007ffa15020000 - 0x00007ffa150d2000 	C:\WINDOWS\System32\ADVAPI32.dll
0x00007ffa150e0000 - 0x00007ffa15189000 	C:\WINDOWS\System32\sechost.dll
0x00007ffa13850000 - 0x00007ffa13878000 	C:\WINDOWS\System32\bcrypt.dll
0x00007ffa14050000 - 0x00007ffa14164000 	C:\WINDOWS\System32\RPCRT4.dll
0x00007ffa15010000 - 0x00007ffa15018000 	C:\WINDOWS\System32\PSAPI.DLL
0x00007ffa06930000 - 0x00007ffa06939000 	C:\WINDOWS\SYSTEM32\WSOCK32.dll
0x00007ffa0ab60000 - 0x00007ffa0ab94000 	C:\WINDOWS\SYSTEM32\WINMM.dll
0x00007ffa0b100000 - 0x00007ffa0b10a000 	C:\WINDOWS\SYSTEM32\VERSION.dll
0x00007ffa15d50000 - 0x00007ffa15dc1000 	C:\WINDOWS\System32\WS2_32.dll
0x00007ffa12160000 - 0x00007ffa12178000 	C:\WINDOWS\SYSTEM32\kernel.appcore.dll
0x00007ffa06920000 - 0x00007ffa0692a000 	C:\Users\giona\.p2\pool\plugins\org.eclipse.justj.openjdk.hotspot.jre.full.win32.x86_64_17.0.4.v20220805-1047\jre\bin\jimage.dll
0x00007ffa05750000 - 0x00007ffa05982000 	C:\WINDOWS\SYSTEM32\DBGHELP.DLL
0x00007ffa13cc0000 - 0x00007ffa1404d000 	C:\WINDOWS\System32\combase.dll
0x00007ffa14170000 - 0x00007ffa14247000 	C:\WINDOWS\System32\OLEAUT32.dll
0x00007ff9f36d0000 - 0x00007ff9f3702000 	C:\WINDOWS\SYSTEM32\dbgcore.DLL
0x00007ffa13880000 - 0x00007ffa138fb000 	C:\WINDOWS\System32\bcryptPrimitives.dll
0x00007ffa068f0000 - 0x00007ffa06915000 	C:\Users\giona\.p2\pool\plugins\org.eclipse.justj.openjdk.hotspot.jre.full.win32.x86_64_17.0.4.v20220805-1047\jre\bin\java.dll
0x00007ffa068d0000 - 0x00007ffa068e8000 	C:\Users\giona\.p2\pool\plugins\org.eclipse.justj.openjdk.hotspot.jre.full.win32.x86_64_17.0.4.v20220805-1047\jre\bin\zip.dll
0x00007ffa15190000 - 0x00007ffa159f8000 	C:\WINDOWS\System32\SHELL32.dll
0x00007ffa11070000 - 0x00007ffa1196e000 	C:\WINDOWS\SYSTEM32\windows.storage.dll
0x00007ffa10f30000 - 0x00007ffa1106f000 	C:\WINDOWS\SYSTEM32\wintypes.dll
0x00007ffa14e90000 - 0x00007ffa14f89000 	C:\WINDOWS\System32\SHCORE.dll
0x00007ffa13b80000 - 0x00007ffa13bde000 	C:\WINDOWS\System32\shlwapi.dll
0x00007ffa130a0000 - 0x00007ffa130c1000 	C:\WINDOWS\SYSTEM32\profapi.dll
0x00007ff9dc8a0000 - 0x00007ff9dca2e000 	C:\Users\giona\.p2\pool\plugins\org.eclipse.justj.openjdk.hotspot.jre.full.win32.x86_64_17.0.4.v20220805-1047\jre\bin\awt.dll
0x00007ffa10420000 - 0x00007ffa104b7000 	C:\WINDOWS\SYSTEM32\apphelp.dll
0x00007ffa069c0000 - 0x00007ffa069d9000 	C:\Users\giona\.p2\pool\plugins\org.eclipse.justj.openjdk.hotspot.jre.full.win32.x86_64_17.0.4.v20220805-1047\jre\bin\net.dll
0x00007ffa0c050000 - 0x00007ffa0c186000 	C:\WINDOWS\SYSTEM32\WINHTTP.dll
0x00007ffa12630000 - 0x00007ffa12699000 	C:\WINDOWS\system32\mswsock.dll
0x00007ffa069a0000 - 0x00007ffa069b5000 	C:\Users\giona\.p2\pool\plugins\org.eclipse.justj.openjdk.hotspot.jre.full.win32.x86_64_17.0.4.v20220805-1047\jre\bin\nio.dll
0x00007ffa106a0000 - 0x00007ffa10750000 	C:\WINDOWS\system32\uxtheme.dll
0x00007ffa14260000 - 0x00007ffa143bb000 	C:\WINDOWS\System32\MSCTF.dll
0x00007ffa15b40000 - 0x00007ffa15ce5000 	C:\WINDOWS\System32\ole32.dll
0x00007ffa109d0000 - 0x00007ffa109fb000 	C:\WINDOWS\system32\DWMAPI.DLL
0x00007ff9dd210000 - 0x00007ff9dd310000 	C:\WINDOWS\system32\opengl32.dll
0x00007ffa0b920000 - 0x00007ffa0b94d000 	C:\WINDOWS\SYSTEM32\GLU32.dll
0x00007ffa10780000 - 0x00007ffa107b7000 	C:\WINDOWS\SYSTEM32\dxcore.dll
0x00007ffa073d0000 - 0x00007ffa07578000 	C:\WINDOWS\system32\d3d9.dll
0x00007ffa08ff0000 - 0x00007ffa09107000 	C:\WINDOWS\System32\DriverStore\FileRepository\nv_dispig.inf_amd64_ee20464bb4ac57f4\nvldumdx.dll
0x00007ffa12e00000 - 0x00007ffa12e12000 	C:\WINDOWS\SYSTEM32\msasn1.dll
0x00007ffa08fb0000 - 0x00007ffa08fe2000 	C:\WINDOWS\SYSTEM32\cryptnet.dll
0x00007ffa13170000 - 0x00007ffa132d7000 	C:\WINDOWS\System32\CRYPT32.dll
0x00007ffa08cf0000 - 0x00007ffa08e52000 	C:\WINDOWS\SYSTEM32\drvstore.dll
0x00007ffa12e20000 - 0x00007ffa12e4c000 	C:\WINDOWS\SYSTEM32\devobj.dll
0x00007ffa12e50000 - 0x00007ffa12e9e000 	C:\WINDOWS\SYSTEM32\cfgmgr32.dll
0x00007ffa12930000 - 0x00007ffa12979000 	C:\WINDOWS\SYSTEM32\wldp.dll
0x00007ffa129e0000 - 0x00007ffa129ec000 	C:\WINDOWS\SYSTEM32\cryptbase.dll
0x00007ffa137e0000 - 0x00007ffa1384b000 	C:\WINDOWS\System32\WINTRUST.DLL
0x00007ffa14b30000 - 0x00007ffa14b4f000 	C:\WINDOWS\System32\imagehlp.dll
0x00007ffa12a00000 - 0x00007ffa12a1b000 	C:\WINDOWS\SYSTEM32\CRYPTSP.dll
0x00007ffa120c0000 - 0x00007ffa120f5000 	C:\WINDOWS\system32\rsaenh.dll
0x00007ff9847c0000 - 0x00007ff985fca000 	C:\WINDOWS\System32\DriverStore\FileRepository\nv_dispig.inf_amd64_ee20464bb4ac57f4\nvd3dumx.dll
0x00007ffa0e340000 - 0x00007ffa0e389000 	C:\WINDOWS\SYSTEM32\directxdatabasehelper.dll
0x00007ff9e23d0000 - 0x00007ff9e2693000 	C:\WINDOWS\system32\nvspcap64.dll
0x00007ffa12180000 - 0x00007ffa121b4000 	C:\WINDOWS\SYSTEM32\ntmarta.dll
0x00007ffa126a0000 - 0x00007ffa126c6000 	C:\WINDOWS\SYSTEM32\gpapi.dll
0x00007ffa069e0000 - 0x00007ffa06a66000 	C:\Users\giona\.p2\pool\plugins\org.eclipse.justj.openjdk.hotspot.jre.full.win32.x86_64_17.0.4.v20220805-1047\jre\bin\freetype.dll
0x00007ff9da970000 - 0x00007ff9daa18000 	C:\Users\giona\.p2\pool\plugins\org.eclipse.justj.openjdk.hotspot.jre.full.win32.x86_64_17.0.4.v20220805-1047\jre\bin\fontmanager.dll
0x00007ffa15a00000 - 0x00007ffa15ab0000 	C:\WINDOWS\System32\clbcatq.dll
0x00007ffa104e0000 - 0x00007ffa10691000 	C:\WINDOWS\SYSTEM32\WindowsCodecs.dll
0x00007ff9efd70000 - 0x00007ff9efdce000 	C:\WINDOWS\system32\dataexchange.dll
0x00007ffa0a520000 - 0x00007ffa0a7aa000 	C:\WINDOWS\system32\twinapi.appcore.dll
0x00007ff9f3400000 - 0x00007ff9f354e000 	C:\WINDOWS\SYSTEM32\textinputframework.dll
0x00007ffa10040000 - 0x00007ffa10173000 	C:\WINDOWS\SYSTEM32\CoreMessaging.dll
0x00007ffa0d140000 - 0x00007ffa0d4ad000 	C:\WINDOWS\SYSTEM32\CoreUIComponents.dll
0x00007ff983740000 - 0x00007ff9847bb000 	D:\Unibg\Tesi\BREATHE\Java\PulseJNI.dll

dbghelp: loaded successfully - version: 4.0.5 - missing functions: none
symbol engine: initialized successfully - sym options: 0x614 - pdb path: .;C:\Users\giona\.p2\pool\plugins\org.eclipse.justj.openjdk.hotspot.jre.full.win32.x86_64_17.0.4.v20220805-1047\jre\bin;C:\WINDOWS\SYSTEM32;C:\WINDOWS\WinSxS\amd64_microsoft.windows.common-controls_6595b64144ccf1df_6.0.22621.3672_none_2713b9d173822955;C:\Users\giona\.p2\pool\plugins\org.eclipse.justj.openjdk.hotspot.jre.full.win32.x86_64_17.0.4.v20220805-1047\jre\bin\server;C:\WINDOWS\System32\DriverStore\FileRepository\nv_dispig.inf_amd64_ee20464bb4ac57f4;D:\Unibg\Tesi\BREATHE\Java

VM Arguments:
jvm_args: -Dfile.encoding=UTF-8 -XX:+ShowCodeDetailsInExceptionMessages 
java_command: main.Main
java_class_path (initial): D:\Unibg\Tesi\BREATHE\Java\target\classes;D:\Unibg\Tesi\Pulse\Engine\engine-feature-ventilator_updates\src\java\jar\commons-collections4-4.4.jar;D:\Unibg\Tesi\Pulse\Engine\engine-feature-ventilator_updates\src\java\jar\commons-compress-1.21.jar;D:\Unibg\Tesi\Pulse\Engine\engine-feature-ventilator_updates\src\java\jar\commons-io-2.11.0.jar;D:\Unibg\Tesi\Pulse\Engine\engine-feature-ventilator_updates\src\java\jar\commons-math3-3.6.1.jar;D:\Unibg\Tesi\Pulse\Engine\engine-feature-ventilator_updates\src\java\jar\error_prone_annotations-2.11.0.jar;D:\Unibg\Tesi\Pulse\Engine\engine-feature-ventilator_updates\src\java\jar\gson-2.10.1.jar;D:\Unibg\Tesi\Pulse\Engine\engine-feature-ventilator_updates\src\java\jar\guava-31.1-jre.jar;D:\Unibg\Tesi\Pulse\Engine\engine-feature-ventilator_updates\src\java\jar\j2objc-annotations-1.3.jar;D:\Unibg\Tesi\Pulse\Engine\engine-feature-ventilator_updates\src\java\jar\java-ordered-properties-1.0.4.jar;D:\Unibg\Tesi\Pulse\Engine\engine-feature-ventilator_updates\src\java\jar\javassist-3.28.0-GA.jar;D:\Unibg\Tesi\Pulse\Engine\engine-feature-ventilator_updates\src\java\jar\jfreechart-1.5.4.jar;D:\Unibg\Tesi\Pulse\Engine\engine-feature-ventilator_updates\src\java\jar\jsr305-3.0.2.jar;D:\Unibg\Tesi\Pulse\Engine\engine-feature-ventilator_updates\src\java\jar\log4j-api-2.20.0.jar;D:\Unibg\Tesi\Pulse\Engine\engine-feature-ventilator_updates\src\java\jar\log4j-core-2.20.0.jar;D:\Unibg\Tesi\Pulse\Engine\engine-feature-ventilator_updates\src\java\jar\logback-core-1.4.6.jar;D:\Unibg\Tesi\Pulse\Engine\engine-feature-ventilator_updates\src\java\jar\poi-5.2.3.jar;D:\Unibg\Tesi\Pulse\Engine\engine-feature-ventilator_updates\src\java\jar\poi-ooxml-5.2.3.jar;D:\Unibg\Tesi\Pulse\Engine\engine-feature-ventilator_updates\src\java\jar\poi-ooxml-lite-5.2.3.jar;D:\Unibg\Tesi\Pulse\Engine\engine-feature-ventilator_updates\src\java\jar\reflections-0.10.2.jar;D:\Unibg\Tesi\Pulse\Engine\engine-feature-ventilator_updates\src\java\jar\slf4j-a
Launcher Type: SUN_STANDARD

[Global flags]
     intx CICompilerCount                          = 4                                         {product} {ergonomic}
     uint ConcGCThreads                            = 3                                         {product} {ergonomic}
     uint G1ConcRefinementThreads                  = 10                                        {product} {ergonomic}
   size_t G1HeapRegionSize                         = 2097152                                   {product} {ergonomic}
    uintx GCDrainStackTargetSize                   = 64                                        {product} {ergonomic}
   size_t InitialHeapSize                          = 268435456                                 {product} {ergonomic}
   size_t MarkStackSize                            = 4194304                                   {product} {ergonomic}
   size_t MaxHeapSize                              = 4282384384                                {product} {ergonomic}
   size_t MaxNewSize                               = 2569011200                                {product} {ergonomic}
   size_t MinHeapDeltaBytes                        = 2097152                                   {product} {ergonomic}
   size_t MinHeapSize                              = 8388608                                   {product} {ergonomic}
    uintx NonNMethodCodeHeapSize                   = 5839372                                {pd product} {ergonomic}
    uintx NonProfiledCodeHeapSize                  = 122909434                              {pd product} {ergonomic}
    uintx ProfiledCodeHeapSize                     = 122909434                              {pd product} {ergonomic}
    uintx ReservedCodeCacheSize                    = 251658240                              {pd product} {ergonomic}
     bool SegmentedCodeCache                       = true                                      {product} {ergonomic}
     bool ShowCodeDetailsInExceptionMessages       = true                                   {manageable} {command line}
   size_t SoftMaxHeapSize                          = 4282384384                             {manageable} {ergonomic}
     bool UseCompressedClassPointers               = true                           {product lp64_product} {ergonomic}
     bool UseCompressedOops                        = true                           {product lp64_product} {ergonomic}
     bool UseG1GC                                  = true                                      {product} {ergonomic}
     bool UseLargePagesIndividualAllocation        = false                                  {pd product} {ergonomic}

Logging:
Log output configuration:
 #0: stdout all=warning uptime,level,tags
 #1: stderr all=off uptime,level,tags

Environment Variables:
PATH=C:/Users/giona/.p2/pool/plugins/org.eclipse.justj.openjdk.hotspot.jre.full.win32.x86_64_17.0.4.v20220805-1047/jre/bin/server;C:/Users/giona/.p2/pool/plugins/org.eclipse.justj.openjdk.hotspot.jre.full.win32.x86_64_17.0.4.v20220805-1047/jre/bin;C:\Program Files (x86)\NVIDIA Corporation\PhysX\Common;C:\Program Files\Amazon Corretto\jdk1.8.0_422\bin;C:\Program Files\Common Files\Oracle\Java\javapath;C:\Program Files (x86)\Common Files\Oracle\Java\java8path;C:\Program Files (x86)\Common Files\Oracle\Java\javapath;C:\WINDOWS\system32;C:\WINDOWS;C:\WINDOWS\System32\Wbem;C:\WINDOWS\System32\WindowsPowerShell\v1.0\;C:\WINDOWS\System32\OpenSSH\;C:\Program Files\NVIDIA Corporation\NVIDIA NvDLISR;C:\Program Files\MATLAB\R2020b\bin;C:\WINDOWS\system32;C:\WINDOWS;C:\WINDOWS\System32\Wbem;C:\WINDOWS\System32\WindowsPowerShell\v1.0\;C:\WINDOWS\System32\OpenSSH\;C:\Users\giona\Downloads\apache-maven-3.9.8\bin;C:\Program Files\Java\jdk-11\bin;C:\Program Files\CMake\bin;C:\Program Files\Git\cmd;C:\Users\giona\AppData\Local\Microsoft\WindowsApps;C:\Users\giona\AppData\Local\Programs\Microsoft VS Code\bin;C:\MinGW\bin;C:\Users\giona\AppData\Local\GitHubDesktop\bin;C:\Users\giona\Desktop;
USERNAME=giona
OS=Windows_NT
PROCESSOR_IDENTIFIER=AMD64 Family 23 Model 113 Stepping 0, AuthenticAMD
TMP=C:\Users\giona\AppData\Local\Temp
TEMP=C:\Users\giona\AppData\Local\Temp



---------------  S Y S T E M  ---------------

OS:
 Windows 11 , 64 bit Build 22621 (10.0.22621.3958)
OS uptime: 3 days 3:10 hours
Hyper-V role detected

CPU: total 12 (initial active 12) (12 cores per cpu, 2 threads per core) family 23 model 113 stepping 0 microcode 0x0, cx8, cmov, fxsr, ht, mmx, 3dnowpref, sse, sse2, sse3, ssse3, sse4a, sse4.1, sse4.2, popcnt, lzcnt, tsc, tscinvbit, avx, avx2, aes, clmul, bmi1, bmi2, adx, sha, fma, vzeroupper, clflush, clflushopt, hv

Memory: 4k page, system-wide physical 16334M (8543M free)
TotalPageFile size 18766M (AvailPageFile size 9295M)
current process WorkingSet (physical memory assigned to process): 117M, peak: 128M
current process commit charge ("private bytes"): 176M, peak: 404M

vm_info: OpenJDK 64-Bit Server VM (17.0.4+8) for windows-amd64 JRE (17.0.4+8), built on Jul 19 2022 16:05:16 by "temurin" with MS VC++ 16.7 (VS2019)

END.
