#
# A fatal error has been detected by the Java Runtime Environment:
#
#  EXCEPTION_ACCESS_VIOLATION (0xc0000005) at pc=0x00007ffc85157fd0, pid=7124, tid=8920
#
# JRE version: OpenJDK Runtime Environment Temurin-17.0.7+7 (17.0.7+7) (build 17.0.7+7)
# Java VM: OpenJDK 64-Bit Server VM Temurin-17.0.7+7 (17.0.7+7, mixed mode, tiered, compressed oops, compressed class ptrs, g1 gc, windows-amd64)
# Problematic frame:
# C  [PulseJNI.dll+0x297fd0]
#
# No core dump will be written. Minidumps are not enabled by default on client versions of Windows
#
# If you would like to submit a bug report, please visit:
#   https://github.com/adoptium/adoptium-support/issues
# The crash happened outside the Java Virtual Machine in native code.
# See problematic frame for where to report the bug.
#

---------------  S U M M A R Y ------------

Command Line: -Dfile.encoding=UTF-8 -XX:+ShowCodeDetailsInExceptionMessages Main

Host: AMD Ryzen 7 5825U with Radeon Graphics         , 16 cores, 15G,  Windows 11 , 64 bit Build 22621 (10.0.22621.3958)
Time: Fri Aug  9 16:22:53 2024 ora legale Europa occidentale elapsed time: 0.766537 seconds (0d 0h 0m 0s)

---------------  T H R E A D  ---------------

Current thread (0x000002475d407290):  JavaThread "main" [_thread_in_native, id=8920, stack(0x000000f8eb600000,0x000000f8eb700000)]

Stack: [0x000000f8eb600000,0x000000f8eb700000],  sp=0x000000f8eb6fe650,  free space=1017k
Native frames: (J=compiled Java code, j=interpreted, Vv=VM code, C=native code)
C  [PulseJNI.dll+0x297fd0]

Java frames: (J=compiled Java code, j=interpreted, Vv=VM code)
j  com.kitware.pulse.engine.PulseEngine.nativeInitializeEngine(JLjava/lang/String;Ljava/lang/String;I)Z+0
j  com.kitware.pulse.engine.PulseEngine.initializeEngine(Lcom/kitware/pulse/cdm/engine/SEPatientConfiguration;Lcom/kitware/pulse/cdm/engine/SEDataRequestManager;)Z+39
j  Main.example()V+363
j  Main.main([Ljava/lang/String;)V+0
v  ~StubRoutines::call_stub

siginfo: EXCEPTION_ACCESS_VIOLATION (0xc0000005), reading address 0x0000000000000000


Register to memory mapping:

RIP=0x00007ffc85157fd0 PulseJNI.dll
RAX=0x0 is NULL
RBX={method} {0x00000247004123f0} 'nativeInitializeEngine' '(JLjava/lang/String;Ljava/lang/String;I)Z' in 'com/kitware/pulse/engine/PulseEngine'
RCX=0x000002477cc10c80 points into unknown readable memory: 0x00007ffc85a20f60 | 60 0f a2 85 fc 7f 00 00
RDX=0x0 is NULL
RSP=0x000000f8eb6fe650 is pointing into the stack for thread: 0x000002475d407290
RBP=0x000000f8eb6ff670 is pointing into the stack for thread: 0x000002475d407290
RSI=0x0000000719805470 is an oop: [B 
{0x0000000719805470} - klass: {type array byte}
 - length: 453
RDI=0x00000000000001c5 is an unknown value
R8 =0x00007ffc85e75100 PulseJNI.dll
R9 =0x0000000000000001 is an unknown value
R10=0x0000000000000003 is an unknown value
R11=0x000000f8eb6fe2f0 is pointing into the stack for thread: 0x000002475d407290
R12=0x0 is NULL
R13={method} {0x00000247004123f0} 'nativeInitializeEngine' '(JLjava/lang/String;Ljava/lang/String;I)Z' in 'com/kitware/pulse/engine/PulseEngine'
R14=0x000000f8eb6ff6b8 is pointing into the stack for thread: 0x000002475d407290
R15=0x000002475d407290 is a thread


Registers:
RAX=0x0000000000000000, RBX=0x00000247004123e8, RCX=0x000002477cc10c80, RDX=0x0000000000000000
RSP=0x000000f8eb6fe650, RBP=0x000000f8eb6ff670, RSI=0x0000000719805470, RDI=0x00000000000001c5
R8 =0x00007ffc85e75100, R9 =0x0000000000000001, R10=0x0000000000000003, R11=0x000000f8eb6fe2f0
R12=0x0000000000000000, R13=0x00000247004123e8, R14=0x000000f8eb6ff6b8, R15=0x000002475d407290
RIP=0x00007ffc85157fd0, EFLAGS=0x0000000000010246

Top of Stack: (sp=0x000000f8eb6fe650)
0x000000f8eb6fe650:   000002477cc10c80 0000000000000000
0x000000f8eb6fe660:   00007ffc84eedae0 000000000000000f
0x000000f8eb6fe670:   00007ffc851a8a70 00007ffc84ee83a0
0x000000f8eb6fe680:   0000000000000000 000000000000000f
0x000000f8eb6fe690:   6c616e7265746e00 000000006e696b53
0x000000f8eb6fe6a0:   0000000000000000 000000000000000f
0x000000f8eb6fe6b0:   000002477d4a3700 0000000000000000
0x000000f8eb6fe6c0:   00007ffc84eec230 00007ffc84ee55f0
0x000000f8eb6fe6d0:   00007ffc84ee55f0 00007ffc84ee55f0
0x000000f8eb6fe6e0:   00007ffc84eecbf0 00007ffc851a896b
0x000000f8eb6fe6f0:   000002477cc10c80 0000000000000000
0x000000f8eb6fe700:   0000000000000000 000000000000000f
0x000000f8eb6fe710:   6c616e7265747800 000000006e696b53
0x000000f8eb6fe720:   00007ffc851a8a70 000000000000000f
0x000000f8eb6fe730:   6c616e7265746e00 0000000065726f43
0x000000f8eb6fe740:   0000000000000000 00007ffc851a84ae 

Instructions: (pc=0x00007ffc85157fd0)
0x00007ffc85157ed0:   28 e8 6a b5 d7 ff 48 89 44 24 20 48 8b 4c 24 28
0x00007ffc85157ee0:   e8 7b b5 d7 ff 48 89 44 24 30 eb 0e 48 8b 44 24
0x00007ffc85157ef0:   20 48 83 c0 08 48 89 44 24 20 48 8b 44 24 30 48
0x00007ffc85157f00:   39 44 24 20 74 1f 48 8b 44 24 20 48 8b 00 48 89
0x00007ffc85157f10:   44 24 38 48 8b 44 24 58 48 39 44 24 38 75 04 b0
0x00007ffc85157f20:   01 eb 04 eb c7 32 c0 48 83 c4 48 c3 cc cc cc cc
0x00007ffc85157f30:   cc cc cc cc cc cc cc cc cc cc cc cc cc cc cc cc
0x00007ffc85157f40:   48 89 4c 24 08 48 8b 44 24 08 48 83 c0 48 c3 cc
0x00007ffc85157f50:   cc cc cc cc cc cc cc cc cc cc cc cc cc cc cc cc
0x00007ffc85157f60:   48 89 4c 24 08 48 8b 44 24 08 48 83 c0 60 c3 cc
0x00007ffc85157f70:   cc cc cc cc cc cc cc cc cc cc cc cc cc cc cc cc
0x00007ffc85157f80:   48 89 54 24 10 48 89 4c 24 08 48 81 ec 98 00 00
0x00007ffc85157f90:   00 48 8b 84 24 a0 00 00 00 48 8b 00 48 8b 80 d0
0x00007ffc85157fa0:   00 00 00 48 89 44 24 20 48 8b 94 24 a8 00 00 00
0x00007ffc85157fb0:   48 8b 8c 24 a0 00 00 00 ff 54 24 20 0f b6 c0 85
0x00007ffc85157fc0:   c0 74 05 e9 5c 01 00 00 48 8b 84 24 a8 00 00 00
0x00007ffc85157fd0:   48 8b 00 48 8b 8c 24 a8 00 00 00 ff 90 b0 00 00
0x00007ffc85157fe0:   00 83 f8 03 75 5e 48 8b 84 24 a0 00 00 00 48 83
0x00007ffc85157ff0:   c0 78 48 89 44 24 30 48 8b 84 24 a8 00 00 00 48
0x00007ffc85158000:   89 44 24 28 48 8d 54 24 28 48 8b 4c 24 30 e8 bd
0x00007ffc85158010:   8e da ff 90 48 8b 84 24 a0 00 00 00 48 05 90 00
0x00007ffc85158020:   00 00 48 89 44 24 40 48 8b 84 24 a8 00 00 00 48
0x00007ffc85158030:   89 44 24 38 48 8d 54 24 38 48 8b 4c 24 40 e8 8d
0x00007ffc85158040:   8e da ff 90 48 8b 84 24 a8 00 00 00 48 8b 00 48
0x00007ffc85158050:   8b 8c 24 a8 00 00 00 ff 90 b0 00 00 00 83 f8 02
0x00007ffc85158060:   75 60 48 8b 84 24 a0 00 00 00 48 05 a8 00 00 00
0x00007ffc85158070:   48 89 44 24 50 48 8b 84 24 a8 00 00 00 48 89 44
0x00007ffc85158080:   24 48 48 8d 54 24 48 48 8b 4c 24 50 e8 3f 8e da
0x00007ffc85158090:   ff 90 48 8b 84 24 a0 00 00 00 48 05 c0 00 00 00
0x00007ffc851580a0:   48 89 44 24 60 48 8b 84 24 a8 00 00 00 48 89 44
0x00007ffc851580b0:   24 58 48 8d 54 24 58 48 8b 4c 24 60 e8 0f 8e da
0x00007ffc851580c0:   ff 90 48 8b 84 24 a0 00 00 00 48 83 c0 48 48 89 


Stack slot to memory mapping:
stack at sp + 0 slots: 0x000002477cc10c80 points into unknown readable memory: 0x00007ffc85a20f60 | 60 0f a2 85 fc 7f 00 00
stack at sp + 1 slots: 0x0 is NULL
stack at sp + 2 slots: 0x00007ffc84eedae0 PulseJNI.dll
stack at sp + 3 slots: 0x000000000000000f is an unknown value
stack at sp + 4 slots: 0x00007ffc851a8a70 PulseJNI.dll
stack at sp + 5 slots: 0x00007ffc84ee83a0 PulseJNI.dll
stack at sp + 6 slots: 0x0 is NULL
stack at sp + 7 slots: 0x000000000000000f is an unknown value


---------------  P R O C E S S  ---------------

Threads class SMR info:
_java_thread_list=0x000002477d17de70, length=16, elements={
0x000002475d407290, 0x000002477c620da0, 0x000002477c621620, 0x000002477c66bb20,
0x000002477c66c800, 0x000002477c66cdc0, 0x000002477c680740, 0x000002477c680f40,
0x000002477c6910a0, 0x000002477c6939d0, 0x000002477c7e18a0, 0x000002477c802f50,
0x000002477c81b020, 0x000002477cb57650, 0x000002477cdcc990, 0x000002477cdccea0
}

Java Threads: ( => current thread )
=>0x000002475d407290 JavaThread "main" [_thread_in_native, id=8920, stack(0x000000f8eb600000,0x000000f8eb700000)]
  0x000002477c620da0 JavaThread "Reference Handler" daemon [_thread_blocked, id=18008, stack(0x000000f8ebd00000,0x000000f8ebe00000)]
  0x000002477c621620 JavaThread "Finalizer" daemon [_thread_blocked, id=8172, stack(0x000000f8ebe00000,0x000000f8ebf00000)]
  0x000002477c66bb20 JavaThread "Signal Dispatcher" daemon [_thread_blocked, id=21568, stack(0x000000f8ebf00000,0x000000f8ec000000)]
  0x000002477c66c800 JavaThread "Attach Listener" daemon [_thread_blocked, id=21560, stack(0x000000f8ec000000,0x000000f8ec100000)]
  0x000002477c66cdc0 JavaThread "Service Thread" daemon [_thread_blocked, id=14924, stack(0x000000f8ec100000,0x000000f8ec200000)]
  0x000002477c680740 JavaThread "Monitor Deflation Thread" daemon [_thread_blocked, id=20808, stack(0x000000f8ec200000,0x000000f8ec300000)]
  0x000002477c680f40 JavaThread "C2 CompilerThread0" daemon [_thread_blocked, id=2188, stack(0x000000f8ec300000,0x000000f8ec400000)]
  0x000002477c6910a0 JavaThread "C1 CompilerThread0" daemon [_thread_blocked, id=1936, stack(0x000000f8ec400000,0x000000f8ec500000)]
  0x000002477c6939d0 JavaThread "Sweeper thread" daemon [_thread_blocked, id=18380, stack(0x000000f8ec500000,0x000000f8ec600000)]
  0x000002477c7e18a0 JavaThread "C1 CompilerThread1" daemon [_thread_blocked, id=1444, stack(0x000000f8ec600000,0x000000f8ec700000)]
  0x000002477c802f50 JavaThread "Notification Thread" daemon [_thread_blocked, id=22576, stack(0x000000f8ec700000,0x000000f8ec800000)]
  0x000002477c81b020 JavaThread "Common-Cleaner" daemon [_thread_blocked, id=340, stack(0x000000f8ec900000,0x000000f8eca00000)]
  0x000002477cb57650 JavaThread "C2 CompilerThread1" daemon [_thread_blocked, id=10068, stack(0x000000f8eca00000,0x000000f8ecb00000)]
  0x000002477cdcc990 JavaThread "C1 CompilerThread2" daemon [_thread_blocked, id=10028, stack(0x000000f8ecb00000,0x000000f8ecc00000)]
  0x000002477cdccea0 JavaThread "C1 CompilerThread3" daemon [_thread_blocked, id=12648, stack(0x000000f8ecc00000,0x000000f8ecd00000)]

Other Threads:
  0x000002477c6195f0 VMThread "VM Thread" [stack: 0x000000f8ebc00000,0x000000f8ebd00000] [id=20020]
  0x000002475d49bd20 WatcherThread [stack: 0x000000f8ec800000,0x000000f8ec900000] [id=10312]
  0x000002475d4703a0 GCTaskThread "GC Thread#0" [stack: 0x000000f8eb700000,0x000000f8eb800000] [id=22752]
  0x000002477d27ae20 GCTaskThread "GC Thread#1" [stack: 0x000000f8ecd00000,0x000000f8ece00000] [id=22240]
  0x000002477d27b0d0 GCTaskThread "GC Thread#2" [stack: 0x000000f8ece00000,0x000000f8ecf00000] [id=9720]
  0x000002477d2b1a70 GCTaskThread "GC Thread#3" [stack: 0x000000f8ecf00000,0x000000f8ed000000] [id=12796]
  0x000002477d2b20f0 GCTaskThread "GC Thread#4" [stack: 0x000000f8ed000000,0x000000f8ed100000] [id=23276]
  0x000002477d29c2d0 GCTaskThread "GC Thread#5" [stack: 0x000000f8ed100000,0x000000f8ed200000] [id=11532]
  0x000002475d480870 ConcurrentGCThread "G1 Main Marker" [stack: 0x000000f8eb800000,0x000000f8eb900000] [id=11056]
  0x000002475d481a20 ConcurrentGCThread "G1 Conc#0" [stack: 0x000000f8eb900000,0x000000f8eba00000] [id=12652]
  0x000002477c484740 ConcurrentGCThread "G1 Refine#0" [stack: 0x000000f8eba00000,0x000000f8ebb00000] [id=14452]
  0x000002477c484c70 ConcurrentGCThread "G1 Service" [stack: 0x000000f8ebb00000,0x000000f8ebc00000] [id=22568]

Threads with active compile tasks:

VM state: not at safepoint (normal execution)

VM Mutex/Monitor currently owned by a thread: None

Heap address: 0x000000070a600000, size: 3930 MB, Compressed Oops mode: Zero based, Oop shift amount: 3

CDS archive(s) not mapped
Compressed class space mapped at: 0x0000000800000000-0x0000000840000000, reserved size: 1073741824
Narrow klass base: 0x0000000800000000, Narrow klass shift: 0, Narrow klass range: 0x40000000

GC Precious Log:
 CPUs: 16 total, 16 available
 Memory: 15712M
 Large Page Support: Disabled
 NUMA Support: Disabled
 Compressed Oops: Enabled (Zero based)
 Heap Region Size: 2M
 Heap Min Capacity: 8M
 Heap Initial Capacity: 246M
 Heap Max Capacity: 3930M
 Pre-touch: Disabled
 Parallel Workers: 13
 Concurrent Workers: 3
 Concurrent Refinement Workers: 13
 Periodic GC: Disabled

Heap:
 garbage-first heap   total 251904K, used 7197K [0x000000070a600000, 0x0000000800000000)
  region size 2048K, 4 young (8192K), 2 survivors (4096K)
 Metaspace       used 14269K, committed 14528K, reserved 1114112K
  class space    used 1337K, committed 1472K, reserved 1048576K

Heap Regions: E=young(eden), S=young(survivor), O=old, HS=humongous(starts), HC=humongous(continues), CS=collection set, F=free, OA=open archive, CA=closed archive, TAMS=top-at-mark-start (previous, next)
|   0|0x000000070a600000, 0x000000070a707400, 0x000000070a800000| 51%| O|  |TAMS 0x000000070a600000, 0x000000070a600000| Untracked 
|   1|0x000000070a800000, 0x000000070a800000, 0x000000070aa00000|  0%| F|  |TAMS 0x000000070a800000, 0x000000070a800000| Untracked 
|   2|0x000000070aa00000, 0x000000070aa00000, 0x000000070ac00000|  0%| F|  |TAMS 0x000000070aa00000, 0x000000070aa00000| Untracked 
|   3|0x000000070ac00000, 0x000000070ac00000, 0x000000070ae00000|  0%| F|  |TAMS 0x000000070ac00000, 0x000000070ac00000| Untracked 
|   4|0x000000070ae00000, 0x000000070ae00000, 0x000000070b000000|  0%| F|  |TAMS 0x000000070ae00000, 0x000000070ae00000| Untracked 
|   5|0x000000070b000000, 0x000000070b000000, 0x000000070b200000|  0%| F|  |TAMS 0x000000070b000000, 0x000000070b000000| Untracked 
|   6|0x000000070b200000, 0x000000070b200000, 0x000000070b400000|  0%| F|  |TAMS 0x000000070b200000, 0x000000070b200000| Untracked 
|   7|0x000000070b400000, 0x000000070b400000, 0x000000070b600000|  0%| F|  |TAMS 0x000000070b400000, 0x000000070b400000| Untracked 
|   8|0x000000070b600000, 0x000000070b600000, 0x000000070b800000|  0%| F|  |TAMS 0x000000070b600000, 0x000000070b600000| Untracked 
|   9|0x000000070b800000, 0x000000070b800000, 0x000000070ba00000|  0%| F|  |TAMS 0x000000070b800000, 0x000000070b800000| Untracked 
|  10|0x000000070ba00000, 0x000000070ba00000, 0x000000070bc00000|  0%| F|  |TAMS 0x000000070ba00000, 0x000000070ba00000| Untracked 
|  11|0x000000070bc00000, 0x000000070bc00000, 0x000000070be00000|  0%| F|  |TAMS 0x000000070bc00000, 0x000000070bc00000| Untracked 
|  12|0x000000070be00000, 0x000000070be00000, 0x000000070c000000|  0%| F|  |TAMS 0x000000070be00000, 0x000000070be00000| Untracked 
|  13|0x000000070c000000, 0x000000070c000000, 0x000000070c200000|  0%| F|  |TAMS 0x000000070c000000, 0x000000070c000000| Untracked 
|  14|0x000000070c200000, 0x000000070c200000, 0x000000070c400000|  0%| F|  |TAMS 0x000000070c200000, 0x000000070c200000| Untracked 
|  15|0x000000070c400000, 0x000000070c400000, 0x000000070c600000|  0%| F|  |TAMS 0x000000070c400000, 0x000000070c400000| Untracked 
|  16|0x000000070c600000, 0x000000070c600000, 0x000000070c800000|  0%| F|  |TAMS 0x000000070c600000, 0x000000070c600000| Untracked 
|  17|0x000000070c800000, 0x000000070c800000, 0x000000070ca00000|  0%| F|  |TAMS 0x000000070c800000, 0x000000070c800000| Untracked 
|  18|0x000000070ca00000, 0x000000070ca00000, 0x000000070cc00000|  0%| F|  |TAMS 0x000000070ca00000, 0x000000070ca00000| Untracked 
|  19|0x000000070cc00000, 0x000000070cc00000, 0x000000070ce00000|  0%| F|  |TAMS 0x000000070cc00000, 0x000000070cc00000| Untracked 
|  20|0x000000070ce00000, 0x000000070ce00000, 0x000000070d000000|  0%| F|  |TAMS 0x000000070ce00000, 0x000000070ce00000| Untracked 
|  21|0x000000070d000000, 0x000000070d000000, 0x000000070d200000|  0%| F|  |TAMS 0x000000070d000000, 0x000000070d000000| Untracked 
|  22|0x000000070d200000, 0x000000070d200000, 0x000000070d400000|  0%| F|  |TAMS 0x000000070d200000, 0x000000070d200000| Untracked 
|  23|0x000000070d400000, 0x000000070d400000, 0x000000070d600000|  0%| F|  |TAMS 0x000000070d400000, 0x000000070d400000| Untracked 
|  24|0x000000070d600000, 0x000000070d600000, 0x000000070d800000|  0%| F|  |TAMS 0x000000070d600000, 0x000000070d600000| Untracked 
|  25|0x000000070d800000, 0x000000070d800000, 0x000000070da00000|  0%| F|  |TAMS 0x000000070d800000, 0x000000070d800000| Untracked 
|  26|0x000000070da00000, 0x000000070da00000, 0x000000070dc00000|  0%| F|  |TAMS 0x000000070da00000, 0x000000070da00000| Untracked 
|  27|0x000000070dc00000, 0x000000070dc00000, 0x000000070de00000|  0%| F|  |TAMS 0x000000070dc00000, 0x000000070dc00000| Untracked 
|  28|0x000000070de00000, 0x000000070de00000, 0x000000070e000000|  0%| F|  |TAMS 0x000000070de00000, 0x000000070de00000| Untracked 
|  29|0x000000070e000000, 0x000000070e000000, 0x000000070e200000|  0%| F|  |TAMS 0x000000070e000000, 0x000000070e000000| Untracked 
|  30|0x000000070e200000, 0x000000070e200000, 0x000000070e400000|  0%| F|  |TAMS 0x000000070e200000, 0x000000070e200000| Untracked 
|  31|0x000000070e400000, 0x000000070e400000, 0x000000070e600000|  0%| F|  |TAMS 0x000000070e400000, 0x000000070e400000| Untracked 
|  32|0x000000070e600000, 0x000000070e600000, 0x000000070e800000|  0%| F|  |TAMS 0x000000070e600000, 0x000000070e600000| Untracked 
|  33|0x000000070e800000, 0x000000070e800000, 0x000000070ea00000|  0%| F|  |TAMS 0x000000070e800000, 0x000000070e800000| Untracked 
|  34|0x000000070ea00000, 0x000000070ea00000, 0x000000070ec00000|  0%| F|  |TAMS 0x000000070ea00000, 0x000000070ea00000| Untracked 
|  35|0x000000070ec00000, 0x000000070ec00000, 0x000000070ee00000|  0%| F|  |TAMS 0x000000070ec00000, 0x000000070ec00000| Untracked 
|  36|0x000000070ee00000, 0x000000070ee00000, 0x000000070f000000|  0%| F|  |TAMS 0x000000070ee00000, 0x000000070ee00000| Untracked 
|  37|0x000000070f000000, 0x000000070f000000, 0x000000070f200000|  0%| F|  |TAMS 0x000000070f000000, 0x000000070f000000| Untracked 
|  38|0x000000070f200000, 0x000000070f200000, 0x000000070f400000|  0%| F|  |TAMS 0x000000070f200000, 0x000000070f200000| Untracked 
|  39|0x000000070f400000, 0x000000070f400000, 0x000000070f600000|  0%| F|  |TAMS 0x000000070f400000, 0x000000070f400000| Untracked 
|  40|0x000000070f600000, 0x000000070f600000, 0x000000070f800000|  0%| F|  |TAMS 0x000000070f600000, 0x000000070f600000| Untracked 
|  41|0x000000070f800000, 0x000000070f800000, 0x000000070fa00000|  0%| F|  |TAMS 0x000000070f800000, 0x000000070f800000| Untracked 
|  42|0x000000070fa00000, 0x000000070fa00000, 0x000000070fc00000|  0%| F|  |TAMS 0x000000070fa00000, 0x000000070fa00000| Untracked 
|  43|0x000000070fc00000, 0x000000070fc00000, 0x000000070fe00000|  0%| F|  |TAMS 0x000000070fc00000, 0x000000070fc00000| Untracked 
|  44|0x000000070fe00000, 0x000000070fe00000, 0x0000000710000000|  0%| F|  |TAMS 0x000000070fe00000, 0x000000070fe00000| Untracked 
|  45|0x0000000710000000, 0x0000000710000000, 0x0000000710200000|  0%| F|  |TAMS 0x0000000710000000, 0x0000000710000000| Untracked 
|  46|0x0000000710200000, 0x0000000710200000, 0x0000000710400000|  0%| F|  |TAMS 0x0000000710200000, 0x0000000710200000| Untracked 
|  47|0x0000000710400000, 0x0000000710400000, 0x0000000710600000|  0%| F|  |TAMS 0x0000000710400000, 0x0000000710400000| Untracked 
|  48|0x0000000710600000, 0x0000000710600000, 0x0000000710800000|  0%| F|  |TAMS 0x0000000710600000, 0x0000000710600000| Untracked 
|  49|0x0000000710800000, 0x0000000710800000, 0x0000000710a00000|  0%| F|  |TAMS 0x0000000710800000, 0x0000000710800000| Untracked 
|  50|0x0000000710a00000, 0x0000000710a00000, 0x0000000710c00000|  0%| F|  |TAMS 0x0000000710a00000, 0x0000000710a00000| Untracked 
|  51|0x0000000710c00000, 0x0000000710c00000, 0x0000000710e00000|  0%| F|  |TAMS 0x0000000710c00000, 0x0000000710c00000| Untracked 
|  52|0x0000000710e00000, 0x0000000710e00000, 0x0000000711000000|  0%| F|  |TAMS 0x0000000710e00000, 0x0000000710e00000| Untracked 
|  53|0x0000000711000000, 0x0000000711000000, 0x0000000711200000|  0%| F|  |TAMS 0x0000000711000000, 0x0000000711000000| Untracked 
|  54|0x0000000711200000, 0x0000000711200000, 0x0000000711400000|  0%| F|  |TAMS 0x0000000711200000, 0x0000000711200000| Untracked 
|  55|0x0000000711400000, 0x0000000711400000, 0x0000000711600000|  0%| F|  |TAMS 0x0000000711400000, 0x0000000711400000| Untracked 
|  56|0x0000000711600000, 0x0000000711600000, 0x0000000711800000|  0%| F|  |TAMS 0x0000000711600000, 0x0000000711600000| Untracked 
|  57|0x0000000711800000, 0x0000000711800000, 0x0000000711a00000|  0%| F|  |TAMS 0x0000000711800000, 0x0000000711800000| Untracked 
|  58|0x0000000711a00000, 0x0000000711a00000, 0x0000000711c00000|  0%| F|  |TAMS 0x0000000711a00000, 0x0000000711a00000| Untracked 
|  59|0x0000000711c00000, 0x0000000711c00000, 0x0000000711e00000|  0%| F|  |TAMS 0x0000000711c00000, 0x0000000711c00000| Untracked 
|  60|0x0000000711e00000, 0x0000000711e00000, 0x0000000712000000|  0%| F|  |TAMS 0x0000000711e00000, 0x0000000711e00000| Untracked 
|  61|0x0000000712000000, 0x0000000712000000, 0x0000000712200000|  0%| F|  |TAMS 0x0000000712000000, 0x0000000712000000| Untracked 
|  62|0x0000000712200000, 0x0000000712200000, 0x0000000712400000|  0%| F|  |TAMS 0x0000000712200000, 0x0000000712200000| Untracked 
|  63|0x0000000712400000, 0x0000000712400000, 0x0000000712600000|  0%| F|  |TAMS 0x0000000712400000, 0x0000000712400000| Untracked 
|  64|0x0000000712600000, 0x0000000712600000, 0x0000000712800000|  0%| F|  |TAMS 0x0000000712600000, 0x0000000712600000| Untracked 
|  65|0x0000000712800000, 0x0000000712800000, 0x0000000712a00000|  0%| F|  |TAMS 0x0000000712800000, 0x0000000712800000| Untracked 
|  66|0x0000000712a00000, 0x0000000712a00000, 0x0000000712c00000|  0%| F|  |TAMS 0x0000000712a00000, 0x0000000712a00000| Untracked 
|  67|0x0000000712c00000, 0x0000000712c00000, 0x0000000712e00000|  0%| F|  |TAMS 0x0000000712c00000, 0x0000000712c00000| Untracked 
|  68|0x0000000712e00000, 0x0000000712e00000, 0x0000000713000000|  0%| F|  |TAMS 0x0000000712e00000, 0x0000000712e00000| Untracked 
|  69|0x0000000713000000, 0x0000000713000000, 0x0000000713200000|  0%| F|  |TAMS 0x0000000713000000, 0x0000000713000000| Untracked 
|  70|0x0000000713200000, 0x0000000713200000, 0x0000000713400000|  0%| F|  |TAMS 0x0000000713200000, 0x0000000713200000| Untracked 
|  71|0x0000000713400000, 0x0000000713400000, 0x0000000713600000|  0%| F|  |TAMS 0x0000000713400000, 0x0000000713400000| Untracked 
|  72|0x0000000713600000, 0x0000000713600000, 0x0000000713800000|  0%| F|  |TAMS 0x0000000713600000, 0x0000000713600000| Untracked 
|  73|0x0000000713800000, 0x0000000713800000, 0x0000000713a00000|  0%| F|  |TAMS 0x0000000713800000, 0x0000000713800000| Untracked 
|  74|0x0000000713a00000, 0x0000000713a00000, 0x0000000713c00000|  0%| F|  |TAMS 0x0000000713a00000, 0x0000000713a00000| Untracked 
|  75|0x0000000713c00000, 0x0000000713c00000, 0x0000000713e00000|  0%| F|  |TAMS 0x0000000713c00000, 0x0000000713c00000| Untracked 
|  76|0x0000000713e00000, 0x0000000713e00000, 0x0000000714000000|  0%| F|  |TAMS 0x0000000713e00000, 0x0000000713e00000| Untracked 
|  77|0x0000000714000000, 0x0000000714000000, 0x0000000714200000|  0%| F|  |TAMS 0x0000000714000000, 0x0000000714000000| Untracked 
|  78|0x0000000714200000, 0x0000000714200000, 0x0000000714400000|  0%| F|  |TAMS 0x0000000714200000, 0x0000000714200000| Untracked 
|  79|0x0000000714400000, 0x0000000714400000, 0x0000000714600000|  0%| F|  |TAMS 0x0000000714400000, 0x0000000714400000| Untracked 
|  80|0x0000000714600000, 0x0000000714600000, 0x0000000714800000|  0%| F|  |TAMS 0x0000000714600000, 0x0000000714600000| Untracked 
|  81|0x0000000714800000, 0x0000000714800000, 0x0000000714a00000|  0%| F|  |TAMS 0x0000000714800000, 0x0000000714800000| Untracked 
|  82|0x0000000714a00000, 0x0000000714a00000, 0x0000000714c00000|  0%| F|  |TAMS 0x0000000714a00000, 0x0000000714a00000| Untracked 
|  83|0x0000000714c00000, 0x0000000714c00000, 0x0000000714e00000|  0%| F|  |TAMS 0x0000000714c00000, 0x0000000714c00000| Untracked 
|  84|0x0000000714e00000, 0x0000000714e00000, 0x0000000715000000|  0%| F|  |TAMS 0x0000000714e00000, 0x0000000714e00000| Untracked 
|  85|0x0000000715000000, 0x0000000715000000, 0x0000000715200000|  0%| F|  |TAMS 0x0000000715000000, 0x0000000715000000| Untracked 
|  86|0x0000000715200000, 0x0000000715200000, 0x0000000715400000|  0%| F|  |TAMS 0x0000000715200000, 0x0000000715200000| Untracked 
|  87|0x0000000715400000, 0x0000000715400000, 0x0000000715600000|  0%| F|  |TAMS 0x0000000715400000, 0x0000000715400000| Untracked 
|  88|0x0000000715600000, 0x0000000715600000, 0x0000000715800000|  0%| F|  |TAMS 0x0000000715600000, 0x0000000715600000| Untracked 
|  89|0x0000000715800000, 0x0000000715800000, 0x0000000715a00000|  0%| F|  |TAMS 0x0000000715800000, 0x0000000715800000| Untracked 
|  90|0x0000000715a00000, 0x0000000715a00000, 0x0000000715c00000|  0%| F|  |TAMS 0x0000000715a00000, 0x0000000715a00000| Untracked 
|  91|0x0000000715c00000, 0x0000000715c00000, 0x0000000715e00000|  0%| F|  |TAMS 0x0000000715c00000, 0x0000000715c00000| Untracked 
|  92|0x0000000715e00000, 0x0000000715e00000, 0x0000000716000000|  0%| F|  |TAMS 0x0000000715e00000, 0x0000000715e00000| Untracked 
|  93|0x0000000716000000, 0x0000000716000000, 0x0000000716200000|  0%| F|  |TAMS 0x0000000716000000, 0x0000000716000000| Untracked 
|  94|0x0000000716200000, 0x0000000716200000, 0x0000000716400000|  0%| F|  |TAMS 0x0000000716200000, 0x0000000716200000| Untracked 
|  95|0x0000000716400000, 0x0000000716400000, 0x0000000716600000|  0%| F|  |TAMS 0x0000000716400000, 0x0000000716400000| Untracked 
|  96|0x0000000716600000, 0x0000000716600000, 0x0000000716800000|  0%| F|  |TAMS 0x0000000716600000, 0x0000000716600000| Untracked 
|  97|0x0000000716800000, 0x0000000716800000, 0x0000000716a00000|  0%| F|  |TAMS 0x0000000716800000, 0x0000000716800000| Untracked 
|  98|0x0000000716a00000, 0x0000000716a00000, 0x0000000716c00000|  0%| F|  |TAMS 0x0000000716a00000, 0x0000000716a00000| Untracked 
|  99|0x0000000716c00000, 0x0000000716c00000, 0x0000000716e00000|  0%| F|  |TAMS 0x0000000716c00000, 0x0000000716c00000| Untracked 
| 100|0x0000000716e00000, 0x0000000716e00000, 0x0000000717000000|  0%| F|  |TAMS 0x0000000716e00000, 0x0000000716e00000| Untracked 
| 101|0x0000000717000000, 0x0000000717000000, 0x0000000717200000|  0%| F|  |TAMS 0x0000000717000000, 0x0000000717000000| Untracked 
| 102|0x0000000717200000, 0x0000000717200000, 0x0000000717400000|  0%| F|  |TAMS 0x0000000717200000, 0x0000000717200000| Untracked 
| 103|0x0000000717400000, 0x0000000717400000, 0x0000000717600000|  0%| F|  |TAMS 0x0000000717400000, 0x0000000717400000| Untracked 
| 104|0x0000000717600000, 0x0000000717600000, 0x0000000717800000|  0%| F|  |TAMS 0x0000000717600000, 0x0000000717600000| Untracked 
| 105|0x0000000717800000, 0x0000000717800000, 0x0000000717a00000|  0%| F|  |TAMS 0x0000000717800000, 0x0000000717800000| Untracked 
| 106|0x0000000717a00000, 0x0000000717a00000, 0x0000000717c00000|  0%| F|  |TAMS 0x0000000717a00000, 0x0000000717a00000| Untracked 
| 107|0x0000000717c00000, 0x0000000717c00000, 0x0000000717e00000|  0%| F|  |TAMS 0x0000000717c00000, 0x0000000717c00000| Untracked 
| 108|0x0000000717e00000, 0x0000000717e00000, 0x0000000718000000|  0%| F|  |TAMS 0x0000000717e00000, 0x0000000717e00000| Untracked 
| 109|0x0000000718000000, 0x0000000718000000, 0x0000000718200000|  0%| F|  |TAMS 0x0000000718000000, 0x0000000718000000| Untracked 
| 110|0x0000000718200000, 0x0000000718400000, 0x0000000718400000|100%| S|CS|TAMS 0x0000000718200000, 0x0000000718200000| Complete 
| 111|0x0000000718400000, 0x0000000718600000, 0x0000000718600000|100%| S|CS|TAMS 0x0000000718400000, 0x0000000718400000| Complete 
| 112|0x0000000718600000, 0x0000000718600000, 0x0000000718800000|  0%| F|  |TAMS 0x0000000718600000, 0x0000000718600000| Untracked 
| 113|0x0000000718800000, 0x0000000718800000, 0x0000000718a00000|  0%| F|  |TAMS 0x0000000718800000, 0x0000000718800000| Untracked 
| 114|0x0000000718a00000, 0x0000000718a00000, 0x0000000718c00000|  0%| F|  |TAMS 0x0000000718a00000, 0x0000000718a00000| Untracked 
| 115|0x0000000718c00000, 0x0000000718c00000, 0x0000000718e00000|  0%| F|  |TAMS 0x0000000718c00000, 0x0000000718c00000| Untracked 
| 116|0x0000000718e00000, 0x0000000718e00000, 0x0000000719000000|  0%| F|  |TAMS 0x0000000718e00000, 0x0000000718e00000| Untracked 
| 117|0x0000000719000000, 0x0000000719000000, 0x0000000719200000|  0%| F|  |TAMS 0x0000000719000000, 0x0000000719000000| Untracked 
| 118|0x0000000719200000, 0x0000000719200000, 0x0000000719400000|  0%| F|  |TAMS 0x0000000719200000, 0x0000000719200000| Untracked 
| 119|0x0000000719400000, 0x0000000719400000, 0x0000000719600000|  0%| F|  |TAMS 0x0000000719400000, 0x0000000719400000| Untracked 
| 120|0x0000000719600000, 0x0000000719600000, 0x0000000719800000|  0%| F|  |TAMS 0x0000000719600000, 0x0000000719600000| Untracked 
| 121|0x0000000719800000, 0x0000000719889d10, 0x0000000719a00000| 26%| E|  |TAMS 0x0000000719800000, 0x0000000719800000| Complete 
| 122|0x0000000719a00000, 0x0000000719c00000, 0x0000000719c00000|100%| E|CS|TAMS 0x0000000719a00000, 0x0000000719a00000| Complete 

Card table byte_map: [0x0000024770ae0000,0x0000024771290000] _byte_map_base: 0x000002476d28d000

Marking Bits (Prev, Next): (CMBitMap*) 0x000002475d4709b0, (CMBitMap*) 0x000002475d4709f0
 Prev Bits: [0x0000024771a40000, 0x00000247757a8000)
 Next Bits: [0x00000247757b0000, 0x0000024779518000)

Polling page: 0x000002475b400000

Metaspace:

Usage:
  Non-class:     12.63 MB used.
      Class:      1.31 MB used.
       Both:     13.94 MB used.

Virtual space:
  Non-class space:       64.00 MB reserved,      12.75 MB ( 20%) committed,  1 nodes.
      Class space:        1.00 GB reserved,       1.44 MB ( <1%) committed,  1 nodes.
             Both:        1.06 GB reserved,      14.19 MB (  1%) committed. 

Chunk freelists:
   Non-Class:  2.97 MB
       Class:  14.55 MB
        Both:  17.52 MB

MaxMetaspaceSize: unlimited
CompressedClassSpaceSize: 1.00 GB
Initial GC threshold: 21.00 MB
Current GC threshold: 21.00 MB
CDS: off
MetaspaceReclaimPolicy: balanced
 - commit_granule_bytes: 65536.
 - commit_granule_words: 8192.
 - virtual_space_node_default_size: 8388608.
 - enlarge_chunks_in_place: 1.
 - new_chunks_are_fully_committed: 0.
 - uncommit_free_chunks: 1.
 - use_allocation_guard: 0.
 - handle_deallocations: 1.


Internal statistics:

num_allocs_failed_limit: 0.
num_arena_births: 44.
num_arena_deaths: 0.
num_vsnodes_births: 2.
num_vsnodes_deaths: 0.
num_space_committed: 227.
num_space_uncommitted: 0.
num_chunks_returned_to_freelist: 0.
num_chunks_taken_from_freelist: 263.
num_chunk_merges: 0.
num_chunk_splits: 202.
num_chunks_enlarged: 178.
num_inconsistent_stats: 0.

CodeHeap 'non-profiled nmethods': size=119168Kb used=272Kb max_used=272Kb free=118895Kb
 bounds [0x0000024768650000, 0x00000247688c0000, 0x000002476fab0000]
CodeHeap 'profiled nmethods': size=119104Kb used=2078Kb max_used=2078Kb free=117025Kb
 bounds [0x0000024760ab0000, 0x0000024760d20000, 0x0000024767f00000]
CodeHeap 'non-nmethods': size=7488Kb used=2820Kb max_used=2843Kb free=4667Kb
 bounds [0x0000024767f00000, 0x00000247681d0000, 0x0000024768650000]
 total_blobs=1479 nmethods=1063 adapters=326
 compilation: enabled
              stopped_count=0, restarted_count=0
 full_count=0

Compilation events (20 events):
Event: 0.719 Thread 0x000002477c7e18a0 nmethod 1054 0x0000024760cb3f10 code [0x0000024760cb40c0, 0x0000024760cb4318]
Event: 0.719 Thread 0x000002477c7e18a0 1055       3       java.lang.invoke.Invokers$Holder::linkToTargetMethod (10 bytes)
Event: 0.719 Thread 0x000002477c680f40 nmethod 1051 0x0000024768693a10 code [0x0000024768693b80, 0x0000024768693c38]
Event: 0.719 Thread 0x000002477c6910a0 1056       3       java.lang.StringBuilder::append (6 bytes)
Event: 0.719 Thread 0x000002477cdccea0 1057       3       java.lang.invoke.LambdaForm$MH/0x0000000800106000::invoke (148 bytes)
Event: 0.719 Thread 0x000002477c7e18a0 nmethod 1055 0x0000024760cb4390 code [0x0000024760cb4540, 0x0000024760cb48d8]
Event: 0.719 Thread 0x000002477c6910a0 nmethod 1056 0x0000024760cb4990 code [0x0000024760cb4b40, 0x0000024760cb4ce8]
Event: 0.719 Thread 0x000002477c6910a0 1058       3       com.google.protobuf.Descriptors$Descriptor::getFields (11 bytes)
Event: 0.719 Thread 0x000002477cdccea0 nmethod 1057 0x0000024760cb4d90 code [0x0000024760cb5000, 0x0000024760cb5f88]
Event: 0.719 Thread 0x000002477c6910a0 nmethod 1058 0x0000024760cb6410 code [0x0000024760cb6600, 0x0000024760cb6b58]
Event: 0.719 Thread 0x000002477cdccea0 1059       3       java.lang.invoke.LambdaFormEditor$TransformKey::inRange (36 bytes)
Event: 0.720 Thread 0x000002477cdccea0 nmethod 1059 0x0000024760cb6d90 code [0x0000024760cb6f20, 0x0000024760cb7078]
Event: 0.720 Thread 0x000002477cdcc990 1060       3       java.lang.Class::getComponentType (14 bytes)
Event: 0.720 Thread 0x000002477c6910a0 1061       1       com.google.protobuf.Descriptors$FieldDescriptor::getContainingType (5 bytes)
Event: 0.720 Thread 0x000002477cdcc990 nmethod 1060 0x0000024760cb7110 code [0x0000024760cb72c0, 0x0000024760cb7488]
Event: 0.720 Thread 0x000002477c6910a0 nmethod 1061 0x0000024768693d10 code [0x0000024768693ea0, 0x0000024768693f78]
Event: 0.720 Thread 0x000002477cdccea0 1062       1       com.google.protobuf.Descriptors$FieldDescriptor::getIndex (5 bytes)
Event: 0.720 Thread 0x000002477c6910a0 1063       3       java.lang.ref.Reference::refersTo (6 bytes)
Event: 0.720 Thread 0x000002477cdccea0 nmethod 1062 0x0000024768694010 code [0x00000247686941a0, 0x0000024768694278]
Event: 0.720 Thread 0x000002477c6910a0 nmethod 1063 0x0000024760cb7510 code [0x0000024760cb76c0, 0x0000024760cb7888]

GC Heap History (2 events):
Event: 0.673 GC heap before
{Heap before GC invocations=0 (full 0):
 garbage-first heap   total 251904K, used 20480K [0x000000070a600000, 0x0000000800000000)
  region size 2048K, 11 young (22528K), 0 survivors (0K)
 Metaspace       used 13647K, committed 13824K, reserved 1114112K
  class space    used 1268K, committed 1344K, reserved 1048576K
}
Event: 0.677 GC heap after
{Heap after GC invocations=1 (full 0):
 garbage-first heap   total 251904K, used 5149K [0x000000070a600000, 0x0000000800000000)
  region size 2048K, 2 young (4096K), 2 survivors (4096K)
 Metaspace       used 13647K, committed 13824K, reserved 1114112K
  class space    used 1268K, committed 1344K, reserved 1048576K
}

Dll operation events (6 events):
Event: 0.010 Loaded shared library C:\Users\doubl\.p2\pool\plugins\org.eclipse.justj.openjdk.hotspot.jre.full.win32.x86_64_17.0.7.v20230425-1502\jre\bin\java.dll
Event: 0.137 Loaded shared library C:\Users\doubl\.p2\pool\plugins\org.eclipse.justj.openjdk.hotspot.jre.full.win32.x86_64_17.0.7.v20230425-1502\jre\bin\net.dll
Event: 0.139 Loaded shared library C:\Users\doubl\.p2\pool\plugins\org.eclipse.justj.openjdk.hotspot.jre.full.win32.x86_64_17.0.7.v20230425-1502\jre\bin\nio.dll
Event: 0.152 Loaded shared library C:\Users\doubl\.p2\pool\plugins\org.eclipse.justj.openjdk.hotspot.jre.full.win32.x86_64_17.0.7.v20230425-1502\jre\bin\zip.dll
Event: 0.242 Loaded shared library C:\Users\doubl\Desktop\Breathe\BREATHE\Java\PulseJNI.dll
Event: 0.263 Loaded shared library C:\Users\doubl\.p2\pool\plugins\org.eclipse.justj.openjdk.hotspot.jre.full.win32.x86_64_17.0.7.v20230425-1502\jre\bin\jimage.dll

Deoptimization events (20 events):
Event: 0.670 Thread 0x000002475d407290 Uncommon trap: trap_request=0xffffffde fr.pc=0x000002476868d12c relative=0x000000000000010c
Event: 0.670 Thread 0x000002475d407290 Uncommon trap: reason=class_check action=maybe_recompile pc=0x000002476868d12c method=jdk.internal.misc.Unsafe.allocateUninitializedArray(Ljava/lang/Class;I)Ljava/lang/Object; @ 51 c2
Event: 0.670 Thread 0x000002475d407290 DEOPT PACKING pc=0x000002476868d12c sp=0x000000f8eb6fe250
Event: 0.670 Thread 0x000002475d407290 DEOPT UNPACKING pc=0x0000024767f569a3 sp=0x000000f8eb6fe1d8 mode 2
Event: 0.670 Thread 0x000002475d407290 Uncommon trap: trap_request=0xffffffde fr.pc=0x000002476868d12c relative=0x000000000000010c
Event: 0.670 Thread 0x000002475d407290 Uncommon trap: reason=class_check action=maybe_recompile pc=0x000002476868d12c method=jdk.internal.misc.Unsafe.allocateUninitializedArray(Ljava/lang/Class;I)Ljava/lang/Object; @ 51 c2
Event: 0.670 Thread 0x000002475d407290 DEOPT PACKING pc=0x000002476868d12c sp=0x000000f8eb6fe250
Event: 0.670 Thread 0x000002475d407290 DEOPT UNPACKING pc=0x0000024767f569a3 sp=0x000000f8eb6fe1d8 mode 2
Event: 0.670 Thread 0x000002475d407290 Uncommon trap: trap_request=0xffffffde fr.pc=0x000002476868d12c relative=0x000000000000010c
Event: 0.670 Thread 0x000002475d407290 Uncommon trap: reason=class_check action=maybe_recompile pc=0x000002476868d12c method=jdk.internal.misc.Unsafe.allocateUninitializedArray(Ljava/lang/Class;I)Ljava/lang/Object; @ 51 c2
Event: 0.670 Thread 0x000002475d407290 DEOPT PACKING pc=0x000002476868d12c sp=0x000000f8eb6fe250
Event: 0.670 Thread 0x000002475d407290 DEOPT UNPACKING pc=0x0000024767f569a3 sp=0x000000f8eb6fe1d8 mode 2
Event: 0.688 Thread 0x000002475d407290 Uncommon trap: trap_request=0xffffffc6 fr.pc=0x000002476868ae1c relative=0x000000000000007c
Event: 0.688 Thread 0x000002475d407290 Uncommon trap: reason=bimorphic_or_optimized_type_check action=maybe_recompile pc=0x000002476868ae1c method=java.util.Collections$UnmodifiableCollection.size()I @ 4 c2
Event: 0.688 Thread 0x000002475d407290 DEOPT PACKING pc=0x000002476868ae1c sp=0x000000f8eb6ff3c0
Event: 0.688 Thread 0x000002475d407290 DEOPT UNPACKING pc=0x0000024767f569a3 sp=0x000000f8eb6ff350 mode 2
Event: 0.696 Thread 0x000002475d407290 Uncommon trap: trap_request=0xffffff45 fr.pc=0x000002476869076c relative=0x0000000000000a6c
Event: 0.696 Thread 0x000002475d407290 Uncommon trap: reason=unstable_if action=reinterpret pc=0x000002476869076c method=java.util.HashMap.putVal(ILjava/lang/Object;Ljava/lang/Object;ZZ)Ljava/lang/Object; @ 81 c2
Event: 0.696 Thread 0x000002475d407290 DEOPT PACKING pc=0x000002476869076c sp=0x000000f8eb6ff000
Event: 0.696 Thread 0x000002475d407290 DEOPT UNPACKING pc=0x0000024767f569a3 sp=0x000000f8eb6fef48 mode 2

Classes unloaded (0 events):
No events

Classes redefined (0 events):
No events

Internal exceptions (0 events):
No events

VM Operations (16 events):
Event: 0.153 Executing VM operation: HandshakeAllThreads
Event: 0.153 Executing VM operation: HandshakeAllThreads done
Event: 0.165 Executing VM operation: HandshakeAllThreads
Event: 0.165 Executing VM operation: HandshakeAllThreads done
Event: 0.332 Executing VM operation: HandshakeAllThreads
Event: 0.332 Executing VM operation: HandshakeAllThreads done
Event: 0.361 Executing VM operation: HandshakeAllThreads
Event: 0.361 Executing VM operation: HandshakeAllThreads done
Event: 0.368 Executing VM operation: HandshakeAllThreads
Event: 0.368 Executing VM operation: HandshakeAllThreads done
Event: 0.655 Executing VM operation: ICBufferFull
Event: 0.655 Executing VM operation: ICBufferFull done
Event: 0.673 Executing VM operation: G1CollectForAllocation
Event: 0.677 Executing VM operation: G1CollectForAllocation done
Event: 0.690 Executing VM operation: HandshakeAllThreads
Event: 0.690 Executing VM operation: HandshakeAllThreads done

Events (20 events):
Event: 0.708 loading class jdk/internal/reflect/ByteVectorFactory
Event: 0.708 loading class jdk/internal/reflect/ByteVectorFactory done
Event: 0.708 loading class jdk/internal/reflect/ByteVectorImpl
Event: 0.708 loading class jdk/internal/reflect/ByteVector
Event: 0.708 loading class jdk/internal/reflect/ByteVector done
Event: 0.708 loading class jdk/internal/reflect/ByteVectorImpl done
Event: 0.708 loading class jdk/internal/reflect/ClassFileAssembler
Event: 0.708 loading class jdk/internal/reflect/ClassFileAssembler done
Event: 0.708 loading class jdk/internal/reflect/UTF8
Event: 0.708 loading class jdk/internal/reflect/UTF8 done
Event: 0.709 loading class jdk/internal/reflect/Label
Event: 0.709 loading class jdk/internal/reflect/Label done
Event: 0.709 loading class jdk/internal/reflect/Label$PatchInfo
Event: 0.709 loading class jdk/internal/reflect/Label$PatchInfo done
Event: 0.709 loading class jdk/internal/reflect/MethodAccessorGenerator$1
Event: 0.709 loading class jdk/internal/reflect/MethodAccessorGenerator$1 done
Event: 0.709 loading class jdk/internal/reflect/ClassDefiner
Event: 0.709 loading class jdk/internal/reflect/ClassDefiner done
Event: 0.709 loading class jdk/internal/reflect/ClassDefiner$1
Event: 0.709 loading class jdk/internal/reflect/ClassDefiner$1 done


Dynamic libraries:
0x00007ff7524a0000 - 0x00007ff7524ae000 	C:\Users\doubl\.p2\pool\plugins\org.eclipse.justj.openjdk.hotspot.jre.full.win32.x86_64_17.0.7.v20230425-1502\jre\bin\javaw.exe
0x00007ffcfc950000 - 0x00007ffcfcb67000 	C:\windows\SYSTEM32\ntdll.dll
0x00007ffcfbd80000 - 0x00007ffcfbe44000 	C:\windows\System32\KERNEL32.DLL
0x00007ffcf9ee0000 - 0x00007ffcfa28d000 	C:\windows\System32\KERNELBASE.dll
0x00007ffcf9dc0000 - 0x00007ffcf9ed1000 	C:\windows\System32\ucrtbase.dll
0x00007ffce6a90000 - 0x00007ffce6aa7000 	C:\Users\doubl\.p2\pool\plugins\org.eclipse.justj.openjdk.hotspot.jre.full.win32.x86_64_17.0.7.v20230425-1502\jre\bin\jli.dll
0x00007ffce6a70000 - 0x00007ffce6a89000 	C:\Users\doubl\.p2\pool\plugins\org.eclipse.justj.openjdk.hotspot.jre.full.win32.x86_64_17.0.7.v20230425-1502\jre\bin\VCRUNTIME140.dll
0x00007ffcfb610000 - 0x00007ffcfb7be000 	C:\windows\System32\USER32.dll
0x00007ffcefbb0000 - 0x00007ffcefe43000 	C:\windows\WinSxS\amd64_microsoft.windows.common-controls_6595b64144ccf1df_6.0.22621.3672_none_2713b9d173822955\COMCTL32.dll
0x00007ffcfc050000 - 0x00007ffcfc0f7000 	C:\windows\System32\msvcrt.dll
0x00007ffcf9c70000 - 0x00007ffcf9c96000 	C:\windows\System32\win32u.dll
0x00007ffcfa700000 - 0x00007ffcfa729000 	C:\windows\System32\GDI32.dll
0x00007ffcf9ca0000 - 0x00007ffcf9db9000 	C:\windows\System32\gdi32full.dll
0x00007ffcfa380000 - 0x00007ffcfa41a000 	C:\windows\System32\msvcp_win.dll
0x00007ffcfbe50000 - 0x00007ffcfbe81000 	C:\windows\System32\IMM32.DLL
0x00007ffcbadc0000 - 0x00007ffcbadcc000 	C:\Users\doubl\.p2\pool\plugins\org.eclipse.justj.openjdk.hotspot.jre.full.win32.x86_64_17.0.7.v20230425-1502\jre\bin\vcruntime140_1.dll
0x00007ffc9d370000 - 0x00007ffc9d401000 	C:\Users\doubl\.p2\pool\plugins\org.eclipse.justj.openjdk.hotspot.jre.full.win32.x86_64_17.0.7.v20230425-1502\jre\bin\msvcp140.dll
0x00007ffc97b30000 - 0x00007ffc98778000 	C:\Users\doubl\.p2\pool\plugins\org.eclipse.justj.openjdk.hotspot.jre.full.win32.x86_64_17.0.7.v20230425-1502\jre\bin\server\jvm.dll
0x00007ffcfc490000 - 0x00007ffcfc542000 	C:\windows\System32\ADVAPI32.dll
0x00007ffcfb9a0000 - 0x00007ffcfba49000 	C:\windows\System32\sechost.dll
0x00007ffcfa290000 - 0x00007ffcfa2b8000 	C:\windows\System32\bcrypt.dll
0x00007ffcfc550000 - 0x00007ffcfc664000 	C:\windows\System32\RPCRT4.dll
0x00007ffce5d80000 - 0x00007ffce5d89000 	C:\windows\SYSTEM32\WSOCK32.dll
0x00007ffcf3830000 - 0x00007ffcf3864000 	C:\windows\SYSTEM32\WINMM.dll
0x00007ffceff10000 - 0x00007ffceff1a000 	C:\windows\SYSTEM32\VERSION.dll
0x00007ffcfbd00000 - 0x00007ffcfbd71000 	C:\windows\System32\WS2_32.dll
0x00007ffcf8c70000 - 0x00007ffcf8c88000 	C:\windows\SYSTEM32\kernel.appcore.dll
0x00007ffcf3a00000 - 0x00007ffcf3a0a000 	C:\Users\doubl\.p2\pool\plugins\org.eclipse.justj.openjdk.hotspot.jre.full.win32.x86_64_17.0.7.v20230425-1502\jre\bin\jimage.dll
0x00007ffcf75f0000 - 0x00007ffcf7822000 	C:\windows\SYSTEM32\DBGHELP.DLL
0x00007ffcfc100000 - 0x00007ffcfc48d000 	C:\windows\System32\combase.dll
0x00007ffcfbc10000 - 0x00007ffcfbce7000 	C:\windows\System32\OLEAUT32.dll
0x00007ffce93d0000 - 0x00007ffce9402000 	C:\windows\SYSTEM32\dbgcore.DLL
0x00007ffcfa590000 - 0x00007ffcfa60b000 	C:\windows\System32\bcryptPrimitives.dll
0x00007ffcf38a0000 - 0x00007ffcf38c5000 	C:\Users\doubl\.p2\pool\plugins\org.eclipse.justj.openjdk.hotspot.jre.full.win32.x86_64_17.0.7.v20230425-1502\jre\bin\java.dll
0x00007ffcf29e0000 - 0x00007ffcf29f8000 	C:\Users\doubl\.p2\pool\plugins\org.eclipse.justj.openjdk.hotspot.jre.full.win32.x86_64_17.0.7.v20230425-1502\jre\bin\zip.dll
0x00007ffcfad40000 - 0x00007ffcfb5a7000 	C:\windows\System32\SHELL32.dll
0x00007ffcf7b70000 - 0x00007ffcf846e000 	C:\windows\SYSTEM32\windows.storage.dll
0x00007ffcf7a30000 - 0x00007ffcf7b6f000 	C:\windows\SYSTEM32\wintypes.dll
0x00007ffcfa790000 - 0x00007ffcfa889000 	C:\windows\System32\SHCORE.dll
0x00007ffcfbff0000 - 0x00007ffcfc04e000 	C:\windows\System32\shlwapi.dll
0x00007ffcf9ba0000 - 0x00007ffcf9bc1000 	C:\windows\SYSTEM32\profapi.dll
0x00007ffce6f50000 - 0x00007ffce6f69000 	C:\Users\doubl\.p2\pool\plugins\org.eclipse.justj.openjdk.hotspot.jre.full.win32.x86_64_17.0.7.v20230425-1502\jre\bin\net.dll
0x00007ffcf5610000 - 0x00007ffcf5746000 	C:\windows\SYSTEM32\WINHTTP.dll
0x00007ffcf9160000 - 0x00007ffcf91c9000 	C:\windows\system32\mswsock.dll
0x00007ffce6f10000 - 0x00007ffce6f25000 	C:\Users\doubl\.p2\pool\plugins\org.eclipse.justj.openjdk.hotspot.jre.full.win32.x86_64_17.0.7.v20230425-1502\jre\bin\nio.dll
0x00007ffc84ec0000 - 0x00007ffc85f3b000 	C:\Users\doubl\Desktop\Breathe\BREATHE\Java\PulseJNI.dll

dbghelp: loaded successfully - version: 4.0.5 - missing functions: none
symbol engine: initialized successfully - sym options: 0x614 - pdb path: .;C:\Users\doubl\.p2\pool\plugins\org.eclipse.justj.openjdk.hotspot.jre.full.win32.x86_64_17.0.7.v20230425-1502\jre\bin;C:\windows\SYSTEM32;C:\windows\WinSxS\amd64_microsoft.windows.common-controls_6595b64144ccf1df_6.0.22621.3672_none_2713b9d173822955;C:\Users\doubl\.p2\pool\plugins\org.eclipse.justj.openjdk.hotspot.jre.full.win32.x86_64_17.0.7.v20230425-1502\jre\bin\server;C:\Users\doubl\Desktop\Breathe\BREATHE\Java

VM Arguments:
jvm_args: -Dfile.encoding=UTF-8 -XX:+ShowCodeDetailsInExceptionMessages 
java_command: Main
java_class_path (initial): C:\Users\doubl\Desktop\Breathe\BREATHE\Java\bin;C:\Users\doubl\Desktop\Uni\Respiratore\Engine\builds\install\bin\Pulse.jar;C:\Users\doubl\Desktop\Uni\Respiratore\Engine\engine-feature-ventilator_updates\src\java\jar\commons-collections4-4.4.jar;C:\Users\doubl\Desktop\Uni\Respiratore\Engine\engine-feature-ventilator_updates\src\java\jar\commons-compress-1.21.jar;C:\Users\doubl\Desktop\Uni\Respiratore\Engine\engine-feature-ventilator_updates\src\java\jar\commons-io-2.11.0.jar;C:\Users\doubl\Desktop\Uni\Respiratore\Engine\engine-feature-ventilator_updates\src\java\jar\commons-math3-3.6.1.jar;C:\Users\doubl\Desktop\Uni\Respiratore\Engine\engine-feature-ventilator_updates\src\java\jar\error_prone_annotations-2.11.0.jar;C:\Users\doubl\Desktop\Uni\Respiratore\Engine\engine-feature-ventilator_updates\src\java\jar\gson-2.10.1.jar;C:\Users\doubl\Desktop\Uni\Respiratore\Engine\engine-feature-ventilator_updates\src\java\jar\guava-31.1-jre.jar;C:\Users\doubl\Desktop\Uni\Respiratore\Engine\engine-feature-ventilator_updates\src\java\jar\j2objc-annotations-1.3.jar;C:\Users\doubl\Desktop\Uni\Respiratore\Engine\engine-feature-ventilator_updates\src\java\jar\java-ordered-properties-1.0.4.jar;C:\Users\doubl\Desktop\Uni\Respiratore\Engine\engine-feature-ventilator_updates\src\java\jar\javassist-3.28.0-GA.jar;C:\Users\doubl\Desktop\Uni\Respiratore\Engine\engine-feature-ventilator_updates\src\java\jar\jfreechart-1.5.4.jar;C:\Users\doubl\Desktop\Uni\Respiratore\Engine\engine-feature-ventilator_updates\src\java\jar\jsr305-3.0.2.jar;C:\Users\doubl\Desktop\Uni\Respiratore\Engine\engine-feature-ventilator_updates\src\java\jar\log4j-api-2.20.0.jar;C:\Users\doubl\Desktop\Uni\Respiratore\Engine\engine-feature-ventilator_updates\src\java\jar\log4j-core-2.20.0.jar;C:\Users\doubl\Desktop\Uni\Respiratore\Engine\engine-feature-ventilator_updates\src\java\jar\logback-core-1.4.6.jar;C:\Users\doubl\Desktop\Uni\Respiratore\Engine\engine-feature-ventilator_updates\src\java\jar\
Launcher Type: SUN_STANDARD

[Global flags]
     intx CICompilerCount                          = 12                                        {product} {ergonomic}
     uint ConcGCThreads                            = 3                                         {product} {ergonomic}
     uint G1ConcRefinementThreads                  = 13                                        {product} {ergonomic}
   size_t G1HeapRegionSize                         = 2097152                                   {product} {ergonomic}
    uintx GCDrainStackTargetSize                   = 64                                        {product} {ergonomic}
   size_t InitialHeapSize                          = 257949696                                 {product} {ergonomic}
   size_t MarkStackSize                            = 4194304                                   {product} {ergonomic}
   size_t MaxHeapSize                              = 4120903680                                {product} {ergonomic}
   size_t MaxNewSize                               = 2472542208                                {product} {ergonomic}
   size_t MinHeapDeltaBytes                        = 2097152                                   {product} {ergonomic}
   size_t MinHeapSize                              = 8388608                                   {product} {ergonomic}
    uintx NonNMethodCodeHeapSize                   = 7602480                                {pd product} {ergonomic}
    uintx NonProfiledCodeHeapSize                  = 122027880                              {pd product} {ergonomic}
    uintx ProfiledCodeHeapSize                     = 122027880                              {pd product} {ergonomic}
    uintx ReservedCodeCacheSize                    = 251658240                              {pd product} {ergonomic}
     bool SegmentedCodeCache                       = true                                      {product} {ergonomic}
     bool ShowCodeDetailsInExceptionMessages       = true                                   {manageable} {command line}
   size_t SoftMaxHeapSize                          = 4120903680                             {manageable} {ergonomic}
     bool UseCompressedClassPointers               = true                           {product lp64_product} {ergonomic}
     bool UseCompressedOops                        = true                           {product lp64_product} {ergonomic}
     bool UseG1GC                                  = true                                      {product} {ergonomic}
     bool UseLargePagesIndividualAllocation        = false                                  {pd product} {ergonomic}

Logging:
Log output configuration:
 #0: stdout all=warning uptime,level,tags
 #1: stderr all=off uptime,level,tags

Environment Variables:
JAVA_HOME=C:\Program Files\Amazon Corretto\jdk1.8.0_422
PATH=C:/Users/doubl/.p2/pool/plugins/org.eclipse.justj.openjdk.hotspot.jre.full.win32.x86_64_17.0.7.v20230425-1502/jre/bin/server;C:/Users/doubl/.p2/pool/plugins/org.eclipse.justj.openjdk.hotspot.jre.full.win32.x86_64_17.0.7.v20230425-1502/jre/bin;C:\Program Files (x86)\Java\jre1.8.0_421\bin;C:\Program Files\Amazon Corretto\jdk1.8.0_422\bin;C:\Program Files\Common Files\Oracle\Java\javapath;C:\Program Files (x86)\Common Files\Oracle\Java\java8path;C:\Program Files (x86)\Common Files\Oracle\Java\javapath;C:\windows\system32;C:\windows;C:\windows\System32\Wbem;C:\windows\System32\WindowsPowerShell\v1.0\;C:\windows\System32\OpenSSH\;C:\Program Files\Microsoft VS Code\bin;C:\Program Files\Git\cmd;C:\Program Files\nodejs\;C:\ProgramData\chocolatey\bin;C:\Program Files\PuTTY\;C:\Users\doubl\Desktop\Uni\IR\apache-ant-1.9.16-bin\apache-ant-1.9.16\bin;C:\Users\doubl\Desktop\Uni\IR\gradle-7.6.3-bin\gradle-7.6.3\bin;C:\MinGW\bin;C:\Program Files\TortoiseSVN\bin;C:\Program Files\Git\usr\bin;C:\Users\doubl\Desktop\Uni\IR\icu4c-74_1-Win64-MSVC2022\bin64;C:\Program Files\Amazon Corretto\jdk1.8.0_422\bin;C:\Program Files\Java\jre-1.8\bin;C:\Users\doubl\AppData\Local\Programs\Python\Python38\Scripts;C:\Program Files\dotnet\;C:\Users\doubl\AppData\Local\Programs\Python\Python38\Scripts\;C:\Users\doubl\AppData\Local\Programs\Python\Python38\;C:\Users\doubl\AppData\Local\Microsoft\WindowsApps;C:\Users\doubl\AppData\Roaming\npm;C:\Users\doubl\AppData\Local\GitHubDesktop\bin;C:\Program Files\JetBrains\PyCharm 2023.2.5\bin;;C:\Users\doubl\.dotnet\tools;C:\Users\doubl\Desktop;
USERNAME=doubl
OS=Windows_NT
PROCESSOR_IDENTIFIER=AMD64 Family 25 Model 80 Stepping 0, AuthenticAMD
TMP=C:\Users\doubl\AppData\Local\Temp
TEMP=C:\Users\doubl\AppData\Local\Temp



---------------  S Y S T E M  ---------------

OS:
 Windows 11 , 64 bit Build 22621 (10.0.22621.3958)
OS uptime: 0 days 6:46 hours
Hyper-V role detected

CPU: total 16 (initial active 16) (16 cores per cpu, 2 threads per core) family 25 model 80 stepping 0 microcode 0x0, cx8, cmov, fxsr, ht, mmx, 3dnowpref, sse, sse2, sse3, ssse3, sse4a, sse4.1, sse4.2, popcnt, lzcnt, tsc, tscinvbit, avx, avx2, aes, erms, clmul, bmi1, bmi2, adx, sha, fma, vzeroupper, clflush, clflushopt, hv

Memory: 4k page, system-wide physical 15712M (5706M free)
TotalPageFile size 16736M (AvailPageFile size 2805M)
current process WorkingSet (physical memory assigned to process): 86M, peak: 86M
current process commit charge ("private bytes"): 358M, peak: 358M

vm_info: OpenJDK 64-Bit Server VM (17.0.7+7) for windows-amd64 JRE (17.0.7+7), built on Apr 18 2023 22:10:42 by "temurin" with MS VC++ 16.7 (VS2019)

END.
