#
# A fatal error has been detected by the Java Runtime Environment:
#
#  EXCEPTION_ACCESS_VIOLATION (0xc0000005) at pc=0x00007ffd5f5ba3ea, pid=8668, tid=19940
#
# JRE version: OpenJDK Runtime Environment Temurin-17.0.4+8 (17.0.4+8) (build 17.0.4+8)
# Java VM: OpenJDK 64-Bit Server VM Temurin-17.0.4+8 (17.0.4+8, mixed mode, tiered, compressed oops, compressed class ptrs, g1 gc, windows-amd64)
# Problematic frame:
# C  [PulseJNI.dll+0x63a3ea]
#
# No core dump will be written. Minidumps are not enabled by default on client versions of Windows
#
# If you would like to submit a bug report, please visit:
#   https://github.com/adoptium/adoptium-support/issues
# The crash happened outside the Java Virtual Machine in native code.
# See problematic frame for where to report the bug.
#

---------------  S U M M A R Y ------------

Command Line: -Dfile.encoding=UTF-8 -XX:+ShowCodeDetailsInExceptionMessages main.Main

Host: AMD Ryzen 5 3600 6-Core Processor              , 12 cores, 15G,  Windows 11 , 64 bit Build 22621 (10.0.22621.3958)
Time: Mon Aug 26 15:09:42 2024 ora legale Europa occidentale elapsed time: 4.397926 seconds (0d 0h 0m 4s)

---------------  T H R E A D  ---------------

Current thread (0x000001f9266dbcd0):  JavaThread "SwingWorker-pool-2-thread-1" daemon [_thread_in_native, id=19940, stack(0x000000df04910000,0x000000df04a10000)]

Stack: [0x000000df04910000,0x000000df04a10000],  sp=0x000000df04a0da30,  free space=1014k
Native frames: (J=compiled Java code, j=interpreted, Vv=VM code, C=native code)
C  [PulseJNI.dll+0x63a3ea]

Java frames: (J=compiled Java code, j=interpreted, Vv=VM code)
j  com.kitware.pulse.engine.PulseEngine.nativeProcessActions(JLjava/lang/String;I)Z+0
j  com.kitware.pulse.engine.PulseEngine.processActions(Ljava/util/List;)Z+95
j  com.kitware.pulse.engine.PulseEngine.processAction(Lcom/kitware/pulse/cdm/actions/SEAction;)Z+18
j  app.SimulationWorker.doInBackground()Ljava/lang/Void;+209
j  app.SimulationWorker.doInBackground()Ljava/lang/Object;+1
j  javax.swing.SwingWorker$1.call()Ljava/lang/Object;+14 java.desktop@17.0.4
j  java.util.concurrent.FutureTask.run()V+39 java.base@17.0.4
j  javax.swing.SwingWorker.run()V+4 java.desktop@17.0.4
j  java.util.concurrent.ThreadPoolExecutor.runWorker(Ljava/util/concurrent/ThreadPoolExecutor$Worker;)V+92 java.base@17.0.4
j  java.util.concurrent.ThreadPoolExecutor$Worker.run()V+5 java.base@17.0.4
j  java.lang.Thread.run()V+11 java.base@17.0.4
v  ~StubRoutines::call_stub

siginfo: EXCEPTION_ACCESS_VIOLATION (0xc0000005), reading address 0x0000000000000000


Register to memory mapping:

RIP=0x00007ffd5f5ba3ea PulseJNI.dll
RAX=0x0 is NULL
RBX={method} {0x000001f93033cab8} 'nativeProcessActions' '(JLjava/lang/String;I)Z' in 'com/kitware/pulse/engine/PulseEngine'
RCX=0x000001f92f39d480 points into unknown readable memory: 0x00007ffd5f973630 | 30 36 97 5f fd 7f 00 00
RDX=0x0 is NULL
RSP=0x000000df04a0da30 is pointing into the stack for thread: 0x000001f9266dbcd0
RBP=0x000000df04a0ecc0 is pointing into the stack for thread: 0x000001f9266dbcd0
RSI=3765305278 is a compressed pointer to object: [B 
{0x00000007036ffdf0} - klass: {type array byte}
 - length: 26
RDI=0x0000000000000022 is an unknown value
R8 =0x000000000000000f is an unknown value
R9 =0x000000df04a0d8d8 is pointing into the stack for thread: 0x000001f9266dbcd0
R10=0x0000000000000020 is an unknown value
R11=0x610000001c015a38 is an unknown value
R12=0x0 is NULL
R13={method} {0x000001f93033cab8} 'nativeProcessActions' '(JLjava/lang/String;I)Z' in 'com/kitware/pulse/engine/PulseEngine'
R14=0x000000df04a0ed00 is pointing into the stack for thread: 0x000001f9266dbcd0
R15=0x000001f9266dbcd0 is a thread


Registers:
RAX=0x0000000000000000, RBX=0x000001f93033cab0, RCX=0x000001f92f39d480, RDX=0x0000000000000000
RSP=0x000000df04a0da30, RBP=0x000000df04a0ecc0, RSI=0x00000000e06dffbe, RDI=0x0000000000000022
R8 =0x000000000000000f, R9 =0x000000df04a0d8d8, R10=0x0000000000000020, R11=0x610000001c015a38
R12=0x0000000000000000, R13=0x000001f93033cab0, R14=0x000000df04a0ed00, R15=0x000001f9266dbcd0
RIP=0x00007ffd5f5ba3ea, EFLAGS=0x0000000000010206

Top of Stack: (sp=0x000000df04a0da30)
0x000000df04a0da30:   000001f92f39d478 00007ffd5fcb0968
0x000000df04a0da40:   00000000e06dffbe 00007ffde6fee58e
0x000000df04a0da50:   000000df00000000 0000000000000000
0x000000df04a0da60:   000000df04a0db10 000001f9113020ae
0x000000df04a0da70:   00007ffdd3f82384 00007ffdd3f60000
0x000000df04a0da80:   0000000000000000 0000000000000000
0x000000df04a0da90:   0000000000000006 000000df04a0db10
0x000000df04a0daa0:   0000000000000000 00007ffde6fee421
0x000000df04a0dab0:   0000000000000000 000000df04a0e040
0x000000df04a0dac0:   000000df04a0db40 00007ffdd3f82384
0x000000df04a0dad0:   000000df04a0dbb0 000000df04a0dcb0
0x000000df04a0dae0:   000000df04a0e690 0000000000000000
0x000000df04a0daf0:   000000df04a0e690 00007ffd5f88429f
0x000000df04a0db00:   0000000000000000 0000000000000037
0x000000df04a0db10:   0000000000000000 000000df04a0db60
0x000000df04a0db20:   000000df00000000 00007ffd5837fb41 

Instructions: (pc=0x00007ffd5f5ba3ea)
0x00007ffd5f5ba2ea:   48 89 84 24 98 00 00 00 48 8b 84 24 98 00 00 00
0x00007ffd5f5ba2fa:   48 83 c0 08 4c 8b c0 48 8b 84 24 98 00 00 00 f2
0x00007ffd5f5ba30a:   0f 10 08 48 8d 8c 24 e0 0f 00 00 e8 86 88 b1 ff
0x00007ffd5f5ba31a:   48 89 84 24 90 01 00 00 48 8b 84 24 90 01 00 00
0x00007ffd5f5ba32a:   48 89 84 24 98 01 00 00 48 8b 84 24 98 01 00 00
0x00007ffd5f5ba33a:   48 89 84 24 b0 01 00 00 48 8b 84 24 20 10 00 00
0x00007ffd5f5ba34a:   48 05 b8 02 00 00 48 89 84 24 a8 01 00 00 48 8b
0x00007ffd5f5ba35a:   94 24 a0 01 00 00 48 8b 8c 24 a8 01 00 00 e8 03
0x00007ffd5f5ba36a:   42 e4 ff 48 8b 94 24 b0 01 00 00 48 8b c8 e8 c3
0x00007ffd5f5ba37a:   58 d5 ff 90 48 8d 8c 24 e0 0f 00 00 e8 c5 64 b0
0x00007ffd5f5ba38a:   ff 90 e9 00 ff ff ff b0 01 e9 66 27 00 00 48 8b
0x00007ffd5f5ba39a:   84 24 20 10 00 00 48 8b 00 48 8b 8c 24 20 10 00
0x00007ffd5f5ba3aa:   00 ff 90 e0 02 00 00 0f b6 c0 85 c0 75 07 32 c0
0x00007ffd5f5ba3ba:   e9 3f 27 00 00 48 8b 84 24 20 10 00 00 48 83 c0
0x00007ffd5f5ba3ca:   28 48 8d 15 96 65 6f 00 48 8b c8 e8 a6 29 9d ff
0x00007ffd5f5ba3da:   48 89 84 24 d8 01 00 00 48 8b 84 24 28 10 00 00
0x00007ffd5f5ba3ea:   48 8b 00 48 8b 80 00 01 00 00 48 89 84 24 b8 01
0x00007ffd5f5ba3fa:   00 00 48 8d 94 24 20 0e 00 00 48 8b 8c 24 28 10
0x00007ffd5f5ba40a:   00 00 ff 94 24 b8 01 00 00 48 89 84 24 c0 01 00
0x00007ffd5f5ba41a:   00 48 8b 84 24 c0 01 00 00 48 89 84 24 c8 01 00
0x00007ffd5f5ba42a:   00 48 8b 84 24 c8 01 00 00 48 89 84 24 d0 01 00
0x00007ffd5f5ba43a:   00 48 8b 94 24 d0 01 00 00 48 8b 8c 24 d8 01 00
0x00007ffd5f5ba44a:   00 e8 10 c7 9d ff 90 48 8d 8c 24 20 0e 00 00 e8
0x00007ffd5f5ba45a:   42 63 9d ff 90 48 8b 84 24 20 10 00 00 48 8b 00
0x00007ffd5f5ba46a:   48 8b 40 40 48 89 84 24 e0 01 00 00 48 8b 84 24
0x00007ffd5f5ba47a:   20 10 00 00 48 83 c0 18 48 8b d0 48 8b 8c 24 20
0x00007ffd5f5ba48a:   10 00 00 ff 94 24 e0 01 00 00 c7 44 24 20 00 00
0x00007ffd5f5ba49a:   00 00 4c 8d 0d 7d aa 96 00 4c 8d 05 be df 96 00
0x00007ffd5f5ba4aa:   33 d2 48 8b 8c 24 28 10 00 00 e8 17 37 2f 00 48
0x00007ffd5f5ba4ba:   89 84 24 80 00 00 00 48 83 bc 24 80 00 00 00 00
0x00007ffd5f5ba4ca:   74 77 48 8b 84 24 20 10 00 00 48 8b 00 48 8b 80
0x00007ffd5f5ba4da:   08 03 00 00 48 89 84 24 f8 01 00 00 48 8b 84 24 


Stack slot to memory mapping:
stack at sp + 0 slots: 0x000001f92f39d478 points into unknown readable memory: 0x00007ffd5f9736c0 | c0 36 97 5f fd 7f 00 00
stack at sp + 1 slots: 0x00007ffd5fcb0968 PulseJNI.dll
stack at sp + 2 slots: 3765305278 is a compressed pointer to object: [B 
{0x00000007036ffdf0} - klass: {type array byte}
 - length: 26
stack at sp + 3 slots: 0x00007ffde6fee58e ntdll.dll
stack at sp + 4 slots: 0x000000df00000000 is an unknown value
stack at sp + 5 slots: 0x0 is NULL
stack at sp + 6 slots: 0x000000df04a0db10 is pointing into the stack for thread: 0x000001f9266dbcd0
stack at sp + 7 slots: 0x000001f9113020ae is at entry_point+270 in (nmethod*)0x000001f911301e10


---------------  P R O C E S S  ---------------

Threads class SMR info:
_java_thread_list=0x000001f92636d200, length=20, elements={
0x000001f925c9f020, 0x000001f925ca0630, 0x000001f925cc74c0, 0x000001f925cc8070,
0x000001f925cd5270, 0x000001f925cd63c0, 0x000001f925cd78f0, 0x000001f925ce0510,
0x000001f925ce32c0, 0x000001f925e4daf0, 0x000001f925e6a020, 0x000001f926268fc0,
0x000001f9262696a0, 0x000001f926388070, 0x000001f9263bbe50, 0x000001f906156b70,
0x000001f9266de820, 0x000001f9266decf0, 0x000001f9266df1c0, 0x000001f9266dbcd0
}

Java Threads: ( => current thread )
  0x000001f925c9f020 JavaThread "Reference Handler" daemon [_thread_blocked, id=20372, stack(0x000000df01700000,0x000000df01800000)]
  0x000001f925ca0630 JavaThread "Finalizer" daemon [_thread_blocked, id=21708, stack(0x000000df01800000,0x000000df01900000)]
  0x000001f925cc74c0 JavaThread "Signal Dispatcher" daemon [_thread_blocked, id=12644, stack(0x000000df01900000,0x000000df01a00000)]
  0x000001f925cc8070 JavaThread "Attach Listener" daemon [_thread_blocked, id=21500, stack(0x000000df01a00000,0x000000df01b00000)]
  0x000001f925cd5270 JavaThread "Service Thread" daemon [_thread_blocked, id=15396, stack(0x000000df01b00000,0x000000df01c00000)]
  0x000001f925cd63c0 JavaThread "Monitor Deflation Thread" daemon [_thread_blocked, id=22084, stack(0x000000df01c00000,0x000000df01d00000)]
  0x000001f925cd78f0 JavaThread "C2 CompilerThread0" daemon [_thread_blocked, id=15120, stack(0x000000df01d00000,0x000000df01e00000)]
  0x000001f925ce0510 JavaThread "C1 CompilerThread0" daemon [_thread_blocked, id=11532, stack(0x000000df01e00000,0x000000df01f00000)]
  0x000001f925ce32c0 JavaThread "Sweeper thread" daemon [_thread_blocked, id=7712, stack(0x000000df01f00000,0x000000df02000000)]
  0x000001f925e4daf0 JavaThread "Notification Thread" daemon [_thread_blocked, id=13352, stack(0x000000df02000000,0x000000df02100000)]
  0x000001f925e6a020 JavaThread "Common-Cleaner" daemon [_thread_blocked, id=7040, stack(0x000000df02200000,0x000000df02300000)]
  0x000001f926268fc0 JavaThread "Java2D Disposer" daemon [_thread_blocked, id=12264, stack(0x000000df02400000,0x000000df02500000)]
  0x000001f9262696a0 JavaThread "AWT-Shutdown" [_thread_blocked, id=16116, stack(0x000000df02500000,0x000000df02600000)]
  0x000001f926388070 JavaThread "AWT-Windows" daemon [_thread_in_native, id=18372, stack(0x000000df02600000,0x000000df02700000)]
  0x000001f9263bbe50 JavaThread "AWT-EventQueue-0" [_thread_blocked, id=14792, stack(0x000000df02700000,0x000000df02800000)]
  0x000001f906156b70 JavaThread "DestroyJavaVM" [_thread_blocked, id=13920, stack(0x000000df01000000,0x000000df01100000)]
  0x000001f9266de820 JavaThread "TimerQueue" daemon [_thread_blocked, id=3200, stack(0x000000df02a00000,0x000000df02b00000)]
  0x000001f9266decf0 JavaThread "D3D Screen Updater" daemon [_thread_blocked, id=21944, stack(0x000000df02e00000,0x000000df02f00000)]
  0x000001f9266df1c0 JavaThread "Swing-Shell" daemon [_thread_blocked, id=13292, stack(0x000000df02f00000,0x000000df03000000)]
=>0x000001f9266dbcd0 JavaThread "SwingWorker-pool-2-thread-1" daemon [_thread_in_native, id=19940, stack(0x000000df04910000,0x000000df04a10000)]

Other Threads:
  0x000001f92519ec40 VMThread "VM Thread" [stack: 0x000000df01600000,0x000000df01700000] [id=14544]
  0x000001f9061e1ba0 WatcherThread [stack: 0x000000df02100000,0x000000df02200000] [id=16252]
  0x000001f9061c3d60 GCTaskThread "GC Thread#0" [stack: 0x000000df01100000,0x000000df01200000] [id=6412]
  0x000001f930544990 GCTaskThread "GC Thread#1" [stack: 0x000000df03400000,0x000000df03500000] [id=13536]
  0x000001f930544c40 GCTaskThread "GC Thread#2" [stack: 0x000000df03500000,0x000000df03600000] [id=7476]
  0x000001f930d789d0 GCTaskThread "GC Thread#3" [stack: 0x000000df03600000,0x000000df03700000] [id=17284]
  0x000001f9265cd4f0 GCTaskThread "GC Thread#4" [stack: 0x000000df03700000,0x000000df03800000] [id=5348]
  0x000001f930d78c80 GCTaskThread "GC Thread#5" [stack: 0x000000df03800000,0x000000df03900000] [id=10176]
  0x000001f92f3c58e0 GCTaskThread "GC Thread#6" [stack: 0x000000df03900000,0x000000df03a00000] [id=20868]
  0x000001f92f3c4e20 GCTaskThread "GC Thread#7" [stack: 0x000000df03a00000,0x000000df03b00000] [id=3976]
  0x000001f92f3c63a0 GCTaskThread "GC Thread#8" [stack: 0x000000df03b00000,0x000000df03c00000] [id=21700]
  0x000001f92f3c5b90 GCTaskThread "GC Thread#9" [stack: 0x000000df03c00000,0x000000df03d00000] [id=18404]
  0x000001f9061d5380 ConcurrentGCThread "G1 Main Marker" [stack: 0x000000df01200000,0x000000df01300000] [id=5484]
  0x000001f9061d5d90 ConcurrentGCThread "G1 Conc#0" [stack: 0x000000df01300000,0x000000df01400000] [id=22028]
  0x000001f92f3c5e40 ConcurrentGCThread "G1 Conc#1" [stack: 0x000000df03d00000,0x000000df03e00000] [id=9624]
  0x000001f92f3c60f0 ConcurrentGCThread "G1 Conc#2" [stack: 0x000000df03f00000,0x000000df04000000] [id=22244]
  0x000001f90621e730 ConcurrentGCThread "G1 Refine#0" [stack: 0x000000df01400000,0x000000df01500000] [id=15496]
  0x000001f930508150 ConcurrentGCThread "G1 Refine#1" [stack: 0x000000df03e00000,0x000000df03f00000] [id=11320]
  0x000001f92f3fdb20 ConcurrentGCThread "G1 Refine#2" [stack: 0x000000df04000000,0x000000df04100000] [id=18376]
  0x000001f930928cc0 ConcurrentGCThread "G1 Refine#3" [stack: 0x000000df04100000,0x000000df04200000] [id=9548]
  0x000001f930507560 ConcurrentGCThread "G1 Refine#4" [stack: 0x000000df04200000,0x000000df04300000] [id=3312]
  0x000001f930bdc720 ConcurrentGCThread "G1 Refine#5" [stack: 0x000000df04410000,0x000000df04510000] [id=1620]
  0x000001f9307f8c00 ConcurrentGCThread "G1 Refine#6" [stack: 0x000000df04510000,0x000000df04610000] [id=20276]
  0x000001f93053f960 ConcurrentGCThread "G1 Refine#7" [stack: 0x000000df04610000,0x000000df04710000] [id=2692]
  0x000001f930b50e00 ConcurrentGCThread "G1 Refine#8" [stack: 0x000000df04710000,0x000000df04810000] [id=16276]
  0x000001f930b50280 ConcurrentGCThread "G1 Refine#9" [stack: 0x000000df04810000,0x000000df04910000] [id=18144]
  0x000001f925038d90 ConcurrentGCThread "G1 Service" [stack: 0x000000df01500000,0x000000df01600000] [id=16164]

Threads with active compile tasks:

VM state: not at safepoint (normal execution)

VM Mutex/Monitor currently owned by a thread: None

Heap address: 0x0000000700c00000, size: 4084 MB, Compressed Oops mode: Zero based, Oop shift amount: 3

CDS archive(s) not mapped
Compressed class space mapped at: 0x0000000800000000-0x0000000840000000, reserved size: 1073741824
Narrow klass base: 0x0000000800000000, Narrow klass shift: 0, Narrow klass range: 0x40000000

GC Precious Log:
 CPUs: 12 total, 12 available
 Memory: 16334M
 Large Page Support: Disabled
 NUMA Support: Disabled
 Compressed Oops: Enabled (Zero based)
 Heap Region Size: 2M
 Heap Min Capacity: 8M
 Heap Initial Capacity: 256M
 Heap Max Capacity: 4084M
 Pre-touch: Disabled
 Parallel Workers: 10
 Concurrent Workers: 3
 Concurrent Refinement Workers: 10
 Periodic GC: Disabled

Heap:
 garbage-first heap   total 55296K, used 22733K [0x0000000700c00000, 0x0000000800000000)
  region size 2048K, 7 young (14336K), 1 survivors (2048K)
 Metaspace       used 33341K, committed 33536K, reserved 1081344K
  class space    used 3410K, committed 3520K, reserved 1048576K

Heap Regions: E=young(eden), S=young(survivor), O=old, HS=humongous(starts), HC=humongous(continues), CS=collection set, F=free, OA=open archive, CA=closed archive, TAMS=top-at-mark-start (previous, next)
|   0|0x0000000700c00000, 0x0000000700e00000, 0x0000000700e00000|100%| O|  |TAMS 0x0000000700e00000, 0x0000000700c00000| Untracked 
|   1|0x0000000700e00000, 0x0000000700e00000, 0x0000000701000000|  0%| F|  |TAMS 0x0000000700e00000, 0x0000000700e00000| Untracked 
|   2|0x0000000701000000, 0x0000000701200000, 0x0000000701200000|100%| O|  |TAMS 0x0000000701200000, 0x0000000701000000| Untracked 
|   3|0x0000000701200000, 0x0000000701400000, 0x0000000701400000|100%| O|  |TAMS 0x0000000701400000, 0x0000000701200000| Untracked 
|   4|0x0000000701400000, 0x0000000701600000, 0x0000000701600000|100%| O|  |TAMS 0x0000000701600000, 0x0000000701400000| Untracked 
|   5|0x0000000701600000, 0x0000000701600000, 0x0000000701800000|  0%| F|  |TAMS 0x0000000701600000, 0x0000000701600000| Untracked 
|   6|0x0000000701800000, 0x0000000701800000, 0x0000000701a00000|  0%| F|  |TAMS 0x0000000701800000, 0x0000000701800000| Untracked 
|   7|0x0000000701a00000, 0x0000000701c00000, 0x0000000701c00000|100%| O|  |TAMS 0x0000000701c00000, 0x0000000701a00000| Complete 
|   8|0x0000000701c00000, 0x0000000701d77000, 0x0000000701e00000| 73%| O|  |TAMS 0x0000000701d77000, 0x0000000701c00000| Untracked 
|   9|0x0000000701e00000, 0x0000000701e00000, 0x0000000702000000|  0%| F|  |TAMS 0x0000000701e00000, 0x0000000701e00000| Untracked 
|  10|0x0000000702000000, 0x0000000702000000, 0x0000000702200000|  0%| F|  |TAMS 0x0000000702000000, 0x0000000702000000| Untracked 
|  11|0x0000000702200000, 0x0000000702200000, 0x0000000702400000|  0%| F|  |TAMS 0x0000000702200000, 0x0000000702200000| Untracked 
|  12|0x0000000702400000, 0x0000000702400000, 0x0000000702600000|  0%| F|  |TAMS 0x0000000702400000, 0x0000000702400000| Untracked 
|  13|0x0000000702600000, 0x0000000702600000, 0x0000000702800000|  0%| F|  |TAMS 0x0000000702600000, 0x0000000702600000| Untracked 
|  14|0x0000000702800000, 0x00000007028bc430, 0x0000000702a00000| 36%| S|CS|TAMS 0x0000000702800000, 0x0000000702800000| Complete 
|  15|0x0000000702a00000, 0x0000000702a00000, 0x0000000702c00000|  0%| F|  |TAMS 0x0000000702a00000, 0x0000000702a00000| Untracked 
|  16|0x0000000702c00000, 0x0000000702c00000, 0x0000000702e00000|  0%| F|  |TAMS 0x0000000702c00000, 0x0000000702c00000| Untracked 
|  17|0x0000000702e00000, 0x0000000702e00000, 0x0000000703000000|  0%| F|  |TAMS 0x0000000702e00000, 0x0000000702e00000| Untracked 
|  18|0x0000000703000000, 0x0000000703000000, 0x0000000703200000|  0%| F|  |TAMS 0x0000000703000000, 0x0000000703000000| Untracked 
|  19|0x0000000703200000, 0x0000000703200000, 0x0000000703400000|  0%| F|  |TAMS 0x0000000703200000, 0x0000000703200000| Untracked 
|  20|0x0000000703400000, 0x0000000703400000, 0x0000000703600000|  0%| F|  |TAMS 0x0000000703400000, 0x0000000703400000| Untracked 
|  21|0x0000000703600000, 0x00000007037dd400, 0x0000000703800000| 93%| E|  |TAMS 0x0000000703600000, 0x0000000703600000| Complete 
|  22|0x0000000703800000, 0x0000000703a00000, 0x0000000703a00000|100%| E|CS|TAMS 0x0000000703800000, 0x0000000703800000| Complete 
|  23|0x0000000703a00000, 0x0000000703c00000, 0x0000000703c00000|100%| E|CS|TAMS 0x0000000703a00000, 0x0000000703a00000| Complete 
|  24|0x0000000703c00000, 0x0000000703e00000, 0x0000000703e00000|100%| E|CS|TAMS 0x0000000703c00000, 0x0000000703c00000| Complete 
|  25|0x0000000703e00000, 0x0000000704000000, 0x0000000704000000|100%| E|CS|TAMS 0x0000000703e00000, 0x0000000703e00000| Complete 
| 127|0x0000000710a00000, 0x0000000710c00000, 0x0000000710c00000|100%| E|CS|TAMS 0x0000000710a00000, 0x0000000710a00000| Complete 

Card table byte_map: [0x000001f919560000,0x000001f919d60000] _byte_map_base: 0x000001f915d5a000

Marking Bits (Prev, Next): (CMBitMap*) 0x000001f9061c43b0, (CMBitMap*) 0x000001f9061c4370
 Prev Bits: [0x000001f91e530000, 0x000001f922500000)
 Next Bits: [0x000001f91a560000, 0x000001f91e530000)

Polling page: 0x000001f904080000

Metaspace:

Usage:
  Non-class:     29.23 MB used.
      Class:      3.33 MB used.
       Both:     32.56 MB used.

Virtual space:
  Non-class space:       32.00 MB reserved,      29.31 MB ( 92%) committed,  4 nodes.
      Class space:        1.00 GB reserved,       3.44 MB ( <1%) committed,  1 nodes.
             Both:        1.03 GB reserved,      32.75 MB (  3%) committed. 

Chunk freelists:
   Non-Class:  1.84 MB
       Class:  416.00 KB
        Both:  2.25 MB

MaxMetaspaceSize: unlimited
CompressedClassSpaceSize: 1.00 GB
Initial GC threshold: 21.00 MB
Current GC threshold: 49.38 MB
CDS: off
MetaspaceReclaimPolicy: balanced
 - commit_granule_bytes: 65536.
 - commit_granule_words: 8192.
 - virtual_space_node_default_size: 1048576.
 - enlarge_chunks_in_place: 1.
 - new_chunks_are_fully_committed: 0.
 - uncommit_free_chunks: 1.
 - use_allocation_guard: 0.
 - handle_deallocations: 1.


Internal statistics:

num_allocs_failed_limit: 3.
num_arena_births: 150.
num_arena_deaths: 0.
num_vsnodes_births: 5.
num_vsnodes_deaths: 0.
num_space_committed: 524.
num_space_uncommitted: 0.
num_chunks_returned_to_freelist: 3.
num_chunks_taken_from_freelist: 606.
num_chunk_merges: 0.
num_chunk_splits: 458.
num_chunks_enlarged: 392.
num_purges: 0.
num_inconsistent_stats: 0.

CodeHeap 'non-profiled nmethods': size=120000Kb used=1486Kb max_used=1486Kb free=118513Kb
 bounds [0x000001f9112e0000, 0x000001f911550000, 0x000001f918810000]
CodeHeap 'profiled nmethods': size=120000Kb used=6680Kb max_used=6680Kb free=113319Kb
 bounds [0x000001f909db0000, 0x000001f90a440000, 0x000001f9112e0000]
CodeHeap 'non-nmethods': size=5760Kb used=1381Kb max_used=1409Kb free=4378Kb
 bounds [0x000001f909810000, 0x000001f909a80000, 0x000001f909db0000]
 total_blobs=4048 nmethods=3309 adapters=650
 compilation: enabled
              stopped_count=0, restarted_count=0
 full_count=0

Compilation events (20 events):
Event: 4.355 Thread 0x000001f925ce0510 nmethod 3300 0x000001f90a432b90 code [0x000001f90a432d20, 0x000001f90a432ef8]
Event: 4.355 Thread 0x000001f925ce0510 3301       3       java.lang.invoke.InvokerBytecodeGenerator::emitStaticInvoke (258 bytes)
Event: 4.356 Thread 0x000001f925ce0510 nmethod 3301 0x000001f90a432f90 code [0x000001f90a4332a0, 0x000001f90a434268]
Event: 4.356 Thread 0x000001f925ce0510 3303       3       java.lang.invoke.InvokerBytecodeGenerator::refKindOpcode (112 bytes)
Event: 4.356 Thread 0x000001f925cd78f0 nmethod 3290 0x000001f91144fd10 code [0x000001f91144fea0, 0x000001f9114501d8]
Event: 4.356 Thread 0x000001f925cd78f0 3295       4       java.lang.invoke.MemberName::getReferenceKind (12 bytes)
Event: 4.356 Thread 0x000001f925ce0510 nmethod 3303 0x000001f90a434890 code [0x000001f90a434b00, 0x000001f90a4353b8]
Event: 4.356 Thread 0x000001f925ce0510 3305       3       java.lang.reflect.AccessibleObject::slowVerifyAccess (67 bytes)
Event: 4.356 Thread 0x000001f925cd78f0 nmethod 3295 0x000001f911450390 code [0x000001f911450500, 0x000001f911450578]
Event: 4.357 Thread 0x000001f925ce0510 nmethod 3305 0x000001f90a435610 code [0x000001f90a435820, 0x000001f90a435fa8]
Event: 4.357 Thread 0x000001f925ce0510 3306       1       java.lang.reflect.Method::getRoot (5 bytes)
Event: 4.357 Thread 0x000001f925ce0510 nmethod 3306 0x000001f911450690 code [0x000001f911450820, 0x000001f9114508f8]
Event: 4.360 Thread 0x000001f925cd78f0 3307       4       java.lang.PublicMethods$MethodList::filter (104 bytes)
Event: 4.364 Thread 0x000001f925cd78f0 nmethod 3307 0x000001f911450990 code [0x000001f911450b20, 0x000001f911451038]
Event: 4.365 Thread 0x000001f925cd78f0 3308   !   4       java.util.WeakHashMap::expungeStaleEntries (139 bytes)
Event: 4.375 Thread 0x000001f925cd78f0 nmethod 3308 0x000001f911451410 code [0x000001f9114515e0, 0x000001f911452658]
Event: 4.376 Thread 0x000001f925cd78f0 3309       4       java.lang.PublicMethods$MethodList::filter (104 bytes)
Event: 4.381 Thread 0x000001f925cd78f0 nmethod 3309 0x000001f911452a10 code [0x000001f911452ba0, 0x000001f911453118]
Event: 4.381 Thread 0x000001f925cd78f0 3310       4       java.lang.ClassLoader::checkName (37 bytes)
Event: 4.382 Thread 0x000001f925cd78f0 nmethod 3310 0x000001f911453590 code [0x000001f911453720, 0x000001f9114538d8]

GC Heap History (16 events):
Event: 2.030 GC heap before
{Heap before GC invocations=0 (full 0):
 garbage-first heap   total 262144K, used 20480K [0x0000000700c00000, 0x0000000800000000)
  region size 2048K, 11 young (22528K), 0 survivors (0K)
 Metaspace       used 21290K, committed 21504K, reserved 1073152K
  class space    used 2194K, committed 2304K, reserved 1048576K
}
Event: 2.035 GC heap after
{Heap after GC invocations=1 (full 0):
 garbage-first heap   total 262144K, used 7526K [0x0000000700c00000, 0x0000000800000000)
  region size 2048K, 2 young (4096K), 2 survivors (4096K)
 Metaspace       used 21290K, committed 21504K, reserved 1073152K
  class space    used 2194K, committed 2304K, reserved 1048576K
}
Event: 3.490 GC heap before
{Heap before GC invocations=2 (full 0):
 garbage-first heap   total 34816K, used 11622K [0x0000000700c00000, 0x0000000800000000)
  region size 2048K, 4 young (8192K), 2 survivors (4096K)
 Metaspace       used 21996K, committed 22208K, reserved 1073152K
  class space    used 2240K, committed 2304K, reserved 1048576K
}
Event: 3.493 GC heap after
{Heap after GC invocations=3 (full 0):
 garbage-first heap   total 34816K, used 7785K [0x0000000700c00000, 0x0000000800000000)
  region size 2048K, 1 young (2048K), 1 survivors (2048K)
 Metaspace       used 21996K, committed 22208K, reserved 1073152K
  class space    used 2240K, committed 2304K, reserved 1048576K
}
Event: 3.515 GC heap before
{Heap before GC invocations=3 (full 0):
 garbage-first heap   total 34816K, used 9833K [0x0000000700c00000, 0x0000000800000000)
  region size 2048K, 2 young (4096K), 1 survivors (2048K)
 Metaspace       used 22675K, committed 22912K, reserved 1073152K
  class space    used 2302K, committed 2432K, reserved 1048576K
}
Event: 3.516 GC heap after
{Heap after GC invocations=4 (full 0):
 garbage-first heap   total 34816K, used 7918K [0x0000000700c00000, 0x0000000800000000)
  region size 2048K, 1 young (2048K), 1 survivors (2048K)
 Metaspace       used 22675K, committed 22912K, reserved 1073152K
  class space    used 2302K, committed 2432K, reserved 1048576K
}
Event: 3.628 GC heap before
{Heap before GC invocations=4 (full 0):
 garbage-first heap   total 34816K, used 16110K [0x0000000700c00000, 0x0000000800000000)
  region size 2048K, 6 young (12288K), 1 survivors (2048K)
 Metaspace       used 25491K, committed 25664K, reserved 1073152K
  class space    used 2601K, committed 2688K, reserved 1048576K
}
Event: 3.629 GC heap after
{Heap after GC invocations=5 (full 0):
 garbage-first heap   total 34816K, used 8519K [0x0000000700c00000, 0x0000000800000000)
  region size 2048K, 1 young (2048K), 1 survivors (2048K)
 Metaspace       used 25491K, committed 25664K, reserved 1073152K
  class space    used 2601K, committed 2688K, reserved 1048576K
}
Event: 3.685 GC heap before
{Heap before GC invocations=5 (full 0):
 garbage-first heap   total 34816K, used 20807K [0x0000000700c00000, 0x0000000800000000)
  region size 2048K, 7 young (14336K), 1 survivors (2048K)
 Metaspace       used 25583K, committed 25728K, reserved 1073152K
  class space    used 2601K, committed 2688K, reserved 1048576K
}
Event: 3.690 GC heap after
{Heap after GC invocations=6 (full 0):
 garbage-first heap   total 34816K, used 18196K [0x0000000700c00000, 0x0000000800000000)
  region size 2048K, 1 young (2048K), 1 survivors (2048K)
 Metaspace       used 25583K, committed 25728K, reserved 1073152K
  class space    used 2601K, committed 2688K, reserved 1048576K
}
Event: 3.815 GC heap before
{Heap before GC invocations=6 (full 0):
 garbage-first heap   total 34816K, used 20244K [0x0000000700c00000, 0x0000000800000000)
  region size 2048K, 3 young (6144K), 1 survivors (2048K)
 Metaspace       used 26437K, committed 26688K, reserved 1073152K
  class space    used 2686K, committed 2816K, reserved 1048576K
}
Event: 3.817 GC heap after
{Heap after GC invocations=7 (full 0):
 garbage-first heap   total 34816K, used 18271K [0x0000000700c00000, 0x0000000800000000)
  region size 2048K, 1 young (2048K), 1 survivors (2048K)
 Metaspace       used 26437K, committed 26688K, reserved 1073152K
  class space    used 2686K, committed 2816K, reserved 1048576K
}
Event: 3.860 GC heap before
{Heap before GC invocations=8 (full 0):
 garbage-first heap   total 38912K, used 20319K [0x0000000700c00000, 0x0000000800000000)
  region size 2048K, 3 young (6144K), 1 survivors (2048K)
 Metaspace       used 27918K, committed 28096K, reserved 1081344K
  class space    used 2819K, committed 2944K, reserved 1048576K
}
Event: 3.861 GC heap after
{Heap after GC invocations=9 (full 0):
 garbage-first heap   total 38912K, used 18157K [0x0000000700c00000, 0x0000000800000000)
  region size 2048K, 1 young (2048K), 1 survivors (2048K)
 Metaspace       used 27918K, committed 28096K, reserved 1081344K
  class space    used 2819K, committed 2944K, reserved 1048576K
}
Event: 3.938 GC heap before
{Heap before GC invocations=9 (full 0):
 garbage-first heap   total 38912K, used 24301K [0x0000000700c00000, 0x0000000800000000)
  region size 2048K, 4 young (8192K), 1 survivors (2048K)
 Metaspace       used 30038K, committed 30272K, reserved 1081344K
  class space    used 3084K, committed 3200K, reserved 1048576K
}
Event: 3.940 GC heap after
{Heap after GC invocations=10 (full 0):
 garbage-first heap   total 151552K, used 18637K [0x0000000700c00000, 0x0000000800000000)
  region size 2048K, 1 young (2048K), 1 survivors (2048K)
 Metaspace       used 30038K, committed 30272K, reserved 1081344K
  class space    used 3084K, committed 3200K, reserved 1048576K
}

Deoptimization events (20 events):
Event: 4.376 Thread 0x000001f9266dbcd0 Uncommon trap: trap_request=0xffffffbe fr.pc=0x000001f911450f8c relative=0x000000000000046c
Event: 4.376 Thread 0x000001f9266dbcd0 Uncommon trap: reason=profile_predicate action=maybe_recompile pc=0x000001f911450f8c method=java.lang.PublicMethods$MethodList.filter([Ljava/lang/reflect/Method;Ljava/lang/String;[Ljava/lang/Class;Z)Ljava/lang/PublicMethods$MethodList; @ 21 c2
Event: 4.376 Thread 0x000001f9266dbcd0 DEOPT PACKING pc=0x000001f911450f8c sp=0x000000df04a0e3a0
Event: 4.376 Thread 0x000001f9266dbcd0 DEOPT UNPACKING pc=0x000001f9098623a3 sp=0x000000df04a0e338 mode 2
Event: 4.376 Thread 0x000001f9266dbcd0 Uncommon trap: trap_request=0xffffffbe fr.pc=0x000001f911450f8c relative=0x000000000000046c
Event: 4.376 Thread 0x000001f9266dbcd0 Uncommon trap: reason=profile_predicate action=maybe_recompile pc=0x000001f911450f8c method=java.lang.PublicMethods$MethodList.filter([Ljava/lang/reflect/Method;Ljava/lang/String;[Ljava/lang/Class;Z)Ljava/lang/PublicMethods$MethodList; @ 21 c2
Event: 4.376 Thread 0x000001f9266dbcd0 DEOPT PACKING pc=0x000001f911450f8c sp=0x000000df04a0e260
Event: 4.376 Thread 0x000001f9266dbcd0 DEOPT UNPACKING pc=0x000001f9098623a3 sp=0x000000df04a0e1f8 mode 2
Event: 4.376 Thread 0x000001f9266dbcd0 Uncommon trap: trap_request=0xffffffbe fr.pc=0x000001f911450f8c relative=0x000000000000046c
Event: 4.376 Thread 0x000001f9266dbcd0 Uncommon trap: reason=profile_predicate action=maybe_recompile pc=0x000001f911450f8c method=java.lang.PublicMethods$MethodList.filter([Ljava/lang/reflect/Method;Ljava/lang/String;[Ljava/lang/Class;Z)Ljava/lang/PublicMethods$MethodList; @ 21 c2
Event: 4.376 Thread 0x000001f9266dbcd0 DEOPT PACKING pc=0x000001f911450f8c sp=0x000000df04a0e260
Event: 4.376 Thread 0x000001f9266dbcd0 DEOPT UNPACKING pc=0x000001f9098623a3 sp=0x000000df04a0e1f8 mode 2
Event: 4.378 Thread 0x000001f9266dbcd0 Uncommon trap: trap_request=0xffffffbe fr.pc=0x000001f91144c3ec relative=0x000000000000052c
Event: 4.378 Thread 0x000001f9266dbcd0 Uncommon trap: reason=profile_predicate action=maybe_recompile pc=0x000001f91144c3ec method=java.lang.PublicMethods$MethodList.filter([Ljava/lang/reflect/Method;Ljava/lang/String;[Ljava/lang/Class;Z)Ljava/lang/PublicMethods$MethodList; @ 17 c2
Event: 4.378 Thread 0x000001f9266dbcd0 DEOPT PACKING pc=0x000001f91144c3ec sp=0x000000df04a0e240
Event: 4.378 Thread 0x000001f9266dbcd0 DEOPT UNPACKING pc=0x000001f9098623a3 sp=0x000000df04a0e208 mode 2
Event: 4.388 Thread 0x000001f9266dbcd0 Uncommon trap: trap_request=0xffffffc6 fr.pc=0x000001f911442f1c relative=0x000000000000007c
Event: 4.388 Thread 0x000001f9266dbcd0 Uncommon trap: reason=bimorphic_or_optimized_type_check action=maybe_recompile pc=0x000001f911442f1c method=java.util.Collections$UnmodifiableCollection.size()I @ 4 c2
Event: 4.388 Thread 0x000001f9266dbcd0 DEOPT PACKING pc=0x000001f911442f1c sp=0x000000df04a0e710
Event: 4.388 Thread 0x000001f9266dbcd0 DEOPT UNPACKING pc=0x000001f9098623a3 sp=0x000000df04a0e6a0 mode 2

Classes unloaded (0 events):
No events

Classes redefined (0 events):
No events

Internal exceptions (20 events):
Event: 0.230 Thread 0x000001f9263bbe50 Exception <a 'java/lang/ClassNotFoundException'{0x0000000710506568}: ToolTip> (0x0000000710506568) 
thrown [s\src\hotspot\share\classfile\systemDictionary.cpp, line 256]
Event: 0.231 Thread 0x000001f9263bbe50 Exception <a 'java/lang/ClassNotFoundException'{0x0000000710506ee8}: Tree> (0x0000000710506ee8) 
thrown [s\src\hotspot\share\classfile\systemDictionary.cpp, line 256]
Event: 0.231 Thread 0x000001f9263bbe50 Exception <a 'java/lang/ClassNotFoundException'{0x00000007105073e0}: Tree> (0x00000007105073e0) 
thrown [s\src\hotspot\share\classfile\systemDictionary.cpp, line 256]
Event: 0.231 Thread 0x000001f9263bbe50 Exception <a 'java/lang/ClassNotFoundException'{0x0000000710507750}: javax/swing/JTreeCell> (0x0000000710507750) 
thrown [s\src\hotspot\share\classfile\systemDictionary.cpp, line 256]
Event: 0.231 Thread 0x000001f9263bbe50 Exception <a 'java/lang/ClassNotFoundException'{0x0000000710507a50}: TreeCell> (0x0000000710507a50) 
thrown [s\src\hotspot\share\classfile\systemDictionary.cpp, line 256]
Event: 0.231 Thread 0x000001f9263bbe50 Exception <a 'java/lang/ClassNotFoundException'{0x0000000710508248}: RootPane> (0x0000000710508248) 
thrown [s\src\hotspot\share\classfile\systemDictionary.cpp, line 256]
Event: 0.232 Thread 0x000001f9263bbe50 Exception <a 'java/lang/NoSuchMethodError'{0x0000000710509c50}: 'void java.lang.invoke.DirectMethodHandle$Holder.invokeSpecial(java.lang.Object, java.lang.Object, java.lang.Object)'> (0x0000000710509c50) 
thrown [s\src\hotspot\share\interpreter\linkResolver.cpp, line 759]
Event: 0.238 Thread 0x000001f9263bbe50 Exception <a 'java/lang/NoSuchMethodError'{0x0000000710517258}: 'java.lang.Object java.lang.invoke.DirectMethodHandle$Holder.invokeStatic(java.lang.Object, int, java.lang.Object, java.lang.Object, java.lang.Object, java.lang.Object)'> (0x0000000710517258) 
thrown [s\src\hotspot\share\interpreter\linkResolver.cpp, line 759]
Event: 0.338 Thread 0x000001f9263bbe50 Exception <a 'java/lang/ClassNotFoundException'{0x0000000710589ae0}: com/sun/swing/internal/plaf/synth/resources/spi/synthProvider> (0x0000000710589ae0) 
thrown [s\src\hotspot\share\classfile\systemDictionary.cpp, line 256]
Event: 0.339 Thread 0x000001f9263bbe50 Exception <a 'java/lang/ClassNotFoundException'{0x000000071058df20}: com/sun/swing/internal/plaf/basic/resources/spi/basicProvider> (0x000000071058df20) 
thrown [s\src\hotspot\share\classfile\systemDictionary.cpp, line 256]
Event: 0.411 Thread 0x000001f9263bbe50 Exception <a 'java/lang/NoSuchMethodError'{0x0000000710317d70}: 'java.lang.Object java.lang.invoke.DirectMethodHandle$Holder.newInvokeSpecial(java.lang.Object, java.lang.Object, java.lang.Object, java.lang.Object, java.lang.Object, java.lang.Object)'> (0x0000000710317d70) 
thrown [s\src\hotspot\share\interpreter\linkResolver.cpp, line 759]
Event: 0.412 Thread 0x000001f9263bbe50 Exception <a 'java/lang/NoSuchMethodError'{0x0000000710320248}: 'void java.lang.invoke.DirectMethodHandle$Holder.invokeSpecial(java.lang.Object, java.lang.Object, java.lang.Object, java.lang.Object, java.lang.Object)'> (0x0000000710320248) 
thrown [s\src\hotspot\share\interpreter\linkResolver.cpp, line 759]
Event: 0.427 Thread 0x000001f9263bbe50 Exception <a 'java/lang/NoSuchMethodError'{0x0000000710383610}: 'void java.lang.invoke.DirectMethodHandle$Holder.invokeStatic(java.lang.Object, java.lang.Object, java.lang.Object)'> (0x0000000710383610) 
thrown [s\src\hotspot\share\interpreter\linkResolver.cpp, line 759]
Event: 0.479 Thread 0x000001f9263bbe50 Exception <a 'java/lang/NoSuchMethodError'{0x00000007101f7880}: 'java.lang.Object java.lang.invoke.DirectMethodHandle$Holder.newInvokeSpecial(java.lang.Object, java.lang.Object, java.lang.Object, java.lang.Object, java.lang.Object)'> (0x00000007101f7880) 
thrown [s\src\hotspot\share\interpreter\linkResolver.cpp, line 759]
Event: 0.556 Thread 0x000001f9263bbe50 Exception <a 'java/lang/NoSuchMethodError'{0x000000070fc47548}: 'void java.lang.invoke.DirectMethodHandle$Holder.invokeStaticInit(java.lang.Object)'> (0x000000070fc47548) 
thrown [s\src\hotspot\share\interpreter\linkResolver.cpp, line 759]
Event: 0.630 Thread 0x000001f926388070 Exception <a 'java/lang/NoSuchMethodError'{0x00000007107f38b0}: 'void java.lang.invoke.DirectMethodHandle$Holder.invokeVirtual(java.lang.Object, java.lang.Object)'> (0x00000007107f38b0) 
thrown [s\src\hotspot\share\interpreter\linkResolver.cpp, line 759]
Event: 1.763 Thread 0x000001f9263bbe50 Exception <a 'java/lang/NoSuchMethodError'{0x000000070fbd1f80}: 'void java.lang.invoke.DirectMethodHandle$Holder.invokeStatic(java.lang.Object, java.lang.Object)'> (0x000000070fbd1f80) 
thrown [s\src\hotspot\share\interpreter\linkResolver.cpp, line 759]
Event: 1.767 Thread 0x000001f9263bbe50 Implicit null exception at 0x000001f911376030 to 0x000001f911376092
Event: 1.973 Thread 0x000001f9263bbe50 Exception <a 'java/lang/NoSuchMethodError'{0x000000070f9c6130}: 'int java.lang.invoke.DirectMethodHandle$Holder.invokeStatic(java.lang.Object)'> (0x000000070f9c6130) 
thrown [s\src\hotspot\share\interpreter\linkResolver.cpp, line 759]
Event: 4.354 Thread 0x000001f9266dbcd0 Exception <a 'java/lang/NoSuchMethodError'{0x0000000703a886b8}: 'java.lang.Object java.lang.invoke.DirectMethodHandle$Holder.invokeSpecial(java.lang.Object, java.lang.Object, double, java.lang.Object)'> (0x0000000703a886b8) 
thrown [s\src\hotspot\share\interpreter\linkResolver.cpp, line 759]

VM Operations (20 events):
Event: 3.628 Executing VM operation: G1CollectForAllocation
Event: 3.629 Executing VM operation: G1CollectForAllocation done
Event: 3.685 Executing VM operation: G1CollectForAllocation
Event: 3.690 Executing VM operation: G1CollectForAllocation done
Event: 3.779 Executing VM operation: HandshakeAllThreads
Event: 3.779 Executing VM operation: HandshakeAllThreads done
Event: 3.815 Executing VM operation: G1CollectForAllocation
Event: 3.817 Executing VM operation: G1CollectForAllocation done
Event: 3.826 Executing VM operation: G1Concurrent
Event: 3.827 Executing VM operation: G1Concurrent done
Event: 3.831 Executing VM operation: G1Concurrent
Event: 3.831 Executing VM operation: G1Concurrent done
Event: 3.860 Executing VM operation: G1CollectForAllocation
Event: 3.861 Executing VM operation: G1CollectForAllocation done
Event: 3.938 Executing VM operation: G1CollectForAllocation
Event: 3.940 Executing VM operation: G1CollectForAllocation done
Event: 3.943 Executing VM operation: G1Concurrent
Event: 3.944 Executing VM operation: G1Concurrent done
Event: 3.945 Executing VM operation: G1Concurrent
Event: 3.946 Executing VM operation: G1Concurrent done

Events (20 events):
Event: 3.969 loading class java/util/Collections$UnmodifiableMap$UnmodifiableEntrySet
Event: 3.969 loading class java/util/Collections$UnmodifiableMap$UnmodifiableEntrySet done
Event: 3.969 loading class java/util/Collections$UnmodifiableMap$UnmodifiableEntrySet$1
Event: 3.969 loading class java/util/Collections$UnmodifiableMap$UnmodifiableEntrySet$1 done
Event: 3.969 loading class java/util/Collections$UnmodifiableMap$UnmodifiableEntrySet$UnmodifiableEntry
Event: 3.969 loading class java/util/Collections$UnmodifiableMap$UnmodifiableEntrySet$UnmodifiableEntry done
Event: 3.973 loading class java/lang/reflect/GenericArrayType
Event: 3.973 loading class java/lang/reflect/GenericArrayType done
Event: 3.973 loading class java/lang/reflect/WildcardType
Event: 3.973 loading class java/lang/reflect/WildcardType done
Event: 3.973 loading class java/lang/reflect/ParameterizedType
Event: 3.973 loading class java/lang/reflect/ParameterizedType done
Event: 4.317 Thread 0x000001f9305162f0 Thread exited: 0x000001f9305162f0
Event: 4.317 Thread 0x000001f9304391e0 Thread exited: 0x000001f9304391e0
Event: 4.324 loading class java/math/MathContext
Event: 4.324 loading class java/math/MathContext done
Event: 4.327 loading class java/util/ConcurrentModificationException
Event: 4.327 loading class java/util/ConcurrentModificationException done
Event: 4.334 loading class java/math/BigDecimal$StringBuilderHelper
Event: 4.334 loading class java/math/BigDecimal$StringBuilderHelper done


Dynamic libraries:
0x00007ff66e9f0000 - 0x00007ff66e9fe000 	C:\Users\giona\.p2\pool\plugins\org.eclipse.justj.openjdk.hotspot.jre.full.win32.x86_64_17.0.4.v20220805-1047\jre\bin\javaw.exe
0x00007ffde6fd0000 - 0x00007ffde71e7000 	C:\WINDOWS\SYSTEM32\ntdll.dll
0x00007ffde6690000 - 0x00007ffde6754000 	C:\WINDOWS\System32\KERNEL32.DLL
0x00007ffde42f0000 - 0x00007ffde469d000 	C:\WINDOWS\System32\KERNELBASE.dll
0x00007ffde4800000 - 0x00007ffde4911000 	C:\WINDOWS\System32\ucrtbase.dll
0x00007ffdd40b0000 - 0x00007ffdd40c8000 	C:\Users\giona\.p2\pool\plugins\org.eclipse.justj.openjdk.hotspot.jre.full.win32.x86_64_17.0.4.v20220805-1047\jre\bin\jli.dll
0x00007ffdd4090000 - 0x00007ffdd40a9000 	C:\Users\giona\.p2\pool\plugins\org.eclipse.justj.openjdk.hotspot.jre.full.win32.x86_64_17.0.4.v20220805-1047\jre\bin\VCRUNTIME140.dll
0x00007ffde6de0000 - 0x00007ffde6f8e000 	C:\WINDOWS\System32\USER32.dll
0x00007ffdd1cb0000 - 0x00007ffdd1f43000 	C:\WINDOWS\WinSxS\amd64_microsoft.windows.common-controls_6595b64144ccf1df_6.0.22621.3672_none_2713b9d173822955\COMCTL32.dll
0x00007ffde4950000 - 0x00007ffde4976000 	C:\WINDOWS\System32\win32u.dll
0x00007ffde5c60000 - 0x00007ffde5d07000 	C:\WINDOWS\System32\msvcrt.dll
0x00007ffde4e90000 - 0x00007ffde4eb9000 	C:\WINDOWS\System32\GDI32.dll
0x00007ffde49f0000 - 0x00007ffde4b09000 	C:\WINDOWS\System32\gdi32full.dll
0x00007ffde46a0000 - 0x00007ffde473a000 	C:\WINDOWS\System32\msvcp_win.dll
0x00007ffde6da0000 - 0x00007ffde6dd1000 	C:\WINDOWS\System32\IMM32.DLL
0x00007ffde1550000 - 0x00007ffde155c000 	C:\Users\giona\.p2\pool\plugins\org.eclipse.justj.openjdk.hotspot.jre.full.win32.x86_64_17.0.4.v20220805-1047\jre\bin\vcruntime140_1.dll
0x00007ffda7b50000 - 0x00007ffda7be1000 	C:\Users\giona\.p2\pool\plugins\org.eclipse.justj.openjdk.hotspot.jre.full.win32.x86_64_17.0.4.v20220805-1047\jre\bin\msvcp140.dll
0x00007ffd58000000 - 0x00007ffd58c46000 	C:\Users\giona\.p2\pool\plugins\org.eclipse.justj.openjdk.hotspot.jre.full.win32.x86_64_17.0.4.v20220805-1047\jre\bin\server\jvm.dll
0x00007ffde5d10000 - 0x00007ffde5dc2000 	C:\WINDOWS\System32\ADVAPI32.dll
0x00007ffde5bb0000 - 0x00007ffde5c59000 	C:\WINDOWS\System32\sechost.dll
0x00007ffde4920000 - 0x00007ffde4948000 	C:\WINDOWS\System32\bcrypt.dll
0x00007ffde4fc0000 - 0x00007ffde50d4000 	C:\WINDOWS\System32\RPCRT4.dll
0x00007ffde67e0000 - 0x00007ffde67e8000 	C:\WINDOWS\System32\PSAPI.DLL
0x00007ffddbce0000 - 0x00007ffddbd14000 	C:\WINDOWS\SYSTEM32\WINMM.dll
0x00007ffddf540000 - 0x00007ffddf549000 	C:\WINDOWS\SYSTEM32\WSOCK32.dll
0x00007ffdda310000 - 0x00007ffdda31a000 	C:\WINDOWS\SYSTEM32\VERSION.dll
0x00007ffde6760000 - 0x00007ffde67d1000 	C:\WINDOWS\System32\WS2_32.dll
0x00007ffde32e0000 - 0x00007ffde32f8000 	C:\WINDOWS\SYSTEM32\kernel.appcore.dll
0x00007ffddd160000 - 0x00007ffddd16a000 	C:\Users\giona\.p2\pool\plugins\org.eclipse.justj.openjdk.hotspot.jre.full.win32.x86_64_17.0.4.v20220805-1047\jre\bin\jimage.dll
0x00007ffdd2ce0000 - 0x00007ffdd2f12000 	C:\WINDOWS\SYSTEM32\DBGHELP.DLL
0x00007ffde67f0000 - 0x00007ffde6b7d000 	C:\WINDOWS\System32\combase.dll
0x00007ffde62d0000 - 0x00007ffde63a7000 	C:\WINDOWS\System32\OLEAUT32.dll
0x00007ffdc4d20000 - 0x00007ffdc4d52000 	C:\WINDOWS\SYSTEM32\dbgcore.DLL
0x00007ffde4b10000 - 0x00007ffde4b8b000 	C:\WINDOWS\System32\bcryptPrimitives.dll
0x00007ffdd3f60000 - 0x00007ffdd3f85000 	C:\Users\giona\.p2\pool\plugins\org.eclipse.justj.openjdk.hotspot.jre.full.win32.x86_64_17.0.4.v20220805-1047\jre\bin\java.dll
0x00007ffdd3f40000 - 0x00007ffdd3f58000 	C:\Users\giona\.p2\pool\plugins\org.eclipse.justj.openjdk.hotspot.jre.full.win32.x86_64_17.0.4.v20220805-1047\jre\bin\zip.dll
0x00007ffde50e0000 - 0x00007ffde5948000 	C:\WINDOWS\System32\SHELL32.dll
0x00007ffde21f0000 - 0x00007ffde2aee000 	C:\WINDOWS\SYSTEM32\windows.storage.dll
0x00007ffde20b0000 - 0x00007ffde21ef000 	C:\WINDOWS\SYSTEM32\wintypes.dll
0x00007ffde5ab0000 - 0x00007ffde5ba9000 	C:\WINDOWS\System32\SHCORE.dll
0x00007ffde5dd0000 - 0x00007ffde5e2e000 	C:\WINDOWS\System32\shlwapi.dll
0x00007ffde4220000 - 0x00007ffde4241000 	C:\WINDOWS\SYSTEM32\profapi.dll
0x00007ffd88b80000 - 0x00007ffd88d0e000 	C:\Users\giona\.p2\pool\plugins\org.eclipse.justj.openjdk.hotspot.jre.full.win32.x86_64_17.0.4.v20220805-1047\jre\bin\awt.dll
0x00007ffde15a0000 - 0x00007ffde1637000 	C:\WINDOWS\SYSTEM32\apphelp.dll
0x00007ffdd3f20000 - 0x00007ffdd3f39000 	C:\Users\giona\.p2\pool\plugins\org.eclipse.justj.openjdk.hotspot.jre.full.win32.x86_64_17.0.4.v20220805-1047\jre\bin\net.dll
0x00007ffddd210000 - 0x00007ffddd346000 	C:\WINDOWS\SYSTEM32\WINHTTP.dll
0x00007ffde37e0000 - 0x00007ffde3849000 	C:\WINDOWS\system32\mswsock.dll
0x00007ffdd3f00000 - 0x00007ffdd3f15000 	C:\Users\giona\.p2\pool\plugins\org.eclipse.justj.openjdk.hotspot.jre.full.win32.x86_64_17.0.4.v20220805-1047\jre\bin\nio.dll
0x00007ffde1820000 - 0x00007ffde18d0000 	C:\WINDOWS\system32\uxtheme.dll
0x00007ffde5950000 - 0x00007ffde5aab000 	C:\WINDOWS\System32\MSCTF.dll
0x00007ffde64e0000 - 0x00007ffde6685000 	C:\WINDOWS\System32\ole32.dll
0x00007ffd9d090000 - 0x00007ffd9d116000 	C:\Users\giona\.p2\pool\plugins\org.eclipse.justj.openjdk.hotspot.jre.full.win32.x86_64_17.0.4.v20220805-1047\jre\bin\freetype.dll
0x00007ffd88ad0000 - 0x00007ffd88b78000 	C:\Users\giona\.p2\pool\plugins\org.eclipse.justj.openjdk.hotspot.jre.full.win32.x86_64_17.0.4.v20220805-1047\jre\bin\fontmanager.dll
0x00007ffde1b50000 - 0x00007ffde1b7b000 	C:\WINDOWS\system32\DWMAPI.DLL
0x00007ffd86250000 - 0x00007ffd86350000 	C:\WINDOWS\system32\opengl32.dll
0x00007ffdd4060000 - 0x00007ffdd408d000 	C:\WINDOWS\SYSTEM32\GLU32.dll
0x00007ffde1900000 - 0x00007ffde1937000 	C:\WINDOWS\SYSTEM32\dxcore.dll
0x00007ffdd5210000 - 0x00007ffdd53b8000 	C:\WINDOWS\system32\d3d9.dll
0x00007ffdd9e80000 - 0x00007ffdd9f97000 	C:\WINDOWS\System32\DriverStore\FileRepository\nv_dispig.inf_amd64_ee20464bb4ac57f4\nvldumdx.dll
0x00007ffde3f80000 - 0x00007ffde3f92000 	C:\WINDOWS\SYSTEM32\msasn1.dll
0x00007ffdda260000 - 0x00007ffdda292000 	C:\WINDOWS\SYSTEM32\cryptnet.dll
0x00007ffde4b90000 - 0x00007ffde4cf7000 	C:\WINDOWS\System32\CRYPT32.dll
0x00007ffdda0f0000 - 0x00007ffdda252000 	C:\WINDOWS\SYSTEM32\drvstore.dll
0x00007ffde3fa0000 - 0x00007ffde3fcc000 	C:\WINDOWS\SYSTEM32\devobj.dll
0x00007ffde3fd0000 - 0x00007ffde401e000 	C:\WINDOWS\SYSTEM32\cfgmgr32.dll
0x00007ffde3ab0000 - 0x00007ffde3af9000 	C:\WINDOWS\SYSTEM32\wldp.dll
0x00007ffde3b60000 - 0x00007ffde3b6c000 	C:\WINDOWS\SYSTEM32\cryptbase.dll
0x00007ffde4980000 - 0x00007ffde49eb000 	C:\WINDOWS\System32\WINTRUST.DLL
0x00007ffde4e10000 - 0x00007ffde4e2f000 	C:\WINDOWS\System32\imagehlp.dll
0x00007ffde3b80000 - 0x00007ffde3b9b000 	C:\WINDOWS\SYSTEM32\CRYPTSP.dll
0x00007ffde3240000 - 0x00007ffde3275000 	C:\WINDOWS\system32\rsaenh.dll
0x00007ffd52720000 - 0x00007ffd53f2a000 	C:\WINDOWS\System32\DriverStore\FileRepository\nv_dispig.inf_amd64_ee20464bb4ac57f4\nvd3dumx.dll
0x00007ffddf4c0000 - 0x00007ffddf509000 	C:\WINDOWS\SYSTEM32\directxdatabasehelper.dll
0x00007ffdb2c20000 - 0x00007ffdb2ee3000 	C:\WINDOWS\system32\nvspcap64.dll
0x00007ffde3300000 - 0x00007ffde3334000 	C:\WINDOWS\SYSTEM32\ntmarta.dll
0x00007ffde38a0000 - 0x00007ffde38c6000 	C:\WINDOWS\SYSTEM32\gpapi.dll
0x00007ffde4d00000 - 0x00007ffde4db0000 	C:\WINDOWS\System32\clbcatq.dll
0x00007ffde1660000 - 0x00007ffde1811000 	C:\WINDOWS\SYSTEM32\WindowsCodecs.dll
0x00007ffdcc980000 - 0x00007ffdcc9de000 	C:\WINDOWS\system32\dataexchange.dll
0x00007ffddb650000 - 0x00007ffddb8da000 	C:\WINDOWS\system32\twinapi.appcore.dll
0x00007ffdc4260000 - 0x00007ffdc43ae000 	C:\WINDOWS\SYSTEM32\textinputframework.dll
0x00007ffde11c0000 - 0x00007ffde12f3000 	C:\WINDOWS\SYSTEM32\CoreMessaging.dll
0x00007ffdde280000 - 0x00007ffdde5ed000 	C:\WINDOWS\SYSTEM32\CoreUIComponents.dll
0x00007ffddca00000 - 0x00007ffddcab3000 	C:\WINDOWS\WinSxS\amd64_microsoft.windows.common-controls_6595b64144ccf1df_5.82.22621.3527_none_b43b7f4b638cc64f\comctl32.dll
0x00007ffdbe530000 - 0x00007ffdbe54a000 	C:\WINDOWS\system32\NetworkExplorer.dll
0x00007ffddf760000 - 0x00007ffddf860000 	C:\WINDOWS\system32\PROPSYS.dll
0x00007ffdc9140000 - 0x00007ffdc91f5000 	C:\Windows\System32\Windows.FileExplorer.Common.dll
0x00007ffdc6820000 - 0x00007ffdc690a000 	C:\WINDOWS\system32\Windows.Storage.Search.dll
0x00007ffdd9b90000 - 0x00007ffdd9cc9000 	C:\Windows\System32\Windows.System.Launcher.dll
0x00007ffddfaf0000 - 0x00007ffddfb83000 	C:\Windows\System32\msvcp110_win.dll
0x00007ffdda400000 - 0x00007ffdda41a000 	C:\WINDOWS\SYSTEM32\windows.staterepositorycore.dll
0x00007ffdc9490000 - 0x00007ffdc954b000 	C:\WINDOWS\System32\StructuredQuery.dll
0x00007ffddfbb0000 - 0x00007ffddfc55000 	C:\WINDOWS\SYSTEM32\policymanager.dll
0x00007ffdcb200000 - 0x00007ffdcb2b0000 	C:\Windows\System32\OneCoreCommonProxyStub.dll
0x00007ffdcd680000 - 0x00007ffdcd69e000 	C:\WINDOWS\SYSTEM32\MPR.dll
0x00007ffdd2f80000 - 0x00007ffdd2fab000 	C:\WINDOWS\System32\p9np.dll
0x00007ffddcbd0000 - 0x00007ffddcbdc000 	C:\WINDOWS\System32\drprov.dll
0x00007ffdd02b0000 - 0x00007ffdd02d2000 	C:\WINDOWS\System32\ntlanman.dll
0x00007ffdc7580000 - 0x00007ffdc759f000 	C:\WINDOWS\System32\davclnt.dll
0x00007ffde3430000 - 0x00007ffde3496000 	C:\WINDOWS\System32\WINSTA.dll
0x00007ffddc5a0000 - 0x00007ffddc5ba000 	C:\WINDOWS\System32\wkscli.dll
0x00007ffdb9610000 - 0x00007ffdb9622000 	C:\WINDOWS\SYSTEM32\cscapi.dll
0x00007ffde2d40000 - 0x00007ffde2d4c000 	C:\WINDOWS\System32\netutils.dll
0x00007ffda6c70000 - 0x00007ffda6cc6000 	C:\Windows\System32\dlnashext.dll
0x00007ffda6a70000 - 0x00007ffda6ad9000 	C:\Windows\System32\PlayToDevice.dll
0x00007ffdc43d0000 - 0x00007ffdc43f1000 	C:\Windows\System32\DevDispItemProvider.dll
0x00007ffdc09e0000 - 0x00007ffdc0a3a000 	C:\Windows\System32\vaultcli.dll
0x00007ffdd9820000 - 0x00007ffdd98bd000 	C:\WINDOWS\System32\MMDevApi.dll
0x00007ffd85d90000 - 0x00007ffd85e35000 	C:\WINDOWS\system32\wpdshext.dll
0x00007ffdd2150000 - 0x00007ffdd2309000 	C:\WINDOWS\WinSxS\amd64_microsoft.windows.gdiplus_6595b64144ccf1df_1.1.22621.3810_none_57f8d842ce19d879\gdiplus.dll
0x00007ffdab940000 - 0x00007ffdab9de000 	C:\Windows\System32\PortableDeviceApi.dll
0x00007ffde5e40000 - 0x00007ffde62b4000 	C:\WINDOWS\System32\SETUPAPI.dll
0x00007ffdb9bf0000 - 0x00007ffdb9c27000 	C:\Windows\System32\EhStorShell.dll
0x00007ffdc1d40000 - 0x00007ffdc1d64000 	C:\Windows\System32\EhStorAPI.dll
0x00007ffde30a0000 - 0x00007ffde30b4000 	C:\Windows\System32\WTSAPI32.dll
0x00007ffdda950000 - 0x00007ffdda95d000 	C:\WINDOWS\SYSTEM32\LINKINFO.dll
0x00007ffddc1b0000 - 0x00007ffddc25c000 	C:\Windows\System32\appresolver.dll
0x00007ffd5ef80000 - 0x00007ffd5fffb000 	D:\Unibg\Tesi\BREATHE\Java\PulseJNI.dll

dbghelp: loaded successfully - version: 4.0.5 - missing functions: none
symbol engine: initialized successfully - sym options: 0x614 - pdb path: .;C:\Users\giona\.p2\pool\plugins\org.eclipse.justj.openjdk.hotspot.jre.full.win32.x86_64_17.0.4.v20220805-1047\jre\bin;C:\WINDOWS\SYSTEM32;C:\WINDOWS\WinSxS\amd64_microsoft.windows.common-controls_6595b64144ccf1df_6.0.22621.3672_none_2713b9d173822955;C:\Users\giona\.p2\pool\plugins\org.eclipse.justj.openjdk.hotspot.jre.full.win32.x86_64_17.0.4.v20220805-1047\jre\bin\server;C:\WINDOWS\System32\DriverStore\FileRepository\nv_dispig.inf_amd64_ee20464bb4ac57f4;C:\WINDOWS\WinSxS\amd64_microsoft.windows.common-controls_6595b64144ccf1df_5.82.22621.3527_none_b43b7f4b638cc64f;C:\WINDOWS\WinSxS\amd64_microsoft.windows.gdiplus_6595b64144ccf1df_1.1.22621.3810_none_57f8d842ce19d879;D:\Unibg\Tesi\BREATHE\Java

VM Arguments:
jvm_args: -Dfile.encoding=UTF-8 -XX:+ShowCodeDetailsInExceptionMessages 
java_command: main.Main
java_class_path (initial): D:\Unibg\Tesi\BREATHE\Java\target\classes;D:\Unibg\Tesi\BREATHE\Java\jar\commons-collections4-4.4.jar;D:\Unibg\Tesi\BREATHE\Java\jar\commons-compress-1.21.jar;D:\Unibg\Tesi\BREATHE\Java\jar\commons-io-2.11.0.jar;D:\Unibg\Tesi\BREATHE\Java\jar\commons-math3-3.6.1.jar;D:\Unibg\Tesi\BREATHE\Java\jar\error_prone_annotations-2.11.0.jar;D:\Unibg\Tesi\BREATHE\Java\jar\gson-2.10.1.jar;D:\Unibg\Tesi\BREATHE\Java\jar\guava-31.1-jre.jar;D:\Unibg\Tesi\BREATHE\Java\jar\j2objc-annotations-1.3.jar;D:\Unibg\Tesi\BREATHE\Java\jar\java-ordered-properties-1.0.4.jar;D:\Unibg\Tesi\BREATHE\Java\jar\javassist-3.28.0-GA.jar;D:\Unibg\Tesi\BREATHE\Java\jar\jfreechart-1.5.4.jar;D:\Unibg\Tesi\BREATHE\Java\jar\jsr305-3.0.2.jar;D:\Unibg\Tesi\BREATHE\Java\jar\log4j-api-2.20.0.jar;D:\Unibg\Tesi\BREATHE\Java\jar\log4j-core-2.20.0.jar;D:\Unibg\Tesi\BREATHE\Java\jar\logback-core-1.4.6.jar;D:\Unibg\Tesi\BREATHE\Java\jar\poi-5.2.3.jar;D:\Unibg\Tesi\BREATHE\Java\jar\poi-ooxml-5.2.3.jar;D:\Unibg\Tesi\BREATHE\Java\jar\poi-ooxml-lite-5.2.3.jar;D:\Unibg\Tesi\BREATHE\Java\jar\Pulse.jar;D:\Unibg\Tesi\BREATHE\Java\jar\reflections-0.10.2.jar;D:\Unibg\Tesi\BREATHE\Java\jar\slf4j-api-2.0.7.jar;D:\Unibg\Tesi\BREATHE\Java\jar\slf4j-simple-2.0.7.jar;D:\Unibg\Tesi\BREATHE\Java\jar\xmlbeans-5.1.1.jar;D:\Unibg\Tesi\BREATHE\Java\jar\jackson-annotations-2.15.2.jar;D:\Unibg\Tesi\BREATHE\Java\jar\jackson-core-2.15.2.jar;D:\Unibg\Tesi\BREATHE\Java\jar\jackson-databind-2.15.2.jar
Launcher Type: SUN_STANDARD

[Global flags]
     intx CICompilerCount                          = 4                                         {product} {ergonomic}
     uint ConcGCThreads                            = 3                                         {product} {ergonomic}
     uint G1ConcRefinementThreads                  = 10                                        {product} {ergonomic}
   size_t G1HeapRegionSize                         = 2097152                                   {product} {ergonomic}
    uintx GCDrainStackTargetSize                   = 64                                        {product} {ergonomic}
   size_t InitialHeapSize                          = 268435456                                 {product} {ergonomic}
   size_t MarkStackSize                            = 4194304                                   {product} {ergonomic}
   size_t MaxHeapSize                              = 4282384384                                {product} {ergonomic}
   size_t MaxNewSize                               = 2569011200                                {product} {ergonomic}
   size_t MinHeapDeltaBytes                        = 2097152                                   {product} {ergonomic}
   size_t MinHeapSize                              = 8388608                                   {product} {ergonomic}
    uintx NonNMethodCodeHeapSize                   = 5839372                                {pd product} {ergonomic}
    uintx NonProfiledCodeHeapSize                  = 122909434                              {pd product} {ergonomic}
    uintx ProfiledCodeHeapSize                     = 122909434                              {pd product} {ergonomic}
    uintx ReservedCodeCacheSize                    = 251658240                              {pd product} {ergonomic}
     bool SegmentedCodeCache                       = true                                      {product} {ergonomic}
     bool ShowCodeDetailsInExceptionMessages       = true                                   {manageable} {command line}
   size_t SoftMaxHeapSize                          = 4282384384                             {manageable} {ergonomic}
     bool UseCompressedClassPointers               = true                           {product lp64_product} {ergonomic}
     bool UseCompressedOops                        = true                           {product lp64_product} {ergonomic}
     bool UseG1GC                                  = true                                      {product} {ergonomic}
     bool UseLargePagesIndividualAllocation        = false                                  {pd product} {ergonomic}

Logging:
Log output configuration:
 #0: stdout all=warning uptime,level,tags
 #1: stderr all=off uptime,level,tags

Environment Variables:
PATH=C:/Users/giona/.p2/pool/plugins/org.eclipse.justj.openjdk.hotspot.jre.full.win32.x86_64_17.0.4.v20220805-1047/jre/bin/server;C:/Users/giona/.p2/pool/plugins/org.eclipse.justj.openjdk.hotspot.jre.full.win32.x86_64_17.0.4.v20220805-1047/jre/bin;C:\Program Files (x86)\NVIDIA Corporation\PhysX\Common;C:\Program Files\Amazon Corretto\jdk1.8.0_422\bin;C:\Program Files\Common Files\Oracle\Java\javapath;C:\Program Files (x86)\Common Files\Oracle\Java\java8path;C:\Program Files (x86)\Common Files\Oracle\Java\javapath;C:\WINDOWS\system32;C:\WINDOWS;C:\WINDOWS\System32\Wbem;C:\WINDOWS\System32\WindowsPowerShell\v1.0\;C:\WINDOWS\System32\OpenSSH\;C:\Program Files\NVIDIA Corporation\NVIDIA NvDLISR;C:\Program Files\MATLAB\R2020b\bin;C:\WINDOWS\system32;C:\WINDOWS;C:\WINDOWS\System32\Wbem;C:\WINDOWS\System32\WindowsPowerShell\v1.0\;C:\WINDOWS\System32\OpenSSH\;C:\Users\giona\Downloads\apache-maven-3.9.8\bin;C:\Program Files\Java\jdk-11\bin;C:\Program Files\CMake\bin;C:\Program Files\Git\cmd;C:\Users\giona\AppData\Local\Microsoft\WindowsApps;C:\Users\giona\AppData\Local\Programs\Microsoft VS Code\bin;C:\MinGW\bin;C:\Users\giona\AppData\Local\GitHubDesktop\bin;C:\Users\giona\Desktop;
USERNAME=giona
OS=Windows_NT
PROCESSOR_IDENTIFIER=AMD64 Family 23 Model 113 Stepping 0, AuthenticAMD
TMP=C:\Users\giona\AppData\Local\Temp
TEMP=C:\Users\giona\AppData\Local\Temp



---------------  S Y S T E M  ---------------

OS:
 Windows 11 , 64 bit Build 22621 (10.0.22621.3958)
OS uptime: 2 days 16:06 hours
Hyper-V role detected

CPU: total 12 (initial active 12) (12 cores per cpu, 2 threads per core) family 23 model 113 stepping 0 microcode 0x0, cx8, cmov, fxsr, ht, mmx, 3dnowpref, sse, sse2, sse3, ssse3, sse4a, sse4.1, sse4.2, popcnt, lzcnt, tsc, tscinvbit, avx, avx2, aes, clmul, bmi1, bmi2, adx, sha, fma, vzeroupper, clflush, clflushopt, hv

Memory: 4k page, system-wide physical 16334M (7677M free)
TotalPageFile size 18766M (AvailPageFile size 7246M)
current process WorkingSet (physical memory assigned to process): 196M, peak: 196M
current process commit charge ("private bytes"): 246M, peak: 434M

vm_info: OpenJDK 64-Bit Server VM (17.0.4+8) for windows-amd64 JRE (17.0.4+8), built on Jul 19 2022 16:05:16 by "temurin" with MS VC++ 16.7 (VS2019)

END.
