#
# A fatal error has been detected by the Java Runtime Environment:
#
#  EXCEPTION_ACCESS_VIOLATION (0xc0000005) at pc=0x00007ff80aa94b84, pid=11060, tid=18600
#
# JRE version: OpenJDK Runtime Environment Temurin-17.0.7+7 (17.0.7+7) (build 17.0.7+7)
# Java VM: OpenJDK 64-Bit Server VM Temurin-17.0.7+7 (17.0.7+7, mixed mode, tiered, compressed oops, compressed class ptrs, g1 gc, windows-amd64)
# Problematic frame:
# C  [PulseJNI.dll+0x7d4b84]
#
# No core dump will be written. Minidumps are not enabled by default on client versions of Windows
#
# If you would like to submit a bug report, please visit:
#   https://github.com/adoptium/adoptium-support/issues
# The crash happened outside the Java Virtual Machine in native code.
# See problematic frame for where to report the bug.
#

---------------  S U M M A R Y ------------

Command Line: -Dfile.encoding=UTF-8 -XX:+ShowCodeDetailsInExceptionMessages main.Main

Host: AMD Ryzen 7 5825U with Radeon Graphics         , 16 cores, 15G,  Windows 11 , 64 bit Build 22621 (10.0.22621.3958)
Time: Sat Sep 21 16:22:13 2024 ora legale Europa occidentale elapsed time: 6.927215 seconds (0d 0h 0m 6s)

---------------  T H R E A D  ---------------

Current thread (0x000001ae54722800):  JavaThread "SwingWorker-pool-2-thread-1" daemon [_thread_in_native, id=18600, stack(0x0000006a1d500000,0x0000006a1d600000)]

Stack: [0x0000006a1d500000,0x0000006a1d600000],  sp=0x0000006a1d5fe280,  free space=1016k
Native frames: (J=compiled Java code, j=interpreted, Vv=VM code, C=native code)
C  [PulseJNI.dll+0x7d4b84]

Java frames: (J=compiled Java code, j=interpreted, Vv=VM code)
j  com.kitware.pulse.engine.PulseEngine.nativeSerializeFromFile(JLjava/lang/String;Ljava/lang/String;I)Z+0
j  com.kitware.pulse.engine.PulseEngine.serializeFromFile(Ljava/lang/String;Lcom/kitware/pulse/cdm/engine/SEDataRequestManager;)Z+26
j  app.SimulationWorker.doInBackground()Ljava/lang/Void;+185
j  app.SimulationWorker.doInBackground()Ljava/lang/Object;+1
j  javax.swing.SwingWorker$1.call()Ljava/lang/Object;+14 java.desktop@17.0.7
j  java.util.concurrent.FutureTask.run()V+39 java.base@17.0.7
j  javax.swing.SwingWorker.run()V+4 java.desktop@17.0.7
j  java.util.concurrent.ThreadPoolExecutor.runWorker(Ljava/util/concurrent/ThreadPoolExecutor$Worker;)V+92 java.base@17.0.7
j  java.util.concurrent.ThreadPoolExecutor$Worker.run()V+5 java.base@17.0.7
j  java.lang.Thread.run()V+11 java.base@17.0.7
v  ~StubRoutines::call_stub

siginfo: EXCEPTION_ACCESS_VIOLATION (0xc0000005), reading address 0x0000000000000000


Register to memory mapping:

RIP=0x00007ff80aa94b84 PulseJNI.dll
RAX=0x0 is NULL
RBX={method} {0x000001ae517be330} 'nativeSerializeFromFile' '(JLjava/lang/String;Ljava/lang/String;I)Z' in 'com/kitware/pulse/engine/PulseEngine'
RCX=0x0 is NULL
RDX=0x0 is NULL
RSP=0x0000006a1d5fe280 is pointing into the stack for thread: 0x000001ae54722800
RBP=0x0000006a1d5fef40 is pointing into the stack for thread: 0x000001ae54722800
RSI=0x000000070e2b69c0 is an oop: [B 
{0x000000070e2b69c0} - klass: {type array byte}
 - length: 659
RDI=0x0000000000000293 is an unknown value
R8 =0x0 is NULL
R9 =0x0 is NULL
R10=0x00007ff873bef4b0 KERNELBASE.dll
R11=0x0000b41dbc41e7cb is an unknown value
R12=0x0 is NULL
R13={method} {0x000001ae517be330} 'nativeSerializeFromFile' '(JLjava/lang/String;Ljava/lang/String;I)Z' in 'com/kitware/pulse/engine/PulseEngine'
R14=0x0000006a1d5fef88 is pointing into the stack for thread: 0x000001ae54722800
R15=0x000001ae54722800 is a thread


Registers:
RAX=0x0000000000000000, RBX=0x000001ae517be328, RCX=0x0000000000000000, RDX=0x0000000000000000
RSP=0x0000006a1d5fe280, RBP=0x0000006a1d5fef40, RSI=0x000000070e2b69c0, RDI=0x0000000000000293
R8 =0x0000000000000000, R9 =0x0000000000000000, R10=0x00007ff873bef4b0, R11=0x0000b41dbc41e7cb
R12=0x0000000000000000, R13=0x000001ae517be328, R14=0x0000006a1d5fef88, R15=0x000001ae54722800
RIP=0x00007ff80aa94b84, EFLAGS=0x0000000000010206

Top of Stack: (sp=0x0000006a1d5fe280)
0x0000006a1d5fe280:   0000006a1d5fe800 0000006a00000001
0x0000006a1d5fe290:   000001ae5af46550 0000000000000040
0x0000006a1d5fe2a0:   0000000000000000 0000000000000004
0x0000006a1d5fe2b0:   0000000000000000 0000006a1d5fe369
0x0000006a1d5fe2c0:   000001ae2e530000 00007ff8765ecc9a
0x0000006a1d5fe2d0:   000001ae2e630000 00007ff80000000d
0x0000006a1d5fe2e0:   0000000000000030 0000006a00000000
0x0000006a1d5fe2f0:   000000000000000f 00007ff8765ed600
0x0000006a1d5fe300:   0000000000000002 00007ff80a2d3bd7
0x0000006a1d5fe310:   000001ae5b167e58 fffffffffffffffe
0x0000006a1d5fe320:   7fffffffffffffff 0000000000000000
0x0000006a1d5fe330:   0000006a1d5fe940 0000006a1d5fe940
0x0000006a1d5fe340:   0000006a1d5fe940 00007ff80a3fb160
0x0000006a1d5fe350:   0000006a1d5fe3b0 0000006a1d5fe3b0
0x0000006a1d5fe360:   0000000000000030 00007ff80a2d42c6
0x0000006a1d5fe370:   0000006a1d5fe3b0 0000006a1d5fe3a8 

Instructions: (pc=0x00007ff80aa94b84)
0x00007ff80aa94a84:   c4 48 c3 cc cc cc cc cc cc cc cc cc 4c 89 44 24
0x00007ff80aa94a94:   18 48 89 54 24 10 48 89 4c 24 08 48 81 ec b8 07
0x00007ff80aa94aa4:   00 00 48 8b 05 13 d8 7c 00 48 33 c4 48 89 84 24
0x00007ff80aa94ab4:   a0 07 00 00 48 8b 84 24 c8 07 00 00 48 8b 00 48
0x00007ff80aa94ac4:   8b 40 48 48 89 84 24 c8 00 00 00 48 8b 8c 24 c0
0x00007ff80aa94ad4:   07 00 00 e8 64 78 00 00 4c 8b c0 48 8d 15 2a 0d
0x00007ff80aa94ae4:   68 00 48 8d 8c 24 c0 06 00 00 e8 fd 21 84 ff 48
0x00007ff80aa94af4:   89 84 24 b0 00 00 00 48 8b 84 24 b0 00 00 00 48
0x00007ff80aa94b04:   89 84 24 b8 00 00 00 48 8b 84 24 b8 00 00 00 48
0x00007ff80aa94b14:   89 84 24 c0 00 00 00 48 8b 94 24 c0 00 00 00 48
0x00007ff80aa94b24:   8b 8c 24 c8 07 00 00 ff 94 24 c8 00 00 00 90 48
0x00007ff80aa94b34:   8d 8c 24 c0 06 00 00 e8 60 bc 83 ff 90 ba 01 00
0x00007ff80aa94b44:   00 00 48 8d 8c 24 80 05 00 00 e8 1d 93 84 ff 90
0x00007ff80aa94b54:   48 8b 84 24 c8 07 00 00 c7 80 10 01 00 00 00 00
0x00007ff80aa94b64:   00 00 48 8b 84 24 c8 07 00 00 48 8b 80 b0 01 00
0x00007ff80aa94b74:   00 48 8b 8c 24 c8 07 00 00 48 8b 89 b0 01 00 00
0x00007ff80aa94b84:   48 8b 00 ff 90 70 01 00 00 90 c7 44 24 40 00 00
0x00007ff80aa94b94:   00 00 eb 0a 8b 44 24 40 ff c0 89 44 24 40 48 8b
0x00007ff80aa94ba4:   8c 24 c0 07 00 00 e8 c1 7c c9 ff 39 44 24 40 0f
0x00007ff80aa94bb4:   8d ac 00 00 00 48 8b 8c 24 c0 07 00 00 e8 3a 77
0x00007ff80aa94bc4:   00 00 48 89 84 24 d0 00 00 00 8b 54 24 40 48 8b
0x00007ff80aa94bd4:   8c 24 d0 00 00 00 e8 81 7d bd ff 48 89 44 24 78
0x00007ff80aa94be4:   48 8b 84 24 c8 07 00 00 48 8b 80 b0 01 00 00 48
0x00007ff80aa94bf4:   89 84 24 e0 00 00 00 48 8b 84 24 c8 07 00 00 48
0x00007ff80aa94c04:   8b 80 b0 01 00 00 48 8b 00 48 8b 80 c0 00 00 00
0x00007ff80aa94c14:   48 89 84 24 e8 00 00 00 48 8b 4c 24 78 e8 9a cd
0x00007ff80aa94c24:   9e ff 48 89 84 24 d8 00 00 00 48 8b 94 24 d8 00
0x00007ff80aa94c34:   00 00 48 8b 8c 24 e0 00 00 00 ff 94 24 e8 00 00
0x00007ff80aa94c44:   00 48 89 84 24 f0 00 00 00 48 8b 94 24 f0 00 00
0x00007ff80aa94c54:   00 48 8b 4c 24 78 e8 e1 d5 d5 ff 90 e9 33 ff ff
0x00007ff80aa94c64:   ff c7 44 24 38 00 00 00 00 eb 0a 8b 44 24 38 ff
0x00007ff80aa94c74:   c0 89 44 24 38 48 8b 8c 24 c0 07 00 00 e8 da dd 


Stack slot to memory mapping:
stack at sp + 0 slots: 0x0000006a1d5fe800 is pointing into the stack for thread: 0x000001ae54722800
stack at sp + 1 slots: 0x0000006a00000001 is an unknown value
stack at sp + 2 slots: 0x000001ae5af46550 points into unknown readable memory: 0x00002d312e322e34 | 34 2e 32 2e 31 2d 00 00
stack at sp + 3 slots: 0x0000000000000040 is an unknown value
stack at sp + 4 slots: 0x0 is NULL
stack at sp + 5 slots: 0x0000000000000004 is an unknown value
stack at sp + 6 slots: 0x0 is NULL
stack at sp + 7 slots: 0x0000006a1d5fe369 is pointing into the stack for thread: 0x000001ae54722800


---------------  P R O C E S S  ---------------

Threads class SMR info:
_java_thread_list=0x000001ae5c31aaa0, length=30, elements={
0x000001ae4fa66040, 0x000001ae4fa66ec0, 0x000001ae4fa81c20, 0x000001ae4fa8e9f0,
0x000001ae4fa8f7b0, 0x000001ae4fa92170, 0x000001ae4fa96350, 0x000001ae4fa96d40,
0x000001ae4faaa730, 0x000001ae4fbef240, 0x000001ae4fc0ffd0, 0x000001ae4fc3ad00,
0x000001ae541c1f70, 0x000001ae541c2bc0, 0x000001ae541c3090, 0x000001ae54290020,
0x000001ae308f3690, 0x000001ae54722cd0, 0x000001ae54720ff0, 0x000001ae547214c0,
0x000001ae5b0c1da0, 0x000001ae5b4487b0, 0x000001ae5aba9bc0, 0x000001ae5ae139f0,
0x000001ae4fdc9190, 0x000001ae4fdc9ab0, 0x000001ae5abb2220, 0x000001ae5afc2020,
0x000001ae5b79b010, 0x000001ae54722800
}

Java Threads: ( => current thread )
  0x000001ae4fa66040 JavaThread "Reference Handler" daemon [_thread_blocked, id=10516, stack(0x0000006a19900000,0x0000006a19a00000)]
  0x000001ae4fa66ec0 JavaThread "Finalizer" daemon [_thread_blocked, id=12756, stack(0x0000006a19a00000,0x0000006a19b00000)]
  0x000001ae4fa81c20 JavaThread "Signal Dispatcher" daemon [_thread_blocked, id=16052, stack(0x0000006a19b00000,0x0000006a19c00000)]
  0x000001ae4fa8e9f0 JavaThread "Attach Listener" daemon [_thread_blocked, id=21328, stack(0x0000006a19c00000,0x0000006a19d00000)]
  0x000001ae4fa8f7b0 JavaThread "Service Thread" daemon [_thread_blocked, id=16596, stack(0x0000006a19d00000,0x0000006a19e00000)]
  0x000001ae4fa92170 JavaThread "Monitor Deflation Thread" daemon [_thread_blocked, id=20992, stack(0x0000006a19e00000,0x0000006a19f00000)]
  0x000001ae4fa96350 JavaThread "C2 CompilerThread0" daemon [_thread_blocked, id=13092, stack(0x0000006a19f00000,0x0000006a1a000000)]
  0x000001ae4fa96d40 JavaThread "C1 CompilerThread0" daemon [_thread_blocked, id=15724, stack(0x0000006a1a000000,0x0000006a1a100000)]
  0x000001ae4faaa730 JavaThread "Sweeper thread" daemon [_thread_blocked, id=3496, stack(0x0000006a1a100000,0x0000006a1a200000)]
  0x000001ae4fbef240 JavaThread "C1 CompilerThread1" daemon [_thread_blocked, id=18156, stack(0x0000006a1a200000,0x0000006a1a300000)]
  0x000001ae4fc0ffd0 JavaThread "Notification Thread" daemon [_thread_blocked, id=11144, stack(0x0000006a1a300000,0x0000006a1a400000)]
  0x000001ae4fc3ad00 JavaThread "Common-Cleaner" daemon [_thread_blocked, id=13064, stack(0x0000006a1a500000,0x0000006a1a600000)]
  0x000001ae541c1f70 JavaThread "Java2D Disposer" daemon [_thread_blocked, id=15412, stack(0x0000006a1a700000,0x0000006a1a800000)]
  0x000001ae541c2bc0 JavaThread "AWT-Shutdown" [_thread_blocked, id=12076, stack(0x0000006a1a800000,0x0000006a1a900000)]
  0x000001ae541c3090 JavaThread "AWT-Windows" daemon [_thread_in_native, id=3724, stack(0x0000006a1a900000,0x0000006a1aa00000)]
  0x000001ae54290020 JavaThread "AWT-EventQueue-0" [_thread_blocked, id=8908, stack(0x0000006a1aa00000,0x0000006a1ab00000)]
  0x000001ae308f3690 JavaThread "DestroyJavaVM" [_thread_blocked, id=17552, stack(0x0000006a19200000,0x0000006a19300000)]
  0x000001ae54722cd0 JavaThread "TimerQueue" daemon [_thread_blocked, id=20256, stack(0x0000006a1b700000,0x0000006a1b800000)]
  0x000001ae54720ff0 JavaThread "D3D Screen Updater" daemon [_thread_blocked, id=19860, stack(0x0000006a1bc00000,0x0000006a1bd00000)]
  0x000001ae547214c0 JavaThread "Swing-Shell" daemon [_thread_blocked, id=708, stack(0x0000006a1a600000,0x0000006a1a700000)]
  0x000001ae5b0c1da0 JavaThread "C2 CompilerThread1" daemon [_thread_blocked, id=7840, stack(0x0000006a1cb00000,0x0000006a1cc00000)]
  0x000001ae5b4487b0 JavaThread "C1 CompilerThread2" daemon [_thread_blocked, id=1360, stack(0x0000006a1cc00000,0x0000006a1cd00000)]
  0x000001ae5aba9bc0 JavaThread "C1 CompilerThread3" daemon [_thread_blocked, id=9304, stack(0x0000006a1cd00000,0x0000006a1ce00000)]
  0x000001ae5ae139f0 JavaThread "C2 CompilerThread2" daemon [_thread_blocked, id=9084, stack(0x0000006a1ce00000,0x0000006a1cf00000)]
  0x000001ae4fdc9190 JavaThread "C2 CompilerThread3" daemon [_thread_blocked, id=13460, stack(0x0000006a1cf00000,0x0000006a1d000000)]
  0x000001ae4fdc9ab0 JavaThread "C2 CompilerThread4" daemon [_thread_blocked, id=16372, stack(0x0000006a1d000000,0x0000006a1d100000)]
  0x000001ae5abb2220 JavaThread "C2 CompilerThread5" daemon [_thread_blocked, id=11940, stack(0x0000006a1d100000,0x0000006a1d200000)]
  0x000001ae5afc2020 JavaThread "C2 CompilerThread6" daemon [_thread_blocked, id=21472, stack(0x0000006a1d200000,0x0000006a1d300000)]
  0x000001ae5b79b010 JavaThread "C2 CompilerThread7" daemon [_thread_blocked, id=15552, stack(0x0000006a1d300000,0x0000006a1d400000)]
=>0x000001ae54722800 JavaThread "SwingWorker-pool-2-thread-1" daemon [_thread_in_native, id=18600, stack(0x0000006a1d500000,0x0000006a1d600000)]

Other Threads:
  0x000001ae4fa39010 VMThread "VM Thread" [stack: 0x0000006a19800000,0x0000006a19900000] [id=8964]
  0x000001ae4fc32920 WatcherThread [stack: 0x0000006a1a400000,0x0000006a1a500000] [id=20632]
  0x000001ae3095f6a0 GCTaskThread "GC Thread#0" [stack: 0x0000006a19300000,0x0000006a19400000] [id=4128]
  0x000001ae4fc2fc30 GCTaskThread "GC Thread#1" [stack: 0x0000006a1bb00000,0x0000006a1bc00000] [id=356]
  0x000001ae5a6ac300 GCTaskThread "GC Thread#2" [stack: 0x0000006a1be00000,0x0000006a1bf00000] [id=4824]
  0x000001ae5c6d44b0 GCTaskThread "GC Thread#3" [stack: 0x0000006a1bf00000,0x0000006a1c000000] [id=3032]
  0x000001ae5b1ca1a0 GCTaskThread "GC Thread#4" [stack: 0x0000006a1c000000,0x0000006a1c100000] [id=832]
  0x000001ae5addbda0 GCTaskThread "GC Thread#5" [stack: 0x0000006a1c100000,0x0000006a1c200000] [id=20608]
  0x000001ae5aadcd40 GCTaskThread "GC Thread#6" [stack: 0x0000006a1c200000,0x0000006a1c300000] [id=19976]
  0x000001ae5a5c0020 GCTaskThread "GC Thread#7" [stack: 0x0000006a1c300000,0x0000006a1c400000] [id=13572]
  0x000001ae5acf1220 GCTaskThread "GC Thread#8" [stack: 0x0000006a1c400000,0x0000006a1c500000] [id=16368]
  0x000001ae5b203c60 GCTaskThread "GC Thread#9" [stack: 0x0000006a1c500000,0x0000006a1c600000] [id=19368]
  0x000001ae5aa5c150 GCTaskThread "GC Thread#10" [stack: 0x0000006a1ca00000,0x0000006a1cb00000] [id=3936]
  0x000001ae5aa5c960 GCTaskThread "GC Thread#11" [stack: 0x0000006a1d400000,0x0000006a1d500000] [id=16756]
  0x000001ae30970310 ConcurrentGCThread "G1 Main Marker" [stack: 0x0000006a19400000,0x0000006a19500000] [id=21144]
  0x000001ae30972c30 ConcurrentGCThread "G1 Conc#0" [stack: 0x0000006a19500000,0x0000006a19600000] [id=19072]
  0x000001ae5ae2b480 ConcurrentGCThread "G1 Conc#1" [stack: 0x0000006a1c600000,0x0000006a1c700000] [id=10060]
  0x000001ae5c67d5f0 ConcurrentGCThread "G1 Conc#2" [stack: 0x0000006a1c800000,0x0000006a1c900000] [id=8112]
  0x000001ae4f88fc50 ConcurrentGCThread "G1 Refine#0" [stack: 0x0000006a19600000,0x0000006a19700000] [id=5584]
  0x000001ae5b1fdd20 ConcurrentGCThread "G1 Refine#1" [stack: 0x0000006a1c700000,0x0000006a1c800000] [id=13472]
  0x000001ae5b1fda40 ConcurrentGCThread "G1 Refine#2" [stack: 0x0000006a1c900000,0x0000006a1ca00000] [id=19912]
  0x000001ae4f890570 ConcurrentGCThread "G1 Service" [stack: 0x0000006a19700000,0x0000006a19800000] [id=10632]

Threads with active compile tasks:

VM state: not at safepoint (normal execution)

VM Mutex/Monitor currently owned by a thread: None

Heap address: 0x000000070a600000, size: 3930 MB, Compressed Oops mode: Zero based, Oop shift amount: 3

CDS archive(s) not mapped
Compressed class space mapped at: 0x0000000800000000-0x0000000840000000, reserved size: 1073741824
Narrow klass base: 0x0000000800000000, Narrow klass shift: 0, Narrow klass range: 0x40000000

GC Precious Log:
 CPUs: 16 total, 16 available
 Memory: 15712M
 Large Page Support: Disabled
 NUMA Support: Disabled
 Compressed Oops: Enabled (Zero based)
 Heap Region Size: 2M
 Heap Min Capacity: 8M
 Heap Initial Capacity: 246M
 Heap Max Capacity: 3930M
 Pre-touch: Disabled
 Parallel Workers: 13
 Concurrent Workers: 3
 Concurrent Refinement Workers: 13
 Periodic GC: Disabled

Heap:
 garbage-first heap   total 81920K, used 37684K [0x000000070a600000, 0x0000000800000000)
  region size 2048K, 10 young (20480K), 1 survivors (2048K)
 Metaspace       used 31086K, committed 31296K, reserved 1114112K
  class space    used 3131K, committed 3200K, reserved 1048576K

Heap Regions: E=young(eden), S=young(survivor), O=old, HS=humongous(starts), HC=humongous(continues), CS=collection set, F=free, OA=open archive, CA=closed archive, TAMS=top-at-mark-start (previous, next)
|   0|0x000000070a600000, 0x000000070a800000, 0x000000070a800000|100%| O|  |TAMS 0x000000070a800000, 0x000000070a600000| Untracked 
|   1|0x000000070a800000, 0x000000070aa00000, 0x000000070aa00000|100%| O|  |TAMS 0x000000070aa00000, 0x000000070a800000| Untracked 
|   2|0x000000070aa00000, 0x000000070ac00000, 0x000000070ac00000|100%| O|  |TAMS 0x000000070ac00000, 0x000000070aa00000| Untracked 
|   3|0x000000070ac00000, 0x000000070ae00000, 0x000000070ae00000|100%| O|  |TAMS 0x000000070ae00000, 0x000000070ac00000| Untracked 
|   4|0x000000070ae00000, 0x000000070b000000, 0x000000070b000000|100%| O|  |TAMS 0x000000070b000000, 0x000000070ae00000| Untracked 
|   5|0x000000070b000000, 0x000000070b200000, 0x000000070b200000|100%| O|  |TAMS 0x000000070b200000, 0x000000070b000000| Untracked 
|   6|0x000000070b200000, 0x000000070b400000, 0x000000070b400000|100%| O|  |TAMS 0x000000070b400000, 0x000000070b200000| Untracked 
|   7|0x000000070b400000, 0x000000070b600000, 0x000000070b600000|100%| O|  |TAMS 0x000000070b600000, 0x000000070b400000| Untracked 
|   8|0x000000070b600000, 0x000000070b800000, 0x000000070b800000|100%| O|  |TAMS 0x000000070b6d8600, 0x000000070b600000| Untracked 
|   9|0x000000070b800000, 0x000000070b963600, 0x000000070ba00000| 69%| O|  |TAMS 0x000000070b800000, 0x000000070b800000| Untracked 
|  10|0x000000070ba00000, 0x000000070ba00000, 0x000000070bc00000|  0%| F|  |TAMS 0x000000070ba00000, 0x000000070ba00000| Untracked 
|  11|0x000000070bc00000, 0x000000070bc00000, 0x000000070be00000|  0%| F|  |TAMS 0x000000070bc00000, 0x000000070bc00000| Untracked 
|  12|0x000000070be00000, 0x000000070be00000, 0x000000070c000000|  0%| F|  |TAMS 0x000000070be00000, 0x000000070be00000| Untracked 
|  13|0x000000070c000000, 0x000000070c000000, 0x000000070c200000|  0%| F|  |TAMS 0x000000070c000000, 0x000000070c000000| Untracked 
|  14|0x000000070c200000, 0x000000070c200000, 0x000000070c400000|  0%| F|  |TAMS 0x000000070c200000, 0x000000070c200000| Untracked 
|  15|0x000000070c400000, 0x000000070c400000, 0x000000070c600000|  0%| F|  |TAMS 0x000000070c400000, 0x000000070c400000| Untracked 
|  16|0x000000070c600000, 0x000000070c600000, 0x000000070c800000|  0%| F|  |TAMS 0x000000070c600000, 0x000000070c600000| Untracked 
|  17|0x000000070c800000, 0x000000070c800000, 0x000000070ca00000|  0%| F|  |TAMS 0x000000070c800000, 0x000000070c800000| Untracked 
|  18|0x000000070ca00000, 0x000000070ca00000, 0x000000070cc00000|  0%| F|  |TAMS 0x000000070ca00000, 0x000000070ca00000| Untracked 
|  19|0x000000070cc00000, 0x000000070cc00000, 0x000000070ce00000|  0%| F|  |TAMS 0x000000070cc00000, 0x000000070cc00000| Untracked 
|  20|0x000000070ce00000, 0x000000070ce00000, 0x000000070d000000|  0%| F|  |TAMS 0x000000070ce00000, 0x000000070ce00000| Untracked 
|  21|0x000000070d000000, 0x000000070d000000, 0x000000070d200000|  0%| F|  |TAMS 0x000000070d000000, 0x000000070d000000| Untracked 
|  22|0x000000070d200000, 0x000000070d200000, 0x000000070d400000|  0%| F|  |TAMS 0x000000070d200000, 0x000000070d200000| Untracked 
|  23|0x000000070d400000, 0x000000070d400000, 0x000000070d600000|  0%| F|  |TAMS 0x000000070d400000, 0x000000070d400000| Untracked 
|  24|0x000000070d600000, 0x000000070d600000, 0x000000070d800000|  0%| F|  |TAMS 0x000000070d600000, 0x000000070d600000| Untracked 
|  25|0x000000070d800000, 0x000000070d800000, 0x000000070da00000|  0%| F|  |TAMS 0x000000070d800000, 0x000000070d800000| Untracked 
|  26|0x000000070da00000, 0x000000070da00000, 0x000000070dc00000|  0%| F|  |TAMS 0x000000070da00000, 0x000000070da00000| Untracked 
|  27|0x000000070dc00000, 0x000000070dc00000, 0x000000070de00000|  0%| F|  |TAMS 0x000000070dc00000, 0x000000070dc00000| Untracked 
|  28|0x000000070de00000, 0x000000070de00000, 0x000000070e000000|  0%| F|  |TAMS 0x000000070de00000, 0x000000070de00000| Untracked 
|  29|0x000000070e000000, 0x000000070e000000, 0x000000070e200000|  0%| F|  |TAMS 0x000000070e000000, 0x000000070e000000| Untracked 
|  30|0x000000070e200000, 0x000000070e38b130, 0x000000070e400000| 77%| E|  |TAMS 0x000000070e200000, 0x000000070e200000| Complete 
|  31|0x000000070e400000, 0x000000070e600000, 0x000000070e600000|100%| E|CS|TAMS 0x000000070e400000, 0x000000070e400000| Complete 
|  32|0x000000070e600000, 0x000000070e800000, 0x000000070e800000|100%| E|CS|TAMS 0x000000070e600000, 0x000000070e600000| Complete 
|  33|0x000000070e800000, 0x000000070ea00000, 0x000000070ea00000|100%| E|CS|TAMS 0x000000070e800000, 0x000000070e800000| Complete 
|  34|0x000000070ea00000, 0x000000070ec00000, 0x000000070ec00000|100%| E|CS|TAMS 0x000000070ea00000, 0x000000070ea00000| Complete 
|  35|0x000000070ec00000, 0x000000070ee00000, 0x000000070ee00000|100%| E|CS|TAMS 0x000000070ec00000, 0x000000070ec00000| Complete 
|  36|0x000000070ee00000, 0x000000070f000000, 0x000000070f000000|100%| E|CS|TAMS 0x000000070ee00000, 0x000000070ee00000| Complete 
|  37|0x000000070f000000, 0x000000070f200000, 0x000000070f200000|100%| E|CS|TAMS 0x000000070f000000, 0x000000070f000000| Complete 
| 111|0x0000000718400000, 0x0000000718569dc0, 0x0000000718600000| 70%| S|CS|TAMS 0x0000000718400000, 0x0000000718400000| Complete 
| 122|0x0000000719a00000, 0x0000000719c00000, 0x0000000719c00000|100%| E|CS|TAMS 0x0000000719a00000, 0x0000000719a00000| Complete 

Card table byte_map: [0x000001ae43fd0000,0x000001ae44780000] _byte_map_base: 0x000001ae4077d000

Marking Bits (Prev, Next): (CMBitMap*) 0x000001ae3095fcb0, (CMBitMap*) 0x000001ae3095fcf0
 Prev Bits: [0x000001ae44f30000, 0x000001ae48c98000)
 Next Bits: [0x000001ae48ca0000, 0x000001ae4ca08000)

Polling page: 0x000001ae2e850000

Metaspace:

Usage:
  Non-class:     27.30 MB used.
      Class:      3.06 MB used.
       Both:     30.36 MB used.

Virtual space:
  Non-class space:       64.00 MB reserved,      27.44 MB ( 43%) committed,  1 nodes.
      Class space:        1.00 GB reserved,       3.12 MB ( <1%) committed,  1 nodes.
             Both:        1.06 GB reserved,      30.56 MB (  3%) committed. 

Chunk freelists:
   Non-Class:  4.23 MB
       Class:  12.70 MB
        Both:  16.93 MB

MaxMetaspaceSize: unlimited
CompressedClassSpaceSize: 1.00 GB
Initial GC threshold: 21.00 MB
Current GC threshold: 43.38 MB
CDS: off
MetaspaceReclaimPolicy: balanced
 - commit_granule_bytes: 65536.
 - commit_granule_words: 8192.
 - virtual_space_node_default_size: 8388608.
 - enlarge_chunks_in_place: 1.
 - new_chunks_are_fully_committed: 0.
 - uncommit_free_chunks: 1.
 - use_allocation_guard: 0.
 - handle_deallocations: 1.


Internal statistics:

num_allocs_failed_limit: 3.
num_arena_births: 132.
num_arena_deaths: 0.
num_vsnodes_births: 2.
num_vsnodes_deaths: 0.
num_space_committed: 489.
num_space_uncommitted: 0.
num_chunks_returned_to_freelist: 3.
num_chunks_taken_from_freelist: 512.
num_chunk_merges: 0.
num_chunk_splits: 364.
num_chunks_enlarged: 287.
num_inconsistent_stats: 0.

CodeHeap 'non-profiled nmethods': size=119168Kb used=1775Kb max_used=1775Kb free=117392Kb
 bounds [0x000001ae3bb40000, 0x000001ae3bdb0000, 0x000001ae42fa0000]
CodeHeap 'profiled nmethods': size=119104Kb used=8262Kb max_used=8262Kb free=110841Kb
 bounds [0x000001ae33fa0000, 0x000001ae347c0000, 0x000001ae3b3f0000]
CodeHeap 'non-nmethods': size=7488Kb used=3077Kb max_used=3118Kb free=4410Kb
 bounds [0x000001ae3b3f0000, 0x000001ae3b700000, 0x000001ae3bb40000]
 total_blobs=4617 nmethods=3878 adapters=646
 compilation: enabled
              stopped_count=0, restarted_count=0
 full_count=0

Compilation events (20 events):
Event: 6.758 Thread 0x000001ae4fa96d40 nmethod 3869 0x000001ae347ab310 code [0x000001ae347ab540, 0x000001ae347abcc8]
Event: 6.759 Thread 0x000001ae5b4487b0 nmethod 3871 0x000001ae347ac090 code [0x000001ae347ac500, 0x000001ae347ae848]
Event: 6.759 Thread 0x000001ae5aba9bc0 3872       3       sun.java2d.d3d.D3DSurfaceData$D3DWindowSurfaceData::isDirty (18 bytes)
Event: 6.759 Thread 0x000001ae4fbef240 3873       3       sun.java2d.StateTrackableDelegate$1::isCurrent (17 bytes)
Event: 6.760 Thread 0x000001ae4fbef240 nmethod 3873 0x000001ae347af790 code [0x000001ae347af920, 0x000001ae347afa98]
Event: 6.760 Thread 0x000001ae5aba9bc0 nmethod 3872 0x000001ae347afb90 code [0x000001ae347afd40, 0x000001ae347aff68]
Event: 6.760 Thread 0x000001ae5b79b010 3874       4       javax.swing.JComponent::getX (5 bytes)
Event: 6.760 Thread 0x000001ae4fdc9190 3875       4       javax.swing.JComponent::getY (5 bytes)
Event: 6.760 Thread 0x000001ae5b79b010 nmethod 3874 0x000001ae3bcf8710 code [0x000001ae3bcf8880, 0x000001ae3bcf88f8]
Event: 6.760 Thread 0x000001ae4fdc9190 nmethod 3875 0x000001ae3bcf8a10 code [0x000001ae3bcf8b80, 0x000001ae3bcf8bf8]
Event: 6.767 Thread 0x000001ae4fbef240 3876       3       javax.swing.plaf.nimbus.ImageCache$PixelCountSoftReference::equals (42 bytes)
Event: 6.767 Thread 0x000001ae4fbef240 nmethod 3876 0x000001ae347b0010 code [0x000001ae347b01c0, 0x000001ae347b0428]
Event: 6.770 Thread 0x000001ae4fdc9190 3877 %     4       sun.java2d.marlin.MarlinTileGenerator::getAlphaRLE @ 1249 (1749 bytes)
Event: 6.771 Thread 0x000001ae4fa96d40 3878  s    3       javax.swing.RepaintManager::getPaintManager (107 bytes)
Event: 6.772 Thread 0x000001ae4fa96d40 nmethod 3878 0x000001ae347b0510 code [0x000001ae347b0740, 0x000001ae347b0fb8]
Event: 6.772 Thread 0x000001ae5b4487b0 3879       1       java.awt.AWTEvent::isConsumed (5 bytes)
Event: 6.772 Thread 0x000001ae5b4487b0 nmethod 3879 0x000001ae3bcf8d10 code [0x000001ae3bcf8ea0, 0x000001ae3bcf8f78]
Event: 6.774 Thread 0x000001ae5b4487b0 3880   !   3       java.util.concurrent.ConcurrentHashMap::initTable (112 bytes)
Event: 6.774 Thread 0x000001ae5b4487b0 nmethod 3880 0x000001ae347b1210 code [0x000001ae347b13e0, 0x000001ae347b1988]
Event: 6.795 Thread 0x000001ae4fdc9190 nmethod 3877% 0x000001ae3bcf9010 code [0x000001ae3bcf9220, 0x000001ae3bcfa8f8]

GC Heap History (12 events):
Event: 3.538 GC heap before
{Heap before GC invocations=0 (full 0):
 garbage-first heap   total 251904K, used 20480K [0x000000070a600000, 0x0000000800000000)
  region size 2048K, 11 young (22528K), 0 survivors (0K)
 Metaspace       used 21328K, committed 21504K, reserved 1114112K
  class space    used 2172K, committed 2304K, reserved 1048576K
}
Event: 3.542 GC heap after
{Heap after GC invocations=1 (full 0):
 garbage-first heap   total 251904K, used 7356K [0x000000070a600000, 0x0000000800000000)
  region size 2048K, 2 young (4096K), 2 survivors (4096K)
 Metaspace       used 21328K, committed 21504K, reserved 1114112K
  class space    used 2172K, committed 2304K, reserved 1048576K
}
Event: 6.101 GC heap before
{Heap before GC invocations=2 (full 0):
 garbage-first heap   total 34816K, used 17596K [0x000000070a600000, 0x0000000800000000)
  region size 2048K, 7 young (14336K), 2 survivors (4096K)
 Metaspace       used 23992K, committed 24128K, reserved 1114112K
  class space    used 2384K, committed 2432K, reserved 1048576K
}
Event: 6.104 GC heap after
{Heap after GC invocations=3 (full 0):
 garbage-first heap   total 34816K, used 8646K [0x000000070a600000, 0x0000000800000000)
  region size 2048K, 1 young (2048K), 1 survivors (2048K)
 Metaspace       used 23992K, committed 24128K, reserved 1114112K
  class space    used 2384K, committed 2432K, reserved 1048576K
}
Event: 6.133 GC heap before
{Heap before GC invocations=3 (full 0):
 garbage-first heap   total 34816K, used 10694K [0x000000070a600000, 0x0000000800000000)
  region size 2048K, 2 young (4096K), 1 survivors (2048K)
 Metaspace       used 24637K, committed 24832K, reserved 1114112K
  class space    used 2458K, committed 2560K, reserved 1048576K
}
Event: 6.135 GC heap after
{Heap after GC invocations=4 (full 0):
 garbage-first heap   total 34816K, used 8716K [0x000000070a600000, 0x0000000800000000)
  region size 2048K, 1 young (2048K), 1 survivors (2048K)
 Metaspace       used 24637K, committed 24832K, reserved 1114112K
  class space    used 2458K, committed 2560K, reserved 1048576K
}
Event: 6.236 GC heap before
{Heap before GC invocations=4 (full 0):
 garbage-first heap   total 34816K, used 18956K [0x000000070a600000, 0x0000000800000000)
  region size 2048K, 6 young (12288K), 1 survivors (2048K)
 Metaspace       used 26062K, committed 26240K, reserved 1114112K
  class space    used 2613K, committed 2688K, reserved 1048576K
}
Event: 6.239 GC heap after
{Heap after GC invocations=5 (full 0):
 garbage-first heap   total 34816K, used 12646K [0x000000070a600000, 0x0000000800000000)
  region size 2048K, 1 young (2048K), 1 survivors (2048K)
 Metaspace       used 26062K, committed 26240K, reserved 1114112K
  class space    used 2613K, committed 2688K, reserved 1048576K
}
Event: 6.287 GC heap before
{Heap before GC invocations=5 (full 0):
 garbage-first heap   total 34816K, used 20838K [0x000000070a600000, 0x0000000800000000)
  region size 2048K, 5 young (10240K), 1 survivors (2048K)
 Metaspace       used 26085K, committed 26304K, reserved 1114112K
  class space    used 2613K, committed 2688K, reserved 1048576K
}
Event: 6.292 GC heap after
{Heap after GC invocations=6 (full 0):
 garbage-first heap   total 34816K, used 19297K [0x000000070a600000, 0x0000000800000000)
  region size 2048K, 1 young (2048K), 1 survivors (2048K)
 Metaspace       used 26085K, committed 26304K, reserved 1114112K
  class space    used 2613K, committed 2688K, reserved 1048576K
}
Event: 6.401 GC heap before
{Heap before GC invocations=6 (full 0):
 garbage-first heap   total 34816K, used 21345K [0x000000070a600000, 0x0000000800000000)
  region size 2048K, 2 young (4096K), 1 survivors (2048K)
 Metaspace       used 26303K, committed 26560K, reserved 1114112K
  class space    used 2629K, committed 2752K, reserved 1048576K
}
Event: 6.403 GC heap after
{Heap after GC invocations=7 (full 0):
 garbage-first heap   total 143360K, used 21300K [0x000000070a600000, 0x0000000800000000)
  region size 2048K, 1 young (2048K), 1 survivors (2048K)
 Metaspace       used 26303K, committed 26560K, reserved 1114112K
  class space    used 2629K, committed 2752K, reserved 1048576K
}

Dll operation events (9 events):
Event: 0.005 Loaded shared library C:\Users\doubl\.p2\pool\plugins\org.eclipse.justj.openjdk.hotspot.jre.full.win32.x86_64_17.0.7.v20230425-1502\jre\bin\java.dll
Event: 0.101 Loaded shared library C:\Users\doubl\.p2\pool\plugins\org.eclipse.justj.openjdk.hotspot.jre.full.win32.x86_64_17.0.7.v20230425-1502\jre\bin\jimage.dll
Event: 0.106 Loaded shared library C:\Users\doubl\.p2\pool\plugins\org.eclipse.justj.openjdk.hotspot.jre.full.win32.x86_64_17.0.7.v20230425-1502\jre\bin\awt.dll
Event: 0.136 Loaded shared library C:\Users\doubl\.p2\pool\plugins\org.eclipse.justj.openjdk.hotspot.jre.full.win32.x86_64_17.0.7.v20230425-1502\jre\bin\net.dll
Event: 0.137 Loaded shared library C:\Users\doubl\.p2\pool\plugins\org.eclipse.justj.openjdk.hotspot.jre.full.win32.x86_64_17.0.7.v20230425-1502\jre\bin\nio.dll
Event: 0.142 Loaded shared library C:\Users\doubl\.p2\pool\plugins\org.eclipse.justj.openjdk.hotspot.jre.full.win32.x86_64_17.0.7.v20230425-1502\jre\bin\zip.dll
Event: 0.217 Loaded shared library C:\Users\doubl\.p2\pool\plugins\org.eclipse.justj.openjdk.hotspot.jre.full.win32.x86_64_17.0.7.v20230425-1502\jre\bin\freetype.dll
Event: 0.217 Loaded shared library C:\Users\doubl\.p2\pool\plugins\org.eclipse.justj.openjdk.hotspot.jre.full.win32.x86_64_17.0.7.v20230425-1502\jre\bin\fontmanager.dll
Event: 6.425 Loaded shared library C:\Users\doubl\Desktop\Breathe\BREATHE\Java\PulseJNI.dll

Deoptimization events (20 events):
Event: 6.528 Thread 0x000001ae54290020 DEOPT PACKING pc=0x000001ae344f45a1 sp=0x0000006a1aafb9c0
Event: 6.528 Thread 0x000001ae54290020 DEOPT UNPACKING pc=0x000001ae3b447143 sp=0x0000006a1aafae10 mode 0
Event: 6.582 Thread 0x000001ae54722800 DEOPT PACKING pc=0x000001ae34012744 sp=0x0000006a1d5fc4a0
Event: 6.582 Thread 0x000001ae54722800 DEOPT UNPACKING pc=0x000001ae3b447143 sp=0x0000006a1d5fb950 mode 0
Event: 6.600 Thread 0x000001ae54722800 Uncommon trap: trap_request=0xffffffde fr.pc=0x000001ae3bc7995c relative=0x0000000000000d3c
Event: 6.600 Thread 0x000001ae54722800 Uncommon trap: reason=class_check action=maybe_recompile pc=0x000001ae3bc7995c method=java.util.concurrent.ConcurrentHashMap.putVal(Ljava/lang/Object;Ljava/lang/Object;Z)Ljava/lang/Object; @ 159 c2
Event: 6.600 Thread 0x000001ae54722800 DEOPT PACKING pc=0x000001ae3bc7995c sp=0x0000006a1d5fc840
Event: 6.600 Thread 0x000001ae54722800 DEOPT UNPACKING pc=0x000001ae3b4469a3 sp=0x0000006a1d5fc7c0 mode 2
Event: 6.601 Thread 0x000001ae54722800 Uncommon trap: trap_request=0xffffffde fr.pc=0x000001ae3bc7995c relative=0x0000000000000d3c
Event: 6.601 Thread 0x000001ae54722800 Uncommon trap: reason=class_check action=maybe_recompile pc=0x000001ae3bc7995c method=java.util.concurrent.ConcurrentHashMap.putVal(Ljava/lang/Object;Ljava/lang/Object;Z)Ljava/lang/Object; @ 159 c2
Event: 6.601 Thread 0x000001ae54722800 DEOPT PACKING pc=0x000001ae3bc7995c sp=0x0000006a1d5fc6e0
Event: 6.601 Thread 0x000001ae54722800 DEOPT UNPACKING pc=0x000001ae3b4469a3 sp=0x0000006a1d5fc660 mode 2
Event: 6.601 Thread 0x000001ae54722800 Uncommon trap: trap_request=0xffffffde fr.pc=0x000001ae3bc7995c relative=0x0000000000000d3c
Event: 6.601 Thread 0x000001ae54722800 Uncommon trap: reason=class_check action=maybe_recompile pc=0x000001ae3bc7995c method=java.util.concurrent.ConcurrentHashMap.putVal(Ljava/lang/Object;Ljava/lang/Object;Z)Ljava/lang/Object; @ 159 c2
Event: 6.601 Thread 0x000001ae54722800 DEOPT PACKING pc=0x000001ae3bc7995c sp=0x0000006a1d5fc6e0
Event: 6.601 Thread 0x000001ae54722800 DEOPT UNPACKING pc=0x000001ae3b4469a3 sp=0x0000006a1d5fc660 mode 2
Event: 6.601 Thread 0x000001ae54722800 Uncommon trap: trap_request=0xffffffde fr.pc=0x000001ae3bc7995c relative=0x0000000000000d3c
Event: 6.601 Thread 0x000001ae54722800 Uncommon trap: reason=class_check action=maybe_recompile pc=0x000001ae3bc7995c method=java.util.concurrent.ConcurrentHashMap.putVal(Ljava/lang/Object;Ljava/lang/Object;Z)Ljava/lang/Object; @ 159 c2
Event: 6.601 Thread 0x000001ae54722800 DEOPT PACKING pc=0x000001ae3bc7995c sp=0x0000006a1d5fc6e0
Event: 6.601 Thread 0x000001ae54722800 DEOPT UNPACKING pc=0x000001ae3b4469a3 sp=0x0000006a1d5fc660 mode 2

Classes unloaded (0 events):
No events

Classes redefined (0 events):
No events

Internal exceptions (20 events):
Event: 0.255 Thread 0x000001ae54290020 Exception <a 'java/lang/ClassNotFoundException'{0x00000007195792c8}: javax/swing/JTreeCell> (0x00000007195792c8) 
thrown [s\src\hotspot\share\classfile\systemDictionary.cpp, line 256]
Event: 0.255 Thread 0x000001ae54290020 Exception <a 'java/lang/ClassNotFoundException'{0x00000007195795c8}: TreeCell> (0x00000007195795c8) 
thrown [s\src\hotspot\share\classfile\systemDictionary.cpp, line 256]
Event: 0.256 Thread 0x000001ae54290020 Exception <a 'java/lang/ClassNotFoundException'{0x0000000719579dc0}: RootPane> (0x0000000719579dc0) 
thrown [s\src\hotspot\share\classfile\systemDictionary.cpp, line 256]
Event: 0.257 Thread 0x000001ae54290020 Exception <a 'java/lang/NoSuchMethodError'{0x000000071957b7c8}: 'void java.lang.invoke.DirectMethodHandle$Holder.invokeSpecial(java.lang.Object, java.lang.Object, java.lang.Object)'> (0x000000071957b7c8) 
thrown [s\src\hotspot\share\interpreter\linkResolver.cpp, line 759]
Event: 0.263 Thread 0x000001ae54290020 Exception <a 'java/lang/NoSuchMethodError'{0x0000000719588dd0}: 'java.lang.Object java.lang.invoke.DirectMethodHandle$Holder.invokeStatic(java.lang.Object, int, java.lang.Object, java.lang.Object, java.lang.Object, java.lang.Object)'> (0x0000000719588dd0) 
thrown [s\src\hotspot\share\interpreter\linkResolver.cpp, line 759]
Event: 0.312 Thread 0x000001ae54290020 Exception <a 'java/lang/ClassNotFoundException'{0x00000007195fd268}: com/sun/swing/internal/plaf/synth/resources/spi/synthProvider> (0x00000007195fd268) 
thrown [s\src\hotspot\share\classfile\systemDictionary.cpp, line 256]
Event: 0.312 Thread 0x000001ae54290020 Exception <a 'java/lang/ClassNotFoundException'{0x0000000719201c30}: com/sun/swing/internal/plaf/basic/resources/spi/basicProvider> (0x0000000719201c30) 
thrown [s\src\hotspot\share\classfile\systemDictionary.cpp, line 256]
Event: 0.396 Thread 0x000001ae54290020 Exception <a 'java/lang/NoSuchMethodError'{0x000000071939b6d0}: 'java.lang.Object java.lang.invoke.DirectMethodHandle$Holder.newInvokeSpecial(java.lang.Object, java.lang.Object, java.lang.Object, java.lang.Object, java.lang.Object, java.lang.Object)'> (0x000000071939b6d0) 
thrown [s\src\hotspot\share\interpreter\linkResolver.cpp, line 759]
Event: 0.397 Thread 0x000001ae54290020 Exception <a 'java/lang/NoSuchMethodError'{0x00000007193a3ba8}: 'void java.lang.invoke.DirectMethodHandle$Holder.invokeSpecial(java.lang.Object, java.lang.Object, java.lang.Object, java.lang.Object, java.lang.Object)'> (0x00000007193a3ba8) 
thrown [s\src\hotspot\share\interpreter\linkResolver.cpp, line 759]
Event: 0.472 Thread 0x000001ae54290020 Exception <a 'java/lang/NoSuchMethodError'{0x0000000718f32950}: 'java.lang.Object java.lang.invoke.DirectMethodHandle$Holder.newInvokeSpecial(java.lang.Object, java.lang.Object, java.lang.Object, java.lang.Object, java.lang.Object)'> (0x0000000718f32950) 
thrown [s\src\hotspot\share\interpreter\linkResolver.cpp, line 759]
Event: 0.554 Thread 0x000001ae541c3090 Exception <a 'java/lang/NoSuchMethodError'{0x000000071940fc38}: 'void java.lang.invoke.DirectMethodHandle$Holder.invokeVirtual(java.lang.Object, java.lang.Object)'> (0x000000071940fc38) 
thrown [s\src\hotspot\share\interpreter\linkResolver.cpp, line 759]
Event: 0.566 Thread 0x000001ae54290020 Exception <a 'java/lang/NoSuchMethodError'{0x0000000718d86008}: 'void java.lang.invoke.DirectMethodHandle$Holder.invokeStaticInit(java.lang.Object)'> (0x0000000718d86008) 
thrown [s\src\hotspot\share\interpreter\linkResolver.cpp, line 759]
Event: 3.359 Thread 0x000001ae54290020 Exception <a 'java/lang/NoSuchMethodError'{0x00000007188c9308}: 'void java.lang.invoke.DirectMethodHandle$Holder.invokeStatic(java.lang.Object, java.lang.Object, java.lang.Object)'> (0x00000007188c9308) 
thrown [s\src\hotspot\share\interpreter\linkResolver.cpp, line 759]
Event: 3.360 Thread 0x000001ae54290020 Exception <a 'java/lang/NoSuchMethodError'{0x00000007188cf7f0}: 'void java.lang.invoke.DirectMethodHandle$Holder.invokeStatic(java.lang.Object, java.lang.Object)'> (0x00000007188cf7f0) 
thrown [s\src\hotspot\share\interpreter\linkResolver.cpp, line 759]
Event: 3.574 Thread 0x000001ae54290020 Exception <a 'java/lang/NoSuchMethodError'{0x0000000719a1e878}: 'int java.lang.invoke.DirectMethodHandle$Holder.invokeStatic(java.lang.Object)'> (0x0000000719a1e878) 
thrown [s\src\hotspot\share\interpreter\linkResolver.cpp, line 759]
Event: 3.620 Thread 0x000001ae54290020 Implicit null exception at 0x000001ae3bc336aa to 0x000001ae3bc33e24
Event: 3.635 Thread 0x000001ae54290020 Implicit null exception at 0x000001ae3bc36b4f to 0x000001ae3bc37149
Event: 3.635 Thread 0x000001ae54290020 Implicit null exception at 0x000001ae3bc336aa to 0x000001ae3bc33e24
Event: 3.635 Thread 0x000001ae54290020 Implicit null exception at 0x000001ae3bc36b4f to 0x000001ae3bc37149
Event: 3.635 Thread 0x000001ae54290020 Implicit null exception at 0x000001ae3bc336aa to 0x000001ae3bc33e24

VM Operations (20 events):
Event: 6.187 Executing VM operation: HandshakeAllThreads
Event: 6.187 Executing VM operation: HandshakeAllThreads done
Event: 6.236 Executing VM operation: G1CollectForAllocation
Event: 6.239 Executing VM operation: G1CollectForAllocation done
Event: 6.287 Executing VM operation: G1CollectForAllocation
Event: 6.292 Executing VM operation: G1CollectForAllocation done
Event: 6.398 Executing VM operation: HandshakeAllThreads
Event: 6.398 Executing VM operation: HandshakeAllThreads done
Event: 6.400 Executing VM operation: G1CollectForAllocation
Event: 6.403 Executing VM operation: G1CollectForAllocation done
Event: 6.412 Executing VM operation: G1Concurrent
Event: 6.414 Executing VM operation: G1Concurrent done
Event: 6.419 Executing VM operation: G1Concurrent
Event: 6.419 Executing VM operation: G1Concurrent done
Event: 6.550 Executing VM operation: HandshakeAllThreads
Event: 6.550 Executing VM operation: HandshakeAllThreads done
Event: 6.655 Executing VM operation: HandshakeAllThreads
Event: 6.655 Executing VM operation: HandshakeAllThreads done
Event: 6.675 Executing VM operation: ICBufferFull
Event: 6.675 Executing VM operation: ICBufferFull done

Events (20 events):
Event: 6.628 loading class java/io/StringWriter
Event: 6.628 loading class java/io/StringWriter done
Event: 6.634 loading class java/util/concurrent/atomic/AtomicIntegerArray
Event: 6.634 loading class java/util/concurrent/atomic/AtomicIntegerArray done
Event: 6.634 loading class java/net/URISyntaxException
Event: 6.634 loading class java/net/URISyntaxException done
Event: 6.634 loading class java/net/InetAddress
Event: 6.635 loading class java/net/InetAddress done
Event: 6.682 loading class java/util/Collections$UnmodifiableMap$UnmodifiableEntrySet
Event: 6.683 loading class java/util/Collections$UnmodifiableMap$UnmodifiableEntrySet done
Event: 6.683 loading class java/util/Collections$UnmodifiableMap$UnmodifiableEntrySet$1
Event: 6.683 loading class java/util/Collections$UnmodifiableMap$UnmodifiableEntrySet$1 done
Event: 6.683 loading class java/util/Collections$UnmodifiableMap$UnmodifiableEntrySet$UnmodifiableEntry
Event: 6.683 loading class java/util/Collections$UnmodifiableMap$UnmodifiableEntrySet$UnmodifiableEntry done
Event: 6.687 loading class java/lang/reflect/GenericArrayType
Event: 6.687 loading class java/lang/reflect/GenericArrayType done
Event: 6.687 loading class java/lang/reflect/WildcardType
Event: 6.687 loading class java/lang/reflect/WildcardType done
Event: 6.687 loading class java/lang/reflect/ParameterizedType
Event: 6.687 loading class java/lang/reflect/ParameterizedType done


Dynamic libraries:
0x00007ff78d100000 - 0x00007ff78d10e000 	C:\Users\doubl\.p2\pool\plugins\org.eclipse.justj.openjdk.hotspot.jre.full.win32.x86_64_17.0.7.v20230425-1502\jre\bin\javaw.exe
0x00007ff8765b0000 - 0x00007ff8767c7000 	C:\windows\SYSTEM32\ntdll.dll
0x00007ff8764a0000 - 0x00007ff876564000 	C:\windows\System32\KERNEL32.DLL
0x00007ff873b80000 - 0x00007ff873f2d000 	C:\windows\System32\KERNELBASE.dll
0x00007ff873ff0000 - 0x00007ff874101000 	C:\windows\System32\ucrtbase.dll
0x00007ff86cfb0000 - 0x00007ff86cfc7000 	C:\Users\doubl\.p2\pool\plugins\org.eclipse.justj.openjdk.hotspot.jre.full.win32.x86_64_17.0.7.v20230425-1502\jre\bin\jli.dll
0x00007ff85d9e0000 - 0x00007ff85d9f9000 	C:\Users\doubl\.p2\pool\plugins\org.eclipse.justj.openjdk.hotspot.jre.full.win32.x86_64_17.0.7.v20230425-1502\jre\bin\VCRUNTIME140.dll
0x00007ff875e10000 - 0x00007ff875fbe000 	C:\windows\System32\USER32.dll
0x00007ff869780000 - 0x00007ff869a13000 	C:\windows\WinSxS\amd64_microsoft.windows.common-controls_6595b64144ccf1df_6.0.22621.3672_none_2713b9d173822955\COMCTL32.dll
0x00007ff874190000 - 0x00007ff8741b6000 	C:\windows\System32\win32u.dll
0x00007ff8742e0000 - 0x00007ff874387000 	C:\windows\System32\msvcrt.dll
0x00007ff875830000 - 0x00007ff875859000 	C:\windows\System32\GDI32.dll
0x00007ff8741c0000 - 0x00007ff8742d9000 	C:\windows\System32\gdi32full.dll
0x00007ff8738d0000 - 0x00007ff87396a000 	C:\windows\System32\msvcp_win.dll
0x00007ff875410000 - 0x00007ff875441000 	C:\windows\System32\IMM32.DLL
0x00007ff86cec0000 - 0x00007ff86cecc000 	C:\Users\doubl\.p2\pool\plugins\org.eclipse.justj.openjdk.hotspot.jre.full.win32.x86_64_17.0.7.v20230425-1502\jre\bin\vcruntime140_1.dll
0x00007ff843cc0000 - 0x00007ff843d51000 	C:\Users\doubl\.p2\pool\plugins\org.eclipse.justj.openjdk.hotspot.jre.full.win32.x86_64_17.0.7.v20230425-1502\jre\bin\msvcp140.dll
0x00007fffcdca0000 - 0x00007fffce8e8000 	C:\Users\doubl\.p2\pool\plugins\org.eclipse.justj.openjdk.hotspot.jre.full.win32.x86_64_17.0.7.v20230425-1502\jre\bin\server\jvm.dll
0x00007ff875160000 - 0x00007ff875212000 	C:\windows\System32\ADVAPI32.dll
0x00007ff875550000 - 0x00007ff8755f9000 	C:\windows\System32\sechost.dll
0x00007ff873b50000 - 0x00007ff873b78000 	C:\windows\System32\bcrypt.dll
0x00007ff875bf0000 - 0x00007ff875d04000 	C:\windows\System32\RPCRT4.dll
0x00007ff851080000 - 0x00007ff851089000 	C:\windows\SYSTEM32\WSOCK32.dll
0x00007ff86d570000 - 0x00007ff86d5a4000 	C:\windows\SYSTEM32\WINMM.dll
0x00007ff875d90000 - 0x00007ff875e01000 	C:\windows\System32\WS2_32.dll
0x00007ff868320000 - 0x00007ff86832a000 	C:\windows\SYSTEM32\VERSION.dll
0x00007ff872960000 - 0x00007ff872978000 	C:\windows\SYSTEM32\kernel.appcore.dll
0x00007ff85da70000 - 0x00007ff85da7a000 	C:\Users\doubl\.p2\pool\plugins\org.eclipse.justj.openjdk.hotspot.jre.full.win32.x86_64_17.0.7.v20230425-1502\jre\bin\jimage.dll
0x00007ff870df0000 - 0x00007ff871022000 	C:\windows\SYSTEM32\DBGHELP.DLL
0x00007ff875860000 - 0x00007ff875bee000 	C:\windows\System32\combase.dll
0x00007ff874810000 - 0x00007ff8748e7000 	C:\windows\System32\OLEAUT32.dll
0x00007ff869e10000 - 0x00007ff869e42000 	C:\windows\SYSTEM32\dbgcore.DLL
0x00007ff874110000 - 0x00007ff87418b000 	C:\windows\System32\bcryptPrimitives.dll
0x00007ff85a8b0000 - 0x00007ff85a8d5000 	C:\Users\doubl\.p2\pool\plugins\org.eclipse.justj.openjdk.hotspot.jre.full.win32.x86_64_17.0.7.v20230425-1502\jre\bin\java.dll
0x00007ff85b390000 - 0x00007ff85b3a8000 	C:\Users\doubl\.p2\pool\plugins\org.eclipse.justj.openjdk.hotspot.jre.full.win32.x86_64_17.0.7.v20230425-1502\jre\bin\zip.dll
0x00007ff8748f0000 - 0x00007ff875157000 	C:\windows\System32\SHELL32.dll
0x00007ff871800000 - 0x00007ff8720ff000 	C:\windows\SYSTEM32\windows.storage.dll
0x00007ff8716c0000 - 0x00007ff8717ff000 	C:\windows\SYSTEM32\wintypes.dll
0x00007ff875310000 - 0x00007ff875409000 	C:\windows\System32\SHCORE.dll
0x00007ff8752b0000 - 0x00007ff87530e000 	C:\windows\System32\shlwapi.dll
0x00007ff873800000 - 0x00007ff873827000 	C:\windows\SYSTEM32\profapi.dll
0x00007ff832eb0000 - 0x00007ff83303e000 	C:\Users\doubl\.p2\pool\plugins\org.eclipse.justj.openjdk.hotspot.jre.full.win32.x86_64_17.0.7.v20230425-1502\jre\bin\awt.dll
0x00007ff86bbb0000 - 0x00007ff86bc47000 	C:\windows\SYSTEM32\apphelp.dll
0x00007ff85a800000 - 0x00007ff85a819000 	C:\Users\doubl\.p2\pool\plugins\org.eclipse.justj.openjdk.hotspot.jre.full.win32.x86_64_17.0.7.v20230425-1502\jre\bin\net.dll
0x00007ff86f440000 - 0x00007ff86f576000 	C:\windows\SYSTEM32\WINHTTP.dll
0x00007ff872e00000 - 0x00007ff872e69000 	C:\windows\system32\mswsock.dll
0x00007ff857b80000 - 0x00007ff857b95000 	C:\Users\doubl\.p2\pool\plugins\org.eclipse.justj.openjdk.hotspot.jre.full.win32.x86_64_17.0.7.v20230425-1502\jre\bin\nio.dll
0x00007ff870a50000 - 0x00007ff870b01000 	C:\windows\system32\uxtheme.dll
0x00007ff876220000 - 0x00007ff87637e000 	C:\windows\System32\MSCTF.dll
0x00007ff875fc0000 - 0x00007ff876165000 	C:\windows\System32\ole32.dll
0x00007ff835b20000 - 0x00007ff835ba6000 	C:\Users\doubl\.p2\pool\plugins\org.eclipse.justj.openjdk.hotspot.jre.full.win32.x86_64_17.0.7.v20230425-1502\jre\bin\freetype.dll
0x00007ff825540000 - 0x00007ff825605000 	C:\Users\doubl\.p2\pool\plugins\org.eclipse.justj.openjdk.hotspot.jre.full.win32.x86_64_17.0.7.v20230425-1502\jre\bin\fontmanager.dll
0x00007ff870cf0000 - 0x00007ff870d1b000 	C:\windows\system32\DWMAPI.DLL
0x00007ff82f920000 - 0x00007ff82fa20000 	C:\windows\system32\opengl32.dll
0x00007ff833d40000 - 0x00007ff833d6d000 	C:\windows\SYSTEM32\GLU32.dll
0x00007ff870b80000 - 0x00007ff870bb7000 	C:\windows\SYSTEM32\dxcore.dll
0x00007ff831ec0000 - 0x00007ff832068000 	C:\windows\system32\d3d9.dll
0x00007ff863720000 - 0x00007ff8638db000 	C:\windows\System32\DriverStore\FileRepository\u0391077.inf_amd64_67fd0eeeedac332d\B385477\aticfx64.dll
0x00007ff84f880000 - 0x00007ff84f8b4000 	C:\windows\System32\DriverStore\FileRepository\u0391077.inf_amd64_67fd0eeeedac332d\B385477\atiu9p64.dll
0x00007ff832070000 - 0x00007ff832dc5000 	C:\windows\System32\DriverStore\FileRepository\u0391077.inf_amd64_67fd0eeeedac332d\B385477\atiumd64.dll
0x000000006d5b0000 - 0x000000006e4d7000 	C:\windows\System32\DriverStore\FileRepository\u0391077.inf_amd64_67fd0eeeedac332d\B385477\atiumd6a.dll
0x00007ff874390000 - 0x00007ff874804000 	C:\windows\System32\SETUPAPI.dll
0x00007ff872f20000 - 0x00007ff872f6d000 	C:\windows\SYSTEM32\POWRPROF.dll
0x00007ff872f00000 - 0x00007ff872f13000 	C:\windows\SYSTEM32\UMPDC.dll
0x00007ff863e60000 - 0x00007ff863e95000 	C:\windows\SYSTEM32\amdihk64.dll
0x00007ff869f60000 - 0x00007ff869fa9000 	C:\windows\SYSTEM32\directxdatabasehelper.dll
0x00007ff8763e0000 - 0x00007ff876490000 	C:\windows\System32\clbcatq.dll
0x00007ff870880000 - 0x00007ff870a31000 	C:\windows\SYSTEM32\WindowsCodecs.dll
0x00007ff851a40000 - 0x00007ff851a9e000 	C:\windows\system32\dataexchange.dll
0x00007ff866720000 - 0x00007ff8669aa000 	C:\windows\system32\twinapi.appcore.dll
0x00007ff8556e0000 - 0x00007ff855823000 	C:\windows\SYSTEM32\textinputframework.dll
0x00007ff86b8c0000 - 0x00007ff86b9f3000 	C:\windows\SYSTEM32\CoreMessaging.dll
0x00007ff869170000 - 0x00007ff8694dd000 	C:\windows\SYSTEM32\CoreUIComponents.dll
0x00007ff8730f0000 - 0x00007ff8730fc000 	C:\windows\SYSTEM32\CRYPTBASE.DLL
0x00007ff858a50000 - 0x00007ff858b03000 	C:\windows\WinSxS\amd64_microsoft.windows.common-controls_6595b64144ccf1df_5.82.22621.3527_none_b43b7f4b638cc64f\comctl32.dll
0x00007ff8735c0000 - 0x00007ff87360e000 	C:\windows\SYSTEM32\CFGMGR32.dll
0x00007ff86feb0000 - 0x00007ff86ffb0000 	C:\windows\system32\propsys.dll
0x00007ff866a10000 - 0x00007ff866a2a000 	C:\windows\system32\NetworkExplorer.dll
0x00007ff857ec0000 - 0x00007ff857ede000 	C:\windows\SYSTEM32\MPR.dll
0x00007ff825870000 - 0x00007ff82589b000 	C:\windows\System32\p9np.dll
0x00007ff8350a0000 - 0x00007ff8350ac000 	C:\windows\System32\drprov.dll
0x00007ff825340000 - 0x00007ff825362000 	C:\windows\System32\ntlanman.dll
0x00007ff834b80000 - 0x00007ff834b9f000 	C:\windows\System32\davclnt.dll
0x00007ff8728f0000 - 0x00007ff872956000 	C:\windows\System32\WINSTA.dll
0x00007ff86efd0000 - 0x00007ff86efea000 	C:\windows\System32\wkscli.dll
0x00007ff84ee90000 - 0x00007ff84eea2000 	C:\windows\SYSTEM32\cscapi.dll
0x00007ff872320000 - 0x00007ff87232c000 	C:\windows\System32\netutils.dll
0x00007ff85daa0000 - 0x00007ff85daf6000 	C:\Windows\System32\dlnashext.dll
0x00007ff843c30000 - 0x00007ff843c99000 	C:\Windows\System32\PlayToDevice.dll
0x00007ff84fe00000 - 0x00007ff84fe21000 	C:\Windows\System32\DevDispItemProvider.dll
0x00007ff867cd0000 - 0x00007ff867d6e000 	C:\windows\System32\MMDevApi.dll
0x00007ff873590000 - 0x00007ff8735bc000 	C:\windows\System32\DEVOBJ.dll
0x00007ff80bb20000 - 0x00007ff80bbc9000 	C:\windows\system32\wpdshext.dll
0x00007ff834c10000 - 0x00007ff834dc9000 	C:\windows\WinSxS\amd64_microsoft.windows.gdiplus_6595b64144ccf1df_1.1.22621.3810_none_57f8d842ce19d879\gdiplus.dll
0x00007ff836b60000 - 0x00007ff836bfe000 	C:\Windows\System32\PortableDeviceApi.dll
0x00007ff873ae0000 - 0x00007ff873b4b000 	C:\windows\System32\WINTRUST.dll
0x00007ff873970000 - 0x00007ff873ad6000 	C:\windows\System32\CRYPT32.dll
0x00007ff873130000 - 0x00007ff873142000 	C:\windows\SYSTEM32\MSASN1.dll
0x00007ff83f530000 - 0x00007ff83f567000 	C:\Windows\System32\EhStorShell.dll
0x00007ff851110000 - 0x00007ff851134000 	C:\Windows\System32\EhStorAPI.dll
0x00007ff8726b0000 - 0x00007ff8726c4000 	C:\Windows\System32\WTSAPI32.dll
0x00007ff869f20000 - 0x00007ff869f2d000 	C:\windows\SYSTEM32\LINKINFO.dll
0x00007ff867db0000 - 0x00007ff867ee9000 	C:\Windows\System32\Windows.System.Launcher.dll
0x00007ff86fd00000 - 0x00007ff86fd93000 	C:\Windows\System32\msvcp110_win.dll
0x00007ff86ca40000 - 0x00007ff86ca5a000 	C:\windows\SYSTEM32\windows.staterepositorycore.dll
0x00007ff80a2c0000 - 0x00007ff80b33b000 	C:\Users\doubl\Desktop\Breathe\BREATHE\Java\PulseJNI.dll

dbghelp: loaded successfully - version: 4.0.5 - missing functions: none
symbol engine: initialized successfully - sym options: 0x614 - pdb path: .;C:\Users\doubl\.p2\pool\plugins\org.eclipse.justj.openjdk.hotspot.jre.full.win32.x86_64_17.0.7.v20230425-1502\jre\bin;C:\windows\SYSTEM32;C:\windows\WinSxS\amd64_microsoft.windows.common-controls_6595b64144ccf1df_6.0.22621.3672_none_2713b9d173822955;C:\Users\doubl\.p2\pool\plugins\org.eclipse.justj.openjdk.hotspot.jre.full.win32.x86_64_17.0.7.v20230425-1502\jre\bin\server;C:\windows\System32\DriverStore\FileRepository\u0391077.inf_amd64_67fd0eeeedac332d\B385477;C:\windows\WinSxS\amd64_microsoft.windows.common-controls_6595b64144ccf1df_5.82.22621.3527_none_b43b7f4b638cc64f;C:\windows\WinSxS\amd64_microsoft.windows.gdiplus_6595b64144ccf1df_1.1.22621.3810_none_57f8d842ce19d879;C:\Users\doubl\Desktop\Breathe\BREATHE\Java

VM Arguments:
jvm_args: -Dfile.encoding=UTF-8 -XX:+ShowCodeDetailsInExceptionMessages 
java_command: main.Main
java_class_path (initial): C:\Users\doubl\Desktop\Breathe\BREATHE\Java\bin;C:\Users\doubl\Desktop\Breathe\BREATHE\Java\jar\commons-collections4-4.4.jar;C:\Users\doubl\Desktop\Breathe\BREATHE\Java\jar\commons-compress-1.21.jar;C:\Users\doubl\Desktop\Breathe\BREATHE\Java\jar\commons-io-2.11.0.jar;C:\Users\doubl\Desktop\Breathe\BREATHE\Java\jar\commons-math3-3.6.1.jar;C:\Users\doubl\Desktop\Breathe\BREATHE\Java\jar\error_prone_annotations-2.11.0.jar;C:\Users\doubl\Desktop\Breathe\BREATHE\Java\jar\gson-2.10.1.jar;C:\Users\doubl\Desktop\Breathe\BREATHE\Java\jar\guava-31.1-jre.jar;C:\Users\doubl\Desktop\Breathe\BREATHE\Java\jar\j2objc-annotations-1.3.jar;C:\Users\doubl\Desktop\Breathe\BREATHE\Java\jar\jackson-annotations-2.15.2.jar;C:\Users\doubl\Desktop\Breathe\BREATHE\Java\jar\jackson-core-2.15.2.jar;C:\Users\doubl\Desktop\Breathe\BREATHE\Java\jar\jackson-databind-2.15.2.jar;C:\Users\doubl\Desktop\Breathe\BREATHE\Java\jar\java-ordered-properties-1.0.4.jar;C:\Users\doubl\Desktop\Breathe\BREATHE\Java\jar\javassist-3.28.0-GA.jar;C:\Users\doubl\Desktop\Breathe\BREATHE\Java\jar\jeromq-0.5.3.jar;C:\Users\doubl\Desktop\Breathe\BREATHE\Java\jar\jfreechart-1.5.4.jar;C:\Users\doubl\Desktop\Breathe\BREATHE\Java\jar\jsr305-3.0.2.jar;C:\Users\doubl\Desktop\Breathe\BREATHE\Java\jar\log4j-api-2.20.0.jar;C:\Users\doubl\Desktop\Breathe\BREATHE\Java\jar\log4j-core-2.20.0.jar;C:\Users\doubl\Desktop\Breathe\BREATHE\Java\jar\logback-core-1.4.6.jar;C:\Users\doubl\Desktop\Breathe\BREATHE\Java\jar\poi-5.2.3.jar;C:\Users\doubl\Desktop\Breathe\BREATHE\Java\jar\poi-ooxml-5.2.3.jar;C:\Users\doubl\Desktop\Breathe\BREATHE\Java\jar\poi-ooxml-lite-5.2.3.jar;C:\Users\doubl\Desktop\Breathe\BREATHE\Java\jar\Pulse.jar;C:\Users\doubl\Desktop\Breathe\BREATHE\Java\jar\reflections-0.10.2.jar;C:\Users\doubl\Desktop\Breathe\BREATHE\Java\jar\slf4j-api-2.0.7.jar;C:\Users\doubl\Desktop\Breathe\BREATHE\Java\jar\slf4j-simple-2.0.7.jar;C:\Users\doubl\Desktop\Breathe\BREATHE\Java\jar\xmlbeans-5.1.1.jar
Launcher Type: SUN_STANDARD

[Global flags]
     intx CICompilerCount                          = 12                                        {product} {ergonomic}
     uint ConcGCThreads                            = 3                                         {product} {ergonomic}
     uint G1ConcRefinementThreads                  = 13                                        {product} {ergonomic}
   size_t G1HeapRegionSize                         = 2097152                                   {product} {ergonomic}
    uintx GCDrainStackTargetSize                   = 64                                        {product} {ergonomic}
   size_t InitialHeapSize                          = 257949696                                 {product} {ergonomic}
   size_t MarkStackSize                            = 4194304                                   {product} {ergonomic}
   size_t MaxHeapSize                              = 4120903680                                {product} {ergonomic}
   size_t MaxNewSize                               = 2472542208                                {product} {ergonomic}
   size_t MinHeapDeltaBytes                        = 2097152                                   {product} {ergonomic}
   size_t MinHeapSize                              = 8388608                                   {product} {ergonomic}
    uintx NonNMethodCodeHeapSize                   = 7602480                                {pd product} {ergonomic}
    uintx NonProfiledCodeHeapSize                  = 122027880                              {pd product} {ergonomic}
    uintx ProfiledCodeHeapSize                     = 122027880                              {pd product} {ergonomic}
    uintx ReservedCodeCacheSize                    = 251658240                              {pd product} {ergonomic}
     bool SegmentedCodeCache                       = true                                      {product} {ergonomic}
     bool ShowCodeDetailsInExceptionMessages       = true                                   {manageable} {command line}
   size_t SoftMaxHeapSize                          = 4120903680                             {manageable} {ergonomic}
     bool UseCompressedClassPointers               = true                           {product lp64_product} {ergonomic}
     bool UseCompressedOops                        = true                           {product lp64_product} {ergonomic}
     bool UseG1GC                                  = true                                      {product} {ergonomic}
     bool UseLargePagesIndividualAllocation        = false                                  {pd product} {ergonomic}

Logging:
Log output configuration:
 #0: stdout all=warning uptime,level,tags
 #1: stderr all=off uptime,level,tags

Environment Variables:
JAVA_HOME=C:\Program Files\Amazon Corretto\jdk1.8.0_422
PATH=C:/Users/doubl/.p2/pool/plugins/org.eclipse.justj.openjdk.hotspot.jre.full.win32.x86_64_17.0.7.v20230425-1502/jre/bin/server;C:/Users/doubl/.p2/pool/plugins/org.eclipse.justj.openjdk.hotspot.jre.full.win32.x86_64_17.0.7.v20230425-1502/jre/bin;C:\Program Files (x86)\Java\jre1.8.0_421\bin;C:\Program Files\Amazon Corretto\jdk1.8.0_422\bin;C:\Program Files\Common Files\Oracle\Java\javapath;C:\Program Files (x86)\Common Files\Oracle\Java\java8path;C:\Program Files (x86)\Common Files\Oracle\Java\javapath;C:\windows\system32;C:\windows;C:\windows\System32\Wbem;C:\windows\System32\WindowsPowerShell\v1.0\;C:\windows\System32\OpenSSH\;C:\Program Files\Microsoft VS Code\bin;C:\Program Files\Git\cmd;C:\Program Files\nodejs\;C:\ProgramData\chocolatey\bin;C:\Program Files\PuTTY\;C:\Users\doubl\Desktop\Uni\IR\apache-ant-1.9.16-bin\apache-ant-1.9.16\bin;C:\Users\doubl\Desktop\Uni\IR\gradle-7.6.3-bin\gradle-7.6.3\bin;C:\MinGW\bin;C:\Program Files\TortoiseSVN\bin;C:\Program Files\Git\usr\bin;C:\Users\doubl\Desktop\Uni\IR\icu4c-74_1-Win64-MSVC2022\bin64;C:\Program Files\Amazon Corretto\jdk1.8.0_422\bin;C:\Program Files\Java\jre-1.8\bin;C:\Users\doubl\AppData\Local\Programs\Python\Python38\Scripts;C:\Program Files\dotnet\;C:\Users\doubl\AppData\Local\Programs\Python\Python38\Scripts\;C:\Users\doubl\AppData\Local\Programs\Python\Python38\;C:\Users\doubl\AppData\Local\Microsoft\WindowsApps;C:\Users\doubl\AppData\Roaming\npm;C:\Users\doubl\AppData\Local\GitHubDesktop\bin;C:\Program Files\JetBrains\PyCharm 2023.2.5\bin;;C:\Users\doubl\.dotnet\tools;C:\Users\doubl\Desktop;
USERNAME=doubl
OS=Windows_NT
PROCESSOR_IDENTIFIER=AMD64 Family 25 Model 80 Stepping 0, AuthenticAMD
TMP=C:\Users\doubl\AppData\Local\Temp
TEMP=C:\Users\doubl\AppData\Local\Temp



---------------  S Y S T E M  ---------------

OS:
 Windows 11 , 64 bit Build 22621 (10.0.22621.3958)
OS uptime: 4 days 23:34 hours
Hyper-V role detected

CPU: total 16 (initial active 16) (16 cores per cpu, 2 threads per core) family 25 model 80 stepping 0 microcode 0x0, cx8, cmov, fxsr, ht, mmx, 3dnowpref, sse, sse2, sse3, ssse3, sse4a, sse4.1, sse4.2, popcnt, lzcnt, tsc, tscinvbit, avx, avx2, aes, erms, clmul, bmi1, bmi2, adx, sha, fma, vzeroupper, clflush, clflushopt, hv

Memory: 4k page, system-wide physical 15712M (7585M free)
TotalPageFile size 16736M (AvailPageFile size 4630M)
current process WorkingSet (physical memory assigned to process): 225M, peak: 227M
current process commit charge ("private bytes"): 320M, peak: 465M

vm_info: OpenJDK 64-Bit Server VM (17.0.7+7) for windows-amd64 JRE (17.0.7+7), built on Apr 18 2023 22:10:42 by "temurin" with MS VC++ 16.7 (VS2019)

END.
