#
# A fatal error has been detected by the Java Runtime Environment:
#
#  EXCEPTION_ACCESS_VIOLATION (0xc0000005) at pc=0x00007ff80aa94b84, pid=9080, tid=19640
#
# JRE version: OpenJDK Runtime Environment Temurin-17.0.7+7 (17.0.7+7) (build 17.0.7+7)
# Java VM: OpenJDK 64-Bit Server VM Temurin-17.0.7+7 (17.0.7+7, mixed mode, tiered, compressed oops, compressed class ptrs, g1 gc, windows-amd64)
# Problematic frame:
# C  [PulseJNI.dll+0x7d4b84]
#
# No core dump will be written. Minidumps are not enabled by default on client versions of Windows
#
# If you would like to submit a bug report, please visit:
#   https://github.com/adoptium/adoptium-support/issues
# The crash happened outside the Java Virtual Machine in native code.
# See problematic frame for where to report the bug.
#

---------------  S U M M A R Y ------------

Command Line: -Dfile.encoding=UTF-8 -XX:+ShowCodeDetailsInExceptionMessages main.Main

Host: AMD Ryzen 7 5825U with Radeon Graphics         , 16 cores, 15G,  Windows 11 , 64 bit Build 22621 (10.0.22621.3958)
Time: Sat Sep 21 16:21:00 2024 ora legale Europa occidentale elapsed time: 6.724849 seconds (0d 0h 0m 6s)

---------------  T H R E A D  ---------------

Current thread (0x0000022bca5fa150):  JavaThread "SwingWorker-pool-2-thread-1" daemon [_thread_in_native, id=19640, stack(0x000000e37a100000,0x000000e37a200000)]

Stack: [0x000000e37a100000,0x000000e37a200000],  sp=0x000000e37a1fe000,  free space=1016k
Native frames: (J=compiled Java code, j=interpreted, Vv=VM code, C=native code)
C  [PulseJNI.dll+0x7d4b84]

Java frames: (J=compiled Java code, j=interpreted, Vv=VM code)
j  com.kitware.pulse.engine.PulseEngine.nativeSerializeFromFile(JLjava/lang/String;Ljava/lang/String;I)Z+0
j  com.kitware.pulse.engine.PulseEngine.serializeFromFile(Ljava/lang/String;Lcom/kitware/pulse/cdm/engine/SEDataRequestManager;)Z+26
j  app.SimulationWorker.doInBackground()Ljava/lang/Void;+185
j  app.SimulationWorker.doInBackground()Ljava/lang/Object;+1
j  javax.swing.SwingWorker$1.call()Ljava/lang/Object;+14 java.desktop@17.0.7
j  java.util.concurrent.FutureTask.run()V+39 java.base@17.0.7
j  javax.swing.SwingWorker.run()V+4 java.desktop@17.0.7
j  java.util.concurrent.ThreadPoolExecutor.runWorker(Ljava/util/concurrent/ThreadPoolExecutor$Worker;)V+92 java.base@17.0.7
j  java.util.concurrent.ThreadPoolExecutor$Worker.run()V+5 java.base@17.0.7
j  java.lang.Thread.run()V+11 java.base@17.0.7
v  ~StubRoutines::call_stub

siginfo: EXCEPTION_ACCESS_VIOLATION (0xc0000005), reading address 0x0000000000000000


Register to memory mapping:

RIP=0x00007ff80aa94b84 PulseJNI.dll
RAX=0x0 is NULL
RBX={method} {0x0000022bc77be3b8} 'nativeSerializeFromFile' '(JLjava/lang/String;Ljava/lang/String;I)Z' in 'com/kitware/pulse/engine/PulseEngine'
RCX=0x0 is NULL
RDX=0x0 is NULL
RSP=0x000000e37a1fe000 is pointing into the stack for thread: 0x0000022bca5fa150
RBP=0x000000e37a1fecc0 is pointing into the stack for thread: 0x0000022bca5fa150
RSI=0x0000000712977fe8 is an oop: [B 
{0x0000000712977fe8} - klass: {type array byte}
 - length: 659
RDI=0x0000000000000293 is an unknown value
R8 =0x0 is NULL
R9 =0x0 is NULL
R10=0x00007ff873bef4b0 KERNELBASE.dll
R11=0x00003209fb91dfe0 is an unknown value
R12=0x0 is NULL
R13={method} {0x0000022bc77be3b8} 'nativeSerializeFromFile' '(JLjava/lang/String;Ljava/lang/String;I)Z' in 'com/kitware/pulse/engine/PulseEngine'
R14=0x000000e37a1fed08 is pointing into the stack for thread: 0x0000022bca5fa150
R15=0x0000022bca5fa150 is a thread


Registers:
RAX=0x0000000000000000, RBX=0x0000022bc77be3b0, RCX=0x0000000000000000, RDX=0x0000000000000000
RSP=0x000000e37a1fe000, RBP=0x000000e37a1fecc0, RSI=0x0000000712977fe8, RDI=0x0000000000000293
R8 =0x0000000000000000, R9 =0x0000000000000000, R10=0x00007ff873bef4b0, R11=0x00003209fb91dfe0
R12=0x0000000000000000, R13=0x0000022bc77be3b0, R14=0x000000e37a1fed08, R15=0x0000022bca5fa150
RIP=0x00007ff80aa94b84, EFLAGS=0x0000000000010202

Top of Stack: (sp=0x000000e37a1fe000)
0x000000e37a1fe000:   000000e37a1fe580 000000e300000001
0x000000e37a1fe010:   0000022bd2e79c50 0000000000000040
0x000000e37a1fe020:   0000000000000000 0000000000000004
0x000000e37a1fe030:   0000000000000000 000000e37a1fe0e9
0x000000e37a1fe040:   0000022ba46d0000 00007ff8765ecc9a
0x000000e37a1fe050:   0000022ba44f0000 00007ff800000003
0x000000e37a1fe060:   0000000000000030 000000e300000000
0x000000e37a1fe070:   000000000000000f 00007ff8765ed600
0x000000e37a1fe080:   0000000000000002 00007ff80a2d3bd7
0x000000e37a1fe090:   0000022bd10fe158 fffffffffffffffe
0x000000e37a1fe0a0:   7fffffffffffffff 0000000000000000
0x000000e37a1fe0b0:   000000e37a1fe6c0 000000e37a1fe6c0
0x000000e37a1fe0c0:   000000e37a1fe6c0 00007ff80a3fb160
0x000000e37a1fe0d0:   000000e37a1fe130 000000e37a1fe130
0x000000e37a1fe0e0:   0000000000000030 00007ff80a2d42c6
0x000000e37a1fe0f0:   000000e37a1fe130 000000e37a1fe128 

Instructions: (pc=0x00007ff80aa94b84)
0x00007ff80aa94a84:   c4 48 c3 cc cc cc cc cc cc cc cc cc 4c 89 44 24
0x00007ff80aa94a94:   18 48 89 54 24 10 48 89 4c 24 08 48 81 ec b8 07
0x00007ff80aa94aa4:   00 00 48 8b 05 13 d8 7c 00 48 33 c4 48 89 84 24
0x00007ff80aa94ab4:   a0 07 00 00 48 8b 84 24 c8 07 00 00 48 8b 00 48
0x00007ff80aa94ac4:   8b 40 48 48 89 84 24 c8 00 00 00 48 8b 8c 24 c0
0x00007ff80aa94ad4:   07 00 00 e8 64 78 00 00 4c 8b c0 48 8d 15 2a 0d
0x00007ff80aa94ae4:   68 00 48 8d 8c 24 c0 06 00 00 e8 fd 21 84 ff 48
0x00007ff80aa94af4:   89 84 24 b0 00 00 00 48 8b 84 24 b0 00 00 00 48
0x00007ff80aa94b04:   89 84 24 b8 00 00 00 48 8b 84 24 b8 00 00 00 48
0x00007ff80aa94b14:   89 84 24 c0 00 00 00 48 8b 94 24 c0 00 00 00 48
0x00007ff80aa94b24:   8b 8c 24 c8 07 00 00 ff 94 24 c8 00 00 00 90 48
0x00007ff80aa94b34:   8d 8c 24 c0 06 00 00 e8 60 bc 83 ff 90 ba 01 00
0x00007ff80aa94b44:   00 00 48 8d 8c 24 80 05 00 00 e8 1d 93 84 ff 90
0x00007ff80aa94b54:   48 8b 84 24 c8 07 00 00 c7 80 10 01 00 00 00 00
0x00007ff80aa94b64:   00 00 48 8b 84 24 c8 07 00 00 48 8b 80 b0 01 00
0x00007ff80aa94b74:   00 48 8b 8c 24 c8 07 00 00 48 8b 89 b0 01 00 00
0x00007ff80aa94b84:   48 8b 00 ff 90 70 01 00 00 90 c7 44 24 40 00 00
0x00007ff80aa94b94:   00 00 eb 0a 8b 44 24 40 ff c0 89 44 24 40 48 8b
0x00007ff80aa94ba4:   8c 24 c0 07 00 00 e8 c1 7c c9 ff 39 44 24 40 0f
0x00007ff80aa94bb4:   8d ac 00 00 00 48 8b 8c 24 c0 07 00 00 e8 3a 77
0x00007ff80aa94bc4:   00 00 48 89 84 24 d0 00 00 00 8b 54 24 40 48 8b
0x00007ff80aa94bd4:   8c 24 d0 00 00 00 e8 81 7d bd ff 48 89 44 24 78
0x00007ff80aa94be4:   48 8b 84 24 c8 07 00 00 48 8b 80 b0 01 00 00 48
0x00007ff80aa94bf4:   89 84 24 e0 00 00 00 48 8b 84 24 c8 07 00 00 48
0x00007ff80aa94c04:   8b 80 b0 01 00 00 48 8b 00 48 8b 80 c0 00 00 00
0x00007ff80aa94c14:   48 89 84 24 e8 00 00 00 48 8b 4c 24 78 e8 9a cd
0x00007ff80aa94c24:   9e ff 48 89 84 24 d8 00 00 00 48 8b 94 24 d8 00
0x00007ff80aa94c34:   00 00 48 8b 8c 24 e0 00 00 00 ff 94 24 e8 00 00
0x00007ff80aa94c44:   00 48 89 84 24 f0 00 00 00 48 8b 94 24 f0 00 00
0x00007ff80aa94c54:   00 48 8b 4c 24 78 e8 e1 d5 d5 ff 90 e9 33 ff ff
0x00007ff80aa94c64:   ff c7 44 24 38 00 00 00 00 eb 0a 8b 44 24 38 ff
0x00007ff80aa94c74:   c0 89 44 24 38 48 8b 8c 24 c0 07 00 00 e8 da dd 


Stack slot to memory mapping:
stack at sp + 0 slots: 0x000000e37a1fe580 is pointing into the stack for thread: 0x0000022bca5fa150
stack at sp + 1 slots: 0x000000e300000001 is an unknown value
stack at sp + 2 slots: 0x0000022bd2e79c50 points into unknown readable memory: 0x00002d312e322e34 | 34 2e 32 2e 31 2d 00 00
stack at sp + 3 slots: 0x0000000000000040 is an unknown value
stack at sp + 4 slots: 0x0 is NULL
stack at sp + 5 slots: 0x0000000000000004 is an unknown value
stack at sp + 6 slots: 0x0 is NULL
stack at sp + 7 slots: 0x000000e37a1fe0e9 is pointing into the stack for thread: 0x0000022bca5fa150


---------------  P R O C E S S  ---------------

Threads class SMR info:
_java_thread_list=0x0000022bd1889ba0, length=30, elements={
0x0000022bc59ec050, 0x0000022bc59eca70, 0x0000022bc595cf60, 0x0000022bc595e830,
0x0000022bc5a093f0, 0x0000022bc5a13cd0, 0x0000022bc5a17dc0, 0x0000022bc5a186c0,
0x0000022bc5a248a0, 0x0000022bc5b99b40, 0x0000022bc5bd52e0, 0x0000022bc5bdce10,
0x0000022bca22c020, 0x0000022bca22cc50, 0x0000022bca22d120, 0x0000022bca24d0f0,
0x0000022ba6863a50, 0x0000022bca5f97b0, 0x0000022bca5fb490, 0x0000022bca5f9c80,
0x0000022bd148c330, 0x0000022bd148c840, 0x0000022bd148d260, 0x0000022bd148cd50,
0x0000022bd1489fc0, 0x0000022bd148be20, 0x0000022bd148a4d0, 0x0000022bd1489ab0,
0x0000022bd148a9e0, 0x0000022bca5fa150
}

Java Threads: ( => current thread )
  0x0000022bc59ec050 JavaThread "Reference Handler" daemon [_thread_blocked, id=15236, stack(0x000000e376100000,0x000000e376200000)]
  0x0000022bc59eca70 JavaThread "Finalizer" daemon [_thread_blocked, id=3972, stack(0x000000e376200000,0x000000e376300000)]
  0x0000022bc595cf60 JavaThread "Signal Dispatcher" daemon [_thread_blocked, id=18004, stack(0x000000e376300000,0x000000e376400000)]
  0x0000022bc595e830 JavaThread "Attach Listener" daemon [_thread_blocked, id=11008, stack(0x000000e376400000,0x000000e376500000)]
  0x0000022bc5a093f0 JavaThread "Service Thread" daemon [_thread_blocked, id=12564, stack(0x000000e376500000,0x000000e376600000)]
  0x0000022bc5a13cd0 JavaThread "Monitor Deflation Thread" daemon [_thread_blocked, id=17924, stack(0x000000e376600000,0x000000e376700000)]
  0x0000022bc5a17dc0 JavaThread "C2 CompilerThread0" daemon [_thread_blocked, id=10424, stack(0x000000e376700000,0x000000e376800000)]
  0x0000022bc5a186c0 JavaThread "C1 CompilerThread0" daemon [_thread_blocked, id=4356, stack(0x000000e376800000,0x000000e376900000)]
  0x0000022bc5a248a0 JavaThread "Sweeper thread" daemon [_thread_blocked, id=17484, stack(0x000000e376900000,0x000000e376a00000)]
  0x0000022bc5b99b40 JavaThread "C1 CompilerThread1" daemon [_thread_blocked, id=3948, stack(0x000000e376a00000,0x000000e376b00000)]
  0x0000022bc5bd52e0 JavaThread "Notification Thread" daemon [_thread_blocked, id=14756, stack(0x000000e376b00000,0x000000e376c00000)]
  0x0000022bc5bdce10 JavaThread "Common-Cleaner" daemon [_thread_blocked, id=5036, stack(0x000000e376d00000,0x000000e376e00000)]
  0x0000022bca22c020 JavaThread "Java2D Disposer" daemon [_thread_blocked, id=15104, stack(0x000000e376e00000,0x000000e376f00000)]
  0x0000022bca22cc50 JavaThread "AWT-Shutdown" [_thread_blocked, id=3432, stack(0x000000e376f00000,0x000000e377000000)]
  0x0000022bca22d120 JavaThread "AWT-Windows" daemon [_thread_in_native, id=17536, stack(0x000000e377000000,0x000000e377100000)]
  0x0000022bca24d0f0 JavaThread "AWT-EventQueue-0" [_thread_blocked, id=11068, stack(0x000000e377100000,0x000000e377200000)]
  0x0000022ba6863a50 JavaThread "DestroyJavaVM" [_thread_blocked, id=12424, stack(0x000000e375a00000,0x000000e375b00000)]
  0x0000022bca5f97b0 JavaThread "TimerQueue" daemon [_thread_blocked, id=3804, stack(0x000000e377e00000,0x000000e377f00000)]
  0x0000022bca5fb490 JavaThread "D3D Screen Updater" daemon [_thread_blocked, id=12420, stack(0x000000e378400000,0x000000e378500000)]
  0x0000022bca5f9c80 JavaThread "Swing-Shell" daemon [_thread_blocked, id=10132, stack(0x000000e378000000,0x000000e378100000)]
  0x0000022bd148c330 JavaThread "C2 CompilerThread1" daemon [_thread_blocked, id=12856, stack(0x000000e379200000,0x000000e379300000)]
  0x0000022bd148c840 JavaThread "C1 CompilerThread2" daemon [_thread_blocked, id=13292, stack(0x000000e379300000,0x000000e379400000)]
  0x0000022bd148d260 JavaThread "C1 CompilerThread3" daemon [_thread_blocked, id=7408, stack(0x000000e379400000,0x000000e379500000)]
  0x0000022bd148cd50 JavaThread "C2 CompilerThread2" daemon [_thread_blocked, id=16856, stack(0x000000e379500000,0x000000e379600000)]
  0x0000022bd1489fc0 JavaThread "C2 CompilerThread3" daemon [_thread_blocked, id=9384, stack(0x000000e379600000,0x000000e379700000)]
  0x0000022bd148be20 JavaThread "C2 CompilerThread4" daemon [_thread_blocked, id=4648, stack(0x000000e379700000,0x000000e379800000)]
  0x0000022bd148a4d0 JavaThread "C2 CompilerThread5" daemon [_thread_blocked, id=15524, stack(0x000000e379800000,0x000000e379900000)]
  0x0000022bd1489ab0 JavaThread "C2 CompilerThread6" daemon [_thread_blocked, id=5956, stack(0x000000e379900000,0x000000e379a00000)]
  0x0000022bd148a9e0 JavaThread "C2 CompilerThread7" daemon [_thread_blocked, id=18244, stack(0x000000e379a00000,0x000000e379b00000)]
=>0x0000022bca5fa150 JavaThread "SwingWorker-pool-2-thread-1" daemon [_thread_in_native, id=19640, stack(0x000000e37a100000,0x000000e37a200000)]

Other Threads:
  0x0000022bc59c2410 VMThread "VM Thread" [stack: 0x000000e376000000,0x000000e376100000] [id=14384]
  0x0000022ba68faa80 WatcherThread [stack: 0x000000e376c00000,0x000000e376d00000] [id=16236]
  0x0000022ba68cfa00 GCTaskThread "GC Thread#0" [stack: 0x000000e375b00000,0x000000e375c00000] [id=8092]
  0x0000022bd19cd110 GCTaskThread "GC Thread#1" [stack: 0x000000e378300000,0x000000e378400000] [id=16688]
  0x0000022bd19cde80 GCTaskThread "GC Thread#2" [stack: 0x000000e378500000,0x000000e378600000] [id=8744]
  0x0000022bd19cdbd0 GCTaskThread "GC Thread#3" [stack: 0x000000e378600000,0x000000e378700000] [id=2428]
  0x0000022bd19ce130 GCTaskThread "GC Thread#4" [stack: 0x000000e378700000,0x000000e378800000] [id=18060]
  0x0000022bd19ce940 GCTaskThread "GC Thread#5" [stack: 0x000000e378800000,0x000000e378900000] [id=12512]
  0x0000022bd19cebf0 GCTaskThread "GC Thread#6" [stack: 0x000000e378900000,0x000000e378a00000] [id=15292]
  0x0000022bd19cd3c0 GCTaskThread "GC Thread#7" [stack: 0x000000e378a00000,0x000000e378b00000] [id=19148]
  0x0000022bd19cd670 GCTaskThread "GC Thread#8" [stack: 0x000000e378b00000,0x000000e378c00000] [id=18112]
  0x0000022bd19cd920 GCTaskThread "GC Thread#9" [stack: 0x000000e378c00000,0x000000e378d00000] [id=7380]
  0x0000022bd140e890 GCTaskThread "GC Thread#10" [stack: 0x000000e379100000,0x000000e379200000] [id=14764]
  0x0000022bd140ddd0 GCTaskThread "GC Thread#11" [stack: 0x000000e379b00000,0x000000e379c00000] [id=14804]
  0x0000022bd14110e0 GCTaskThread "GC Thread#12" [stack: 0x000000e37a200000,0x000000e37a300000] [id=11204]
  0x0000022ba68e0670 ConcurrentGCThread "G1 Main Marker" [stack: 0x000000e375c00000,0x000000e375d00000] [id=2148]
  0x0000022ba68e1080 ConcurrentGCThread "G1 Conc#0" [stack: 0x000000e375d00000,0x000000e375e00000] [id=13468]
  0x0000022bd14118f0 ConcurrentGCThread "G1 Conc#1" [stack: 0x000000e378d00000,0x000000e378e00000] [id=8688]
  0x0000022bd1410b80 ConcurrentGCThread "G1 Conc#2" [stack: 0x000000e378e00000,0x000000e378f00000] [id=14424]
  0x0000022bc58129c0 ConcurrentGCThread "G1 Refine#0" [stack: 0x000000e375e00000,0x000000e375f00000] [id=16264]
  0x0000022bd1dbca80 ConcurrentGCThread "G1 Refine#1" [stack: 0x000000e378f00000,0x000000e379000000] [id=18348]
  0x0000022bca7282f0 ConcurrentGCThread "G1 Refine#2" [stack: 0x000000e379c00000,0x000000e379d00000] [id=20840]
  0x0000022bca7285d0 ConcurrentGCThread "G1 Refine#3" [stack: 0x000000e379d00000,0x000000e379e00000] [id=12516]
  0x0000022bca728b90 ConcurrentGCThread "G1 Refine#4" [stack: 0x000000e379e00000,0x000000e379f00000] [id=21036]
  0x0000022bca728e70 ConcurrentGCThread "G1 Refine#5" [stack: 0x000000e379f00000,0x000000e37a000000] [id=204]
  0x0000022bca729150 ConcurrentGCThread "G1 Refine#6" [stack: 0x000000e37a000000,0x000000e37a100000] [id=6912]
  0x0000022bc58132e0 ConcurrentGCThread "G1 Service" [stack: 0x000000e375f00000,0x000000e376000000] [id=16992]

Threads with active compile tasks:

VM state: not at safepoint (normal execution)

VM Mutex/Monitor currently owned by a thread: None

Heap address: 0x000000070a600000, size: 3930 MB, Compressed Oops mode: Zero based, Oop shift amount: 3

CDS archive(s) not mapped
Compressed class space mapped at: 0x0000000800000000-0x0000000840000000, reserved size: 1073741824
Narrow klass base: 0x0000000800000000, Narrow klass shift: 0, Narrow klass range: 0x40000000

GC Precious Log:
 CPUs: 16 total, 16 available
 Memory: 15712M
 Large Page Support: Disabled
 NUMA Support: Disabled
 Compressed Oops: Enabled (Zero based)
 Heap Region Size: 2M
 Heap Min Capacity: 8M
 Heap Initial Capacity: 246M
 Heap Max Capacity: 3930M
 Pre-touch: Disabled
 Parallel Workers: 13
 Concurrent Workers: 3
 Concurrent Refinement Workers: 13
 Periodic GC: Disabled

Heap:
 garbage-first heap   total 143360K, used 18342K [0x000000070a600000, 0x0000000800000000)
  region size 2048K, 6 young (12288K), 1 survivors (2048K)
 Metaspace       used 31093K, committed 31296K, reserved 1114112K
  class space    used 3131K, committed 3200K, reserved 1048576K

Heap Regions: E=young(eden), S=young(survivor), O=old, HS=humongous(starts), HC=humongous(continues), CS=collection set, F=free, OA=open archive, CA=closed archive, TAMS=top-at-mark-start (previous, next)
|   0|0x000000070a600000, 0x000000070a800000, 0x000000070a800000|100%| O|  |TAMS 0x000000070a800000, 0x000000070a600000| Untracked 
|   1|0x000000070a800000, 0x000000070a800000, 0x000000070aa00000|  0%| F|  |TAMS 0x000000070a800000, 0x000000070a800000| Untracked 
|   2|0x000000070aa00000, 0x000000070ac00000, 0x000000070ac00000|100%| O|  |TAMS 0x000000070ac00000, 0x000000070aa00000| Untracked 
|   3|0x000000070ac00000, 0x000000070ae00000, 0x000000070ae00000|100%| O|  |TAMS 0x000000070ae00000, 0x000000070ac00000| Untracked 
|   4|0x000000070ae00000, 0x000000070b000000, 0x000000070b000000|100%| O|  |TAMS 0x000000070b000000, 0x000000070ae00000| Untracked 
|   5|0x000000070b000000, 0x000000070b000000, 0x000000070b200000|  0%| F|  |TAMS 0x000000070b000000, 0x000000070b000000| Untracked 
|   6|0x000000070b200000, 0x000000070b200000, 0x000000070b400000|  0%| F|  |TAMS 0x000000070b200000, 0x000000070b200000| Untracked 
|   7|0x000000070b400000, 0x000000070b400000, 0x000000070b600000|  0%| F|  |TAMS 0x000000070b400000, 0x000000070b400000| Untracked 
|   8|0x000000070b600000, 0x000000070b773c00, 0x000000070b800000| 72%| O|  |TAMS 0x000000070b600000, 0x000000070b600000| Untracked 
|   9|0x000000070b800000, 0x000000070b800000, 0x000000070ba00000|  0%| F|  |TAMS 0x000000070b800000, 0x000000070b800000| Untracked 
|  10|0x000000070ba00000, 0x000000070ba00000, 0x000000070bc00000|  0%| F|  |TAMS 0x000000070ba00000, 0x000000070ba00000| Untracked 
|  11|0x000000070bc00000, 0x000000070bc00000, 0x000000070be00000|  0%| F|  |TAMS 0x000000070bc00000, 0x000000070bc00000| Untracked 
|  12|0x000000070be00000, 0x000000070be00000, 0x000000070c000000|  0%| F|  |TAMS 0x000000070be00000, 0x000000070be00000| Untracked 
|  13|0x000000070c000000, 0x000000070c000000, 0x000000070c200000|  0%| F|  |TAMS 0x000000070c000000, 0x000000070c000000| Untracked 
|  14|0x000000070c200000, 0x000000070c200000, 0x000000070c400000|  0%| F|  |TAMS 0x000000070c200000, 0x000000070c200000| Untracked 
|  15|0x000000070c400000, 0x000000070c400000, 0x000000070c600000|  0%| F|  |TAMS 0x000000070c400000, 0x000000070c400000| Untracked 
|  16|0x000000070c600000, 0x000000070c600000, 0x000000070c800000|  0%| F|  |TAMS 0x000000070c600000, 0x000000070c600000| Untracked 
|  17|0x000000070c800000, 0x000000070c800000, 0x000000070ca00000|  0%| F|  |TAMS 0x000000070c800000, 0x000000070c800000| Untracked 
|  18|0x000000070ca00000, 0x000000070ca00000, 0x000000070cc00000|  0%| F|  |TAMS 0x000000070ca00000, 0x000000070ca00000| Untracked 
|  19|0x000000070cc00000, 0x000000070cc00000, 0x000000070ce00000|  0%| F|  |TAMS 0x000000070cc00000, 0x000000070cc00000| Untracked 
|  20|0x000000070ce00000, 0x000000070ce00000, 0x000000070d000000|  0%| F|  |TAMS 0x000000070ce00000, 0x000000070ce00000| Untracked 
|  21|0x000000070d000000, 0x000000070d000000, 0x000000070d200000|  0%| F|  |TAMS 0x000000070d000000, 0x000000070d000000| Untracked 
|  22|0x000000070d200000, 0x000000070d200000, 0x000000070d400000|  0%| F|  |TAMS 0x000000070d200000, 0x000000070d200000| Untracked 
|  23|0x000000070d400000, 0x000000070d400000, 0x000000070d600000|  0%| F|  |TAMS 0x000000070d400000, 0x000000070d400000| Untracked 
|  24|0x000000070d600000, 0x000000070d600000, 0x000000070d800000|  0%| F|  |TAMS 0x000000070d600000, 0x000000070d600000| Untracked 
|  25|0x000000070d800000, 0x000000070d800000, 0x000000070da00000|  0%| F|  |TAMS 0x000000070d800000, 0x000000070d800000| Untracked 
|  26|0x000000070da00000, 0x000000070da00000, 0x000000070dc00000|  0%| F|  |TAMS 0x000000070da00000, 0x000000070da00000| Untracked 
|  27|0x000000070dc00000, 0x000000070dc00000, 0x000000070de00000|  0%| F|  |TAMS 0x000000070dc00000, 0x000000070dc00000| Untracked 
|  28|0x000000070de00000, 0x000000070de00000, 0x000000070e000000|  0%| F|  |TAMS 0x000000070de00000, 0x000000070de00000| Untracked 
|  29|0x000000070e000000, 0x000000070e000000, 0x000000070e200000|  0%| F|  |TAMS 0x000000070e000000, 0x000000070e000000| Untracked 
|  30|0x000000070e200000, 0x000000070e200000, 0x000000070e400000|  0%| F|  |TAMS 0x000000070e200000, 0x000000070e200000| Untracked 
|  31|0x000000070e400000, 0x000000070e400000, 0x000000070e600000|  0%| F|  |TAMS 0x000000070e400000, 0x000000070e400000| Untracked 
|  32|0x000000070e600000, 0x000000070e600000, 0x000000070e800000|  0%| F|  |TAMS 0x000000070e600000, 0x000000070e600000| Untracked 
|  33|0x000000070e800000, 0x000000070e800000, 0x000000070ea00000|  0%| F|  |TAMS 0x000000070e800000, 0x000000070e800000| Untracked 
|  34|0x000000070ea00000, 0x000000070ea00000, 0x000000070ec00000|  0%| F|  |TAMS 0x000000070ea00000, 0x000000070ea00000| Untracked 
|  35|0x000000070ec00000, 0x000000070ec00000, 0x000000070ee00000|  0%| F|  |TAMS 0x000000070ec00000, 0x000000070ec00000| Untracked 
|  36|0x000000070ee00000, 0x000000070ee00000, 0x000000070f000000|  0%| F|  |TAMS 0x000000070ee00000, 0x000000070ee00000| Untracked 
|  37|0x000000070f000000, 0x000000070f000000, 0x000000070f200000|  0%| F|  |TAMS 0x000000070f000000, 0x000000070f000000| Untracked 
|  38|0x000000070f200000, 0x000000070f200000, 0x000000070f400000|  0%| F|  |TAMS 0x000000070f200000, 0x000000070f200000| Untracked 
|  39|0x000000070f400000, 0x000000070f400000, 0x000000070f600000|  0%| F|  |TAMS 0x000000070f400000, 0x000000070f400000| Untracked 
|  40|0x000000070f600000, 0x000000070f600000, 0x000000070f800000|  0%| F|  |TAMS 0x000000070f600000, 0x000000070f600000| Untracked 
|  41|0x000000070f800000, 0x000000070f800000, 0x000000070fa00000|  0%| F|  |TAMS 0x000000070f800000, 0x000000070f800000| Untracked 
|  42|0x000000070fa00000, 0x000000070fa00000, 0x000000070fc00000|  0%| F|  |TAMS 0x000000070fa00000, 0x000000070fa00000| Untracked 
|  43|0x000000070fc00000, 0x000000070fc00000, 0x000000070fe00000|  0%| F|  |TAMS 0x000000070fc00000, 0x000000070fc00000| Untracked 
|  44|0x000000070fe00000, 0x000000070fe00000, 0x0000000710000000|  0%| F|  |TAMS 0x000000070fe00000, 0x000000070fe00000| Untracked 
|  45|0x0000000710000000, 0x0000000710000000, 0x0000000710200000|  0%| F|  |TAMS 0x0000000710000000, 0x0000000710000000| Untracked 
|  46|0x0000000710200000, 0x0000000710200000, 0x0000000710400000|  0%| F|  |TAMS 0x0000000710200000, 0x0000000710200000| Untracked 
|  47|0x0000000710400000, 0x0000000710400000, 0x0000000710600000|  0%| F|  |TAMS 0x0000000710400000, 0x0000000710400000| Untracked 
|  48|0x0000000710600000, 0x0000000710600000, 0x0000000710800000|  0%| F|  |TAMS 0x0000000710600000, 0x0000000710600000| Untracked 
|  49|0x0000000710800000, 0x0000000710800000, 0x0000000710a00000|  0%| F|  |TAMS 0x0000000710800000, 0x0000000710800000| Untracked 
|  50|0x0000000710a00000, 0x0000000710a00000, 0x0000000710c00000|  0%| F|  |TAMS 0x0000000710a00000, 0x0000000710a00000| Untracked 
|  51|0x0000000710c00000, 0x0000000710c00000, 0x0000000710e00000|  0%| F|  |TAMS 0x0000000710c00000, 0x0000000710c00000| Untracked 
|  52|0x0000000710e00000, 0x0000000710e00000, 0x0000000711000000|  0%| F|  |TAMS 0x0000000710e00000, 0x0000000710e00000| Untracked 
|  53|0x0000000711000000, 0x0000000711000000, 0x0000000711200000|  0%| F|  |TAMS 0x0000000711000000, 0x0000000711000000| Untracked 
|  54|0x0000000711200000, 0x0000000711200000, 0x0000000711400000|  0%| F|  |TAMS 0x0000000711200000, 0x0000000711200000| Untracked 
|  55|0x0000000711400000, 0x0000000711400000, 0x0000000711600000|  0%| F|  |TAMS 0x0000000711400000, 0x0000000711400000| Untracked 
|  56|0x0000000711600000, 0x0000000711600000, 0x0000000711800000|  0%| F|  |TAMS 0x0000000711600000, 0x0000000711600000| Untracked 
|  57|0x0000000711800000, 0x0000000711800000, 0x0000000711a00000|  0%| F|  |TAMS 0x0000000711800000, 0x0000000711800000| Untracked 
|  58|0x0000000711a00000, 0x0000000711a00000, 0x0000000711c00000|  0%| F|  |TAMS 0x0000000711a00000, 0x0000000711a00000| Untracked 
|  59|0x0000000711c00000, 0x0000000711c00000, 0x0000000711e00000|  0%| F|  |TAMS 0x0000000711c00000, 0x0000000711c00000| Untracked 
|  60|0x0000000711e00000, 0x0000000711e00000, 0x0000000712000000|  0%| F|  |TAMS 0x0000000711e00000, 0x0000000711e00000| Untracked 
|  61|0x0000000712000000, 0x0000000712000000, 0x0000000712200000|  0%| F|  |TAMS 0x0000000712000000, 0x0000000712000000| Untracked 
|  62|0x0000000712200000, 0x0000000712200000, 0x0000000712400000|  0%| F|  |TAMS 0x0000000712200000, 0x0000000712200000| Untracked 
|  63|0x0000000712400000, 0x0000000712400000, 0x0000000712600000|  0%| F|  |TAMS 0x0000000712400000, 0x0000000712400000| Untracked 
|  64|0x0000000712600000, 0x00000007126a4268, 0x0000000712800000| 32%| E|  |TAMS 0x0000000712600000, 0x0000000712600000| Complete 
|  65|0x0000000712800000, 0x0000000712a00000, 0x0000000712a00000|100%| E|CS|TAMS 0x0000000712800000, 0x0000000712800000| Complete 
|  66|0x0000000712a00000, 0x0000000712c00000, 0x0000000712c00000|100%| E|CS|TAMS 0x0000000712a00000, 0x0000000712a00000| Complete 
| 110|0x0000000718200000, 0x0000000718275fd0, 0x0000000718400000| 23%| S|CS|TAMS 0x0000000718200000, 0x0000000718200000| Complete 
| 111|0x0000000718400000, 0x0000000718600000, 0x0000000718600000|100%| E|CS|TAMS 0x0000000718400000, 0x0000000718400000| Complete 
| 122|0x0000000719a00000, 0x0000000719c00000, 0x0000000719c00000|100%| E|CS|TAMS 0x0000000719a00000, 0x0000000719a00000| Complete 

Card table byte_map: [0x0000022bb9f40000,0x0000022bba6f0000] _byte_map_base: 0x0000022bb66ed000

Marking Bits (Prev, Next): (CMBitMap*) 0x0000022ba68d0010, (CMBitMap*) 0x0000022ba68d0050
 Prev Bits: [0x0000022bbaea0000, 0x0000022bbec08000)
 Next Bits: [0x0000022bbec10000, 0x0000022bc2978000)

Polling page: 0x0000022ba4840000

Metaspace:

Usage:
  Non-class:     27.31 MB used.
      Class:      3.06 MB used.
       Both:     30.36 MB used.

Virtual space:
  Non-class space:       64.00 MB reserved,      27.44 MB ( 43%) committed,  1 nodes.
      Class space:        1.00 GB reserved,       3.12 MB ( <1%) committed,  1 nodes.
             Both:        1.06 GB reserved,      30.56 MB (  3%) committed. 

Chunk freelists:
   Non-Class:  3.73 MB
       Class:  12.70 MB
        Both:  16.43 MB

MaxMetaspaceSize: unlimited
CompressedClassSpaceSize: 1.00 GB
Initial GC threshold: 21.00 MB
Current GC threshold: 43.38 MB
CDS: off
MetaspaceReclaimPolicy: balanced
 - commit_granule_bytes: 65536.
 - commit_granule_words: 8192.
 - virtual_space_node_default_size: 8388608.
 - enlarge_chunks_in_place: 1.
 - new_chunks_are_fully_committed: 0.
 - uncommit_free_chunks: 1.
 - use_allocation_guard: 0.
 - handle_deallocations: 1.


Internal statistics:

num_allocs_failed_limit: 3.
num_arena_births: 132.
num_arena_deaths: 0.
num_vsnodes_births: 2.
num_vsnodes_deaths: 0.
num_space_committed: 489.
num_space_uncommitted: 0.
num_chunks_returned_to_freelist: 3.
num_chunks_taken_from_freelist: 492.
num_chunk_merges: 0.
num_chunk_splits: 364.
num_chunks_enlarged: 308.
num_inconsistent_stats: 0.

CodeHeap 'non-profiled nmethods': size=119168Kb used=1790Kb max_used=1790Kb free=117377Kb
 bounds [0x0000022bb1ab0000, 0x0000022bb1d20000, 0x0000022bb8f10000]
CodeHeap 'profiled nmethods': size=119104Kb used=8355Kb max_used=8355Kb free=110749Kb
 bounds [0x0000022ba9f10000, 0x0000022baa740000, 0x0000022bb1360000]
CodeHeap 'non-nmethods': size=7488Kb used=3072Kb max_used=3115Kb free=4415Kb
 bounds [0x0000022bb1360000, 0x0000022bb1680000, 0x0000022bb1ab0000]
 total_blobs=4640 nmethods=3901 adapters=646
 compilation: enabled
              stopped_count=0, restarted_count=0
 full_count=0

Compilation events (20 events):
Event: 6.580 Thread 0x0000022bd148cd50 3895       4       java.awt.geom.AffineTransform::<init> (15 bytes)
Event: 6.580 Thread 0x0000022bd148cd50 nmethod 3895 0x0000022bb1c6be90 code [0x0000022bb1c6c020, 0x0000022bb1c6c0b8]
Event: 6.582 Thread 0x0000022bd148a4d0 nmethod 3894 0x0000022bb1c6c190 code [0x0000022bb1c6c320, 0x0000022bb1c6c5b8]
Event: 6.583 Thread 0x0000022bd148d260 3896       1       java.awt.geom.RoundRectIterator::getWindingRule (2 bytes)
Event: 6.583 Thread 0x0000022bd148d260 nmethod 3896 0x0000022bb1c6c810 code [0x0000022bb1c6c9a0, 0x0000022bb1c6ca78]
Event: 6.583 Thread 0x0000022bd148be20 3897       4       java.awt.geom.RoundRectIterator::next (11 bytes)
Event: 6.583 Thread 0x0000022bd148be20 nmethod 3897 0x0000022bb1c6cb10 code [0x0000022bb1c6cc80, 0x0000022bb1c6ccf8]
Event: 6.586 Thread 0x0000022bc5a186c0 3898       3       sun.font.Font2D::getStrike (174 bytes)
Event: 6.587 Thread 0x0000022bc5a186c0 nmethod 3898 0x0000022baa735390 code [0x0000022baa735680, 0x0000022baa736b48]
Event: 6.595 Thread 0x0000022bd148d260 3899       3       java.util.concurrent.ConcurrentHashMap::tableSizeFor (32 bytes)
Event: 6.595 Thread 0x0000022bd148d260 nmethod 3899 0x0000022baa737190 code [0x0000022baa737340, 0x0000022baa737568]
Event: 6.597 Thread 0x0000022bc5b99b40 3900       3       sun.java2d.pipe.PixelToParallelogramConverter::<init> (38 bytes)
Event: 6.597 Thread 0x0000022bc5a186c0 3901       3       java.util.concurrent.ConcurrentHashMap::<init> (73 bytes)
Event: 6.597 Thread 0x0000022bc5b99b40 nmethod 3900 0x0000022baa737610 code [0x0000022baa7377e0, 0x0000022baa737a98]
Event: 6.597 Thread 0x0000022bc5a186c0 nmethod 3901 0x0000022baa737b90 code [0x0000022baa737da0, 0x0000022baa738318]
Event: 6.597 Thread 0x0000022bd148a9e0 nmethod 3892% 0x0000022bb1c6ce10 code [0x0000022bb1c6d000, 0x0000022bb1c6e408]
Event: 6.598 Thread 0x0000022bd148d260 3902       3       sun.awt.SunToolkit::getContainingWindow (24 bytes)
Event: 6.598 Thread 0x0000022bd148d260 nmethod 3902 0x0000022baa738490 code [0x0000022baa738640, 0x0000022baa738b18]
Event: 6.598 Thread 0x0000022bd148c840 3903       1       java.awt.AWTEvent::isConsumed (5 bytes)
Event: 6.598 Thread 0x0000022bd148c840 nmethod 3903 0x0000022bb1c6f690 code [0x0000022bb1c6f820, 0x0000022bb1c6f8f8]

GC Heap History (16 events):
Event: 3.316 GC heap before
{Heap before GC invocations=0 (full 0):
 garbage-first heap   total 251904K, used 20480K [0x000000070a600000, 0x0000000800000000)
  region size 2048K, 11 young (22528K), 0 survivors (0K)
 Metaspace       used 21318K, committed 21504K, reserved 1114112K
  class space    used 2160K, committed 2304K, reserved 1048576K
}
Event: 3.323 GC heap after
{Heap after GC invocations=1 (full 0):
 garbage-first heap   total 251904K, used 7741K [0x000000070a600000, 0x0000000800000000)
  region size 2048K, 2 young (4096K), 2 survivors (4096K)
 Metaspace       used 21318K, committed 21504K, reserved 1114112K
  class space    used 2160K, committed 2304K, reserved 1048576K
}
Event: 5.839 GC heap before
{Heap before GC invocations=2 (full 0):
 garbage-first heap   total 34816K, used 11837K [0x000000070a600000, 0x0000000800000000)
  region size 2048K, 4 young (8192K), 2 survivors (4096K)
 Metaspace       used 22093K, committed 22336K, reserved 1114112K
  class space    used 2224K, committed 2368K, reserved 1048576K
}
Event: 5.842 GC heap after
{Heap after GC invocations=3 (full 0):
 garbage-first heap   total 34816K, used 8208K [0x000000070a600000, 0x0000000800000000)
  region size 2048K, 1 young (2048K), 1 survivors (2048K)
 Metaspace       used 22093K, committed 22336K, reserved 1114112K
  class space    used 2224K, committed 2368K, reserved 1048576K
}
Event: 5.859 GC heap before
{Heap before GC invocations=3 (full 0):
 garbage-first heap   total 34816K, used 8208K [0x000000070a600000, 0x0000000800000000)
  region size 2048K, 2 young (4096K), 1 survivors (2048K)
 Metaspace       used 22593K, committed 22784K, reserved 1114112K
  class space    used 2258K, committed 2368K, reserved 1048576K
}
Event: 5.861 GC heap after
{Heap after GC invocations=4 (full 0):
 garbage-first heap   total 34816K, used 8204K [0x000000070a600000, 0x0000000800000000)
  region size 2048K, 1 young (2048K), 1 survivors (2048K)
 Metaspace       used 22593K, committed 22784K, reserved 1114112K
  class space    used 2258K, committed 2368K, reserved 1048576K
}
Event: 5.989 GC heap before
{Heap before GC invocations=4 (full 0):
 garbage-first heap   total 34816K, used 16396K [0x000000070a600000, 0x0000000800000000)
  region size 2048K, 6 young (12288K), 1 survivors (2048K)
 Metaspace       used 25647K, committed 25728K, reserved 1114112K
  class space    used 2581K, committed 2624K, reserved 1048576K
}
Event: 5.989 GC heap after
{Heap after GC invocations=5 (full 0):
 garbage-first heap   total 34816K, used 8759K [0x000000070a600000, 0x0000000800000000)
  region size 2048K, 1 young (2048K), 1 survivors (2048K)
 Metaspace       used 25647K, committed 25728K, reserved 1114112K
  class space    used 2581K, committed 2624K, reserved 1048576K
}
Event: 6.079 GC heap before
{Heap before GC invocations=5 (full 0):
 garbage-first heap   total 34816K, used 21047K [0x000000070a600000, 0x0000000800000000)
  region size 2048K, 7 young (14336K), 1 survivors (2048K)
 Metaspace       used 26115K, committed 26240K, reserved 1114112K
  class space    used 2613K, committed 2688K, reserved 1048576K
}
Event: 6.084 GC heap after
{Heap after GC invocations=6 (full 0):
 garbage-first heap   total 34816K, used 17637K [0x000000070a600000, 0x0000000800000000)
  region size 2048K, 1 young (2048K), 1 survivors (2048K)
 Metaspace       used 26115K, committed 26240K, reserved 1114112K
  class space    used 2613K, committed 2688K, reserved 1048576K
}
Event: 6.209 GC heap before
{Heap before GC invocations=6 (full 0):
 garbage-first heap   total 34816K, used 19685K [0x000000070a600000, 0x0000000800000000)
  region size 2048K, 3 young (6144K), 1 survivors (2048K)
 Metaspace       used 26352K, committed 26560K, reserved 1114112K
  class space    used 2632K, committed 2752K, reserved 1048576K
}
Event: 6.213 GC heap after
{Heap after GC invocations=7 (full 0):
 garbage-first heap   total 34816K, used 17375K [0x000000070a600000, 0x0000000800000000)
  region size 2048K, 1 young (2048K), 1 survivors (2048K)
 Metaspace       used 26352K, committed 26560K, reserved 1114112K
  class space    used 2632K, committed 2752K, reserved 1048576K
}
Event: 6.306 GC heap before
{Heap before GC invocations=8 (full 0):
 garbage-first heap   total 34816K, used 15327K [0x000000070a600000, 0x0000000800000000)
  region size 2048K, 3 young (6144K), 1 survivors (2048K)
 Metaspace       used 27830K, committed 27968K, reserved 1114112K
  class space    used 2780K, committed 2880K, reserved 1048576K
}
Event: 6.308 GC heap after
{Heap after GC invocations=9 (full 0):
 garbage-first heap   total 143360K, used 13295K [0x000000070a600000, 0x0000000800000000)
  region size 2048K, 1 young (2048K), 1 survivors (2048K)
 Metaspace       used 27830K, committed 27968K, reserved 1114112K
  class space    used 2780K, committed 2880K, reserved 1048576K
}
Event: 6.379 GC heap before
{Heap before GC invocations=9 (full 0):
 garbage-first heap   total 143360K, used 17391K [0x000000070a600000, 0x0000000800000000)
  region size 2048K, 3 young (6144K), 1 survivors (2048K)
 Metaspace       used 29230K, committed 29440K, reserved 1114112K
  class space    used 2920K, committed 3008K, reserved 1048576K
}
Event: 6.380 GC heap after
{Heap after GC invocations=10 (full 0):
 garbage-first heap   total 143360K, used 10150K [0x000000070a600000, 0x0000000800000000)
  region size 2048K, 1 young (2048K), 1 survivors (2048K)
 Metaspace       used 29230K, committed 29440K, reserved 1114112K
  class space    used 2920K, committed 3008K, reserved 1048576K
}

Dll operation events (9 events):
Event: 0.005 Loaded shared library C:\Users\doubl\.p2\pool\plugins\org.eclipse.justj.openjdk.hotspot.jre.full.win32.x86_64_17.0.7.v20230425-1502\jre\bin\java.dll
Event: 0.106 Loaded shared library C:\Users\doubl\.p2\pool\plugins\org.eclipse.justj.openjdk.hotspot.jre.full.win32.x86_64_17.0.7.v20230425-1502\jre\bin\jimage.dll
Event: 0.111 Loaded shared library C:\Users\doubl\.p2\pool\plugins\org.eclipse.justj.openjdk.hotspot.jre.full.win32.x86_64_17.0.7.v20230425-1502\jre\bin\awt.dll
Event: 0.142 Loaded shared library C:\Users\doubl\.p2\pool\plugins\org.eclipse.justj.openjdk.hotspot.jre.full.win32.x86_64_17.0.7.v20230425-1502\jre\bin\net.dll
Event: 0.143 Loaded shared library C:\Users\doubl\.p2\pool\plugins\org.eclipse.justj.openjdk.hotspot.jre.full.win32.x86_64_17.0.7.v20230425-1502\jre\bin\nio.dll
Event: 0.147 Loaded shared library C:\Users\doubl\.p2\pool\plugins\org.eclipse.justj.openjdk.hotspot.jre.full.win32.x86_64_17.0.7.v20230425-1502\jre\bin\zip.dll
Event: 0.223 Loaded shared library C:\Users\doubl\.p2\pool\plugins\org.eclipse.justj.openjdk.hotspot.jre.full.win32.x86_64_17.0.7.v20230425-1502\jre\bin\freetype.dll
Event: 0.224 Loaded shared library C:\Users\doubl\.p2\pool\plugins\org.eclipse.justj.openjdk.hotspot.jre.full.win32.x86_64_17.0.7.v20230425-1502\jre\bin\fontmanager.dll
Event: 6.231 Loaded shared library C:\Users\doubl\Desktop\Breathe\BREATHE\Java\PulseJNI.dll

Deoptimization events (20 events):
Event: 6.336 Thread 0x0000022bca24d0f0 DEOPT PACKING pc=0x0000022baa46ec24 sp=0x000000e3771fba40
Event: 6.336 Thread 0x0000022bca24d0f0 DEOPT UNPACKING pc=0x0000022bb13b7143 sp=0x000000e3771fae08 mode 0
Event: 6.375 Thread 0x0000022bca5fa150 DEOPT PACKING pc=0x0000022ba9f87544 sp=0x000000e37a1fc220
Event: 6.375 Thread 0x0000022bca5fa150 DEOPT UNPACKING pc=0x0000022bb13b7143 sp=0x000000e37a1fb6d0 mode 0
Event: 6.398 Thread 0x0000022bca5fa150 Uncommon trap: trap_request=0xffffffde fr.pc=0x0000022bb1be68ec relative=0x0000000000000fcc
Event: 6.398 Thread 0x0000022bca5fa150 Uncommon trap: reason=class_check action=maybe_recompile pc=0x0000022bb1be68ec method=java.util.concurrent.ConcurrentHashMap.putVal(Ljava/lang/Object;Ljava/lang/Object;Z)Ljava/lang/Object; @ 159 c2
Event: 6.398 Thread 0x0000022bca5fa150 DEOPT PACKING pc=0x0000022bb1be68ec sp=0x000000e37a1fc5b0
Event: 6.398 Thread 0x0000022bca5fa150 DEOPT UNPACKING pc=0x0000022bb13b69a3 sp=0x000000e37a1fc540 mode 2
Event: 6.399 Thread 0x0000022bca5fa150 Uncommon trap: trap_request=0xffffffde fr.pc=0x0000022bb1be68ec relative=0x0000000000000fcc
Event: 6.399 Thread 0x0000022bca5fa150 Uncommon trap: reason=class_check action=maybe_recompile pc=0x0000022bb1be68ec method=java.util.concurrent.ConcurrentHashMap.putVal(Ljava/lang/Object;Ljava/lang/Object;Z)Ljava/lang/Object; @ 159 c2
Event: 6.399 Thread 0x0000022bca5fa150 DEOPT PACKING pc=0x0000022bb1be68ec sp=0x000000e37a1fc450
Event: 6.399 Thread 0x0000022bca5fa150 DEOPT UNPACKING pc=0x0000022bb13b69a3 sp=0x000000e37a1fc3e0 mode 2
Event: 6.399 Thread 0x0000022bca5fa150 Uncommon trap: trap_request=0xffffffde fr.pc=0x0000022bb1be68ec relative=0x0000000000000fcc
Event: 6.399 Thread 0x0000022bca5fa150 Uncommon trap: reason=class_check action=maybe_recompile pc=0x0000022bb1be68ec method=java.util.concurrent.ConcurrentHashMap.putVal(Ljava/lang/Object;Ljava/lang/Object;Z)Ljava/lang/Object; @ 159 c2
Event: 6.399 Thread 0x0000022bca5fa150 DEOPT PACKING pc=0x0000022bb1be68ec sp=0x000000e37a1fc450
Event: 6.399 Thread 0x0000022bca5fa150 DEOPT UNPACKING pc=0x0000022bb13b69a3 sp=0x000000e37a1fc3e0 mode 2
Event: 6.399 Thread 0x0000022bca5fa150 Uncommon trap: trap_request=0xffffffde fr.pc=0x0000022bb1be68ec relative=0x0000000000000fcc
Event: 6.399 Thread 0x0000022bca5fa150 Uncommon trap: reason=class_check action=maybe_recompile pc=0x0000022bb1be68ec method=java.util.concurrent.ConcurrentHashMap.putVal(Ljava/lang/Object;Ljava/lang/Object;Z)Ljava/lang/Object; @ 159 c2
Event: 6.399 Thread 0x0000022bca5fa150 DEOPT PACKING pc=0x0000022bb1be68ec sp=0x000000e37a1fc450
Event: 6.399 Thread 0x0000022bca5fa150 DEOPT UNPACKING pc=0x0000022bb13b69a3 sp=0x000000e37a1fc3e0 mode 2

Classes unloaded (0 events):
No events

Classes redefined (0 events):
No events

Internal exceptions (20 events):
Event: 0.260 Thread 0x0000022bca24d0f0 Exception <a 'java/lang/ClassNotFoundException'{0x0000000719579240}: javax/swing/JTreeCell> (0x0000000719579240) 
thrown [s\src\hotspot\share\classfile\systemDictionary.cpp, line 256]
Event: 0.260 Thread 0x0000022bca24d0f0 Exception <a 'java/lang/ClassNotFoundException'{0x0000000719579540}: TreeCell> (0x0000000719579540) 
thrown [s\src\hotspot\share\classfile\systemDictionary.cpp, line 256]
Event: 0.261 Thread 0x0000022bca24d0f0 Exception <a 'java/lang/ClassNotFoundException'{0x0000000719579d38}: RootPane> (0x0000000719579d38) 
thrown [s\src\hotspot\share\classfile\systemDictionary.cpp, line 256]
Event: 0.262 Thread 0x0000022bca24d0f0 Exception <a 'java/lang/NoSuchMethodError'{0x000000071957b740}: 'void java.lang.invoke.DirectMethodHandle$Holder.invokeSpecial(java.lang.Object, java.lang.Object, java.lang.Object)'> (0x000000071957b740) 
thrown [s\src\hotspot\share\interpreter\linkResolver.cpp, line 759]
Event: 0.267 Thread 0x0000022bca24d0f0 Exception <a 'java/lang/NoSuchMethodError'{0x0000000719588dd0}: 'java.lang.Object java.lang.invoke.DirectMethodHandle$Holder.invokeStatic(java.lang.Object, int, java.lang.Object, java.lang.Object, java.lang.Object, java.lang.Object)'> (0x0000000719588dd0) 
thrown [s\src\hotspot\share\interpreter\linkResolver.cpp, line 759]
Event: 0.313 Thread 0x0000022bca24d0f0 Exception <a 'java/lang/ClassNotFoundException'{0x00000007195fd250}: com/sun/swing/internal/plaf/synth/resources/spi/synthProvider> (0x00000007195fd250) 
thrown [s\src\hotspot\share\classfile\systemDictionary.cpp, line 256]
Event: 0.314 Thread 0x0000022bca24d0f0 Exception <a 'java/lang/ClassNotFoundException'{0x0000000719201b28}: com/sun/swing/internal/plaf/basic/resources/spi/basicProvider> (0x0000000719201b28) 
thrown [s\src\hotspot\share\classfile\systemDictionary.cpp, line 256]
Event: 0.389 Thread 0x0000022bca24d0f0 Exception <a 'java/lang/NoSuchMethodError'{0x0000000719397900}: 'java.lang.Object java.lang.invoke.DirectMethodHandle$Holder.newInvokeSpecial(java.lang.Object, java.lang.Object, java.lang.Object, java.lang.Object, java.lang.Object, java.lang.Object)'> (0x0000000719397900) 
thrown [s\src\hotspot\share\interpreter\linkResolver.cpp, line 759]
Event: 0.390 Thread 0x0000022bca24d0f0 Exception <a 'java/lang/NoSuchMethodError'{0x000000071939fdd8}: 'void java.lang.invoke.DirectMethodHandle$Holder.invokeSpecial(java.lang.Object, java.lang.Object, java.lang.Object, java.lang.Object, java.lang.Object)'> (0x000000071939fdd8) 
thrown [s\src\hotspot\share\interpreter\linkResolver.cpp, line 759]
Event: 0.460 Thread 0x0000022bca24d0f0 Exception <a 'java/lang/NoSuchMethodError'{0x0000000718f304f8}: 'java.lang.Object java.lang.invoke.DirectMethodHandle$Holder.newInvokeSpecial(java.lang.Object, java.lang.Object, java.lang.Object, java.lang.Object, java.lang.Object)'> (0x0000000718f304f8) 
thrown [s\src\hotspot\share\interpreter\linkResolver.cpp, line 759]
Event: 0.536 Thread 0x0000022bca22d120 Exception <a 'java/lang/NoSuchMethodError'{0x000000071940fc38}: 'void java.lang.invoke.DirectMethodHandle$Holder.invokeVirtual(java.lang.Object, java.lang.Object)'> (0x000000071940fc38) 
thrown [s\src\hotspot\share\interpreter\linkResolver.cpp, line 759]
Event: 0.548 Thread 0x0000022bca24d0f0 Exception <a 'java/lang/NoSuchMethodError'{0x0000000718d83ee8}: 'void java.lang.invoke.DirectMethodHandle$Holder.invokeStaticInit(java.lang.Object)'> (0x0000000718d83ee8) 
thrown [s\src\hotspot\share\interpreter\linkResolver.cpp, line 759]
Event: 3.206 Thread 0x0000022bca24d0f0 Exception <a 'java/lang/NoSuchMethodError'{0x000000071894a430}: 'void java.lang.invoke.DirectMethodHandle$Holder.invokeStatic(java.lang.Object, java.lang.Object, java.lang.Object)'> (0x000000071894a430) 
thrown [s\src\hotspot\share\interpreter\linkResolver.cpp, line 759]
Event: 3.207 Thread 0x0000022bca24d0f0 Exception <a 'java/lang/NoSuchMethodError'{0x0000000718950918}: 'void java.lang.invoke.DirectMethodHandle$Holder.invokeStatic(java.lang.Object, java.lang.Object)'> (0x0000000718950918) 
thrown [s\src\hotspot\share\interpreter\linkResolver.cpp, line 759]
Event: 3.422 Thread 0x0000022bca24d0f0 Exception <a 'java/lang/NoSuchMethodError'{0x0000000719a32288}: 'int java.lang.invoke.DirectMethodHandle$Holder.invokeStatic(java.lang.Object)'> (0x0000000719a32288) 
thrown [s\src\hotspot\share\interpreter\linkResolver.cpp, line 759]
Event: 3.482 Thread 0x0000022bca24d0f0 Implicit null exception at 0x0000022bb1bb324f to 0x0000022bb1bb3849
Event: 3.482 Thread 0x0000022bca24d0f0 Implicit null exception at 0x0000022bb1bad1aa to 0x0000022bb1bad920
Event: 3.482 Thread 0x0000022bca24d0f0 Implicit null exception at 0x0000022bb1bb324f to 0x0000022bb1bb3849
Event: 3.482 Thread 0x0000022bca24d0f0 Implicit null exception at 0x0000022bb1bad1aa to 0x0000022bb1bad920
Event: 3.482 Thread 0x0000022bca24d0f0 Implicit null exception at 0x0000022bb1bb324f to 0x0000022bb1bb3849

VM Operations (20 events):
Event: 6.000 Executing VM operation: HandshakeAllThreads
Event: 6.000 Executing VM operation: HandshakeAllThreads done
Event: 6.079 Executing VM operation: G1CollectForAllocation
Event: 6.085 Executing VM operation: G1CollectForAllocation done
Event: 6.201 Executing VM operation: HandshakeAllThreads
Event: 6.201 Executing VM operation: HandshakeAllThreads done
Event: 6.205 Executing VM operation: G1CollectForAllocation
Event: 6.213 Executing VM operation: G1CollectForAllocation done
Event: 6.217 Executing VM operation: G1Concurrent
Event: 6.219 Executing VM operation: G1Concurrent done
Event: 6.222 Executing VM operation: G1Concurrent
Event: 6.222 Executing VM operation: G1Concurrent done
Event: 6.306 Executing VM operation: G1CollectForAllocation
Event: 6.308 Executing VM operation: G1CollectForAllocation done
Event: 6.337 Executing VM operation: HandshakeAllThreads
Event: 6.337 Executing VM operation: HandshakeAllThreads done
Event: 6.379 Executing VM operation: G1CollectForAllocation
Event: 6.380 Executing VM operation: G1CollectForAllocation done
Event: 6.460 Executing VM operation: HandshakeAllThreads
Event: 6.461 Executing VM operation: HandshakeAllThreads done

Events (20 events):
Event: 6.431 loading class java/io/StringWriter
Event: 6.431 loading class java/io/StringWriter done
Event: 6.437 loading class java/util/concurrent/atomic/AtomicIntegerArray
Event: 6.437 loading class java/util/concurrent/atomic/AtomicIntegerArray done
Event: 6.437 loading class java/net/URISyntaxException
Event: 6.437 loading class java/net/URISyntaxException done
Event: 6.437 loading class java/net/InetAddress
Event: 6.438 loading class java/net/InetAddress done
Event: 6.482 loading class java/util/Collections$UnmodifiableMap$UnmodifiableEntrySet
Event: 6.483 loading class java/util/Collections$UnmodifiableMap$UnmodifiableEntrySet done
Event: 6.483 loading class java/util/Collections$UnmodifiableMap$UnmodifiableEntrySet$1
Event: 6.483 loading class java/util/Collections$UnmodifiableMap$UnmodifiableEntrySet$1 done
Event: 6.483 loading class java/util/Collections$UnmodifiableMap$UnmodifiableEntrySet$UnmodifiableEntry
Event: 6.483 loading class java/util/Collections$UnmodifiableMap$UnmodifiableEntrySet$UnmodifiableEntry done
Event: 6.488 loading class java/lang/reflect/WildcardType
Event: 6.488 loading class java/lang/reflect/WildcardType done
Event: 6.488 loading class java/lang/reflect/GenericArrayType
Event: 6.488 loading class java/lang/reflect/GenericArrayType done
Event: 6.488 loading class java/lang/reflect/ParameterizedType
Event: 6.488 loading class java/lang/reflect/ParameterizedType done


Dynamic libraries:
0x00007ff78d100000 - 0x00007ff78d10e000 	C:\Users\doubl\.p2\pool\plugins\org.eclipse.justj.openjdk.hotspot.jre.full.win32.x86_64_17.0.7.v20230425-1502\jre\bin\javaw.exe
0x00007ff8765b0000 - 0x00007ff8767c7000 	C:\windows\SYSTEM32\ntdll.dll
0x00007ff8764a0000 - 0x00007ff876564000 	C:\windows\System32\KERNEL32.DLL
0x00007ff873b80000 - 0x00007ff873f2d000 	C:\windows\System32\KERNELBASE.dll
0x00007ff873ff0000 - 0x00007ff874101000 	C:\windows\System32\ucrtbase.dll
0x00007ff86cfb0000 - 0x00007ff86cfc7000 	C:\Users\doubl\.p2\pool\plugins\org.eclipse.justj.openjdk.hotspot.jre.full.win32.x86_64_17.0.7.v20230425-1502\jre\bin\jli.dll
0x00007ff85d9e0000 - 0x00007ff85d9f9000 	C:\Users\doubl\.p2\pool\plugins\org.eclipse.justj.openjdk.hotspot.jre.full.win32.x86_64_17.0.7.v20230425-1502\jre\bin\VCRUNTIME140.dll
0x00007ff875e10000 - 0x00007ff875fbe000 	C:\windows\System32\USER32.dll
0x00007ff869780000 - 0x00007ff869a13000 	C:\windows\WinSxS\amd64_microsoft.windows.common-controls_6595b64144ccf1df_6.0.22621.3672_none_2713b9d173822955\COMCTL32.dll
0x00007ff874190000 - 0x00007ff8741b6000 	C:\windows\System32\win32u.dll
0x00007ff8742e0000 - 0x00007ff874387000 	C:\windows\System32\msvcrt.dll
0x00007ff875830000 - 0x00007ff875859000 	C:\windows\System32\GDI32.dll
0x00007ff8741c0000 - 0x00007ff8742d9000 	C:\windows\System32\gdi32full.dll
0x00007ff8738d0000 - 0x00007ff87396a000 	C:\windows\System32\msvcp_win.dll
0x00007ff875410000 - 0x00007ff875441000 	C:\windows\System32\IMM32.DLL
0x00007ff86cec0000 - 0x00007ff86cecc000 	C:\Users\doubl\.p2\pool\plugins\org.eclipse.justj.openjdk.hotspot.jre.full.win32.x86_64_17.0.7.v20230425-1502\jre\bin\vcruntime140_1.dll
0x00007ff843cc0000 - 0x00007ff843d51000 	C:\Users\doubl\.p2\pool\plugins\org.eclipse.justj.openjdk.hotspot.jre.full.win32.x86_64_17.0.7.v20230425-1502\jre\bin\msvcp140.dll
0x00007fffcdca0000 - 0x00007fffce8e8000 	C:\Users\doubl\.p2\pool\plugins\org.eclipse.justj.openjdk.hotspot.jre.full.win32.x86_64_17.0.7.v20230425-1502\jre\bin\server\jvm.dll
0x00007ff875160000 - 0x00007ff875212000 	C:\windows\System32\ADVAPI32.dll
0x00007ff875550000 - 0x00007ff8755f9000 	C:\windows\System32\sechost.dll
0x00007ff873b50000 - 0x00007ff873b78000 	C:\windows\System32\bcrypt.dll
0x00007ff875bf0000 - 0x00007ff875d04000 	C:\windows\System32\RPCRT4.dll
0x00007ff851080000 - 0x00007ff851089000 	C:\windows\SYSTEM32\WSOCK32.dll
0x00007ff86d570000 - 0x00007ff86d5a4000 	C:\windows\SYSTEM32\WINMM.dll
0x00007ff868320000 - 0x00007ff86832a000 	C:\windows\SYSTEM32\VERSION.dll
0x00007ff875d90000 - 0x00007ff875e01000 	C:\windows\System32\WS2_32.dll
0x00007ff872960000 - 0x00007ff872978000 	C:\windows\SYSTEM32\kernel.appcore.dll
0x00007ff85da70000 - 0x00007ff85da7a000 	C:\Users\doubl\.p2\pool\plugins\org.eclipse.justj.openjdk.hotspot.jre.full.win32.x86_64_17.0.7.v20230425-1502\jre\bin\jimage.dll
0x00007ff870df0000 - 0x00007ff871022000 	C:\windows\SYSTEM32\DBGHELP.DLL
0x00007ff875860000 - 0x00007ff875bee000 	C:\windows\System32\combase.dll
0x00007ff874810000 - 0x00007ff8748e7000 	C:\windows\System32\OLEAUT32.dll
0x00007ff869e10000 - 0x00007ff869e42000 	C:\windows\SYSTEM32\dbgcore.DLL
0x00007ff874110000 - 0x00007ff87418b000 	C:\windows\System32\bcryptPrimitives.dll
0x00007ff85a8b0000 - 0x00007ff85a8d5000 	C:\Users\doubl\.p2\pool\plugins\org.eclipse.justj.openjdk.hotspot.jre.full.win32.x86_64_17.0.7.v20230425-1502\jre\bin\java.dll
0x00007ff85b390000 - 0x00007ff85b3a8000 	C:\Users\doubl\.p2\pool\plugins\org.eclipse.justj.openjdk.hotspot.jre.full.win32.x86_64_17.0.7.v20230425-1502\jre\bin\zip.dll
0x00007ff8748f0000 - 0x00007ff875157000 	C:\windows\System32\SHELL32.dll
0x00007ff871800000 - 0x00007ff8720ff000 	C:\windows\SYSTEM32\windows.storage.dll
0x00007ff8716c0000 - 0x00007ff8717ff000 	C:\windows\SYSTEM32\wintypes.dll
0x00007ff875310000 - 0x00007ff875409000 	C:\windows\System32\SHCORE.dll
0x00007ff8752b0000 - 0x00007ff87530e000 	C:\windows\System32\shlwapi.dll
0x00007ff873800000 - 0x00007ff873827000 	C:\windows\SYSTEM32\profapi.dll
0x00007ff811a80000 - 0x00007ff811c0e000 	C:\Users\doubl\.p2\pool\plugins\org.eclipse.justj.openjdk.hotspot.jre.full.win32.x86_64_17.0.7.v20230425-1502\jre\bin\awt.dll
0x00007ff86bbb0000 - 0x00007ff86bc47000 	C:\windows\SYSTEM32\apphelp.dll
0x00007ff85a800000 - 0x00007ff85a819000 	C:\Users\doubl\.p2\pool\plugins\org.eclipse.justj.openjdk.hotspot.jre.full.win32.x86_64_17.0.7.v20230425-1502\jre\bin\net.dll
0x00007ff86f440000 - 0x00007ff86f576000 	C:\windows\SYSTEM32\WINHTTP.dll
0x00007ff872e00000 - 0x00007ff872e69000 	C:\windows\system32\mswsock.dll
0x00007ff857b80000 - 0x00007ff857b95000 	C:\Users\doubl\.p2\pool\plugins\org.eclipse.justj.openjdk.hotspot.jre.full.win32.x86_64_17.0.7.v20230425-1502\jre\bin\nio.dll
0x00007ff870a50000 - 0x00007ff870b01000 	C:\windows\system32\uxtheme.dll
0x00007ff876220000 - 0x00007ff87637e000 	C:\windows\System32\MSCTF.dll
0x00007ff875fc0000 - 0x00007ff876165000 	C:\windows\System32\ole32.dll
0x00007ff835b20000 - 0x00007ff835ba6000 	C:\Users\doubl\.p2\pool\plugins\org.eclipse.justj.openjdk.hotspot.jre.full.win32.x86_64_17.0.7.v20230425-1502\jre\bin\freetype.dll
0x00007ff825540000 - 0x00007ff825605000 	C:\Users\doubl\.p2\pool\plugins\org.eclipse.justj.openjdk.hotspot.jre.full.win32.x86_64_17.0.7.v20230425-1502\jre\bin\fontmanager.dll
0x00007ff870cf0000 - 0x00007ff870d1b000 	C:\windows\system32\DWMAPI.DLL
0x00007ff82f920000 - 0x00007ff82fa20000 	C:\windows\system32\opengl32.dll
0x00007ff833d40000 - 0x00007ff833d6d000 	C:\windows\SYSTEM32\GLU32.dll
0x00007ff870b80000 - 0x00007ff870bb7000 	C:\windows\SYSTEM32\dxcore.dll
0x00007ff831ec0000 - 0x00007ff832068000 	C:\windows\system32\d3d9.dll
0x00007ff863720000 - 0x00007ff8638db000 	C:\windows\System32\DriverStore\FileRepository\u0391077.inf_amd64_67fd0eeeedac332d\B385477\aticfx64.dll
0x00007ff84f880000 - 0x00007ff84f8b4000 	C:\windows\System32\DriverStore\FileRepository\u0391077.inf_amd64_67fd0eeeedac332d\B385477\atiu9p64.dll
0x00007ff832070000 - 0x00007ff832dc5000 	C:\windows\System32\DriverStore\FileRepository\u0391077.inf_amd64_67fd0eeeedac332d\B385477\atiumd64.dll
0x000000006d5b0000 - 0x000000006e4d7000 	C:\windows\System32\DriverStore\FileRepository\u0391077.inf_amd64_67fd0eeeedac332d\B385477\atiumd6a.dll
0x00007ff874390000 - 0x00007ff874804000 	C:\windows\System32\SETUPAPI.dll
0x00007ff872f20000 - 0x00007ff872f6d000 	C:\windows\SYSTEM32\POWRPROF.dll
0x00007ff872f00000 - 0x00007ff872f13000 	C:\windows\SYSTEM32\UMPDC.dll
0x00007ff863e60000 - 0x00007ff863e95000 	C:\windows\SYSTEM32\amdihk64.dll
0x00007ff869f60000 - 0x00007ff869fa9000 	C:\windows\SYSTEM32\directxdatabasehelper.dll
0x00007ff8763e0000 - 0x00007ff876490000 	C:\windows\System32\clbcatq.dll
0x00007ff870880000 - 0x00007ff870a31000 	C:\windows\SYSTEM32\WindowsCodecs.dll
0x00007ff851a40000 - 0x00007ff851a9e000 	C:\windows\system32\dataexchange.dll
0x00007ff866720000 - 0x00007ff8669aa000 	C:\windows\system32\twinapi.appcore.dll
0x00007ff8556e0000 - 0x00007ff855823000 	C:\windows\SYSTEM32\textinputframework.dll
0x00007ff86b8c0000 - 0x00007ff86b9f3000 	C:\windows\SYSTEM32\CoreMessaging.dll
0x00007ff869170000 - 0x00007ff8694dd000 	C:\windows\SYSTEM32\CoreUIComponents.dll
0x00007ff8730f0000 - 0x00007ff8730fc000 	C:\windows\SYSTEM32\CRYPTBASE.DLL
0x00007ff858a50000 - 0x00007ff858b03000 	C:\windows\WinSxS\amd64_microsoft.windows.common-controls_6595b64144ccf1df_5.82.22621.3527_none_b43b7f4b638cc64f\comctl32.dll
0x00007ff8735c0000 - 0x00007ff87360e000 	C:\windows\SYSTEM32\CFGMGR32.dll
0x00007ff86feb0000 - 0x00007ff86ffb0000 	C:\windows\system32\propsys.dll
0x00007ff866a10000 - 0x00007ff866a2a000 	C:\windows\system32\NetworkExplorer.dll
0x00007ff857ec0000 - 0x00007ff857ede000 	C:\windows\SYSTEM32\MPR.dll
0x00007ff825870000 - 0x00007ff82589b000 	C:\windows\System32\p9np.dll
0x00007ff8350a0000 - 0x00007ff8350ac000 	C:\windows\System32\drprov.dll
0x00007ff825340000 - 0x00007ff825362000 	C:\windows\System32\ntlanman.dll
0x00007ff834b80000 - 0x00007ff834b9f000 	C:\windows\System32\davclnt.dll
0x00007ff8728f0000 - 0x00007ff872956000 	C:\windows\System32\WINSTA.dll
0x00007ff86efd0000 - 0x00007ff86efea000 	C:\windows\System32\wkscli.dll
0x00007ff84ee90000 - 0x00007ff84eea2000 	C:\windows\SYSTEM32\cscapi.dll
0x00007ff872320000 - 0x00007ff87232c000 	C:\windows\System32\netutils.dll
0x00007ff85daa0000 - 0x00007ff85daf6000 	C:\Windows\System32\dlnashext.dll
0x00007ff843c30000 - 0x00007ff843c99000 	C:\Windows\System32\PlayToDevice.dll
0x00007ff84fe00000 - 0x00007ff84fe21000 	C:\Windows\System32\DevDispItemProvider.dll
0x00007ff867cd0000 - 0x00007ff867d6e000 	C:\windows\System32\MMDevApi.dll
0x00007ff873590000 - 0x00007ff8735bc000 	C:\windows\System32\DEVOBJ.dll
0x00007ff80bb20000 - 0x00007ff80bbc9000 	C:\windows\system32\wpdshext.dll
0x00007ff834c10000 - 0x00007ff834dc9000 	C:\windows\WinSxS\amd64_microsoft.windows.gdiplus_6595b64144ccf1df_1.1.22621.3810_none_57f8d842ce19d879\gdiplus.dll
0x00007ff836b60000 - 0x00007ff836bfe000 	C:\Windows\System32\PortableDeviceApi.dll
0x00007ff873ae0000 - 0x00007ff873b4b000 	C:\windows\System32\WINTRUST.dll
0x00007ff873970000 - 0x00007ff873ad6000 	C:\windows\System32\CRYPT32.dll
0x00007ff873130000 - 0x00007ff873142000 	C:\windows\SYSTEM32\MSASN1.dll
0x00007ff83f530000 - 0x00007ff83f567000 	C:\Windows\System32\EhStorShell.dll
0x00007ff851110000 - 0x00007ff851134000 	C:\Windows\System32\EhStorAPI.dll
0x00007ff8726b0000 - 0x00007ff8726c4000 	C:\Windows\System32\WTSAPI32.dll
0x00007ff869f20000 - 0x00007ff869f2d000 	C:\windows\SYSTEM32\LINKINFO.dll
0x00007ff867db0000 - 0x00007ff867ee9000 	C:\Windows\System32\Windows.System.Launcher.dll
0x00007ff86fd00000 - 0x00007ff86fd93000 	C:\Windows\System32\msvcp110_win.dll
0x00007ff86ca40000 - 0x00007ff86ca5a000 	C:\windows\SYSTEM32\windows.staterepositorycore.dll
0x00007ff80a2c0000 - 0x00007ff80b33b000 	C:\Users\doubl\Desktop\Breathe\BREATHE\Java\PulseJNI.dll

dbghelp: loaded successfully - version: 4.0.5 - missing functions: none
symbol engine: initialized successfully - sym options: 0x614 - pdb path: .;C:\Users\doubl\.p2\pool\plugins\org.eclipse.justj.openjdk.hotspot.jre.full.win32.x86_64_17.0.7.v20230425-1502\jre\bin;C:\windows\SYSTEM32;C:\windows\WinSxS\amd64_microsoft.windows.common-controls_6595b64144ccf1df_6.0.22621.3672_none_2713b9d173822955;C:\Users\doubl\.p2\pool\plugins\org.eclipse.justj.openjdk.hotspot.jre.full.win32.x86_64_17.0.7.v20230425-1502\jre\bin\server;C:\windows\System32\DriverStore\FileRepository\u0391077.inf_amd64_67fd0eeeedac332d\B385477;C:\windows\WinSxS\amd64_microsoft.windows.common-controls_6595b64144ccf1df_5.82.22621.3527_none_b43b7f4b638cc64f;C:\windows\WinSxS\amd64_microsoft.windows.gdiplus_6595b64144ccf1df_1.1.22621.3810_none_57f8d842ce19d879;C:\Users\doubl\Desktop\Breathe\BREATHE\Java

VM Arguments:
jvm_args: -Dfile.encoding=UTF-8 -XX:+ShowCodeDetailsInExceptionMessages 
java_command: main.Main
java_class_path (initial): C:\Users\doubl\Desktop\Breathe\BREATHE\Java\bin;C:\Users\doubl\Desktop\Breathe\BREATHE\Java\jar\commons-collections4-4.4.jar;C:\Users\doubl\Desktop\Breathe\BREATHE\Java\jar\commons-compress-1.21.jar;C:\Users\doubl\Desktop\Breathe\BREATHE\Java\jar\commons-io-2.11.0.jar;C:\Users\doubl\Desktop\Breathe\BREATHE\Java\jar\commons-math3-3.6.1.jar;C:\Users\doubl\Desktop\Breathe\BREATHE\Java\jar\error_prone_annotations-2.11.0.jar;C:\Users\doubl\Desktop\Breathe\BREATHE\Java\jar\gson-2.10.1.jar;C:\Users\doubl\Desktop\Breathe\BREATHE\Java\jar\guava-31.1-jre.jar;C:\Users\doubl\Desktop\Breathe\BREATHE\Java\jar\j2objc-annotations-1.3.jar;C:\Users\doubl\Desktop\Breathe\BREATHE\Java\jar\jackson-annotations-2.15.2.jar;C:\Users\doubl\Desktop\Breathe\BREATHE\Java\jar\jackson-core-2.15.2.jar;C:\Users\doubl\Desktop\Breathe\BREATHE\Java\jar\jackson-databind-2.15.2.jar;C:\Users\doubl\Desktop\Breathe\BREATHE\Java\jar\java-ordered-properties-1.0.4.jar;C:\Users\doubl\Desktop\Breathe\BREATHE\Java\jar\javassist-3.28.0-GA.jar;C:\Users\doubl\Desktop\Breathe\BREATHE\Java\jar\jeromq-0.5.3.jar;C:\Users\doubl\Desktop\Breathe\BREATHE\Java\jar\jfreechart-1.5.4.jar;C:\Users\doubl\Desktop\Breathe\BREATHE\Java\jar\jsr305-3.0.2.jar;C:\Users\doubl\Desktop\Breathe\BREATHE\Java\jar\log4j-api-2.20.0.jar;C:\Users\doubl\Desktop\Breathe\BREATHE\Java\jar\log4j-core-2.20.0.jar;C:\Users\doubl\Desktop\Breathe\BREATHE\Java\jar\logback-core-1.4.6.jar;C:\Users\doubl\Desktop\Breathe\BREATHE\Java\jar\poi-5.2.3.jar;C:\Users\doubl\Desktop\Breathe\BREATHE\Java\jar\poi-ooxml-5.2.3.jar;C:\Users\doubl\Desktop\Breathe\BREATHE\Java\jar\poi-ooxml-lite-5.2.3.jar;C:\Users\doubl\Desktop\Breathe\BREATHE\Java\jar\Pulse.jar;C:\Users\doubl\Desktop\Breathe\BREATHE\Java\jar\reflections-0.10.2.jar;C:\Users\doubl\Desktop\Breathe\BREATHE\Java\jar\slf4j-api-2.0.7.jar;C:\Users\doubl\Desktop\Breathe\BREATHE\Java\jar\slf4j-simple-2.0.7.jar;C:\Users\doubl\Desktop\Breathe\BREATHE\Java\jar\xmlbeans-5.1.1.jar
Launcher Type: SUN_STANDARD

[Global flags]
     intx CICompilerCount                          = 12                                        {product} {ergonomic}
     uint ConcGCThreads                            = 3                                         {product} {ergonomic}
     uint G1ConcRefinementThreads                  = 13                                        {product} {ergonomic}
   size_t G1HeapRegionSize                         = 2097152                                   {product} {ergonomic}
    uintx GCDrainStackTargetSize                   = 64                                        {product} {ergonomic}
   size_t InitialHeapSize                          = 257949696                                 {product} {ergonomic}
   size_t MarkStackSize                            = 4194304                                   {product} {ergonomic}
   size_t MaxHeapSize                              = 4120903680                                {product} {ergonomic}
   size_t MaxNewSize                               = 2472542208                                {product} {ergonomic}
   size_t MinHeapDeltaBytes                        = 2097152                                   {product} {ergonomic}
   size_t MinHeapSize                              = 8388608                                   {product} {ergonomic}
    uintx NonNMethodCodeHeapSize                   = 7602480                                {pd product} {ergonomic}
    uintx NonProfiledCodeHeapSize                  = 122027880                              {pd product} {ergonomic}
    uintx ProfiledCodeHeapSize                     = 122027880                              {pd product} {ergonomic}
    uintx ReservedCodeCacheSize                    = 251658240                              {pd product} {ergonomic}
     bool SegmentedCodeCache                       = true                                      {product} {ergonomic}
     bool ShowCodeDetailsInExceptionMessages       = true                                   {manageable} {command line}
   size_t SoftMaxHeapSize                          = 4120903680                             {manageable} {ergonomic}
     bool UseCompressedClassPointers               = true                           {product lp64_product} {ergonomic}
     bool UseCompressedOops                        = true                           {product lp64_product} {ergonomic}
     bool UseG1GC                                  = true                                      {product} {ergonomic}
     bool UseLargePagesIndividualAllocation        = false                                  {pd product} {ergonomic}

Logging:
Log output configuration:
 #0: stdout all=warning uptime,level,tags
 #1: stderr all=off uptime,level,tags

Environment Variables:
JAVA_HOME=C:\Program Files\Amazon Corretto\jdk1.8.0_422
PATH=C:/Users/doubl/.p2/pool/plugins/org.eclipse.justj.openjdk.hotspot.jre.full.win32.x86_64_17.0.7.v20230425-1502/jre/bin/server;C:/Users/doubl/.p2/pool/plugins/org.eclipse.justj.openjdk.hotspot.jre.full.win32.x86_64_17.0.7.v20230425-1502/jre/bin;C:\Program Files (x86)\Java\jre1.8.0_421\bin;C:\Program Files\Amazon Corretto\jdk1.8.0_422\bin;C:\Program Files\Common Files\Oracle\Java\javapath;C:\Program Files (x86)\Common Files\Oracle\Java\java8path;C:\Program Files (x86)\Common Files\Oracle\Java\javapath;C:\windows\system32;C:\windows;C:\windows\System32\Wbem;C:\windows\System32\WindowsPowerShell\v1.0\;C:\windows\System32\OpenSSH\;C:\Program Files\Microsoft VS Code\bin;C:\Program Files\Git\cmd;C:\Program Files\nodejs\;C:\ProgramData\chocolatey\bin;C:\Program Files\PuTTY\;C:\Users\doubl\Desktop\Uni\IR\apache-ant-1.9.16-bin\apache-ant-1.9.16\bin;C:\Users\doubl\Desktop\Uni\IR\gradle-7.6.3-bin\gradle-7.6.3\bin;C:\MinGW\bin;C:\Program Files\TortoiseSVN\bin;C:\Program Files\Git\usr\bin;C:\Users\doubl\Desktop\Uni\IR\icu4c-74_1-Win64-MSVC2022\bin64;C:\Program Files\Amazon Corretto\jdk1.8.0_422\bin;C:\Program Files\Java\jre-1.8\bin;C:\Users\doubl\AppData\Local\Programs\Python\Python38\Scripts;C:\Program Files\dotnet\;C:\Users\doubl\AppData\Local\Programs\Python\Python38\Scripts\;C:\Users\doubl\AppData\Local\Programs\Python\Python38\;C:\Users\doubl\AppData\Local\Microsoft\WindowsApps;C:\Users\doubl\AppData\Roaming\npm;C:\Users\doubl\AppData\Local\GitHubDesktop\bin;C:\Program Files\JetBrains\PyCharm 2023.2.5\bin;;C:\Users\doubl\.dotnet\tools;C:\Users\doubl\Desktop;
USERNAME=doubl
OS=Windows_NT
PROCESSOR_IDENTIFIER=AMD64 Family 25 Model 80 Stepping 0, AuthenticAMD
TMP=C:\Users\doubl\AppData\Local\Temp
TEMP=C:\Users\doubl\AppData\Local\Temp



---------------  S Y S T E M  ---------------

OS:
 Windows 11 , 64 bit Build 22621 (10.0.22621.3958)
OS uptime: 4 days 23:33 hours
Hyper-V role detected

CPU: total 16 (initial active 16) (16 cores per cpu, 2 threads per core) family 25 model 80 stepping 0 microcode 0x0, cx8, cmov, fxsr, ht, mmx, 3dnowpref, sse, sse2, sse3, ssse3, sse4a, sse4.1, sse4.2, popcnt, lzcnt, tsc, tscinvbit, avx, avx2, aes, erms, clmul, bmi1, bmi2, adx, sha, fma, vzeroupper, clflush, clflushopt, hv

Memory: 4k page, system-wide physical 15712M (7610M free)
TotalPageFile size 16736M (AvailPageFile size 4596M)
current process WorkingSet (physical memory assigned to process): 219M, peak: 222M
current process commit charge ("private bytes"): 404M, peak: 477M

vm_info: OpenJDK 64-Bit Server VM (17.0.7+7) for windows-amd64 JRE (17.0.7+7), built on Apr 18 2023 22:10:42 by "temurin" with MS VC++ 16.7 (VS2019)

END.
