#
# A fatal error has been detected by the Java Runtime Environment:
#
#  EXCEPTION_ACCESS_VIOLATION (0xc0000005) at pc=0x00007ffa52057fd0, pid=27692, tid=29880
#
# JRE version: OpenJDK Runtime Environment Temurin-17.0.7+7 (17.0.7+7) (build 17.0.7+7)
# Java VM: OpenJDK 64-Bit Server VM Temurin-17.0.7+7 (17.0.7+7, mixed mode, tiered, compressed oops, compressed class ptrs, g1 gc, windows-amd64)
# Problematic frame:
# C  [PulseJNI.dll+0x297fd0]
#
# No core dump will be written. Minidumps are not enabled by default on client versions of Windows
#
# If you would like to submit a bug report, please visit:
#   https://github.com/adoptium/adoptium-support/issues
# The crash happened outside the Java Virtual Machine in native code.
# See problematic frame for where to report the bug.
#

---------------  S U M M A R Y ------------

Command Line: -Dfile.encoding=UTF-8 -XX:+ShowCodeDetailsInExceptionMessages app.Main

Host: AMD Ryzen 7 5825U with Radeon Graphics         , 16 cores, 15G,  Windows 11 , 64 bit Build 22621 (10.0.22621.3958)
Time: Sun Oct 20 18:03:53 2024 ora legale Europa occidentale elapsed time: 54.268163 seconds (0d 0h 0m 54s)

---------------  T H R E A D  ---------------

Current thread (0x000001f731f962c0):  JavaThread "SwingWorker-pool-2-thread-1" daemon [_thread_in_native, id=29880, stack(0x0000003f57d00000,0x0000003f57e00000)]

Stack: [0x0000003f57d00000,0x0000003f57e00000],  sp=0x0000003f57dfdde0,  free space=1015k
Native frames: (J=compiled Java code, j=interpreted, Vv=VM code, C=native code)
C  [PulseJNI.dll+0x297fd0]

Java frames: (J=compiled Java code, j=interpreted, Vv=VM code)
j  com.kitware.pulse.engine.PulseEngine.nativeInitializeEngine(JLjava/lang/String;Ljava/lang/String;I)Z+0
j  com.kitware.pulse.engine.PulseEngine.initializeEngine(Lcom/kitware/pulse/cdm/engine/SEPatientConfiguration;Lcom/kitware/pulse/cdm/engine/SEDataRequestManager;)Z+39
j  app.SimulationWorker.doInBackground()Ljava/lang/Void;+24
j  app.SimulationWorker.doInBackground()Ljava/lang/Object;+1
j  javax.swing.SwingWorker$1.call()Ljava/lang/Object;+14 java.desktop@17.0.7
j  java.util.concurrent.FutureTask.run()V+39 java.base@17.0.7
j  javax.swing.SwingWorker.run()V+4 java.desktop@17.0.7
j  java.util.concurrent.ThreadPoolExecutor.runWorker(Ljava/util/concurrent/ThreadPoolExecutor$Worker;)V+92 java.base@17.0.7
j  java.util.concurrent.ThreadPoolExecutor$Worker.run()V+5 java.base@17.0.7
j  java.lang.Thread.run()V+11 java.base@17.0.7
v  ~StubRoutines::call_stub

siginfo: EXCEPTION_ACCESS_VIOLATION (0xc0000005), reading address 0x0000000000000000


Register to memory mapping:

RIP=0x00007ffa52057fd0 PulseJNI.dll
RAX=0x0 is NULL
RBX={method} {0x000001f733146e08} 'nativeInitializeEngine' '(JLjava/lang/String;Ljava/lang/String;I)Z' in 'com/kitware/pulse/engine/PulseEngine'
RCX=0x000001f729051750 points into unknown readable memory: 0x00007ffa52920f60 | 60 0f 92 52 fa 7f 00 00
RDX=0x0 is NULL
RSP=0x0000003f57dfdde0 is pointing into the stack for thread: 0x000001f731f962c0
RBP=0x0000003f57dfedf8 is pointing into the stack for thread: 0x000001f731f962c0
RSI=3807676667 is a compressed pointer to object: [B 
{0x0000000717a447d8} - klass: {type array byte}
 - length: 753
RDI=3807676175 is a compressed pointer to object: [B 
{0x0000000717a43878} - klass: {type array byte}
 - length: 1150
R8 =0x00007ffa52d75100 PulseJNI.dll
R9 =0x0000000000000001 is an unknown value
R10=0x0000000000000003 is an unknown value
R11=0x0000003f57dfda80 is pointing into the stack for thread: 0x000001f731f962c0
R12=0x0 is NULL
R13={method} {0x000001f733146e08} 'nativeInitializeEngine' '(JLjava/lang/String;Ljava/lang/String;I)Z' in 'com/kitware/pulse/engine/PulseEngine'
R14=0x0000003f57dfee40 is pointing into the stack for thread: 0x000001f731f962c0
R15=0x000001f731f962c0 is a thread


Registers:
RAX=0x0000000000000000, RBX=0x000001f733146e00, RCX=0x000001f729051750, RDX=0x0000000000000000
RSP=0x0000003f57dfdde0, RBP=0x0000003f57dfedf8, RSI=0x00000000e2f488fb, RDI=0x00000000e2f4870f
R8 =0x00007ffa52d75100, R9 =0x0000000000000001, R10=0x0000000000000003, R11=0x0000003f57dfda80
R12=0x0000000000000000, R13=0x000001f733146e00, R14=0x0000003f57dfee40, R15=0x000001f731f962c0
RIP=0x00007ffa52057fd0, EFLAGS=0x0000000000010246

Top of Stack: (sp=0x0000003f57dfdde0)
0x0000003f57dfdde0:   000001f729051750 0000000000000000
0x0000003f57dfddf0:   00007ffa51dedae0 000000000000000f
0x0000003f57dfde00:   00007ffa520a8a70 00007ffa51de83a0
0x0000003f57dfde10:   0000000000000000 000000000000000f
0x0000003f57dfde20:   6c616e7265746e00 000000006e696b53
0x0000003f57dfde30:   0000000000000000 000000000000000f
0x0000003f57dfde40:   000001f728671e00 0000000000000000
0x0000003f57dfde50:   00007ffa51dec230 00007ffa51de55f0
0x0000003f57dfde60:   00007ffa51de55f0 00007ffa51de55f0
0x0000003f57dfde70:   00007ffa51decbf0 00007ffa520a896b
0x0000003f57dfde80:   000001f729051750 0000000000000000
0x0000003f57dfde90:   0000000000000000 000000000000000f
0x0000003f57dfdea0:   6c616e7265747800 000000006e696b53
0x0000003f57dfdeb0:   00007ffa520a8a70 000000000000000f
0x0000003f57dfdec0:   6c616e7265746e00 0000000065726f43
0x0000003f57dfded0:   0000000000000000 00007ffa520a84ae 

Instructions: (pc=0x00007ffa52057fd0)
0x00007ffa52057ed0:   28 e8 6a b5 d7 ff 48 89 44 24 20 48 8b 4c 24 28
0x00007ffa52057ee0:   e8 7b b5 d7 ff 48 89 44 24 30 eb 0e 48 8b 44 24
0x00007ffa52057ef0:   20 48 83 c0 08 48 89 44 24 20 48 8b 44 24 30 48
0x00007ffa52057f00:   39 44 24 20 74 1f 48 8b 44 24 20 48 8b 00 48 89
0x00007ffa52057f10:   44 24 38 48 8b 44 24 58 48 39 44 24 38 75 04 b0
0x00007ffa52057f20:   01 eb 04 eb c7 32 c0 48 83 c4 48 c3 cc cc cc cc
0x00007ffa52057f30:   cc cc cc cc cc cc cc cc cc cc cc cc cc cc cc cc
0x00007ffa52057f40:   48 89 4c 24 08 48 8b 44 24 08 48 83 c0 48 c3 cc
0x00007ffa52057f50:   cc cc cc cc cc cc cc cc cc cc cc cc cc cc cc cc
0x00007ffa52057f60:   48 89 4c 24 08 48 8b 44 24 08 48 83 c0 60 c3 cc
0x00007ffa52057f70:   cc cc cc cc cc cc cc cc cc cc cc cc cc cc cc cc
0x00007ffa52057f80:   48 89 54 24 10 48 89 4c 24 08 48 81 ec 98 00 00
0x00007ffa52057f90:   00 48 8b 84 24 a0 00 00 00 48 8b 00 48 8b 80 d0
0x00007ffa52057fa0:   00 00 00 48 89 44 24 20 48 8b 94 24 a8 00 00 00
0x00007ffa52057fb0:   48 8b 8c 24 a0 00 00 00 ff 54 24 20 0f b6 c0 85
0x00007ffa52057fc0:   c0 74 05 e9 5c 01 00 00 48 8b 84 24 a8 00 00 00
0x00007ffa52057fd0:   48 8b 00 48 8b 8c 24 a8 00 00 00 ff 90 b0 00 00
0x00007ffa52057fe0:   00 83 f8 03 75 5e 48 8b 84 24 a0 00 00 00 48 83
0x00007ffa52057ff0:   c0 78 48 89 44 24 30 48 8b 84 24 a8 00 00 00 48
0x00007ffa52058000:   89 44 24 28 48 8d 54 24 28 48 8b 4c 24 30 e8 bd
0x00007ffa52058010:   8e da ff 90 48 8b 84 24 a0 00 00 00 48 05 90 00
0x00007ffa52058020:   00 00 48 89 44 24 40 48 8b 84 24 a8 00 00 00 48
0x00007ffa52058030:   89 44 24 38 48 8d 54 24 38 48 8b 4c 24 40 e8 8d
0x00007ffa52058040:   8e da ff 90 48 8b 84 24 a8 00 00 00 48 8b 00 48
0x00007ffa52058050:   8b 8c 24 a8 00 00 00 ff 90 b0 00 00 00 83 f8 02
0x00007ffa52058060:   75 60 48 8b 84 24 a0 00 00 00 48 05 a8 00 00 00
0x00007ffa52058070:   48 89 44 24 50 48 8b 84 24 a8 00 00 00 48 89 44
0x00007ffa52058080:   24 48 48 8d 54 24 48 48 8b 4c 24 50 e8 3f 8e da
0x00007ffa52058090:   ff 90 48 8b 84 24 a0 00 00 00 48 05 c0 00 00 00
0x00007ffa520580a0:   48 89 44 24 60 48 8b 84 24 a8 00 00 00 48 89 44
0x00007ffa520580b0:   24 58 48 8d 54 24 58 48 8b 4c 24 60 e8 0f 8e da
0x00007ffa520580c0:   ff 90 48 8b 84 24 a0 00 00 00 48 83 c0 48 48 89 


Stack slot to memory mapping:
stack at sp + 0 slots: 0x000001f729051750 points into unknown readable memory: 0x00007ffa52920f60 | 60 0f 92 52 fa 7f 00 00
stack at sp + 1 slots: 0x0 is NULL
stack at sp + 2 slots: 0x00007ffa51dedae0 PulseJNI.dll
stack at sp + 3 slots: 0x000000000000000f is an unknown value
stack at sp + 4 slots: 0x00007ffa520a8a70 PulseJNI.dll
stack at sp + 5 slots: 0x00007ffa51de83a0 PulseJNI.dll
stack at sp + 6 slots: 0x0 is NULL
stack at sp + 7 slots: 0x000000000000000f is an unknown value


---------------  P R O C E S S  ---------------

Threads class SMR info:
_java_thread_list=0x000001f72ba9b990, length=63, elements={
0x000001f720f19a60, 0x000001f720f1ae70, 0x000001f721761010, 0x000001f72176d620,
0x000001f72176dee0, 0x000001f7217707b0, 0x000001f721774990, 0x000001f721775a40,
0x000001f721778c20, 0x000001f721a2b2b0, 0x000001f721a2a320, 0x000001f7261d1200,
0x000001f731034650, 0x000001f72b7f3850, 0x000001f72b5b3150, 0x000001f729977bf0,
0x000001f72997b0e0, 0x000001f729977720, 0x000001f7299780c0, 0x000001f729978a60,
0x000001f729978f30, 0x000001f729979da0, 0x000001f72997a270, 0x000001f72b0b9a10,
0x000001f72b0b86d0, 0x000001f72b0bb220, 0x000001f72b0bdd70, 0x000001f72b0be240,
0x000001f72b0bf0b0, 0x000001f72b0b9ee0, 0x000001f72b0b8ba0, 0x000001f72b0bcf00,
0x000001f72b0bebe0, 0x000001f72b0bd3d0, 0x000001f72b0bfa50, 0x000001f72b0be710,
0x000001f72b0bc560, 0x000001f72b0b9070, 0x000001f72b0bb6f0, 0x000001f72b0bd8a0,
0x000001f72997ac10, 0x000001f7299798d0, 0x000001f730bacb60, 0x000001f730ba9670,
0x000001f730baf6b0, 0x000001f730baa9b0, 0x000001f730babcf0, 0x000001f730ba8cd0,
0x000001f730bad500, 0x000001f72b0bff20, 0x000001f72b0bad50, 0x000001f731f96790,
0x000001f731f98e10, 0x000001f731f95920, 0x000001f731f95450, 0x000001f731f962c0,
0x000001f731f945e0, 0x000001f731f96c60, 0x000001f731f94ab0, 0x000001f731f98470,
0x000001f7303e03e0, 0x000001f7303dea90, 0x000001f7303e3680
}

Java Threads: ( => current thread )
  0x000001f720f19a60 JavaThread "Reference Handler" daemon [_thread_blocked, id=9268, stack(0x0000003f56700000,0x0000003f56800000)]
  0x000001f720f1ae70 JavaThread "Finalizer" daemon [_thread_blocked, id=22036, stack(0x0000003f56800000,0x0000003f56900000)]
  0x000001f721761010 JavaThread "Signal Dispatcher" daemon [_thread_blocked, id=31480, stack(0x0000003f56a00000,0x0000003f56b00000)]
  0x000001f72176d620 JavaThread "Attach Listener" daemon [_thread_blocked, id=23688, stack(0x0000003f56b00000,0x0000003f56c00000)]
  0x000001f72176dee0 JavaThread "Service Thread" daemon [_thread_blocked, id=14028, stack(0x0000003f56c00000,0x0000003f56d00000)]
  0x000001f7217707b0 JavaThread "Monitor Deflation Thread" daemon [_thread_blocked, id=10024, stack(0x0000003f56d00000,0x0000003f56e00000)]
  0x000001f721774990 JavaThread "C2 CompilerThread0" daemon [_thread_blocked, id=4500, stack(0x0000003f56e00000,0x0000003f56f00000)]
  0x000001f721775a40 JavaThread "C1 CompilerThread0" daemon [_thread_blocked, id=20868, stack(0x0000003f56f00000,0x0000003f57000000)]
  0x000001f721778c20 JavaThread "Sweeper thread" daemon [_thread_blocked, id=29608, stack(0x0000003f57000000,0x0000003f57100000)]
  0x000001f721a2b2b0 JavaThread "Notification Thread" daemon [_thread_blocked, id=30796, stack(0x0000003f57200000,0x0000003f57300000)]
  0x000001f721a2a320 JavaThread "Common-Cleaner" daemon [_thread_blocked, id=28632, stack(0x0000003f57400000,0x0000003f57500000)]
  0x000001f7261d1200 JavaThread "JNA Cleaner" daemon [_thread_blocked, id=25128, stack(0x0000003f57500000,0x0000003f57600000)]
  0x000001f731034650 JavaThread "ForkJoinPool.commonPool-worker-1" daemon [_thread_blocked, id=16936, stack(0x0000003f59300000,0x0000003f59400000)]
  0x000001f72b7f3850 JavaThread "ForkJoinPool.commonPool-worker-2" daemon [_thread_blocked, id=2212, stack(0x0000003f59400000,0x0000003f59500000)]
  0x000001f72b5b3150 JavaThread "ForkJoinPool.commonPool-worker-3" daemon [_thread_blocked, id=23344, stack(0x0000003f59500000,0x0000003f59600000)]
  0x000001f729977bf0 JavaThread "Catalina-utility-1" [_thread_blocked, id=12192, stack(0x0000003f59600000,0x0000003f59700000)]
  0x000001f72997b0e0 JavaThread "Catalina-utility-2" [_thread_blocked, id=22536, stack(0x0000003f59700000,0x0000003f59800000)]
  0x000001f729977720 JavaThread "container-0" [_thread_blocked, id=3256, stack(0x0000003f59800000,0x0000003f59900000)]
  0x000001f7299780c0 JavaThread "FileSystemWatchService" daemon [_thread_in_native, id=17812, stack(0x0000003f59900000,0x0000003f59a00000)]
  0x000001f729978a60 JavaThread "ForkJoinPool.commonPool-worker-4" daemon [_thread_blocked, id=29752, stack(0x0000003f59a00000,0x0000003f59b00000)]
  0x000001f729978f30 JavaThread "File Watcher" daemon [_thread_blocked, id=10252, stack(0x0000003f59d00000,0x0000003f59e00000)]
  0x000001f729979da0 JavaThread "Live Reload Server" daemon [_thread_in_native, id=29780, stack(0x0000003f59f00000,0x0000003f5a000000)]
  0x000001f72997a270 JavaThread "Atmosphere-Scheduler-1" daemon [_thread_blocked, id=29396, stack(0x0000003f5a000000,0x0000003f5a100000)]
  0x000001f72b0b9a10 JavaThread "Atmosphere-Shared-0" daemon [_thread_blocked, id=17916, stack(0x0000003f5a100000,0x0000003f5a200000)]
  0x000001f72b0b86d0 JavaThread "http-nio-8080-exec-1" daemon [_thread_blocked, id=35072, stack(0x0000003f5a200000,0x0000003f5a300000)]
  0x000001f72b0bb220 JavaThread "http-nio-8080-exec-2" daemon [_thread_blocked, id=4720, stack(0x0000003f5a300000,0x0000003f5a400000)]
  0x000001f72b0bdd70 JavaThread "http-nio-8080-exec-3" daemon [_thread_blocked, id=28940, stack(0x0000003f5a400000,0x0000003f5a500000)]
  0x000001f72b0be240 JavaThread "http-nio-8080-exec-4" daemon [_thread_blocked, id=32196, stack(0x0000003f5a500000,0x0000003f5a600000)]
  0x000001f72b0bf0b0 JavaThread "http-nio-8080-exec-5" daemon [_thread_blocked, id=28616, stack(0x0000003f5a600000,0x0000003f5a700000)]
  0x000001f72b0b9ee0 JavaThread "http-nio-8080-exec-6" daemon [_thread_blocked, id=31092, stack(0x0000003f5a700000,0x0000003f5a800000)]
  0x000001f72b0b8ba0 JavaThread "http-nio-8080-exec-7" daemon [_thread_blocked, id=15944, stack(0x0000003f5a800000,0x0000003f5a900000)]
  0x000001f72b0bcf00 JavaThread "http-nio-8080-exec-8" daemon [_thread_blocked, id=21340, stack(0x0000003f5a900000,0x0000003f5aa00000)]
  0x000001f72b0bebe0 JavaThread "http-nio-8080-exec-9" daemon [_thread_blocked, id=24832, stack(0x0000003f5aa00000,0x0000003f5ab00000)]
  0x000001f72b0bd3d0 JavaThread "http-nio-8080-exec-10" daemon [_thread_blocked, id=17552, stack(0x0000003f5ab00000,0x0000003f5ac00000)]
  0x000001f72b0bfa50 JavaThread "http-nio-8080-Poller" daemon [_thread_in_native, id=21152, stack(0x0000003f5ac00000,0x0000003f5ad00000)]
  0x000001f72b0be710 JavaThread "http-nio-8080-Acceptor" daemon [_thread_in_native, id=30920, stack(0x0000003f5ad00000,0x0000003f5ae00000)]
  0x000001f72b0bc560 JavaThread "Java2D Disposer" daemon [_thread_blocked, id=10572, stack(0x0000003f58c00000,0x0000003f58d00000)]
  0x000001f72b0b9070 JavaThread "Live Reload #1" daemon [_thread_in_native, id=18828, stack(0x0000003f58800000,0x0000003f58900000)]
  0x000001f72b0bb6f0 JavaThread "HttpClient-1-SelectorManager" daemon [_thread_in_native, id=27088, stack(0x0000003f5b000000,0x0000003f5b100000)]
  0x000001f72b0bd8a0 JavaThread "HttpClient-2-SelectorManager" daemon [_thread_in_native, id=28068, stack(0x0000003f5b100000,0x0000003f5b200000)]
  0x000001f72997ac10 JavaThread "HttpClient-3-SelectorManager" daemon [_thread_in_native, id=27872, stack(0x0000003f5b200000,0x0000003f5b300000)]
  0x000001f7299798d0 JavaThread "HttpClient-4-SelectorManager" daemon [_thread_in_native, id=17704, stack(0x0000003f5b300000,0x0000003f5b400000)]
  0x000001f730bacb60 JavaThread "HttpClient-5-SelectorManager" daemon [_thread_in_native, id=3104, stack(0x0000003f5b400000,0x0000003f5b500000)]
  0x000001f730ba9670 JavaThread "HttpClient-1-Worker-0" daemon [_thread_blocked, id=33084, stack(0x0000003f5c000000,0x0000003f5c100000)]
  0x000001f730baf6b0 JavaThread "HttpClient-1-Worker-1" daemon [_thread_blocked, id=13416, stack(0x0000003f5c200000,0x0000003f5c300000)]
  0x000001f730baa9b0 JavaThread "DestroyJavaVM" [_thread_blocked, id=12476, stack(0x0000003f56000000,0x0000003f56100000)]
  0x000001f730babcf0 JavaThread "HttpClient-6-SelectorManager" daemon [_thread_in_native, id=6532, stack(0x0000003f5c300000,0x0000003f5c400000)]
  0x000001f730ba8cd0 JavaThread "HttpClient-7-SelectorManager" daemon [_thread_in_native, id=35548, stack(0x0000003f5b800000,0x0000003f5b900000)]
  0x000001f730bad500 JavaThread "HttpClient-8-SelectorManager" daemon [_thread_in_native, id=27336, stack(0x0000003f5c500000,0x0000003f5c600000)]
  0x000001f72b0bff20 JavaThread "HttpClient-9-SelectorManager" daemon [_thread_in_native, id=23024, stack(0x0000003f5c600000,0x0000003f5c700000)]
  0x000001f72b0bad50 JavaThread "HttpClient-10-SelectorManager" daemon [_thread_in_native, id=28720, stack(0x0000003f5c700000,0x0000003f5c800000)]
  0x000001f731f96790 JavaThread "WebSocket background processing" daemon [_thread_blocked, id=15156, stack(0x0000003f5c900000,0x0000003f5ca00000)]
  0x000001f731f98e10 JavaThread "HttpClient-6-Worker-0" daemon [_thread_blocked, id=9080, stack(0x0000003f5ca00000,0x0000003f5cb00000)]
  0x000001f731f95920 JavaThread "HttpClient-6-Worker-1" daemon [_thread_blocked, id=20204, stack(0x0000003f5cb00000,0x0000003f5cc00000)]
  0x000001f731f95450 JavaThread "Atmosphere-Scheduler-16" daemon [_thread_blocked, id=16460, stack(0x0000003f57100000,0x0000003f57200000)]
=>0x000001f731f962c0 JavaThread "SwingWorker-pool-2-thread-1" daemon [_thread_in_native, id=29880, stack(0x0000003f57d00000,0x0000003f57e00000)]
  0x000001f731f945e0 JavaThread "AWT-Shutdown" [_thread_blocked, id=35292, stack(0x0000003f57e00000,0x0000003f57f00000)]
  0x000001f731f96c60 JavaThread "AWT-Windows" daemon [_thread_in_native, id=5268, stack(0x0000003f58000000,0x0000003f58100000)]
  0x000001f731f94ab0 JavaThread "TimerQueue" daemon [_thread_blocked, id=12860, stack(0x0000003f58600000,0x0000003f58700000)]
  0x000001f731f98470 JavaThread "AWT-EventQueue-0" [_thread_blocked, id=1724, stack(0x0000003f59000000,0x0000003f59100000)]
  0x000001f7303e03e0 JavaThread "C1 CompilerThread1" daemon [_thread_blocked, id=33624, stack(0x0000003f59100000,0x0000003f59200000)]
  0x000001f7303dea90 JavaThread "C1 CompilerThread2" daemon [_thread_blocked, id=9156, stack(0x0000003f59200000,0x0000003f59300000)]
  0x000001f7303e3680 JavaThread "C1 CompilerThread3" daemon [_thread_blocked, id=34268, stack(0x0000003f59b00000,0x0000003f59c00000)]

Other Threads:
  0x000001f720f2ec10 VMThread "VM Thread" [stack: 0x0000003f56600000,0x0000003f56700000] [id=14000]
  0x000001f721a29180 WatcherThread [stack: 0x0000003f57300000,0x0000003f57400000] [id=26376]
  0x000001f70256f980 GCTaskThread "GC Thread#0" [stack: 0x0000003f56100000,0x0000003f56200000] [id=22900]
  0x000001f726a8a230 GCTaskThread "GC Thread#1" [stack: 0x0000003f57700000,0x0000003f57800000] [id=16620]
  0x000001f726e76040 GCTaskThread "GC Thread#2" [stack: 0x0000003f57800000,0x0000003f57900000] [id=28260]
  0x000001f726e762f0 GCTaskThread "GC Thread#3" [stack: 0x0000003f57900000,0x0000003f57a00000] [id=7592]
  0x000001f726e76bb0 GCTaskThread "GC Thread#4" [stack: 0x0000003f57a00000,0x0000003f57b00000] [id=8568]
  0x000001f7270585a0 GCTaskThread "GC Thread#5" [stack: 0x0000003f57f00000,0x0000003f58000000] [id=35780]
  0x000001f727058b00 GCTaskThread "GC Thread#6" [stack: 0x0000003f58100000,0x0000003f58200000] [id=9372]
  0x000001f727058db0 GCTaskThread "GC Thread#7" [stack: 0x0000003f58200000,0x0000003f58300000] [id=29028]
  0x000001f727059310 GCTaskThread "GC Thread#8" [stack: 0x0000003f58300000,0x0000003f58400000] [id=7696]
  0x000001f727058850 GCTaskThread "GC Thread#9" [stack: 0x0000003f58900000,0x0000003f58a00000] [id=29820]
  0x000001f728ffb800 GCTaskThread "GC Thread#10" [stack: 0x0000003f58a00000,0x0000003f58b00000] [id=35564]
  0x000001f728ffbab0 GCTaskThread "GC Thread#11" [stack: 0x0000003f58b00000,0x0000003f58c00000] [id=12488]
  0x000001f728ffaa90 GCTaskThread "GC Thread#12" [stack: 0x0000003f58d00000,0x0000003f58e00000] [id=31036]
  0x000001f7025805f0 ConcurrentGCThread "G1 Main Marker" [stack: 0x0000003f56200000,0x0000003f56300000] [id=33736]
  0x000001f702582f10 ConcurrentGCThread "G1 Conc#0" [stack: 0x0000003f56300000,0x0000003f56400000] [id=31912]
  0x000001f727059b20 ConcurrentGCThread "G1 Conc#1" [stack: 0x0000003f58400000,0x0000003f58500000] [id=4996]
  0x000001f7270595c0 ConcurrentGCThread "G1 Conc#2" [stack: 0x0000003f58500000,0x0000003f58600000] [id=9636]
  0x000001f720dff060 ConcurrentGCThread "G1 Refine#0" [stack: 0x0000003f56400000,0x0000003f56500000] [id=32884]
  0x000001f72993ef60 ConcurrentGCThread "G1 Refine#1" [stack: 0x0000003f58e00000,0x0000003f58f00000] [id=19480]
  0x000001f7285d5020 ConcurrentGCThread "G1 Refine#2" [stack: 0x0000003f58f00000,0x0000003f59000000] [id=11076]
  0x000001f726c3b6c0 ConcurrentGCThread "G1 Refine#3" [stack: 0x0000003f58700000,0x0000003f58800000] [id=27984]
  0x000001f720dff890 ConcurrentGCThread "G1 Service" [stack: 0x0000003f56500000,0x0000003f56600000] [id=21396]

Threads with active compile tasks:

VM state: not at safepoint (normal execution)

VM Mutex/Monitor currently owned by a thread: None

Heap address: 0x000000070a600000, size: 3930 MB, Compressed Oops mode: Zero based, Oop shift amount: 3

CDS archive(s) not mapped
Compressed class space mapped at: 0x0000000800000000-0x0000000840000000, reserved size: 1073741824
Narrow klass base: 0x0000000800000000, Narrow klass shift: 0, Narrow klass range: 0x40000000

GC Precious Log:
 CPUs: 16 total, 16 available
 Memory: 15712M
 Large Page Support: Disabled
 NUMA Support: Disabled
 Compressed Oops: Enabled (Zero based)
 Heap Region Size: 2M
 Heap Min Capacity: 8M
 Heap Initial Capacity: 246M
 Heap Max Capacity: 3930M
 Pre-touch: Disabled
 Parallel Workers: 13
 Concurrent Workers: 3
 Concurrent Refinement Workers: 13
 Periodic GC: Disabled

Heap:
 garbage-first heap   total 323584K, used 190244K [0x000000070a600000, 0x0000000800000000)
  region size 2048K, 53 young (108544K), 1 survivors (2048K)
 Metaspace       used 80574K, committed 81216K, reserved 1179648K
  class space    used 9921K, committed 10240K, reserved 1048576K

Heap Regions: E=young(eden), S=young(survivor), O=old, HS=humongous(starts), HC=humongous(continues), CS=collection set, F=free, OA=open archive, CA=closed archive, TAMS=top-at-mark-start (previous, next)
|   0|0x000000070a600000, 0x000000070a800000, 0x000000070a800000|100%| O|  |TAMS 0x000000070a800000, 0x000000070a600000| Untracked 
|   1|0x000000070a800000, 0x000000070aa00000, 0x000000070aa00000|100%| O|  |TAMS 0x000000070aa00000, 0x000000070a800000| Untracked 
|   2|0x000000070aa00000, 0x000000070ac00000, 0x000000070ac00000|100%| O|  |TAMS 0x000000070ac00000, 0x000000070aa00000| Untracked 
|   3|0x000000070ac00000, 0x000000070ae00000, 0x000000070ae00000|100%| O|  |TAMS 0x000000070ae00000, 0x000000070ac00000| Untracked 
|   4|0x000000070ae00000, 0x000000070b000000, 0x000000070b000000|100%| O|  |TAMS 0x000000070b000000, 0x000000070ae00000| Untracked 
|   5|0x000000070b000000, 0x000000070b200000, 0x000000070b200000|100%| O|  |TAMS 0x000000070b200000, 0x000000070b000000| Untracked 
|   6|0x000000070b200000, 0x000000070b400000, 0x000000070b400000|100%| O|  |TAMS 0x000000070b400000, 0x000000070b200000| Untracked 
|   7|0x000000070b400000, 0x000000070b600000, 0x000000070b600000|100%| O|  |TAMS 0x000000070b600000, 0x000000070b400000| Untracked 
|   8|0x000000070b600000, 0x000000070b800000, 0x000000070b800000|100%| O|  |TAMS 0x000000070b800000, 0x000000070b600000| Untracked 
|   9|0x000000070b800000, 0x000000070ba00000, 0x000000070ba00000|100%| O|  |TAMS 0x000000070ba00000, 0x000000070b800000| Untracked 
|  10|0x000000070ba00000, 0x000000070bc00000, 0x000000070bc00000|100%| O|  |TAMS 0x000000070bc00000, 0x000000070ba00000| Untracked 
|  11|0x000000070bc00000, 0x000000070be00000, 0x000000070be00000|100%| O|  |TAMS 0x000000070be00000, 0x000000070bc00000| Untracked 
|  12|0x000000070be00000, 0x000000070c000000, 0x000000070c000000|100%| O|  |TAMS 0x000000070c000000, 0x000000070be00000| Untracked 
|  13|0x000000070c000000, 0x000000070c200000, 0x000000070c200000|100%| O|  |TAMS 0x000000070c200000, 0x000000070c000000| Untracked 
|  14|0x000000070c200000, 0x000000070c400000, 0x000000070c400000|100%| O|  |TAMS 0x000000070c400000, 0x000000070c200000| Untracked 
|  15|0x000000070c400000, 0x000000070c600000, 0x000000070c600000|100%| O|  |TAMS 0x000000070c600000, 0x000000070c400000| Untracked 
|  16|0x000000070c600000, 0x000000070c800000, 0x000000070c800000|100%| O|  |TAMS 0x000000070c800000, 0x000000070c600000| Untracked 
|  17|0x000000070c800000, 0x000000070ca00000, 0x000000070ca00000|100%| O|  |TAMS 0x000000070c800000, 0x000000070c800000| Untracked 
|  18|0x000000070ca00000, 0x000000070ca00000, 0x000000070cc00000|  0%| F|  |TAMS 0x000000070ca00000, 0x000000070ca00000| Untracked 
|  19|0x000000070cc00000, 0x000000070ce00000, 0x000000070ce00000|100%| O|  |TAMS 0x000000070ce00000, 0x000000070cc00000| Untracked 
|  20|0x000000070ce00000, 0x000000070d000000, 0x000000070d000000|100%| O|  |TAMS 0x000000070ce00000, 0x000000070ce00000| Untracked 
|  21|0x000000070d000000, 0x000000070d000000, 0x000000070d200000|  0%| F|  |TAMS 0x000000070d000000, 0x000000070d000000| Untracked 
|  22|0x000000070d200000, 0x000000070d400000, 0x000000070d400000|100%| O|  |TAMS 0x000000070d400000, 0x000000070d200000| Untracked 
|  23|0x000000070d400000, 0x000000070d600000, 0x000000070d600000|100%| O|  |TAMS 0x000000070d600000, 0x000000070d400000| Untracked 
|  24|0x000000070d600000, 0x000000070d800000, 0x000000070d800000|100%| O|  |TAMS 0x000000070d800000, 0x000000070d600000| Untracked 
|  25|0x000000070d800000, 0x000000070da00000, 0x000000070da00000|100%| O|  |TAMS 0x000000070da00000, 0x000000070d800000| Untracked 
|  26|0x000000070da00000, 0x000000070dc00000, 0x000000070dc00000|100%| O|  |TAMS 0x000000070da00000, 0x000000070da00000| Untracked 
|  27|0x000000070dc00000, 0x000000070dc34600, 0x000000070de00000| 10%| O|  |TAMS 0x000000070dc00000, 0x000000070dc00000| Untracked 
|  28|0x000000070de00000, 0x000000070e000000, 0x000000070e000000|100%| O|  |TAMS 0x000000070e000000, 0x000000070de00000| Untracked 
|  29|0x000000070e000000, 0x000000070e200000, 0x000000070e200000|100%| O|  |TAMS 0x000000070e200000, 0x000000070e000000| Untracked 
|  30|0x000000070e200000, 0x000000070e400000, 0x000000070e400000|100%| O|  |TAMS 0x000000070e400000, 0x000000070e200000| Untracked 
|  31|0x000000070e400000, 0x000000070e600000, 0x000000070e600000|100%| O|  |TAMS 0x000000070e600000, 0x000000070e400000| Untracked 
|  32|0x000000070e600000, 0x000000070e800000, 0x000000070e800000|100%| O|  |TAMS 0x000000070e800000, 0x000000070e600000| Untracked 
|  33|0x000000070e800000, 0x000000070ea00000, 0x000000070ea00000|100%|HS|  |TAMS 0x000000070ea00000, 0x000000070e800000| Complete 
|  34|0x000000070ea00000, 0x000000070ec00000, 0x000000070ec00000|100%| O|  |TAMS 0x000000070ec00000, 0x000000070ea00000| Untracked 
|  35|0x000000070ec00000, 0x000000070ee00000, 0x000000070ee00000|100%| O|  |TAMS 0x000000070ee00000, 0x000000070ec00000| Untracked 
|  36|0x000000070ee00000, 0x000000070f000000, 0x000000070f000000|100%| O|  |TAMS 0x000000070f000000, 0x000000070ee00000| Untracked 
|  37|0x000000070f000000, 0x000000070f200000, 0x000000070f200000|100%| O|  |TAMS 0x000000070f200000, 0x000000070f000000| Untracked 
|  38|0x000000070f200000, 0x000000070f400000, 0x000000070f400000|100%| O|  |TAMS 0x000000070f364c00, 0x000000070f200000| Untracked 
|  39|0x000000070f400000, 0x000000070f600000, 0x000000070f600000|100%|HS|  |TAMS 0x000000070f600000, 0x000000070f400000| Complete 
|  40|0x000000070f600000, 0x000000070f800000, 0x000000070f800000|100%|HC|  |TAMS 0x000000070f800000, 0x000000070f600000| Complete 
|  41|0x000000070f800000, 0x000000070fa00000, 0x000000070fa00000|100%|HC|  |TAMS 0x000000070fa00000, 0x000000070f800000| Complete 
|  42|0x000000070fa00000, 0x000000070fc00000, 0x000000070fc00000|100%|HC|  |TAMS 0x000000070fc00000, 0x000000070fa00000| Complete 
|  43|0x000000070fc00000, 0x000000070fe00000, 0x000000070fe00000|100%|HC|  |TAMS 0x000000070fe00000, 0x000000070fc00000| Complete 
|  44|0x000000070fe00000, 0x000000070fe00000, 0x0000000710000000|  0%| F|  |TAMS 0x000000070fe00000, 0x000000070fe00000| Untracked 
|  45|0x0000000710000000, 0x0000000710000000, 0x0000000710200000|  0%| F|  |TAMS 0x0000000710000000, 0x0000000710000000| Untracked 
|  46|0x0000000710200000, 0x0000000710200000, 0x0000000710400000|  0%| F|  |TAMS 0x0000000710200000, 0x0000000710200000| Untracked 
|  47|0x0000000710400000, 0x0000000710400000, 0x0000000710600000|  0%| F|  |TAMS 0x0000000710400000, 0x0000000710400000| Untracked 
|  48|0x0000000710600000, 0x0000000710600000, 0x0000000710800000|  0%| F|  |TAMS 0x0000000710600000, 0x0000000710600000| Untracked 
|  49|0x0000000710800000, 0x0000000710800000, 0x0000000710a00000|  0%| F|  |TAMS 0x0000000710800000, 0x0000000710800000| Untracked 
|  50|0x0000000710a00000, 0x0000000710a00000, 0x0000000710c00000|  0%| F|  |TAMS 0x0000000710a00000, 0x0000000710a00000| Untracked 
|  51|0x0000000710c00000, 0x0000000710c00000, 0x0000000710e00000|  0%| F|  |TAMS 0x0000000710c00000, 0x0000000710c00000| Untracked 
|  52|0x0000000710e00000, 0x0000000710e00000, 0x0000000711000000|  0%| F|  |TAMS 0x0000000710e00000, 0x0000000710e00000| Untracked 
|  53|0x0000000711000000, 0x0000000711000000, 0x0000000711200000|  0%| F|  |TAMS 0x0000000711000000, 0x0000000711000000| Untracked 
|  54|0x0000000711200000, 0x0000000711200000, 0x0000000711400000|  0%| F|  |TAMS 0x0000000711200000, 0x0000000711200000| Untracked 
|  55|0x0000000711400000, 0x0000000711400000, 0x0000000711600000|  0%| F|  |TAMS 0x0000000711400000, 0x0000000711400000| Untracked 
|  56|0x0000000711600000, 0x0000000711600000, 0x0000000711800000|  0%| F|  |TAMS 0x0000000711600000, 0x0000000711600000| Untracked 
|  57|0x0000000711800000, 0x0000000711800000, 0x0000000711a00000|  0%| F|  |TAMS 0x0000000711800000, 0x0000000711800000| Untracked 
|  58|0x0000000711a00000, 0x0000000711a00000, 0x0000000711c00000|  0%| F|  |TAMS 0x0000000711a00000, 0x0000000711a00000| Untracked 
|  59|0x0000000711c00000, 0x0000000711c00000, 0x0000000711e00000|  0%| F|  |TAMS 0x0000000711c00000, 0x0000000711c00000| Untracked 
|  60|0x0000000711e00000, 0x0000000711e00000, 0x0000000712000000|  0%| F|  |TAMS 0x0000000711e00000, 0x0000000711e00000| Untracked 
|  61|0x0000000712000000, 0x0000000712000000, 0x0000000712200000|  0%| F|  |TAMS 0x0000000712000000, 0x0000000712000000| Untracked 
|  62|0x0000000712200000, 0x0000000712200000, 0x0000000712400000|  0%| F|  |TAMS 0x0000000712200000, 0x0000000712200000| Untracked 
|  63|0x0000000712400000, 0x0000000712400000, 0x0000000712600000|  0%| F|  |TAMS 0x0000000712400000, 0x0000000712400000| Untracked 
|  64|0x0000000712600000, 0x0000000712600000, 0x0000000712800000|  0%| F|  |TAMS 0x0000000712600000, 0x0000000712600000| Untracked 
|  65|0x0000000712800000, 0x0000000712994ca8, 0x0000000712a00000| 79%| S|CS|TAMS 0x0000000712800000, 0x0000000712800000| Complete 
|  66|0x0000000712a00000, 0x0000000712a00000, 0x0000000712c00000|  0%| F|  |TAMS 0x0000000712a00000, 0x0000000712a00000| Untracked 
|  67|0x0000000712c00000, 0x0000000712c00000, 0x0000000712e00000|  0%| F|  |TAMS 0x0000000712c00000, 0x0000000712c00000| Untracked 
|  68|0x0000000712e00000, 0x0000000712e00000, 0x0000000713000000|  0%| F|  |TAMS 0x0000000712e00000, 0x0000000712e00000| Untracked 
|  69|0x0000000713000000, 0x0000000713000000, 0x0000000713200000|  0%| F|  |TAMS 0x0000000713000000, 0x0000000713000000| Untracked 
|  70|0x0000000713200000, 0x0000000713200000, 0x0000000713400000|  0%| F|  |TAMS 0x0000000713200000, 0x0000000713200000| Untracked 
|  71|0x0000000713400000, 0x0000000713400000, 0x0000000713600000|  0%| F|  |TAMS 0x0000000713400000, 0x0000000713400000| Untracked 
|  72|0x0000000713600000, 0x0000000713600000, 0x0000000713800000|  0%| F|  |TAMS 0x0000000713600000, 0x0000000713600000| Untracked 
|  73|0x0000000713800000, 0x0000000713800000, 0x0000000713a00000|  0%| F|  |TAMS 0x0000000713800000, 0x0000000713800000| Untracked 
|  74|0x0000000713a00000, 0x0000000713a00000, 0x0000000713c00000|  0%| F|  |TAMS 0x0000000713a00000, 0x0000000713a00000| Untracked 
|  75|0x0000000713c00000, 0x0000000713c00000, 0x0000000713e00000|  0%| F|  |TAMS 0x0000000713c00000, 0x0000000713c00000| Untracked 
|  76|0x0000000713e00000, 0x0000000713e00000, 0x0000000714000000|  0%| F|  |TAMS 0x0000000713e00000, 0x0000000713e00000| Untracked 
|  77|0x0000000714000000, 0x0000000714000000, 0x0000000714200000|  0%| F|  |TAMS 0x0000000714000000, 0x0000000714000000| Untracked 
|  78|0x0000000714200000, 0x0000000714200000, 0x0000000714400000|  0%| F|  |TAMS 0x0000000714200000, 0x0000000714200000| Untracked 
|  79|0x0000000714400000, 0x0000000714400000, 0x0000000714600000|  0%| F|  |TAMS 0x0000000714400000, 0x0000000714400000| Untracked 
|  80|0x0000000714600000, 0x0000000714600000, 0x0000000714800000|  0%| F|  |TAMS 0x0000000714600000, 0x0000000714600000| Untracked 
|  81|0x0000000714800000, 0x0000000714800000, 0x0000000714a00000|  0%| F|  |TAMS 0x0000000714800000, 0x0000000714800000| Untracked 
|  82|0x0000000714a00000, 0x0000000714a00000, 0x0000000714c00000|  0%| F|  |TAMS 0x0000000714a00000, 0x0000000714a00000| Untracked 
|  83|0x0000000714c00000, 0x0000000714c00000, 0x0000000714e00000|  0%| F|  |TAMS 0x0000000714c00000, 0x0000000714c00000| Untracked 
|  84|0x0000000714e00000, 0x0000000714e00000, 0x0000000715000000|  0%| F|  |TAMS 0x0000000714e00000, 0x0000000714e00000| Untracked 
|  85|0x0000000715000000, 0x0000000715000000, 0x0000000715200000|  0%| F|  |TAMS 0x0000000715000000, 0x0000000715000000| Untracked 
|  86|0x0000000715200000, 0x0000000715200000, 0x0000000715400000|  0%| F|  |TAMS 0x0000000715200000, 0x0000000715200000| Untracked 
|  87|0x0000000715400000, 0x0000000715400000, 0x0000000715600000|  0%| F|  |TAMS 0x0000000715400000, 0x0000000715400000| Untracked 
|  88|0x0000000715600000, 0x0000000715600000, 0x0000000715800000|  0%| F|  |TAMS 0x0000000715600000, 0x0000000715600000| Untracked 
|  89|0x0000000715800000, 0x0000000715800000, 0x0000000715a00000|  0%| F|  |TAMS 0x0000000715800000, 0x0000000715800000| Untracked 
|  90|0x0000000715a00000, 0x0000000715a00000, 0x0000000715c00000|  0%| F|  |TAMS 0x0000000715a00000, 0x0000000715a00000| Untracked 
|  91|0x0000000715c00000, 0x0000000715c00000, 0x0000000715e00000|  0%| F|  |TAMS 0x0000000715c00000, 0x0000000715c00000| Untracked 
|  92|0x0000000715e00000, 0x0000000715e00000, 0x0000000716000000|  0%| F|  |TAMS 0x0000000715e00000, 0x0000000715e00000| Untracked 
|  93|0x0000000716000000, 0x0000000716000000, 0x0000000716200000|  0%| F|  |TAMS 0x0000000716000000, 0x0000000716000000| Untracked 
|  94|0x0000000716200000, 0x0000000716200000, 0x0000000716400000|  0%| F|  |TAMS 0x0000000716200000, 0x0000000716200000| Untracked 
|  95|0x0000000716400000, 0x0000000716400000, 0x0000000716600000|  0%| F|  |TAMS 0x0000000716400000, 0x0000000716400000| Untracked 
|  96|0x0000000716600000, 0x0000000716600000, 0x0000000716800000|  0%| F|  |TAMS 0x0000000716600000, 0x0000000716600000| Untracked 
|  97|0x0000000716800000, 0x0000000716800000, 0x0000000716a00000|  0%| F|  |TAMS 0x0000000716800000, 0x0000000716800000| Untracked 
|  98|0x0000000716a00000, 0x0000000716a00000, 0x0000000716c00000|  0%| F|  |TAMS 0x0000000716a00000, 0x0000000716a00000| Untracked 
|  99|0x0000000716c00000, 0x0000000716c00000, 0x0000000716e00000|  0%| F|  |TAMS 0x0000000716c00000, 0x0000000716c00000| Untracked 
| 100|0x0000000716e00000, 0x0000000716e00000, 0x0000000717000000|  0%| F|  |TAMS 0x0000000716e00000, 0x0000000716e00000| Untracked 
| 101|0x0000000717000000, 0x0000000717000000, 0x0000000717200000|  0%| F|  |TAMS 0x0000000717000000, 0x0000000717000000| Untracked 
| 102|0x0000000717200000, 0x0000000717200000, 0x0000000717400000|  0%| F|  |TAMS 0x0000000717200000, 0x0000000717200000| Untracked 
| 103|0x0000000717400000, 0x0000000717400000, 0x0000000717600000|  0%| F|  |TAMS 0x0000000717400000, 0x0000000717400000| Untracked 
| 104|0x0000000717600000, 0x0000000717600000, 0x0000000717800000|  0%| F|  |TAMS 0x0000000717600000, 0x0000000717600000| Untracked 
| 105|0x0000000717800000, 0x0000000717800000, 0x0000000717a00000|  0%| F|  |TAMS 0x0000000717800000, 0x0000000717800000| Untracked 
| 106|0x0000000717a00000, 0x0000000717a5a7e8, 0x0000000717c00000| 17%| E|  |TAMS 0x0000000717a00000, 0x0000000717a00000| Complete 
| 107|0x0000000717c00000, 0x0000000717e00000, 0x0000000717e00000|100%| E|CS|TAMS 0x0000000717c00000, 0x0000000717c00000| Complete 
| 108|0x0000000717e00000, 0x0000000718000000, 0x0000000718000000|100%| E|CS|TAMS 0x0000000717e00000, 0x0000000717e00000| Complete 
| 109|0x0000000718000000, 0x0000000718200000, 0x0000000718200000|100%| E|CS|TAMS 0x0000000718000000, 0x0000000718000000| Complete 
| 110|0x0000000718200000, 0x0000000718400000, 0x0000000718400000|100%| E|CS|TAMS 0x0000000718200000, 0x0000000718200000| Complete 
| 111|0x0000000718400000, 0x0000000718600000, 0x0000000718600000|100%| E|CS|TAMS 0x0000000718400000, 0x0000000718400000| Complete 
| 112|0x0000000718600000, 0x0000000718800000, 0x0000000718800000|100%| E|CS|TAMS 0x0000000718600000, 0x0000000718600000| Complete 
| 113|0x0000000718800000, 0x0000000718a00000, 0x0000000718a00000|100%| E|CS|TAMS 0x0000000718800000, 0x0000000718800000| Complete 
| 114|0x0000000718a00000, 0x0000000718c00000, 0x0000000718c00000|100%| E|CS|TAMS 0x0000000718a00000, 0x0000000718a00000| Complete 
| 115|0x0000000718c00000, 0x0000000718e00000, 0x0000000718e00000|100%| E|CS|TAMS 0x0000000718c00000, 0x0000000718c00000| Complete 
| 116|0x0000000718e00000, 0x0000000719000000, 0x0000000719000000|100%| E|CS|TAMS 0x0000000718e00000, 0x0000000718e00000| Complete 
| 117|0x0000000719000000, 0x0000000719200000, 0x0000000719200000|100%| E|CS|TAMS 0x0000000719000000, 0x0000000719000000| Complete 
| 118|0x0000000719200000, 0x0000000719400000, 0x0000000719400000|100%| E|CS|TAMS 0x0000000719200000, 0x0000000719200000| Complete 
| 119|0x0000000719400000, 0x0000000719600000, 0x0000000719600000|100%| E|CS|TAMS 0x0000000719400000, 0x0000000719400000| Complete 
| 120|0x0000000719600000, 0x0000000719800000, 0x0000000719800000|100%| E|CS|TAMS 0x0000000719600000, 0x0000000719600000| Complete 
| 121|0x0000000719800000, 0x0000000719a00000, 0x0000000719a00000|100%| E|CS|TAMS 0x0000000719800000, 0x0000000719800000| Complete 
| 122|0x0000000719a00000, 0x0000000719c00000, 0x0000000719c00000|100%| E|CS|TAMS 0x0000000719a00000, 0x0000000719a00000| Complete 
| 123|0x0000000719c00000, 0x0000000719e00000, 0x0000000719e00000|100%| E|CS|TAMS 0x0000000719c00000, 0x0000000719c00000| Complete 
| 124|0x0000000719e00000, 0x000000071a000000, 0x000000071a000000|100%| E|CS|TAMS 0x0000000719e00000, 0x0000000719e00000| Complete 
| 125|0x000000071a000000, 0x000000071a200000, 0x000000071a200000|100%| E|CS|TAMS 0x000000071a000000, 0x000000071a000000| Complete 
| 126|0x000000071a200000, 0x000000071a400000, 0x000000071a400000|100%| E|CS|TAMS 0x000000071a200000, 0x000000071a200000| Complete 
| 127|0x000000071a400000, 0x000000071a600000, 0x000000071a600000|100%| E|CS|TAMS 0x000000071a400000, 0x000000071a400000| Complete 
| 128|0x000000071a600000, 0x000000071a800000, 0x000000071a800000|100%| E|CS|TAMS 0x000000071a600000, 0x000000071a600000| Complete 
| 129|0x000000071a800000, 0x000000071aa00000, 0x000000071aa00000|100%| E|CS|TAMS 0x000000071a800000, 0x000000071a800000| Complete 
| 130|0x000000071aa00000, 0x000000071ac00000, 0x000000071ac00000|100%| E|CS|TAMS 0x000000071aa00000, 0x000000071aa00000| Complete 
| 131|0x000000071ac00000, 0x000000071ae00000, 0x000000071ae00000|100%| E|CS|TAMS 0x000000071ac00000, 0x000000071ac00000| Complete 
| 132|0x000000071ae00000, 0x000000071b000000, 0x000000071b000000|100%| E|CS|TAMS 0x000000071ae00000, 0x000000071ae00000| Complete 
| 133|0x000000071b000000, 0x000000071b200000, 0x000000071b200000|100%| E|CS|TAMS 0x000000071b000000, 0x000000071b000000| Complete 
| 134|0x000000071b200000, 0x000000071b400000, 0x000000071b400000|100%| E|CS|TAMS 0x000000071b200000, 0x000000071b200000| Complete 
| 135|0x000000071b400000, 0x000000071b600000, 0x000000071b600000|100%| E|CS|TAMS 0x000000071b400000, 0x000000071b400000| Complete 
| 136|0x000000071b600000, 0x000000071b800000, 0x000000071b800000|100%| E|CS|TAMS 0x000000071b600000, 0x000000071b600000| Complete 
| 137|0x000000071b800000, 0x000000071ba00000, 0x000000071ba00000|100%| E|CS|TAMS 0x000000071b800000, 0x000000071b800000| Complete 
| 138|0x000000071ba00000, 0x000000071bc00000, 0x000000071bc00000|100%| E|CS|TAMS 0x000000071ba00000, 0x000000071ba00000| Complete 
| 139|0x000000071bc00000, 0x000000071be00000, 0x000000071be00000|100%| E|CS|TAMS 0x000000071bc00000, 0x000000071bc00000| Complete 
| 140|0x000000071be00000, 0x000000071c000000, 0x000000071c000000|100%| E|CS|TAMS 0x000000071be00000, 0x000000071be00000| Complete 
| 141|0x000000071c000000, 0x000000071c200000, 0x000000071c200000|100%| E|CS|TAMS 0x000000071c000000, 0x000000071c000000| Complete 
| 142|0x000000071c200000, 0x000000071c400000, 0x000000071c400000|100%| E|CS|TAMS 0x000000071c200000, 0x000000071c200000| Complete 
| 143|0x000000071c400000, 0x000000071c600000, 0x000000071c600000|100%| E|CS|TAMS 0x000000071c400000, 0x000000071c400000| Complete 
| 144|0x000000071c600000, 0x000000071c800000, 0x000000071c800000|100%| E|CS|TAMS 0x000000071c600000, 0x000000071c600000| Complete 
| 145|0x000000071c800000, 0x000000071ca00000, 0x000000071ca00000|100%| E|CS|TAMS 0x000000071c800000, 0x000000071c800000| Complete 
| 146|0x000000071ca00000, 0x000000071cc00000, 0x000000071cc00000|100%| E|CS|TAMS 0x000000071ca00000, 0x000000071ca00000| Complete 
| 147|0x000000071cc00000, 0x000000071ce00000, 0x000000071ce00000|100%| E|CS|TAMS 0x000000071cc00000, 0x000000071cc00000| Complete 
| 148|0x000000071ce00000, 0x000000071d000000, 0x000000071d000000|100%| E|CS|TAMS 0x000000071ce00000, 0x000000071ce00000| Complete 
| 149|0x000000071d000000, 0x000000071d200000, 0x000000071d200000|100%| E|CS|TAMS 0x000000071d000000, 0x000000071d000000| Complete 
| 150|0x000000071d200000, 0x000000071d400000, 0x000000071d400000|100%| E|CS|TAMS 0x000000071d200000, 0x000000071d200000| Complete 
| 151|0x000000071d400000, 0x000000071d600000, 0x000000071d600000|100%| E|CS|TAMS 0x000000071d400000, 0x000000071d400000| Complete 
| 152|0x000000071d600000, 0x000000071d800000, 0x000000071d800000|100%| E|CS|TAMS 0x000000071d600000, 0x000000071d600000| Complete 
| 153|0x000000071d800000, 0x000000071da00000, 0x000000071da00000|100%| E|CS|TAMS 0x000000071d800000, 0x000000071d800000| Complete 
| 154|0x000000071da00000, 0x000000071dc00000, 0x000000071dc00000|100%| E|CS|TAMS 0x000000071da00000, 0x000000071da00000| Complete 
| 155|0x000000071dc00000, 0x000000071de00000, 0x000000071de00000|100%| E|CS|TAMS 0x000000071dc00000, 0x000000071dc00000| Complete 
| 156|0x000000071de00000, 0x000000071e000000, 0x000000071e000000|100%| E|CS|TAMS 0x000000071de00000, 0x000000071de00000| Complete 
| 157|0x000000071e000000, 0x000000071e200000, 0x000000071e200000|100%| E|CS|TAMS 0x000000071e000000, 0x000000071e000000| Complete 

Card table byte_map: [0x000001f715bc0000,0x000001f716370000] _byte_map_base: 0x000001f71236d000

Marking Bits (Prev, Next): (CMBitMap*) 0x000001f70256ff90, (CMBitMap*) 0x000001f70256ffd0
 Prev Bits: [0x000001f716b20000, 0x000001f71a888000)
 Next Bits: [0x000001f71a890000, 0x000001f71e5f8000)

Polling page: 0x000001f701ca0000

Metaspace:

Usage:
  Non-class:     69.00 MB used.
      Class:      9.69 MB used.
       Both:     78.69 MB used.

Virtual space:
  Non-class space:      128.00 MB reserved,      69.31 MB ( 54%) committed,  2 nodes.
      Class space:        1.00 GB reserved,      10.00 MB ( <1%) committed,  1 nodes.
             Both:        1.12 GB reserved,      79.31 MB (  7%) committed. 

Chunk freelists:
   Non-Class:  10.53 MB
       Class:  5.97 MB
        Both:  16.51 MB

MaxMetaspaceSize: unlimited
CompressedClassSpaceSize: 1.00 GB
Initial GC threshold: 21.00 MB
Current GC threshold: 112.62 MB
CDS: off
MetaspaceReclaimPolicy: balanced
 - commit_granule_bytes: 65536.
 - commit_granule_words: 8192.
 - virtual_space_node_default_size: 8388608.
 - enlarge_chunks_in_place: 1.
 - new_chunks_are_fully_committed: 0.
 - uncommit_free_chunks: 1.
 - use_allocation_guard: 0.
 - handle_deallocations: 1.


Internal statistics:

num_allocs_failed_limit: 12.
num_arena_births: 886.
num_arena_deaths: 0.
num_vsnodes_births: 3.
num_vsnodes_deaths: 0.
num_space_committed: 1268.
num_space_uncommitted: 0.
num_chunks_returned_to_freelist: 12.
num_chunks_taken_from_freelist: 3350.
num_chunk_merges: 3.
num_chunk_splits: 2277.
num_chunks_enlarged: 1678.
num_inconsistent_stats: 0.

CodeHeap 'non-profiled nmethods': size=119168Kb used=7481Kb max_used=7481Kb free=111686Kb
 bounds [0x000001f70d730000, 0x000001f70de80000, 0x000001f714b90000]
CodeHeap 'profiled nmethods': size=119104Kb used=16360Kb max_used=16360Kb free=102743Kb
 bounds [0x000001f705b90000, 0x000001f706b90000, 0x000001f70cfe0000]
CodeHeap 'non-nmethods': size=7488Kb used=3077Kb max_used=3103Kb free=4410Kb
 bounds [0x000001f70cfe0000, 0x000001f70d2f0000, 0x000001f70d730000]
 total_blobs=8831 nmethods=8099 adapters=641
 compilation: enabled
              stopped_count=0, restarted_count=0
 full_count=0

Compilation events (20 events):
Event: 54.231 Thread 0x000001f721775a40 9466       3       java.util.regex.Pattern$$Lambda$125/0x000000080016b2d0::<init> (15 bytes)
Event: 54.232 Thread 0x000001f721775a40 nmethod 9466 0x000001f706b88f90 code [0x000001f706b89120, 0x000001f706b89298]
Event: 54.236 Thread 0x000001f7303e3680 9467       3       java.lang.invoke.MethodHandles::foldArgumentsWithCombiner (9 bytes)
Event: 54.236 Thread 0x000001f7303e3680 nmethod 9467 0x000001f706b89390 code [0x000001f706b89520, 0x000001f706b89668]
Event: 54.237 Thread 0x000001f7303dea90 9468       3       com.google.protobuf.DescriptorProtos$FeatureSet$MessageEncoding::forNumber (42 bytes)
Event: 54.237 Thread 0x000001f7303e03e0 9469   !   3       com.google.protobuf.GeneratedMessage::getMethodOrDie (27 bytes)
Event: 54.237 Thread 0x000001f7303dea90 nmethod 9468 0x000001f706b89710 code [0x000001f706b898c0, 0x000001f706b89ad8]
Event: 54.238 Thread 0x000001f7303e03e0 nmethod 9469 0x000001f706b89b90 code [0x000001f706b89d80, 0x000001f706b8a138]
Event: 54.238 Thread 0x000001f7303e03e0 9470       3       java.lang.String::subSequence (7 bytes)
Event: 54.238 Thread 0x000001f7303e03e0 nmethod 9470 0x000001f706b8a390 code [0x000001f706b8a520, 0x000001f706b8a668]
Event: 54.239 Thread 0x000001f721774990 9471       4       java.lang.invoke.LambdaForm$MH/0x00000008000ad800::invoke (148 bytes)
Event: 54.241 Thread 0x000001f721774990 nmethod 9471 0x000001f70de7d210 code [0x000001f70de7d420, 0x000001f70de7d7e0]
Event: 54.246 Thread 0x000001f7303e3680 9472       3       com.google.protobuf.Descriptors$Descriptor::getFields (11 bytes)
Event: 54.246 Thread 0x000001f721775a40 9473       1       com.google.protobuf.Descriptors$FieldDescriptor::getContainingType (5 bytes)
Event: 54.246 Thread 0x000001f7303dea90 9474       1       com.google.protobuf.Descriptors$FieldDescriptor::getIndex (5 bytes)
Event: 54.247 Thread 0x000001f7303e3680 nmethod 9472 0x000001f706b8a710 code [0x000001f706b8a900, 0x000001f706b8ae58]
Event: 54.247 Thread 0x000001f7303dea90 nmethod 9474 0x000001f70de7df90 code [0x000001f70de7e120, 0x000001f70de7e1f8]
Event: 54.247 Thread 0x000001f721775a40 nmethod 9473 0x000001f70de7e290 code [0x000001f70de7e420, 0x000001f70de7e4f8]
Event: 54.247 Thread 0x000001f721775a40 9475       3       com.google.protobuf.util.JsonFormat$PrettyTextGenerator::write (48 bytes)
Event: 54.247 Thread 0x000001f721775a40 nmethod 9475 0x000001f706b8b090 code [0x000001f706b8b260, 0x000001f706b8b688]

GC Heap History (20 events):
Event: 11.411 GC heap before
{Heap before GC invocations=27 (full 0):
 garbage-first heap   total 268288K, used 224949K [0x000000070a600000, 0x0000000800000000)
  region size 2048K, 78 young (159744K), 3 survivors (6144K)
 Metaspace       used 50989K, committed 51520K, reserved 1114112K
  class space    used 6132K, committed 6400K, reserved 1048576K
}
Event: 11.413 GC heap after
{Heap after GC invocations=28 (full 0):
 garbage-first heap   total 323584K, used 72367K [0x000000070a600000, 0x0000000800000000)
  region size 2048K, 3 young (6144K), 3 survivors (6144K)
 Metaspace       used 50989K, committed 51520K, reserved 1114112K
  class space    used 6132K, committed 6400K, reserved 1048576K
}
Event: 13.887 GC heap before
{Heap before GC invocations=28 (full 0):
 garbage-first heap   total 323584K, used 281263K [0x000000070a600000, 0x0000000800000000)
  region size 2048K, 94 young (192512K), 3 survivors (6144K)
 Metaspace       used 57579K, committed 58112K, reserved 1114112K
  class space    used 7097K, committed 7360K, reserved 1048576K
}
Event: 13.925 GC heap after
{Heap after GC invocations=29 (full 0):
 garbage-first heap   total 323584K, used 84716K [0x000000070a600000, 0x0000000800000000)
  region size 2048K, 4 young (8192K), 4 survivors (8192K)
 Metaspace       used 57579K, committed 58112K, reserved 1114112K
  class space    used 7097K, committed 7360K, reserved 1048576K
}
Event: 16.021 GC heap before
{Heap before GC invocations=29 (full 0):
 garbage-first heap   total 323584K, used 197356K [0x000000070a600000, 0x0000000800000000)
  region size 2048K, 61 young (124928K), 4 survivors (8192K)
 Metaspace       used 59815K, committed 60352K, reserved 1114112K
  class space    used 7366K, committed 7616K, reserved 1048576K
}
Event: 16.027 GC heap after
{Heap after GC invocations=30 (full 0):
 garbage-first heap   total 323584K, used 86332K [0x000000070a600000, 0x0000000800000000)
  region size 2048K, 5 young (10240K), 5 survivors (10240K)
 Metaspace       used 59815K, committed 60352K, reserved 1114112K
  class space    used 7366K, committed 7616K, reserved 1048576K
}
Event: 16.590 GC heap before
{Heap before GC invocations=31 (full 0):
 garbage-first heap   total 323584K, used 270652K [0x000000070a600000, 0x0000000800000000)
  region size 2048K, 94 young (192512K), 5 survivors (10240K)
 Metaspace       used 62997K, committed 63616K, reserved 1114112K
  class space    used 7768K, committed 8064K, reserved 1048576K
}
Event: 16.596 GC heap after
{Heap after GC invocations=32 (full 0):
 garbage-first heap   total 323584K, used 89953K [0x000000070a600000, 0x0000000800000000)
  region size 2048K, 6 young (12288K), 6 survivors (12288K)
 Metaspace       used 62997K, committed 63616K, reserved 1114112K
  class space    used 7768K, committed 8064K, reserved 1048576K
}
Event: 16.602 GC heap before
{Heap before GC invocations=32 (full 0):
 garbage-first heap   total 323584K, used 92001K [0x000000070a600000, 0x0000000800000000)
  region size 2048K, 7 young (14336K), 6 survivors (12288K)
 Metaspace       used 63133K, committed 63680K, reserved 1114112K
  class space    used 7783K, committed 8064K, reserved 1048576K
}
Event: 16.608 GC heap after
{Heap after GC invocations=33 (full 0):
 garbage-first heap   total 323584K, used 83203K [0x000000070a600000, 0x0000000800000000)
  region size 2048K, 1 young (2048K), 1 survivors (2048K)
 Metaspace       used 63133K, committed 63680K, reserved 1114112K
  class space    used 7783K, committed 8064K, reserved 1048576K
}
Event: 17.177 GC heap before
{Heap before GC invocations=33 (full 0):
 garbage-first heap   total 323584K, used 271619K [0x000000070a600000, 0x0000000800000000)
  region size 2048K, 94 young (192512K), 1 survivors (2048K)
 Metaspace       used 68528K, committed 69184K, reserved 1114112K
  class space    used 8446K, committed 8768K, reserved 1048576K
}
Event: 17.180 GC heap after
{Heap after GC invocations=34 (full 0):
 garbage-first heap   total 323584K, used 86133K [0x000000070a600000, 0x0000000800000000)
  region size 2048K, 3 young (6144K), 3 survivors (6144K)
 Metaspace       used 68528K, committed 69184K, reserved 1114112K
  class space    used 8446K, committed 8768K, reserved 1048576K
}
Event: 17.874 GC heap before
{Heap before GC invocations=35 (full 0):
 garbage-first heap   total 323584K, used 272501K [0x000000070a600000, 0x0000000800000000)
  region size 2048K, 94 young (192512K), 3 survivors (6144K)
 Metaspace       used 73195K, committed 73856K, reserved 1114112K
  class space    used 9094K, committed 9408K, reserved 1048576K
}
Event: 17.879 GC heap after
{Heap after GC invocations=36 (full 0):
 garbage-first heap   total 323584K, used 88635K [0x000000070a600000, 0x0000000800000000)
  region size 2048K, 4 young (8192K), 4 survivors (8192K)
 Metaspace       used 73195K, committed 73856K, reserved 1114112K
  class space    used 9094K, committed 9408K, reserved 1048576K
}
Event: 17.889 GC heap before
{Heap before GC invocations=36 (full 0):
 garbage-first heap   total 323584K, used 94779K [0x000000070a600000, 0x0000000800000000)
  region size 2048K, 7 young (14336K), 4 survivors (8192K)
 Metaspace       used 73195K, committed 73856K, reserved 1114112K
  class space    used 9094K, committed 9408K, reserved 1048576K
}
Event: 17.893 GC heap after
{Heap after GC invocations=37 (full 0):
 garbage-first heap   total 323584K, used 85831K [0x000000070a600000, 0x0000000800000000)
  region size 2048K, 1 young (2048K), 1 survivors (2048K)
 Metaspace       used 73195K, committed 73856K, reserved 1114112K
  class space    used 9094K, committed 9408K, reserved 1048576K
}
Event: 18.508 GC heap before
{Heap before GC invocations=37 (full 0):
 garbage-first heap   total 323584K, used 274247K [0x000000070a600000, 0x0000000800000000)
  region size 2048K, 93 young (190464K), 1 survivors (2048K)
 Metaspace       used 74378K, committed 75008K, reserved 1179648K
  class space    used 9271K, committed 9600K, reserved 1048576K
}
Event: 18.510 GC heap after
{Heap after GC invocations=38 (full 0):
 garbage-first heap   total 323584K, used 86808K [0x000000070a600000, 0x0000000800000000)
  region size 2048K, 2 young (4096K), 2 survivors (4096K)
 Metaspace       used 74378K, committed 75008K, reserved 1179648K
  class space    used 9271K, committed 9600K, reserved 1048576K
}
Event: 18.927 GC heap before
{Heap before GC invocations=38 (full 0):
 garbage-first heap   total 323584K, used 275224K [0x000000070a600000, 0x0000000800000000)
  region size 2048K, 94 young (192512K), 2 survivors (4096K)
 Metaspace       used 74378K, committed 75008K, reserved 1179648K
  class space    used 9271K, committed 9600K, reserved 1048576K
}
Event: 18.928 GC heap after
{Heap after GC invocations=39 (full 0):
 garbage-first heap   total 323584K, used 85796K [0x000000070a600000, 0x0000000800000000)
  region size 2048K, 1 young (2048K), 1 survivors (2048K)
 Metaspace       used 74378K, committed 75008K, reserved 1179648K
  class space    used 9271K, committed 9600K, reserved 1048576K
}

Dll operation events (12 events):
Event: 0.007 Loaded shared library C:\Users\doubl\.p2\pool\plugins\org.eclipse.justj.openjdk.hotspot.jre.full.win32.x86_64_17.0.7.v20230425-1502\jre\bin\java.dll
Event: 0.172 Loaded shared library C:\Users\doubl\.p2\pool\plugins\org.eclipse.justj.openjdk.hotspot.jre.full.win32.x86_64_17.0.7.v20230425-1502\jre\bin\net.dll
Event: 0.173 Loaded shared library C:\Users\doubl\.p2\pool\plugins\org.eclipse.justj.openjdk.hotspot.jre.full.win32.x86_64_17.0.7.v20230425-1502\jre\bin\nio.dll
Event: 0.178 Loaded shared library C:\Users\doubl\.p2\pool\plugins\org.eclipse.justj.openjdk.hotspot.jre.full.win32.x86_64_17.0.7.v20230425-1502\jre\bin\zip.dll
Event: 0.308 Loaded shared library C:\Users\doubl\.p2\pool\plugins\org.eclipse.justj.openjdk.hotspot.jre.full.win32.x86_64_17.0.7.v20230425-1502\jre\bin\jimage.dll
Event: 0.580 Loaded shared library C:\Users\doubl\.p2\pool\plugins\org.eclipse.justj.openjdk.hotspot.jre.full.win32.x86_64_17.0.7.v20230425-1502\jre\bin\management.dll
Event: 0.582 Loaded shared library C:\Users\doubl\.p2\pool\plugins\org.eclipse.justj.openjdk.hotspot.jre.full.win32.x86_64_17.0.7.v20230425-1502\jre\bin\management_ext.dll
Event: 1.779 Loaded shared library C:\Users\doubl\.p2\pool\plugins\org.eclipse.justj.openjdk.hotspot.jre.full.win32.x86_64_17.0.7.v20230425-1502\jre\bin\sunmscapi.dll
Event: 3.343 Loaded shared library C:\Users\doubl\.p2\pool\plugins\org.eclipse.justj.openjdk.hotspot.jre.full.win32.x86_64_17.0.7.v20230425-1502\jre\bin\verify.dll
Event: 10.505 Loaded shared library C:\Users\doubl\AppData\Local\Temp\jna-95774484\jna7994530955931839806.dll
Event: 15.984 Loaded shared library C:\Users\doubl\.p2\pool\plugins\org.eclipse.justj.openjdk.hotspot.jre.full.win32.x86_64_17.0.7.v20230425-1502\jre\bin\awt.dll
Event: 17.916 Loaded shared library C:\Users\doubl\Desktop\Breathe\BREATHE\breathe.web\target\classes\PulseJNI.dll

Deoptimization events (20 events):
Event: 19.145 Thread 0x000001f72b0b8ba0 Uncommon trap: trap_request=0xffffffde fr.pc=0x000001f70dd89bb0 relative=0x0000000000000090
Event: 19.145 Thread 0x000001f72b0b8ba0 Uncommon trap: reason=class_check action=maybe_recompile pc=0x000001f70dd89bb0 method=com.vaadin.flow.internal.StateNode$FeatureSetKey.lambda$new$0(Ljava/util/Collection;Ljava/lang/Class;)Z @ 2 c2
Event: 19.145 Thread 0x000001f72b0b8ba0 DEOPT PACKING pc=0x000001f70dd89bb0 sp=0x0000003f5a8fc4c0
Event: 19.145 Thread 0x000001f72b0b8ba0 DEOPT UNPACKING pc=0x000001f70d0369a3 sp=0x0000003f5a8fc3e0 mode 2
Event: 19.145 Thread 0x000001f72b0b8ba0 Uncommon trap: trap_request=0xffffffde fr.pc=0x000001f70dd89bb0 relative=0x0000000000000090
Event: 19.145 Thread 0x000001f72b0b8ba0 Uncommon trap: reason=class_check action=maybe_recompile pc=0x000001f70dd89bb0 method=com.vaadin.flow.internal.StateNode$FeatureSetKey.lambda$new$0(Ljava/util/Collection;Ljava/lang/Class;)Z @ 2 c2
Event: 19.145 Thread 0x000001f72b0b8ba0 DEOPT PACKING pc=0x000001f70dd89bb0 sp=0x0000003f5a8fc4c0
Event: 19.145 Thread 0x000001f72b0b8ba0 DEOPT UNPACKING pc=0x000001f70d0369a3 sp=0x0000003f5a8fc3e0 mode 2
Event: 19.145 Thread 0x000001f72b0b8ba0 Uncommon trap: trap_request=0xffffffde fr.pc=0x000001f70dd89bb0 relative=0x0000000000000090
Event: 19.145 Thread 0x000001f72b0b8ba0 Uncommon trap: reason=class_check action=maybe_recompile pc=0x000001f70dd89bb0 method=com.vaadin.flow.internal.StateNode$FeatureSetKey.lambda$new$0(Ljava/util/Collection;Ljava/lang/Class;)Z @ 2 c2
Event: 19.145 Thread 0x000001f72b0b8ba0 DEOPT PACKING pc=0x000001f70dd89bb0 sp=0x0000003f5a8fc4c0
Event: 19.145 Thread 0x000001f72b0b8ba0 DEOPT UNPACKING pc=0x000001f70d0369a3 sp=0x0000003f5a8fc3e0 mode 2
Event: 19.166 Thread 0x000001f730ba8cd0 Uncommon trap: trap_request=0xffffffde fr.pc=0x000001f70dad2508 relative=0x00000000000001e8
Event: 19.166 Thread 0x000001f730ba8cd0 Uncommon trap: reason=class_check action=maybe_recompile pc=0x000001f70dad2508 method=java.io.FilterInputStream.available()I @ 4 c2
Event: 19.166 Thread 0x000001f730ba8cd0 DEOPT PACKING pc=0x000001f70dad2508 sp=0x0000003f5b8ff0b0
Event: 19.166 Thread 0x000001f730ba8cd0 DEOPT UNPACKING pc=0x000001f70d0369a3 sp=0x0000003f5b8ff080 mode 2
Event: 29.731 Thread 0x000001f72b0b9ee0 Uncommon trap: trap_request=0xffffff45 fr.pc=0x000001f70d8ba5dc relative=0x00000000000001bc
Event: 29.731 Thread 0x000001f72b0b9ee0 Uncommon trap: reason=unstable_if action=reinterpret pc=0x000001f70d8ba5dc method=java.util.ArrayDeque.addFirst(Ljava/lang/Object;)V @ 42 c2
Event: 29.731 Thread 0x000001f72b0b9ee0 DEOPT PACKING pc=0x000001f70d8ba5dc sp=0x0000003f5a7fca80
Event: 29.731 Thread 0x000001f72b0b9ee0 DEOPT UNPACKING pc=0x000001f70d0369a3 sp=0x0000003f5a7fca20 mode 2

Classes unloaded (0 events):
No events

Classes redefined (0 events):
No events

Internal exceptions (20 events):
Event: 15.978 Thread 0x000001f72b0be240 Exception <a 'java/lang/ClassNotFoundException'{0x000000071925dcf0}: sun/awt/resources/spi/awtProvider> (0x000000071925dcf0) 
thrown [s\src\hotspot\share\classfile\systemDictionary.cpp, line 256]
Event: 15.985 Thread 0x000001f72b0be240 Exception <a 'java/io/FileNotFoundException'{0x0000000719267cb0}> (0x0000000719267cb0) 
thrown [s\src\hotspot\share\prims\jni.cpp, line 516]
Event: 15.986 Thread 0x000001f72b0be240 Exception <a 'java/io/FileNotFoundException'{0x00000007192694f0}> (0x00000007192694f0) 
thrown [s\src\hotspot\share\prims\jni.cpp, line 516]
Event: 16.137 Thread 0x000001f72b0be240 Exception <a 'java/lang/NoSuchMethodError'{0x000000071c62f4b8}: 'int java.lang.invoke.DirectMethodHandle$Holder.invokeStatic(java.lang.Object, java.lang.Object, java.lang.Object, java.lang.Object, java.lang.Object)'> (0x000000071c62f4b8) 
thrown [s\src\hotspot\share\interpreter\linkResolver.cpp, line 759]
Event: 16.557 Thread 0x000001f72b0bd3d0 Exception <a 'java/lang/NoSuchMethodError'{0x00000007133817f0}: 'java.lang.Object java.lang.invoke.DirectMethodHandle$Holder.invokeStaticInit(java.lang.Object, java.lang.Object, int)'> (0x00000007133817f0) 
thrown [s\src\hotspot\share\interpreter\linkResolver.cpp, line 759]
Event: 16.581 Thread 0x000001f72b0bd3d0 Exception <a 'sun/nio/fs/WindowsException'{0x0000000712a5a470}> (0x0000000712a5a470) 
thrown [s\src\hotspot\share\prims\jni.cpp, line 516]
Event: 17.020 Thread 0x000001f72b0bd3d0 Exception <a 'java/lang/NoSuchMethodError'{0x0000000715d14d60}: 'void java.lang.invoke.DirectMethodHandle$Holder.invokeStatic(java.lang.Object, java.lang.Object, java.lang.Object, java.lang.Object, java.lang.Object, java.lang.Object, java.lang.Object)'> (0x0000000715d14d60) 
thrown [s\src\hotspot\share\interpreter\linkResolver.cpp, line 759]
Event: 17.252 Thread 0x000001f72b0bdd70 Exception <a 'java/lang/NoSuchMethodError'{0x000000071cf2c3f8}: 'java.lang.Object java.lang.invoke.DirectMethodHandle$Holder.invokeVirtual(java.lang.Object, java.lang.Object, int)'> (0x000000071cf2c3f8) 
thrown [s\src\hotspot\share\interpreter\linkResolver.cpp, line 759]
Event: 17.286 Thread 0x000001f72b0bdd70 Exception <a 'java/lang/NoSuchMethodError'{0x000000071be31a20}: 'java.lang.Object java.lang.invoke.DirectMethodHandle$Holder.invokeVirtual(java.lang.Object, java.lang.Object, java.lang.Object, double)'> (0x000000071be31a20) 
thrown [s\src\hotspot\share\interpreter\linkResolver.cpp, line 759]
Event: 17.287 Thread 0x000001f72b0bdd70 Exception <a 'java/lang/NoSuchMethodError'{0x000000071be41be8}: 'java.lang.Object java.lang.invoke.DirectMethodHandle$Holder.invokeVirtual(java.lang.Object, java.lang.Object, java.lang.Object, int)'> (0x000000071be41be8) 
thrown [s\src\hotspot\share\interpreter\linkResolver.cpp, line 759]
Event: 17.287 Thread 0x000001f72b0bdd70 Exception <a 'java/lang/NoSuchMethodError'{0x000000071bc05448}: 'int java.lang.invoke.DirectMethodHandle$Holder.invokeVirtual(java.lang.Object, java.lang.Object, java.lang.Object, int)'> (0x000000071bc05448) 
thrown [s\src\hotspot\share\interpreter\linkResolver.cpp, line 759]
Event: 17.288 Thread 0x000001f72b0bdd70 Exception <a 'java/lang/NoSuchMethodError'{0x000000071bc15c68}: 'java.lang.Object java.lang.invoke.DirectMethodHandle$Holder.invokeStaticInit(java.lang.Object, java.lang.Object, java.lang.Object, java.lang.Object, java.lang.Object)'> (0x000000071bc15c68) 
thrown [s\src\hotspot\share\interpreter\linkResolver.cpp, line 759]
Event: 17.288 Thread 0x000001f72b0bdd70 Exception <a 'java/lang/NoSuchMethodError'{0x000000071bc1e558}: 'void java.lang.invoke.DirectMethodHandle$Holder.invokeStaticInit(java.lang.Object, java.lang.Object, java.lang.Object, java.lang.Object)'> (0x000000071bc1e558) 
thrown [s\src\hotspot\share\interpreter\linkResolver.cpp, line 759]
Event: 17.294 Thread 0x000001f72b0bdd70 Exception <a 'java/lang/NoSuchMethodError'{0x000000071ba287a8}: 'int java.lang.invoke.DirectMethodHandle$Holder.invokeVirtual(java.lang.Object, java.lang.Object, java.lang.Object, java.lang.Object)'> (0x000000071ba287a8) 
thrown [s\src\hotspot\share\interpreter\linkResolver.cpp, line 759]
Event: 17.298 Thread 0x000001f72b0bdd70 Exception <a 'java/lang/NoSuchMethodError'{0x000000071bb52540}: 'void java.lang.invoke.DirectMethodHandle$Holder.invokeInterface(java.lang.Object, java.lang.Object)'> (0x000000071bb52540) 
thrown [s\src\hotspot\share\interpreter\linkResolver.cpp, line 759]
Event: 17.316 Thread 0x000001f72b0bb6f0 Exception <a 'java/lang/NoSuchMethodError'{0x000000071b301288}: 'int java.lang.invoke.DirectMethodHandle$Holder.invokeStatic(java.lang.Object, int, java.lang.Object)'> (0x000000071b301288) 
thrown [s\src\hotspot\share\interpreter\linkResolver.cpp, line 759]
Event: 17.361 Thread 0x000001f72b0bdd70 Exception <a 'java/lang/IncompatibleClassChangeError'{0x000000071aa08070}: Found class java.lang.Object, but interface was expected> (0x000000071aa08070) 
thrown [s\src\hotspot\share\interpreter\linkResolver.cpp, line 826]
Event: 17.362 Thread 0x000001f72b0bdd70 Exception <a 'java/lang/IncompatibleClassChangeError'{0x000000071aa0b2d8}: Found class java.lang.Object, but interface was expected> (0x000000071aa0b2d8) 
thrown [s\src\hotspot\share\interpreter\linkResolver.cpp, line 826]
Event: 17.419 Thread 0x000001f72b0bdd70 Exception <a 'java/lang/NoSuchMethodError'{0x000000071a337228}: 'void java.lang.invoke.DirectMethodHandle$Holder.invokeSpecial(java.lang.Object, java.lang.Object, int, java.lang.Object)'> (0x000000071a337228) 
thrown [s\src\hotspot\share\interpreter\linkResolver.cpp, line 759]
Event: 17.956 Thread 0x000001f72b0bdd70 Exception <a 'java/lang/IncompatibleClassChangeError'{0x000000071c74bc40}: Found class java.lang.Object, but interface was expected> (0x000000071c74bc40) 
thrown [s\src\hotspot\share\interpreter\linkResolver.cpp, line 826]

VM Operations (20 events):
Event: 20.680 Executing VM operation: Cleanup
Event: 20.680 Executing VM operation: Cleanup done
Event: 21.680 Executing VM operation: Cleanup
Event: 21.680 Executing VM operation: Cleanup done
Event: 22.690 Executing VM operation: Cleanup
Event: 22.691 Executing VM operation: Cleanup done
Event: 29.747 Executing VM operation: Cleanup
Event: 29.747 Executing VM operation: Cleanup done
Event: 30.752 Executing VM operation: Cleanup
Event: 30.752 Executing VM operation: Cleanup done
Event: 31.760 Executing VM operation: Cleanup
Event: 31.760 Executing VM operation: Cleanup done
Event: 32.176 Executing VM operation: HandshakeAllThreads
Event: 32.176 Executing VM operation: HandshakeAllThreads done
Event: 33.187 Executing VM operation: Cleanup
Event: 33.187 Executing VM operation: Cleanup done
Event: 42.260 Executing VM operation: Cleanup
Event: 42.260 Executing VM operation: Cleanup done
Event: 53.342 Executing VM operation: Cleanup
Event: 53.342 Executing VM operation: Cleanup done

Events (20 events):
Event: 54.079 loading class sun/awt/dnd/SunDragSourceContextPeer done
Event: 54.079 loading class java/awt/EventQueue$4
Event: 54.079 loading class java/awt/EventQueue$4 done
Event: 54.079 loading class java/awt/MenuComponent
Event: 54.079 loading class java/awt/MenuComponent done
Event: 54.079 loading class java/awt/TrayIcon
Event: 54.079 loading class java/awt/TrayIcon done
Event: 54.079 loading class java/awt/event/InputEvent
Event: 54.080 loading class java/awt/event/ComponentEvent
Event: 54.080 loading class java/awt/event/ComponentEvent done
Event: 54.080 loading class java/awt/event/InputEvent done
Event: 54.080 loading class java/awt/event/InputMethodEvent
Event: 54.080 loading class java/awt/event/InputMethodEvent done
Event: 54.080 loading class java/awt/event/ActionEvent
Event: 54.080 loading class java/awt/event/ActionEvent done
Event: 54.116 loading class sun/misc/Unsafe
Event: 54.117 loading class sun/misc/Unsafe done
Event: 54.146 Thread 0x000001f7303e03e0 Thread added: 0x000001f7303e03e0
Event: 54.150 Thread 0x000001f7303dea90 Thread added: 0x000001f7303dea90
Event: 54.150 Thread 0x000001f7303e3680 Thread added: 0x000001f7303e3680


Dynamic libraries:
0x00007ff6dfb30000 - 0x00007ff6dfb3e000 	C:\Users\doubl\.p2\pool\plugins\org.eclipse.justj.openjdk.hotspot.jre.full.win32.x86_64_17.0.7.v20230425-1502\jre\bin\javaw.exe
0x00007ffab6530000 - 0x00007ffab6747000 	C:\windows\SYSTEM32\ntdll.dll
0x00007ffab5360000 - 0x00007ffab5424000 	C:\windows\System32\KERNEL32.DLL
0x00007ffab3b20000 - 0x00007ffab3ed7000 	C:\windows\System32\KERNELBASE.dll
0x00007ffab3ee0000 - 0x00007ffab3ff1000 	C:\windows\System32\ucrtbase.dll
0x00007ffaadad0000 - 0x00007ffaadae7000 	C:\Users\doubl\.p2\pool\plugins\org.eclipse.justj.openjdk.hotspot.jre.full.win32.x86_64_17.0.7.v20230425-1502\jre\bin\jli.dll
0x00007ffab42d0000 - 0x00007ffab447f000 	C:\windows\System32\USER32.dll
0x00007ffab3870000 - 0x00007ffab3896000 	C:\windows\System32\win32u.dll
0x00007ffab5d70000 - 0x00007ffab5d99000 	C:\windows\System32\GDI32.dll
0x00007ffab4140000 - 0x00007ffab4258000 	C:\windows\System32\gdi32full.dll
0x00007ffab38a0000 - 0x00007ffab393a000 	C:\windows\System32\msvcp_win.dll
0x00007ffaadab0000 - 0x00007ffaadac9000 	C:\Users\doubl\.p2\pool\plugins\org.eclipse.justj.openjdk.hotspot.jre.full.win32.x86_64_17.0.7.v20230425-1502\jre\bin\VCRUNTIME140.dll
0x00007ffaa8930000 - 0x00007ffaa8bc3000 	C:\windows\WinSxS\amd64_microsoft.windows.common-controls_6595b64144ccf1df_6.0.22621.3672_none_2713b9d173822955\COMCTL32.dll
0x00007ffab5cb0000 - 0x00007ffab5d57000 	C:\windows\System32\msvcrt.dll
0x00007ffab4280000 - 0x00007ffab42b1000 	C:\windows\System32\IMM32.DLL
0x00007ffaaeeb0000 - 0x00007ffaaeebc000 	C:\Users\doubl\.p2\pool\plugins\org.eclipse.justj.openjdk.hotspot.jre.full.win32.x86_64_17.0.7.v20230425-1502\jre\bin\vcruntime140_1.dll
0x00007ffa8e420000 - 0x00007ffa8e4b1000 	C:\Users\doubl\.p2\pool\plugins\org.eclipse.justj.openjdk.hotspot.jre.full.win32.x86_64_17.0.7.v20230425-1502\jre\bin\msvcp140.dll
0x00007ffa6f6f0000 - 0x00007ffa70338000 	C:\Users\doubl\.p2\pool\plugins\org.eclipse.justj.openjdk.hotspot.jre.full.win32.x86_64_17.0.7.v20230425-1502\jre\bin\server\jvm.dll
0x00007ffab5210000 - 0x00007ffab52c2000 	C:\windows\System32\ADVAPI32.dll
0x00007ffab5bf0000 - 0x00007ffab5c98000 	C:\windows\System32\sechost.dll
0x00007ffab3840000 - 0x00007ffab3868000 	C:\windows\System32\bcrypt.dll
0x00007ffab50f0000 - 0x00007ffab5204000 	C:\windows\System32\RPCRT4.dll
0x00007ffaac4e0000 - 0x00007ffaac4e9000 	C:\windows\SYSTEM32\WSOCK32.dll
0x00007ffab6470000 - 0x00007ffab64e1000 	C:\windows\System32\WS2_32.dll
0x00007ffaada30000 - 0x00007ffaada64000 	C:\windows\SYSTEM32\WINMM.dll
0x00007ffaa8820000 - 0x00007ffaa882a000 	C:\windows\SYSTEM32\VERSION.dll
0x00007ffab2860000 - 0x00007ffab2878000 	C:\windows\SYSTEM32\kernel.appcore.dll
0x00007ffaa4790000 - 0x00007ffaa479a000 	C:\Users\doubl\.p2\pool\plugins\org.eclipse.justj.openjdk.hotspot.jre.full.win32.x86_64_17.0.7.v20230425-1502\jre\bin\jimage.dll
0x00007ffab1370000 - 0x00007ffab15a2000 	C:\windows\SYSTEM32\DBGHELP.DLL
0x00007ffab5860000 - 0x00007ffab5bee000 	C:\windows\System32\combase.dll
0x00007ffab5540000 - 0x00007ffab5617000 	C:\windows\System32\OLEAUT32.dll
0x00007ffaa4f30000 - 0x00007ffaa4f62000 	C:\windows\SYSTEM32\dbgcore.DLL
0x00007ffab4000000 - 0x00007ffab407b000 	C:\windows\System32\bcryptPrimitives.dll
0x00007ffa7e170000 - 0x00007ffa7e195000 	C:\Users\doubl\.p2\pool\plugins\org.eclipse.justj.openjdk.hotspot.jre.full.win32.x86_64_17.0.7.v20230425-1502\jre\bin\java.dll
0x00007ffa9f5e0000 - 0x00007ffa9f5f8000 	C:\Users\doubl\.p2\pool\plugins\org.eclipse.justj.openjdk.hotspot.jre.full.win32.x86_64_17.0.7.v20230425-1502\jre\bin\zip.dll
0x00007ffab4880000 - 0x00007ffab50e9000 	C:\windows\System32\SHELL32.dll
0x00007ffab1760000 - 0x00007ffab205f000 	C:\windows\SYSTEM32\windows.storage.dll
0x00007ffab1620000 - 0x00007ffab175f000 	C:\windows\SYSTEM32\wintypes.dll
0x00007ffab4780000 - 0x00007ffab4879000 	C:\windows\System32\SHCORE.dll
0x00007ffab54e0000 - 0x00007ffab553e000 	C:\windows\System32\shlwapi.dll
0x00007ffab3770000 - 0x00007ffab3797000 	C:\windows\SYSTEM32\profapi.dll
0x00007ffa90520000 - 0x00007ffa90539000 	C:\Users\doubl\.p2\pool\plugins\org.eclipse.justj.openjdk.hotspot.jre.full.win32.x86_64_17.0.7.v20230425-1502\jre\bin\net.dll
0x00007ffaaf2e0000 - 0x00007ffaaf416000 	C:\windows\SYSTEM32\WINHTTP.dll
0x00007ffab2d50000 - 0x00007ffab2db9000 	C:\windows\system32\mswsock.dll
0x00007ffa8dfd0000 - 0x00007ffa8dfe5000 	C:\Users\doubl\.p2\pool\plugins\org.eclipse.justj.openjdk.hotspot.jre.full.win32.x86_64_17.0.7.v20230425-1502\jre\bin\nio.dll
0x00007ffaaee90000 - 0x00007ffaaee99000 	C:\Users\doubl\.p2\pool\plugins\org.eclipse.justj.openjdk.hotspot.jre.full.win32.x86_64_17.0.7.v20230425-1502\jre\bin\management.dll
0x00007ffaaee70000 - 0x00007ffaaee7b000 	C:\Users\doubl\.p2\pool\plugins\org.eclipse.justj.openjdk.hotspot.jre.full.win32.x86_64_17.0.7.v20230425-1502\jre\bin\management_ext.dll
0x00007ffab5ca0000 - 0x00007ffab5ca8000 	C:\windows\System32\PSAPI.DLL
0x00007ffaac500000 - 0x00007ffaac50e000 	C:\Users\doubl\.p2\pool\plugins\org.eclipse.justj.openjdk.hotspot.jre.full.win32.x86_64_17.0.7.v20230425-1502\jre\bin\sunmscapi.dll
0x00007ffab39b0000 - 0x00007ffab3b16000 	C:\windows\System32\CRYPT32.dll
0x00007ffab3200000 - 0x00007ffab322d000 	C:\windows\SYSTEM32\ncrypt.dll
0x00007ffab31c0000 - 0x00007ffab31f7000 	C:\windows\SYSTEM32\NTASN1.dll
0x00007ffab2fc0000 - 0x00007ffab2fdb000 	C:\windows\SYSTEM32\CRYPTSP.dll
0x00007ffab27c0000 - 0x00007ffab27f5000 	C:\windows\system32\rsaenh.dll
0x00007ffab2e60000 - 0x00007ffab2e88000 	C:\windows\SYSTEM32\USERENV.dll
0x00007ffab2fe0000 - 0x00007ffab2fec000 	C:\windows\SYSTEM32\CRYPTBASE.dll
0x00007ffab2300000 - 0x00007ffab232d000 	C:\windows\SYSTEM32\IPHLPAPI.DLL
0x00007ffab5d60000 - 0x00007ffab5d69000 	C:\windows\System32\NSI.dll
0x00007ffaade60000 - 0x00007ffaade79000 	C:\windows\SYSTEM32\dhcpcsvc6.DLL
0x00007ffaaddb0000 - 0x00007ffaaddcf000 	C:\windows\SYSTEM32\dhcpcsvc.DLL
0x00007ffab2330000 - 0x00007ffab2432000 	C:\windows\SYSTEM32\DNSAPI.dll
0x00007ffaae640000 - 0x00007ffaae650000 	C:\Users\doubl\.p2\pool\plugins\org.eclipse.justj.openjdk.hotspot.jre.full.win32.x86_64_17.0.7.v20230425-1502\jre\bin\verify.dll
0x00007ffaa49c0000 - 0x00007ffaa4a05000 	C:\Users\doubl\AppData\Local\Temp\jna-95774484\jna7994530955931839806.dll
0x00007ffab45d0000 - 0x00007ffab4775000 	C:\windows\System32\Ole32.dll
0x00007ffab5430000 - 0x00007ffab54e0000 	C:\windows\System32\clbcatq.dll
0x00007ffa9e330000 - 0x00007ffa9e34d000 	C:\windows\SYSTEM32\amsi.dll
0x00007ffa9e2a0000 - 0x00007ffa9e321000 	C:\ProgramData\Microsoft\Windows Defender\Platform\4.18.24080.9-0\MpOav.dll
0x00007ffaad940000 - 0x00007ffaad948000 	C:\windows\system32\wshunix.dll
0x00007ffa8e260000 - 0x00007ffa8e3ee000 	C:\Users\doubl\.p2\pool\plugins\org.eclipse.justj.openjdk.hotspot.jre.full.win32.x86_64_17.0.7.v20230425-1502\jre\bin\awt.dll
0x00007ffaac760000 - 0x00007ffaac7f7000 	C:\windows\SYSTEM32\apphelp.dll
0x00007ffaadcc0000 - 0x00007ffaadcca000 	C:\Windows\System32\rasadhlp.dll
0x00007ffaad7b0000 - 0x00007ffaad833000 	C:\windows\System32\fwpuclnt.dll
0x00007ffa51dc0000 - 0x00007ffa52e3b000 	C:\Users\doubl\Desktop\Breathe\BREATHE\breathe.web\target\classes\PulseJNI.dll
0x00007ffab0980000 - 0x00007ffab0a31000 	C:\windows\system32\uxtheme.dll
0x00007ffab56a0000 - 0x00007ffab5800000 	C:\windows\System32\MSCTF.dll

dbghelp: loaded successfully - version: 4.0.5 - missing functions: none
symbol engine: initialized successfully - sym options: 0x614 - pdb path: .;C:\Users\doubl\.p2\pool\plugins\org.eclipse.justj.openjdk.hotspot.jre.full.win32.x86_64_17.0.7.v20230425-1502\jre\bin;C:\windows\SYSTEM32;C:\windows\WinSxS\amd64_microsoft.windows.common-controls_6595b64144ccf1df_6.0.22621.3672_none_2713b9d173822955;C:\Users\doubl\.p2\pool\plugins\org.eclipse.justj.openjdk.hotspot.jre.full.win32.x86_64_17.0.7.v20230425-1502\jre\bin\server;C:\Users\doubl\AppData\Local\Temp\jna-95774484;C:\ProgramData\Microsoft\Windows Defender\Platform\4.18.24080.9-0;C:\Users\doubl\Desktop\Breathe\BREATHE\breathe.web\target\classes

VM Arguments:
jvm_args: -Dfile.encoding=UTF-8 -XX:+ShowCodeDetailsInExceptionMessages 
java_command: app.Main
java_class_path (initial): C:\Users\doubl\Desktop\Breathe\BREATHE\breathe.web\target\classes;C:\Users\doubl\.m2\repository\com\vaadin\vaadin\24.4.13\vaadin-24.4.13.jar;C:\Users\doubl\.m2\repository\com\vaadin\vaadin-internal\24.4.13\vaadin-internal-24.4.13.jar;C:\Users\doubl\.m2\repository\com\vaadin\vaadin-core-internal\24.4.13\vaadin-core-internal-24.4.13.jar;C:\Users\doubl\.m2\repository\com\vaadin\flow-lit-template\24.4.9\flow-lit-template-24.4.9.jar;C:\Users\doubl\.m2\repository\com\vaadin\flow-react\24.4.9\flow-react-24.4.9.jar;C:\Users\doubl\.m2\repository\com\vaadin\flow-html-components\24.4.9\flow-html-components-24.4.9.jar;C:\Users\doubl\.m2\repository\com\vaadin\flow-data\24.4.9\flow-data-24.4.9.jar;C:\Users\doubl\.m2\repository\com\vaadin\flow-dnd\24.4.9\flow-dnd-24.4.9.jar;C:\Users\doubl\.m2\repository\com\vaadin\vaadin-lumo-theme\24.4.13\vaadin-lumo-theme-24.4.13.jar;C:\Users\doubl\.m2\repository\com\vaadin\vaadin-material-theme\24.4.13\vaadin-material-theme-24.4.13.jar;C:\Users\doubl\.m2\repository\com\vaadin\vaadin-accordion-flow\24.4.13\vaadin-accordion-flow-24.4.13.jar;C:\Users\doubl\.m2\repository\com\vaadin\vaadin-avatar-flow\24.4.13\vaadin-avatar-flow-24.4.13.jar;C:\Users\doubl\.m2\repository\com\vaadin\vaadin-button-flow\24.4.13\vaadin-button-flow-24.4.13.jar;C:\Users\doubl\.m2\repository\com\vaadin\vaadin-checkbox-flow\24.4.13\vaadin-checkbox-flow-24.4.13.jar;C:\Users\doubl\.m2\repository\com\vaadin\vaadin-combo-box-flow\24.4.13\vaadin-combo-box-flow-24.4.13.jar;C:\Users\doubl\.m2\repository\com\vaadin\vaadin-confirm-dialog-flow\24.4.13\vaadin-confirm-dialog-flow-24.4.13.jar;C:\Users\doubl\.m2\repository\com\vaadin\vaadin-custom-field-flow\24.4.13\vaadin-custom-field-flow-24.4.13.jar;C:\Users\doubl\.m2\repository\com\vaadin\vaadin-date-picker-flow\24.4.13\vaadin-date-picker-flow-24.4.13.jar;C:\Users\doubl\.m2\repository\com\vaadin\vaadin-date-time-picker-flow\24.4.13\vaadin-date-time-picker-flow-24.4.13.jar;C:\Users\doubl\.m2\repository\com\
Launcher Type: SUN_STANDARD

[Global flags]
     intx CICompilerCount                          = 12                                        {product} {ergonomic}
     uint ConcGCThreads                            = 3                                         {product} {ergonomic}
     uint G1ConcRefinementThreads                  = 13                                        {product} {ergonomic}
   size_t G1HeapRegionSize                         = 2097152                                   {product} {ergonomic}
    uintx GCDrainStackTargetSize                   = 64                                        {product} {ergonomic}
   size_t InitialHeapSize                          = 257949696                                 {product} {ergonomic}
   size_t MarkStackSize                            = 4194304                                   {product} {ergonomic}
   size_t MaxHeapSize                              = 4120903680                                {product} {ergonomic}
   size_t MaxNewSize                               = 2472542208                                {product} {ergonomic}
   size_t MinHeapDeltaBytes                        = 2097152                                   {product} {ergonomic}
   size_t MinHeapSize                              = 8388608                                   {product} {ergonomic}
    uintx NonNMethodCodeHeapSize                   = 7602480                                {pd product} {ergonomic}
    uintx NonProfiledCodeHeapSize                  = 122027880                              {pd product} {ergonomic}
    uintx ProfiledCodeHeapSize                     = 122027880                              {pd product} {ergonomic}
    uintx ReservedCodeCacheSize                    = 251658240                              {pd product} {ergonomic}
     bool SegmentedCodeCache                       = true                                      {product} {ergonomic}
     bool ShowCodeDetailsInExceptionMessages       = true                                   {manageable} {command line}
   size_t SoftMaxHeapSize                          = 4120903680                             {manageable} {ergonomic}
     bool UseCompressedClassPointers               = true                           {product lp64_product} {ergonomic}
     bool UseCompressedOops                        = true                           {product lp64_product} {ergonomic}
     bool UseG1GC                                  = true                                      {product} {ergonomic}
     bool UseLargePagesIndividualAllocation        = false                                  {pd product} {ergonomic}

Logging:
Log output configuration:
 #0: stdout all=warning uptime,level,tags
 #1: stderr all=off uptime,level,tags

Environment Variables:
JAVA_HOME=C:\Program Files\Amazon Corretto\jdk1.8.0_422
PATH=C:/Users/doubl/.p2/pool/plugins/org.eclipse.justj.openjdk.hotspot.jre.full.win32.x86_64_17.0.7.v20230425-1502/jre/bin/server;C:/Users/doubl/.p2/pool/plugins/org.eclipse.justj.openjdk.hotspot.jre.full.win32.x86_64_17.0.7.v20230425-1502/jre/bin;C:\Program Files (x86)\Java\jre1.8.0_421\bin;C:\Program Files\Amazon Corretto\jdk1.8.0_422\bin;C:\Program Files\Common Files\Oracle\Java\javapath;C:\Program Files (x86)\Common Files\Oracle\Java\java8path;C:\Program Files (x86)\Common Files\Oracle\Java\javapath;C:\windows\system32;C:\windows;C:\windows\System32\Wbem;C:\windows\System32\WindowsPowerShell\v1.0\;C:\windows\System32\OpenSSH\;C:\Program Files\Microsoft VS Code\bin;C:\Program Files\Git\cmd;C:\Program Files\nodejs\;C:\ProgramData\chocolatey\bin;C:\Program Files\PuTTY\;C:\Users\doubl\Desktop\Uni\IR\apache-ant-1.9.16-bin\apache-ant-1.9.16\bin;C:\Users\doubl\Desktop\Uni\IR\gradle-7.6.3-bin\gradle-7.6.3\bin;C:\MinGW\bin;C:\Program Files\TortoiseSVN\bin;C:\Program Files\Git\usr\bin;C:\Users\doubl\Desktop\Uni\IR\icu4c-74_1-Win64-MSVC2022\bin64;C:\Program Files\Amazon Corretto\jdk1.8.0_422\bin;C:\Program Files\Java\jre-1.8\bin;C:\Users\doubl\AppData\Local\Programs\Python\Python38\Scripts;C:\Program Files\dotnet\;C:\Users\doubl\AppData\Local\Programs\Python\Python38\Scripts\;C:\Users\doubl\AppData\Local\Programs\Python\Python38\;C:\Users\doubl\AppData\Local\Microsoft\WindowsApps;C:\Users\doubl\AppData\Roaming\npm;C:\Users\doubl\AppData\Local\GitHubDesktop\bin;C:\Program Files\JetBrains\PyCharm 2023.2.5\bin;;C:\Users\doubl\.dotnet\tools;C:\Users\doubl\Desktop;
USERNAME=doubl
OS=Windows_NT
PROCESSOR_IDENTIFIER=AMD64 Family 25 Model 80 Stepping 0, AuthenticAMD
TMP=C:\Users\doubl\AppData\Local\Temp
TEMP=C:\Users\doubl\AppData\Local\Temp



---------------  S Y S T E M  ---------------

OS:
 Windows 11 , 64 bit Build 22621 (10.0.22621.3958)
OS uptime: 2 days 3:08 hours
Hyper-V role detected

CPU: total 16 (initial active 16) (16 cores per cpu, 2 threads per core) family 25 model 80 stepping 0 microcode 0x0, cx8, cmov, fxsr, ht, mmx, 3dnowpref, sse, sse2, sse3, ssse3, sse4a, sse4.1, sse4.2, popcnt, lzcnt, tsc, tscinvbit, avx, avx2, aes, erms, clmul, bmi1, bmi2, adx, sha, fma, vzeroupper, clflush, clflushopt, hv

Memory: 4k page, system-wide physical 15712M (5197M free)
TotalPageFile size 16736M (AvailPageFile size 2834M)
current process WorkingSet (physical memory assigned to process): 557M, peak: 641M
current process commit charge ("private bytes"): 592M, peak: 733M

vm_info: OpenJDK 64-Bit Server VM (17.0.7+7) for windows-amd64 JRE (17.0.7+7), built on Apr 18 2023 22:10:42 by "temurin" with MS VC++ 16.7 (VS2019)

END.
