#
# A fatal error has been detected by the Java Runtime Environment:
#
#  EXCEPTION_ACCESS_VIOLATION (0xc0000005) at pc=0x00007ffe35857fd0, pid=1552, tid=15112
#
# JRE version: OpenJDK Runtime Environment Temurin-17.0.4+8 (17.0.4+8) (build 17.0.4+8)
# Java VM: OpenJDK 64-Bit Server VM Temurin-17.0.4+8 (17.0.4+8, mixed mode, tiered, compressed oops, compressed class ptrs, g1 gc, windows-amd64)
# Problematic frame:
# C  [PulseJNI.dll+0x297fd0]
#
# No core dump will be written. Minidumps are not enabled by default on client versions of Windows
#
# If you would like to submit a bug report, please visit:
#   https://github.com/adoptium/adoptium-support/issues
# The crash happened outside the Java Virtual Machine in native code.
# See problematic frame for where to report the bug.
#

---------------  S U M M A R Y ------------

Command Line: -Dfile.encoding=UTF-8 -Dstdout.encoding=UTF-8 -Dstderr.encoding=UTF-8 -XX:+ShowCodeDetailsInExceptionMessages app.Main

Host: AMD Ryzen 5 3600 6-Core Processor              , 12 cores, 15G,  Windows 11 , 64 bit Build 22621 (10.0.22621.3958)
Time: Sun Oct 20 19:14:44 2024 ora legale Europa occidentale elapsed time: 1782.640060 seconds (0d 0h 29m 42s)

---------------  T H R E A D  ---------------

Current thread (0x000002a17cfc3b90):  JavaThread "SwingWorker-pool-2-thread-2" daemon [_thread_in_native, id=15112, stack(0x000000bdb5f00000,0x000000bdb6000000)]

Stack: [0x000000bdb5f00000,0x000000bdb6000000],  sp=0x000000bdb5ffe1e0,  free space=1016k
Native frames: (J=compiled Java code, j=interpreted, Vv=VM code, C=native code)
C  [PulseJNI.dll+0x297fd0]

Java frames: (J=compiled Java code, j=interpreted, Vv=VM code)
j  com.kitware.pulse.engine.PulseEngine.nativeInitializeEngine(JLjava/lang/String;Ljava/lang/String;I)Z+0
j  com.kitware.pulse.engine.PulseEngine.initializeEngine(Lcom/kitware/pulse/cdm/engine/SEPatientConfiguration;Lcom/kitware/pulse/cdm/engine/SEDataRequestManager;)Z+39
j  app.SimulationWorker.doInBackground()Ljava/lang/Void;+24
j  app.SimulationWorker.doInBackground()Ljava/lang/Object;+1
j  javax.swing.SwingWorker$1.call()Ljava/lang/Object;+14 java.desktop@17.0.4
J 20052 c1 java.util.concurrent.FutureTask.run()V java.base@17.0.4 (123 bytes) @ 0x000002a15d23624c [0x000002a15d235aa0+0x00000000000007ac]
j  javax.swing.SwingWorker.run()V+4 java.desktop@17.0.4
J 18044 c1 java.util.concurrent.ThreadPoolExecutor.runWorker(Ljava/util/concurrent/ThreadPoolExecutor$Worker;)V java.base@17.0.4 (187 bytes) @ 0x000002a15bb340e4 [0x000002a15bb337c0+0x0000000000000924]
J 18043 c1 java.util.concurrent.ThreadPoolExecutor$Worker.run()V java.base@17.0.4 (9 bytes) @ 0x000002a15b84c944 [0x000002a15b84c8c0+0x0000000000000084]
J 13489 c1 java.lang.Thread.run()V java.base@17.0.4 (17 bytes) @ 0x000002a15c73c504 [0x000002a15c73c3c0+0x0000000000000144]
v  ~StubRoutines::call_stub

siginfo: EXCEPTION_ACCESS_VIOLATION (0xc0000005), reading address 0x0000000000000000


Register to memory mapping:

RIP=0x00007ffe35857fd0 PulseJNI.dll
RAX=0x0 is NULL
RBX={method} {0x000002a10dff6018} 'nativeInitializeEngine' '(JLjava/lang/String;Ljava/lang/String;I)Z' in 'com/kitware/pulse/engine/PulseEngine'
RCX=0x000002a17b931650 points into unknown readable memory: 0x00007ffe36120f60 | 60 0f 12 36 fe 7f 00 00
RDX=0x0 is NULL
RSP=0x000000bdb5ffe1e0 is pointing into the stack for thread: 0x000002a17cfc3b90
RBP=0x000000bdb5fff1f8 is pointing into the stack for thread: 0x000002a17cfc3b90
RSI=3775867808 is a compressed pointer to object: [B 
{0x0000000708795d00} - klass: {type array byte}
 - length: 753
RDI=3775865181 is a compressed pointer to object: [B 
{0x0000000708790ae8} - klass: {type array byte}
 - length: 1150
R8 =0x00007ffe36575100 PulseJNI.dll
R9 =0x0000000000000001 is an unknown value
R10=0x0000000000000003 is an unknown value
R11=0x000000bdb5ffde80 is pointing into the stack for thread: 0x000002a17cfc3b90
R12=0x0 is NULL
R13={method} {0x000002a10dff6018} 'nativeInitializeEngine' '(JLjava/lang/String;Ljava/lang/String;I)Z' in 'com/kitware/pulse/engine/PulseEngine'
R14=0x000000bdb5fff240 is pointing into the stack for thread: 0x000002a17cfc3b90
R15=0x000002a17cfc3b90 is a thread


Registers:
RAX=0x0000000000000000, RBX=0x000002a10dff6010, RCX=0x000002a17b931650, RDX=0x0000000000000000
RSP=0x000000bdb5ffe1e0, RBP=0x000000bdb5fff1f8, RSI=0x00000000e10f2ba0, RDI=0x00000000e10f215d
R8 =0x00007ffe36575100, R9 =0x0000000000000001, R10=0x0000000000000003, R11=0x000000bdb5ffde80
R12=0x0000000000000000, R13=0x000002a10dff6010, R14=0x000000bdb5fff240, R15=0x000002a17cfc3b90
RIP=0x00007ffe35857fd0, EFLAGS=0x0000000000010246

Top of Stack: (sp=0x000000bdb5ffe1e0)
0x000000bdb5ffe1e0:   000002a17b931650 0000000000000000
0x000000bdb5ffe1f0:   00007ffe355edae0 000000000000000f
0x000000bdb5ffe200:   00007ffe358a8a70 00007ffe355e83a0
0x000000bdb5ffe210:   0000000000000000 000000000000000f
0x000000bdb5ffe220:   6c616e7265746e00 000000006e696b53
0x000000bdb5ffe230:   0000000000000000 000000000000000f
0x000000bdb5ffe240:   000002a17d33f600 0000000000000000
0x000000bdb5ffe250:   00007ffe355ec230 00007ffe355e55f0
0x000000bdb5ffe260:   00007ffe355e55f0 00007ffe355e55f0
0x000000bdb5ffe270:   00007ffe355ecbf0 00007ffe358a896b
0x000000bdb5ffe280:   000002a17b931650 0000000000000000
0x000000bdb5ffe290:   0000000000000000 000000000000000f
0x000000bdb5ffe2a0:   6c616e7265747800 000000006e696b53
0x000000bdb5ffe2b0:   00007ffe358a8a70 000000000000000f
0x000000bdb5ffe2c0:   6c616e7265746e00 0000000065726f43
0x000000bdb5ffe2d0:   0000000000000000 00007ffe358a84ae 

Instructions: (pc=0x00007ffe35857fd0)
0x00007ffe35857ed0:   28 e8 6a b5 d7 ff 48 89 44 24 20 48 8b 4c 24 28
0x00007ffe35857ee0:   e8 7b b5 d7 ff 48 89 44 24 30 eb 0e 48 8b 44 24
0x00007ffe35857ef0:   20 48 83 c0 08 48 89 44 24 20 48 8b 44 24 30 48
0x00007ffe35857f00:   39 44 24 20 74 1f 48 8b 44 24 20 48 8b 00 48 89
0x00007ffe35857f10:   44 24 38 48 8b 44 24 58 48 39 44 24 38 75 04 b0
0x00007ffe35857f20:   01 eb 04 eb c7 32 c0 48 83 c4 48 c3 cc cc cc cc
0x00007ffe35857f30:   cc cc cc cc cc cc cc cc cc cc cc cc cc cc cc cc
0x00007ffe35857f40:   48 89 4c 24 08 48 8b 44 24 08 48 83 c0 48 c3 cc
0x00007ffe35857f50:   cc cc cc cc cc cc cc cc cc cc cc cc cc cc cc cc
0x00007ffe35857f60:   48 89 4c 24 08 48 8b 44 24 08 48 83 c0 60 c3 cc
0x00007ffe35857f70:   cc cc cc cc cc cc cc cc cc cc cc cc cc cc cc cc
0x00007ffe35857f80:   48 89 54 24 10 48 89 4c 24 08 48 81 ec 98 00 00
0x00007ffe35857f90:   00 48 8b 84 24 a0 00 00 00 48 8b 00 48 8b 80 d0
0x00007ffe35857fa0:   00 00 00 48 89 44 24 20 48 8b 94 24 a8 00 00 00
0x00007ffe35857fb0:   48 8b 8c 24 a0 00 00 00 ff 54 24 20 0f b6 c0 85
0x00007ffe35857fc0:   c0 74 05 e9 5c 01 00 00 48 8b 84 24 a8 00 00 00
0x00007ffe35857fd0:   48 8b 00 48 8b 8c 24 a8 00 00 00 ff 90 b0 00 00
0x00007ffe35857fe0:   00 83 f8 03 75 5e 48 8b 84 24 a0 00 00 00 48 83
0x00007ffe35857ff0:   c0 78 48 89 44 24 30 48 8b 84 24 a8 00 00 00 48
0x00007ffe35858000:   89 44 24 28 48 8d 54 24 28 48 8b 4c 24 30 e8 bd
0x00007ffe35858010:   8e da ff 90 48 8b 84 24 a0 00 00 00 48 05 90 00
0x00007ffe35858020:   00 00 48 89 44 24 40 48 8b 84 24 a8 00 00 00 48
0x00007ffe35858030:   89 44 24 38 48 8d 54 24 38 48 8b 4c 24 40 e8 8d
0x00007ffe35858040:   8e da ff 90 48 8b 84 24 a8 00 00 00 48 8b 00 48
0x00007ffe35858050:   8b 8c 24 a8 00 00 00 ff 90 b0 00 00 00 83 f8 02
0x00007ffe35858060:   75 60 48 8b 84 24 a0 00 00 00 48 05 a8 00 00 00
0x00007ffe35858070:   48 89 44 24 50 48 8b 84 24 a8 00 00 00 48 89 44
0x00007ffe35858080:   24 48 48 8d 54 24 48 48 8b 4c 24 50 e8 3f 8e da
0x00007ffe35858090:   ff 90 48 8b 84 24 a0 00 00 00 48 05 c0 00 00 00
0x00007ffe358580a0:   48 89 44 24 60 48 8b 84 24 a8 00 00 00 48 89 44
0x00007ffe358580b0:   24 58 48 8d 54 24 58 48 8b 4c 24 60 e8 0f 8e da
0x00007ffe358580c0:   ff 90 48 8b 84 24 a0 00 00 00 48 83 c0 48 48 89 


Stack slot to memory mapping:
stack at sp + 0 slots: 0x000002a17b931650 points into unknown readable memory: 0x00007ffe36120f60 | 60 0f 12 36 fe 7f 00 00
stack at sp + 1 slots: 0x0 is NULL
stack at sp + 2 slots: 0x00007ffe355edae0 PulseJNI.dll
stack at sp + 3 slots: 0x000000000000000f is an unknown value
stack at sp + 4 slots: 0x00007ffe358a8a70 PulseJNI.dll
stack at sp + 5 slots: 0x00007ffe355e83a0 PulseJNI.dll
stack at sp + 6 slots: 0x0 is NULL
stack at sp + 7 slots: 0x000000000000000f is an unknown value


---------------  P R O C E S S  ---------------

Threads class SMR info:
_java_thread_list=0x000002a17d349b90, length=61, elements={
0x000002a177057580, 0x000002a1770616d0, 0x000002a1770b72a0, 0x000002a1770b9c70,
0x000002a1770ba620, 0x000002a1770bd7f0, 0x000002a1770c1df0, 0x000002a1770ca8a0,
0x000002a1770cba70, 0x000002a1773717e0, 0x000002a17738d030, 0x000002a178b48d80,
0x000002a17f17c610, 0x000002a17f361210, 0x000002a17f35fed0, 0x000002a17f362550,
0x000002a17f25cc00, 0x000002a17f258d70, 0x000002a1025f3940, 0x000002a1025ec0f0,
0x000002a17f257560, 0x000002a177ef5ea0, 0x000002a17f3603a0, 0x000002a17f362a20,
0x000002a177ef8050, 0x000002a177ef5500, 0x000002a17cfc9700, 0x000002a17cd39120,
0x000002a1025ee2a0, 0x000002a177ef76b0, 0x000002a177ef2010, 0x000002a177ef8520,
0x000002a177ef1b40, 0x000002a177ef5030, 0x000002a177ef29b0, 0x000002a177ef2e80,
0x000002a177ef4690, 0x000002a177ef4b60, 0x000002a177ef59d0, 0x000002a177ef6370,
0x000002a17cd3a460, 0x000002a17cd36f70, 0x000002a17cd3a930, 0x000002a17cd38780,
0x000002a17cd3c610, 0x000002a17cd3d480, 0x000002a17cd3ae00, 0x000002a17cd3b2d0,
0x000002a17cd37440, 0x000002a17cd38c50, 0x000002a17cd39ac0, 0x000002a17cd36100,
0x000002a17cd36aa0, 0x000002a17cd37910, 0x000002a17cfc9230, 0x000002a17cfc6bb0,
0x000002a17cfc9bd0, 0x000002a17cfcaf10, 0x000002a17cfc3b90, 0x000002a17cfc53a0,
0x000002a17cfc5d40
}

Java Threads: ( => current thread )
  0x000002a177057580 JavaThread "Reference Handler" daemon [_thread_blocked, id=13644, stack(0x000000bdb4200000,0x000000bdb4300000)]
  0x000002a1770616d0 JavaThread "Finalizer" daemon [_thread_blocked, id=7960, stack(0x000000bdb4300000,0x000000bdb4400000)]
  0x000002a1770b72a0 JavaThread "Signal Dispatcher" daemon [_thread_blocked, id=11924, stack(0x000000bdb4400000,0x000000bdb4500000)]
  0x000002a1770b9c70 JavaThread "Attach Listener" daemon [_thread_blocked, id=20220, stack(0x000000bdb4500000,0x000000bdb4600000)]
  0x000002a1770ba620 JavaThread "Service Thread" daemon [_thread_blocked, id=20608, stack(0x000000bdb4600000,0x000000bdb4700000)]
  0x000002a1770bd7f0 JavaThread "Monitor Deflation Thread" daemon [_thread_blocked, id=20912, stack(0x000000bdb4700000,0x000000bdb4800000)]
  0x000002a1770c1df0 JavaThread "C2 CompilerThread0" daemon [_thread_blocked, id=20696, stack(0x000000bdb4800000,0x000000bdb4900000)]
  0x000002a1770ca8a0 JavaThread "C1 CompilerThread0" daemon [_thread_blocked, id=18160, stack(0x000000bdb4900000,0x000000bdb4a00000)]
  0x000002a1770cba70 JavaThread "Sweeper thread" daemon [_thread_blocked, id=21148, stack(0x000000bdb4a00000,0x000000bdb4b00000)]
  0x000002a1773717e0 JavaThread "Notification Thread" daemon [_thread_blocked, id=13752, stack(0x000000bdb4b00000,0x000000bdb4c00000)]
  0x000002a17738d030 JavaThread "Common-Cleaner" daemon [_thread_blocked, id=15452, stack(0x000000bdb4d00000,0x000000bdb4e00000)]
  0x000002a178b48d80 JavaThread "JNA Cleaner" daemon [_thread_blocked, id=3736, stack(0x000000bdb4e00000,0x000000bdb4f00000)]
  0x000002a17f17c610 JavaThread "ForkJoinPool.commonPool-worker-1" daemon [_thread_blocked, id=17780, stack(0x000000bdb6100000,0x000000bdb6200000)]
  0x000002a17f361210 JavaThread "ForkJoinPool.commonPool-worker-3" daemon [_thread_blocked, id=21124, stack(0x000000bdb6300000,0x000000bdb6400000)]
  0x000002a17f35fed0 JavaThread "ForkJoinPool.commonPool-worker-4" daemon [_thread_blocked, id=1280, stack(0x000000bdb6800000,0x000000bdb6900000)]
  0x000002a17f362550 JavaThread "Live Reload Server" daemon [_thread_in_native, id=2128, stack(0x000000bdb6b00000,0x000000bdb6c00000)]
  0x000002a17f25cc00 JavaThread "Java2D Disposer" daemon [_thread_blocked, id=10272, stack(0x000000bdb7a00000,0x000000bdb7b00000)]
  0x000002a17f258d70 JavaThread "Live Reload #1" daemon [_thread_in_native, id=12560, stack(0x000000bdb7b00000,0x000000bdb7c00000)]
  0x000002a1025f3940 JavaThread "DestroyJavaVM" [_thread_blocked, id=9040, stack(0x000000bdb3b00000,0x000000bdb3c00000)]
  0x000002a1025ec0f0 JavaThread "ForkJoinPool.commonPool-worker-5" daemon [_thread_blocked, id=6452, stack(0x000000bdb6500000,0x000000bdb6600000)]
  0x000002a17f257560 JavaThread "ForkJoinPool.commonPool-worker-6" daemon [_thread_blocked, id=19112, stack(0x000000bdb7f00000,0x000000bdb8000000)]
  0x000002a177ef5ea0 JavaThread "ForkJoinPool.commonPool-worker-18" daemon [_thread_blocked, id=11220, stack(0x000000bdb4f00000,0x000000bdb5000000)]
  0x000002a17f3603a0 JavaThread "SwingWorker-pool-2-thread-1" daemon [_thread_blocked, id=9652, stack(0x000000bdb5500000,0x000000bdb5600000)]
  0x000002a17f362a20 JavaThread "AWT-Windows" daemon [_thread_in_native, id=17872, stack(0x000000bdb8900000,0x000000bdb8a00000)]
  0x000002a177ef8050 JavaThread "TimerQueue" daemon [_thread_blocked, id=16604, stack(0x000000bdb9400000,0x000000bdb9500000)]
  0x000002a177ef5500 JavaThread "ForkJoinPool.commonPool-worker-24" daemon [_thread_blocked, id=22368, stack(0x000000bdb3800000,0x000000bdb3900000)]
  0x000002a17cfc9700 JavaThread "ForkJoinPool.commonPool-worker-25" daemon [_thread_blocked, id=21816, stack(0x000000bdb7700000,0x000000bdb7800000)]
  0x000002a17cd39120 JavaThread "ForkJoinPool.commonPool-worker-26" daemon [_thread_blocked, id=9388, stack(0x000000bdb5600000,0x000000bdb5700000)]
  0x000002a1025ee2a0 JavaThread "ForkJoinPool.commonPool-worker-28" daemon [_thread_blocked, id=21104, stack(0x000000bdb5e00000,0x000000bdb5f00000)]
  0x000002a177ef76b0 JavaThread "ForkJoinPool.commonPool-worker-29" daemon [_thread_blocked, id=22432, stack(0x000000bdb5700000,0x000000bdb5800000)]
  0x000002a177ef2010 JavaThread "Catalina-utility-1" [_thread_blocked, id=10564, stack(0x000000bdb6000000,0x000000bdb6100000)]
  0x000002a177ef8520 JavaThread "Catalina-utility-2" [_thread_blocked, id=21288, stack(0x000000bdb6200000,0x000000bdb6300000)]
  0x000002a177ef1b40 JavaThread "container-0" [_thread_blocked, id=3524, stack(0x000000bdb6400000,0x000000bdb6500000)]
  0x000002a177ef5030 JavaThread "File Watcher" daemon [_thread_blocked, id=6288, stack(0x000000bdb6600000,0x000000bdb6700000)]
  0x000002a177ef29b0 JavaThread "Atmosphere-Scheduler-0" daemon [_thread_blocked, id=21020, stack(0x000000bdb6700000,0x000000bdb6800000)]
  0x000002a177ef2e80 JavaThread "Atmosphere-Shared-0" daemon [_thread_blocked, id=13640, stack(0x000000bdb6a00000,0x000000bdb6b00000)]
  0x000002a177ef4690 JavaThread "http-nio-8080-exec-1" daemon [_thread_blocked, id=17648, stack(0x000000bdb6d00000,0x000000bdb6e00000)]
  0x000002a177ef4b60 JavaThread "http-nio-8080-exec-2" daemon [_thread_blocked, id=16280, stack(0x000000bdb6e00000,0x000000bdb6f00000)]
  0x000002a177ef59d0 JavaThread "http-nio-8080-exec-3" daemon [_thread_blocked, id=15560, stack(0x000000bdb6f00000,0x000000bdb7000000)]
  0x000002a177ef6370 JavaThread "http-nio-8080-exec-4" daemon [_thread_blocked, id=21784, stack(0x000000bdb7000000,0x000000bdb7100000)]
  0x000002a17cd3a460 JavaThread "http-nio-8080-exec-5" daemon [_thread_blocked, id=21968, stack(0x000000bdb7100000,0x000000bdb7200000)]
  0x000002a17cd36f70 JavaThread "http-nio-8080-exec-6" daemon [_thread_blocked, id=9588, stack(0x000000bdb7200000,0x000000bdb7300000)]
  0x000002a17cd3a930 JavaThread "http-nio-8080-exec-7" daemon [_thread_blocked, id=7504, stack(0x000000bdb7300000,0x000000bdb7400000)]
  0x000002a17cd38780 JavaThread "http-nio-8080-exec-8" daemon [_thread_blocked, id=22312, stack(0x000000bdb7400000,0x000000bdb7500000)]
  0x000002a17cd3c610 JavaThread "http-nio-8080-exec-9" daemon [_thread_blocked, id=7400, stack(0x000000bdb7500000,0x000000bdb7600000)]
  0x000002a17cd3d480 JavaThread "http-nio-8080-exec-10" daemon [_thread_blocked, id=5132, stack(0x000000bdb7600000,0x000000bdb7700000)]
  0x000002a17cd3ae00 JavaThread "http-nio-8080-Poller" daemon [_thread_in_native, id=21940, stack(0x000000bdb7800000,0x000000bdb7900000)]
  0x000002a17cd3b2d0 JavaThread "http-nio-8080-Acceptor" daemon [_thread_in_native, id=1532, stack(0x000000bdb7900000,0x000000bdb7a00000)]
  0x000002a17cd37440 JavaThread "FileSystemWatchService" daemon [_thread_in_native, id=13892, stack(0x000000bdb7c00000,0x000000bdb7d00000)]
  0x000002a17cd38c50 JavaThread "HttpClient-171-SelectorManager" daemon [_thread_in_native, id=18200, stack(0x000000bdb8100000,0x000000bdb8200000)]
  0x000002a17cd39ac0 JavaThread "HttpClient-172-SelectorManager" daemon [_thread_in_native, id=11444, stack(0x000000bdb8200000,0x000000bdb8300000)]
  0x000002a17cd36100 JavaThread "HttpClient-173-SelectorManager" daemon [_thread_in_native, id=12020, stack(0x000000bdb8300000,0x000000bdb8400000)]
  0x000002a17cd36aa0 JavaThread "HttpClient-174-SelectorManager" daemon [_thread_in_native, id=8752, stack(0x000000bdb8400000,0x000000bdb8500000)]
  0x000002a17cd37910 JavaThread "HttpClient-175-SelectorManager" daemon [_thread_in_native, id=18940, stack(0x000000bdb8500000,0x000000bdb8600000)]
  0x000002a17cfc9230 JavaThread "WebSocket background processing" daemon [_thread_blocked, id=9916, stack(0x000000bdb8c00000,0x000000bdb8d00000)]
  0x000002a17cfc6bb0 JavaThread "HttpClient-171-Worker-0" daemon [_thread_blocked, id=17636, stack(0x000000bdb8e00000,0x000000bdb8f00000)]
  0x000002a17cfc9bd0 JavaThread "HttpClient-171-Worker-1" daemon [_thread_blocked, id=6832, stack(0x000000bdb8f00000,0x000000bdb9000000)]
  0x000002a17cfcaf10 JavaThread "Atmosphere-Scheduler-12" daemon [_thread_blocked, id=12120, stack(0x000000bdb9100000,0x000000bdb9200000)]
=>0x000002a17cfc3b90 JavaThread "SwingWorker-pool-2-thread-2" daemon [_thread_in_native, id=15112, stack(0x000000bdb5f00000,0x000000bdb6000000)]
  0x000002a17cfc53a0 JavaThread "AWT-Shutdown" [_thread_blocked, id=16768, stack(0x000000bdb6900000,0x000000bdb6a00000)]
  0x000002a17cfc5d40 JavaThread "AWT-EventQueue-0" [_thread_blocked, id=22328, stack(0x000000bdb6c00000,0x000000bdb6d00000)]

Other Threads:
  0x000002a177052ce0 VMThread "VM Thread" [stack: 0x000000bdb4100000,0x000000bdb4200000] [id=10692]
  0x000002a1574c2fa0 WatcherThread [stack: 0x000000bdb4c00000,0x000000bdb4d00000] [id=21352]
  0x000002a1574a3bd0 GCTaskThread "GC Thread#0" [stack: 0x000000bdb3c00000,0x000000bdb3d00000] [id=12444]
  0x000002a177bc7560 GCTaskThread "GC Thread#1" [stack: 0x000000bdb5000000,0x000000bdb5100000] [id=14908]
  0x000002a177b99c20 GCTaskThread "GC Thread#2" [stack: 0x000000bdb5100000,0x000000bdb5200000] [id=2240]
  0x000002a177f5fa40 GCTaskThread "GC Thread#3" [stack: 0x000000bdb5200000,0x000000bdb5300000] [id=5780]
  0x000002a177e38700 GCTaskThread "GC Thread#4" [stack: 0x000000bdb5300000,0x000000bdb5400000] [id=8008]
  0x000002a177f11640 GCTaskThread "GC Thread#5" [stack: 0x000000bdb5400000,0x000000bdb5500000] [id=10628]
  0x000002a1796898d0 GCTaskThread "GC Thread#6" [stack: 0x000000bdb5800000,0x000000bdb5900000] [id=3712]
  0x000002a1794d3040 GCTaskThread "GC Thread#7" [stack: 0x000000bdb5900000,0x000000bdb5a00000] [id=10744]
  0x000002a17975a0a0 GCTaskThread "GC Thread#8" [stack: 0x000000bdb5a00000,0x000000bdb5b00000] [id=11096]
  0x000002a179db8fa0 GCTaskThread "GC Thread#9" [stack: 0x000000bdb5d00000,0x000000bdb5e00000] [id=21396]
  0x000002a1574b51f0 ConcurrentGCThread "G1 Main Marker" [stack: 0x000000bdb3d00000,0x000000bdb3e00000] [id=14472]
  0x000002a1574b6c10 ConcurrentGCThread "G1 Conc#0" [stack: 0x000000bdb3e00000,0x000000bdb3f00000] [id=22360]
  0x000002a1794d32f0 ConcurrentGCThread "G1 Conc#1" [stack: 0x000000bdb5b00000,0x000000bdb5c00000] [id=19948]
  0x000002a178a61070 ConcurrentGCThread "G1 Conc#2" [stack: 0x000000bdb5c00000,0x000000bdb5d00000] [id=15952]
  0x000002a1574de990 ConcurrentGCThread "G1 Refine#0" [stack: 0x000000bdb3f00000,0x000000bdb4000000] [id=10464]
  0x000002a176228540 ConcurrentGCThread "G1 Service" [stack: 0x000000bdb4000000,0x000000bdb4100000] [id=21372]

Threads with active compile tasks:

VM state: not at safepoint (normal execution)

VM Mutex/Monitor currently owned by a thread: None

Heap address: 0x0000000700c00000, size: 4084 MB, Compressed Oops mode: Zero based, Oop shift amount: 3

CDS archive(s) not mapped
Compressed class space mapped at: 0x0000000800000000-0x0000000840000000, reserved size: 1073741824
Narrow klass base: 0x0000000800000000, Narrow klass shift: 0, Narrow klass range: 0x40000000

GC Precious Log:
 CPUs: 12 total, 12 available
 Memory: 16334M
 Large Page Support: Disabled
 NUMA Support: Disabled
 Compressed Oops: Enabled (Zero based)
 Heap Region Size: 2M
 Heap Min Capacity: 8M
 Heap Initial Capacity: 256M
 Heap Max Capacity: 4084M
 Pre-touch: Disabled
 Parallel Workers: 10
 Concurrent Workers: 3
 Concurrent Refinement Workers: 10
 Periodic GC: Disabled

Heap:
 garbage-first heap   total 260096K, used 204206K [0x0000000700c00000, 0x0000000800000000)
  region size 2048K, 67 young (137216K), 2 survivors (4096K)
 Metaspace       used 101320K, committed 103040K, reserved 1146880K
  class space    used 12446K, committed 13376K, reserved 1048576K

Heap Regions: E=young(eden), S=young(survivor), O=old, HS=humongous(starts), HC=humongous(continues), CS=collection set, F=free, OA=open archive, CA=closed archive, TAMS=top-at-mark-start (previous, next)
|   0|0x0000000700c00000, 0x0000000700e00000, 0x0000000700e00000|100%| O|  |TAMS 0x0000000700e00000, 0x0000000700e00000| Untracked 
|   1|0x0000000700e00000, 0x0000000701000000, 0x0000000701000000|100%| O|  |TAMS 0x0000000701000000, 0x0000000701000000| Untracked 
|   2|0x0000000701000000, 0x0000000701200000, 0x0000000701200000|100%| O|  |TAMS 0x0000000701200000, 0x0000000701200000| Untracked 
|   3|0x0000000701200000, 0x0000000701400000, 0x0000000701400000|100%| O|  |TAMS 0x0000000701400000, 0x0000000701400000| Untracked 
|   4|0x0000000701400000, 0x00000007015ff250, 0x0000000701600000| 99%| O|  |TAMS 0x00000007015ff250, 0x00000007015ff250| Untracked 
|   5|0x0000000701600000, 0x00000007017fe088, 0x0000000701800000| 99%| O|  |TAMS 0x00000007017fe088, 0x00000007017fe088| Untracked 
|   6|0x0000000701800000, 0x00000007019fffe8, 0x0000000701a00000| 99%| O|  |TAMS 0x00000007019fffe8, 0x00000007019fffe8| Untracked 
|   7|0x0000000701a00000, 0x0000000701bfffc8, 0x0000000701c00000| 99%| O|  |TAMS 0x0000000701bfffc8, 0x0000000701bfffc8| Untracked 
|   8|0x0000000701c00000, 0x0000000701dffff0, 0x0000000701e00000| 99%| O|  |TAMS 0x0000000701dffff0, 0x0000000701dffff0| Untracked 
|   9|0x0000000701e00000, 0x0000000701ffffc8, 0x0000000702000000| 99%| O|  |TAMS 0x0000000701ffffc8, 0x0000000701ffffc8| Untracked 
|  10|0x0000000702000000, 0x00000007021ffff8, 0x0000000702200000| 99%| O|  |TAMS 0x00000007021ffff8, 0x00000007021ffff8| Untracked 
|  11|0x0000000702200000, 0x00000007023fffe8, 0x0000000702400000| 99%| O|  |TAMS 0x00000007023fffe8, 0x00000007023fffe8| Untracked 
|  12|0x0000000702400000, 0x00000007025ffff8, 0x0000000702600000| 99%| O|  |TAMS 0x00000007025ffff8, 0x00000007025ffff8| Untracked 
|  13|0x0000000702600000, 0x00000007027ffff8, 0x0000000702800000| 99%| O|  |TAMS 0x00000007027ffff8, 0x00000007027ffff8| Untracked 
|  14|0x0000000702800000, 0x00000007029ffff8, 0x0000000702a00000| 99%| O|  |TAMS 0x00000007029ffff8, 0x00000007029ffff8| Untracked 
|  15|0x0000000702a00000, 0x0000000702bffff0, 0x0000000702c00000| 99%| O|  |TAMS 0x0000000702bffff0, 0x0000000702bffff0| Untracked 
|  16|0x0000000702c00000, 0x0000000702dffff8, 0x0000000702e00000| 99%| O|  |TAMS 0x0000000702dffff8, 0x0000000702dffff8| Untracked 
|  17|0x0000000702e00000, 0x0000000702ff4dc8, 0x0000000703000000| 97%| O|  |TAMS 0x0000000702ff4dc8, 0x0000000702ff4dc8| Untracked 
|  18|0x0000000703000000, 0x0000000703200000, 0x0000000703200000|100%| O|  |TAMS 0x0000000703200000, 0x0000000703200000| Untracked 
|  19|0x0000000703200000, 0x0000000703400000, 0x0000000703400000|100%| O|  |TAMS 0x0000000703400000, 0x0000000703400000| Untracked 
|  20|0x0000000703400000, 0x0000000703567560, 0x0000000703600000| 70%| O|  |TAMS 0x0000000703567560, 0x0000000703567560| Untracked 
|  21|0x0000000703600000, 0x0000000703770c88, 0x0000000703800000| 72%| O|  |TAMS 0x0000000703770c88, 0x0000000703770c88| Untracked 
|  22|0x0000000703800000, 0x000000070394e9a0, 0x0000000703a00000| 65%| O|  |TAMS 0x000000070394e9a0, 0x000000070394e9a0| Untracked 
|  23|0x0000000703a00000, 0x0000000703bfffc8, 0x0000000703c00000| 99%| O|  |TAMS 0x0000000703bfffc8, 0x0000000703bfffc8| Untracked 
|  24|0x0000000703c00000, 0x0000000703ce39a0, 0x0000000703e00000| 44%| O|  |TAMS 0x0000000703ce39a0, 0x0000000703ce39a0| Untracked 
|  25|0x0000000703e00000, 0x0000000704000000, 0x0000000704000000|100%| O|  |TAMS 0x0000000704000000, 0x0000000704000000| Untracked 
|  26|0x0000000704000000, 0x0000000704189c60, 0x0000000704200000| 76%| O|  |TAMS 0x0000000704189c60, 0x0000000704189c60| Untracked 
|  27|0x0000000704200000, 0x00000007043fffd0, 0x0000000704400000| 99%| O|  |TAMS 0x00000007043fffd0, 0x00000007043fffd0| Untracked 
|  28|0x0000000704400000, 0x0000000704478670, 0x0000000704600000| 23%| O|  |TAMS 0x0000000704478670, 0x0000000704478670| Untracked 
|  29|0x0000000704600000, 0x00000007046e4000, 0x0000000704800000| 44%| O|  |TAMS 0x0000000704600000, 0x0000000704600000| Untracked 
|  30|0x0000000704800000, 0x0000000704a00000, 0x0000000704a00000|100%|HS|  |TAMS 0x0000000704800000, 0x0000000704800000| Complete 
|  31|0x0000000704a00000, 0x0000000704a00000, 0x0000000704c00000|  0%| F|  |TAMS 0x0000000704a00000, 0x0000000704a00000| Untracked 
|  32|0x0000000704c00000, 0x0000000704c00000, 0x0000000704e00000|  0%| F|  |TAMS 0x0000000704c00000, 0x0000000704c00000| Untracked 
|  33|0x0000000704e00000, 0x0000000704e00000, 0x0000000705000000|  0%| F|  |TAMS 0x0000000704e00000, 0x0000000704e00000| Untracked 
|  34|0x0000000705000000, 0x0000000705000000, 0x0000000705200000|  0%| F|  |TAMS 0x0000000705000000, 0x0000000705000000| Untracked 
|  35|0x0000000705200000, 0x0000000705400000, 0x0000000705400000|100%| O|  |TAMS 0x0000000705200000, 0x0000000705200000| Untracked 
|  36|0x0000000705400000, 0x0000000705600000, 0x0000000705600000|100%| O|  |TAMS 0x0000000705400000, 0x0000000705400000| Untracked 
|  37|0x0000000705600000, 0x0000000705800000, 0x0000000705800000|100%|HS|  |TAMS 0x0000000705600000, 0x0000000705600000| Complete 
|  38|0x0000000705800000, 0x0000000705a00000, 0x0000000705a00000|100%|HC|  |TAMS 0x0000000705800000, 0x0000000705800000| Complete 
|  39|0x0000000705a00000, 0x0000000705c00000, 0x0000000705c00000|100%|HC|  |TAMS 0x0000000705a00000, 0x0000000705a00000| Complete 
|  40|0x0000000705c00000, 0x0000000705e00000, 0x0000000705e00000|100%|HC|  |TAMS 0x0000000705c00000, 0x0000000705c00000| Complete 
|  41|0x0000000705e00000, 0x0000000706000000, 0x0000000706000000|100%|HC|  |TAMS 0x0000000705e00000, 0x0000000705e00000| Complete 
|  42|0x0000000706000000, 0x0000000706000000, 0x0000000706200000|  0%| F|  |TAMS 0x0000000706000000, 0x0000000706000000| Untracked 
|  43|0x0000000706200000, 0x0000000706200000, 0x0000000706400000|  0%| F|  |TAMS 0x0000000706200000, 0x0000000706200000| Untracked 
|  44|0x0000000706400000, 0x0000000706400000, 0x0000000706600000|  0%| F|  |TAMS 0x0000000706400000, 0x0000000706400000| Untracked 
|  45|0x0000000706600000, 0x0000000706600000, 0x0000000706800000|  0%| F|  |TAMS 0x0000000706600000, 0x0000000706600000| Untracked 
|  46|0x0000000706800000, 0x0000000706800000, 0x0000000706a00000|  0%| F|  |TAMS 0x0000000706800000, 0x0000000706800000| Untracked 
|  47|0x0000000706a00000, 0x0000000706a00000, 0x0000000706c00000|  0%| F|  |TAMS 0x0000000706a00000, 0x0000000706a00000| Untracked 
|  48|0x0000000706c00000, 0x0000000706c00000, 0x0000000706e00000|  0%| F|  |TAMS 0x0000000706c00000, 0x0000000706c00000| Untracked 
|  49|0x0000000706e00000, 0x0000000706e00000, 0x0000000707000000|  0%| F|  |TAMS 0x0000000706e00000, 0x0000000706e00000| Untracked 
|  50|0x0000000707000000, 0x0000000707000000, 0x0000000707200000|  0%| F|  |TAMS 0x0000000707000000, 0x0000000707000000| Untracked 
|  51|0x0000000707200000, 0x0000000707200000, 0x0000000707400000|  0%| F|  |TAMS 0x0000000707200000, 0x0000000707200000| Untracked 
|  52|0x0000000707400000, 0x0000000707400000, 0x0000000707600000|  0%| F|  |TAMS 0x0000000707400000, 0x0000000707400000| Untracked 
|  53|0x0000000707600000, 0x0000000707600000, 0x0000000707800000|  0%| F|  |TAMS 0x0000000707600000, 0x0000000707600000| Untracked 
|  54|0x0000000707800000, 0x0000000707800000, 0x0000000707a00000|  0%| F|  |TAMS 0x0000000707800000, 0x0000000707800000| Untracked 
|  55|0x0000000707a00000, 0x0000000707a00000, 0x0000000707c00000|  0%| F|  |TAMS 0x0000000707a00000, 0x0000000707a00000| Untracked 
|  56|0x0000000707c00000, 0x0000000707c00000, 0x0000000707e00000|  0%| F|  |TAMS 0x0000000707c00000, 0x0000000707c00000| Untracked 
|  57|0x0000000707e00000, 0x0000000707e00000, 0x0000000708000000|  0%| F|  |TAMS 0x0000000707e00000, 0x0000000707e00000| Untracked 
|  58|0x0000000708000000, 0x0000000708000000, 0x0000000708200000|  0%| F|  |TAMS 0x0000000708000000, 0x0000000708000000| Untracked 
|  59|0x0000000708200000, 0x0000000708200000, 0x0000000708400000|  0%| F|  |TAMS 0x0000000708200000, 0x0000000708200000| Untracked 
|  60|0x0000000708400000, 0x00000007085e30b8, 0x0000000708600000| 94%| E|  |TAMS 0x0000000708400000, 0x0000000708400000| Complete 
|  61|0x0000000708600000, 0x0000000708800000, 0x0000000708800000|100%| E|CS|TAMS 0x0000000708600000, 0x0000000708600000| Complete 
|  62|0x0000000708800000, 0x0000000708a00000, 0x0000000708a00000|100%| E|CS|TAMS 0x0000000708800000, 0x0000000708800000| Complete 
|  63|0x0000000708a00000, 0x0000000708b89430, 0x0000000708c00000| 76%| S|CS|TAMS 0x0000000708a00000, 0x0000000708a00000| Complete 
|  64|0x0000000708c00000, 0x0000000708e00000, 0x0000000708e00000|100%| S|CS|TAMS 0x0000000708c00000, 0x0000000708c00000| Complete 
|  65|0x0000000708e00000, 0x0000000709000000, 0x0000000709000000|100%| E|CS|TAMS 0x0000000708e00000, 0x0000000708e00000| Complete 
|  66|0x0000000709000000, 0x0000000709200000, 0x0000000709200000|100%| E|CS|TAMS 0x0000000709000000, 0x0000000709000000| Complete 
|  67|0x0000000709200000, 0x0000000709400000, 0x0000000709400000|100%| E|CS|TAMS 0x0000000709200000, 0x0000000709200000| Complete 
|  68|0x0000000709400000, 0x0000000709600000, 0x0000000709600000|100%| E|CS|TAMS 0x0000000709400000, 0x0000000709400000| Complete 
|  69|0x0000000709600000, 0x0000000709800000, 0x0000000709800000|100%| E|CS|TAMS 0x0000000709600000, 0x0000000709600000| Complete 
|  70|0x0000000709800000, 0x0000000709a00000, 0x0000000709a00000|100%| E|CS|TAMS 0x0000000709800000, 0x0000000709800000| Complete 
|  71|0x0000000709a00000, 0x0000000709c00000, 0x0000000709c00000|100%| E|CS|TAMS 0x0000000709a00000, 0x0000000709a00000| Complete 
|  72|0x0000000709c00000, 0x0000000709e00000, 0x0000000709e00000|100%| E|CS|TAMS 0x0000000709c00000, 0x0000000709c00000| Complete 
|  73|0x0000000709e00000, 0x000000070a000000, 0x000000070a000000|100%| E|  |TAMS 0x0000000709e00000, 0x0000000709e00000| Complete 
|  74|0x000000070a000000, 0x000000070a200000, 0x000000070a200000|100%| E|CS|TAMS 0x000000070a000000, 0x000000070a000000| Complete 
|  75|0x000000070a200000, 0x000000070a400000, 0x000000070a400000|100%| E|CS|TAMS 0x000000070a200000, 0x000000070a200000| Complete 
|  76|0x000000070a400000, 0x000000070a600000, 0x000000070a600000|100%| E|CS|TAMS 0x000000070a400000, 0x000000070a400000| Complete 
|  77|0x000000070a600000, 0x000000070a800000, 0x000000070a800000|100%| E|CS|TAMS 0x000000070a600000, 0x000000070a600000| Complete 
|  78|0x000000070a800000, 0x000000070aa00000, 0x000000070aa00000|100%| E|CS|TAMS 0x000000070a800000, 0x000000070a800000| Complete 
|  79|0x000000070aa00000, 0x000000070ac00000, 0x000000070ac00000|100%| E|CS|TAMS 0x000000070aa00000, 0x000000070aa00000| Complete 
|  80|0x000000070ac00000, 0x000000070ae00000, 0x000000070ae00000|100%| E|CS|TAMS 0x000000070ac00000, 0x000000070ac00000| Complete 
|  81|0x000000070ae00000, 0x000000070b000000, 0x000000070b000000|100%| E|CS|TAMS 0x000000070ae00000, 0x000000070ae00000| Complete 
|  82|0x000000070b000000, 0x000000070b200000, 0x000000070b200000|100%| E|CS|TAMS 0x000000070b000000, 0x000000070b000000| Complete 
|  83|0x000000070b200000, 0x000000070b400000, 0x000000070b400000|100%| E|CS|TAMS 0x000000070b200000, 0x000000070b200000| Complete 
|  84|0x000000070b400000, 0x000000070b600000, 0x000000070b600000|100%| E|CS|TAMS 0x000000070b400000, 0x000000070b400000| Complete 
|  85|0x000000070b600000, 0x000000070b800000, 0x000000070b800000|100%| E|CS|TAMS 0x000000070b600000, 0x000000070b600000| Complete 
|  86|0x000000070b800000, 0x000000070ba00000, 0x000000070ba00000|100%| E|CS|TAMS 0x000000070b800000, 0x000000070b800000| Complete 
|  87|0x000000070ba00000, 0x000000070bc00000, 0x000000070bc00000|100%| E|CS|TAMS 0x000000070ba00000, 0x000000070ba00000| Complete 
|  88|0x000000070bc00000, 0x000000070be00000, 0x000000070be00000|100%| E|CS|TAMS 0x000000070bc00000, 0x000000070bc00000| Complete 
|  89|0x000000070be00000, 0x000000070c000000, 0x000000070c000000|100%| E|CS|TAMS 0x000000070be00000, 0x000000070be00000| Complete 
|  90|0x000000070c000000, 0x000000070c200000, 0x000000070c200000|100%| E|CS|TAMS 0x000000070c000000, 0x000000070c000000| Complete 
|  91|0x000000070c200000, 0x000000070c400000, 0x000000070c400000|100%| E|CS|TAMS 0x000000070c200000, 0x000000070c200000| Complete 
|  92|0x000000070c400000, 0x000000070c600000, 0x000000070c600000|100%| E|CS|TAMS 0x000000070c400000, 0x000000070c400000| Complete 
|  93|0x000000070c600000, 0x000000070c800000, 0x000000070c800000|100%| E|CS|TAMS 0x000000070c600000, 0x000000070c600000| Complete 
|  94|0x000000070c800000, 0x000000070ca00000, 0x000000070ca00000|100%| E|CS|TAMS 0x000000070c800000, 0x000000070c800000| Complete 
|  95|0x000000070ca00000, 0x000000070cc00000, 0x000000070cc00000|100%| E|CS|TAMS 0x000000070ca00000, 0x000000070ca00000| Complete 
|  96|0x000000070cc00000, 0x000000070ce00000, 0x000000070ce00000|100%| E|CS|TAMS 0x000000070cc00000, 0x000000070cc00000| Complete 
|  97|0x000000070ce00000, 0x000000070d000000, 0x000000070d000000|100%| E|CS|TAMS 0x000000070ce00000, 0x000000070ce00000| Complete 
|  98|0x000000070d000000, 0x000000070d200000, 0x000000070d200000|100%| E|CS|TAMS 0x000000070d000000, 0x000000070d000000| Complete 
|  99|0x000000070d200000, 0x000000070d400000, 0x000000070d400000|100%| E|CS|TAMS 0x000000070d200000, 0x000000070d200000| Complete 
| 100|0x000000070d400000, 0x000000070d600000, 0x000000070d600000|100%| E|CS|TAMS 0x000000070d400000, 0x000000070d400000| Complete 
| 101|0x000000070d600000, 0x000000070d800000, 0x000000070d800000|100%| E|CS|TAMS 0x000000070d600000, 0x000000070d600000| Complete 
| 102|0x000000070d800000, 0x000000070da00000, 0x000000070da00000|100%| E|CS|TAMS 0x000000070d800000, 0x000000070d800000| Complete 
| 103|0x000000070da00000, 0x000000070dc00000, 0x000000070dc00000|100%| E|CS|TAMS 0x000000070da00000, 0x000000070da00000| Complete 
| 104|0x000000070dc00000, 0x000000070de00000, 0x000000070de00000|100%| E|CS|TAMS 0x000000070dc00000, 0x000000070dc00000| Complete 
| 105|0x000000070de00000, 0x000000070e000000, 0x000000070e000000|100%| E|CS|TAMS 0x000000070de00000, 0x000000070de00000| Complete 
| 106|0x000000070e000000, 0x000000070e200000, 0x000000070e200000|100%| E|CS|TAMS 0x000000070e000000, 0x000000070e000000| Complete 
| 107|0x000000070e200000, 0x000000070e400000, 0x000000070e400000|100%| E|CS|TAMS 0x000000070e200000, 0x000000070e200000| Complete 
| 108|0x000000070e400000, 0x000000070e600000, 0x000000070e600000|100%| E|CS|TAMS 0x000000070e400000, 0x000000070e400000| Complete 
| 109|0x000000070e600000, 0x000000070e800000, 0x000000070e800000|100%| E|CS|TAMS 0x000000070e600000, 0x000000070e600000| Complete 
| 110|0x000000070e800000, 0x000000070ea00000, 0x000000070ea00000|100%| E|CS|TAMS 0x000000070e800000, 0x000000070e800000| Complete 
| 111|0x000000070ea00000, 0x000000070ec00000, 0x000000070ec00000|100%| E|CS|TAMS 0x000000070ea00000, 0x000000070ea00000| Complete 
| 112|0x000000070ec00000, 0x000000070ee00000, 0x000000070ee00000|100%| E|CS|TAMS 0x000000070ec00000, 0x000000070ec00000| Complete 
| 113|0x000000070ee00000, 0x000000070f000000, 0x000000070f000000|100%| E|CS|TAMS 0x000000070ee00000, 0x000000070ee00000| Complete 
| 114|0x000000070f000000, 0x000000070f200000, 0x000000070f200000|100%| E|CS|TAMS 0x000000070f000000, 0x000000070f000000| Complete 
| 115|0x000000070f200000, 0x000000070f400000, 0x000000070f400000|100%| E|CS|TAMS 0x000000070f200000, 0x000000070f200000| Complete 
| 116|0x000000070f400000, 0x000000070f600000, 0x000000070f600000|100%| E|CS|TAMS 0x000000070f400000, 0x000000070f400000| Complete 
| 117|0x000000070f600000, 0x000000070f800000, 0x000000070f800000|100%| E|CS|TAMS 0x000000070f600000, 0x000000070f600000| Complete 
| 118|0x000000070f800000, 0x000000070fa00000, 0x000000070fa00000|100%| E|CS|TAMS 0x000000070f800000, 0x000000070f800000| Complete 
| 119|0x000000070fa00000, 0x000000070fc00000, 0x000000070fc00000|100%| E|CS|TAMS 0x000000070fa00000, 0x000000070fa00000| Complete 
| 120|0x000000070fc00000, 0x000000070fe00000, 0x000000070fe00000|100%| E|CS|TAMS 0x000000070fc00000, 0x000000070fc00000| Complete 
| 121|0x000000070fe00000, 0x0000000710000000, 0x0000000710000000|100%| E|CS|TAMS 0x000000070fe00000, 0x000000070fe00000| Complete 
| 122|0x0000000710000000, 0x0000000710200000, 0x0000000710200000|100%| E|CS|TAMS 0x0000000710000000, 0x0000000710000000| Complete 
| 123|0x0000000710200000, 0x0000000710400000, 0x0000000710400000|100%| E|CS|TAMS 0x0000000710200000, 0x0000000710200000| Complete 
| 124|0x0000000710400000, 0x0000000710600000, 0x0000000710600000|100%| E|CS|TAMS 0x0000000710400000, 0x0000000710400000| Complete 
| 125|0x0000000710600000, 0x0000000710800000, 0x0000000710800000|100%| E|CS|TAMS 0x0000000710600000, 0x0000000710600000| Complete 
| 126|0x0000000710800000, 0x0000000710a00000, 0x0000000710a00000|100%| E|CS|TAMS 0x0000000710800000, 0x0000000710800000| Complete 

Card table byte_map: [0x000002a16a820000,0x000002a16b020000] _byte_map_base: 0x000002a16701a000

Marking Bits (Prev, Next): (CMBitMap*) 0x000002a1574a41e0, (CMBitMap*) 0x000002a1574a4220
 Prev Bits: [0x000002a16b820000, 0x000002a16f7f0000)
 Next Bits: [0x000002a16f7f0000, 0x000002a1737c0000)

Polling page: 0x000002a155270000

Metaspace:

Usage:
  Non-class:     86.79 MB used.
      Class:     12.15 MB used.
       Both:     98.95 MB used.

Virtual space:
  Non-class space:       96.00 MB reserved,      87.56 MB ( 91%) committed,  12 nodes.
      Class space:        1.00 GB reserved,      13.06 MB (  1%) committed,  1 nodes.
             Both:        1.09 GB reserved,     100.62 MB (  9%) committed. 

Chunk freelists:
   Non-Class:  3.96 MB
       Class:  2.87 MB
        Both:  6.83 MB

MaxMetaspaceSize: unlimited
CompressedClassSpaceSize: 1.00 GB
Initial GC threshold: 21.00 MB
Current GC threshold: 166.88 MB
CDS: off
MetaspaceReclaimPolicy: balanced
 - commit_granule_bytes: 65536.
 - commit_granule_words: 8192.
 - virtual_space_node_default_size: 1048576.
 - enlarge_chunks_in_place: 1.
 - new_chunks_are_fully_committed: 0.
 - uncommit_free_chunks: 1.
 - use_allocation_guard: 0.
 - handle_deallocations: 1.


Internal statistics:

num_allocs_failed_limit: 9.
num_arena_births: 2262.
num_arena_deaths: 48.
num_vsnodes_births: 13.
num_vsnodes_deaths: 0.
num_space_committed: 1609.
num_space_uncommitted: 0.
num_chunks_returned_to_freelist: 59.
num_chunks_taken_from_freelist: 6069.
num_chunk_merges: 9.
num_chunk_splits: 3771.
num_chunks_enlarged: 2257.
num_purges: 48.
num_inconsistent_stats: 0.

CodeHeap 'non-profiled nmethods': size=120000Kb used=17123Kb max_used=17123Kb free=102876Kb
 bounds [0x000002a1625a0000, 0x000002a163660000, 0x000002a169ad0000]
CodeHeap 'profiled nmethods': size=120000Kb used=32241Kb max_used=34580Kb free=87758Kb
 bounds [0x000002a15b070000, 0x000002a15d240000, 0x000002a1625a0000]
CodeHeap 'non-nmethods': size=5760Kb used=1403Kb max_used=1467Kb free=4356Kb
 bounds [0x000002a15aad0000, 0x000002a15ad40000, 0x000002a15b070000]
 total_blobs=16422 nmethods=15679 adapters=653
 compilation: enabled
              stopped_count=0, restarted_count=0
 full_count=0

Compilation events (20 events):
Event: 1781.581 Thread 0x000002a1770ca8a0 nmethod 20163 0x000002a15c851e90 code [0x000002a15c8520a0, 0x000002a15c852a88]
Event: 1782.621 Thread 0x000002a1770c1df0 20164       4       com.google.protobuf.GeneratedMessage$Builder::<init> (17 bytes)
Event: 1782.622 Thread 0x000002a1770ca8a0 20166       3       com.google.protobuf.GeneratedMessage$FieldAccessorTable$SingularFieldAccessor::get (11 bytes)
Event: 1782.623 Thread 0x000002a1770ca8a0 nmethod 20166 0x000002a15b202c10 code [0x000002a15b202dc0, 0x000002a15b203068]
Event: 1782.623 Thread 0x000002a1770ca8a0 20167       3       com.google.protobuf.GeneratedMessage$FieldAccessorTable$SingularFieldAccessor$ReflectionInvoker::get (13 bytes)
Event: 1782.623 Thread 0x000002a1770ca8a0 nmethod 20167 0x000002a15b696e10 code [0x000002a15b696fc0, 0x000002a15b6971a8]
Event: 1782.623 Thread 0x000002a1770ca8a0 20168       3       java.util.TreeMap::entrySet (27 bytes)
Event: 1782.623 Thread 0x000002a1770c1df0 nmethod 20164 0x000002a163369690 code [0x000002a163369800, 0x000002a163369a38]
Event: 1782.623 Thread 0x000002a1770c1df0 20165       4       com.google.protobuf.Descriptors$FieldDescriptor::isRepeated (19 bytes)
Event: 1782.623 Thread 0x000002a1770ca8a0 nmethod 20168 0x000002a15b0b7890 code [0x000002a15b0b7a60, 0x000002a15b0b7e58]
Event: 1782.623 Thread 0x000002a1770ca8a0 20172       3       jdk.internal.reflect.AccessorGenerator::emitMethod (276 bytes)
Event: 1782.623 Thread 0x000002a1770c1df0 nmethod 20165 0x000002a16352d310 code [0x000002a16352d480, 0x000002a16352d538]
Event: 1782.625 Thread 0x000002a1770ca8a0 nmethod 20172 0x000002a15ce4c290 code [0x000002a15ce4c860, 0x000002a15ce4f2d8]
Event: 1782.625 Thread 0x000002a1770ca8a0 20169       1       com.google.gson.stream.JsonWriter::setLenient (6 bytes)
Event: 1782.625 Thread 0x000002a1770ca8a0 nmethod 20169 0x000002a16352d010 code [0x000002a16352d1a0, 0x000002a16352d278]
Event: 1782.625 Thread 0x000002a1770ca8a0 20170       1       com.google.gson.stream.JsonWriter::setHtmlSafe (6 bytes)
Event: 1782.625 Thread 0x000002a1770ca8a0 nmethod 20170 0x000002a16352cd10 code [0x000002a16352cea0, 0x000002a16352cf78]
Event: 1782.625 Thread 0x000002a1770ca8a0 20171       1       com.google.gson.stream.JsonWriter::setSerializeNulls (6 bytes)
Event: 1782.625 Thread 0x000002a1770ca8a0 nmethod 20171 0x000002a16352ca10 code [0x000002a16352cba0, 0x000002a16352cc78]
Event: 1782.629 Thread 0x000002a1770c1df0 20173       4       org.apache.tomcat.util.http.parser.HttpParser::skipConstant (84 bytes)

GC Heap History (20 events):
Event: 1742.815 GC heap before
{Heap before GC invocations=455 (full 27):
 garbage-first heap   total 198656K, used 158202K [0x0000000700c00000, 0x0000000800000000)
  region size 2048K, 51 young (104448K), 3 survivors (6144K)
 Metaspace       used 101092K, committed 102784K, reserved 1138688K
  class space    used 12419K, committed 13312K, reserved 1048576K
}
Event: 1742.817 GC heap after
{Heap after GC invocations=456 (full 27):
 garbage-first heap   total 198656K, used 60409K [0x0000000700c00000, 0x0000000800000000)
  region size 2048K, 3 young (6144K), 3 survivors (6144K)
 Metaspace       used 101092K, committed 102784K, reserved 1138688K
  class space    used 12419K, committed 13312K, reserved 1048576K
}
Event: 1742.883 GC heap before
{Heap before GC invocations=456 (full 27):
 garbage-first heap   total 198656K, used 160761K [0x0000000700c00000, 0x0000000800000000)
  region size 2048K, 52 young (106496K), 3 survivors (6144K)
 Metaspace       used 101092K, committed 102784K, reserved 1138688K
  class space    used 12419K, committed 13312K, reserved 1048576K
}
Event: 1742.885 GC heap after
{Heap after GC invocations=457 (full 27):
 garbage-first heap   total 198656K, used 63091K [0x0000000700c00000, 0x0000000800000000)
  region size 2048K, 5 young (10240K), 5 survivors (10240K)
 Metaspace       used 101092K, committed 102784K, reserved 1138688K
  class space    used 12419K, committed 13312K, reserved 1048576K
}
Event: 1742.907 GC heap before
{Heap before GC invocations=457 (full 27):
 garbage-first heap   total 198656K, used 77427K [0x0000000700c00000, 0x0000000800000000)
  region size 2048K, 7 young (14336K), 5 survivors (10240K)
 Metaspace       used 101092K, committed 102784K, reserved 1138688K
  class space    used 12419K, committed 13312K, reserved 1048576K
}
Event: 1742.909 GC heap after
{Heap after GC invocations=458 (full 27):
 garbage-first heap   total 198656K, used 66118K [0x0000000700c00000, 0x0000000800000000)
  region size 2048K, 2 young (4096K), 2 survivors (4096K)
 Metaspace       used 101092K, committed 102784K, reserved 1138688K
  class space    used 12419K, committed 13312K, reserved 1048576K
}
Event: 1743.116 GC heap before
{Heap before GC invocations=458 (full 27):
 garbage-first heap   total 198656K, used 168518K [0x0000000700c00000, 0x0000000800000000)
  region size 2048K, 47 young (96256K), 2 survivors (4096K)
 Metaspace       used 101092K, committed 102784K, reserved 1138688K
  class space    used 12419K, committed 13312K, reserved 1048576K
}
Event: 1743.117 GC heap after
{Heap after GC invocations=459 (full 27):
 garbage-first heap   total 260096K, used 72592K [0x0000000700c00000, 0x0000000800000000)
  region size 2048K, 3 young (6144K), 3 survivors (6144K)
 Metaspace       used 101092K, committed 102784K, reserved 1138688K
  class space    used 12419K, committed 13312K, reserved 1048576K
}
Event: 1743.405 GC heap before
{Heap before GC invocations=459 (full 27):
 garbage-first heap   total 260096K, used 211856K [0x0000000700c00000, 0x0000000800000000)
  region size 2048K, 71 young (145408K), 3 survivors (6144K)
 Metaspace       used 101092K, committed 102784K, reserved 1138688K
  class space    used 12419K, committed 13312K, reserved 1048576K
}
Event: 1743.406 GC heap after
{Heap after GC invocations=460 (full 27):
 garbage-first heap   total 260096K, used 71882K [0x0000000700c00000, 0x0000000800000000)
  region size 2048K, 3 young (6144K), 3 survivors (6144K)
 Metaspace       used 101092K, committed 102784K, reserved 1138688K
  class space    used 12419K, committed 13312K, reserved 1048576K
}
Event: 1743.657 GC heap before
{Heap before GC invocations=460 (full 27):
 garbage-first heap   total 260096K, used 213194K [0x0000000700c00000, 0x0000000800000000)
  region size 2048K, 72 young (147456K), 3 survivors (6144K)
 Metaspace       used 101092K, committed 102784K, reserved 1138688K
  class space    used 12419K, committed 13312K, reserved 1048576K
}
Event: 1743.658 GC heap after
{Heap after GC invocations=461 (full 27):
 garbage-first heap   total 260096K, used 72491K [0x0000000700c00000, 0x0000000800000000)
  region size 2048K, 3 young (6144K), 3 survivors (6144K)
 Metaspace       used 101092K, committed 102784K, reserved 1138688K
  class space    used 12419K, committed 13312K, reserved 1048576K
}
Event: 1743.956 GC heap before
{Heap before GC invocations=461 (full 27):
 garbage-first heap   total 260096K, used 213803K [0x0000000700c00000, 0x0000000800000000)
  region size 2048K, 72 young (147456K), 3 survivors (6144K)
 Metaspace       used 101092K, committed 102784K, reserved 1138688K
  class space    used 12419K, committed 13312K, reserved 1048576K
}
Event: 1743.957 GC heap after
{Heap after GC invocations=462 (full 27):
 garbage-first heap   total 260096K, used 70800K [0x0000000700c00000, 0x0000000800000000)
  region size 2048K, 2 young (4096K), 2 survivors (4096K)
 Metaspace       used 101092K, committed 102784K, reserved 1138688K
  class space    used 12419K, committed 13312K, reserved 1048576K
}
Event: 1744.238 GC heap before
{Heap before GC invocations=462 (full 27):
 garbage-first heap   total 260096K, used 216208K [0x0000000700c00000, 0x0000000800000000)
  region size 2048K, 73 young (149504K), 2 survivors (4096K)
 Metaspace       used 101092K, committed 102784K, reserved 1138688K
  class space    used 12419K, committed 13312K, reserved 1048576K
}
Event: 1744.239 GC heap after
{Heap after GC invocations=463 (full 27):
 garbage-first heap   total 260096K, used 72324K [0x0000000700c00000, 0x0000000800000000)
  region size 2048K, 3 young (6144K), 3 survivors (6144K)
 Metaspace       used 101092K, committed 102784K, reserved 1138688K
  class space    used 12419K, committed 13312K, reserved 1048576K
}
Event: 1744.476 GC heap before
{Heap before GC invocations=463 (full 27):
 garbage-first heap   total 260096K, used 215684K [0x0000000700c00000, 0x0000000800000000)
  region size 2048K, 73 young (149504K), 3 survivors (6144K)
 Metaspace       used 101092K, committed 102784K, reserved 1138688K
  class space    used 12419K, committed 13312K, reserved 1048576K
}
Event: 1744.479 GC heap after
{Heap after GC invocations=464 (full 27):
 garbage-first heap   total 260096K, used 81017K [0x0000000700c00000, 0x0000000800000000)
  region size 2048K, 7 young (14336K), 7 survivors (14336K)
 Metaspace       used 101092K, committed 102784K, reserved 1138688K
  class space    used 12419K, committed 13312K, reserved 1048576K
}
Event: 1744.693 GC heap before
{Heap before GC invocations=464 (full 27):
 garbage-first heap   total 260096K, used 207993K [0x0000000700c00000, 0x0000000800000000)
  region size 2048K, 69 young (141312K), 7 survivors (14336K)
 Metaspace       used 101092K, committed 102784K, reserved 1138688K
  class space    used 12419K, committed 13312K, reserved 1048576K
}
Event: 1744.695 GC heap after
{Heap after GC invocations=465 (full 27):
 garbage-first heap   total 260096K, used 73134K [0x0000000700c00000, 0x0000000800000000)
  region size 2048K, 2 young (4096K), 2 survivors (4096K)
 Metaspace       used 101092K, committed 102784K, reserved 1138688K
  class space    used 12419K, committed 13312K, reserved 1048576K
}

Deoptimization events (20 events):
Event: 1742.751 Thread 0x000002a177ef6d10 DEOPT PACKING pc=0x000002a16346b7cc sp=0x000000bdb5ffdb70
Event: 1742.751 Thread 0x000002a177ef6d10 DEOPT UNPACKING pc=0x000002a15ab223a3 sp=0x000000bdb5ffdb18 mode 2
Event: 1753.261 Thread 0x000002a17cd3c610 Uncommon trap: trap_request=0xffffff45 fr.pc=0x000002a16281925c relative=0x00000000000001bc
Event: 1753.261 Thread 0x000002a17cd3c610 Uncommon trap: reason=unstable_if action=reinterpret pc=0x000002a16281925c method=java.util.ArrayDeque.addFirst(Ljava/lang/Object;)V @ 42 c2
Event: 1753.261 Thread 0x000002a17cd3c610 DEOPT PACKING pc=0x000002a16281925c sp=0x000000bdb75fb490
Event: 1753.261 Thread 0x000002a17cd3c610 DEOPT UNPACKING pc=0x000002a15ab223a3 sp=0x000000bdb75fb430 mode 2
Event: 1762.137 Thread 0x000002a17cd3d480 Uncommon trap: trap_request=0xffffffde fr.pc=0x000002a16305262c relative=0x0000000000003b4c
Event: 1762.137 Thread 0x000002a17cd3d480 Uncommon trap: reason=class_check action=maybe_recompile pc=0x000002a16305262c method=com.vaadin.flow.internal.StateNode.setParent(Lcom/vaadin/flow/internal/StateNode;)V @ 116 c2
Event: 1762.137 Thread 0x000002a17cd3d480 DEOPT PACKING pc=0x000002a16305262c sp=0x000000bdb76fb930
Event: 1762.137 Thread 0x000002a17cd3d480 DEOPT UNPACKING pc=0x000002a15ab223a3 sp=0x000000bdb76fb6b8 mode 2
Event: 1762.137 Thread 0x000002a17cd3d480 Uncommon trap: trap_request=0xffffffde fr.pc=0x000002a162f52260 relative=0x0000000000001680
Event: 1762.137 Thread 0x000002a17cd3d480 Uncommon trap: reason=class_check action=maybe_recompile pc=0x000002a162f52260 method=com.vaadin.flow.internal.nodefeature.NodeList.addChange(Lcom/vaadin/flow/internal/change/AbstractListChange;)V @ 54 c2
Event: 1762.137 Thread 0x000002a17cd3d480 DEOPT PACKING pc=0x000002a162f52260 sp=0x000000bdb76fb5d0
Event: 1762.137 Thread 0x000002a17cd3d480 DEOPT UNPACKING pc=0x000002a15ab223a3 sp=0x000000bdb76fb598 mode 2
Event: 1762.137 Thread 0x000002a17cd3d480 Uncommon trap: trap_request=0xffffffde fr.pc=0x000002a16305262c relative=0x0000000000003b4c
Event: 1762.137 Thread 0x000002a17cd3d480 Uncommon trap: reason=class_check action=maybe_recompile pc=0x000002a16305262c method=com.vaadin.flow.internal.StateNode.setParent(Lcom/vaadin/flow/internal/StateNode;)V @ 116 c2
Event: 1762.137 Thread 0x000002a17cd3d480 DEOPT PACKING pc=0x000002a16305262c sp=0x000000bdb76fb930
Event: 1762.137 Thread 0x000002a17cd3d480 DEOPT UNPACKING pc=0x000002a15ab223a3 sp=0x000000bdb76fb6b8 mode 2
Event: 1782.623 Thread 0x000002a17cfc3b90 DEOPT PACKING pc=0x000002a15c7e9dd0 sp=0x000000bdb5ffe370
Event: 1782.623 Thread 0x000002a17cfc3b90 DEOPT UNPACKING pc=0x000002a15ab22b43 sp=0x000000bdb5ffd840 mode 0

Classes unloaded (20 events):
Event: 523.050 Thread 0x000002a177052ce0 Unloading class 0x00000008009e2000 'org/apache/catalina/loader/JdbcLeakPrevention'
Event: 587.140 Thread 0x000002a177052ce0 Unloading class 0x00000008009f8000 'org/apache/catalina/loader/JdbcLeakPrevention'
Event: 628.568 Thread 0x000002a177052ce0 Unloading class 0x0000000800a11800 'org/apache/catalina/loader/JdbcLeakPrevention'
Event: 651.347 Thread 0x000002a177052ce0 Unloading class 0x0000000800a24c00 'org/apache/catalina/loader/JdbcLeakPrevention'
Event: 668.962 Thread 0x000002a177052ce0 Unloading class 0x0000000800a38000 'org/apache/catalina/loader/JdbcLeakPrevention'
Event: 1020.050 Thread 0x000002a177052ce0 Unloading class 0x0000000800a4c000 'org/apache/catalina/loader/JdbcLeakPrevention'
Event: 1053.180 Thread 0x000002a177052ce0 Unloading class 0x0000000800a6c000 'org/apache/catalina/loader/JdbcLeakPrevention'
Event: 1070.800 Thread 0x000002a177052ce0 Unloading class 0x0000000800a80800 'org/apache/catalina/loader/JdbcLeakPrevention'
Event: 1096.691 Thread 0x000002a177052ce0 Unloading class 0x0000000800a94000 'org/apache/catalina/loader/JdbcLeakPrevention'
Event: 1160.804 Thread 0x000002a177052ce0 Unloading class 0x0000000800aac000 'org/apache/catalina/loader/JdbcLeakPrevention'
Event: 1212.440 Thread 0x000002a177052ce0 Unloading class 0x0000000800b18c00 'org/apache/catalina/loader/JdbcLeakPrevention'
Event: 1473.678 Thread 0x000002a177052ce0 Unloading class 0x0000000800c60000 'org/apache/catalina/loader/JdbcLeakPrevention'
Event: 1489.683 Thread 0x000002a177052ce0 Unloading class 0x0000000800c70000 'org/apache/catalina/loader/JdbcLeakPrevention'
Event: 1509.407 Thread 0x000002a177052ce0 Unloading class 0x0000000800c84000 'org/apache/catalina/loader/JdbcLeakPrevention'
Event: 1549.760 Thread 0x000002a177052ce0 Unloading class 0x0000000800c98000 'org/apache/catalina/loader/JdbcLeakPrevention'
Event: 1624.034 Thread 0x000002a177052ce0 Unloading class 0x0000000800cac000 'org/apache/catalina/loader/JdbcLeakPrevention'
Event: 1656.159 Thread 0x000002a177052ce0 Unloading class 0x0000000800cc0000 'org/apache/catalina/loader/JdbcLeakPrevention'
Event: 1661.406 Thread 0x000002a177052ce0 Unloading class 0x0000000800cd0000 'org/apache/catalina/loader/JdbcLeakPrevention'
Event: 1673.893 Thread 0x000002a177052ce0 Unloading class 0x0000000800ce4000 'org/apache/catalina/loader/JdbcLeakPrevention'
Event: 1742.066 Thread 0x000002a177052ce0 Unloading class 0x0000000800cf8000 'org/apache/catalina/loader/JdbcLeakPrevention'

Classes redefined (0 events):
No events

Internal exceptions (20 events):
Event: 1742.294 Thread 0x000002a177ef6d10 Exception <a 'sun/nio/fs/WindowsException'{0x000000070a6bb508}> (0x000000070a6bb508) 
thrown [s\src\hotspot\share\prims\jni.cpp, line 516]
Event: 1742.306 Thread 0x000002a177ef6d10 Exception <a 'sun/nio/fs/WindowsException'{0x000000070a7027c8}> (0x000000070a7027c8) 
thrown [s\src\hotspot\share\prims\jni.cpp, line 516]
Event: 1742.306 Thread 0x000002a177ef6d10 Exception <a 'sun/nio/fs/WindowsException'{0x000000070a705ff0}> (0x000000070a705ff0) 
thrown [s\src\hotspot\share\prims\jni.cpp, line 516]
Event: 1742.317 Thread 0x000002a177ef6d10 Exception <a 'sun/nio/fs/WindowsException'{0x000000070a3f4448}> (0x000000070a3f4448) 
thrown [s\src\hotspot\share\prims\jni.cpp, line 516]
Event: 1742.317 Thread 0x000002a177ef6d10 Exception <a 'sun/nio/fs/WindowsException'{0x000000070a3f7c70}> (0x000000070a3f7c70) 
thrown [s\src\hotspot\share\prims\jni.cpp, line 516]
Event: 1742.317 Thread 0x000002a177ef6d10 Exception <a 'sun/nio/fs/WindowsException'{0x000000070a01a7e8}> (0x000000070a01a7e8) 
thrown [s\src\hotspot\share\prims\jni.cpp, line 516]
Event: 1742.318 Thread 0x000002a177ef6d10 Exception <a 'sun/nio/fs/WindowsException'{0x000000070a01e010}> (0x000000070a01e010) 
thrown [s\src\hotspot\share\prims\jni.cpp, line 516]
Event: 1742.440 Thread 0x000002a177ef6d10 Exception <a 'sun/nio/fs/WindowsException'{0x000000070cc022e0}> (0x000000070cc022e0) 
thrown [s\src\hotspot\share\prims\jni.cpp, line 516]
Event: 1742.461 Thread 0x000002a177ef6d10 Exception <a 'sun/nio/fs/WindowsException'{0x000000070c2fb448}> (0x000000070c2fb448) 
thrown [s\src\hotspot\share\prims\jni.cpp, line 516]
Event: 1742.473 Thread 0x000002a177ef6d10 Exception <a 'sun/nio/fs/WindowsException'{0x000000070c17d7d8}> (0x000000070c17d7d8) 
thrown [s\src\hotspot\share\prims\jni.cpp, line 516]
Event: 1742.601 Thread 0x000002a177ef6d10 Exception <a 'sun/nio/fs/WindowsException'{0x000000070bf6e4a8}> (0x000000070bf6e4a8) 
thrown [s\src\hotspot\share\prims\jni.cpp, line 516]
Event: 1742.609 Thread 0x000002a177ef6d10 Exception <a 'sun/nio/fs/WindowsException'{0x000000070bbaac90}> (0x000000070bbaac90) 
thrown [s\src\hotspot\share\prims\jni.cpp, line 516]
Event: 1742.747 Thread 0x000002a177ef6d10 Exception <a 'sun/nio/fs/WindowsException'{0x0000000709e95970}> (0x0000000709e95970) 
thrown [s\src\hotspot\share\prims\jni.cpp, line 516]
Event: 1742.748 Thread 0x000002a177ef6d10 Exception <a 'sun/nio/fs/WindowsException'{0x0000000709e99198}> (0x0000000709e99198) 
thrown [s\src\hotspot\share\prims\jni.cpp, line 516]
Event: 1742.789 Thread 0x000002a177ef6d10 Exception <a 'java/io/FileNotFoundException'{0x0000000708c4c130}> (0x0000000708c4c130) 
thrown [s\src\hotspot\share\prims\jni.cpp, line 516]
Event: 1742.790 Thread 0x000002a177ef6d10 Exception <a 'java/io/FileNotFoundException'{0x0000000708c58b10}> (0x0000000708c58b10) 
thrown [s\src\hotspot\share\prims\jni.cpp, line 516]
Event: 1744.767 Thread 0x000002a177ef6d10 Exception <a 'sun/nio/fs/WindowsException'{0x000000070e023210}> (0x000000070e023210) 
thrown [s\src\hotspot\share\prims\jni.cpp, line 516]
Event: 1744.767 Thread 0x000002a177ef6d10 Exception <a 'sun/nio/fs/WindowsException'{0x000000070e0234b0}> (0x000000070e0234b0) 
thrown [s\src\hotspot\share\prims\jni.cpp, line 516]
Event: 1744.767 Thread 0x000002a177ef6d10 Exception <a 'sun/nio/fs/WindowsException'{0x000000070e0240b0}> (0x000000070e0240b0) 
thrown [s\src\hotspot\share\prims\jni.cpp, line 516]
Event: 1744.767 Thread 0x000002a177ef6d10 Exception <a 'sun/nio/fs/WindowsException'{0x000000070e024350}> (0x000000070e024350) 
thrown [s\src\hotspot\share\prims\jni.cpp, line 516]

VM Operations (20 events):
Event: 1743.657 Executing VM operation: G1CollectForAllocation
Event: 1743.658 Executing VM operation: G1CollectForAllocation done
Event: 1743.956 Executing VM operation: G1CollectForAllocation
Event: 1743.957 Executing VM operation: G1CollectForAllocation done
Event: 1744.238 Executing VM operation: G1CollectForAllocation
Event: 1744.239 Executing VM operation: G1CollectForAllocation done
Event: 1744.476 Executing VM operation: G1CollectForAllocation
Event: 1744.479 Executing VM operation: G1CollectForAllocation done
Event: 1744.693 Executing VM operation: G1CollectForAllocation
Event: 1744.695 Executing VM operation: G1CollectForAllocation done
Event: 1745.708 Executing VM operation: Cleanup
Event: 1745.708 Executing VM operation: Cleanup done
Event: 1747.725 Executing VM operation: Cleanup
Event: 1747.725 Executing VM operation: Cleanup done
Event: 1763.884 Executing VM operation: Cleanup
Event: 1763.884 Executing VM operation: Cleanup done
Event: 1775.964 Executing VM operation: Cleanup
Event: 1775.964 Executing VM operation: Cleanup done
Event: 1782.009 Executing VM operation: Cleanup
Event: 1782.009 Executing VM operation: Cleanup done

Events (20 events):
Event: 1744.965 Thread 0x000002a17cd3bc70 Thread exited: 0x000002a17cd3bc70
Event: 1744.968 Thread 0x000002a17cfc8890 Thread added: 0x000002a17cfc8890
Event: 1744.969 Thread 0x000002a17cfc6bb0 Thread added: 0x000002a17cfc6bb0
Event: 1745.102 Thread 0x000002a17cfc9bd0 Thread added: 0x000002a17cfc9bd0
Event: 1745.292 Thread 0x000002a17cfca0a0 Thread added: 0x000002a17cfca0a0
Event: 1749.966 Thread 0x000002a17cfc53a0 Thread exited: 0x000002a17cfc53a0
Event: 1772.796 Thread 0x000002a177ef41c0 Thread exited: 0x000002a177ef41c0
Event: 1772.796 Thread 0x000002a17cfcaf10 Thread added: 0x000002a17cfcaf10
Event: 1774.940 Thread 0x000002a17cd382b0 Thread exited: 0x000002a17cd382b0
Event: 1774.940 Thread 0x000002a17cd37de0 Thread exited: 0x000002a17cd37de0
Event: 1774.940 Thread 0x000002a17cd3c140 Thread exited: 0x000002a17cd3c140
Event: 1774.956 Thread 0x000002a17cfcaa40 Thread exited: 0x000002a17cfcaa40
Event: 1774.956 Thread 0x000002a17cfc7ef0 Thread exited: 0x000002a17cfc7ef0
Event: 1774.956 Thread 0x000002a17cfc7550 Thread exited: 0x000002a17cfc7550
Event: 1774.956 Thread 0x000002a17cfc5d40 Thread exited: 0x000002a17cfc5d40
Event: 1774.956 Thread 0x000002a17cd395f0 Thread exited: 0x000002a17cd395f0
Event: 1774.973 Thread 0x000002a17cfc8890 Thread exited: 0x000002a17cfc8890
Event: 1775.083 Thread 0x000002a17cd3d950 Thread exited: 0x000002a17cd3d950
Event: 1775.303 Thread 0x000002a17cfca0a0 Thread exited: 0x000002a17cfca0a0
Event: 1782.619 Thread 0x000002a17cfc3b90 Thread added: 0x000002a17cfc3b90


Dynamic libraries:
0x00007ff7919b0000 - 0x00007ff7919be000 	C:\Users\giona\.p2\pool\plugins\org.eclipse.justj.openjdk.hotspot.jre.full.win32.x86_64_17.0.4.v20220805-1047\jre\bin\javaw.exe
0x00007ffed6c10000 - 0x00007ffed6e27000 	C:\WINDOWS\SYSTEM32\ntdll.dll
0x00007ffed55e0000 - 0x00007ffed56a4000 	C:\WINDOWS\System32\KERNEL32.DLL
0x00007ffed4130000 - 0x00007ffed44e7000 	C:\WINDOWS\System32\KERNELBASE.dll
0x00007ffed4820000 - 0x00007ffed4931000 	C:\WINDOWS\System32\ucrtbase.dll
0x00007ffebb510000 - 0x00007ffebb528000 	C:\Users\giona\.p2\pool\plugins\org.eclipse.justj.openjdk.hotspot.jre.full.win32.x86_64_17.0.4.v20220805-1047\jre\bin\jli.dll
0x00007ffeb5370000 - 0x00007ffeb5389000 	C:\Users\giona\.p2\pool\plugins\org.eclipse.justj.openjdk.hotspot.jre.full.win32.x86_64_17.0.4.v20220805-1047\jre\bin\VCRUNTIME140.dll
0x00007ffed4a50000 - 0x00007ffed4bff000 	C:\WINDOWS\System32\USER32.dll
0x00007ffed4100000 - 0x00007ffed4126000 	C:\WINDOWS\System32\win32u.dll
0x00007ffec0020000 - 0x00007ffec02b3000 	C:\WINDOWS\WinSxS\amd64_microsoft.windows.common-controls_6595b64144ccf1df_6.0.22621.3672_none_2713b9d173822955\COMCTL32.dll
0x00007ffed69f0000 - 0x00007ffed6a19000 	C:\WINDOWS\System32\GDI32.dll
0x00007ffed3fe0000 - 0x00007ffed40f8000 	C:\WINDOWS\System32\gdi32full.dll
0x00007ffed4db0000 - 0x00007ffed4e57000 	C:\WINDOWS\System32\msvcrt.dll
0x00007ffed4560000 - 0x00007ffed45fa000 	C:\WINDOWS\System32\msvcp_win.dll
0x00007ffed4a00000 - 0x00007ffed4a31000 	C:\WINDOWS\System32\IMM32.DLL
0x00007ffecd3b0000 - 0x00007ffecd3bc000 	C:\Users\giona\.p2\pool\plugins\org.eclipse.justj.openjdk.hotspot.jre.full.win32.x86_64_17.0.4.v20220805-1047\jre\bin\vcruntime140_1.dll
0x00007ffe97520000 - 0x00007ffe975b1000 	C:\Users\giona\.p2\pool\plugins\org.eclipse.justj.openjdk.hotspot.jre.full.win32.x86_64_17.0.4.v20220805-1047\jre\bin\msvcp140.dll
0x00007ffe456d0000 - 0x00007ffe46316000 	C:\Users\giona\.p2\pool\plugins\org.eclipse.justj.openjdk.hotspot.jre.full.win32.x86_64_17.0.4.v20220805-1047\jre\bin\server\jvm.dll
0x00007ffed6930000 - 0x00007ffed69e2000 	C:\WINDOWS\System32\ADVAPI32.dll
0x00007ffed5430000 - 0x00007ffed54d8000 	C:\WINDOWS\System32\sechost.dll
0x00007ffed4600000 - 0x00007ffed4628000 	C:\WINDOWS\System32\bcrypt.dll
0x00007ffed5310000 - 0x00007ffed5424000 	C:\WINDOWS\System32\RPCRT4.dll
0x00007ffed4a40000 - 0x00007ffed4a48000 	C:\WINDOWS\System32\PSAPI.DLL
0x00007ffeccbc0000 - 0x00007ffeccbca000 	C:\WINDOWS\SYSTEM32\VERSION.dll
0x00007ffeccbf0000 - 0x00007ffeccc24000 	C:\WINDOWS\SYSTEM32\WINMM.dll
0x00007ffec0ca0000 - 0x00007ffec0ca9000 	C:\WINDOWS\SYSTEM32\WSOCK32.dll
0x00007ffed4c00000 - 0x00007ffed4c71000 	C:\WINDOWS\System32\WS2_32.dll
0x00007ffed2f30000 - 0x00007ffed2f48000 	C:\WINDOWS\SYSTEM32\kernel.appcore.dll
0x00007ffec0490000 - 0x00007ffec049a000 	C:\Users\giona\.p2\pool\plugins\org.eclipse.justj.openjdk.hotspot.jre.full.win32.x86_64_17.0.4.v20220805-1047\jre\bin\jimage.dll
0x00007ffec21e0000 - 0x00007ffec2412000 	C:\WINDOWS\SYSTEM32\DBGHELP.DLL
0x00007ffed5910000 - 0x00007ffed5c9e000 	C:\WINDOWS\System32\combase.dll
0x00007ffed6760000 - 0x00007ffed6837000 	C:\WINDOWS\System32\OLEAUT32.dll
0x00007ffeb2830000 - 0x00007ffeb2862000 	C:\WINDOWS\SYSTEM32\dbgcore.DLL
0x00007ffed47a0000 - 0x00007ffed481b000 	C:\WINDOWS\System32\bcryptPrimitives.dll
0x00007ffeaadb0000 - 0x00007ffeaadd5000 	C:\Users\giona\.p2\pool\plugins\org.eclipse.justj.openjdk.hotspot.jre.full.win32.x86_64_17.0.4.v20220805-1047\jre\bin\java.dll
0x00007ffeb4470000 - 0x00007ffeb4488000 	C:\Users\giona\.p2\pool\plugins\org.eclipse.justj.openjdk.hotspot.jre.full.win32.x86_64_17.0.4.v20220805-1047\jre\bin\zip.dll
0x00007ffed5ca0000 - 0x00007ffed6509000 	C:\WINDOWS\System32\SHELL32.dll
0x00007ffed1e40000 - 0x00007ffed273f000 	C:\WINDOWS\SYSTEM32\windows.storage.dll
0x00007ffed1d00000 - 0x00007ffed1e3f000 	C:\WINDOWS\SYSTEM32\wintypes.dll
0x00007ffed54e0000 - 0x00007ffed55d9000 	C:\WINDOWS\System32\SHCORE.dll
0x00007ffed6700000 - 0x00007ffed675e000 	C:\WINDOWS\System32\shlwapi.dll
0x00007ffed3e50000 - 0x00007ffed3e77000 	C:\WINDOWS\SYSTEM32\profapi.dll
0x00007ffeb4430000 - 0x00007ffeb4449000 	C:\Users\giona\.p2\pool\plugins\org.eclipse.justj.openjdk.hotspot.jre.full.win32.x86_64_17.0.4.v20220805-1047\jre\bin\net.dll
0x00007ffecc9a0000 - 0x00007ffeccad6000 	C:\WINDOWS\SYSTEM32\WINHTTP.dll
0x00007ffed3400000 - 0x00007ffed3469000 	C:\WINDOWS\system32\mswsock.dll
0x00007ffeb2870000 - 0x00007ffeb2885000 	C:\Users\giona\.p2\pool\plugins\org.eclipse.justj.openjdk.hotspot.jre.full.win32.x86_64_17.0.4.v20220805-1047\jre\bin\nio.dll
0x00007ffebfd40000 - 0x00007ffebfd49000 	C:\Users\giona\.p2\pool\plugins\org.eclipse.justj.openjdk.hotspot.jre.full.win32.x86_64_17.0.4.v20220805-1047\jre\bin\management.dll
0x00007ffebe0f0000 - 0x00007ffebe0fb000 	C:\Users\giona\.p2\pool\plugins\org.eclipse.justj.openjdk.hotspot.jre.full.win32.x86_64_17.0.4.v20220805-1047\jre\bin\management_ext.dll
0x00007ffebb590000 - 0x00007ffebb59e000 	C:\Users\giona\.p2\pool\plugins\org.eclipse.justj.openjdk.hotspot.jre.full.win32.x86_64_17.0.4.v20220805-1047\jre\bin\sunmscapi.dll
0x00007ffed4630000 - 0x00007ffed4796000 	C:\WINDOWS\System32\CRYPT32.dll
0x00007ffed38c0000 - 0x00007ffed38ed000 	C:\WINDOWS\SYSTEM32\ncrypt.dll
0x00007ffed3880000 - 0x00007ffed38b7000 	C:\WINDOWS\SYSTEM32\NTASN1.dll
0x00007ffed37d0000 - 0x00007ffed37eb000 	C:\WINDOWS\SYSTEM32\CRYPTSP.dll
0x00007ffed2e90000 - 0x00007ffed2ec5000 	C:\WINDOWS\system32\rsaenh.dll
0x00007ffed34b0000 - 0x00007ffed34d8000 	C:\WINDOWS\SYSTEM32\USERENV.dll
0x00007ffed37b0000 - 0x00007ffed37bc000 	C:\WINDOWS\SYSTEM32\CRYPTBASE.dll
0x00007ffed29e0000 - 0x00007ffed2a0d000 	C:\WINDOWS\SYSTEM32\IPHLPAPI.DLL
0x00007ffed4940000 - 0x00007ffed4949000 	C:\WINDOWS\System32\NSI.dll
0x00007ffeccbd0000 - 0x00007ffeccbe9000 	C:\WINDOWS\SYSTEM32\dhcpcsvc6.DLL
0x00007ffecc7e0000 - 0x00007ffecc7ff000 	C:\WINDOWS\SYSTEM32\dhcpcsvc.DLL
0x00007ffed2a60000 - 0x00007ffed2b62000 	C:\WINDOWS\SYSTEM32\DNSAPI.dll
0x00007ffeb3a00000 - 0x00007ffeb3a10000 	C:\Users\giona\.p2\pool\plugins\org.eclipse.justj.openjdk.hotspot.jre.full.win32.x86_64_17.0.4.v20220805-1047\jre\bin\verify.dll
0x00007ffea67e0000 - 0x00007ffea6825000 	C:\Users\giona\AppData\Local\Temp\jna-98360896\jna10242675083139753220.dll
0x00007ffed6a20000 - 0x00007ffed6bc5000 	C:\WINDOWS\System32\Ole32.dll
0x00007ffed4950000 - 0x00007ffed4a00000 	C:\WINDOWS\System32\clbcatq.dll
0x00007ffec0a60000 - 0x00007ffec0a7d000 	C:\WINDOWS\SYSTEM32\amsi.dll
0x00007ffec09d0000 - 0x00007ffec0a51000 	C:\ProgramData\Microsoft\Windows Defender\Platform\4.18.24080.9-0\MpOav.dll
0x00007ffebfd30000 - 0x00007ffebfd38000 	C:\WINDOWS\system32\wshunix.dll
0x00007ffe500a0000 - 0x00007ffe5022e000 	C:\Users\giona\.p2\pool\plugins\org.eclipse.justj.openjdk.hotspot.jre.full.win32.x86_64_17.0.4.v20220805-1047\jre\bin\awt.dll
0x00007ffed11c0000 - 0x00007ffed1257000 	C:\WINDOWS\SYSTEM32\apphelp.dll
0x00007ffebf020000 - 0x00007ffebf02a000 	C:\Windows\System32\rasadhlp.dll
0x00007ffecbe40000 - 0x00007ffecbec3000 	C:\WINDOWS\System32\fwpuclnt.dll
0x00007ffe355c0000 - 0x00007ffe3663b000 	D:\Unibg\Tesi\BREATHE\breathe.web\target\classes\PulseJNI.dll
0x00007ffed1440000 - 0x00007ffed14f1000 	C:\WINDOWS\system32\uxtheme.dll
0x00007ffed56b0000 - 0x00007ffed5810000 	C:\WINDOWS\System32\MSCTF.dll

dbghelp: loaded successfully - version: 4.0.5 - missing functions: none
symbol engine: initialized successfully - sym options: 0x614 - pdb path: .;C:\Users\giona\.p2\pool\plugins\org.eclipse.justj.openjdk.hotspot.jre.full.win32.x86_64_17.0.4.v20220805-1047\jre\bin;C:\WINDOWS\SYSTEM32;C:\WINDOWS\WinSxS\amd64_microsoft.windows.common-controls_6595b64144ccf1df_6.0.22621.3672_none_2713b9d173822955;C:\Users\giona\.p2\pool\plugins\org.eclipse.justj.openjdk.hotspot.jre.full.win32.x86_64_17.0.4.v20220805-1047\jre\bin\server;C:\Users\giona\AppData\Local\Temp\jna-98360896;C:\ProgramData\Microsoft\Windows Defender\Platform\4.18.24080.9-0;D:\Unibg\Tesi\BREATHE\breathe.web\target\classes

VM Arguments:
jvm_args: -Dfile.encoding=UTF-8 -Dstdout.encoding=UTF-8 -Dstderr.encoding=UTF-8 -XX:+ShowCodeDetailsInExceptionMessages 
java_command: app.Main
java_class_path (initial): D:\Unibg\Tesi\BREATHE\breathe.web\target\classes;C:\Users\giona\.m2\repository\com\vaadin\vaadin\24.4.13\vaadin-24.4.13.jar;C:\Users\giona\.m2\repository\com\vaadin\vaadin-internal\24.4.13\vaadin-internal-24.4.13.jar;C:\Users\giona\.m2\repository\com\vaadin\vaadin-core-internal\24.4.13\vaadin-core-internal-24.4.13.jar;C:\Users\giona\.m2\repository\com\vaadin\flow-lit-template\24.4.9\flow-lit-template-24.4.9.jar;C:\Users\giona\.m2\repository\com\vaadin\flow-react\24.4.9\flow-react-24.4.9.jar;C:\Users\giona\.m2\repository\com\vaadin\flow-html-components\24.4.9\flow-html-components-24.4.9.jar;C:\Users\giona\.m2\repository\com\vaadin\flow-data\24.4.9\flow-data-24.4.9.jar;C:\Users\giona\.m2\repository\com\vaadin\flow-dnd\24.4.9\flow-dnd-24.4.9.jar;C:\Users\giona\.m2\repository\com\vaadin\vaadin-lumo-theme\24.4.13\vaadin-lumo-theme-24.4.13.jar;C:\Users\giona\.m2\repository\com\vaadin\vaadin-material-theme\24.4.13\vaadin-material-theme-24.4.13.jar;C:\Users\giona\.m2\repository\com\vaadin\vaadin-accordion-flow\24.4.13\vaadin-accordion-flow-24.4.13.jar;C:\Users\giona\.m2\repository\com\vaadin\vaadin-avatar-flow\24.4.13\vaadin-avatar-flow-24.4.13.jar;C:\Users\giona\.m2\repository\com\vaadin\vaadin-button-flow\24.4.13\vaadin-button-flow-24.4.13.jar;C:\Users\giona\.m2\repository\com\vaadin\vaadin-checkbox-flow\24.4.13\vaadin-checkbox-flow-24.4.13.jar;C:\Users\giona\.m2\repository\com\vaadin\vaadin-combo-box-flow\24.4.13\vaadin-combo-box-flow-24.4.13.jar;C:\Users\giona\.m2\repository\com\vaadin\vaadin-confirm-dialog-flow\24.4.13\vaadin-confirm-dialog-flow-24.4.13.jar;C:\Users\giona\.m2\repository\com\vaadin\vaadin-custom-field-flow\24.4.13\vaadin-custom-field-flow-24.4.13.jar;C:\Users\giona\.m2\repository\com\vaadin\vaadin-date-picker-flow\24.4.13\vaadin-date-picker-flow-24.4.13.jar;C:\Users\giona\.m2\repository\com\vaadin\vaadin-date-time-picker-flow\24.4.13\vaadin-date-time-picker-flow-24.4.13.jar;C:\Users\giona\.m2\repository\com\vaadin\vaadin-det
Launcher Type: SUN_STANDARD

[Global flags]
     intx CICompilerCount                          = 4                                         {product} {ergonomic}
     uint ConcGCThreads                            = 3                                         {product} {ergonomic}
     uint G1ConcRefinementThreads                  = 10                                        {product} {ergonomic}
   size_t G1HeapRegionSize                         = 2097152                                   {product} {ergonomic}
    uintx GCDrainStackTargetSize                   = 64                                        {product} {ergonomic}
   size_t InitialHeapSize                          = 268435456                                 {product} {ergonomic}
   size_t MarkStackSize                            = 4194304                                   {product} {ergonomic}
   size_t MaxHeapSize                              = 4282384384                                {product} {ergonomic}
   size_t MaxNewSize                               = 2569011200                                {product} {ergonomic}
   size_t MinHeapDeltaBytes                        = 2097152                                   {product} {ergonomic}
   size_t MinHeapSize                              = 8388608                                   {product} {ergonomic}
    uintx NonNMethodCodeHeapSize                   = 5839372                                {pd product} {ergonomic}
    uintx NonProfiledCodeHeapSize                  = 122909434                              {pd product} {ergonomic}
    uintx ProfiledCodeHeapSize                     = 122909434                              {pd product} {ergonomic}
    uintx ReservedCodeCacheSize                    = 251658240                              {pd product} {ergonomic}
     bool SegmentedCodeCache                       = true                                      {product} {ergonomic}
     bool ShowCodeDetailsInExceptionMessages       = true                                   {manageable} {command line}
   size_t SoftMaxHeapSize                          = 4282384384                             {manageable} {ergonomic}
     bool UseCompressedClassPointers               = true                           {product lp64_product} {ergonomic}
     bool UseCompressedOops                        = true                           {product lp64_product} {ergonomic}
     bool UseG1GC                                  = true                                      {product} {ergonomic}
     bool UseLargePagesIndividualAllocation        = false                                  {pd product} {ergonomic}

Logging:
Log output configuration:
 #0: stdout all=warning uptime,level,tags
 #1: stderr all=off uptime,level,tags

Environment Variables:
PATH=C:/Users/giona/.p2/pool/plugins/org.eclipse.justj.openjdk.hotspot.jre.full.win32.x86_64_21.0.4.v20240802-1551/jre/bin/server;C:/Users/giona/.p2/pool/plugins/org.eclipse.justj.openjdk.hotspot.jre.full.win32.x86_64_21.0.4.v20240802-1551/jre/bin;C:\Program Files (x86)\NVIDIA Corporation\PhysX\Common;C:\Program Files\Amazon Corretto\jdk1.8.0_422\bin;C:\Program Files\Common Files\Oracle\Java\javapath;C:\Program Files (x86)\Common Files\Oracle\Java\java8path;C:\Program Files (x86)\Common Files\Oracle\Java\javapath;C:\WINDOWS\system32;C:\WINDOWS;C:\WINDOWS\System32\Wbem;C:\WINDOWS\System32\WindowsPowerShell\v1.0\;C:\WINDOWS\System32\OpenSSH\;C:\Program Files\NVIDIA Corporation\NVIDIA NvDLISR;C:\Program Files\MATLAB\R2020b\bin;C:\WINDOWS\system32;C:\WINDOWS;C:\WINDOWS\System32\Wbem;C:\WINDOWS\System32\WindowsPowerShell\v1.0\;C:\WINDOWS\System32\OpenSSH\;C:\Users\giona\Downloads\apache-maven-3.9.8\bin;C:\Program Files\Java\jdk-11\bin;C:\Program Files\CMake\bin;C:\Program Files\Git\cmd;C:\Users\giona\AppData\Local\Microsoft\WindowsApps;C:\Users\giona\AppData\Local\Programs\Microsoft VS Code\bin;C:\MinGW\bin;C:\Users\giona\AppData\Local\GitHubDesktop\bin;C:\Users\giona\Desktop;
USERNAME=giona
OS=Windows_NT
PROCESSOR_IDENTIFIER=AMD64 Family 23 Model 113 Stepping 0, AuthenticAMD
TMP=C:\Users\giona\AppData\Local\Temp
TEMP=C:\Users\giona\AppData\Local\Temp



---------------  S Y S T E M  ---------------

OS:
 Windows 11 , 64 bit Build 22621 (10.0.22621.3958)
OS uptime: 1 days 19:37 hours
Hyper-V role detected

CPU: total 12 (initial active 12) (12 cores per cpu, 2 threads per core) family 23 model 113 stepping 0 microcode 0x0, cx8, cmov, fxsr, ht, mmx, 3dnowpref, sse, sse2, sse3, ssse3, sse4a, sse4.1, sse4.2, popcnt, lzcnt, tsc, tscinvbit, avx, avx2, aes, clmul, bmi1, bmi2, adx, sha, fma, vzeroupper, clflush, clflushopt, hv

Memory: 4k page, system-wide physical 16334M (7313M free)
TotalPageFile size 18766M (AvailPageFile size 5685M)
current process WorkingSet (physical memory assigned to process): 622M, peak: 849M
current process commit charge ("private bytes"): 673M, peak: 982M

vm_info: OpenJDK 64-Bit Server VM (17.0.4+8) for windows-amd64 JRE (17.0.4+8), built on Jul 19 2022 16:05:16 by "temurin" with MS VC++ 16.7 (VS2019)

END.
