#
# A fatal error has been detected by the Java Runtime Environment:
#
#  EXCEPTION_ACCESS_VIOLATION (0xc0000005) at pc=0x00007ffa52057fd0, pid=23476, tid=8984
#
# JRE version: OpenJDK Runtime Environment Temurin-17.0.7+7 (17.0.7+7) (build 17.0.7+7)
# Java VM: OpenJDK 64-Bit Server VM Temurin-17.0.7+7 (17.0.7+7, mixed mode, tiered, compressed oops, compressed class ptrs, g1 gc, windows-amd64)
# Problematic frame:
# C  [PulseJNI.dll+0x297fd0]
#
# No core dump will be written. Minidumps are not enabled by default on client versions of Windows
#
# If you would like to submit a bug report, please visit:
#   https://github.com/adoptium/adoptium-support/issues
# The crash happened outside the Java Virtual Machine in native code.
# See problematic frame for where to report the bug.
#

---------------  S U M M A R Y ------------

Command Line: -Dfile.encoding=UTF-8 -XX:+ShowCodeDetailsInExceptionMessages app.Main

Host: AMD Ryzen 7 5825U with Radeon Graphics         , 16 cores, 15G,  Windows 11 , 64 bit Build 22621 (10.0.22621.3958)
Time: Sun Oct 20 18:02:03 2024 ora legale Europa occidentale elapsed time: 109.314287 seconds (0d 0h 1m 49s)

---------------  T H R E A D  ---------------

Current thread (0x0000017bfc8cb490):  JavaThread "SwingWorker-pool-2-thread-2" daemon [_thread_in_native, id=8984, stack(0x0000006a61800000,0x0000006a61900000)]

Stack: [0x0000006a61800000,0x0000006a61900000],  sp=0x0000006a618fdd70,  free space=1015k
Native frames: (J=compiled Java code, j=interpreted, Vv=VM code, C=native code)
C  [PulseJNI.dll+0x297fd0]

Java frames: (J=compiled Java code, j=interpreted, Vv=VM code)
j  com.kitware.pulse.engine.PulseEngine.nativeInitializeEngine(JLjava/lang/String;Ljava/lang/String;I)Z+0
j  com.kitware.pulse.engine.PulseEngine.initializeEngine(Lcom/kitware/pulse/cdm/engine/SEPatientConfiguration;Lcom/kitware/pulse/cdm/engine/SEDataRequestManager;)Z+39
j  app.SimulationWorker.doInBackground()Ljava/lang/Void;+24
j  app.SimulationWorker.doInBackground()Ljava/lang/Object;+1
j  javax.swing.SwingWorker$1.call()Ljava/lang/Object;+14 java.desktop@17.0.7
J 11156 c1 java.util.concurrent.FutureTask.run()V java.base@17.0.7 (123 bytes) @ 0x0000017bdc35212c [0x0000017bdc351940+0x00000000000007ec]
j  javax.swing.SwingWorker.run()V+4 java.desktop@17.0.7
j  java.util.concurrent.ThreadPoolExecutor.runWorker(Ljava/util/concurrent/ThreadPoolExecutor$Worker;)V+92 java.base@17.0.7
j  java.util.concurrent.ThreadPoolExecutor$Worker.run()V+5 java.base@17.0.7
j  java.lang.Thread.run()V+11 java.base@17.0.7
v  ~StubRoutines::call_stub

siginfo: EXCEPTION_ACCESS_VIOLATION (0xc0000005), reading address 0x0000000000000000


Register to memory mapping:

RIP=0x00007ffa52057fd0 PulseJNI.dll
RAX=0x0 is NULL
RBX={method} {0x0000017b8f328108} 'nativeInitializeEngine' '(JLjava/lang/String;Ljava/lang/String;I)Z' in 'com/kitware/pulse/engine/PulseEngine'
RCX=0x0000017b81c73280 points into unknown readable memory: 0x00007ffa52920f60 | 60 0f 92 52 fa 7f 00 00
RDX=0x0 is NULL
RSP=0x0000006a618fdd70 is pointing into the stack for thread: 0x0000017bfc8cb490
RBP=0x0000006a618fed88 is pointing into the stack for thread: 0x0000017bfc8cb490
RSI=3799609993 is a compressed pointer to object: [B 
{0x0000000713cb9448} - klass: {type array byte}
 - length: 753
RDI=3799607366 is a compressed pointer to object: [B 
{0x0000000713cb4230} - klass: {type array byte}
 - length: 1150
R8 =0x00007ffa52d75100 PulseJNI.dll
R9 =0x0000000000000001 is an unknown value
R10=0x0000000000000003 is an unknown value
R11=0x0000006a618fda10 is pointing into the stack for thread: 0x0000017bfc8cb490
R12=0x0 is NULL
R13={method} {0x0000017b8f328108} 'nativeInitializeEngine' '(JLjava/lang/String;Ljava/lang/String;I)Z' in 'com/kitware/pulse/engine/PulseEngine'
R14=0x0000006a618fedd0 is pointing into the stack for thread: 0x0000017bfc8cb490
R15=0x0000017bfc8cb490 is a thread


Registers:
RAX=0x0000000000000000, RBX=0x0000017b8f328100, RCX=0x0000017b81c73280, RDX=0x0000000000000000
RSP=0x0000006a618fdd70, RBP=0x0000006a618fed88, RSI=0x00000000e2797289, RDI=0x00000000e2796846
R8 =0x00007ffa52d75100, R9 =0x0000000000000001, R10=0x0000000000000003, R11=0x0000006a618fda10
R12=0x0000000000000000, R13=0x0000017b8f328100, R14=0x0000006a618fedd0, R15=0x0000017bfc8cb490
RIP=0x00007ffa52057fd0, EFLAGS=0x0000000000010246

Top of Stack: (sp=0x0000006a618fdd70)
0x0000006a618fdd70:   0000017b81c73280 0000000000000000
0x0000006a618fdd80:   00007ffa51dedae0 000000000000000f
0x0000006a618fdd90:   00007ffa520a8a70 00007ffa51de83a0
0x0000006a618fdda0:   0000000000000000 000000000000000f
0x0000006a618fddb0:   6c616e7265746e00 000000006e696b53
0x0000006a618fddc0:   0000000000000000 000000000000000f
0x0000006a618fddd0:   0000017b823ca900 0000000000000000
0x0000006a618fdde0:   00007ffa51dec230 00007ffa51de55f0
0x0000006a618fddf0:   00007ffa51de55f0 00007ffa51de55f0
0x0000006a618fde00:   00007ffa51decbf0 00007ffa520a896b
0x0000006a618fde10:   0000017b81c73280 0000000000000000
0x0000006a618fde20:   0000000000000000 000000000000000f
0x0000006a618fde30:   6c616e7265747800 000000006e696b53
0x0000006a618fde40:   00007ffa520a8a70 000000000000000f
0x0000006a618fde50:   6c616e7265746e00 0000000065726f43
0x0000006a618fde60:   0000000000000000 00007ffa520a84ae 

Instructions: (pc=0x00007ffa52057fd0)
0x00007ffa52057ed0:   28 e8 6a b5 d7 ff 48 89 44 24 20 48 8b 4c 24 28
0x00007ffa52057ee0:   e8 7b b5 d7 ff 48 89 44 24 30 eb 0e 48 8b 44 24
0x00007ffa52057ef0:   20 48 83 c0 08 48 89 44 24 20 48 8b 44 24 30 48
0x00007ffa52057f00:   39 44 24 20 74 1f 48 8b 44 24 20 48 8b 00 48 89
0x00007ffa52057f10:   44 24 38 48 8b 44 24 58 48 39 44 24 38 75 04 b0
0x00007ffa52057f20:   01 eb 04 eb c7 32 c0 48 83 c4 48 c3 cc cc cc cc
0x00007ffa52057f30:   cc cc cc cc cc cc cc cc cc cc cc cc cc cc cc cc
0x00007ffa52057f40:   48 89 4c 24 08 48 8b 44 24 08 48 83 c0 48 c3 cc
0x00007ffa52057f50:   cc cc cc cc cc cc cc cc cc cc cc cc cc cc cc cc
0x00007ffa52057f60:   48 89 4c 24 08 48 8b 44 24 08 48 83 c0 60 c3 cc
0x00007ffa52057f70:   cc cc cc cc cc cc cc cc cc cc cc cc cc cc cc cc
0x00007ffa52057f80:   48 89 54 24 10 48 89 4c 24 08 48 81 ec 98 00 00
0x00007ffa52057f90:   00 48 8b 84 24 a0 00 00 00 48 8b 00 48 8b 80 d0
0x00007ffa52057fa0:   00 00 00 48 89 44 24 20 48 8b 94 24 a8 00 00 00
0x00007ffa52057fb0:   48 8b 8c 24 a0 00 00 00 ff 54 24 20 0f b6 c0 85
0x00007ffa52057fc0:   c0 74 05 e9 5c 01 00 00 48 8b 84 24 a8 00 00 00
0x00007ffa52057fd0:   48 8b 00 48 8b 8c 24 a8 00 00 00 ff 90 b0 00 00
0x00007ffa52057fe0:   00 83 f8 03 75 5e 48 8b 84 24 a0 00 00 00 48 83
0x00007ffa52057ff0:   c0 78 48 89 44 24 30 48 8b 84 24 a8 00 00 00 48
0x00007ffa52058000:   89 44 24 28 48 8d 54 24 28 48 8b 4c 24 30 e8 bd
0x00007ffa52058010:   8e da ff 90 48 8b 84 24 a0 00 00 00 48 05 90 00
0x00007ffa52058020:   00 00 48 89 44 24 40 48 8b 84 24 a8 00 00 00 48
0x00007ffa52058030:   89 44 24 38 48 8d 54 24 38 48 8b 4c 24 40 e8 8d
0x00007ffa52058040:   8e da ff 90 48 8b 84 24 a8 00 00 00 48 8b 00 48
0x00007ffa52058050:   8b 8c 24 a8 00 00 00 ff 90 b0 00 00 00 83 f8 02
0x00007ffa52058060:   75 60 48 8b 84 24 a0 00 00 00 48 05 a8 00 00 00
0x00007ffa52058070:   48 89 44 24 50 48 8b 84 24 a8 00 00 00 48 89 44
0x00007ffa52058080:   24 48 48 8d 54 24 48 48 8b 4c 24 50 e8 3f 8e da
0x00007ffa52058090:   ff 90 48 8b 84 24 a0 00 00 00 48 05 c0 00 00 00
0x00007ffa520580a0:   48 89 44 24 60 48 8b 84 24 a8 00 00 00 48 89 44
0x00007ffa520580b0:   24 58 48 8d 54 24 58 48 8b 4c 24 60 e8 0f 8e da
0x00007ffa520580c0:   ff 90 48 8b 84 24 a0 00 00 00 48 83 c0 48 48 89 


Stack slot to memory mapping:
stack at sp + 0 slots: 0x0000017b81c73280 points into unknown readable memory: 0x00007ffa52920f60 | 60 0f 92 52 fa 7f 00 00
stack at sp + 1 slots: 0x0 is NULL
stack at sp + 2 slots: 0x00007ffa51dedae0 PulseJNI.dll
stack at sp + 3 slots: 0x000000000000000f is an unknown value
stack at sp + 4 slots: 0x00007ffa520a8a70 PulseJNI.dll
stack at sp + 5 slots: 0x00007ffa51de83a0 PulseJNI.dll
stack at sp + 6 slots: 0x0 is NULL
stack at sp + 7 slots: 0x000000000000000f is an unknown value


---------------  P R O C E S S  ---------------

Threads class SMR info:
_java_thread_list=0x0000017b82723080, length=74, elements={
0x0000017bf638e030, 0x0000017bf6ba5f10, 0x0000017bf6374140, 0x0000017bf6374a00,
0x0000017bf6bc6010, 0x0000017bf6bd05f0, 0x0000017bf6bd47d0, 0x0000017bf6bd51c0,
0x0000017bf6be8380, 0x0000017bf6e89420, 0x0000017bf6e97fd0, 0x0000017bfbb10b20,
0x0000017b82dc74a0, 0x0000017b81144db0, 0x0000017b818609d0, 0x0000017b80d3f200,
0x0000017b80d3ed30, 0x0000017bfc8cfcc0, 0x0000017bfc8ccca0, 0x0000017bfc8cdfe0,
0x0000017b806f20f0, 0x0000017b806f4770, 0x0000017bfc8cbe30, 0x0000017bfc8cc7d0,
0x0000017bfc8ce4b0, 0x0000017b80d3bd10, 0x0000017b806f6920, 0x0000017bfdc18570,
0x0000017b806f25c0, 0x0000017b806f5f80, 0x0000017b806f6450, 0x0000017b806f2f60,
0x0000017b806f5110, 0x0000017b806f3900, 0x0000017b806f3dd0, 0x0000017b806f42a0,
0x0000017b806f4c40, 0x0000017b806ef5a0, 0x0000017b806efa70, 0x0000017b806f55e0,
0x0000017b806eff40, 0x0000017b806f0410, 0x0000017b806f08e0, 0x0000017b806f0db0,
0x0000017b806f1750, 0x0000017bfdc146e0, 0x0000017bfdc193e0, 0x0000017bfdc198b0,
0x0000017bfdc13870, 0x0000017bfdc16890, 0x0000017bfdc13d40, 0x0000017bfdc17230,
0x0000017bfdc18f10, 0x0000017bfdc15550, 0x0000017bfdc15a20, 0x0000017bfdc17700,
0x0000017bfdc15ef0, 0x0000017bfdc180a0, 0x0000017bfdc18a40, 0x0000017bfdc16d60,
0x0000017bfdc12530, 0x0000017bfdc12a00, 0x0000017bfdc12ed0, 0x0000017bfc8ce980,
0x0000017bfc8cee50, 0x0000017bfc8d0660, 0x0000017bfc8cf7f0, 0x0000017bfc8d1000,
0x0000017bfc8d1e70, 0x0000017bfc8d2340, 0x0000017bfc8d2810, 0x0000017bfc8cb490,
0x0000017bfc8cb960, 0x0000017b80d3d050
}

Java Threads: ( => current thread )
  0x0000017bf638e030 JavaThread "Reference Handler" daemon [_thread_blocked, id=23580, stack(0x0000006a60200000,0x0000006a60300000)]
  0x0000017bf6ba5f10 JavaThread "Finalizer" daemon [_thread_blocked, id=30216, stack(0x0000006a60300000,0x0000006a60400000)]
  0x0000017bf6374140 JavaThread "Signal Dispatcher" daemon [_thread_blocked, id=26108, stack(0x0000006a60400000,0x0000006a60500000)]
  0x0000017bf6374a00 JavaThread "Attach Listener" daemon [_thread_blocked, id=12156, stack(0x0000006a60500000,0x0000006a60600000)]
  0x0000017bf6bc6010 JavaThread "Service Thread" daemon [_thread_blocked, id=35576, stack(0x0000006a60600000,0x0000006a60700000)]
  0x0000017bf6bd05f0 JavaThread "Monitor Deflation Thread" daemon [_thread_blocked, id=31372, stack(0x0000006a60700000,0x0000006a60800000)]
  0x0000017bf6bd47d0 JavaThread "C2 CompilerThread0" daemon [_thread_blocked, id=32496, stack(0x0000006a60800000,0x0000006a60900000)]
  0x0000017bf6bd51c0 JavaThread "C1 CompilerThread0" daemon [_thread_blocked, id=22016, stack(0x0000006a60900000,0x0000006a60a00000)]
  0x0000017bf6be8380 JavaThread "Sweeper thread" daemon [_thread_blocked, id=13200, stack(0x0000006a60a00000,0x0000006a60b00000)]
  0x0000017bf6e89420 JavaThread "Notification Thread" daemon [_thread_blocked, id=30456, stack(0x0000006a60d00000,0x0000006a60e00000)]
  0x0000017bf6e97fd0 JavaThread "Common-Cleaner" daemon [_thread_blocked, id=33368, stack(0x0000006a60f00000,0x0000006a61000000)]
  0x0000017bfbb10b20 JavaThread "JNA Cleaner" daemon [_thread_blocked, id=20240, stack(0x0000006a60c00000,0x0000006a60d00000)]
  0x0000017b82dc74a0 JavaThread "ForkJoinPool.commonPool-worker-1" daemon [_thread_blocked, id=24220, stack(0x0000006a62b00000,0x0000006a62c00000)]
  0x0000017b81144db0 JavaThread "ForkJoinPool.commonPool-worker-2" daemon [_thread_blocked, id=35640, stack(0x0000006a62c00000,0x0000006a62d00000)]
  0x0000017b818609d0 JavaThread "ForkJoinPool.commonPool-worker-3" daemon [_thread_blocked, id=12928, stack(0x0000006a62d00000,0x0000006a62e00000)]
  0x0000017b80d3f200 JavaThread "ForkJoinPool.commonPool-worker-4" daemon [_thread_blocked, id=35512, stack(0x0000006a63200000,0x0000006a63300000)]
  0x0000017b80d3ed30 JavaThread "Live Reload Server" daemon [_thread_in_native, id=4224, stack(0x0000006a63600000,0x0000006a63700000)]
  0x0000017bfc8cfcc0 JavaThread "DestroyJavaVM" [_thread_blocked, id=18152, stack(0x0000006a5fb00000,0x0000006a5fc00000)]
  0x0000017bfc8ccca0 JavaThread "Java2D Disposer" daemon [_thread_blocked, id=24452, stack(0x0000006a61700000,0x0000006a61800000)]
  0x0000017bfc8cdfe0 JavaThread "Live Reload #1" daemon [_thread_in_native, id=21724, stack(0x0000006a60b00000,0x0000006a60c00000)]
  0x0000017b806f20f0 JavaThread "ForkJoinPool.commonPool-worker-5" daemon [_thread_blocked, id=15412, stack(0x0000006a62f00000,0x0000006a63000000)]
  0x0000017b806f4770 JavaThread "ForkJoinPool.commonPool-worker-6" daemon [_thread_blocked, id=23860, stack(0x0000006a64700000,0x0000006a64800000)]
  0x0000017bfc8cbe30 JavaThread "SwingWorker-pool-2-thread-1" daemon [_thread_blocked, id=19680, stack(0x0000006a62600000,0x0000006a62700000)]
  0x0000017bfc8cc7d0 JavaThread "AWT-Windows" daemon [_thread_in_native, id=23308, stack(0x0000006a62a00000,0x0000006a62b00000)]
  0x0000017bfc8ce4b0 JavaThread "TimerQueue" daemon [_thread_blocked, id=29828, stack(0x0000006a64e00000,0x0000006a64f00000)]
  0x0000017b80d3bd10 JavaThread "ForkJoinPool.commonPool-worker-7" daemon [_thread_blocked, id=14484, stack(0x0000006a61b00000,0x0000006a61c00000)]
  0x0000017b806f6920 JavaThread "ForkJoinPool.commonPool-worker-8" daemon [_thread_blocked, id=28808, stack(0x0000006a64600000,0x0000006a64700000)]
  0x0000017bfdc18570 JavaThread "ForkJoinPool.commonPool-worker-9" daemon [_thread_blocked, id=25464, stack(0x0000006a5fa00000,0x0000006a5fb00000)]
  0x0000017b806f25c0 JavaThread "ForkJoinPool.commonPool-worker-10" daemon [_thread_blocked, id=23936, stack(0x0000006a64c00000,0x0000006a64d00000)]
  0x0000017b806f5f80 JavaThread "ForkJoinPool.commonPool-worker-11" daemon [_thread_blocked, id=23952, stack(0x0000006a5f900000,0x0000006a5fa00000)]
  0x0000017b806f6450 JavaThread "Catalina-utility-1" [_thread_blocked, id=18932, stack(0x0000006a62900000,0x0000006a62a00000)]
  0x0000017b806f2f60 JavaThread "Catalina-utility-2" [_thread_blocked, id=3836, stack(0x0000006a62e00000,0x0000006a62f00000)]
  0x0000017b806f5110 JavaThread "container-0" [_thread_blocked, id=30152, stack(0x0000006a63000000,0x0000006a63100000)]
  0x0000017b806f3900 JavaThread "File Watcher" daemon [_thread_blocked, id=15036, stack(0x0000006a63100000,0x0000006a63200000)]
  0x0000017b806f3dd0 JavaThread "Atmosphere-Scheduler-0" daemon [_thread_blocked, id=21248, stack(0x0000006a63400000,0x0000006a63500000)]
  0x0000017b806f42a0 JavaThread "Atmosphere-Shared-0" daemon [_thread_blocked, id=26204, stack(0x0000006a63500000,0x0000006a63600000)]
  0x0000017b806f4c40 JavaThread "Atmosphere-Scheduler-1" daemon [_thread_blocked, id=15888, stack(0x0000006a63700000,0x0000006a63800000)]
  0x0000017b806ef5a0 JavaThread "http-nio-8080-exec-1" daemon [_thread_blocked, id=31740, stack(0x0000006a63800000,0x0000006a63900000)]
  0x0000017b806efa70 JavaThread "http-nio-8080-exec-2" daemon [_thread_blocked, id=7992, stack(0x0000006a63900000,0x0000006a63a00000)]
  0x0000017b806f55e0 JavaThread "http-nio-8080-exec-3" daemon [_thread_blocked, id=26932, stack(0x0000006a63a00000,0x0000006a63b00000)]
  0x0000017b806eff40 JavaThread "http-nio-8080-exec-4" daemon [_thread_blocked, id=31496, stack(0x0000006a63b00000,0x0000006a63c00000)]
  0x0000017b806f0410 JavaThread "http-nio-8080-exec-5" daemon [_thread_blocked, id=26644, stack(0x0000006a63c00000,0x0000006a63d00000)]
  0x0000017b806f08e0 JavaThread "http-nio-8080-exec-6" daemon [_thread_blocked, id=34016, stack(0x0000006a63d00000,0x0000006a63e00000)]
  0x0000017b806f0db0 JavaThread "http-nio-8080-exec-7" daemon [_thread_blocked, id=29036, stack(0x0000006a63e00000,0x0000006a63f00000)]
  0x0000017b806f1750 JavaThread "http-nio-8080-exec-8" daemon [_thread_blocked, id=31028, stack(0x0000006a63f00000,0x0000006a64000000)]
  0x0000017bfdc146e0 JavaThread "http-nio-8080-exec-9" daemon [_thread_blocked, id=8884, stack(0x0000006a64000000,0x0000006a64100000)]
  0x0000017bfdc193e0 JavaThread "http-nio-8080-exec-10" daemon [_thread_blocked, id=2276, stack(0x0000006a64100000,0x0000006a64200000)]
  0x0000017bfdc198b0 JavaThread "http-nio-8080-Poller" daemon [_thread_in_native, id=5240, stack(0x0000006a64200000,0x0000006a64300000)]
  0x0000017bfdc13870 JavaThread "http-nio-8080-Acceptor" daemon [_thread_in_native, id=30936, stack(0x0000006a64300000,0x0000006a64400000)]
  0x0000017bfdc16890 JavaThread "FileSystemWatchService" daemon [_thread_in_native, id=12836, stack(0x0000006a64400000,0x0000006a64500000)]
  0x0000017bfdc13d40 JavaThread "ForkJoinPool.commonPool-worker-12" daemon [_thread_blocked, id=23616, stack(0x0000006a64500000,0x0000006a64600000)]
  0x0000017bfdc17230 JavaThread "Atmosphere-Scheduler-2" daemon [_thread_blocked, id=22512, stack(0x0000006a5f800000,0x0000006a5f900000)]
  0x0000017bfdc18f10 JavaThread "Atmosphere-Scheduler-3" daemon [_thread_blocked, id=23432, stack(0x0000006a61900000,0x0000006a61a00000)]
  0x0000017bfdc15550 JavaThread "Atmosphere-Shared-0" daemon [_thread_blocked, id=25076, stack(0x0000006a63300000,0x0000006a63400000)]
  0x0000017bfdc15a20 JavaThread "Atmosphere-Scheduler-4" daemon [_thread_blocked, id=32632, stack(0x0000006a64800000,0x0000006a64900000)]
  0x0000017bfdc17700 JavaThread "HttpClient-36-SelectorManager" daemon [_thread_in_native, id=33544, stack(0x0000006a64900000,0x0000006a64a00000)]
  0x0000017bfdc15ef0 JavaThread "HttpClient-37-SelectorManager" daemon [_thread_in_native, id=13244, stack(0x0000006a64a00000,0x0000006a64b00000)]
  0x0000017bfdc180a0 JavaThread "HttpClient-38-SelectorManager" daemon [_thread_in_native, id=24472, stack(0x0000006a64b00000,0x0000006a64c00000)]
  0x0000017bfdc18a40 JavaThread "HttpClient-39-SelectorManager" daemon [_thread_in_native, id=13436, stack(0x0000006a64d00000,0x0000006a64e00000)]
  0x0000017bfdc16d60 JavaThread "HttpClient-40-SelectorManager" daemon [_thread_in_native, id=32824, stack(0x0000006a64f00000,0x0000006a65000000)]
  0x0000017bfdc12530 JavaThread "Atmosphere-Scheduler-5" daemon [_thread_blocked, id=13628, stack(0x0000006a65000000,0x0000006a65100000)]
  0x0000017bfdc12a00 JavaThread "Atmosphere-Scheduler-6" daemon [_thread_blocked, id=22988, stack(0x0000006a65200000,0x0000006a65300000)]
  0x0000017bfdc12ed0 JavaThread "Atmosphere-Scheduler-7" daemon [_thread_blocked, id=11384, stack(0x0000006a65100000,0x0000006a65200000)]
  0x0000017bfc8ce980 JavaThread "Atmosphere-Scheduler-8" daemon [_thread_blocked, id=1660, stack(0x0000006a65300000,0x0000006a65400000)]
  0x0000017bfc8cee50 JavaThread "Atmosphere-Scheduler-9" daemon [_thread_blocked, id=4936, stack(0x0000006a65400000,0x0000006a65500000)]
  0x0000017bfc8d0660 JavaThread "WebSocket background processing" daemon [_thread_blocked, id=33036, stack(0x0000006a65500000,0x0000006a65600000)]
  0x0000017bfc8cf7f0 JavaThread "HttpClient-36-Worker-0" daemon [_thread_blocked, id=24752, stack(0x0000006a65600000,0x0000006a65700000)]
  0x0000017bfc8d1000 JavaThread "Atmosphere-Scheduler-10" daemon [_thread_blocked, id=10932, stack(0x0000006a65700000,0x0000006a65800000)]
  0x0000017bfc8d1e70 JavaThread "HttpClient-36-Worker-1" daemon [_thread_blocked, id=2120, stack(0x0000006a62200000,0x0000006a62300000)]
  0x0000017bfc8d2340 JavaThread "Atmosphere-Scheduler-11" daemon [_thread_blocked, id=26744, stack(0x0000006a65900000,0x0000006a65a00000)]
  0x0000017bfc8d2810 JavaThread "Atmosphere-Scheduler-12" daemon [_thread_blocked, id=29336, stack(0x0000006a65a00000,0x0000006a65b00000)]
=>0x0000017bfc8cb490 JavaThread "SwingWorker-pool-2-thread-2" daemon [_thread_in_native, id=8984, stack(0x0000006a61800000,0x0000006a61900000)]
  0x0000017bfc8cb960 JavaThread "AWT-Shutdown" [_thread_blocked, id=27372, stack(0x0000006a62700000,0x0000006a62800000)]
  0x0000017b80d3d050 JavaThread "AWT-EventQueue-0" [_thread_blocked, id=8692, stack(0x0000006a65800000,0x0000006a65900000)]

Other Threads:
  0x0000017bf632f2c0 VMThread "VM Thread" [stack: 0x0000006a60100000,0x0000006a60200000] [id=7052]
  0x0000017bf6e8bd10 WatcherThread [stack: 0x0000006a60e00000,0x0000006a60f00000] [id=7252]
  0x0000017bd7a8fab0 GCTaskThread "GC Thread#0" [stack: 0x0000006a5fc00000,0x0000006a5fd00000] [id=23892]
  0x0000017bfc1ba660 GCTaskThread "GC Thread#1" [stack: 0x0000006a61200000,0x0000006a61300000] [id=9084]
  0x0000017bfbf36610 GCTaskThread "GC Thread#2" [stack: 0x0000006a61300000,0x0000006a61400000] [id=4492]
  0x0000017bfbf35440 GCTaskThread "GC Thread#3" [stack: 0x0000006a61400000,0x0000006a61500000] [id=27244]
  0x0000017bfbf35af0 GCTaskThread "GC Thread#4" [stack: 0x0000006a61500000,0x0000006a61600000] [id=34040]
  0x0000017bfc493030 GCTaskThread "GC Thread#5" [stack: 0x0000006a61a00000,0x0000006a61b00000] [id=9140]
  0x0000017bfc658690 GCTaskThread "GC Thread#6" [stack: 0x0000006a61c00000,0x0000006a61d00000] [id=8224]
  0x0000017bfcbb36d0 GCTaskThread "GC Thread#7" [stack: 0x0000006a61d00000,0x0000006a61e00000] [id=33132]
  0x0000017bfc567c70 GCTaskThread "GC Thread#8" [stack: 0x0000006a61e00000,0x0000006a61f00000] [id=34648]
  0x0000017bfdeb8590 GCTaskThread "GC Thread#9" [stack: 0x0000006a62100000,0x0000006a62200000] [id=4316]
  0x0000017bfdeb8af0 GCTaskThread "GC Thread#10" [stack: 0x0000006a62300000,0x0000006a62400000] [id=15912]
  0x0000017bfdeb8030 GCTaskThread "GC Thread#11" [stack: 0x0000006a62400000,0x0000006a62500000] [id=18456]
  0x0000017bfdeb82e0 GCTaskThread "GC Thread#12" [stack: 0x0000006a62500000,0x0000006a62600000] [id=31584]
  0x0000017bd7a9ff80 ConcurrentGCThread "G1 Main Marker" [stack: 0x0000006a5fd00000,0x0000006a5fe00000] [id=15172]
  0x0000017bd7aa1130 ConcurrentGCThread "G1 Conc#0" [stack: 0x0000006a5fe00000,0x0000006a5ff00000] [id=33484]
  0x0000017bfcc0da90 ConcurrentGCThread "G1 Conc#1" [stack: 0x0000006a61f00000,0x0000006a62000000] [id=1604]
  0x0000017bfcb799b0 ConcurrentGCThread "G1 Conc#2" [stack: 0x0000006a62000000,0x0000006a62100000] [id=23280]
  0x0000017bf6261f60 ConcurrentGCThread "G1 Refine#0" [stack: 0x0000006a5ff00000,0x0000006a60000000] [id=344]
  0x0000017bfd42b5a0 ConcurrentGCThread "G1 Refine#1" [stack: 0x0000006a62800000,0x0000006a62900000] [id=28856]
  0x0000017bf6262880 ConcurrentGCThread "G1 Service" [stack: 0x0000006a60000000,0x0000006a60100000] [id=3616]

Threads with active compile tasks:

VM state: not at safepoint (normal execution)

VM Mutex/Monitor currently owned by a thread: None

Heap address: 0x000000070a600000, size: 3930 MB, Compressed Oops mode: Zero based, Oop shift amount: 3

CDS archive(s) not mapped
Compressed class space mapped at: 0x0000000800000000-0x0000000840000000, reserved size: 1073741824
Narrow klass base: 0x0000000800000000, Narrow klass shift: 0, Narrow klass range: 0x40000000

GC Precious Log:
 CPUs: 16 total, 16 available
 Memory: 15712M
 Large Page Support: Disabled
 NUMA Support: Disabled
 Compressed Oops: Enabled (Zero based)
 Heap Region Size: 2M
 Heap Min Capacity: 8M
 Heap Initial Capacity: 246M
 Heap Max Capacity: 3930M
 Pre-touch: Disabled
 Parallel Workers: 13
 Concurrent Workers: 3
 Concurrent Refinement Workers: 13
 Periodic GC: Disabled

Heap:
 garbage-first heap   total 231424K, used 146703K [0x000000070a600000, 0x0000000800000000)
  region size 2048K, 40 young (81920K), 1 survivors (2048K)
 Metaspace       used 85521K, committed 86272K, reserved 1179648K
  class space    used 10326K, committed 10688K, reserved 1048576K

Heap Regions: E=young(eden), S=young(survivor), O=old, HS=humongous(starts), HC=humongous(continues), CS=collection set, F=free, OA=open archive, CA=closed archive, TAMS=top-at-mark-start (previous, next)
|   0|0x000000070a600000, 0x000000070a7ffff8, 0x000000070a800000| 99%| O|  |TAMS 0x000000070a7ffff8, 0x000000070a600000| Untracked 
|   1|0x000000070a800000, 0x000000070aa00000, 0x000000070aa00000|100%| O|  |TAMS 0x000000070aa00000, 0x000000070a800000| Untracked 
|   2|0x000000070aa00000, 0x000000070ac00000, 0x000000070ac00000|100%| O|  |TAMS 0x000000070ac00000, 0x000000070aa00000| Untracked 
|   3|0x000000070ac00000, 0x000000070ae00000, 0x000000070ae00000|100%| O|  |TAMS 0x000000070ae00000, 0x000000070ac00000| Untracked 
|   4|0x000000070ae00000, 0x000000070b000000, 0x000000070b000000|100%| O|  |TAMS 0x000000070b000000, 0x000000070ae00000| Untracked 
|   5|0x000000070b000000, 0x000000070b1ffff0, 0x000000070b200000| 99%| O|  |TAMS 0x000000070b1ffff0, 0x000000070b000000| Untracked 
|   6|0x000000070b200000, 0x000000070b3fd1d8, 0x000000070b400000| 99%| O|  |TAMS 0x000000070b3fd1d8, 0x000000070b200000| Untracked 
|   7|0x000000070b400000, 0x000000070b5ffff0, 0x000000070b600000| 99%| O|  |TAMS 0x000000070b5ffff0, 0x000000070b400000| Untracked 
|   8|0x000000070b600000, 0x000000070b7fffe8, 0x000000070b800000| 99%| O|  |TAMS 0x000000070b7fffe8, 0x000000070b600000| Untracked 
|   9|0x000000070b800000, 0x000000070ba00000, 0x000000070ba00000|100%| O|  |TAMS 0x000000070b800000, 0x000000070b800000| Untracked 
|  10|0x000000070ba00000, 0x000000070bbfff88, 0x000000070bc00000| 99%| O|  |TAMS 0x000000070bbfff88, 0x000000070ba00000| Untracked 
|  11|0x000000070bc00000, 0x000000070be00000, 0x000000070be00000|100%| O|  |TAMS 0x000000070be00000, 0x000000070bc00000| Untracked 
|  12|0x000000070be00000, 0x000000070bfffff8, 0x000000070c000000| 99%| O|  |TAMS 0x000000070bfffff8, 0x000000070be00000| Untracked 
|  13|0x000000070c000000, 0x000000070c1fffd0, 0x000000070c200000| 99%| O|  |TAMS 0x000000070c1fffd0, 0x000000070c000000| Untracked 
|  14|0x000000070c200000, 0x000000070c3ffff0, 0x000000070c400000| 99%| O|  |TAMS 0x000000070c3ffff0, 0x000000070c200000| Untracked 
|  15|0x000000070c400000, 0x000000070c5ffff8, 0x000000070c600000| 99%| O|  |TAMS 0x000000070c5ffff8, 0x000000070c400000| Untracked 
|  16|0x000000070c600000, 0x000000070c7f73a8, 0x000000070c800000| 98%| O|  |TAMS 0x000000070c7f73a8, 0x000000070c600000| Untracked 
|  17|0x000000070c800000, 0x000000070c9fffb0, 0x000000070ca00000| 99%| O|  |TAMS 0x000000070c800000, 0x000000070c800000| Untracked 
|  18|0x000000070ca00000, 0x000000070cbfffd0, 0x000000070cc00000| 99%| O|  |TAMS 0x000000070cbfffd0, 0x000000070ca00000| Untracked 
|  19|0x000000070cc00000, 0x000000070cdc6330, 0x000000070ce00000| 88%| O|  |TAMS 0x000000070cc00000, 0x000000070cc00000| Untracked 
|  20|0x000000070ce00000, 0x000000070cfffff0, 0x000000070d000000| 99%| O|  |TAMS 0x000000070cfffff0, 0x000000070ce00000| Untracked 
|  21|0x000000070d000000, 0x000000070d1fffe8, 0x000000070d200000| 99%| O|  |TAMS 0x000000070d000000, 0x000000070d000000| Untracked 
|  22|0x000000070d200000, 0x000000070d2f3a48, 0x000000070d400000| 47%| O|  |TAMS 0x000000070d200000, 0x000000070d200000| Untracked 
|  23|0x000000070d400000, 0x000000070d4367c0, 0x000000070d600000| 10%| O|  |TAMS 0x000000070d400000, 0x000000070d400000| Untracked 
|  24|0x000000070d600000, 0x000000070d65f140, 0x000000070d800000| 18%| O|  |TAMS 0x000000070d600000, 0x000000070d600000| Untracked 
|  25|0x000000070d800000, 0x000000070da00000, 0x000000070da00000|100%| O|  |TAMS 0x000000070da00000, 0x000000070d800000| Untracked 
|  26|0x000000070da00000, 0x000000070dbfae00, 0x000000070dc00000| 98%| O|  |TAMS 0x000000070dbfae00, 0x000000070da00000| Untracked 
|  27|0x000000070dc00000, 0x000000070dc38728, 0x000000070de00000| 11%| O|  |TAMS 0x000000070dc00000, 0x000000070dc00000| Untracked 
|  28|0x000000070de00000, 0x000000070e000000, 0x000000070e000000|100%| O|  |TAMS 0x000000070de00000, 0x000000070de00000| Untracked 
|  29|0x000000070e000000, 0x000000070e1e2000, 0x000000070e200000| 94%| O|  |TAMS 0x000000070e000000, 0x000000070e000000| Untracked 
|  30|0x000000070e200000, 0x000000070e400000, 0x000000070e400000|100%|HS|  |TAMS 0x000000070e200000, 0x000000070e200000| Complete 
|  31|0x000000070e400000, 0x000000070e400000, 0x000000070e600000|  0%| F|  |TAMS 0x000000070e400000, 0x000000070e400000| Untracked 
|  32|0x000000070e600000, 0x000000070e600000, 0x000000070e800000|  0%| F|  |TAMS 0x000000070e600000, 0x000000070e600000| Untracked 
|  33|0x000000070e800000, 0x000000070e800000, 0x000000070ea00000|  0%| F|  |TAMS 0x000000070e800000, 0x000000070e800000| Untracked 
|  34|0x000000070ea00000, 0x000000070ec00000, 0x000000070ec00000|100%|HS|  |TAMS 0x000000070ea00000, 0x000000070ea00000| Complete 
|  35|0x000000070ec00000, 0x000000070ee00000, 0x000000070ee00000|100%|HC|  |TAMS 0x000000070ec00000, 0x000000070ec00000| Complete 
|  36|0x000000070ee00000, 0x000000070f000000, 0x000000070f000000|100%|HC|  |TAMS 0x000000070ee00000, 0x000000070ee00000| Complete 
|  37|0x000000070f000000, 0x000000070f200000, 0x000000070f200000|100%|HC|  |TAMS 0x000000070f000000, 0x000000070f000000| Complete 
|  38|0x000000070f200000, 0x000000070f400000, 0x000000070f400000|100%|HC|  |TAMS 0x000000070f200000, 0x000000070f200000| Complete 
|  39|0x000000070f400000, 0x000000070f400000, 0x000000070f600000|  0%| F|  |TAMS 0x000000070f400000, 0x000000070f400000| Untracked 
|  40|0x000000070f600000, 0x000000070f600000, 0x000000070f800000|  0%| F|  |TAMS 0x000000070f600000, 0x000000070f600000| Untracked 
|  41|0x000000070f800000, 0x000000070f800000, 0x000000070fa00000|  0%| F|  |TAMS 0x000000070f800000, 0x000000070f800000| Untracked 
|  42|0x000000070fa00000, 0x000000070fa00000, 0x000000070fc00000|  0%| F|  |TAMS 0x000000070fa00000, 0x000000070fa00000| Untracked 
|  43|0x000000070fc00000, 0x000000070fc00000, 0x000000070fe00000|  0%| F|  |TAMS 0x000000070fc00000, 0x000000070fc00000| Untracked 
|  44|0x000000070fe00000, 0x000000070fe00000, 0x0000000710000000|  0%| F|  |TAMS 0x000000070fe00000, 0x000000070fe00000| Untracked 
|  45|0x0000000710000000, 0x0000000710000000, 0x0000000710200000|  0%| F|  |TAMS 0x0000000710000000, 0x0000000710000000| Untracked 
|  46|0x0000000710200000, 0x0000000710200000, 0x0000000710400000|  0%| F|  |TAMS 0x0000000710200000, 0x0000000710200000| Untracked 
|  47|0x0000000710400000, 0x0000000710400000, 0x0000000710600000|  0%| F|  |TAMS 0x0000000710400000, 0x0000000710400000| Untracked 
|  48|0x0000000710600000, 0x0000000710600000, 0x0000000710800000|  0%| F|  |TAMS 0x0000000710600000, 0x0000000710600000| Untracked 
|  49|0x0000000710800000, 0x0000000710800000, 0x0000000710a00000|  0%| F|  |TAMS 0x0000000710800000, 0x0000000710800000| Untracked 
|  50|0x0000000710a00000, 0x0000000710a00000, 0x0000000710c00000|  0%| F|  |TAMS 0x0000000710a00000, 0x0000000710a00000| Untracked 
|  51|0x0000000710c00000, 0x0000000710deae18, 0x0000000710e00000| 95%| S|CS|TAMS 0x0000000710c00000, 0x0000000710c00000| Complete 
|  52|0x0000000710e00000, 0x0000000710e00000, 0x0000000711000000|  0%| F|  |TAMS 0x0000000710e00000, 0x0000000710e00000| Untracked 
|  53|0x0000000711000000, 0x0000000711000000, 0x0000000711200000|  0%| F|  |TAMS 0x0000000711000000, 0x0000000711000000| Untracked 
|  54|0x0000000711200000, 0x0000000711200000, 0x0000000711400000|  0%| F|  |TAMS 0x0000000711200000, 0x0000000711200000| Untracked 
|  55|0x0000000711400000, 0x0000000711400000, 0x0000000711600000|  0%| F|  |TAMS 0x0000000711400000, 0x0000000711400000| Untracked 
|  56|0x0000000711600000, 0x0000000711600000, 0x0000000711800000|  0%| F|  |TAMS 0x0000000711600000, 0x0000000711600000| Untracked 
|  57|0x0000000711800000, 0x0000000711800000, 0x0000000711a00000|  0%| F|  |TAMS 0x0000000711800000, 0x0000000711800000| Untracked 
|  58|0x0000000711a00000, 0x0000000711a00000, 0x0000000711c00000|  0%| F|  |TAMS 0x0000000711a00000, 0x0000000711a00000| Untracked 
|  59|0x0000000711c00000, 0x0000000711c00000, 0x0000000711e00000|  0%| F|  |TAMS 0x0000000711c00000, 0x0000000711c00000| Untracked 
|  60|0x0000000711e00000, 0x0000000711e00000, 0x0000000712000000|  0%| F|  |TAMS 0x0000000711e00000, 0x0000000711e00000| Untracked 
|  61|0x0000000712000000, 0x0000000712000000, 0x0000000712200000|  0%| F|  |TAMS 0x0000000712000000, 0x0000000712000000| Untracked 
|  62|0x0000000712200000, 0x0000000712200000, 0x0000000712400000|  0%| F|  |TAMS 0x0000000712200000, 0x0000000712200000| Untracked 
|  63|0x0000000712400000, 0x0000000712400000, 0x0000000712600000|  0%| F|  |TAMS 0x0000000712400000, 0x0000000712400000| Untracked 
|  64|0x0000000712600000, 0x0000000712600000, 0x0000000712800000|  0%| F|  |TAMS 0x0000000712600000, 0x0000000712600000| Untracked 
|  65|0x0000000712800000, 0x0000000712800000, 0x0000000712a00000|  0%| F|  |TAMS 0x0000000712800000, 0x0000000712800000| Untracked 
|  66|0x0000000712a00000, 0x0000000712a00000, 0x0000000712c00000|  0%| F|  |TAMS 0x0000000712a00000, 0x0000000712a00000| Untracked 
|  67|0x0000000712c00000, 0x0000000712c00000, 0x0000000712e00000|  0%| F|  |TAMS 0x0000000712c00000, 0x0000000712c00000| Untracked 
|  68|0x0000000712e00000, 0x0000000712e00000, 0x0000000713000000|  0%| F|  |TAMS 0x0000000712e00000, 0x0000000712e00000| Untracked 
|  69|0x0000000713000000, 0x0000000713000000, 0x0000000713200000|  0%| F|  |TAMS 0x0000000713000000, 0x0000000713000000| Untracked 
|  70|0x0000000713200000, 0x0000000713200000, 0x0000000713400000|  0%| F|  |TAMS 0x0000000713200000, 0x0000000713200000| Untracked 
|  71|0x0000000713400000, 0x0000000713400000, 0x0000000713600000|  0%| F|  |TAMS 0x0000000713400000, 0x0000000713400000| Untracked 
|  72|0x0000000713600000, 0x0000000713600000, 0x0000000713800000|  0%| F|  |TAMS 0x0000000713600000, 0x0000000713600000| Untracked 
|  73|0x0000000713800000, 0x0000000713800000, 0x0000000713a00000|  0%| F|  |TAMS 0x0000000713800000, 0x0000000713800000| Untracked 
|  74|0x0000000713a00000, 0x0000000713b1aa50, 0x0000000713c00000| 55%| E|  |TAMS 0x0000000713a00000, 0x0000000713a00000| Complete 
|  75|0x0000000713c00000, 0x0000000713e00000, 0x0000000713e00000|100%| E|CS|TAMS 0x0000000713c00000, 0x0000000713c00000| Complete 
|  76|0x0000000713e00000, 0x0000000714000000, 0x0000000714000000|100%| E|CS|TAMS 0x0000000713e00000, 0x0000000713e00000| Complete 
|  77|0x0000000714000000, 0x0000000714200000, 0x0000000714200000|100%| E|CS|TAMS 0x0000000714000000, 0x0000000714000000| Complete 
|  78|0x0000000714200000, 0x0000000714400000, 0x0000000714400000|100%| E|CS|TAMS 0x0000000714200000, 0x0000000714200000| Complete 
|  79|0x0000000714400000, 0x0000000714600000, 0x0000000714600000|100%| E|CS|TAMS 0x0000000714400000, 0x0000000714400000| Complete 
|  80|0x0000000714600000, 0x0000000714800000, 0x0000000714800000|100%| E|CS|TAMS 0x0000000714600000, 0x0000000714600000| Complete 
|  81|0x0000000714800000, 0x0000000714a00000, 0x0000000714a00000|100%| E|CS|TAMS 0x0000000714800000, 0x0000000714800000| Complete 
|  82|0x0000000714a00000, 0x0000000714c00000, 0x0000000714c00000|100%| E|CS|TAMS 0x0000000714a00000, 0x0000000714a00000| Complete 
|  83|0x0000000714c00000, 0x0000000714e00000, 0x0000000714e00000|100%| E|CS|TAMS 0x0000000714c00000, 0x0000000714c00000| Complete 
|  84|0x0000000714e00000, 0x0000000715000000, 0x0000000715000000|100%| E|CS|TAMS 0x0000000714e00000, 0x0000000714e00000| Complete 
|  85|0x0000000715000000, 0x0000000715200000, 0x0000000715200000|100%| E|CS|TAMS 0x0000000715000000, 0x0000000715000000| Complete 
|  86|0x0000000715200000, 0x0000000715400000, 0x0000000715400000|100%| E|CS|TAMS 0x0000000715200000, 0x0000000715200000| Complete 
|  87|0x0000000715400000, 0x0000000715600000, 0x0000000715600000|100%| E|CS|TAMS 0x0000000715400000, 0x0000000715400000| Complete 
|  88|0x0000000715600000, 0x0000000715800000, 0x0000000715800000|100%| E|CS|TAMS 0x0000000715600000, 0x0000000715600000| Complete 
|  89|0x0000000715800000, 0x0000000715a00000, 0x0000000715a00000|100%| E|CS|TAMS 0x0000000715800000, 0x0000000715800000| Complete 
|  90|0x0000000715a00000, 0x0000000715c00000, 0x0000000715c00000|100%| E|CS|TAMS 0x0000000715a00000, 0x0000000715a00000| Complete 
|  91|0x0000000715c00000, 0x0000000715e00000, 0x0000000715e00000|100%| E|CS|TAMS 0x0000000715c00000, 0x0000000715c00000| Complete 
|  92|0x0000000715e00000, 0x0000000716000000, 0x0000000716000000|100%| E|CS|TAMS 0x0000000715e00000, 0x0000000715e00000| Complete 
|  93|0x0000000716000000, 0x0000000716200000, 0x0000000716200000|100%| E|CS|TAMS 0x0000000716000000, 0x0000000716000000| Complete 
|  94|0x0000000716200000, 0x0000000716400000, 0x0000000716400000|100%| E|CS|TAMS 0x0000000716200000, 0x0000000716200000| Complete 
|  95|0x0000000716400000, 0x0000000716600000, 0x0000000716600000|100%| E|CS|TAMS 0x0000000716400000, 0x0000000716400000| Complete 
|  96|0x0000000716600000, 0x0000000716800000, 0x0000000716800000|100%| E|CS|TAMS 0x0000000716600000, 0x0000000716600000| Complete 
|  97|0x0000000716800000, 0x0000000716a00000, 0x0000000716a00000|100%| E|CS|TAMS 0x0000000716800000, 0x0000000716800000| Complete 
|  98|0x0000000716a00000, 0x0000000716c00000, 0x0000000716c00000|100%| E|CS|TAMS 0x0000000716a00000, 0x0000000716a00000| Complete 
|  99|0x0000000716c00000, 0x0000000716e00000, 0x0000000716e00000|100%| E|CS|TAMS 0x0000000716c00000, 0x0000000716c00000| Complete 
| 100|0x0000000716e00000, 0x0000000717000000, 0x0000000717000000|100%| E|CS|TAMS 0x0000000716e00000, 0x0000000716e00000| Complete 
| 101|0x0000000717000000, 0x0000000717200000, 0x0000000717200000|100%| E|CS|TAMS 0x0000000717000000, 0x0000000717000000| Complete 
| 102|0x0000000717200000, 0x0000000717400000, 0x0000000717400000|100%| E|CS|TAMS 0x0000000717200000, 0x0000000717200000| Complete 
| 103|0x0000000717400000, 0x0000000717600000, 0x0000000717600000|100%| E|CS|TAMS 0x0000000717400000, 0x0000000717400000| Complete 
| 104|0x0000000717600000, 0x0000000717800000, 0x0000000717800000|100%| E|CS|TAMS 0x0000000717600000, 0x0000000717600000| Complete 
| 105|0x0000000717800000, 0x0000000717a00000, 0x0000000717a00000|100%| E|CS|TAMS 0x0000000717800000, 0x0000000717800000| Complete 
| 106|0x0000000717a00000, 0x0000000717c00000, 0x0000000717c00000|100%| E|CS|TAMS 0x0000000717a00000, 0x0000000717a00000| Complete 
| 107|0x0000000717c00000, 0x0000000717e00000, 0x0000000717e00000|100%| E|CS|TAMS 0x0000000717c00000, 0x0000000717c00000| Complete 
| 108|0x0000000717e00000, 0x0000000718000000, 0x0000000718000000|100%| E|CS|TAMS 0x0000000717e00000, 0x0000000717e00000| Complete 
| 109|0x0000000718000000, 0x0000000718200000, 0x0000000718200000|100%| E|CS|TAMS 0x0000000718000000, 0x0000000718000000| Complete 
| 110|0x0000000718200000, 0x0000000718400000, 0x0000000718400000|100%| E|CS|TAMS 0x0000000718200000, 0x0000000718200000| Complete 
| 111|0x0000000718400000, 0x0000000718600000, 0x0000000718600000|100%| E|CS|TAMS 0x0000000718400000, 0x0000000718400000| Complete 
| 112|0x0000000718600000, 0x0000000718800000, 0x0000000718800000|100%| E|CS|TAMS 0x0000000718600000, 0x0000000718600000| Complete 

Card table byte_map: [0x0000017beb0f0000,0x0000017beb8a0000] _byte_map_base: 0x0000017be789d000

Marking Bits (Prev, Next): (CMBitMap*) 0x0000017bd7a90100, (CMBitMap*) 0x0000017bd7a900c0
 Prev Bits: [0x0000017befdc0000, 0x0000017bf3b28000)
 Next Bits: [0x0000017bec050000, 0x0000017befdb8000)

Polling page: 0x0000017bd5950000

Metaspace:

Usage:
  Non-class:     73.43 MB used.
      Class:     10.08 MB used.
       Both:     83.52 MB used.

Virtual space:
  Non-class space:      128.00 MB reserved,      73.81 MB ( 58%) committed,  2 nodes.
      Class space:        1.00 GB reserved,      10.44 MB (  1%) committed,  1 nodes.
             Both:        1.12 GB reserved,      84.25 MB (  7%) committed. 

Chunk freelists:
   Non-Class:  5.41 MB
       Class:  5.52 MB
        Both:  10.93 MB

MaxMetaspaceSize: unlimited
CompressedClassSpaceSize: 1.00 GB
Initial GC threshold: 21.00 MB
Current GC threshold: 139.31 MB
CDS: off
MetaspaceReclaimPolicy: balanced
 - commit_granule_bytes: 65536.
 - commit_granule_words: 8192.
 - virtual_space_node_default_size: 8388608.
 - enlarge_chunks_in_place: 1.
 - new_chunks_are_fully_committed: 0.
 - uncommit_free_chunks: 1.
 - use_allocation_guard: 0.
 - handle_deallocations: 1.


Internal statistics:

num_allocs_failed_limit: 12.
num_arena_births: 1080.
num_arena_deaths: 4.
num_vsnodes_births: 3.
num_vsnodes_deaths: 0.
num_space_committed: 1347.
num_space_uncommitted: 0.
num_chunks_returned_to_freelist: 17.
num_chunks_taken_from_freelist: 3797.
num_chunk_merges: 3.
num_chunk_splits: 2535.
num_chunks_enlarged: 1793.
num_inconsistent_stats: 0.

CodeHeap 'non-profiled nmethods': size=119168Kb used=10271Kb max_used=10804Kb free=108897Kb
 bounds [0x0000017be2c50000, 0x0000017be36e0000, 0x0000017bea0b0000]
CodeHeap 'profiled nmethods': size=119104Kb used=23743Kb max_used=25620Kb free=95360Kb
 bounds [0x0000017bdb0b0000, 0x0000017bdc9c0000, 0x0000017be2500000]
CodeHeap 'non-nmethods': size=7488Kb used=1393Kb max_used=3150Kb free=6094Kb
 bounds [0x0000017be2500000, 0x0000017be2820000, 0x0000017be2c50000]
 total_blobs=11976 nmethods=11237 adapters=650
 compilation: enabled
              stopped_count=0, restarted_count=0
 full_count=0

Compilation events (20 events):
Event: 109.289 Thread 0x0000017bf6bd51c0 nmethod 13892 0x0000017bdb585690 code [0x0000017bdb585820, 0x0000017bdb5859d8]
Event: 109.290 Thread 0x0000017bf6bd47d0 13893       4       elemental.json.impl.JreJsonArray::traverse (77 bytes)
Event: 109.290 Thread 0x0000017bf6bd51c0 13894       3       java.text.SimpleDateFormat::format (21 bytes)
Event: 109.290 Thread 0x0000017bf6bd51c0 nmethod 13894 0x0000017bdb477110 code [0x0000017bdb4772c0, 0x0000017bdb4774f8]
Event: 109.290 Thread 0x0000017bf6bd51c0 13895       3       java.text.SimpleDateFormat::format (171 bytes)
Event: 109.291 Thread 0x0000017bf6bd51c0 nmethod 13895 0x0000017bdb5da490 code [0x0000017bdb5da700, 0x0000017bdb5db4d8]
Event: 109.291 Thread 0x0000017bf6bd51c0 13896   !   3       sun.nio.ch.SocketChannelImpl::write (186 bytes)
Event: 109.292 Thread 0x0000017bf6bd51c0 nmethod 13896 0x0000017bdb0bef90 code [0x0000017bdb0bf320, 0x0000017bdb0c0aa8]
Event: 109.292 Thread 0x0000017bf6bd51c0 13897   !   3       org.apache.catalina.core.StandardContext::unbind (92 bytes)
Event: 109.293 Thread 0x0000017bf6bd51c0 nmethod 13897 0x0000017bdb2f0190 code [0x0000017bdb2f0460, 0x0000017bdb2f1738]
Event: 109.294 Thread 0x0000017bf6bd51c0 13899       1       java.util.TreeMap$Entry::getValue (5 bytes)
Event: 109.294 Thread 0x0000017bf6bd51c0 nmethod 13899 0x0000017be2c6e090 code [0x0000017be2c6e220, 0x0000017be2c6e2f8]
Event: 109.295 Thread 0x0000017bf6bd51c0 13900       3       com.google.protobuf.util.JsonFormat$PrettyTextGenerator::write (48 bytes)
Event: 109.295 Thread 0x0000017bf6bd51c0 nmethod 13900 0x0000017bdba04f10 code [0x0000017bdba050e0, 0x0000017bdba05508]
Event: 109.296 Thread 0x0000017bf6bd51c0 13901       3       com.google.protobuf.util.JsonFormat$PrettyTextGenerator::print (75 bytes)
Event: 109.296 Thread 0x0000017bf6bd51c0 nmethod 13901 0x0000017bdb0b1210 code [0x0000017bdb0b1400, 0x0000017bdb0b19d8]
Event: 109.300 Thread 0x0000017bf6bd51c0 13902   !   3       org.apache.catalina.connector.Request::getUserPrincipal (106 bytes)
Event: 109.300 Thread 0x0000017bf6bd51c0 nmethod 13902 0x0000017bdbbf7210 code [0x0000017bdbbf74c0, 0x0000017bdbbf83f8]
Event: 109.300 Thread 0x0000017bf6bd51c0 13903       1       org.apache.catalina.core.StandardContext::findConstraints (5 bytes)
Event: 109.301 Thread 0x0000017bf6bd51c0 nmethod 13903 0x0000017be2c6dd90 code [0x0000017be2c6df20, 0x0000017be2c6dff8]

GC Heap History (20 events):
Event: 100.085 GC heap before
{Heap before GC invocations=81 (full 4):
 garbage-first heap   total 192512K, used 156502K [0x000000070a600000, 0x0000000800000000)
  region size 2048K, 52 young (106496K), 3 survivors (6144K)
 Metaspace       used 85153K, committed 85824K, reserved 1179648K
  class space    used 10290K, committed 10624K, reserved 1048576K
}
Event: 100.088 GC heap after
{Heap after GC invocations=82 (full 4):
 garbage-first heap   total 192512K, used 56795K [0x000000070a600000, 0x0000000800000000)
  region size 2048K, 3 young (6144K), 3 survivors (6144K)
 Metaspace       used 85153K, committed 85824K, reserved 1179648K
  class space    used 10290K, committed 10624K, reserved 1048576K
}
Event: 100.229 GC heap before
{Heap before GC invocations=82 (full 4):
 garbage-first heap   total 192512K, used 173531K [0x000000070a600000, 0x0000000800000000)
  region size 2048K, 50 young (102400K), 3 survivors (6144K)
 Metaspace       used 85163K, committed 85824K, reserved 1179648K
  class space    used 10290K, committed 10624K, reserved 1048576K
}
Event: 100.231 GC heap after
{Heap after GC invocations=83 (full 4):
 garbage-first heap   total 192512K, used 67489K [0x000000070a600000, 0x0000000800000000)
  region size 2048K, 4 young (8192K), 4 survivors (8192K)
 Metaspace       used 85163K, committed 85824K, reserved 1179648K
  class space    used 10290K, committed 10624K, reserved 1048576K
}
Event: 100.388 GC heap before
{Heap before GC invocations=83 (full 4):
 garbage-first heap   total 192512K, used 155553K [0x000000070a600000, 0x0000000800000000)
  region size 2048K, 47 young (96256K), 4 survivors (8192K)
 Metaspace       used 85163K, committed 85824K, reserved 1179648K
  class space    used 10290K, committed 10624K, reserved 1048576K
}
Event: 100.391 GC heap after
{Heap after GC invocations=84 (full 4):
 garbage-first heap   total 231424K, used 66626K [0x000000070a600000, 0x0000000800000000)
  region size 2048K, 2 young (4096K), 2 survivors (4096K)
 Metaspace       used 85163K, committed 85824K, reserved 1179648K
  class space    used 10290K, committed 10624K, reserved 1048576K
}
Event: 100.600 GC heap before
{Heap before GC invocations=84 (full 4):
 garbage-first heap   total 231424K, used 189506K [0x000000070a600000, 0x0000000800000000)
  region size 2048K, 62 young (126976K), 2 survivors (4096K)
 Metaspace       used 85163K, committed 85824K, reserved 1179648K
  class space    used 10290K, committed 10624K, reserved 1048576K
}
Event: 100.601 GC heap after
{Heap after GC invocations=85 (full 4):
 garbage-first heap   total 231424K, used 66742K [0x000000070a600000, 0x0000000800000000)
  region size 2048K, 2 young (4096K), 2 survivors (4096K)
 Metaspace       used 85163K, committed 85824K, reserved 1179648K
  class space    used 10290K, committed 10624K, reserved 1048576K
}
Event: 100.815 GC heap before
{Heap before GC invocations=85 (full 4):
 garbage-first heap   total 231424K, used 191670K [0x000000070a600000, 0x0000000800000000)
  region size 2048K, 63 young (129024K), 2 survivors (4096K)
 Metaspace       used 85163K, committed 85824K, reserved 1179648K
  class space    used 10290K, committed 10624K, reserved 1048576K
}
Event: 100.817 GC heap after
{Heap after GC invocations=86 (full 4):
 garbage-first heap   total 231424K, used 68035K [0x000000070a600000, 0x0000000800000000)
  region size 2048K, 2 young (4096K), 2 survivors (4096K)
 Metaspace       used 85163K, committed 85824K, reserved 1179648K
  class space    used 10290K, committed 10624K, reserved 1048576K
}
Event: 101.015 GC heap before
{Heap before GC invocations=86 (full 4):
 garbage-first heap   total 231424K, used 192963K [0x000000070a600000, 0x0000000800000000)
  region size 2048K, 63 young (129024K), 2 survivors (4096K)
 Metaspace       used 85163K, committed 85824K, reserved 1179648K
  class space    used 10290K, committed 10624K, reserved 1048576K
}
Event: 101.017 GC heap after
{Heap after GC invocations=87 (full 4):
 garbage-first heap   total 231424K, used 72628K [0x000000070a600000, 0x0000000800000000)
  region size 2048K, 5 young (10240K), 5 survivors (10240K)
 Metaspace       used 85163K, committed 85824K, reserved 1179648K
  class space    used 10290K, committed 10624K, reserved 1048576K
}
Event: 101.267 GC heap before
{Heap before GC invocations=87 (full 4):
 garbage-first heap   total 231424K, used 185268K [0x000000070a600000, 0x0000000800000000)
  region size 2048K, 60 young (122880K), 5 survivors (10240K)
 Metaspace       used 85163K, committed 85824K, reserved 1179648K
  class space    used 10290K, committed 10624K, reserved 1048576K
}
Event: 101.269 GC heap after
{Heap after GC invocations=88 (full 4):
 garbage-first heap   total 231424K, used 69068K [0x000000070a600000, 0x0000000800000000)
  region size 2048K, 3 young (6144K), 3 survivors (6144K)
 Metaspace       used 85163K, committed 85824K, reserved 1179648K
  class space    used 10290K, committed 10624K, reserved 1048576K
}
Event: 101.500 GC heap before
{Heap before GC invocations=88 (full 4):
 garbage-first heap   total 231424K, used 187852K [0x000000070a600000, 0x0000000800000000)
  region size 2048K, 61 young (124928K), 3 survivors (6144K)
 Metaspace       used 85163K, committed 85824K, reserved 1179648K
  class space    used 10290K, committed 10624K, reserved 1048576K
}
Event: 101.502 GC heap after
{Heap after GC invocations=89 (full 4):
 garbage-first heap   total 231424K, used 68740K [0x000000070a600000, 0x0000000800000000)
  region size 2048K, 2 young (4096K), 2 survivors (4096K)
 Metaspace       used 85163K, committed 85824K, reserved 1179648K
  class space    used 10290K, committed 10624K, reserved 1048576K
}
Event: 101.767 GC heap before
{Heap before GC invocations=89 (full 4):
 garbage-first heap   total 231424K, used 189572K [0x000000070a600000, 0x0000000800000000)
  region size 2048K, 61 young (124928K), 2 survivors (4096K)
 Metaspace       used 85163K, committed 85824K, reserved 1179648K
  class space    used 10290K, committed 10624K, reserved 1048576K
}
Event: 101.769 GC heap after
{Heap after GC invocations=90 (full 4):
 garbage-first heap   total 231424K, used 68914K [0x000000070a600000, 0x0000000800000000)
  region size 2048K, 2 young (4096K), 2 survivors (4096K)
 Metaspace       used 85163K, committed 85824K, reserved 1179648K
  class space    used 10290K, committed 10624K, reserved 1048576K
}
Event: 101.971 GC heap before
{Heap before GC invocations=90 (full 4):
 garbage-first heap   total 231424K, used 189746K [0x000000070a600000, 0x0000000800000000)
  region size 2048K, 61 young (124928K), 2 survivors (4096K)
 Metaspace       used 85163K, committed 85824K, reserved 1179648K
  class space    used 10290K, committed 10624K, reserved 1048576K
}
Event: 101.972 GC heap after
{Heap after GC invocations=91 (full 4):
 garbage-first heap   total 231424K, used 66831K [0x000000070a600000, 0x0000000800000000)
  region size 2048K, 1 young (2048K), 1 survivors (2048K)
 Metaspace       used 85163K, committed 85824K, reserved 1179648K
  class space    used 10290K, committed 10624K, reserved 1048576K
}

Dll operation events (12 events):
Event: 0.006 Loaded shared library C:\Users\doubl\.p2\pool\plugins\org.eclipse.justj.openjdk.hotspot.jre.full.win32.x86_64_17.0.7.v20230425-1502\jre\bin\java.dll
Event: 0.145 Loaded shared library C:\Users\doubl\.p2\pool\plugins\org.eclipse.justj.openjdk.hotspot.jre.full.win32.x86_64_17.0.7.v20230425-1502\jre\bin\net.dll
Event: 0.147 Loaded shared library C:\Users\doubl\.p2\pool\plugins\org.eclipse.justj.openjdk.hotspot.jre.full.win32.x86_64_17.0.7.v20230425-1502\jre\bin\nio.dll
Event: 0.151 Loaded shared library C:\Users\doubl\.p2\pool\plugins\org.eclipse.justj.openjdk.hotspot.jre.full.win32.x86_64_17.0.7.v20230425-1502\jre\bin\zip.dll
Event: 0.270 Loaded shared library C:\Users\doubl\.p2\pool\plugins\org.eclipse.justj.openjdk.hotspot.jre.full.win32.x86_64_17.0.7.v20230425-1502\jre\bin\jimage.dll
Event: 0.522 Loaded shared library C:\Users\doubl\.p2\pool\plugins\org.eclipse.justj.openjdk.hotspot.jre.full.win32.x86_64_17.0.7.v20230425-1502\jre\bin\management.dll
Event: 0.524 Loaded shared library C:\Users\doubl\.p2\pool\plugins\org.eclipse.justj.openjdk.hotspot.jre.full.win32.x86_64_17.0.7.v20230425-1502\jre\bin\management_ext.dll
Event: 1.678 Loaded shared library C:\Users\doubl\.p2\pool\plugins\org.eclipse.justj.openjdk.hotspot.jre.full.win32.x86_64_17.0.7.v20230425-1502\jre\bin\sunmscapi.dll
Event: 3.009 Loaded shared library C:\Users\doubl\.p2\pool\plugins\org.eclipse.justj.openjdk.hotspot.jre.full.win32.x86_64_17.0.7.v20230425-1502\jre\bin\verify.dll
Event: 9.840 Loaded shared library C:\Users\doubl\AppData\Local\Temp\jna-95774484\jna5362407152723416051.dll
Event: 14.852 Loaded shared library C:\Users\doubl\.p2\pool\plugins\org.eclipse.justj.openjdk.hotspot.jre.full.win32.x86_64_17.0.7.v20230425-1502\jre\bin\awt.dll
Event: 42.820 Loaded shared library C:\Users\doubl\Desktop\Breathe\BREATHE\breathe.web\target\classes\PulseJNI.dll

Deoptimization events (20 events):
Event: 100.231 Thread 0x0000017bf6e97fd0 Uncommon trap: trap_request=0xffffff45 fr.pc=0x0000017be2da5750 relative=0x0000000000000dd0
Event: 100.231 Thread 0x0000017bf6e97fd0 Uncommon trap: reason=unstable_if action=reinterpret pc=0x0000017be2da5750 method=java.util.zip.ZipFile$CleanableResource.releaseInflater(Ljava/util/zip/Inflater;)V @ 18 c2
Event: 100.231 Thread 0x0000017bf6e97fd0 DEOPT PACKING pc=0x0000017be2da5750 sp=0x0000006a60ffee80
Event: 100.231 Thread 0x0000017bf6e97fd0 DEOPT UNPACKING pc=0x0000017be25569a3 sp=0x0000006a60ffede0 mode 2
Event: 102.594 Thread 0x0000017bfdc193e0 Uncommon trap: trap_request=0xffffffbe fr.pc=0x0000017be36bb328 relative=0x0000000000000fa8
Event: 102.594 Thread 0x0000017bfdc193e0 Uncommon trap: reason=profile_predicate action=maybe_recompile pc=0x0000017be36bb328 method=org.springframework.util.ReflectionUtils.doWithLocalFields(Ljava/lang/Class;Lorg/springframework/util/ReflectionUtils$FieldCallback;)V @ 14 c2
Event: 102.594 Thread 0x0000017bfdc193e0 DEOPT PACKING pc=0x0000017be36bb328 sp=0x0000006a641fbd10
Event: 102.594 Thread 0x0000017bfdc193e0 DEOPT UNPACKING pc=0x0000017be25569a3 sp=0x0000006a641fbce0 mode 2
Event: 102.594 Thread 0x0000017bfdc193e0 Uncommon trap: trap_request=0xffffffbe fr.pc=0x0000017be36bb328 relative=0x0000000000000fa8
Event: 102.594 Thread 0x0000017bfdc193e0 Uncommon trap: reason=profile_predicate action=maybe_recompile pc=0x0000017be36bb328 method=org.springframework.util.ReflectionUtils.doWithLocalFields(Ljava/lang/Class;Lorg/springframework/util/ReflectionUtils$FieldCallback;)V @ 14 c2
Event: 102.594 Thread 0x0000017bfdc193e0 DEOPT PACKING pc=0x0000017be36bb328 sp=0x0000006a641fbd10
Event: 102.594 Thread 0x0000017bfdc193e0 DEOPT UNPACKING pc=0x0000017be25569a3 sp=0x0000006a641fbce0 mode 2
Event: 102.595 Thread 0x0000017bfdc193e0 Uncommon trap: trap_request=0xffffffbe fr.pc=0x0000017be36bb328 relative=0x0000000000000fa8
Event: 102.595 Thread 0x0000017bfdc193e0 Uncommon trap: reason=profile_predicate action=maybe_recompile pc=0x0000017be36bb328 method=org.springframework.util.ReflectionUtils.doWithLocalFields(Ljava/lang/Class;Lorg/springframework/util/ReflectionUtils$FieldCallback;)V @ 14 c2
Event: 102.595 Thread 0x0000017bfdc193e0 DEOPT PACKING pc=0x0000017be36bb328 sp=0x0000006a641fbd10
Event: 102.595 Thread 0x0000017bfdc193e0 DEOPT UNPACKING pc=0x0000017be25569a3 sp=0x0000006a641fbce0 mode 2
Event: 102.595 Thread 0x0000017bfdc193e0 Uncommon trap: trap_request=0xffffff76 fr.pc=0x0000017be36cd0a8 relative=0x0000000000000088
Event: 102.595 Thread 0x0000017bfdc193e0 Uncommon trap: reason=predicate action=maybe_recompile pc=0x0000017be36cd0a8 method=java.util.TimSort.binarySort([Ljava/lang/Object;IIILjava/util/Comparator;)V @ 34 c2
Event: 102.595 Thread 0x0000017bfdc193e0 DEOPT PACKING pc=0x0000017be36cd0a8 sp=0x0000006a641fb5d0
Event: 102.595 Thread 0x0000017bfdc193e0 DEOPT UNPACKING pc=0x0000017be25569a3 sp=0x0000006a641fb580 mode 2

Classes unloaded (2 events):
Event: 38.614 Thread 0x0000017bf632f2c0 Unloading class 0x00000008007a0000 'java/lang/invoke/LambdaForm$DMH+0x00000008007a0000'
Event: 99.166 Thread 0x0000017bf632f2c0 Unloading class 0x0000000800a49800 'org/apache/catalina/loader/JdbcLeakPrevention'

Classes redefined (0 events):
No events

Internal exceptions (20 events):
Event: 99.507 Thread 0x0000017b806f2a90 Exception <a 'sun/nio/fs/WindowsException'{0x0000000713881520}> (0x0000000713881520) 
thrown [s\src\hotspot\share\prims\jni.cpp, line 516]
Event: 99.507 Thread 0x0000017b806f2a90 Exception <a 'sun/nio/fs/WindowsException'{0x0000000713885b08}> (0x0000000713885b08) 
thrown [s\src\hotspot\share\prims\jni.cpp, line 516]
Event: 99.519 Thread 0x0000017b806f2a90 Exception <a 'sun/nio/fs/WindowsException'{0x000000071357c158}> (0x000000071357c158) 
thrown [s\src\hotspot\share\prims\jni.cpp, line 516]
Event: 99.520 Thread 0x0000017b806f2a90 Exception <a 'sun/nio/fs/WindowsException'{0x0000000713580740}> (0x0000000713580740) 
thrown [s\src\hotspot\share\prims\jni.cpp, line 516]
Event: 99.521 Thread 0x0000017b806f2a90 Exception <a 'sun/nio/fs/WindowsException'{0x00000007135a5b98}> (0x00000007135a5b98) 
thrown [s\src\hotspot\share\prims\jni.cpp, line 516]
Event: 99.522 Thread 0x0000017b806f2a90 Exception <a 'sun/nio/fs/WindowsException'{0x00000007135aa180}> (0x00000007135aa180) 
thrown [s\src\hotspot\share\prims\jni.cpp, line 516]
Event: 99.624 Thread 0x0000017b806f2a90 Exception <a 'sun/nio/fs/WindowsException'{0x00000007114bf520}> (0x00000007114bf520) 
thrown [s\src\hotspot\share\prims\jni.cpp, line 516]
Event: 99.674 Thread 0x0000017b806f2a90 Exception <a 'sun/nio/fs/WindowsException'{0x0000000715af0528}> (0x0000000715af0528) 
thrown [s\src\hotspot\share\prims\jni.cpp, line 516]
Event: 99.681 Thread 0x0000017b806f2a90 Exception <a 'sun/nio/fs/WindowsException'{0x0000000715982398}> (0x0000000715982398) 
thrown [s\src\hotspot\share\prims\jni.cpp, line 516]
Event: 99.798 Thread 0x0000017b806f2a90 Exception <a 'sun/nio/fs/WindowsException'{0x0000000715d01d30}> (0x0000000715d01d30) 
thrown [s\src\hotspot\share\prims\jni.cpp, line 516]
Event: 99.806 Thread 0x0000017b806f2a90 Exception <a 'sun/nio/fs/WindowsException'{0x0000000715946f58}> (0x0000000715946f58) 
thrown [s\src\hotspot\share\prims\jni.cpp, line 516]
Event: 99.983 Thread 0x0000017b806f2a90 Exception <a 'sun/nio/fs/WindowsException'{0x0000000714373378}> (0x0000000714373378) 
thrown [s\src\hotspot\share\prims\jni.cpp, line 516]
Event: 99.983 Thread 0x0000017b806f2a90 Exception <a 'sun/nio/fs/WindowsException'{0x0000000714377960}> (0x0000000714377960) 
thrown [s\src\hotspot\share\prims\jni.cpp, line 516]
Event: 100.033 Thread 0x0000017b806f2a90 Exception <a 'java/lang/reflect/InvocationTargetException'{0x0000000713bb9c20}> (0x0000000713bb9c20) 
thrown [s\src\hotspot\share\runtime\reflection.cpp, line 1121]
Event: 100.069 Thread 0x0000017b806f2a90 Exception <a 'java/io/FileNotFoundException'{0x0000000711caa0b8}> (0x0000000711caa0b8) 
thrown [s\src\hotspot\share\prims\jni.cpp, line 516]
Event: 100.070 Thread 0x0000017b806f2a90 Exception <a 'java/io/FileNotFoundException'{0x0000000711cb6f30}> (0x0000000711cb6f30) 
thrown [s\src\hotspot\share\prims\jni.cpp, line 516]
Event: 102.020 Thread 0x0000017b806f2a90 Exception <a 'sun/nio/fs/WindowsException'{0x0000000716eac298}> (0x0000000716eac298) 
thrown [s\src\hotspot\share\prims\jni.cpp, line 516]
Event: 102.020 Thread 0x0000017b806f2a90 Exception <a 'sun/nio/fs/WindowsException'{0x0000000716eac5a8}> (0x0000000716eac5a8) 
thrown [s\src\hotspot\share\prims\jni.cpp, line 516]
Event: 102.020 Thread 0x0000017b806f2a90 Exception <a 'sun/nio/fs/WindowsException'{0x0000000716ead1c8}> (0x0000000716ead1c8) 
thrown [s\src\hotspot\share\prims\jni.cpp, line 516]
Event: 102.020 Thread 0x0000017b806f2a90 Exception <a 'sun/nio/fs/WindowsException'{0x0000000716ead4c8}> (0x0000000716ead4c8) 
thrown [s\src\hotspot\share\prims\jni.cpp, line 516]

VM Operations (20 events):
Event: 101.267 Executing VM operation: G1CollectForAllocation
Event: 101.269 Executing VM operation: G1CollectForAllocation done
Event: 101.500 Executing VM operation: G1CollectForAllocation
Event: 101.502 Executing VM operation: G1CollectForAllocation done
Event: 101.767 Executing VM operation: G1CollectForAllocation
Event: 101.769 Executing VM operation: G1CollectForAllocation done
Event: 101.971 Executing VM operation: G1CollectForAllocation
Event: 101.973 Executing VM operation: G1CollectForAllocation done
Event: 102.060 Executing VM operation: HandshakeAllThreads
Event: 102.060 Executing VM operation: HandshakeAllThreads done
Event: 102.205 Executing VM operation: HandshakeAllThreads
Event: 102.205 Executing VM operation: HandshakeAllThreads done
Event: 102.545 Executing VM operation: HandshakeAllThreads
Event: 102.545 Executing VM operation: HandshakeAllThreads done
Event: 103.555 Executing VM operation: Cleanup
Event: 103.556 Executing VM operation: Cleanup done
Event: 105.566 Executing VM operation: Cleanup
Event: 105.566 Executing VM operation: Cleanup done
Event: 107.576 Executing VM operation: Cleanup
Event: 107.576 Executing VM operation: Cleanup done

Events (20 events):
Event: 102.556 Thread 0x0000017bf6be8380 flushing nmethod 0x0000017bdc19e290
Event: 102.556 Thread 0x0000017bf6be8380 flushing nmethod 0x0000017bdc1a9710
Event: 102.556 Thread 0x0000017bf6be8380 flushing nmethod 0x0000017bdc1b0590
Event: 102.557 Thread 0x0000017bf6be8380 flushing nmethod 0x0000017bdc1c4790
Event: 102.557 Thread 0x0000017bf6be8380 flushing nmethod 0x0000017bdc1cd090
Event: 102.557 Thread 0x0000017bf6be8380 flushing nmethod 0x0000017bdc1e1890
Event: 102.557 Thread 0x0000017bf6be8380 flushing nmethod 0x0000017bdc291610
Event: 102.557 Thread 0x0000017bf6be8380 flushing nmethod 0x0000017bdc2b3810
Event: 102.557 Thread 0x0000017bf6be8380 flushing nmethod 0x0000017bdc2b6010
Event: 102.557 Thread 0x0000017bf6be8380 flushing nmethod 0x0000017bdc2c9410
Event: 102.557 Thread 0x0000017bf6be8380 flushing nmethod 0x0000017bdc35b110
Event: 102.558 Thread 0x0000017bf6be8380 flushing nmethod 0x0000017bdc501290
Event: 102.558 Thread 0x0000017bf6be8380 flushing nmethod 0x0000017bdc580890
Event: 102.559 Thread 0x0000017bf6be8380 flushing nmethod 0x0000017bdc698b90
Event: 102.561 Thread 0x0000017bf6be8380 flushing nmethod 0x0000017bdc97b890
Event: 102.750 Thread 0x0000017bff5cbf70 Thread exited: 0x0000017bff5cbf70
Event: 103.185 Thread 0x0000017bfdc15080 Thread exited: 0x0000017bfdc15080
Event: 103.751 Thread 0x0000017bff5ccea0 Thread exited: 0x0000017bff5ccea0
Event: 107.360 Thread 0x0000017bfc8d19a0 Thread exited: 0x0000017bfc8d19a0
Event: 109.288 Thread 0x0000017bfc8cb490 Thread added: 0x0000017bfc8cb490


Dynamic libraries:
0x00007ff6dfb30000 - 0x00007ff6dfb3e000 	C:\Users\doubl\.p2\pool\plugins\org.eclipse.justj.openjdk.hotspot.jre.full.win32.x86_64_17.0.7.v20230425-1502\jre\bin\javaw.exe
0x00007ffab6530000 - 0x00007ffab6747000 	C:\windows\SYSTEM32\ntdll.dll
0x00007ffab5360000 - 0x00007ffab5424000 	C:\windows\System32\KERNEL32.DLL
0x00007ffab3b20000 - 0x00007ffab3ed7000 	C:\windows\System32\KERNELBASE.dll
0x00007ffab3ee0000 - 0x00007ffab3ff1000 	C:\windows\System32\ucrtbase.dll
0x00007ffaadad0000 - 0x00007ffaadae7000 	C:\Users\doubl\.p2\pool\plugins\org.eclipse.justj.openjdk.hotspot.jre.full.win32.x86_64_17.0.7.v20230425-1502\jre\bin\jli.dll
0x00007ffaadab0000 - 0x00007ffaadac9000 	C:\Users\doubl\.p2\pool\plugins\org.eclipse.justj.openjdk.hotspot.jre.full.win32.x86_64_17.0.7.v20230425-1502\jre\bin\VCRUNTIME140.dll
0x00007ffab42d0000 - 0x00007ffab447f000 	C:\windows\System32\USER32.dll
0x00007ffab3870000 - 0x00007ffab3896000 	C:\windows\System32\win32u.dll
0x00007ffab5d70000 - 0x00007ffab5d99000 	C:\windows\System32\GDI32.dll
0x00007ffaa8930000 - 0x00007ffaa8bc3000 	C:\windows\WinSxS\amd64_microsoft.windows.common-controls_6595b64144ccf1df_6.0.22621.3672_none_2713b9d173822955\COMCTL32.dll
0x00007ffab4140000 - 0x00007ffab4258000 	C:\windows\System32\gdi32full.dll
0x00007ffab5cb0000 - 0x00007ffab5d57000 	C:\windows\System32\msvcrt.dll
0x00007ffab38a0000 - 0x00007ffab393a000 	C:\windows\System32\msvcp_win.dll
0x00007ffab4280000 - 0x00007ffab42b1000 	C:\windows\System32\IMM32.DLL
0x00007ffaaeeb0000 - 0x00007ffaaeebc000 	C:\Users\doubl\.p2\pool\plugins\org.eclipse.justj.openjdk.hotspot.jre.full.win32.x86_64_17.0.7.v20230425-1502\jre\bin\vcruntime140_1.dll
0x00007ffa8e420000 - 0x00007ffa8e4b1000 	C:\Users\doubl\.p2\pool\plugins\org.eclipse.justj.openjdk.hotspot.jre.full.win32.x86_64_17.0.7.v20230425-1502\jre\bin\msvcp140.dll
0x00007ffa6f6f0000 - 0x00007ffa70338000 	C:\Users\doubl\.p2\pool\plugins\org.eclipse.justj.openjdk.hotspot.jre.full.win32.x86_64_17.0.7.v20230425-1502\jre\bin\server\jvm.dll
0x00007ffab5210000 - 0x00007ffab52c2000 	C:\windows\System32\ADVAPI32.dll
0x00007ffab5bf0000 - 0x00007ffab5c98000 	C:\windows\System32\sechost.dll
0x00007ffab3840000 - 0x00007ffab3868000 	C:\windows\System32\bcrypt.dll
0x00007ffab50f0000 - 0x00007ffab5204000 	C:\windows\System32\RPCRT4.dll
0x00007ffaa8820000 - 0x00007ffaa882a000 	C:\windows\SYSTEM32\VERSION.dll
0x00007ffaada30000 - 0x00007ffaada64000 	C:\windows\SYSTEM32\WINMM.dll
0x00007ffaac4e0000 - 0x00007ffaac4e9000 	C:\windows\SYSTEM32\WSOCK32.dll
0x00007ffab6470000 - 0x00007ffab64e1000 	C:\windows\System32\WS2_32.dll
0x00007ffab2860000 - 0x00007ffab2878000 	C:\windows\SYSTEM32\kernel.appcore.dll
0x00007ffaa4790000 - 0x00007ffaa479a000 	C:\Users\doubl\.p2\pool\plugins\org.eclipse.justj.openjdk.hotspot.jre.full.win32.x86_64_17.0.7.v20230425-1502\jre\bin\jimage.dll
0x00007ffab1370000 - 0x00007ffab15a2000 	C:\windows\SYSTEM32\DBGHELP.DLL
0x00007ffab5860000 - 0x00007ffab5bee000 	C:\windows\System32\combase.dll
0x00007ffab5540000 - 0x00007ffab5617000 	C:\windows\System32\OLEAUT32.dll
0x00007ffaa4f30000 - 0x00007ffaa4f62000 	C:\windows\SYSTEM32\dbgcore.DLL
0x00007ffab4000000 - 0x00007ffab407b000 	C:\windows\System32\bcryptPrimitives.dll
0x00007ffa7e170000 - 0x00007ffa7e195000 	C:\Users\doubl\.p2\pool\plugins\org.eclipse.justj.openjdk.hotspot.jre.full.win32.x86_64_17.0.7.v20230425-1502\jre\bin\java.dll
0x00007ffa9f5e0000 - 0x00007ffa9f5f8000 	C:\Users\doubl\.p2\pool\plugins\org.eclipse.justj.openjdk.hotspot.jre.full.win32.x86_64_17.0.7.v20230425-1502\jre\bin\zip.dll
0x00007ffab4880000 - 0x00007ffab50e9000 	C:\windows\System32\SHELL32.dll
0x00007ffab1760000 - 0x00007ffab205f000 	C:\windows\SYSTEM32\windows.storage.dll
0x00007ffab1620000 - 0x00007ffab175f000 	C:\windows\SYSTEM32\wintypes.dll
0x00007ffab4780000 - 0x00007ffab4879000 	C:\windows\System32\SHCORE.dll
0x00007ffab54e0000 - 0x00007ffab553e000 	C:\windows\System32\shlwapi.dll
0x00007ffab3770000 - 0x00007ffab3797000 	C:\windows\SYSTEM32\profapi.dll
0x00007ffa90520000 - 0x00007ffa90539000 	C:\Users\doubl\.p2\pool\plugins\org.eclipse.justj.openjdk.hotspot.jre.full.win32.x86_64_17.0.7.v20230425-1502\jre\bin\net.dll
0x00007ffaaf2e0000 - 0x00007ffaaf416000 	C:\windows\SYSTEM32\WINHTTP.dll
0x00007ffab2d50000 - 0x00007ffab2db9000 	C:\windows\system32\mswsock.dll
0x00007ffa8dfd0000 - 0x00007ffa8dfe5000 	C:\Users\doubl\.p2\pool\plugins\org.eclipse.justj.openjdk.hotspot.jre.full.win32.x86_64_17.0.7.v20230425-1502\jre\bin\nio.dll
0x00007ffaaee90000 - 0x00007ffaaee99000 	C:\Users\doubl\.p2\pool\plugins\org.eclipse.justj.openjdk.hotspot.jre.full.win32.x86_64_17.0.7.v20230425-1502\jre\bin\management.dll
0x00007ffaaee70000 - 0x00007ffaaee7b000 	C:\Users\doubl\.p2\pool\plugins\org.eclipse.justj.openjdk.hotspot.jre.full.win32.x86_64_17.0.7.v20230425-1502\jre\bin\management_ext.dll
0x00007ffab5ca0000 - 0x00007ffab5ca8000 	C:\windows\System32\PSAPI.DLL
0x00007ffaac500000 - 0x00007ffaac50e000 	C:\Users\doubl\.p2\pool\plugins\org.eclipse.justj.openjdk.hotspot.jre.full.win32.x86_64_17.0.7.v20230425-1502\jre\bin\sunmscapi.dll
0x00007ffab39b0000 - 0x00007ffab3b16000 	C:\windows\System32\CRYPT32.dll
0x00007ffab3200000 - 0x00007ffab322d000 	C:\windows\SYSTEM32\ncrypt.dll
0x00007ffab31c0000 - 0x00007ffab31f7000 	C:\windows\SYSTEM32\NTASN1.dll
0x00007ffab2fc0000 - 0x00007ffab2fdb000 	C:\windows\SYSTEM32\CRYPTSP.dll
0x00007ffab27c0000 - 0x00007ffab27f5000 	C:\windows\system32\rsaenh.dll
0x00007ffab2e60000 - 0x00007ffab2e88000 	C:\windows\SYSTEM32\USERENV.dll
0x00007ffab2fe0000 - 0x00007ffab2fec000 	C:\windows\SYSTEM32\CRYPTBASE.dll
0x00007ffab2300000 - 0x00007ffab232d000 	C:\windows\SYSTEM32\IPHLPAPI.DLL
0x00007ffab5d60000 - 0x00007ffab5d69000 	C:\windows\System32\NSI.dll
0x00007ffaade60000 - 0x00007ffaade79000 	C:\windows\SYSTEM32\dhcpcsvc6.DLL
0x00007ffaaddb0000 - 0x00007ffaaddcf000 	C:\windows\SYSTEM32\dhcpcsvc.DLL
0x00007ffab2330000 - 0x00007ffab2432000 	C:\windows\SYSTEM32\DNSAPI.dll
0x00007ffaae640000 - 0x00007ffaae650000 	C:\Users\doubl\.p2\pool\plugins\org.eclipse.justj.openjdk.hotspot.jre.full.win32.x86_64_17.0.7.v20230425-1502\jre\bin\verify.dll
0x00007ffaa49c0000 - 0x00007ffaa4a05000 	C:\Users\doubl\AppData\Local\Temp\jna-95774484\jna5362407152723416051.dll
0x00007ffab45d0000 - 0x00007ffab4775000 	C:\windows\System32\Ole32.dll
0x00007ffab5430000 - 0x00007ffab54e0000 	C:\windows\System32\clbcatq.dll
0x00007ffa9e330000 - 0x00007ffa9e34d000 	C:\windows\SYSTEM32\amsi.dll
0x00007ffa9e2a0000 - 0x00007ffa9e321000 	C:\ProgramData\Microsoft\Windows Defender\Platform\4.18.24080.9-0\MpOav.dll
0x00007ffaad940000 - 0x00007ffaad948000 	C:\windows\system32\wshunix.dll
0x00007ffaadcc0000 - 0x00007ffaadcca000 	C:\Windows\System32\rasadhlp.dll
0x00007ffaad7b0000 - 0x00007ffaad833000 	C:\windows\System32\fwpuclnt.dll
0x00007ffa8e260000 - 0x00007ffa8e3ee000 	C:\Users\doubl\.p2\pool\plugins\org.eclipse.justj.openjdk.hotspot.jre.full.win32.x86_64_17.0.7.v20230425-1502\jre\bin\awt.dll
0x00007ffaac760000 - 0x00007ffaac7f7000 	C:\windows\SYSTEM32\apphelp.dll
0x00007ffa51dc0000 - 0x00007ffa52e3b000 	C:\Users\doubl\Desktop\Breathe\BREATHE\breathe.web\target\classes\PulseJNI.dll
0x00007ffab0980000 - 0x00007ffab0a31000 	C:\windows\system32\uxtheme.dll
0x00007ffab56a0000 - 0x00007ffab5800000 	C:\windows\System32\MSCTF.dll

dbghelp: loaded successfully - version: 4.0.5 - missing functions: none
symbol engine: initialized successfully - sym options: 0x614 - pdb path: .;C:\Users\doubl\.p2\pool\plugins\org.eclipse.justj.openjdk.hotspot.jre.full.win32.x86_64_17.0.7.v20230425-1502\jre\bin;C:\windows\SYSTEM32;C:\windows\WinSxS\amd64_microsoft.windows.common-controls_6595b64144ccf1df_6.0.22621.3672_none_2713b9d173822955;C:\Users\doubl\.p2\pool\plugins\org.eclipse.justj.openjdk.hotspot.jre.full.win32.x86_64_17.0.7.v20230425-1502\jre\bin\server;C:\Users\doubl\AppData\Local\Temp\jna-95774484;C:\ProgramData\Microsoft\Windows Defender\Platform\4.18.24080.9-0;C:\Users\doubl\Desktop\Breathe\BREATHE\breathe.web\target\classes

VM Arguments:
jvm_args: -Dfile.encoding=UTF-8 -XX:+ShowCodeDetailsInExceptionMessages 
java_command: app.Main
java_class_path (initial): C:\Users\doubl\Desktop\Breathe\BREATHE\breathe.web\target\classes;C:\Users\doubl\.m2\repository\com\vaadin\vaadin\24.4.13\vaadin-24.4.13.jar;C:\Users\doubl\.m2\repository\com\vaadin\vaadin-internal\24.4.13\vaadin-internal-24.4.13.jar;C:\Users\doubl\.m2\repository\com\vaadin\vaadin-core-internal\24.4.13\vaadin-core-internal-24.4.13.jar;C:\Users\doubl\.m2\repository\com\vaadin\flow-lit-template\24.4.9\flow-lit-template-24.4.9.jar;C:\Users\doubl\.m2\repository\com\vaadin\flow-react\24.4.9\flow-react-24.4.9.jar;C:\Users\doubl\.m2\repository\com\vaadin\flow-html-components\24.4.9\flow-html-components-24.4.9.jar;C:\Users\doubl\.m2\repository\com\vaadin\flow-data\24.4.9\flow-data-24.4.9.jar;C:\Users\doubl\.m2\repository\com\vaadin\flow-dnd\24.4.9\flow-dnd-24.4.9.jar;C:\Users\doubl\.m2\repository\com\vaadin\vaadin-lumo-theme\24.4.13\vaadin-lumo-theme-24.4.13.jar;C:\Users\doubl\.m2\repository\com\vaadin\vaadin-material-theme\24.4.13\vaadin-material-theme-24.4.13.jar;C:\Users\doubl\.m2\repository\com\vaadin\vaadin-accordion-flow\24.4.13\vaadin-accordion-flow-24.4.13.jar;C:\Users\doubl\.m2\repository\com\vaadin\vaadin-avatar-flow\24.4.13\vaadin-avatar-flow-24.4.13.jar;C:\Users\doubl\.m2\repository\com\vaadin\vaadin-button-flow\24.4.13\vaadin-button-flow-24.4.13.jar;C:\Users\doubl\.m2\repository\com\vaadin\vaadin-checkbox-flow\24.4.13\vaadin-checkbox-flow-24.4.13.jar;C:\Users\doubl\.m2\repository\com\vaadin\vaadin-combo-box-flow\24.4.13\vaadin-combo-box-flow-24.4.13.jar;C:\Users\doubl\.m2\repository\com\vaadin\vaadin-confirm-dialog-flow\24.4.13\vaadin-confirm-dialog-flow-24.4.13.jar;C:\Users\doubl\.m2\repository\com\vaadin\vaadin-custom-field-flow\24.4.13\vaadin-custom-field-flow-24.4.13.jar;C:\Users\doubl\.m2\repository\com\vaadin\vaadin-date-picker-flow\24.4.13\vaadin-date-picker-flow-24.4.13.jar;C:\Users\doubl\.m2\repository\com\vaadin\vaadin-date-time-picker-flow\24.4.13\vaadin-date-time-picker-flow-24.4.13.jar;C:\Users\doubl\.m2\repository\com\
Launcher Type: SUN_STANDARD

[Global flags]
     intx CICompilerCount                          = 12                                        {product} {ergonomic}
     uint ConcGCThreads                            = 3                                         {product} {ergonomic}
     uint G1ConcRefinementThreads                  = 13                                        {product} {ergonomic}
   size_t G1HeapRegionSize                         = 2097152                                   {product} {ergonomic}
    uintx GCDrainStackTargetSize                   = 64                                        {product} {ergonomic}
   size_t InitialHeapSize                          = 257949696                                 {product} {ergonomic}
   size_t MarkStackSize                            = 4194304                                   {product} {ergonomic}
   size_t MaxHeapSize                              = 4120903680                                {product} {ergonomic}
   size_t MaxNewSize                               = 2472542208                                {product} {ergonomic}
   size_t MinHeapDeltaBytes                        = 2097152                                   {product} {ergonomic}
   size_t MinHeapSize                              = 8388608                                   {product} {ergonomic}
    uintx NonNMethodCodeHeapSize                   = 7602480                                {pd product} {ergonomic}
    uintx NonProfiledCodeHeapSize                  = 122027880                              {pd product} {ergonomic}
    uintx ProfiledCodeHeapSize                     = 122027880                              {pd product} {ergonomic}
    uintx ReservedCodeCacheSize                    = 251658240                              {pd product} {ergonomic}
     bool SegmentedCodeCache                       = true                                      {product} {ergonomic}
     bool ShowCodeDetailsInExceptionMessages       = true                                   {manageable} {command line}
   size_t SoftMaxHeapSize                          = 4120903680                             {manageable} {ergonomic}
     bool UseCompressedClassPointers               = true                           {product lp64_product} {ergonomic}
     bool UseCompressedOops                        = true                           {product lp64_product} {ergonomic}
     bool UseG1GC                                  = true                                      {product} {ergonomic}
     bool UseLargePagesIndividualAllocation        = false                                  {pd product} {ergonomic}

Logging:
Log output configuration:
 #0: stdout all=warning uptime,level,tags
 #1: stderr all=off uptime,level,tags

Environment Variables:
JAVA_HOME=C:\Program Files\Amazon Corretto\jdk1.8.0_422
PATH=C:/Users/doubl/.p2/pool/plugins/org.eclipse.justj.openjdk.hotspot.jre.full.win32.x86_64_17.0.7.v20230425-1502/jre/bin/server;C:/Users/doubl/.p2/pool/plugins/org.eclipse.justj.openjdk.hotspot.jre.full.win32.x86_64_17.0.7.v20230425-1502/jre/bin;C:\Program Files (x86)\Java\jre1.8.0_421\bin;C:\Program Files\Amazon Corretto\jdk1.8.0_422\bin;C:\Program Files\Common Files\Oracle\Java\javapath;C:\Program Files (x86)\Common Files\Oracle\Java\java8path;C:\Program Files (x86)\Common Files\Oracle\Java\javapath;C:\windows\system32;C:\windows;C:\windows\System32\Wbem;C:\windows\System32\WindowsPowerShell\v1.0\;C:\windows\System32\OpenSSH\;C:\Program Files\Microsoft VS Code\bin;C:\Program Files\Git\cmd;C:\Program Files\nodejs\;C:\ProgramData\chocolatey\bin;C:\Program Files\PuTTY\;C:\Users\doubl\Desktop\Uni\IR\apache-ant-1.9.16-bin\apache-ant-1.9.16\bin;C:\Users\doubl\Desktop\Uni\IR\gradle-7.6.3-bin\gradle-7.6.3\bin;C:\MinGW\bin;C:\Program Files\TortoiseSVN\bin;C:\Program Files\Git\usr\bin;C:\Users\doubl\Desktop\Uni\IR\icu4c-74_1-Win64-MSVC2022\bin64;C:\Program Files\Amazon Corretto\jdk1.8.0_422\bin;C:\Program Files\Java\jre-1.8\bin;C:\Users\doubl\AppData\Local\Programs\Python\Python38\Scripts;C:\Program Files\dotnet\;C:\Users\doubl\AppData\Local\Programs\Python\Python38\Scripts\;C:\Users\doubl\AppData\Local\Programs\Python\Python38\;C:\Users\doubl\AppData\Local\Microsoft\WindowsApps;C:\Users\doubl\AppData\Roaming\npm;C:\Users\doubl\AppData\Local\GitHubDesktop\bin;C:\Program Files\JetBrains\PyCharm 2023.2.5\bin;;C:\Users\doubl\.dotnet\tools;C:\Users\doubl\Desktop;
USERNAME=doubl
OS=Windows_NT
PROCESSOR_IDENTIFIER=AMD64 Family 25 Model 80 Stepping 0, AuthenticAMD
TMP=C:\Users\doubl\AppData\Local\Temp
TEMP=C:\Users\doubl\AppData\Local\Temp



---------------  S Y S T E M  ---------------

OS:
 Windows 11 , 64 bit Build 22621 (10.0.22621.3958)
OS uptime: 2 days 3:06 hours
Hyper-V role detected

CPU: total 16 (initial active 16) (16 cores per cpu, 2 threads per core) family 25 model 80 stepping 0 microcode 0x0, cx8, cmov, fxsr, ht, mmx, 3dnowpref, sse, sse2, sse3, ssse3, sse4a, sse4.1, sse4.2, popcnt, lzcnt, tsc, tscinvbit, avx, avx2, aes, erms, clmul, bmi1, bmi2, adx, sha, fma, vzeroupper, clflush, clflushopt, hv

Memory: 4k page, system-wide physical 15712M (5243M free)
TotalPageFile size 16736M (AvailPageFile size 2823M)
current process WorkingSet (physical memory assigned to process): 535M, peak: 685M
current process commit charge ("private bytes"): 607M, peak: 763M

vm_info: OpenJDK 64-Bit Server VM (17.0.7+7) for windows-amd64 JRE (17.0.7+7), built on Apr 18 2023 22:10:42 by "temurin" with MS VC++ 16.7 (VS2019)

END.
