#
# A fatal error has been detected by the Java Runtime Environment:
#
#  EXCEPTION_ACCESS_VIOLATION (0xc0000005) at pc=0x00007ffa3a827fd0, pid=13244, tid=9748
#
# JRE version: OpenJDK Runtime Environment Temurin-17.0.7+7 (17.0.7+7) (build 17.0.7+7)
# Java VM: OpenJDK 64-Bit Server VM Temurin-17.0.7+7 (17.0.7+7, mixed mode, tiered, compressed oops, compressed class ptrs, g1 gc, windows-amd64)
# Problematic frame:
# C  [PulseJNI.dll+0x297fd0]
#
# No core dump will be written. Minidumps are not enabled by default on client versions of Windows
#
# If you would like to submit a bug report, please visit:
#   https://github.com/adoptium/adoptium-support/issues
# The crash happened outside the Java Virtual Machine in native code.
# See problematic frame for where to report the bug.
#

---------------  S U M M A R Y ------------

Command Line: -Dfile.encoding=UTF-8 -XX:+ShowCodeDetailsInExceptionMessages app.Main

Host: AMD Ryzen 7 5825U with Radeon Graphics         , 16 cores, 15G,  Windows 11 , 64 bit Build 22621 (10.0.22621.3958)
Time: Sun Oct 20 10:44:37 2024 ora legale Europa occidentale elapsed time: 154.255379 seconds (0d 0h 2m 34s)

---------------  T H R E A D  ---------------

Current thread (0x000001a2f23c2cb0):  JavaThread "SwingWorker-pool-2-thread-1" daemon [_thread_in_native, id=9748, stack(0x00000085e6200000,0x00000085e6300000)]

Stack: [0x00000085e6200000,0x00000085e6300000],  sp=0x00000085e62fdfb0,  free space=1015k
Native frames: (J=compiled Java code, j=interpreted, Vv=VM code, C=native code)
C  [PulseJNI.dll+0x297fd0]

Java frames: (J=compiled Java code, j=interpreted, Vv=VM code)
j  com.kitware.pulse.engine.PulseEngine.nativeInitializeEngine(JLjava/lang/String;Ljava/lang/String;I)Z+0
j  com.kitware.pulse.engine.PulseEngine.initializeEngine(Lcom/kitware/pulse/cdm/engine/SEPatientConfiguration;Lcom/kitware/pulse/cdm/engine/SEDataRequestManager;)Z+39
j  app.SimulationWorker.doInBackground()Ljava/lang/Void;+24
j  app.SimulationWorker.doInBackground()Ljava/lang/Object;+1
j  javax.swing.SwingWorker$1.call()Ljava/lang/Object;+14 java.desktop@17.0.7
j  java.util.concurrent.FutureTask.run()V+39 java.base@17.0.7
j  javax.swing.SwingWorker.run()V+4 java.desktop@17.0.7
j  java.util.concurrent.ThreadPoolExecutor.runWorker(Ljava/util/concurrent/ThreadPoolExecutor$Worker;)V+92 java.base@17.0.7
j  java.util.concurrent.ThreadPoolExecutor$Worker.run()V+5 java.base@17.0.7
j  java.lang.Thread.run()V+11 java.base@17.0.7
v  ~StubRoutines::call_stub

siginfo: EXCEPTION_ACCESS_VIOLATION (0xc0000005), reading address 0x0000000000000000


Register to memory mapping:

RIP=0x00007ffa3a827fd0 PulseJNI.dll
RAX=0x0 is NULL
RBX={method} {0x000001a2810d7d70} 'nativeInitializeEngine' '(JLjava/lang/String;Ljava/lang/String;I)Z' in 'com/kitware/pulse/engine/PulseEngine'
RCX=0x000001a2f777e200 points into unknown readable memory: 0x00007ffa3b0f0f60 | 60 0f 0f 3b fa 7f 00 00
RDX=0x0 is NULL
RSP=0x00000085e62fdfb0 is pointing into the stack for thread: 0x000001a2f23c2cb0
RBP=0x00000085e62fefc8 is pointing into the stack for thread: 0x000001a2f23c2cb0
RSI=3805086969 is a compressed pointer to object: [B 
{0x00000007166827c8} - klass: {type array byte}
 - length: 753
RDI=3805086477 is a compressed pointer to object: [B 
{0x0000000716681868} - klass: {type array byte}
 - length: 1150
R8 =0x00007ffa3b545100 PulseJNI.dll
R9 =0x0000000000000001 is an unknown value
R10=0x0000000000000003 is an unknown value
R11=0x00000085e62fdc50 is pointing into the stack for thread: 0x000001a2f23c2cb0
R12=0x0 is NULL
R13={method} {0x000001a2810d7d70} 'nativeInitializeEngine' '(JLjava/lang/String;Ljava/lang/String;I)Z' in 'com/kitware/pulse/engine/PulseEngine'
R14=0x00000085e62ff010 is pointing into the stack for thread: 0x000001a2f23c2cb0
R15=0x000001a2f23c2cb0 is a thread


Registers:
RAX=0x0000000000000000, RBX=0x000001a2810d7d68, RCX=0x000001a2f777e200, RDX=0x0000000000000000
RSP=0x00000085e62fdfb0, RBP=0x00000085e62fefc8, RSI=0x00000000e2cd04f9, RDI=0x00000000e2cd030d
R8 =0x00007ffa3b545100, R9 =0x0000000000000001, R10=0x0000000000000003, R11=0x00000085e62fdc50
R12=0x0000000000000000, R13=0x000001a2810d7d68, R14=0x00000085e62ff010, R15=0x000001a2f23c2cb0
RIP=0x00007ffa3a827fd0, EFLAGS=0x0000000000010246

Top of Stack: (sp=0x00000085e62fdfb0)
0x00000085e62fdfb0:   000001a2f777e200 0000000000000000
0x00000085e62fdfc0:   00007ffa3a5bdae0 000000000000000f
0x00000085e62fdfd0:   00007ffa3a878a70 00007ffa3a5b83a0
0x00000085e62fdfe0:   0000000000000000 000000000000000f
0x00000085e62fdff0:   6c616e7265746e00 000000006e696b53
0x00000085e62fe000:   0000000000000000 000000000000000f
0x00000085e62fe010:   000001a2f5417000 0000000000000000
0x00000085e62fe020:   00007ffa3a5bc230 00007ffa3a5b55f0
0x00000085e62fe030:   00007ffa3a5b55f0 00007ffa3a5b55f0
0x00000085e62fe040:   00007ffa3a5bcbf0 00007ffa3a87896b
0x00000085e62fe050:   000001a2f777e200 0000000000000000
0x00000085e62fe060:   0000000000000000 000000000000000f
0x00000085e62fe070:   6c616e7265747800 000000006e696b53
0x00000085e62fe080:   00007ffa3a878a70 000000000000000f
0x00000085e62fe090:   6c616e7265746e00 0000000065726f43
0x00000085e62fe0a0:   0000000000000000 00007ffa3a8784ae 

Instructions: (pc=0x00007ffa3a827fd0)
0x00007ffa3a827ed0:   28 e8 6a b5 d7 ff 48 89 44 24 20 48 8b 4c 24 28
0x00007ffa3a827ee0:   e8 7b b5 d7 ff 48 89 44 24 30 eb 0e 48 8b 44 24
0x00007ffa3a827ef0:   20 48 83 c0 08 48 89 44 24 20 48 8b 44 24 30 48
0x00007ffa3a827f00:   39 44 24 20 74 1f 48 8b 44 24 20 48 8b 00 48 89
0x00007ffa3a827f10:   44 24 38 48 8b 44 24 58 48 39 44 24 38 75 04 b0
0x00007ffa3a827f20:   01 eb 04 eb c7 32 c0 48 83 c4 48 c3 cc cc cc cc
0x00007ffa3a827f30:   cc cc cc cc cc cc cc cc cc cc cc cc cc cc cc cc
0x00007ffa3a827f40:   48 89 4c 24 08 48 8b 44 24 08 48 83 c0 48 c3 cc
0x00007ffa3a827f50:   cc cc cc cc cc cc cc cc cc cc cc cc cc cc cc cc
0x00007ffa3a827f60:   48 89 4c 24 08 48 8b 44 24 08 48 83 c0 60 c3 cc
0x00007ffa3a827f70:   cc cc cc cc cc cc cc cc cc cc cc cc cc cc cc cc
0x00007ffa3a827f80:   48 89 54 24 10 48 89 4c 24 08 48 81 ec 98 00 00
0x00007ffa3a827f90:   00 48 8b 84 24 a0 00 00 00 48 8b 00 48 8b 80 d0
0x00007ffa3a827fa0:   00 00 00 48 89 44 24 20 48 8b 94 24 a8 00 00 00
0x00007ffa3a827fb0:   48 8b 8c 24 a0 00 00 00 ff 54 24 20 0f b6 c0 85
0x00007ffa3a827fc0:   c0 74 05 e9 5c 01 00 00 48 8b 84 24 a8 00 00 00
0x00007ffa3a827fd0:   48 8b 00 48 8b 8c 24 a8 00 00 00 ff 90 b0 00 00
0x00007ffa3a827fe0:   00 83 f8 03 75 5e 48 8b 84 24 a0 00 00 00 48 83
0x00007ffa3a827ff0:   c0 78 48 89 44 24 30 48 8b 84 24 a8 00 00 00 48
0x00007ffa3a828000:   89 44 24 28 48 8d 54 24 28 48 8b 4c 24 30 e8 bd
0x00007ffa3a828010:   8e da ff 90 48 8b 84 24 a0 00 00 00 48 05 90 00
0x00007ffa3a828020:   00 00 48 89 44 24 40 48 8b 84 24 a8 00 00 00 48
0x00007ffa3a828030:   89 44 24 38 48 8d 54 24 38 48 8b 4c 24 40 e8 8d
0x00007ffa3a828040:   8e da ff 90 48 8b 84 24 a8 00 00 00 48 8b 00 48
0x00007ffa3a828050:   8b 8c 24 a8 00 00 00 ff 90 b0 00 00 00 83 f8 02
0x00007ffa3a828060:   75 60 48 8b 84 24 a0 00 00 00 48 05 a8 00 00 00
0x00007ffa3a828070:   48 89 44 24 50 48 8b 84 24 a8 00 00 00 48 89 44
0x00007ffa3a828080:   24 48 48 8d 54 24 48 48 8b 4c 24 50 e8 3f 8e da
0x00007ffa3a828090:   ff 90 48 8b 84 24 a0 00 00 00 48 05 c0 00 00 00
0x00007ffa3a8280a0:   48 89 44 24 60 48 8b 84 24 a8 00 00 00 48 89 44
0x00007ffa3a8280b0:   24 58 48 8d 54 24 58 48 8b 4c 24 60 e8 0f 8e da
0x00007ffa3a8280c0:   ff 90 48 8b 84 24 a0 00 00 00 48 83 c0 48 48 89 


Stack slot to memory mapping:
stack at sp + 0 slots: 0x000001a2f777e200 points into unknown readable memory: 0x00007ffa3b0f0f60 | 60 0f 0f 3b fa 7f 00 00
stack at sp + 1 slots: 0x0 is NULL
stack at sp + 2 slots: 0x00007ffa3a5bdae0 PulseJNI.dll
stack at sp + 3 slots: 0x000000000000000f is an unknown value
stack at sp + 4 slots: 0x00007ffa3a878a70 PulseJNI.dll
stack at sp + 5 slots: 0x00007ffa3a5b83a0 PulseJNI.dll
stack at sp + 6 slots: 0x0 is NULL
stack at sp + 7 slots: 0x000000000000000f is an unknown value


---------------  P R O C E S S  ---------------

Threads class SMR info:
_java_thread_list=0x000001a2fa296ab0, length=72, elements={
0x000001a2ea1ce010, 0x000001a2ea1ce9c0, 0x000001a2eab16000, 0x000001a2eab168c0,
0x000001a2eab17180, 0x000001a2eab26f70, 0x000001a2eab27d00, 0x000001a2eab287a0,
0x000001a2eab39950, 0x000001a2eadd0940, 0x000001a2ead84c40, 0x000001a2eff38090,
0x000001a2eff3a710, 0x000001a2eff393d0, 0x000001a2f0406920, 0x000001a2f040bfc0,
0x000001a2f040c490, 0x000001a2f0408130, 0x000001a2eff3b580, 0x000001a2eff3a240,
0x000001a2eff38a30, 0x000001a2eff38f00, 0x000001a2eff398a0, 0x000001a2f040c960,
0x000001a2f0408ad0, 0x000001a2f040a7b0, 0x000001a2f04072c0, 0x000001a2f040b620,
0x000001a2f0408fa0, 0x000001a2f0409470, 0x000001a2f0407c60, 0x000001a2f0409940,
0x000001a2f0406450, 0x000001a2f0409e10, 0x000001a2f040baf0, 0x000001a2f040b150,
0x000001a2f040ce30, 0x000001a2f040d300, 0x000001a2f040d7d0, 0x000001a2f0407790,
0x000001a2eff38560, 0x000001a2eff3b0b0, 0x000001a2f0405f80, 0x000001a2f0406df0,
0x000001a2f23bf2f0, 0x000001a2f23bc7a0, 0x000001a2f23c0630, 0x000001a2f23c0b00,
0x000001a2f23bdae0, 0x000001a2f23c3180, 0x000001a2f23c2310, 0x000001a2f23be950,
0x000001a2f23bdfb0, 0x000001a2f23bf7c0, 0x000001a2f23c1970, 0x000001a2f23c27e0,
0x000001a2f23bee20, 0x000001a2f23c3ff0, 0x000001a2f23c3b20, 0x000001a2f23bcc70,
0x000001a2f23bd140, 0x000001a2f23bd610, 0x000001a2f23bfc90, 0x000001a2f23be480,
0x000001a2f23c2cb0, 0x000001a2f23c0fd0, 0x000001a2f23c1e40, 0x000001a2f0408600,
0x000001a2fb8ae810, 0x000001a2f1a242c0, 0x000001a2f1a20600, 0x000001a2f1a25700
}

Java Threads: ( => current thread )
  0x000001a2ea1ce010 JavaThread "Reference Handler" daemon [_thread_blocked, id=12828, stack(0x00000085e5900000,0x00000085e5a00000)]
  0x000001a2ea1ce9c0 JavaThread "Finalizer" daemon [_thread_blocked, id=16868, stack(0x00000085e5a00000,0x00000085e5b00000)]
  0x000001a2eab16000 JavaThread "Signal Dispatcher" daemon [_thread_blocked, id=4580, stack(0x00000085e5b00000,0x00000085e5c00000)]
  0x000001a2eab168c0 JavaThread "Attach Listener" daemon [_thread_blocked, id=6988, stack(0x00000085e5c00000,0x00000085e5d00000)]
  0x000001a2eab17180 JavaThread "Service Thread" daemon [_thread_blocked, id=12200, stack(0x00000085e5d00000,0x00000085e5e00000)]
  0x000001a2eab26f70 JavaThread "Monitor Deflation Thread" daemon [_thread_blocked, id=10124, stack(0x00000085e5e00000,0x00000085e5f00000)]
  0x000001a2eab27d00 JavaThread "C2 CompilerThread0" daemon [_thread_blocked, id=2764, stack(0x00000085e5f00000,0x00000085e6000000)]
  0x000001a2eab287a0 JavaThread "C1 CompilerThread0" daemon [_thread_blocked, id=16632, stack(0x00000085e6000000,0x00000085e6100000)]
  0x000001a2eab39950 JavaThread "Sweeper thread" daemon [_thread_blocked, id=18988, stack(0x00000085e6100000,0x00000085e6200000)]
  0x000001a2eadd0940 JavaThread "Notification Thread" daemon [_thread_blocked, id=10496, stack(0x00000085e6300000,0x00000085e6400000)]
  0x000001a2ead84c40 JavaThread "Common-Cleaner" daemon [_thread_blocked, id=15948, stack(0x00000085e6500000,0x00000085e6600000)]
  0x000001a2eff38090 JavaThread "JNA Cleaner" daemon [_thread_blocked, id=20460, stack(0x00000085e6600000,0x00000085e6700000)]
  0x000001a2eff3a710 JavaThread "ForkJoinPool.commonPool-worker-1" daemon [_thread_blocked, id=18436, stack(0x00000085e7c00000,0x00000085e7d00000)]
  0x000001a2eff393d0 JavaThread "ForkJoinPool.commonPool-worker-3" daemon [_thread_blocked, id=8504, stack(0x00000085e7e00000,0x00000085e7f00000)]
  0x000001a2f0406920 JavaThread "Live Reload Server" daemon [_thread_in_native, id=20440, stack(0x00000085e8500000,0x00000085e8600000)]
  0x000001a2f040bfc0 JavaThread "DestroyJavaVM" [_thread_blocked, id=14280, stack(0x00000085e5200000,0x00000085e5300000)]
  0x000001a2f040c490 JavaThread "ForkJoinPool.commonPool-worker-4" daemon [_thread_blocked, id=7840, stack(0x00000085e9700000,0x00000085e9800000)]
  0x000001a2f0408130 JavaThread "ForkJoinPool.commonPool-worker-5" daemon [_thread_blocked, id=17724, stack(0x00000085e8100000,0x00000085e8200000)]
  0x000001a2eff3b580 JavaThread "ForkJoinPool.commonPool-worker-6" daemon [_thread_blocked, id=14612, stack(0x00000085e9900000,0x00000085e9a00000)]
  0x000001a2eff3a240 JavaThread "ForkJoinPool.commonPool-worker-7" daemon [_thread_blocked, id=10452, stack(0x00000085e6e00000,0x00000085e6f00000)]
  0x000001a2eff38a30 JavaThread "Catalina-utility-1" [_thread_blocked, id=9120, stack(0x00000085e7700000,0x00000085e7800000)]
  0x000001a2eff38f00 JavaThread "Catalina-utility-2" [_thread_blocked, id=19144, stack(0x00000085e8000000,0x00000085e8100000)]
  0x000001a2eff398a0 JavaThread "container-0" [_thread_blocked, id=19956, stack(0x00000085e8200000,0x00000085e8300000)]
  0x000001a2f040c960 JavaThread "File Watcher" daemon [_thread_blocked, id=9060, stack(0x00000085e8400000,0x00000085e8500000)]
  0x000001a2f0408ad0 JavaThread "http-nio-8080-exec-1" daemon [_thread_blocked, id=18264, stack(0x00000085e8a00000,0x00000085e8b00000)]
  0x000001a2f040a7b0 JavaThread "http-nio-8080-exec-2" daemon [_thread_blocked, id=18592, stack(0x00000085e8b00000,0x00000085e8c00000)]
  0x000001a2f04072c0 JavaThread "http-nio-8080-exec-3" daemon [_thread_blocked, id=19872, stack(0x00000085e8c00000,0x00000085e8d00000)]
  0x000001a2f040b620 JavaThread "http-nio-8080-exec-4" daemon [_thread_blocked, id=8824, stack(0x00000085e8d00000,0x00000085e8e00000)]
  0x000001a2f0408fa0 JavaThread "http-nio-8080-exec-5" daemon [_thread_blocked, id=11200, stack(0x00000085e8e00000,0x00000085e8f00000)]
  0x000001a2f0409470 JavaThread "http-nio-8080-exec-6" daemon [_thread_blocked, id=12964, stack(0x00000085e8f00000,0x00000085e9000000)]
  0x000001a2f0407c60 JavaThread "http-nio-8080-exec-7" daemon [_thread_blocked, id=21332, stack(0x00000085e9000000,0x00000085e9100000)]
  0x000001a2f0409940 JavaThread "http-nio-8080-exec-8" daemon [_thread_blocked, id=5444, stack(0x00000085e9100000,0x00000085e9200000)]
  0x000001a2f0406450 JavaThread "http-nio-8080-exec-9" daemon [_thread_blocked, id=17116, stack(0x00000085e9200000,0x00000085e9300000)]
  0x000001a2f0409e10 JavaThread "http-nio-8080-exec-10" daemon [_thread_blocked, id=16536, stack(0x00000085e9300000,0x00000085e9400000)]
  0x000001a2f040baf0 JavaThread "http-nio-8080-Poller" daemon [_thread_in_native, id=19160, stack(0x00000085e9400000,0x00000085e9500000)]
  0x000001a2f040b150 JavaThread "http-nio-8080-Acceptor" daemon [_thread_in_native, id=9016, stack(0x00000085e9500000,0x00000085e9600000)]
  0x000001a2f040ce30 JavaThread "FileSystemWatchService" daemon [_thread_in_native, id=19940, stack(0x00000085e9600000,0x00000085e9700000)]
  0x000001a2f040d300 JavaThread "ForkJoinPool.commonPool-worker-8" daemon [_thread_blocked, id=2096, stack(0x00000085e9800000,0x00000085e9900000)]
  0x000001a2f040d7d0 JavaThread "Atmosphere-Scheduler-2" daemon [_thread_blocked, id=12632, stack(0x00000085e4f00000,0x00000085e5000000)]
  0x000001a2f0407790 JavaThread "Java2D Disposer" daemon [_thread_blocked, id=1336, stack(0x00000085e5100000,0x00000085e5200000)]
  0x000001a2eff38560 JavaThread "Atmosphere-Scheduler-3" daemon [_thread_blocked, id=11140, stack(0x00000085e6f00000,0x00000085e7000000)]
  0x000001a2eff3b0b0 JavaThread "Live Reload #1" daemon [_thread_in_native, id=5488, stack(0x00000085e6c00000,0x00000085e6d00000)]
  0x000001a2f0405f80 JavaThread "Atmosphere-Scheduler-4" daemon [_thread_blocked, id=13772, stack(0x00000085e7d00000,0x00000085e7e00000)]
  0x000001a2f0406df0 JavaThread "Atmosphere-Scheduler-5" daemon [_thread_blocked, id=19908, stack(0x00000085e8300000,0x00000085e8400000)]
  0x000001a2f23bf2f0 JavaThread "Atmosphere-Shared-0" daemon [_thread_blocked, id=8820, stack(0x00000085e8700000,0x00000085e8800000)]
  0x000001a2f23bc7a0 JavaThread "Atmosphere-Shared-0" daemon [_thread_blocked, id=17348, stack(0x00000085e8800000,0x00000085e8900000)]
  0x000001a2f23c0630 JavaThread "Atmosphere-Scheduler-6" daemon [_thread_blocked, id=13412, stack(0x00000085e8900000,0x00000085e8a00000)]
  0x000001a2f23c0b00 JavaThread "HttpClient-1-SelectorManager" daemon [_thread_in_native, id=14324, stack(0x00000085e9b00000,0x00000085e9c00000)]
  0x000001a2f23bdae0 JavaThread "HttpClient-2-SelectorManager" daemon [_thread_in_native, id=6752, stack(0x00000085e9c00000,0x00000085e9d00000)]
  0x000001a2f23c3180 JavaThread "HttpClient-3-SelectorManager" daemon [_thread_in_native, id=9708, stack(0x00000085e9d00000,0x00000085e9e00000)]
  0x000001a2f23c2310 JavaThread "HttpClient-4-SelectorManager" daemon [_thread_in_native, id=10944, stack(0x00000085e9e00000,0x00000085e9f00000)]
  0x000001a2f23be950 JavaThread "HttpClient-5-SelectorManager" daemon [_thread_in_native, id=7912, stack(0x00000085e9f00000,0x00000085ea000000)]
  0x000001a2f23bdfb0 JavaThread "Atmosphere-Shared-1" daemon [_thread_blocked, id=12560, stack(0x00000085ea000000,0x00000085ea100000)]
  0x000001a2f23bf7c0 JavaThread "Atmosphere-Scheduler-7" daemon [_thread_blocked, id=17924, stack(0x00000085ea100000,0x00000085ea200000)]
  0x000001a2f23c1970 JavaThread "Atmosphere-Scheduler-8" daemon [_thread_blocked, id=2220, stack(0x00000085ea300000,0x00000085ea400000)]
  0x000001a2f23c27e0 JavaThread "Atmosphere-Scheduler-9" daemon [_thread_blocked, id=3348, stack(0x00000085ea400000,0x00000085ea500000)]
  0x000001a2f23bee20 JavaThread "Atmosphere-Scheduler-10" daemon [_thread_blocked, id=14352, stack(0x00000085ea600000,0x00000085ea700000)]
  0x000001a2f23c3ff0 JavaThread "Atmosphere-Scheduler-11" daemon [_thread_blocked, id=21476, stack(0x00000085ea800000,0x00000085ea900000)]
  0x000001a2f23c3b20 JavaThread "WebSocket background processing" daemon [_thread_blocked, id=18068, stack(0x00000085ea900000,0x00000085eaa00000)]
  0x000001a2f23bcc70 JavaThread "Atmosphere-Scheduler-12" daemon [_thread_blocked, id=11228, stack(0x00000085eab00000,0x00000085eac00000)]
  0x000001a2f23bd140 JavaThread "Atmosphere-Scheduler-13" daemon [_thread_blocked, id=10540, stack(0x00000085eac00000,0x00000085ead00000)]
  0x000001a2f23bd610 JavaThread "Atmosphere-Scheduler-14" daemon [_thread_blocked, id=5020, stack(0x00000085ead00000,0x00000085eae00000)]
  0x000001a2f23bfc90 JavaThread "HttpClient-1-Worker-0" daemon [_thread_blocked, id=2524, stack(0x00000085eae00000,0x00000085eaf00000)]
  0x000001a2f23be480 JavaThread "HttpClient-1-Worker-1" daemon [_thread_blocked, id=596, stack(0x00000085e8600000,0x00000085e8700000)]
=>0x000001a2f23c2cb0 JavaThread "SwingWorker-pool-2-thread-1" daemon [_thread_in_native, id=9748, stack(0x00000085e6200000,0x00000085e6300000)]
  0x000001a2f23c0fd0 JavaThread "AWT-Shutdown" [_thread_blocked, id=20336, stack(0x00000085e6b00000,0x00000085e6c00000)]
  0x000001a2f23c1e40 JavaThread "AWT-Windows" daemon [_thread_in_native, id=9056, stack(0x00000085e7100000,0x00000085e7200000)]
  0x000001a2f0408600 JavaThread "TimerQueue" daemon [_thread_blocked, id=9332, stack(0x00000085ea200000,0x00000085ea300000)]
  0x000001a2fb8ae810 JavaThread "AWT-EventQueue-0" [_thread_blocked, id=19828, stack(0x00000085ea500000,0x00000085ea600000)]
  0x000001a2f1a242c0 JavaThread "C1 CompilerThread1" daemon [_thread_blocked, id=19668, stack(0x00000085ea700000,0x00000085ea800000)]
  0x000001a2f1a20600 JavaThread "C1 CompilerThread2" daemon [_thread_blocked, id=20484, stack(0x00000085eaa00000,0x00000085eab00000)]
  0x000001a2f1a25700 JavaThread "C2 CompilerThread1" daemon [_thread_blocked, id=13932, stack(0x00000085eaf00000,0x00000085eb000000)]

Other Threads:
  0x000001a2ea1bb2a0 VMThread "VM Thread" [stack: 0x00000085e5800000,0x00000085e5900000] [id=14924]
  0x000001a2eadd0e10 WatcherThread [stack: 0x00000085e6400000,0x00000085e6500000] [id=11304]
  0x000001a2cb921e30 GCTaskThread "GC Thread#0" [stack: 0x00000085e5300000,0x00000085e5400000] [id=11728]
  0x000001a2ef8dd440 GCTaskThread "GC Thread#1" [stack: 0x00000085e6700000,0x00000085e6800000] [id=20928]
  0x000001a2ef8dd6f0 GCTaskThread "GC Thread#2" [stack: 0x00000085e6800000,0x00000085e6900000] [id=13404]
  0x000001a2ef8dd9a0 GCTaskThread "GC Thread#3" [stack: 0x00000085e6900000,0x00000085e6a00000] [id=3448]
  0x000001a2ef8ddc50 GCTaskThread "GC Thread#4" [stack: 0x00000085e6a00000,0x00000085e6b00000] [id=12908]
  0x000001a2eff85150 GCTaskThread "GC Thread#5" [stack: 0x00000085e7000000,0x00000085e7100000] [id=17664]
  0x000001a2f0136500 GCTaskThread "GC Thread#6" [stack: 0x00000085e7200000,0x00000085e7300000] [id=2400]
  0x000001a2f0e90350 GCTaskThread "GC Thread#7" [stack: 0x00000085e7300000,0x00000085e7400000] [id=13644]
  0x000001a2f0e44940 GCTaskThread "GC Thread#8" [stack: 0x00000085e7400000,0x00000085e7500000] [id=20852]
  0x000001a2f252dab0 GCTaskThread "GC Thread#9" [stack: 0x00000085e7800000,0x00000085e7900000] [id=10288]
  0x000001a2f1dc9440 GCTaskThread "GC Thread#10" [stack: 0x00000085e7900000,0x00000085e7a00000] [id=19564]
  0x000001a2f1fa86f0 GCTaskThread "GC Thread#11" [stack: 0x00000085e7a00000,0x00000085e7b00000] [id=19156]
  0x000001a2f1fa7ee0 GCTaskThread "GC Thread#12" [stack: 0x00000085e7b00000,0x00000085e7c00000] [id=17164]
  0x000001a2cb932aa0 ConcurrentGCThread "G1 Main Marker" [stack: 0x00000085e5400000,0x00000085e5500000] [id=18884]
  0x000001a2cb9334b0 ConcurrentGCThread "G1 Conc#0" [stack: 0x00000085e5500000,0x00000085e5600000] [id=17496]
  0x000001a2f0d0d840 ConcurrentGCThread "G1 Conc#1" [stack: 0x00000085e7500000,0x00000085e7600000] [id=16272]
  0x000001a2f1102170 ConcurrentGCThread "G1 Conc#2" [stack: 0x00000085e7600000,0x00000085e7700000] [id=6568]
  0x000001a2ea0a24b0 ConcurrentGCThread "G1 Refine#0" [stack: 0x00000085e5600000,0x00000085e5700000] [id=13480]
  0x000001a2f5237af0 ConcurrentGCThread "G1 Refine#1" [stack: 0x00000085e7f00000,0x00000085e8000000] [id=13116]
  0x000001a2ea0a3b90 ConcurrentGCThread "G1 Service" [stack: 0x00000085e5700000,0x00000085e5800000] [id=20704]

Threads with active compile tasks:

VM state: not at safepoint (normal execution)

VM Mutex/Monitor currently owned by a thread: None

Heap address: 0x000000070a600000, size: 3930 MB, Compressed Oops mode: Zero based, Oop shift amount: 3

CDS archive(s) not mapped
Compressed class space mapped at: 0x0000000800000000-0x0000000840000000, reserved size: 1073741824
Narrow klass base: 0x0000000800000000, Narrow klass shift: 0, Narrow klass range: 0x40000000

GC Precious Log:
 CPUs: 16 total, 16 available
 Memory: 15712M
 Large Page Support: Disabled
 NUMA Support: Disabled
 Compressed Oops: Enabled (Zero based)
 Heap Region Size: 2M
 Heap Min Capacity: 8M
 Heap Initial Capacity: 246M
 Heap Max Capacity: 3930M
 Pre-touch: Disabled
 Parallel Workers: 13
 Concurrent Workers: 3
 Concurrent Refinement Workers: 13
 Periodic GC: Disabled

Heap:
 garbage-first heap   total 249856K, used 105652K [0x000000070a600000, 0x0000000800000000)
  region size 2048K, 30 young (61440K), 4 survivors (8192K)
 Metaspace       used 81139K, committed 81792K, reserved 1179648K
  class space    used 9963K, committed 10304K, reserved 1048576K

Heap Regions: E=young(eden), S=young(survivor), O=old, HS=humongous(starts), HC=humongous(continues), CS=collection set, F=free, OA=open archive, CA=closed archive, TAMS=top-at-mark-start (previous, next)
|   0|0x000000070a600000, 0x000000070a800000, 0x000000070a800000|100%| O|  |TAMS 0x000000070a800000, 0x000000070a600000| Untracked 
|   1|0x000000070a800000, 0x000000070aa00000, 0x000000070aa00000|100%| O|  |TAMS 0x000000070aa00000, 0x000000070a800000| Untracked 
|   2|0x000000070aa00000, 0x000000070ac00000, 0x000000070ac00000|100%| O|  |TAMS 0x000000070ac00000, 0x000000070aa00000| Untracked 
|   3|0x000000070ac00000, 0x000000070adffff0, 0x000000070ae00000| 99%| O|  |TAMS 0x000000070adffff0, 0x000000070ac00000| Untracked 
|   4|0x000000070ae00000, 0x000000070b000000, 0x000000070b000000|100%| O|  |TAMS 0x000000070ae00000, 0x000000070ae00000| Untracked 
|   5|0x000000070b000000, 0x000000070b1dcdd0, 0x000000070b200000| 93%| O|  |TAMS 0x000000070b000000, 0x000000070b000000| Untracked 
|   6|0x000000070b200000, 0x000000070b3fffe8, 0x000000070b400000| 99%| O|  |TAMS 0x000000070b200000, 0x000000070b200000| Untracked 
|   7|0x000000070b400000, 0x000000070b5fff38, 0x000000070b600000| 99%| O|  |TAMS 0x000000070b5fff38, 0x000000070b400000| Untracked 
|   8|0x000000070b600000, 0x000000070b7cb0c0, 0x000000070b800000| 89%| O|  |TAMS 0x000000070b600000, 0x000000070b600000| Untracked 
|   9|0x000000070b800000, 0x000000070b9fffe8, 0x000000070ba00000| 99%| O|  |TAMS 0x000000070b800000, 0x000000070b800000| Untracked 
|  10|0x000000070ba00000, 0x000000070bbffff0, 0x000000070bc00000| 99%| O|  |TAMS 0x000000070bbffff0, 0x000000070ba00000| Untracked 
|  11|0x000000070bc00000, 0x000000070bdfffe0, 0x000000070be00000| 99%| O|  |TAMS 0x000000070bdfffe0, 0x000000070bc00000| Untracked 
|  12|0x000000070be00000, 0x000000070c000000, 0x000000070c000000|100%| O|  |TAMS 0x000000070be00000, 0x000000070be00000| Untracked 
|  13|0x000000070c000000, 0x000000070c1fffd8, 0x000000070c200000| 99%| O|  |TAMS 0x000000070c000000, 0x000000070c000000| Untracked 
|  14|0x000000070c200000, 0x000000070c400000, 0x000000070c400000|100%| O|  |TAMS 0x000000070c400000, 0x000000070c200000| Untracked 
|  15|0x000000070c400000, 0x000000070c5fff48, 0x000000070c600000| 99%| O|  |TAMS 0x000000070c5fff48, 0x000000070c400000| Untracked 
|  16|0x000000070c600000, 0x000000070c800000, 0x000000070c800000|100%| O|  |TAMS 0x000000070c800000, 0x000000070c600000| Untracked 
|  17|0x000000070c800000, 0x000000070c8b7c10, 0x000000070ca00000| 35%| O|  |TAMS 0x000000070c800000, 0x000000070c800000| Untracked 
|  18|0x000000070ca00000, 0x000000070caf89e0, 0x000000070cc00000| 48%| O|  |TAMS 0x000000070ca00000, 0x000000070ca00000| Untracked 
|  19|0x000000070cc00000, 0x000000070cdffff8, 0x000000070ce00000| 99%| O|  |TAMS 0x000000070cdffff8, 0x000000070cc00000| Untracked 
|  20|0x000000070ce00000, 0x000000070ceb4920, 0x000000070d000000| 35%| O|  |TAMS 0x000000070ce00000, 0x000000070ce00000| Untracked 
|  21|0x000000070d000000, 0x000000070d04d7e8, 0x000000070d200000| 15%| O|  |TAMS 0x000000070d000000, 0x000000070d000000| Untracked 
|  22|0x000000070d200000, 0x000000070d400000, 0x000000070d400000|100%| O|  |TAMS 0x000000070d200000, 0x000000070d200000| Untracked 
|  23|0x000000070d400000, 0x000000070d567c68, 0x000000070d600000| 70%| O|  |TAMS 0x000000070d400000, 0x000000070d400000| Untracked 
|  24|0x000000070d600000, 0x000000070d7ffff8, 0x000000070d800000| 99%| O|  |TAMS 0x000000070d600000, 0x000000070d600000| Untracked 
|  25|0x000000070d800000, 0x000000070d823ba0, 0x000000070da00000|  6%| O|  |TAMS 0x000000070d800000, 0x000000070d800000| Untracked 
|  26|0x000000070da00000, 0x000000070dae6400, 0x000000070dc00000| 44%| O|  |TAMS 0x000000070da00000, 0x000000070da00000| Untracked 
|  27|0x000000070dc00000, 0x000000070de00000, 0x000000070de00000|100%|HS|  |TAMS 0x000000070dc00000, 0x000000070dc00000| Complete 
|  28|0x000000070de00000, 0x000000070de00000, 0x000000070e000000|  0%| F|  |TAMS 0x000000070de00000, 0x000000070de00000| Untracked 
|  29|0x000000070e000000, 0x000000070e200000, 0x000000070e200000|100%| O|  |TAMS 0x000000070e200000, 0x000000070e000000| Untracked 
|  30|0x000000070e200000, 0x000000070e200000, 0x000000070e400000|  0%| F|  |TAMS 0x000000070e200000, 0x000000070e200000| Untracked 
|  31|0x000000070e400000, 0x000000070e400000, 0x000000070e600000|  0%| F|  |TAMS 0x000000070e400000, 0x000000070e400000| Untracked 
|  32|0x000000070e600000, 0x000000070e600000, 0x000000070e800000|  0%| F|  |TAMS 0x000000070e600000, 0x000000070e600000| Untracked 
|  33|0x000000070e800000, 0x000000070e800000, 0x000000070ea00000|  0%| F|  |TAMS 0x000000070e800000, 0x000000070e800000| Untracked 
|  34|0x000000070ea00000, 0x000000070ea00000, 0x000000070ec00000|  0%| F|  |TAMS 0x000000070ea00000, 0x000000070ea00000| Untracked 
|  35|0x000000070ec00000, 0x000000070ec00000, 0x000000070ee00000|  0%| F|  |TAMS 0x000000070ec00000, 0x000000070ec00000| Untracked 
|  36|0x000000070ee00000, 0x000000070ee00000, 0x000000070f000000|  0%| F|  |TAMS 0x000000070ee00000, 0x000000070ee00000| Untracked 
|  37|0x000000070f000000, 0x000000070f000000, 0x000000070f200000|  0%| F|  |TAMS 0x000000070f000000, 0x000000070f000000| Untracked 
|  38|0x000000070f200000, 0x000000070f200000, 0x000000070f400000|  0%| F|  |TAMS 0x000000070f200000, 0x000000070f200000| Untracked 
|  39|0x000000070f400000, 0x000000070f400000, 0x000000070f600000|  0%| F|  |TAMS 0x000000070f400000, 0x000000070f400000| Untracked 
|  40|0x000000070f600000, 0x000000070f600000, 0x000000070f800000|  0%| F|  |TAMS 0x000000070f600000, 0x000000070f600000| Untracked 
|  41|0x000000070f800000, 0x000000070f800000, 0x000000070fa00000|  0%| F|  |TAMS 0x000000070f800000, 0x000000070f800000| Untracked 
|  42|0x000000070fa00000, 0x000000070fa00000, 0x000000070fc00000|  0%| F|  |TAMS 0x000000070fa00000, 0x000000070fa00000| Untracked 
|  43|0x000000070fc00000, 0x000000070fc00000, 0x000000070fe00000|  0%| F|  |TAMS 0x000000070fc00000, 0x000000070fc00000| Untracked 
|  44|0x000000070fe00000, 0x000000070fe00000, 0x0000000710000000|  0%| F|  |TAMS 0x000000070fe00000, 0x000000070fe00000| Untracked 
|  45|0x0000000710000000, 0x0000000710000000, 0x0000000710200000|  0%| F|  |TAMS 0x0000000710000000, 0x0000000710000000| Untracked 
|  46|0x0000000710200000, 0x0000000710200000, 0x0000000710400000|  0%| F|  |TAMS 0x0000000710200000, 0x0000000710200000| Untracked 
|  47|0x0000000710400000, 0x0000000710400000, 0x0000000710600000|  0%| F|  |TAMS 0x0000000710400000, 0x0000000710400000| Untracked 
|  48|0x0000000710600000, 0x00000007106612d8, 0x0000000710800000| 18%| S|CS|TAMS 0x0000000710600000, 0x0000000710600000| Complete 
|  49|0x0000000710800000, 0x0000000710a00000, 0x0000000710a00000|100%| S|CS|TAMS 0x0000000710800000, 0x0000000710800000| Complete 
|  50|0x0000000710a00000, 0x0000000710c00000, 0x0000000710c00000|100%| S|CS|TAMS 0x0000000710a00000, 0x0000000710a00000| Complete 
|  51|0x0000000710c00000, 0x0000000710e00000, 0x0000000710e00000|100%| S|CS|TAMS 0x0000000710c00000, 0x0000000710c00000| Complete 
|  52|0x0000000710e00000, 0x0000000710e00000, 0x0000000711000000|  0%| F|  |TAMS 0x0000000710e00000, 0x0000000710e00000| Untracked 
|  53|0x0000000711000000, 0x0000000711000000, 0x0000000711200000|  0%| F|  |TAMS 0x0000000711000000, 0x0000000711000000| Untracked 
|  54|0x0000000711200000, 0x0000000711200000, 0x0000000711400000|  0%| F|  |TAMS 0x0000000711200000, 0x0000000711200000| Untracked 
|  55|0x0000000711400000, 0x0000000711400000, 0x0000000711600000|  0%| F|  |TAMS 0x0000000711400000, 0x0000000711400000| Untracked 
|  56|0x0000000711600000, 0x0000000711600000, 0x0000000711800000|  0%| F|  |TAMS 0x0000000711600000, 0x0000000711600000| Untracked 
|  57|0x0000000711800000, 0x0000000711800000, 0x0000000711a00000|  0%| F|  |TAMS 0x0000000711800000, 0x0000000711800000| Untracked 
|  58|0x0000000711a00000, 0x0000000711a00000, 0x0000000711c00000|  0%| F|  |TAMS 0x0000000711a00000, 0x0000000711a00000| Untracked 
|  59|0x0000000711c00000, 0x0000000711c00000, 0x0000000711e00000|  0%| F|  |TAMS 0x0000000711c00000, 0x0000000711c00000| Untracked 
|  60|0x0000000711e00000, 0x0000000711e00000, 0x0000000712000000|  0%| F|  |TAMS 0x0000000711e00000, 0x0000000711e00000| Untracked 
|  61|0x0000000712000000, 0x0000000712000000, 0x0000000712200000|  0%| F|  |TAMS 0x0000000712000000, 0x0000000712000000| Untracked 
|  62|0x0000000712200000, 0x0000000712200000, 0x0000000712400000|  0%| F|  |TAMS 0x0000000712200000, 0x0000000712200000| Untracked 
|  63|0x0000000712400000, 0x0000000712400000, 0x0000000712600000|  0%| F|  |TAMS 0x0000000712400000, 0x0000000712400000| Untracked 
|  64|0x0000000712600000, 0x0000000712600000, 0x0000000712800000|  0%| F|  |TAMS 0x0000000712600000, 0x0000000712600000| Untracked 
|  65|0x0000000712800000, 0x0000000712800000, 0x0000000712a00000|  0%| F|  |TAMS 0x0000000712800000, 0x0000000712800000| Untracked 
|  66|0x0000000712a00000, 0x0000000712a00000, 0x0000000712c00000|  0%| F|  |TAMS 0x0000000712a00000, 0x0000000712a00000| Untracked 
|  67|0x0000000712c00000, 0x0000000712c00000, 0x0000000712e00000|  0%| F|  |TAMS 0x0000000712c00000, 0x0000000712c00000| Untracked 
|  68|0x0000000712e00000, 0x0000000712e00000, 0x0000000713000000|  0%| F|  |TAMS 0x0000000712e00000, 0x0000000712e00000| Untracked 
|  69|0x0000000713000000, 0x0000000713000000, 0x0000000713200000|  0%| F|  |TAMS 0x0000000713000000, 0x0000000713000000| Untracked 
|  70|0x0000000713200000, 0x0000000713200000, 0x0000000713400000|  0%| F|  |TAMS 0x0000000713200000, 0x0000000713200000| Untracked 
|  71|0x0000000713400000, 0x0000000713400000, 0x0000000713600000|  0%| F|  |TAMS 0x0000000713400000, 0x0000000713400000| Untracked 
|  72|0x0000000713600000, 0x0000000713600000, 0x0000000713800000|  0%| F|  |TAMS 0x0000000713600000, 0x0000000713600000| Untracked 
|  73|0x0000000713800000, 0x0000000713800000, 0x0000000713a00000|  0%| F|  |TAMS 0x0000000713800000, 0x0000000713800000| Untracked 
|  74|0x0000000713a00000, 0x0000000713a00000, 0x0000000713c00000|  0%| F|  |TAMS 0x0000000713a00000, 0x0000000713a00000| Untracked 
|  75|0x0000000713c00000, 0x0000000713c00000, 0x0000000713e00000|  0%| F|  |TAMS 0x0000000713c00000, 0x0000000713c00000| Untracked 
|  76|0x0000000713e00000, 0x0000000713e00000, 0x0000000714000000|  0%| F|  |TAMS 0x0000000713e00000, 0x0000000713e00000| Untracked 
|  77|0x0000000714000000, 0x0000000714000000, 0x0000000714200000|  0%| F|  |TAMS 0x0000000714000000, 0x0000000714000000| Untracked 
|  78|0x0000000714200000, 0x0000000714200000, 0x0000000714400000|  0%| F|  |TAMS 0x0000000714200000, 0x0000000714200000| Untracked 
|  79|0x0000000714400000, 0x0000000714400000, 0x0000000714600000|  0%| F|  |TAMS 0x0000000714400000, 0x0000000714400000| Untracked 
|  80|0x0000000714600000, 0x0000000714600000, 0x0000000714800000|  0%| F|  |TAMS 0x0000000714600000, 0x0000000714600000| Untracked 
|  81|0x0000000714800000, 0x0000000714800000, 0x0000000714a00000|  0%| F|  |TAMS 0x0000000714800000, 0x0000000714800000| Untracked 
|  82|0x0000000714a00000, 0x0000000714a00000, 0x0000000714c00000|  0%| F|  |TAMS 0x0000000714a00000, 0x0000000714a00000| Untracked 
|  83|0x0000000714c00000, 0x0000000714c00000, 0x0000000714e00000|  0%| F|  |TAMS 0x0000000714c00000, 0x0000000714c00000| Untracked 
|  84|0x0000000714e00000, 0x0000000714e00000, 0x0000000715000000|  0%| F|  |TAMS 0x0000000714e00000, 0x0000000714e00000| Untracked 
|  85|0x0000000715000000, 0x0000000715000000, 0x0000000715200000|  0%| F|  |TAMS 0x0000000715000000, 0x0000000715000000| Untracked 
|  86|0x0000000715200000, 0x0000000715200000, 0x0000000715400000|  0%| F|  |TAMS 0x0000000715200000, 0x0000000715200000| Untracked 
|  87|0x0000000715400000, 0x0000000715400000, 0x0000000715600000|  0%| F|  |TAMS 0x0000000715400000, 0x0000000715400000| Untracked 
|  88|0x0000000715600000, 0x0000000715600000, 0x0000000715800000|  0%| F|  |TAMS 0x0000000715600000, 0x0000000715600000| Untracked 
|  89|0x0000000715800000, 0x0000000715800000, 0x0000000715a00000|  0%| F|  |TAMS 0x0000000715800000, 0x0000000715800000| Untracked 
|  90|0x0000000715a00000, 0x0000000715a00000, 0x0000000715c00000|  0%| F|  |TAMS 0x0000000715a00000, 0x0000000715a00000| Untracked 
|  91|0x0000000715c00000, 0x0000000715c00000, 0x0000000715e00000|  0%| F|  |TAMS 0x0000000715c00000, 0x0000000715c00000| Untracked 
|  92|0x0000000715e00000, 0x0000000715e00000, 0x0000000716000000|  0%| F|  |TAMS 0x0000000715e00000, 0x0000000715e00000| Untracked 
|  93|0x0000000716000000, 0x0000000716000000, 0x0000000716200000|  0%| F|  |TAMS 0x0000000716000000, 0x0000000716000000| Untracked 
|  94|0x0000000716200000, 0x0000000716200000, 0x0000000716400000|  0%| F|  |TAMS 0x0000000716200000, 0x0000000716200000| Untracked 
|  95|0x0000000716400000, 0x0000000716400000, 0x0000000716600000|  0%| F|  |TAMS 0x0000000716400000, 0x0000000716400000| Untracked 
|  96|0x0000000716600000, 0x00000007166a1b00, 0x0000000716800000| 31%| E|  |TAMS 0x0000000716600000, 0x0000000716600000| Complete 
|  97|0x0000000716800000, 0x0000000716a00000, 0x0000000716a00000|100%| E|  |TAMS 0x0000000716800000, 0x0000000716800000| Complete 
|  98|0x0000000716a00000, 0x0000000716c00000, 0x0000000716c00000|100%| E|CS|TAMS 0x0000000716a00000, 0x0000000716a00000| Complete 
|  99|0x0000000716c00000, 0x0000000716e00000, 0x0000000716e00000|100%| E|CS|TAMS 0x0000000716c00000, 0x0000000716c00000| Complete 
| 100|0x0000000716e00000, 0x0000000717000000, 0x0000000717000000|100%| E|CS|TAMS 0x0000000716e00000, 0x0000000716e00000| Complete 
| 101|0x0000000717000000, 0x0000000717200000, 0x0000000717200000|100%| E|CS|TAMS 0x0000000717000000, 0x0000000717000000| Complete 
| 102|0x0000000717200000, 0x0000000717400000, 0x0000000717400000|100%| E|CS|TAMS 0x0000000717200000, 0x0000000717200000| Complete 
| 103|0x0000000717400000, 0x0000000717600000, 0x0000000717600000|100%| E|CS|TAMS 0x0000000717400000, 0x0000000717400000| Complete 
| 104|0x0000000717600000, 0x0000000717800000, 0x0000000717800000|100%| E|CS|TAMS 0x0000000717600000, 0x0000000717600000| Complete 
| 105|0x0000000717800000, 0x0000000717a00000, 0x0000000717a00000|100%| E|CS|TAMS 0x0000000717800000, 0x0000000717800000| Complete 
| 106|0x0000000717a00000, 0x0000000717c00000, 0x0000000717c00000|100%| E|CS|TAMS 0x0000000717a00000, 0x0000000717a00000| Complete 
| 107|0x0000000717c00000, 0x0000000717e00000, 0x0000000717e00000|100%| E|CS|TAMS 0x0000000717c00000, 0x0000000717c00000| Complete 
| 108|0x0000000717e00000, 0x0000000718000000, 0x0000000718000000|100%| E|CS|TAMS 0x0000000717e00000, 0x0000000717e00000| Complete 
| 109|0x0000000718000000, 0x0000000718200000, 0x0000000718200000|100%| E|CS|TAMS 0x0000000718000000, 0x0000000718000000| Complete 
| 110|0x0000000718200000, 0x0000000718400000, 0x0000000718400000|100%| E|CS|TAMS 0x0000000718200000, 0x0000000718200000| Complete 
| 111|0x0000000718400000, 0x0000000718600000, 0x0000000718600000|100%| E|CS|TAMS 0x0000000718400000, 0x0000000718400000| Complete 
| 112|0x0000000718600000, 0x0000000718800000, 0x0000000718800000|100%| E|CS|TAMS 0x0000000718600000, 0x0000000718600000| Complete 
| 113|0x0000000718800000, 0x0000000718a00000, 0x0000000718a00000|100%| E|CS|TAMS 0x0000000718800000, 0x0000000718800000| Complete 
| 114|0x0000000718a00000, 0x0000000718c00000, 0x0000000718c00000|100%| E|CS|TAMS 0x0000000718a00000, 0x0000000718a00000| Complete 
| 115|0x0000000718c00000, 0x0000000718e00000, 0x0000000718e00000|100%| E|CS|TAMS 0x0000000718c00000, 0x0000000718c00000| Complete 
| 116|0x0000000718e00000, 0x0000000719000000, 0x0000000719000000|100%| E|CS|TAMS 0x0000000718e00000, 0x0000000718e00000| Complete 
| 117|0x0000000719000000, 0x0000000719200000, 0x0000000719200000|100%| E|CS|TAMS 0x0000000719000000, 0x0000000719000000| Complete 
| 118|0x0000000719200000, 0x0000000719400000, 0x0000000719400000|100%| E|CS|TAMS 0x0000000719200000, 0x0000000719200000| Complete 
| 119|0x0000000719400000, 0x0000000719600000, 0x0000000719600000|100%| E|CS|TAMS 0x0000000719400000, 0x0000000719400000| Complete 
| 120|0x0000000719600000, 0x0000000719800000, 0x0000000719800000|100%| E|CS|TAMS 0x0000000719600000, 0x0000000719600000| Complete 
| 121|0x0000000719800000, 0x0000000719a00000, 0x0000000719a00000|100%| E|CS|TAMS 0x0000000719800000, 0x0000000719800000| Complete 

Card table byte_map: [0x000001a2def80000,0x000001a2df730000] _byte_map_base: 0x000001a2db72d000

Marking Bits (Prev, Next): (CMBitMap*) 0x000001a2cb922440, (CMBitMap*) 0x000001a2cb922480
 Prev Bits: [0x000001a2dfee0000, 0x000001a2e3c48000)
 Next Bits: [0x000001a2e3c50000, 0x000001a2e79b8000)

Polling page: 0x000001a2cb050000

Metaspace:

Usage:
  Non-class:     69.51 MB used.
      Class:      9.73 MB used.
       Both:     79.24 MB used.

Virtual space:
  Non-class space:      128.00 MB reserved,      69.81 MB ( 55%) committed,  2 nodes.
      Class space:        1.00 GB reserved,      10.06 MB ( <1%) committed,  1 nodes.
             Both:        1.12 GB reserved,      79.88 MB (  7%) committed. 

Chunk freelists:
   Non-Class:  9.41 MB
       Class:  5.79 MB
        Both:  15.19 MB

MaxMetaspaceSize: unlimited
CompressedClassSpaceSize: 1.00 GB
Initial GC threshold: 21.00 MB
Current GC threshold: 95.88 MB
CDS: off
MetaspaceReclaimPolicy: balanced
 - commit_granule_bytes: 65536.
 - commit_granule_words: 8192.
 - virtual_space_node_default_size: 8388608.
 - enlarge_chunks_in_place: 1.
 - new_chunks_are_fully_committed: 0.
 - uncommit_free_chunks: 1.
 - use_allocation_guard: 0.
 - handle_deallocations: 1.


Internal statistics:

num_allocs_failed_limit: 6.
num_arena_births: 896.
num_arena_deaths: 0.
num_vsnodes_births: 3.
num_vsnodes_deaths: 0.
num_space_committed: 1277.
num_space_uncommitted: 0.
num_chunks_returned_to_freelist: 6.
num_chunks_taken_from_freelist: 3375.
num_chunk_merges: 3.
num_chunk_splits: 2309.
num_chunks_enlarged: 1704.
num_inconsistent_stats: 0.

CodeHeap 'non-profiled nmethods': size=119168Kb used=7418Kb max_used=7894Kb free=111749Kb
 bounds [0x000001a2d6ae0000, 0x000001a2d72a0000, 0x000001a2ddf40000]
CodeHeap 'profiled nmethods': size=119104Kb used=17475Kb max_used=17475Kb free=101628Kb
 bounds [0x000001a2cef40000, 0x000001a2d0060000, 0x000001a2d6390000]
CodeHeap 'non-nmethods': size=7488Kb used=2511Kb max_used=3017Kb free=4976Kb
 bounds [0x000001a2d6390000, 0x000001a2d66a0000, 0x000001a2d6ae0000]
 total_blobs=9063 nmethods=8335 adapters=638
 compilation: enabled
              stopped_count=0, restarted_count=0
 full_count=0

Compilation events (20 events):
Event: 154.200 Thread 0x000001a2f1a242c0 10194       3       java.lang.Long::formatUnsignedLong0 (47 bytes)
Event: 154.200 Thread 0x000001a2f1a242c0 nmethod 10194 0x000001a2d004eb10 code [0x000001a2d004ecc0, 0x000001a2d004eed8]
Event: 154.208 Thread 0x000001a2f1a242c0 10195   !   3       com.google.protobuf.GeneratedMessage::getMethodOrDie (27 bytes)
Event: 154.209 Thread 0x000001a2eab287a0 10196       3       java.io.Writer::<init> (10 bytes)
Event: 154.209 Thread 0x000001a2f1a242c0 nmethod 10195 0x000001a2d004f090 code [0x000001a2d004f280, 0x000001a2d004f638]
Event: 154.209 Thread 0x000001a2eab287a0 nmethod 10196 0x000001a2d004f890 code [0x000001a2d004fa20, 0x000001a2d004fbd8]
Event: 154.210 Thread 0x000001a2eab287a0 10197       3       java.lang.String::subSequence (7 bytes)
Event: 154.210 Thread 0x000001a2eab287a0 nmethod 10197 0x000001a2d004fc90 code [0x000001a2d004fe20, 0x000001a2d004ff68]
Event: 154.211 Thread 0x000001a2eab27d00 nmethod 10074 0x000001a2d6e0e890 code [0x000001a2d6e0eb80, 0x000001a2d6e11a50]
Event: 154.211 Thread 0x000001a2eab287a0 10198       3       com.google.protobuf.Descriptors$Descriptor::getFields (11 bytes)
Event: 154.212 Thread 0x000001a2eab287a0 nmethod 10198 0x000001a2d0050010 code [0x000001a2d0050200, 0x000001a2d0050758]
Event: 154.219 Thread 0x000001a2f1a25700 nmethod 10193 0x000001a2d6e0d610 code [0x000001a2d6e0d7e0, 0x000001a2d6e0e378]
Event: 154.223 Thread 0x000001a2f1a242c0 10199       3       java.lang.invoke.MethodHandles::foldArgumentsWithCombiner (9 bytes)
Event: 154.223 Thread 0x000001a2f1a242c0 nmethod 10199 0x000001a2d0050990 code [0x000001a2d0050b20, 0x000001a2d0050c68]
Event: 154.224 Thread 0x000001a2f1a242c0 10200       1       com.google.protobuf.Descriptors$FieldDescriptor::getContainingType (5 bytes)
Event: 154.224 Thread 0x000001a2f1a20600 10201       1       com.google.protobuf.Descriptors$FieldDescriptor::getIndex (5 bytes)
Event: 154.224 Thread 0x000001a2f1a242c0 nmethod 10200 0x000001a2d6e0d310 code [0x000001a2d6e0d4a0, 0x000001a2d6e0d578]
Event: 154.224 Thread 0x000001a2f1a20600 nmethod 10201 0x000001a2d6e0d010 code [0x000001a2d6e0d1a0, 0x000001a2d6e0d278]
Event: 154.224 Thread 0x000001a2f1a20600 10202       3       com.google.protobuf.util.JsonFormat$PrettyTextGenerator::write (48 bytes)
Event: 154.224 Thread 0x000001a2f1a20600 nmethod 10202 0x000001a2d0050d10 code [0x000001a2d0050ee0, 0x000001a2d0051308]

GC Heap History (20 events):
Event: 87.541 GC heap before
{Heap before GC invocations=63 (full 2):
 garbage-first heap   total 206848K, used 159730K [0x000000070a600000, 0x0000000800000000)
  region size 2048K, 58 young (118784K), 4 survivors (8192K)
 Metaspace       used 58716K, committed 59328K, reserved 1114112K
  class space    used 7202K, committed 7552K, reserved 1048576K
}
Event: 87.542 GC heap after
{Heap after GC invocations=64 (full 2):
 garbage-first heap   total 206848K, used 48772K [0x000000070a600000, 0x0000000800000000)
  region size 2048K, 3 young (6144K), 3 survivors (6144K)
 Metaspace       used 58716K, committed 59328K, reserved 1114112K
  class space    used 7202K, committed 7552K, reserved 1048576K
}
Event: 87.931 GC heap before
{Heap before GC invocations=64 (full 2):
 garbage-first heap   total 206848K, used 183940K [0x000000070a600000, 0x0000000800000000)
  region size 2048K, 59 young (120832K), 3 survivors (6144K)
 Metaspace       used 58720K, committed 59328K, reserved 1114112K
  class space    used 7202K, committed 7552K, reserved 1048576K
}
Event: 87.933 GC heap after
{Heap after GC invocations=65 (full 2):
 garbage-first heap   total 206848K, used 59461K [0x000000070a600000, 0x0000000800000000)
  region size 2048K, 4 young (8192K), 4 survivors (8192K)
 Metaspace       used 58720K, committed 59328K, reserved 1114112K
  class space    used 7202K, committed 7552K, reserved 1048576K
}
Event: 88.146 GC heap before
{Heap before GC invocations=65 (full 2):
 garbage-first heap   total 206848K, used 163909K [0x000000070a600000, 0x0000000800000000)
  region size 2048K, 55 young (112640K), 4 survivors (8192K)
 Metaspace       used 58720K, committed 59328K, reserved 1114112K
  class space    used 7202K, committed 7552K, reserved 1048576K
}
Event: 88.149 GC heap after
{Heap after GC invocations=66 (full 2):
 garbage-first heap   total 206848K, used 59286K [0x000000070a600000, 0x0000000800000000)
  region size 2048K, 3 young (6144K), 3 survivors (6144K)
 Metaspace       used 58720K, committed 59328K, reserved 1114112K
  class space    used 7202K, committed 7552K, reserved 1048576K
}
Event: 88.387 GC heap before
{Heap before GC invocations=66 (full 2):
 garbage-first heap   total 206848K, used 167830K [0x000000070a600000, 0x0000000800000000)
  region size 2048K, 56 young (114688K), 3 survivors (6144K)
 Metaspace       used 58720K, committed 59328K, reserved 1114112K
  class space    used 7202K, committed 7552K, reserved 1048576K
}
Event: 88.390 GC heap after
{Heap after GC invocations=67 (full 2):
 garbage-first heap   total 206848K, used 58881K [0x000000070a600000, 0x0000000800000000)
  region size 2048K, 3 young (6144K), 3 survivors (6144K)
 Metaspace       used 58720K, committed 59328K, reserved 1114112K
  class space    used 7202K, committed 7552K, reserved 1048576K
}
Event: 88.617 GC heap before
{Heap before GC invocations=67 (full 2):
 garbage-first heap   total 206848K, used 167425K [0x000000070a600000, 0x0000000800000000)
  region size 2048K, 56 young (114688K), 3 survivors (6144K)
 Metaspace       used 58720K, committed 59328K, reserved 1114112K
  class space    used 7202K, committed 7552K, reserved 1048576K
}
Event: 88.619 GC heap after
{Heap after GC invocations=68 (full 2):
 garbage-first heap   total 206848K, used 60108K [0x000000070a600000, 0x0000000800000000)
  region size 2048K, 4 young (8192K), 4 survivors (8192K)
 Metaspace       used 58720K, committed 59328K, reserved 1114112K
  class space    used 7202K, committed 7552K, reserved 1048576K
}
Event: 88.898 GC heap before
{Heap before GC invocations=68 (full 2):
 garbage-first heap   total 206848K, used 166604K [0x000000070a600000, 0x0000000800000000)
  region size 2048K, 56 young (114688K), 4 survivors (8192K)
 Metaspace       used 58720K, committed 59328K, reserved 1114112K
  class space    used 7202K, committed 7552K, reserved 1048576K
}
Event: 88.900 GC heap after
{Heap after GC invocations=69 (full 2):
 garbage-first heap   total 249856K, used 58712K [0x000000070a600000, 0x0000000800000000)
  region size 2048K, 3 young (6144K), 3 survivors (6144K)
 Metaspace       used 58720K, committed 59328K, reserved 1114112K
  class space    used 7202K, committed 7552K, reserved 1048576K
}
Event: 89.405 GC heap before
{Heap before GC invocations=69 (full 2):
 garbage-first heap   total 249856K, used 202072K [0x000000070a600000, 0x0000000800000000)
  region size 2048K, 73 young (149504K), 3 survivors (6144K)
 Metaspace       used 58720K, committed 59328K, reserved 1114112K
  class space    used 7202K, committed 7552K, reserved 1048576K
}
Event: 89.407 GC heap after
{Heap after GC invocations=70 (full 2):
 garbage-first heap   total 249856K, used 60021K [0x000000070a600000, 0x0000000800000000)
  region size 2048K, 4 young (8192K), 4 survivors (8192K)
 Metaspace       used 58720K, committed 59328K, reserved 1114112K
  class space    used 7202K, committed 7552K, reserved 1048576K
}
Event: 89.670 GC heap before
{Heap before GC invocations=70 (full 2):
 garbage-first heap   total 249856K, used 201333K [0x000000070a600000, 0x0000000800000000)
  region size 2048K, 73 young (149504K), 4 survivors (8192K)
 Metaspace       used 58720K, committed 59328K, reserved 1114112K
  class space    used 7202K, committed 7552K, reserved 1048576K
}
Event: 89.676 GC heap after
{Heap after GC invocations=71 (full 2):
 garbage-first heap   total 249856K, used 67971K [0x000000070a600000, 0x0000000800000000)
  region size 2048K, 8 young (16384K), 8 survivors (16384K)
 Metaspace       used 58720K, committed 59328K, reserved 1114112K
  class space    used 7202K, committed 7552K, reserved 1048576K
}
Event: 89.942 GC heap before
{Heap before GC invocations=71 (full 2):
 garbage-first heap   total 249856K, used 196995K [0x000000070a600000, 0x0000000800000000)
  region size 2048K, 71 young (145408K), 8 survivors (16384K)
 Metaspace       used 58720K, committed 59328K, reserved 1114112K
  class space    used 7202K, committed 7552K, reserved 1048576K
}
Event: 89.946 GC heap after
{Heap after GC invocations=72 (full 2):
 garbage-first heap   total 249856K, used 60198K [0x000000070a600000, 0x0000000800000000)
  region size 2048K, 1 young (2048K), 1 survivors (2048K)
 Metaspace       used 58720K, committed 59328K, reserved 1114112K
  class space    used 7202K, committed 7552K, reserved 1048576K
}
Event: 148.997 GC heap before
{Heap before GC invocations=72 (full 2):
 garbage-first heap   total 249856K, used 201510K [0x000000070a600000, 0x0000000800000000)
  region size 2048K, 70 young (143360K), 1 survivors (2048K)
 Metaspace       used 71789K, committed 72320K, reserved 1114112K
  class space    used 8824K, committed 9088K, reserved 1048576K
}
Event: 149.004 GC heap after
{Heap after GC invocations=73 (full 2):
 garbage-first heap   total 249856K, used 56500K [0x000000070a600000, 0x0000000800000000)
  region size 2048K, 4 young (8192K), 4 survivors (8192K)
 Metaspace       used 71789K, committed 72320K, reserved 1114112K
  class space    used 8824K, committed 9088K, reserved 1048576K
}

Dll operation events (12 events):
Event: 0.017 Loaded shared library C:\Users\doubl\.p2\pool\plugins\org.eclipse.justj.openjdk.hotspot.jre.full.win32.x86_64_17.0.7.v20230425-1502\jre\bin\java.dll
Event: 0.213 Loaded shared library C:\Users\doubl\.p2\pool\plugins\org.eclipse.justj.openjdk.hotspot.jre.full.win32.x86_64_17.0.7.v20230425-1502\jre\bin\net.dll
Event: 0.214 Loaded shared library C:\Users\doubl\.p2\pool\plugins\org.eclipse.justj.openjdk.hotspot.jre.full.win32.x86_64_17.0.7.v20230425-1502\jre\bin\nio.dll
Event: 0.219 Loaded shared library C:\Users\doubl\.p2\pool\plugins\org.eclipse.justj.openjdk.hotspot.jre.full.win32.x86_64_17.0.7.v20230425-1502\jre\bin\zip.dll
Event: 0.374 Loaded shared library C:\Users\doubl\.p2\pool\plugins\org.eclipse.justj.openjdk.hotspot.jre.full.win32.x86_64_17.0.7.v20230425-1502\jre\bin\jimage.dll
Event: 1.383 Loaded shared library C:\Users\doubl\.p2\pool\plugins\org.eclipse.justj.openjdk.hotspot.jre.full.win32.x86_64_17.0.7.v20230425-1502\jre\bin\management.dll
Event: 1.385 Loaded shared library C:\Users\doubl\.p2\pool\plugins\org.eclipse.justj.openjdk.hotspot.jre.full.win32.x86_64_17.0.7.v20230425-1502\jre\bin\management_ext.dll
Event: 2.599 Loaded shared library C:\Users\doubl\.p2\pool\plugins\org.eclipse.justj.openjdk.hotspot.jre.full.win32.x86_64_17.0.7.v20230425-1502\jre\bin\sunmscapi.dll
Event: 4.275 Loaded shared library C:\Users\doubl\.p2\pool\plugins\org.eclipse.justj.openjdk.hotspot.jre.full.win32.x86_64_17.0.7.v20230425-1502\jre\bin\verify.dll
Event: 13.008 Loaded shared library C:\Users\doubl\AppData\Local\Temp\jna-95774484\jna14481038440754183599.dll
Event: 147.277 Loaded shared library C:\Users\doubl\.p2\pool\plugins\org.eclipse.justj.openjdk.hotspot.jre.full.win32.x86_64_17.0.7.v20230425-1502\jre\bin\awt.dll
Event: 149.342 Loaded shared library C:\Users\doubl\Desktop\Breathe\BREATHE\breathe.web\target\classes\PulseJNI.dll

Deoptimization events (20 events):
Event: 150.142 Thread 0x000001a2f23bfc90 Uncommon trap: trap_request=0xffffff45 fr.pc=0x000001a2d70556d4 relative=0x0000000000000774
Event: 150.142 Thread 0x000001a2f23bfc90 Uncommon trap: reason=unstable_if action=reinterpret pc=0x000001a2d70556d4 method=java.util.Properties.load0(Ljava/util/Properties$LineReader;)V @ 32 c2
Event: 150.142 Thread 0x000001a2f23bfc90 DEOPT PACKING pc=0x000001a2d70556d4 sp=0x00000085eaefd3d0
Event: 150.142 Thread 0x000001a2f23bfc90 DEOPT UNPACKING pc=0x000001a2d63e69a3 sp=0x00000085eaefd378 mode 2
Event: 150.162 Thread 0x000001a2f23bfc90 Uncommon trap: trap_request=0xffffff45 fr.pc=0x000001a2d6f251dc relative=0x00000000000005bc
Event: 150.162 Thread 0x000001a2f23bfc90 Uncommon trap: reason=unstable_if action=reinterpret pc=0x000001a2d6f251dc method=java.util.ArrayList.toArray([Ljava/lang/Object;)[Ljava/lang/Object; @ 45 c2
Event: 150.162 Thread 0x000001a2f23bfc90 DEOPT PACKING pc=0x000001a2d6f251dc sp=0x00000085eaefe3a0
Event: 150.162 Thread 0x000001a2f23bfc90 DEOPT UNPACKING pc=0x000001a2d63e69a3 sp=0x00000085eaefe398 mode 2
Event: 150.163 Thread 0x000001a2f23bfc90 Uncommon trap: trap_request=0xffffff45 fr.pc=0x000001a2d6ec91a8 relative=0x00000000000000a8
Event: 150.163 Thread 0x000001a2f23bfc90 Uncommon trap: reason=unstable_if action=reinterpret pc=0x000001a2d6ec91a8 method=java.util.EnumSet.typeCheck(Ljava/lang/Enum;)V @ 10 c2
Event: 150.163 Thread 0x000001a2f23bfc90 DEOPT PACKING pc=0x000001a2d6ec91a8 sp=0x00000085eaefd860
Event: 150.163 Thread 0x000001a2f23bfc90 DEOPT UNPACKING pc=0x000001a2d63e69a3 sp=0x00000085eaefd778 mode 2
Event: 150.165 Thread 0x000001a2f23bfc90 DEOPT PACKING pc=0x000001a2cf86e4f6 sp=0x00000085eaefd5e0
Event: 150.165 Thread 0x000001a2f23bfc90 DEOPT UNPACKING pc=0x000001a2d63e7143 sp=0x00000085eaefcaf0 mode 0
Event: 150.168 Thread 0x000001a2f23bfc90 DEOPT PACKING pc=0x000001a2cf86e4f6 sp=0x00000085eaefd5e0
Event: 150.168 Thread 0x000001a2f23bfc90 DEOPT UNPACKING pc=0x000001a2d63e7143 sp=0x00000085eaefcaf0 mode 0
Event: 153.835 Thread 0x000001a2f0407c60 Uncommon trap: trap_request=0xffffff45 fr.pc=0x000001a2d7153b2c relative=0x0000000000003c6c
Event: 153.835 Thread 0x000001a2f0407c60 Uncommon trap: reason=unstable_if action=reinterpret pc=0x000001a2d7153b2c method=com.vaadin.flow.internal.nodefeature.NodeMap.setChanged(Ljava/lang/String;)V @ 57 c2
Event: 153.835 Thread 0x000001a2f0407c60 DEOPT PACKING pc=0x000001a2d7153b2c sp=0x00000085e90fc6a0
Event: 153.835 Thread 0x000001a2f0407c60 DEOPT UNPACKING pc=0x000001a2d63e69a3 sp=0x00000085e90fc620 mode 2

Classes unloaded (0 events):
No events

Classes redefined (0 events):
No events

Internal exceptions (20 events):
Event: 147.248 Thread 0x000001a2f0408ad0 Exception <a 'java/lang/ClassNotFoundException'{0x00000007158f4120}: sun/awt/resources/spi/awtProvider> (0x00000007158f4120) 
thrown [s\src\hotspot\share\classfile\systemDictionary.cpp, line 256]
Event: 147.277 Thread 0x000001a2f0408ad0 Exception <a 'java/io/FileNotFoundException'{0x00000007158fe5a0}> (0x00000007158fe5a0) 
thrown [s\src\hotspot\share\prims\jni.cpp, line 516]
Event: 147.278 Thread 0x000001a2f0408ad0 Exception <a 'java/io/FileNotFoundException'{0x00000007158ffde0}> (0x00000007158ffde0) 
thrown [s\src\hotspot\share\prims\jni.cpp, line 516]
Event: 147.379 Thread 0x000001a2f0408ad0 Exception <a 'java/lang/NoSuchMethodError'{0x000000071544bda0}: 'int java.lang.invoke.DirectMethodHandle$Holder.invokeStatic(java.lang.Object, java.lang.Object, java.lang.Object, java.lang.Object, java.lang.Object)'> (0x000000071544bda0) 
thrown [s\src\hotspot\share\interpreter\linkResolver.cpp, line 759]
Event: 147.541 Thread 0x000001a2f040a7b0 Exception <a 'java/lang/NoSuchMethodError'{0x000000071516b758}: 'java.lang.Object java.lang.invoke.DirectMethodHandle$Holder.invokeStatic(java.lang.Object, int, int)'> (0x000000071516b758) 
thrown [s\src\hotspot\share\interpreter\linkResolver.cpp, line 759]
Event: 147.974 Thread 0x000001a2f04072c0 Exception <a 'java/lang/NoSuchMethodError'{0x00000007140b1880}: 'java.lang.Object java.lang.invoke.DirectMethodHandle$Holder.invokeStaticInit(java.lang.Object, java.lang.Object, int)'> (0x00000007140b1880) 
thrown [s\src\hotspot\share\interpreter\linkResolver.cpp, line 759]
Event: 147.997 Thread 0x000001a2f04072c0 Exception <a 'sun/nio/fs/WindowsException'{0x0000000714108830}> (0x0000000714108830) 
thrown [s\src\hotspot\share\prims\jni.cpp, line 516]
Event: 148.456 Thread 0x000001a2f04072c0 Exception <a 'java/lang/NoSuchMethodError'{0x0000000712a317a0}: 'void java.lang.invoke.DirectMethodHandle$Holder.invokeStatic(java.lang.Object, java.lang.Object, java.lang.Object, java.lang.Object, java.lang.Object, java.lang.Object, java.lang.Object)'> (0x0000000712a317a0) 
thrown [s\src\hotspot\share\interpreter\linkResolver.cpp, line 759]
Event: 148.503 Thread 0x000001a2f0409470 Exception <a 'java/lang/NoSuchMethodError'{0x00000007129d0c38}: 'java.lang.Object java.lang.invoke.DirectMethodHandle$Holder.invokeVirtual(java.lang.Object, java.lang.Object, int)'> (0x00000007129d0c38) 
thrown [s\src\hotspot\share\interpreter\linkResolver.cpp, line 759]
Event: 148.547 Thread 0x000001a2f0409470 Exception <a 'java/lang/NoSuchMethodError'{0x0000000712565440}: 'java.lang.Object java.lang.invoke.DirectMethodHandle$Holder.invokeVirtual(java.lang.Object, java.lang.Object, java.lang.Object, double)'> (0x0000000712565440) 
thrown [s\src\hotspot\share\interpreter\linkResolver.cpp, line 759]
Event: 148.548 Thread 0x000001a2f0409470 Exception <a 'java/lang/NoSuchMethodError'{0x0000000712575850}: 'java.lang.Object java.lang.invoke.DirectMethodHandle$Holder.invokeVirtual(java.lang.Object, java.lang.Object, java.lang.Object, int)'> (0x0000000712575850) 
thrown [s\src\hotspot\share\interpreter\linkResolver.cpp, line 759]
Event: 148.549 Thread 0x000001a2f0409470 Exception <a 'java/lang/NoSuchMethodError'{0x000000071257dac8}: 'int java.lang.invoke.DirectMethodHandle$Holder.invokeVirtual(java.lang.Object, java.lang.Object, java.lang.Object, int)'> (0x000000071257dac8) 
thrown [s\src\hotspot\share\interpreter\linkResolver.cpp, line 759]
Event: 148.550 Thread 0x000001a2f0409470 Exception <a 'java/lang/NoSuchMethodError'{0x000000071258e2e8}: 'java.lang.Object java.lang.invoke.DirectMethodHandle$Holder.invokeStaticInit(java.lang.Object, java.lang.Object, java.lang.Object, java.lang.Object, java.lang.Object)'> (0x000000071258e2e8) 
thrown [s\src\hotspot\share\interpreter\linkResolver.cpp, line 759]
Event: 148.550 Thread 0x000001a2f0409470 Exception <a 'java/lang/NoSuchMethodError'{0x0000000712596bd8}: 'void java.lang.invoke.DirectMethodHandle$Holder.invokeStaticInit(java.lang.Object, java.lang.Object, java.lang.Object, java.lang.Object)'> (0x0000000712596bd8) 
thrown [s\src\hotspot\share\interpreter\linkResolver.cpp, line 759]
Event: 148.557 Thread 0x000001a2f0409470 Exception <a 'java/lang/NoSuchMethodError'{0x00000007125e4e70}: 'int java.lang.invoke.DirectMethodHandle$Holder.invokeVirtual(java.lang.Object, java.lang.Object, java.lang.Object, java.lang.Object)'> (0x00000007125e4e70) 
thrown [s\src\hotspot\share\interpreter\linkResolver.cpp, line 759]
Event: 148.618 Thread 0x000001a2f0409470 Exception <a 'java/lang/IncompatibleClassChangeError'{0x0000000712039260}: Found class java.lang.Object, but interface was expected> (0x0000000712039260) 
thrown [s\src\hotspot\share\interpreter\linkResolver.cpp, line 826]
Event: 148.618 Thread 0x000001a2f0409470 Exception <a 'java/lang/IncompatibleClassChangeError'{0x000000071203c4c8}: Found class java.lang.Object, but interface was expected> (0x000000071203c4c8) 
thrown [s\src\hotspot\share\interpreter\linkResolver.cpp, line 826]
Event: 148.661 Thread 0x000001a2f0409470 Exception <a 'java/lang/NoSuchMethodError'{0x00000007121b8fb0}: 'void java.lang.invoke.DirectMethodHandle$Holder.invokeSpecial(java.lang.Object, java.lang.Object, int, java.lang.Object)'> (0x00000007121b8fb0) 
thrown [s\src\hotspot\share\interpreter\linkResolver.cpp, line 759]
Event: 149.043 Thread 0x000001a2f23c0b00 Exception <a 'java/lang/NoSuchMethodError'{0x00000007197d2448}: 'int java.lang.invoke.DirectMethodHandle$Holder.invokeStatic(java.lang.Object, int, java.lang.Object)'> (0x00000007197d2448) 
thrown [s\src\hotspot\share\interpreter\linkResolver.cpp, line 759]
Event: 149.386 Thread 0x000001a2f0409470 Exception <a 'java/lang/IncompatibleClassChangeError'{0x0000000718f5dd98}: Found class java.lang.Object, but interface was expected> (0x0000000718f5dd98) 
thrown [s\src\hotspot\share\interpreter\linkResolver.cpp, line 826]

VM Operations (20 events):
Event: 148.210 Executing VM operation: HandshakeAllThreads
Event: 148.210 Executing VM operation: HandshakeAllThreads done
Event: 148.953 Executing VM operation: ICBufferFull
Event: 148.953 Executing VM operation: ICBufferFull done
Event: 148.997 Executing VM operation: G1CollectForAllocation
Event: 149.004 Executing VM operation: G1CollectForAllocation done
Event: 149.075 Executing VM operation: HandshakeAllThreads
Event: 149.075 Executing VM operation: HandshakeAllThreads done
Event: 150.085 Executing VM operation: Cleanup
Event: 150.087 Executing VM operation: Cleanup done
Event: 150.216 Executing VM operation: HandshakeAllThreads
Event: 150.216 Executing VM operation: HandshakeAllThreads done
Event: 151.216 Executing VM operation: Cleanup
Event: 151.216 Executing VM operation: Cleanup done
Event: 152.219 Executing VM operation: Cleanup
Event: 152.219 Executing VM operation: Cleanup done
Event: 153.220 Executing VM operation: Cleanup
Event: 153.220 Executing VM operation: Cleanup done
Event: 153.896 Executing VM operation: HandshakeAllThreads
Event: 153.896 Executing VM operation: HandshakeAllThreads done

Events (20 events):
Event: 153.936 loading class sun/awt/dnd/SunDragSourceContextPeer done
Event: 153.936 loading class java/awt/EventQueue$4
Event: 153.937 loading class java/awt/EventQueue$4 done
Event: 153.937 loading class java/awt/MenuComponent
Event: 153.937 loading class java/awt/MenuComponent done
Event: 153.937 loading class java/awt/TrayIcon
Event: 153.937 loading class java/awt/TrayIcon done
Event: 153.937 loading class java/awt/event/InputEvent
Event: 153.938 loading class java/awt/event/ComponentEvent
Event: 153.938 loading class java/awt/event/ComponentEvent done
Event: 153.938 loading class java/awt/event/InputEvent done
Event: 153.938 loading class java/awt/event/InputMethodEvent
Event: 153.938 loading class java/awt/event/InputMethodEvent done
Event: 153.938 loading class java/awt/event/ActionEvent
Event: 153.938 loading class java/awt/event/ActionEvent done
Event: 154.022 loading class sun/misc/Unsafe
Event: 154.023 loading class sun/misc/Unsafe done
Event: 154.068 Thread 0x000001a2f1a242c0 Thread added: 0x000001a2f1a242c0
Event: 154.071 Thread 0x000001a2f1a20600 Thread added: 0x000001a2f1a20600
Event: 154.154 Thread 0x000001a2f1a25700 Thread added: 0x000001a2f1a25700


Dynamic libraries:
0x00007ff604aa0000 - 0x00007ff604aae000 	C:\Users\doubl\.p2\pool\plugins\org.eclipse.justj.openjdk.hotspot.jre.full.win32.x86_64_17.0.7.v20230425-1502\jre\bin\javaw.exe
0x00007ffab6530000 - 0x00007ffab6747000 	C:\windows\SYSTEM32\ntdll.dll
0x00007ffab5360000 - 0x00007ffab5424000 	C:\windows\System32\KERNEL32.DLL
0x00007ffab3b20000 - 0x00007ffab3ed7000 	C:\windows\System32\KERNELBASE.dll
0x00007ffab3ee0000 - 0x00007ffab3ff1000 	C:\windows\System32\ucrtbase.dll
0x00007ffa724c0000 - 0x00007ffa724d7000 	C:\Users\doubl\.p2\pool\plugins\org.eclipse.justj.openjdk.hotspot.jre.full.win32.x86_64_17.0.7.v20230425-1502\jre\bin\jli.dll
0x00007ffa7f740000 - 0x00007ffa7f759000 	C:\Users\doubl\.p2\pool\plugins\org.eclipse.justj.openjdk.hotspot.jre.full.win32.x86_64_17.0.7.v20230425-1502\jre\bin\VCRUNTIME140.dll
0x00007ffab42d0000 - 0x00007ffab447f000 	C:\windows\System32\USER32.dll
0x00007ffab3870000 - 0x00007ffab3896000 	C:\windows\System32\win32u.dll
0x00007ffab5d70000 - 0x00007ffab5d99000 	C:\windows\System32\GDI32.dll
0x00007ffaa8930000 - 0x00007ffaa8bc3000 	C:\windows\WinSxS\amd64_microsoft.windows.common-controls_6595b64144ccf1df_6.0.22621.3672_none_2713b9d173822955\COMCTL32.dll
0x00007ffab4140000 - 0x00007ffab4258000 	C:\windows\System32\gdi32full.dll
0x00007ffab5cb0000 - 0x00007ffab5d57000 	C:\windows\System32\msvcrt.dll
0x00007ffab38a0000 - 0x00007ffab393a000 	C:\windows\System32\msvcp_win.dll
0x00007ffab4280000 - 0x00007ffab42b1000 	C:\windows\System32\IMM32.DLL
0x00007ffa8d860000 - 0x00007ffa8d86c000 	C:\Users\doubl\.p2\pool\plugins\org.eclipse.justj.openjdk.hotspot.jre.full.win32.x86_64_17.0.7.v20230425-1502\jre\bin\vcruntime140_1.dll
0x00007ffa71ad0000 - 0x00007ffa71b61000 	C:\Users\doubl\.p2\pool\plugins\org.eclipse.justj.openjdk.hotspot.jre.full.win32.x86_64_17.0.7.v20230425-1502\jre\bin\msvcp140.dll
0x00007ffa3ecb0000 - 0x00007ffa3f8f8000 	C:\Users\doubl\.p2\pool\plugins\org.eclipse.justj.openjdk.hotspot.jre.full.win32.x86_64_17.0.7.v20230425-1502\jre\bin\server\jvm.dll
0x00007ffab5210000 - 0x00007ffab52c2000 	C:\windows\System32\ADVAPI32.dll
0x00007ffab5bf0000 - 0x00007ffab5c98000 	C:\windows\System32\sechost.dll
0x00007ffab3840000 - 0x00007ffab3868000 	C:\windows\System32\bcrypt.dll
0x00007ffab50f0000 - 0x00007ffab5204000 	C:\windows\System32\RPCRT4.dll
0x00007ffaada30000 - 0x00007ffaada64000 	C:\windows\SYSTEM32\WINMM.dll
0x00007ffa9b970000 - 0x00007ffa9b979000 	C:\windows\SYSTEM32\WSOCK32.dll
0x00007ffab6470000 - 0x00007ffab64e1000 	C:\windows\System32\WS2_32.dll
0x00007ffaa8820000 - 0x00007ffaa882a000 	C:\windows\SYSTEM32\VERSION.dll
0x00007ffab2860000 - 0x00007ffab2878000 	C:\windows\SYSTEM32\kernel.appcore.dll
0x00007ffa9aa10000 - 0x00007ffa9aa1a000 	C:\Users\doubl\.p2\pool\plugins\org.eclipse.justj.openjdk.hotspot.jre.full.win32.x86_64_17.0.7.v20230425-1502\jre\bin\jimage.dll
0x00007ffab1370000 - 0x00007ffab15a2000 	C:\windows\SYSTEM32\DBGHELP.DLL
0x00007ffab5860000 - 0x00007ffab5bee000 	C:\windows\System32\combase.dll
0x00007ffab5540000 - 0x00007ffab5617000 	C:\windows\System32\OLEAUT32.dll
0x00007ffaa4f30000 - 0x00007ffaa4f62000 	C:\windows\SYSTEM32\dbgcore.DLL
0x00007ffab4000000 - 0x00007ffab407b000 	C:\windows\System32\bcryptPrimitives.dll
0x00007ffa76850000 - 0x00007ffa76875000 	C:\Users\doubl\.p2\pool\plugins\org.eclipse.justj.openjdk.hotspot.jre.full.win32.x86_64_17.0.7.v20230425-1502\jre\bin\java.dll
0x00007ffa8da90000 - 0x00007ffa8daa8000 	C:\Users\doubl\.p2\pool\plugins\org.eclipse.justj.openjdk.hotspot.jre.full.win32.x86_64_17.0.7.v20230425-1502\jre\bin\zip.dll
0x00007ffab4880000 - 0x00007ffab50e9000 	C:\windows\System32\SHELL32.dll
0x00007ffab1760000 - 0x00007ffab205f000 	C:\windows\SYSTEM32\windows.storage.dll
0x00007ffab1620000 - 0x00007ffab175f000 	C:\windows\SYSTEM32\wintypes.dll
0x00007ffab4780000 - 0x00007ffab4879000 	C:\windows\System32\SHCORE.dll
0x00007ffab54e0000 - 0x00007ffab553e000 	C:\windows\System32\shlwapi.dll
0x00007ffab3770000 - 0x00007ffab3797000 	C:\windows\SYSTEM32\profapi.dll
0x00007ffaac5b0000 - 0x00007ffaac5c9000 	C:\Users\doubl\.p2\pool\plugins\org.eclipse.justj.openjdk.hotspot.jre.full.win32.x86_64_17.0.7.v20230425-1502\jre\bin\net.dll
0x00007ffaaf2e0000 - 0x00007ffaaf416000 	C:\windows\SYSTEM32\WINHTTP.dll
0x00007ffab2d50000 - 0x00007ffab2db9000 	C:\windows\system32\mswsock.dll
0x00007ffaac590000 - 0x00007ffaac5a5000 	C:\Users\doubl\.p2\pool\plugins\org.eclipse.justj.openjdk.hotspot.jre.full.win32.x86_64_17.0.7.v20230425-1502\jre\bin\nio.dll
0x00007ffa8b330000 - 0x00007ffa8b339000 	C:\Users\doubl\.p2\pool\plugins\org.eclipse.justj.openjdk.hotspot.jre.full.win32.x86_64_17.0.7.v20230425-1502\jre\bin\management.dll
0x00007ffa8b2c0000 - 0x00007ffa8b2cb000 	C:\Users\doubl\.p2\pool\plugins\org.eclipse.justj.openjdk.hotspot.jre.full.win32.x86_64_17.0.7.v20230425-1502\jre\bin\management_ext.dll
0x00007ffab5ca0000 - 0x00007ffab5ca8000 	C:\windows\System32\PSAPI.DLL
0x00007ffaa4930000 - 0x00007ffaa493e000 	C:\Users\doubl\.p2\pool\plugins\org.eclipse.justj.openjdk.hotspot.jre.full.win32.x86_64_17.0.7.v20230425-1502\jre\bin\sunmscapi.dll
0x00007ffab39b0000 - 0x00007ffab3b16000 	C:\windows\System32\CRYPT32.dll
0x00007ffab3200000 - 0x00007ffab322d000 	C:\windows\SYSTEM32\ncrypt.dll
0x00007ffab31c0000 - 0x00007ffab31f7000 	C:\windows\SYSTEM32\NTASN1.dll
0x00007ffab2fc0000 - 0x00007ffab2fdb000 	C:\windows\SYSTEM32\CRYPTSP.dll
0x00007ffab27c0000 - 0x00007ffab27f5000 	C:\windows\system32\rsaenh.dll
0x00007ffab2e60000 - 0x00007ffab2e88000 	C:\windows\SYSTEM32\USERENV.dll
0x00007ffab2fe0000 - 0x00007ffab2fec000 	C:\windows\SYSTEM32\CRYPTBASE.dll
0x00007ffab2300000 - 0x00007ffab232d000 	C:\windows\SYSTEM32\IPHLPAPI.DLL
0x00007ffab5d60000 - 0x00007ffab5d69000 	C:\windows\System32\NSI.dll
0x00007ffaade60000 - 0x00007ffaade79000 	C:\windows\SYSTEM32\dhcpcsvc6.DLL
0x00007ffaaddb0000 - 0x00007ffaaddcf000 	C:\windows\SYSTEM32\dhcpcsvc.DLL
0x00007ffab2330000 - 0x00007ffab2432000 	C:\windows\SYSTEM32\DNSAPI.dll
0x00007ffa9aa00000 - 0x00007ffa9aa10000 	C:\Users\doubl\.p2\pool\plugins\org.eclipse.justj.openjdk.hotspot.jre.full.win32.x86_64_17.0.7.v20230425-1502\jre\bin\verify.dll
0x00007ffa72470000 - 0x00007ffa724b5000 	C:\Users\doubl\AppData\Local\Temp\jna-95774484\jna14481038440754183599.dll
0x00007ffab45d0000 - 0x00007ffab4775000 	C:\windows\System32\Ole32.dll
0x00007ffab5430000 - 0x00007ffab54e0000 	C:\windows\System32\clbcatq.dll
0x00007ffa9e330000 - 0x00007ffa9e34d000 	C:\windows\SYSTEM32\amsi.dll
0x00007ffa9e2a0000 - 0x00007ffa9e321000 	C:\ProgramData\Microsoft\Windows Defender\Platform\4.18.24080.9-0\MpOav.dll
0x00007ffa9b330000 - 0x00007ffa9b338000 	C:\windows\system32\wshunix.dll
0x00007ffaadcc0000 - 0x00007ffaadcca000 	C:\Windows\System32\rasadhlp.dll
0x00007ffaad7b0000 - 0x00007ffaad833000 	C:\windows\System32\fwpuclnt.dll
0x00007ffa6a7f0000 - 0x00007ffa6a97e000 	C:\Users\doubl\.p2\pool\plugins\org.eclipse.justj.openjdk.hotspot.jre.full.win32.x86_64_17.0.7.v20230425-1502\jre\bin\awt.dll
0x00007ffaac760000 - 0x00007ffaac7f7000 	C:\windows\SYSTEM32\apphelp.dll
0x00007ffa3a590000 - 0x00007ffa3b60b000 	C:\Users\doubl\Desktop\Breathe\BREATHE\breathe.web\target\classes\PulseJNI.dll
0x00007ffab0980000 - 0x00007ffab0a31000 	C:\windows\system32\uxtheme.dll
0x00007ffab56a0000 - 0x00007ffab5800000 	C:\windows\System32\MSCTF.dll

dbghelp: loaded successfully - version: 4.0.5 - missing functions: none
symbol engine: initialized successfully - sym options: 0x614 - pdb path: .;C:\Users\doubl\.p2\pool\plugins\org.eclipse.justj.openjdk.hotspot.jre.full.win32.x86_64_17.0.7.v20230425-1502\jre\bin;C:\windows\SYSTEM32;C:\windows\WinSxS\amd64_microsoft.windows.common-controls_6595b64144ccf1df_6.0.22621.3672_none_2713b9d173822955;C:\Users\doubl\.p2\pool\plugins\org.eclipse.justj.openjdk.hotspot.jre.full.win32.x86_64_17.0.7.v20230425-1502\jre\bin\server;C:\Users\doubl\AppData\Local\Temp\jna-95774484;C:\ProgramData\Microsoft\Windows Defender\Platform\4.18.24080.9-0;C:\Users\doubl\Desktop\Breathe\BREATHE\breathe.web\target\classes

VM Arguments:
jvm_args: -Dfile.encoding=UTF-8 -XX:+ShowCodeDetailsInExceptionMessages 
java_command: app.Main
java_class_path (initial): C:\Users\doubl\Desktop\Breathe\BREATHE\breathe.web\target\classes;C:\Users\doubl\.m2\repository\com\vaadin\vaadin\24.4.13\vaadin-24.4.13.jar;C:\Users\doubl\.m2\repository\com\vaadin\vaadin-internal\24.4.13\vaadin-internal-24.4.13.jar;C:\Users\doubl\.m2\repository\com\vaadin\vaadin-core-internal\24.4.13\vaadin-core-internal-24.4.13.jar;C:\Users\doubl\.m2\repository\com\vaadin\flow-lit-template\24.4.9\flow-lit-template-24.4.9.jar;C:\Users\doubl\.m2\repository\com\vaadin\flow-react\24.4.9\flow-react-24.4.9.jar;C:\Users\doubl\.m2\repository\com\vaadin\flow-html-components\24.4.9\flow-html-components-24.4.9.jar;C:\Users\doubl\.m2\repository\com\vaadin\flow-data\24.4.9\flow-data-24.4.9.jar;C:\Users\doubl\.m2\repository\com\vaadin\flow-dnd\24.4.9\flow-dnd-24.4.9.jar;C:\Users\doubl\.m2\repository\com\vaadin\vaadin-lumo-theme\24.4.13\vaadin-lumo-theme-24.4.13.jar;C:\Users\doubl\.m2\repository\com\vaadin\vaadin-material-theme\24.4.13\vaadin-material-theme-24.4.13.jar;C:\Users\doubl\.m2\repository\com\vaadin\vaadin-accordion-flow\24.4.13\vaadin-accordion-flow-24.4.13.jar;C:\Users\doubl\.m2\repository\com\vaadin\vaadin-avatar-flow\24.4.13\vaadin-avatar-flow-24.4.13.jar;C:\Users\doubl\.m2\repository\com\vaadin\vaadin-button-flow\24.4.13\vaadin-button-flow-24.4.13.jar;C:\Users\doubl\.m2\repository\com\vaadin\vaadin-checkbox-flow\24.4.13\vaadin-checkbox-flow-24.4.13.jar;C:\Users\doubl\.m2\repository\com\vaadin\vaadin-combo-box-flow\24.4.13\vaadin-combo-box-flow-24.4.13.jar;C:\Users\doubl\.m2\repository\com\vaadin\vaadin-confirm-dialog-flow\24.4.13\vaadin-confirm-dialog-flow-24.4.13.jar;C:\Users\doubl\.m2\repository\com\vaadin\vaadin-custom-field-flow\24.4.13\vaadin-custom-field-flow-24.4.13.jar;C:\Users\doubl\.m2\repository\com\vaadin\vaadin-date-picker-flow\24.4.13\vaadin-date-picker-flow-24.4.13.jar;C:\Users\doubl\.m2\repository\com\vaadin\vaadin-date-time-picker-flow\24.4.13\vaadin-date-time-picker-flow-24.4.13.jar;C:\Users\doubl\.m2\repository\com\
Launcher Type: SUN_STANDARD

[Global flags]
     intx CICompilerCount                          = 12                                        {product} {ergonomic}
     uint ConcGCThreads                            = 3                                         {product} {ergonomic}
     uint G1ConcRefinementThreads                  = 13                                        {product} {ergonomic}
   size_t G1HeapRegionSize                         = 2097152                                   {product} {ergonomic}
    uintx GCDrainStackTargetSize                   = 64                                        {product} {ergonomic}
   size_t InitialHeapSize                          = 257949696                                 {product} {ergonomic}
   size_t MarkStackSize                            = 4194304                                   {product} {ergonomic}
   size_t MaxHeapSize                              = 4120903680                                {product} {ergonomic}
   size_t MaxNewSize                               = 2472542208                                {product} {ergonomic}
   size_t MinHeapDeltaBytes                        = 2097152                                   {product} {ergonomic}
   size_t MinHeapSize                              = 8388608                                   {product} {ergonomic}
    uintx NonNMethodCodeHeapSize                   = 7602480                                {pd product} {ergonomic}
    uintx NonProfiledCodeHeapSize                  = 122027880                              {pd product} {ergonomic}
    uintx ProfiledCodeHeapSize                     = 122027880                              {pd product} {ergonomic}
    uintx ReservedCodeCacheSize                    = 251658240                              {pd product} {ergonomic}
     bool SegmentedCodeCache                       = true                                      {product} {ergonomic}
     bool ShowCodeDetailsInExceptionMessages       = true                                   {manageable} {command line}
   size_t SoftMaxHeapSize                          = 4120903680                             {manageable} {ergonomic}
     bool UseCompressedClassPointers               = true                           {product lp64_product} {ergonomic}
     bool UseCompressedOops                        = true                           {product lp64_product} {ergonomic}
     bool UseG1GC                                  = true                                      {product} {ergonomic}
     bool UseLargePagesIndividualAllocation        = false                                  {pd product} {ergonomic}

Logging:
Log output configuration:
 #0: stdout all=warning uptime,level,tags
 #1: stderr all=off uptime,level,tags

Environment Variables:
JAVA_HOME=C:\Program Files\Amazon Corretto\jdk1.8.0_422
PATH=C:/Users/doubl/.p2/pool/plugins/org.eclipse.justj.openjdk.hotspot.jre.full.win32.x86_64_17.0.7.v20230425-1502/jre/bin/server;C:/Users/doubl/.p2/pool/plugins/org.eclipse.justj.openjdk.hotspot.jre.full.win32.x86_64_17.0.7.v20230425-1502/jre/bin;C:\Program Files (x86)\Java\jre1.8.0_421\bin;C:\Program Files\Amazon Corretto\jdk1.8.0_422\bin;C:\Program Files\Common Files\Oracle\Java\javapath;C:\Program Files (x86)\Common Files\Oracle\Java\java8path;C:\Program Files (x86)\Common Files\Oracle\Java\javapath;C:\windows\system32;C:\windows;C:\windows\System32\Wbem;C:\windows\System32\WindowsPowerShell\v1.0\;C:\windows\System32\OpenSSH\;C:\Program Files\Microsoft VS Code\bin;C:\Program Files\Git\cmd;C:\Program Files\nodejs\;C:\ProgramData\chocolatey\bin;C:\Program Files\PuTTY\;C:\Users\doubl\Desktop\Uni\IR\apache-ant-1.9.16-bin\apache-ant-1.9.16\bin;C:\Users\doubl\Desktop\Uni\IR\gradle-7.6.3-bin\gradle-7.6.3\bin;C:\MinGW\bin;C:\Program Files\TortoiseSVN\bin;C:\Program Files\Git\usr\bin;C:\Users\doubl\Desktop\Uni\IR\icu4c-74_1-Win64-MSVC2022\bin64;C:\Program Files\Amazon Corretto\jdk1.8.0_422\bin;C:\Program Files\Java\jre-1.8\bin;C:\Users\doubl\AppData\Local\Programs\Python\Python38\Scripts;C:\Program Files\dotnet\;C:\Users\doubl\AppData\Local\Programs\Python\Python38\Scripts\;C:\Users\doubl\AppData\Local\Programs\Python\Python38\;C:\Users\doubl\AppData\Local\Microsoft\WindowsApps;C:\Users\doubl\AppData\Roaming\npm;C:\Users\doubl\AppData\Local\GitHubDesktop\bin;C:\Program Files\JetBrains\PyCharm 2023.2.5\bin;;C:\Users\doubl\.dotnet\tools;C:\Users\doubl\Desktop;
USERNAME=doubl
OS=Windows_NT
PROCESSOR_IDENTIFIER=AMD64 Family 25 Model 80 Stepping 0, AuthenticAMD
TMP=C:\Users\doubl\AppData\Local\Temp
TEMP=C:\Users\doubl\AppData\Local\Temp



---------------  S Y S T E M  ---------------

OS:
 Windows 11 , 64 bit Build 22621 (10.0.22621.3958)
OS uptime: 1 days 19:49 hours
Hyper-V role detected

CPU: total 16 (initial active 16) (16 cores per cpu, 2 threads per core) family 25 model 80 stepping 0 microcode 0x0, cx8, cmov, fxsr, ht, mmx, 3dnowpref, sse, sse2, sse3, ssse3, sse4a, sse4.1, sse4.2, popcnt, lzcnt, tsc, tscinvbit, avx, avx2, aes, erms, clmul, bmi1, bmi2, adx, sha, fma, vzeroupper, clflush, clflushopt, hv

Memory: 4k page, system-wide physical 15712M (5931M free)
TotalPageFile size 16736M (AvailPageFile size 5041M)
current process WorkingSet (physical memory assigned to process): 487M, peak: 544M
current process commit charge ("private bytes"): 527M, peak: 630M

vm_info: OpenJDK 64-Bit Server VM (17.0.7+7) for windows-amd64 JRE (17.0.7+7), built on Apr 18 2023 22:10:42 by "temurin" with MS VC++ 16.7 (VS2019)

END.
