#
# A fatal error has been detected by the Java Runtime Environment:
#
#  EXCEPTION_ACCESS_VIOLATION (0xc0000005) at pc=0x00007fff1cb77fd0, pid=7256, tid=7812
#
# JRE version: OpenJDK Runtime Environment Temurin-17.0.7+7 (17.0.7+7) (build 17.0.7+7)
# Java VM: OpenJDK 64-Bit Server VM Temurin-17.0.7+7 (17.0.7+7, mixed mode, tiered, compressed oops, compressed class ptrs, g1 gc, windows-amd64)
# Problematic frame:
# C  [PulseJNI.dll+0x297fd0]
#
# No core dump will be written. Minidumps are not enabled by default on client versions of Windows
#
# If you would like to submit a bug report, please visit:
#   https://github.com/adoptium/adoptium-support/issues
# The crash happened outside the Java Virtual Machine in native code.
# See problematic frame for where to report the bug.
#

---------------  S U M M A R Y ------------

Command Line: -Dfile.encoding=UTF-8 -XX:+ShowCodeDetailsInExceptionMessages app.Main

Host: AMD Ryzen 5 5625U with Radeon Graphics         , 12 cores, 15G,  Windows 11 , 64 bit Build 26100 (10.0.26100.1882)
Time: Sun Oct 20 12:37:45 2024 ora legale Europa occidentale elapsed time: 149.482911 seconds (0d 0h 2m 29s)

---------------  T H R E A D  ---------------

Current thread (0x000001bb749d1210):  JavaThread "SwingWorker-pool-2-thread-1" daemon [_thread_in_native, id=7812, stack(0x0000003498600000,0x0000003498700000)]

Stack: [0x0000003498600000,0x0000003498700000],  sp=0x00000034986fe110,  free space=1016k
Native frames: (J=compiled Java code, j=interpreted, Vv=VM code, C=native code)
C  [PulseJNI.dll+0x297fd0]

Java frames: (J=compiled Java code, j=interpreted, Vv=VM code)
j  com.kitware.pulse.engine.PulseEngine.nativeInitializeEngine(JLjava/lang/String;Ljava/lang/String;I)Z+0
j  com.kitware.pulse.engine.PulseEngine.initializeEngine(Lcom/kitware/pulse/cdm/engine/SEPatientConfiguration;Lcom/kitware/pulse/cdm/engine/SEDataRequestManager;)Z+39
j  app.SimulationWorker.doInBackground()Ljava/lang/Void;+24
j  app.SimulationWorker.doInBackground()Ljava/lang/Object;+1
j  javax.swing.SwingWorker$1.call()Ljava/lang/Object;+14 java.desktop@17.0.7
j  java.util.concurrent.FutureTask.run()V+39 java.base@17.0.7
j  javax.swing.SwingWorker.run()V+4 java.desktop@17.0.7
j  java.util.concurrent.ThreadPoolExecutor.runWorker(Ljava/util/concurrent/ThreadPoolExecutor$Worker;)V+92 java.base@17.0.7
j  java.util.concurrent.ThreadPoolExecutor$Worker.run()V+5 java.base@17.0.7
j  java.lang.Thread.run()V+11 java.base@17.0.7
v  ~StubRoutines::call_stub

siginfo: EXCEPTION_ACCESS_VIOLATION (0xc0000005), reading address 0x0000000000000000


Register to memory mapping:

RIP=0x00007fff1cb77fd0 PulseJNI.dll
RAX=0x0 is NULL
RBX={method} {0x000001bb02058970} 'nativeInitializeEngine' '(JLjava/lang/String;Ljava/lang/String;I)Z' in 'com/kitware/pulse/engine/PulseEngine'
RCX=0x000001bb74f62520 points into unknown readable memory: 0x00007fff1d440f60 | 60 0f 44 1d ff 7f 00 00
RDX=0x0 is NULL
RSP=0x00000034986fe110 is pointing into the stack for thread: 0x000001bb749d1210
RBP=0x00000034986ff128 is pointing into the stack for thread: 0x000001bb749d1210
RSI=3796500106 is a compressed pointer to object: [B 
{0x00000007124ff450} - klass: {type array byte}
 - length: 753
RDI=3796499614 is a compressed pointer to object: [B 
{0x00000007124fe4f0} - klass: {type array byte}
 - length: 1150
R8 =0x00007fff1d895100 PulseJNI.dll
R9 =0x0 is NULL
R10=0x000001bb4d920000 points into unknown readable memory: 0x0000000000000000 | 00 00 00 00 00 00 00 00
R11=0x00000034986fdcc0 is pointing into the stack for thread: 0x000001bb749d1210
R12=0x0 is NULL
R13={method} {0x000001bb02058970} 'nativeInitializeEngine' '(JLjava/lang/String;Ljava/lang/String;I)Z' in 'com/kitware/pulse/engine/PulseEngine'
R14=0x00000034986ff170 is pointing into the stack for thread: 0x000001bb749d1210
R15=0x000001bb749d1210 is a thread


Registers:
RAX=0x0000000000000000, RBX=0x000001bb02058968, RCX=0x000001bb74f62520, RDX=0x0000000000000000
RSP=0x00000034986fe110, RBP=0x00000034986ff128, RSI=0x00000000e249fe8a, RDI=0x00000000e249fc9e
R8 =0x00007fff1d895100, R9 =0x0000000000000000, R10=0x000001bb4d920000, R11=0x00000034986fdcc0
R12=0x0000000000000000, R13=0x000001bb02058968, R14=0x00000034986ff170, R15=0x000001bb749d1210
RIP=0x00007fff1cb77fd0, EFLAGS=0x0000000000010246

Top of Stack: (sp=0x00000034986fe110)
0x00000034986fe110:   000001bb74f62520 0000000000000000
0x00000034986fe120:   00007fff1c90dae0 000000000000000f
0x00000034986fe130:   00007fff1cbc8a70 00007fff1c9083a0
0x00000034986fe140:   0000000000000000 000000000000000f
0x00000034986fe150:   6c616e7265746e00 000000006e696b53
0x00000034986fe160:   0000000000000000 000000000000000f
0x00000034986fe170:   000001bb774c7a00 0000000000000000
0x00000034986fe180:   00007fff1c90c230 00007fff1c9055f0
0x00000034986fe190:   00007fff1c9055f0 00007fff1c9055f0
0x00000034986fe1a0:   00007fff1c90cbf0 00007fff1cbc896b
0x00000034986fe1b0:   000001bb74f62520 0000000000000000
0x00000034986fe1c0:   0000000000000000 000000000000000f
0x00000034986fe1d0:   6c616e7265747800 000000006e696b53
0x00000034986fe1e0:   00007fff1cbc8a70 000000000000000f
0x00000034986fe1f0:   6c616e7265746e00 0000000065726f43
0x00000034986fe200:   0000000000000000 00007fff1cbc84ae 

Instructions: (pc=0x00007fff1cb77fd0)
0x00007fff1cb77ed0:   28 e8 6a b5 d7 ff 48 89 44 24 20 48 8b 4c 24 28
0x00007fff1cb77ee0:   e8 7b b5 d7 ff 48 89 44 24 30 eb 0e 48 8b 44 24
0x00007fff1cb77ef0:   20 48 83 c0 08 48 89 44 24 20 48 8b 44 24 30 48
0x00007fff1cb77f00:   39 44 24 20 74 1f 48 8b 44 24 20 48 8b 00 48 89
0x00007fff1cb77f10:   44 24 38 48 8b 44 24 58 48 39 44 24 38 75 04 b0
0x00007fff1cb77f20:   01 eb 04 eb c7 32 c0 48 83 c4 48 c3 cc cc cc cc
0x00007fff1cb77f30:   cc cc cc cc cc cc cc cc cc cc cc cc cc cc cc cc
0x00007fff1cb77f40:   48 89 4c 24 08 48 8b 44 24 08 48 83 c0 48 c3 cc
0x00007fff1cb77f50:   cc cc cc cc cc cc cc cc cc cc cc cc cc cc cc cc
0x00007fff1cb77f60:   48 89 4c 24 08 48 8b 44 24 08 48 83 c0 60 c3 cc
0x00007fff1cb77f70:   cc cc cc cc cc cc cc cc cc cc cc cc cc cc cc cc
0x00007fff1cb77f80:   48 89 54 24 10 48 89 4c 24 08 48 81 ec 98 00 00
0x00007fff1cb77f90:   00 48 8b 84 24 a0 00 00 00 48 8b 00 48 8b 80 d0
0x00007fff1cb77fa0:   00 00 00 48 89 44 24 20 48 8b 94 24 a8 00 00 00
0x00007fff1cb77fb0:   48 8b 8c 24 a0 00 00 00 ff 54 24 20 0f b6 c0 85
0x00007fff1cb77fc0:   c0 74 05 e9 5c 01 00 00 48 8b 84 24 a8 00 00 00
0x00007fff1cb77fd0:   48 8b 00 48 8b 8c 24 a8 00 00 00 ff 90 b0 00 00
0x00007fff1cb77fe0:   00 83 f8 03 75 5e 48 8b 84 24 a0 00 00 00 48 83
0x00007fff1cb77ff0:   c0 78 48 89 44 24 30 48 8b 84 24 a8 00 00 00 48
0x00007fff1cb78000:   89 44 24 28 48 8d 54 24 28 48 8b 4c 24 30 e8 bd
0x00007fff1cb78010:   8e da ff 90 48 8b 84 24 a0 00 00 00 48 05 90 00
0x00007fff1cb78020:   00 00 48 89 44 24 40 48 8b 84 24 a8 00 00 00 48
0x00007fff1cb78030:   89 44 24 38 48 8d 54 24 38 48 8b 4c 24 40 e8 8d
0x00007fff1cb78040:   8e da ff 90 48 8b 84 24 a8 00 00 00 48 8b 00 48
0x00007fff1cb78050:   8b 8c 24 a8 00 00 00 ff 90 b0 00 00 00 83 f8 02
0x00007fff1cb78060:   75 60 48 8b 84 24 a0 00 00 00 48 05 a8 00 00 00
0x00007fff1cb78070:   48 89 44 24 50 48 8b 84 24 a8 00 00 00 48 89 44
0x00007fff1cb78080:   24 48 48 8d 54 24 48 48 8b 4c 24 50 e8 3f 8e da
0x00007fff1cb78090:   ff 90 48 8b 84 24 a0 00 00 00 48 05 c0 00 00 00
0x00007fff1cb780a0:   48 89 44 24 60 48 8b 84 24 a8 00 00 00 48 89 44
0x00007fff1cb780b0:   24 58 48 8d 54 24 58 48 8b 4c 24 60 e8 0f 8e da
0x00007fff1cb780c0:   ff 90 48 8b 84 24 a0 00 00 00 48 83 c0 48 48 89 


Stack slot to memory mapping:
stack at sp + 0 slots: 0x000001bb74f62520 points into unknown readable memory: 0x00007fff1d440f60 | 60 0f 44 1d ff 7f 00 00
stack at sp + 1 slots: 0x0 is NULL
stack at sp + 2 slots: 0x00007fff1c90dae0 PulseJNI.dll
stack at sp + 3 slots: 0x000000000000000f is an unknown value
stack at sp + 4 slots: 0x00007fff1cbc8a70 PulseJNI.dll
stack at sp + 5 slots: 0x00007fff1c9083a0 PulseJNI.dll
stack at sp + 6 slots: 0x0 is NULL
stack at sp + 7 slots: 0x000000000000000f is an unknown value


---------------  P R O C E S S  ---------------

Threads class SMR info:
_java_thread_list=0x000001bb75e9f3d0, length=63, elements={
0x000001bb6e9133c0, 0x000001bb6e914c90, 0x000001bb6e94f4a0, 0x000001bb6e94fd60,
0x000001bb6e950620, 0x000001bb6e969750, 0x000001bb6e971860, 0x000001bb6e972570,
0x000001bb6e97da60, 0x000001bb730044a0, 0x000001bb6eb99fb0, 0x000001bb792acce0,
0x000001bb792a3020, 0x000001bb757b3550, 0x000001bb757b1870, 0x000001bb757b26e0,
0x000001bb757b0530, 0x000001bb757b0a00, 0x000001bb757b0060, 0x000001bb75939610,
0x000001bb75939ae0, 0x000001bb7593c160, 0x000001bb75939fb0, 0x000001bb759387a0,
0x000001bb75938c70, 0x000001bb7593b7c0, 0x000001bb7593a480, 0x000001bb7593d970,
0x000001bb7593de40, 0x000001bb7593c630, 0x000001bb7593a950, 0x000001bb7593e7e0,
0x000001bb7593d4a0, 0x000001bb7593ae20, 0x000001bb7593b2f0, 0x000001bb7593f650,
0x000001bb7593f180, 0x000001bb7593bc90, 0x000001bb7593fb20, 0x000001bb7593cb00,
0x000001bb757b0ed0, 0x000001bb757b13a0, 0x000001bb757afb90, 0x000001bb74fe4870,
0x000001bb74fe43a0, 0x000001bb74fe3a00, 0x000001bb74fe21f0, 0x000001bb74fe1d20,
0x000001bb74fe1850, 0x000001bb74fe2b90, 0x000001bb74fe3530, 0x000001bb74fe5210,
0x000001bb749d16e0, 0x000001bb749d2a20, 0x000001bb749d2ef0, 0x000001bb749d1bb0,
0x000001bb749cf530, 0x000001bb749d0870, 0x000001bb749d1210, 0x000001bb749cf060,
0x000001bb749d33c0, 0x000001bb749cfed0, 0x000001bb749cfa00
}

Java Threads: ( => current thread )
  0x000001bb6e9133c0 JavaThread "Reference Handler" daemon [_thread_blocked, id=20912, stack(0x0000003499000000,0x0000003499100000)]
  0x000001bb6e914c90 JavaThread "Finalizer" daemon [_thread_blocked, id=8316, stack(0x0000003499100000,0x0000003499200000)]
  0x000001bb6e94f4a0 JavaThread "Signal Dispatcher" daemon [_thread_blocked, id=7112, stack(0x0000003499200000,0x0000003499300000)]
  0x000001bb6e94fd60 JavaThread "Attach Listener" daemon [_thread_blocked, id=20824, stack(0x0000003499300000,0x0000003499400000)]
  0x000001bb6e950620 JavaThread "Service Thread" daemon [_thread_blocked, id=9208, stack(0x0000003499400000,0x0000003499500000)]
  0x000001bb6e969750 JavaThread "Monitor Deflation Thread" daemon [_thread_blocked, id=21380, stack(0x0000003499500000,0x0000003499600000)]
  0x000001bb6e971860 JavaThread "C2 CompilerThread0" daemon [_thread_blocked, id=2164, stack(0x0000003499600000,0x0000003499700000)]
  0x000001bb6e972570 JavaThread "C1 CompilerThread0" daemon [_thread_blocked, id=6468, stack(0x0000003499700000,0x0000003499800000)]
  0x000001bb6e97da60 JavaThread "Sweeper thread" daemon [_thread_blocked, id=4636, stack(0x0000003499800000,0x0000003499900000)]
  0x000001bb730044a0 JavaThread "Notification Thread" daemon [_thread_blocked, id=7728, stack(0x0000003499900000,0x0000003499a00000)]
  0x000001bb6eb99fb0 JavaThread "Common-Cleaner" daemon [_thread_blocked, id=4108, stack(0x0000003499b00000,0x0000003499c00000)]
  0x000001bb792acce0 JavaThread "JNA Cleaner" daemon [_thread_blocked, id=9876, stack(0x0000003499c00000,0x0000003499d00000)]
  0x000001bb792a3020 JavaThread "ForkJoinPool.commonPool-worker-1" daemon [_thread_blocked, id=11912, stack(0x000000349b300000,0x000000349b400000)]
  0x000001bb757b3550 JavaThread "ForkJoinPool.commonPool-worker-3" daemon [_thread_blocked, id=13844, stack(0x000000349b500000,0x000000349b600000)]
  0x000001bb757b1870 JavaThread "Catalina-utility-1" [_thread_blocked, id=18396, stack(0x000000349b600000,0x000000349b700000)]
  0x000001bb757b26e0 JavaThread "Catalina-utility-2" [_thread_blocked, id=9220, stack(0x000000349b700000,0x000000349b800000)]
  0x000001bb757b0530 JavaThread "container-0" [_thread_blocked, id=18004, stack(0x000000349b800000,0x000000349b900000)]
  0x000001bb757b0a00 JavaThread "FileSystemWatchService" daemon [_thread_in_native, id=16704, stack(0x000000349b900000,0x000000349ba00000)]
  0x000001bb757b0060 JavaThread "File Watcher" daemon [_thread_blocked, id=9720, stack(0x000000349bb00000,0x000000349bc00000)]
  0x000001bb75939610 JavaThread "Live Reload Server" daemon [_thread_in_native, id=11976, stack(0x000000349bd00000,0x000000349be00000)]
  0x000001bb75939ae0 JavaThread "http-nio-8080-exec-1" daemon [_thread_blocked, id=6876, stack(0x000000349c000000,0x000000349c100000)]
  0x000001bb7593c160 JavaThread "http-nio-8080-exec-2" daemon [_thread_blocked, id=6544, stack(0x000000349c100000,0x000000349c200000)]
  0x000001bb75939fb0 JavaThread "http-nio-8080-exec-3" daemon [_thread_blocked, id=8152, stack(0x000000349c200000,0x000000349c300000)]
  0x000001bb759387a0 JavaThread "http-nio-8080-exec-4" daemon [_thread_blocked, id=6332, stack(0x000000349c300000,0x000000349c400000)]
  0x000001bb75938c70 JavaThread "http-nio-8080-exec-5" daemon [_thread_blocked, id=11172, stack(0x000000349c400000,0x000000349c500000)]
  0x000001bb7593b7c0 JavaThread "http-nio-8080-exec-6" daemon [_thread_blocked, id=11100, stack(0x000000349c500000,0x000000349c600000)]
  0x000001bb7593a480 JavaThread "http-nio-8080-exec-7" daemon [_thread_blocked, id=18472, stack(0x000000349c600000,0x000000349c700000)]
  0x000001bb7593d970 JavaThread "http-nio-8080-exec-8" daemon [_thread_blocked, id=5216, stack(0x000000349c700000,0x000000349c800000)]
  0x000001bb7593de40 JavaThread "http-nio-8080-exec-9" daemon [_thread_blocked, id=9072, stack(0x000000349c800000,0x000000349c900000)]
  0x000001bb7593c630 JavaThread "http-nio-8080-exec-10" daemon [_thread_blocked, id=21412, stack(0x000000349c900000,0x000000349ca00000)]
  0x000001bb7593a950 JavaThread "http-nio-8080-Poller" daemon [_thread_in_native, id=6628, stack(0x000000349ca00000,0x000000349cb00000)]
  0x000001bb7593e7e0 JavaThread "http-nio-8080-Acceptor" daemon [_thread_in_native, id=17552, stack(0x000000349cb00000,0x000000349cc00000)]
  0x000001bb7593d4a0 JavaThread "DestroyJavaVM" [_thread_blocked, id=2816, stack(0x0000003498900000,0x0000003498a00000)]
  0x000001bb7593ae20 JavaThread "Atmosphere-Scheduler-4" daemon [_thread_blocked, id=20220, stack(0x0000003498700000,0x0000003498800000)]
  0x000001bb7593b2f0 JavaThread "Atmosphere-Scheduler-5" daemon [_thread_blocked, id=7760, stack(0x0000003498800000,0x0000003498900000)]
  0x000001bb7593f650 JavaThread "Java2D Disposer" daemon [_thread_blocked, id=18212, stack(0x0000003499d00000,0x0000003499e00000)]
  0x000001bb7593f180 JavaThread "Live Reload #1" daemon [_thread_in_native, id=16256, stack(0x000000349a300000,0x000000349a400000)]
  0x000001bb7593bc90 JavaThread "Atmosphere-Scheduler-6" daemon [_thread_blocked, id=3656, stack(0x000000349af00000,0x000000349b000000)]
  0x000001bb7593fb20 JavaThread "Atmosphere-Scheduler-7" daemon [_thread_blocked, id=14092, stack(0x000000349b000000,0x000000349b100000)]
  0x000001bb7593cb00 JavaThread "Atmosphere-Shared-0" daemon [_thread_blocked, id=11580, stack(0x000000349b200000,0x000000349b300000)]
  0x000001bb757b0ed0 JavaThread "Atmosphere-Shared-0" daemon [_thread_blocked, id=8556, stack(0x000000349b400000,0x000000349b500000)]
  0x000001bb757b13a0 JavaThread "Atmosphere-Scheduler-8" daemon [_thread_blocked, id=7996, stack(0x000000349ba00000,0x000000349bb00000)]
  0x000001bb757afb90 JavaThread "HttpClient-1-SelectorManager" daemon [_thread_in_native, id=21172, stack(0x000000349be00000,0x000000349bf00000)]
  0x000001bb74fe4870 JavaThread "HttpClient-2-SelectorManager" daemon [_thread_in_native, id=8692, stack(0x000000349bf00000,0x000000349c000000)]
  0x000001bb74fe43a0 JavaThread "HttpClient-3-SelectorManager" daemon [_thread_in_native, id=11632, stack(0x000000349cc00000,0x000000349cd00000)]
  0x000001bb74fe3a00 JavaThread "HttpClient-4-SelectorManager" daemon [_thread_in_native, id=20072, stack(0x000000349cd00000,0x000000349ce00000)]
  0x000001bb74fe21f0 JavaThread "HttpClient-5-SelectorManager" daemon [_thread_in_native, id=10516, stack(0x000000349ce00000,0x000000349cf00000)]
  0x000001bb74fe1d20 JavaThread "Atmosphere-Shared-1" daemon [_thread_blocked, id=19164, stack(0x000000349cf00000,0x000000349d000000)]
  0x000001bb74fe1850 JavaThread "Atmosphere-Scheduler-9" daemon [_thread_blocked, id=10564, stack(0x000000349d000000,0x000000349d100000)]
  0x000001bb74fe2b90 JavaThread "Atmosphere-Scheduler-10" daemon [_thread_blocked, id=20448, stack(0x000000349d200000,0x000000349d300000)]
  0x000001bb74fe3530 JavaThread "Atmosphere-Scheduler-11" daemon [_thread_blocked, id=19040, stack(0x000000349d400000,0x000000349d500000)]
  0x000001bb74fe5210 JavaThread "Atmosphere-Scheduler-12" daemon [_thread_blocked, id=7884, stack(0x000000349d600000,0x000000349d700000)]
  0x000001bb749d16e0 JavaThread "Atmosphere-Scheduler-13" daemon [_thread_blocked, id=1856, stack(0x000000349d800000,0x000000349d900000)]
  0x000001bb749d2a20 JavaThread "WebSocket background processing" daemon [_thread_blocked, id=20780, stack(0x000000349da00000,0x000000349db00000)]
  0x000001bb749d2ef0 JavaThread "Atmosphere-Scheduler-14" daemon [_thread_blocked, id=20120, stack(0x000000349db00000,0x000000349dc00000)]
  0x000001bb749d1bb0 JavaThread "HttpClient-1-Worker-0" daemon [_thread_blocked, id=18040, stack(0x000000349dc00000,0x000000349dd00000)]
  0x000001bb749cf530 JavaThread "Atmosphere-Scheduler-15" daemon [_thread_blocked, id=17028, stack(0x000000349dd00000,0x000000349de00000)]
  0x000001bb749d0870 JavaThread "HttpClient-1-Worker-1" daemon [_thread_blocked, id=6752, stack(0x000000349df00000,0x000000349e000000)]
=>0x000001bb749d1210 JavaThread "SwingWorker-pool-2-thread-1" daemon [_thread_in_native, id=7812, stack(0x0000003498600000,0x0000003498700000)]
  0x000001bb749cf060 JavaThread "AWT-Shutdown" [_thread_blocked, id=12912, stack(0x000000349a200000,0x000000349a300000)]
  0x000001bb749d33c0 JavaThread "AWT-Windows" daemon [_thread_in_native, id=19108, stack(0x000000349b100000,0x000000349b200000)]
  0x000001bb749cfed0 JavaThread "TimerQueue" daemon [_thread_blocked, id=15220, stack(0x000000349d100000,0x000000349d200000)]
  0x000001bb749cfa00 JavaThread "AWT-EventQueue-0" [_thread_blocked, id=21204, stack(0x000000349d300000,0x000000349d400000)]

Other Threads:
  0x000001bb6dfee990 VMThread "VM Thread" [stack: 0x0000003498f00000,0x0000003499000000] [id=672]
  0x000001bb4fe975f0 WatcherThread [stack: 0x0000003499a00000,0x0000003499b00000] [id=13960]
  0x000001bb4fe79770 GCTaskThread "GC Thread#0" [stack: 0x0000003498a00000,0x0000003498b00000] [id=14936]
  0x000001bb73e6e890 GCTaskThread "GC Thread#1" [stack: 0x0000003499e00000,0x0000003499f00000] [id=2288]
  0x000001bb744e7960 GCTaskThread "GC Thread#2" [stack: 0x0000003499f00000,0x000000349a000000] [id=7096]
  0x000001bb744e7c10 GCTaskThread "GC Thread#3" [stack: 0x000000349a000000,0x000000349a100000] [id=4332]
  0x000001bb73a5cf10 GCTaskThread "GC Thread#4" [stack: 0x000000349a100000,0x000000349a200000] [id=15124]
  0x000001bb742b1530 GCTaskThread "GC Thread#5" [stack: 0x000000349a400000,0x000000349a500000] [id=19612]
  0x000001bb74cda5c0 GCTaskThread "GC Thread#6" [stack: 0x000000349a600000,0x000000349a700000] [id=1460]
  0x000001bb74cda870 GCTaskThread "GC Thread#7" [stack: 0x000000349a700000,0x000000349a800000] [id=18996]
  0x000001bb74cdab20 GCTaskThread "GC Thread#8" [stack: 0x000000349a800000,0x000000349a900000] [id=3896]
  0x000001bb74cdb330 GCTaskThread "GC Thread#9" [stack: 0x000000349ab00000,0x000000349ac00000] [id=3744]
  0x000001bb4fe8af30 ConcurrentGCThread "G1 Main Marker" [stack: 0x0000003498b00000,0x0000003498c00000] [id=19508]
  0x000001bb4fe8b750 ConcurrentGCThread "G1 Conc#0" [stack: 0x0000003498c00000,0x0000003498d00000] [id=9568]
  0x000001bb74cdb5e0 ConcurrentGCThread "G1 Conc#1" [stack: 0x000000349a900000,0x000000349aa00000] [id=21008]
  0x000001bb74cdadd0 ConcurrentGCThread "G1 Conc#2" [stack: 0x000000349aa00000,0x000000349ab00000] [id=21124]
  0x000001bb6dee0780 ConcurrentGCThread "G1 Refine#0" [stack: 0x0000003498d00000,0x0000003498e00000] [id=20536]
  0x000001bb7661e670 ConcurrentGCThread "G1 Refine#1" [stack: 0x000000349a500000,0x000000349a600000] [id=17680]
  0x000001bb7661f4d0 ConcurrentGCThread "G1 Refine#2" [stack: 0x000000349ac00000,0x000000349ad00000] [id=9904]
  0x000001bb7661e0b0 ConcurrentGCThread "G1 Refine#3" [stack: 0x000000349ad00000,0x000000349ae00000] [id=19888]
  0x000001bb7661f7b0 ConcurrentGCThread "G1 Refine#4" [stack: 0x000000349ae00000,0x000000349af00000] [id=20000]
  0x000001bb6dee1e60 ConcurrentGCThread "G1 Service" [stack: 0x0000003498e00000,0x0000003498f00000] [id=18592]

Threads with active compile tasks:

VM state: not at safepoint (normal execution)

VM Mutex/Monitor currently owned by a thread: None

Heap address: 0x000000070a600000, size: 3930 MB, Compressed Oops mode: Zero based, Oop shift amount: 3

CDS archive(s) not mapped
Compressed class space mapped at: 0x0000000800000000-0x0000000840000000, reserved size: 1073741824
Narrow klass base: 0x0000000800000000, Narrow klass shift: 0, Narrow klass range: 0x40000000

GC Precious Log:
 CPUs: 12 total, 12 available
 Memory: 15712M
 Large Page Support: Disabled
 NUMA Support: Disabled
 Compressed Oops: Enabled (Zero based)
 Heap Region Size: 2M
 Heap Min Capacity: 8M
 Heap Initial Capacity: 246M
 Heap Max Capacity: 3930M
 Pre-touch: Disabled
 Parallel Workers: 10
 Concurrent Workers: 3
 Concurrent Refinement Workers: 10
 Periodic GC: Disabled

Heap:
 garbage-first heap   total 274432K, used 213334K [0x000000070a600000, 0x0000000800000000)
  region size 2048K, 71 young (145408K), 4 survivors (8192K)
 Metaspace       used 79257K, committed 79808K, reserved 1179648K
  class space    used 9831K, committed 10112K, reserved 1048576K

Heap Regions: E=young(eden), S=young(survivor), O=old, HS=humongous(starts), HC=humongous(continues), CS=collection set, F=free, OA=open archive, CA=closed archive, TAMS=top-at-mark-start (previous, next)
|   0|0x000000070a600000, 0x000000070a800000, 0x000000070a800000|100%| O|  |TAMS 0x000000070a800000, 0x000000070a600000| Untracked 
|   1|0x000000070a800000, 0x000000070aa00000, 0x000000070aa00000|100%| O|  |TAMS 0x000000070aa00000, 0x000000070a800000| Untracked 
|   2|0x000000070aa00000, 0x000000070ac00000, 0x000000070ac00000|100%| O|  |TAMS 0x000000070ac00000, 0x000000070aa00000| Untracked 
|   3|0x000000070ac00000, 0x000000070ae00000, 0x000000070ae00000|100%| O|  |TAMS 0x000000070ae00000, 0x000000070ac00000| Untracked 
|   4|0x000000070ae00000, 0x000000070b000000, 0x000000070b000000|100%| O|  |TAMS 0x000000070b000000, 0x000000070ae00000| Untracked 
|   5|0x000000070b000000, 0x000000070b200000, 0x000000070b200000|100%| O|  |TAMS 0x000000070b200000, 0x000000070b000000| Untracked 
|   6|0x000000070b200000, 0x000000070b400000, 0x000000070b400000|100%| O|  |TAMS 0x000000070b400000, 0x000000070b200000| Untracked 
|   7|0x000000070b400000, 0x000000070b600000, 0x000000070b600000|100%| O|  |TAMS 0x000000070b600000, 0x000000070b400000| Untracked 
|   8|0x000000070b600000, 0x000000070b800000, 0x000000070b800000|100%| O|  |TAMS 0x000000070b800000, 0x000000070b600000| Untracked 
|   9|0x000000070b800000, 0x000000070ba00000, 0x000000070ba00000|100%| O|  |TAMS 0x000000070ba00000, 0x000000070b800000| Untracked 
|  10|0x000000070ba00000, 0x000000070bc00000, 0x000000070bc00000|100%| O|  |TAMS 0x000000070bc00000, 0x000000070ba00000| Untracked 
|  11|0x000000070bc00000, 0x000000070be00000, 0x000000070be00000|100%| O|  |TAMS 0x000000070be00000, 0x000000070bc00000| Untracked 
|  12|0x000000070be00000, 0x000000070c000000, 0x000000070c000000|100%| O|  |TAMS 0x000000070c000000, 0x000000070be00000| Untracked 
|  13|0x000000070c000000, 0x000000070c200000, 0x000000070c200000|100%| O|  |TAMS 0x000000070c200000, 0x000000070c000000| Untracked 
|  14|0x000000070c200000, 0x000000070c400000, 0x000000070c400000|100%| O|  |TAMS 0x000000070c400000, 0x000000070c200000| Untracked 
|  15|0x000000070c400000, 0x000000070c600000, 0x000000070c600000|100%| O|  |TAMS 0x000000070c600000, 0x000000070c400000| Untracked 
|  16|0x000000070c600000, 0x000000070c800000, 0x000000070c800000|100%| O|  |TAMS 0x000000070c800000, 0x000000070c600000| Untracked 
|  17|0x000000070c800000, 0x000000070ca00000, 0x000000070ca00000|100%| O|  |TAMS 0x000000070ca00000, 0x000000070c800000| Complete 
|  18|0x000000070ca00000, 0x000000070cc00000, 0x000000070cc00000|100%| O|  |TAMS 0x000000070cc00000, 0x000000070ca00000| Complete 
|  19|0x000000070cc00000, 0x000000070ce00000, 0x000000070ce00000|100%| O|  |TAMS 0x000000070ce00000, 0x000000070cc00000| Complete 
|  20|0x000000070ce00000, 0x000000070d000000, 0x000000070d000000|100%| O|  |TAMS 0x000000070d000000, 0x000000070ce00000| Complete 
|  21|0x000000070d000000, 0x000000070d200000, 0x000000070d200000|100%| O|  |TAMS 0x000000070d200000, 0x000000070d000000| Complete 
|  22|0x000000070d200000, 0x000000070d400000, 0x000000070d400000|100%| O|  |TAMS 0x000000070d400000, 0x000000070d200000| Untracked 
|  23|0x000000070d400000, 0x000000070d600000, 0x000000070d600000|100%| O|  |TAMS 0x000000070d600000, 0x000000070d400000| Complete 
|  24|0x000000070d600000, 0x000000070d800000, 0x000000070d800000|100%| O|  |TAMS 0x000000070d800000, 0x000000070d600000| Complete 
|  25|0x000000070d800000, 0x000000070da00000, 0x000000070da00000|100%| O|  |TAMS 0x000000070da00000, 0x000000070d800000| Complete 
|  26|0x000000070da00000, 0x000000070dc00000, 0x000000070dc00000|100%| O|  |TAMS 0x000000070dc00000, 0x000000070da00000| Complete 
|  27|0x000000070dc00000, 0x000000070de00000, 0x000000070de00000|100%| O|  |TAMS 0x000000070de00000, 0x000000070dc00000| Untracked 
|  28|0x000000070de00000, 0x000000070e000000, 0x000000070e000000|100%| O|  |TAMS 0x000000070e000000, 0x000000070de00000| Untracked 
|  29|0x000000070e000000, 0x000000070e200000, 0x000000070e200000|100%| O|  |TAMS 0x000000070e200000, 0x000000070e000000| Untracked 
|  30|0x000000070e200000, 0x000000070e400000, 0x000000070e400000|100%| O|  |TAMS 0x000000070e400000, 0x000000070e200000| Untracked 
|  31|0x000000070e400000, 0x000000070e600000, 0x000000070e600000|100%| O|  |TAMS 0x000000070e600000, 0x000000070e400000| Untracked 
|  32|0x000000070e600000, 0x000000070e800000, 0x000000070e800000|100%| O|  |TAMS 0x000000070e800000, 0x000000070e600000| Untracked 
|  33|0x000000070e800000, 0x000000070e952400, 0x000000070ea00000| 66%| O|  |TAMS 0x000000070e912000, 0x000000070e800000| Untracked 
|  34|0x000000070ea00000, 0x000000070ec00000, 0x000000070ec00000|100%|HS|  |TAMS 0x000000070ec00000, 0x000000070ea00000| Complete 
|  35|0x000000070ec00000, 0x000000070ec00000, 0x000000070ee00000|  0%| F|  |TAMS 0x000000070ec00000, 0x000000070ec00000| Untracked 
|  36|0x000000070ee00000, 0x000000070ee00000, 0x000000070f000000|  0%| F|  |TAMS 0x000000070ee00000, 0x000000070ee00000| Untracked 
|  37|0x000000070f000000, 0x000000070f000000, 0x000000070f200000|  0%| F|  |TAMS 0x000000070f000000, 0x000000070f000000| Untracked 
|  38|0x000000070f200000, 0x000000070f200000, 0x000000070f400000|  0%| F|  |TAMS 0x000000070f200000, 0x000000070f200000| Untracked 
|  39|0x000000070f400000, 0x000000070f400000, 0x000000070f600000|  0%| F|  |TAMS 0x000000070f400000, 0x000000070f400000| Untracked 
|  40|0x000000070f600000, 0x000000070f600000, 0x000000070f800000|  0%| F|  |TAMS 0x000000070f600000, 0x000000070f600000| Untracked 
|  41|0x000000070f800000, 0x000000070f800000, 0x000000070fa00000|  0%| F|  |TAMS 0x000000070f800000, 0x000000070f800000| Untracked 
|  42|0x000000070fa00000, 0x000000070fa00000, 0x000000070fc00000|  0%| F|  |TAMS 0x000000070fa00000, 0x000000070fa00000| Untracked 
|  43|0x000000070fc00000, 0x000000070fc00000, 0x000000070fe00000|  0%| F|  |TAMS 0x000000070fc00000, 0x000000070fc00000| Untracked 
|  44|0x000000070fe00000, 0x000000070fe00000, 0x0000000710000000|  0%| F|  |TAMS 0x000000070fe00000, 0x000000070fe00000| Untracked 
|  45|0x0000000710000000, 0x0000000710000000, 0x0000000710200000|  0%| F|  |TAMS 0x0000000710000000, 0x0000000710000000| Untracked 
|  46|0x0000000710200000, 0x0000000710200000, 0x0000000710400000|  0%| F|  |TAMS 0x0000000710200000, 0x0000000710200000| Untracked 
|  47|0x0000000710400000, 0x0000000710400000, 0x0000000710600000|  0%| F|  |TAMS 0x0000000710400000, 0x0000000710400000| Untracked 
|  48|0x0000000710600000, 0x0000000710600000, 0x0000000710800000|  0%| F|  |TAMS 0x0000000710600000, 0x0000000710600000| Untracked 
|  49|0x0000000710800000, 0x0000000710800000, 0x0000000710a00000|  0%| F|  |TAMS 0x0000000710800000, 0x0000000710800000| Untracked 
|  50|0x0000000710a00000, 0x0000000710a00000, 0x0000000710c00000|  0%| F|  |TAMS 0x0000000710a00000, 0x0000000710a00000| Untracked 
|  51|0x0000000710c00000, 0x0000000710c00000, 0x0000000710e00000|  0%| F|  |TAMS 0x0000000710c00000, 0x0000000710c00000| Untracked 
|  52|0x0000000710e00000, 0x0000000710e00000, 0x0000000711000000|  0%| F|  |TAMS 0x0000000710e00000, 0x0000000710e00000| Untracked 
|  53|0x0000000711000000, 0x0000000711000000, 0x0000000711200000|  0%| F|  |TAMS 0x0000000711000000, 0x0000000711000000| Untracked 
|  54|0x0000000711200000, 0x0000000711200000, 0x0000000711400000|  0%| F|  |TAMS 0x0000000711200000, 0x0000000711200000| Untracked 
|  55|0x0000000711400000, 0x0000000711400000, 0x0000000711600000|  0%| F|  |TAMS 0x0000000711400000, 0x0000000711400000| Untracked 
|  56|0x0000000711600000, 0x0000000711600000, 0x0000000711800000|  0%| F|  |TAMS 0x0000000711600000, 0x0000000711600000| Untracked 
|  57|0x0000000711800000, 0x0000000711800000, 0x0000000711a00000|  0%| F|  |TAMS 0x0000000711800000, 0x0000000711800000| Untracked 
|  58|0x0000000711a00000, 0x0000000711a00000, 0x0000000711c00000|  0%| F|  |TAMS 0x0000000711a00000, 0x0000000711a00000| Untracked 
|  59|0x0000000711c00000, 0x0000000711c00000, 0x0000000711e00000|  0%| F|  |TAMS 0x0000000711c00000, 0x0000000711c00000| Untracked 
|  60|0x0000000711e00000, 0x0000000711e00000, 0x0000000712000000|  0%| F|  |TAMS 0x0000000711e00000, 0x0000000711e00000| Untracked 
|  61|0x0000000712000000, 0x0000000712000000, 0x0000000712200000|  0%| F|  |TAMS 0x0000000712000000, 0x0000000712000000| Untracked 
|  62|0x0000000712200000, 0x0000000712200000, 0x0000000712400000|  0%| F|  |TAMS 0x0000000712200000, 0x0000000712200000| Untracked 
|  63|0x0000000712400000, 0x0000000712550ce8, 0x0000000712600000| 65%| E|  |TAMS 0x0000000712400000, 0x0000000712400000| Complete 
|  64|0x0000000712600000, 0x0000000712800000, 0x0000000712800000|100%| E|CS|TAMS 0x0000000712600000, 0x0000000712600000| Complete 
|  65|0x0000000712800000, 0x0000000712a00000, 0x0000000712a00000|100%| E|CS|TAMS 0x0000000712800000, 0x0000000712800000| Complete 
|  66|0x0000000712a00000, 0x0000000712c00000, 0x0000000712c00000|100%| E|CS|TAMS 0x0000000712a00000, 0x0000000712a00000| Complete 
|  67|0x0000000712c00000, 0x0000000712e00000, 0x0000000712e00000|100%| E|CS|TAMS 0x0000000712c00000, 0x0000000712c00000| Complete 
|  68|0x0000000712e00000, 0x0000000713000000, 0x0000000713000000|100%| E|CS|TAMS 0x0000000712e00000, 0x0000000712e00000| Complete 
|  69|0x0000000713000000, 0x0000000713200000, 0x0000000713200000|100%| E|CS|TAMS 0x0000000713000000, 0x0000000713000000| Complete 
|  70|0x0000000713200000, 0x0000000713400000, 0x0000000713400000|100%| E|CS|TAMS 0x0000000713200000, 0x0000000713200000| Complete 
|  71|0x0000000713400000, 0x0000000713600000, 0x0000000713600000|100%| E|CS|TAMS 0x0000000713400000, 0x0000000713400000| Complete 
|  72|0x0000000713600000, 0x0000000713800000, 0x0000000713800000|100%| E|CS|TAMS 0x0000000713600000, 0x0000000713600000| Complete 
|  73|0x0000000713800000, 0x0000000713a00000, 0x0000000713a00000|100%| E|CS|TAMS 0x0000000713800000, 0x0000000713800000| Complete 
|  74|0x0000000713a00000, 0x0000000713c00000, 0x0000000713c00000|100%| E|CS|TAMS 0x0000000713a00000, 0x0000000713a00000| Complete 
|  75|0x0000000713c00000, 0x0000000713e00000, 0x0000000713e00000|100%| E|CS|TAMS 0x0000000713c00000, 0x0000000713c00000| Complete 
|  76|0x0000000713e00000, 0x0000000714000000, 0x0000000714000000|100%| E|CS|TAMS 0x0000000713e00000, 0x0000000713e00000| Complete 
|  77|0x0000000714000000, 0x0000000714200000, 0x0000000714200000|100%| E|CS|TAMS 0x0000000714000000, 0x0000000714000000| Complete 
|  78|0x0000000714200000, 0x0000000714400000, 0x0000000714400000|100%| E|CS|TAMS 0x0000000714200000, 0x0000000714200000| Complete 
|  79|0x0000000714400000, 0x0000000714600000, 0x0000000714600000|100%| E|CS|TAMS 0x0000000714400000, 0x0000000714400000| Complete 
|  80|0x0000000714600000, 0x0000000714800000, 0x0000000714800000|100%| E|CS|TAMS 0x0000000714600000, 0x0000000714600000| Complete 
|  81|0x0000000714800000, 0x0000000714a00000, 0x0000000714a00000|100%| E|CS|TAMS 0x0000000714800000, 0x0000000714800000| Complete 
|  82|0x0000000714a00000, 0x0000000714c00000, 0x0000000714c00000|100%| E|CS|TAMS 0x0000000714a00000, 0x0000000714a00000| Complete 
|  83|0x0000000714c00000, 0x0000000714e00000, 0x0000000714e00000|100%| E|CS|TAMS 0x0000000714c00000, 0x0000000714c00000| Complete 
|  84|0x0000000714e00000, 0x0000000715000000, 0x0000000715000000|100%| E|CS|TAMS 0x0000000714e00000, 0x0000000714e00000| Complete 
|  85|0x0000000715000000, 0x0000000715200000, 0x0000000715200000|100%| E|CS|TAMS 0x0000000715000000, 0x0000000715000000| Complete 
|  86|0x0000000715200000, 0x0000000715400000, 0x0000000715400000|100%| E|CS|TAMS 0x0000000715200000, 0x0000000715200000| Complete 
|  87|0x0000000715400000, 0x0000000715600000, 0x0000000715600000|100%| E|CS|TAMS 0x0000000715400000, 0x0000000715400000| Complete 
|  88|0x0000000715600000, 0x0000000715800000, 0x0000000715800000|100%| E|CS|TAMS 0x0000000715600000, 0x0000000715600000| Complete 
|  89|0x0000000715800000, 0x0000000715a00000, 0x0000000715a00000|100%| E|CS|TAMS 0x0000000715800000, 0x0000000715800000| Complete 
|  90|0x0000000715a00000, 0x0000000715c00000, 0x0000000715c00000|100%| E|CS|TAMS 0x0000000715a00000, 0x0000000715a00000| Complete 
|  91|0x0000000715c00000, 0x0000000715e00000, 0x0000000715e00000|100%| E|CS|TAMS 0x0000000715c00000, 0x0000000715c00000| Complete 
|  92|0x0000000715e00000, 0x0000000716000000, 0x0000000716000000|100%| E|CS|TAMS 0x0000000715e00000, 0x0000000715e00000| Complete 
|  93|0x0000000716000000, 0x0000000716200000, 0x0000000716200000|100%| E|CS|TAMS 0x0000000716000000, 0x0000000716000000| Complete 
|  94|0x0000000716200000, 0x0000000716400000, 0x0000000716400000|100%| E|CS|TAMS 0x0000000716200000, 0x0000000716200000| Complete 
|  95|0x0000000716400000, 0x0000000716600000, 0x0000000716600000|100%| E|CS|TAMS 0x0000000716400000, 0x0000000716400000| Complete 
|  96|0x0000000716600000, 0x0000000716800000, 0x0000000716800000|100%| E|CS|TAMS 0x0000000716600000, 0x0000000716600000| Complete 
|  97|0x0000000716800000, 0x0000000716a00000, 0x0000000716a00000|100%| E|CS|TAMS 0x0000000716800000, 0x0000000716800000| Complete 
|  98|0x0000000716a00000, 0x0000000716c00000, 0x0000000716c00000|100%| E|CS|TAMS 0x0000000716a00000, 0x0000000716a00000| Complete 
|  99|0x0000000716c00000, 0x0000000716e00000, 0x0000000716e00000|100%| E|CS|TAMS 0x0000000716c00000, 0x0000000716c00000| Complete 
| 100|0x0000000716e00000, 0x0000000717000000, 0x0000000717000000|100%| E|CS|TAMS 0x0000000716e00000, 0x0000000716e00000| Complete 
| 101|0x0000000717000000, 0x0000000717200000, 0x0000000717200000|100%| E|CS|TAMS 0x0000000717000000, 0x0000000717000000| Complete 
| 102|0x0000000717200000, 0x0000000717400000, 0x0000000717400000|100%| E|CS|TAMS 0x0000000717200000, 0x0000000717200000| Complete 
| 103|0x0000000717400000, 0x0000000717600000, 0x0000000717600000|100%| E|CS|TAMS 0x0000000717400000, 0x0000000717400000| Complete 
| 104|0x0000000717600000, 0x0000000717800000, 0x0000000717800000|100%| E|CS|TAMS 0x0000000717600000, 0x0000000717600000| Complete 
| 105|0x0000000717800000, 0x0000000717a00000, 0x0000000717a00000|100%| E|CS|TAMS 0x0000000717800000, 0x0000000717800000| Complete 
| 106|0x0000000717a00000, 0x0000000717c00000, 0x0000000717c00000|100%| E|CS|TAMS 0x0000000717a00000, 0x0000000717a00000| Complete 
| 107|0x0000000717c00000, 0x0000000717e00000, 0x0000000717e00000|100%| E|CS|TAMS 0x0000000717c00000, 0x0000000717c00000| Complete 
| 108|0x0000000717e00000, 0x0000000718000000, 0x0000000718000000|100%| E|CS|TAMS 0x0000000717e00000, 0x0000000717e00000| Complete 
| 109|0x0000000718000000, 0x0000000718200000, 0x0000000718200000|100%| E|CS|TAMS 0x0000000718000000, 0x0000000718000000| Complete 
| 110|0x0000000718200000, 0x0000000718400000, 0x0000000718400000|100%| E|CS|TAMS 0x0000000718200000, 0x0000000718200000| Complete 
| 111|0x0000000718400000, 0x0000000718600000, 0x0000000718600000|100%| E|CS|TAMS 0x0000000718400000, 0x0000000718400000| Complete 
| 112|0x0000000718600000, 0x0000000718800000, 0x0000000718800000|100%| E|CS|TAMS 0x0000000718600000, 0x0000000718600000| Complete 
| 113|0x0000000718800000, 0x0000000718a00000, 0x0000000718a00000|100%| E|CS|TAMS 0x0000000718800000, 0x0000000718800000| Complete 
| 114|0x0000000718a00000, 0x0000000718c00000, 0x0000000718c00000|100%| E|CS|TAMS 0x0000000718a00000, 0x0000000718a00000| Complete 
| 115|0x0000000718c00000, 0x0000000718e00000, 0x0000000718e00000|100%| E|CS|TAMS 0x0000000718c00000, 0x0000000718c00000| Complete 
| 116|0x0000000718e00000, 0x0000000719000000, 0x0000000719000000|100%| E|CS|TAMS 0x0000000718e00000, 0x0000000718e00000| Complete 
| 117|0x0000000719000000, 0x0000000719200000, 0x0000000719200000|100%| E|CS|TAMS 0x0000000719000000, 0x0000000719000000| Complete 
| 118|0x0000000719200000, 0x0000000719400000, 0x0000000719400000|100%| E|CS|TAMS 0x0000000719200000, 0x0000000719200000| Complete 
| 119|0x0000000719400000, 0x0000000719600000, 0x0000000719600000|100%| E|CS|TAMS 0x0000000719400000, 0x0000000719400000| Complete 
| 120|0x0000000719600000, 0x0000000719703680, 0x0000000719800000| 50%| S|CS|TAMS 0x0000000719600000, 0x0000000719600000| Complete 
| 121|0x0000000719800000, 0x0000000719a00000, 0x0000000719a00000|100%| S|CS|TAMS 0x0000000719800000, 0x0000000719800000| Complete 
| 122|0x0000000719a00000, 0x0000000719c00000, 0x0000000719c00000|100%| S|CS|TAMS 0x0000000719a00000, 0x0000000719a00000| Complete 
| 123|0x0000000719c00000, 0x0000000719e00000, 0x0000000719e00000|100%| S|CS|TAMS 0x0000000719c00000, 0x0000000719c00000| Complete 
| 124|0x0000000719e00000, 0x000000071a000000, 0x000000071a000000|100%| E|CS|TAMS 0x0000000719e00000, 0x0000000719e00000| Complete 
| 125|0x000000071a000000, 0x000000071a200000, 0x000000071a200000|100%| E|CS|TAMS 0x000000071a000000, 0x000000071a000000| Complete 
| 126|0x000000071a200000, 0x000000071a400000, 0x000000071a400000|100%| E|CS|TAMS 0x000000071a200000, 0x000000071a200000| Complete 
| 127|0x000000071a400000, 0x000000071a600000, 0x000000071a600000|100%| E|CS|TAMS 0x000000071a400000, 0x000000071a400000| Complete 
| 128|0x000000071a600000, 0x000000071a800000, 0x000000071a800000|100%| E|CS|TAMS 0x000000071a600000, 0x000000071a600000| Complete 
| 129|0x000000071a800000, 0x000000071aa00000, 0x000000071aa00000|100%| E|CS|TAMS 0x000000071a800000, 0x000000071a800000| Complete 
| 130|0x000000071aa00000, 0x000000071ac00000, 0x000000071ac00000|100%| E|CS|TAMS 0x000000071aa00000, 0x000000071aa00000| Complete 
| 131|0x000000071ac00000, 0x000000071ae00000, 0x000000071ae00000|100%| E|CS|TAMS 0x000000071ac00000, 0x000000071ac00000| Complete 
| 132|0x000000071ae00000, 0x000000071b000000, 0x000000071b000000|100%| E|CS|TAMS 0x000000071ae00000, 0x000000071ae00000| Complete 
| 153|0x000000071d800000, 0x000000071da00000, 0x000000071da00000|100%| E|CS|TAMS 0x000000071d800000, 0x000000071d800000| Complete 

Card table byte_map: [0x000001bb63190000,0x000001bb63940000] _byte_map_base: 0x000001bb5f93d000

Marking Bits (Prev, Next): (CMBitMap*) 0x000001bb4fe79bd0, (CMBitMap*) 0x000001bb4fe79b90
 Prev Bits: [0x000001bb67e60000, 0x000001bb6bbc8000)
 Next Bits: [0x000001bb640f0000, 0x000001bb67e58000)

Polling page: 0x000001bb4dc60000

Metaspace:

Usage:
  Non-class:     67.80 MB used.
      Class:      9.60 MB used.
       Both:     77.40 MB used.

Virtual space:
  Non-class space:      128.00 MB reserved,      68.06 MB ( 53%) committed,  2 nodes.
      Class space:        1.00 GB reserved,       9.88 MB ( <1%) committed,  1 nodes.
             Both:        1.12 GB reserved,      77.94 MB (  7%) committed. 

Chunk freelists:
   Non-Class:  11.02 MB
       Class:  6.06 MB
        Both:  17.08 MB

MaxMetaspaceSize: unlimited
CompressedClassSpaceSize: 1.00 GB
Initial GC threshold: 21.00 MB
Current GC threshold: 98.69 MB
CDS: off
MetaspaceReclaimPolicy: balanced
 - commit_granule_bytes: 65536.
 - commit_granule_words: 8192.
 - virtual_space_node_default_size: 8388608.
 - enlarge_chunks_in_place: 1.
 - new_chunks_are_fully_committed: 0.
 - uncommit_free_chunks: 1.
 - use_allocation_guard: 0.
 - handle_deallocations: 1.


Internal statistics:

num_allocs_failed_limit: 9.
num_arena_births: 854.
num_arena_deaths: 0.
num_vsnodes_births: 3.
num_vsnodes_deaths: 0.
num_space_committed: 1246.
num_space_uncommitted: 0.
num_chunks_returned_to_freelist: 9.
num_chunks_taken_from_freelist: 3255.
num_chunk_merges: 9.
num_chunk_splits: 2233.
num_chunks_enlarged: 1659.
num_inconsistent_stats: 0.

CodeHeap 'non-profiled nmethods': size=120000Kb used=5733Kb max_used=5733Kb free=114266Kb
 bounds [0x000001bb5af60000, 0x000001bb5b500000, 0x000001bb62490000]
CodeHeap 'profiled nmethods': size=120000Kb used=13058Kb max_used=13058Kb free=106941Kb
 bounds [0x000001bb53490000, 0x000001bb54160000, 0x000001bb5a9c0000]
CodeHeap 'non-nmethods': size=5760Kb used=1384Kb max_used=1412Kb free=4375Kb
 bounds [0x000001bb5a9c0000, 0x000001bb5ac30000, 0x000001bb5af60000]
 total_blobs=7385 nmethods=6659 adapters=638
 compilation: enabled
              stopped_count=0, restarted_count=0
 full_count=0

Compilation events (20 events):
Event: 149.451 Thread 0x000001bb6e972570 8037       3       jdk.internal.reflect.ByteVectorImpl::<init> (17 bytes)
Event: 149.451 Thread 0x000001bb6e972570 nmethod 8037 0x000001bb5414e710 code [0x000001bb5414e8c0, 0x000001bb5414eb38]
Event: 149.451 Thread 0x000001bb6e972570 8038       3       jdk.internal.reflect.ClassFileAssembler::<init> (30 bytes)
Event: 149.452 Thread 0x000001bb6e972570 nmethod 8038 0x000001bb5414ec10 code [0x000001bb5414eda0, 0x000001bb5414ef98]
Event: 149.452 Thread 0x000001bb6e972570 8039       3       jdk.internal.reflect.ClassFileAssembler::getMaxLocals (6 bytes)
Event: 149.452 Thread 0x000001bb6e972570 nmethod 8039 0x000001bb5414f090 code [0x000001bb5414f220, 0x000001bb5414f338]
Event: 149.459 Thread 0x000001bb6e972570 8041       3       java.lang.invoke.DelegatingMethodHandle$Holder::delegate (25 bytes)
Event: 149.459 Thread 0x000001bb6e972570 nmethod 8041 0x000001bb5414f410 code [0x000001bb5414f5e0, 0x000001bb5414fb88]
Event: 149.459 Thread 0x000001bb6e972570 8042       3       java.lang.invoke.MethodHandles::foldArgumentsWithCombiner (9 bytes)
Event: 149.459 Thread 0x000001bb6e972570 nmethod 8042 0x000001bb5414fd10 code [0x000001bb5414fea0, 0x000001bb5414ffe8]
Event: 149.459 Thread 0x000001bb6e972570 8043       1       com.google.protobuf.Descriptors$FieldDescriptor::getContainingType (5 bytes)
Event: 149.459 Thread 0x000001bb6e972570 nmethod 8043 0x000001bb5b4f3810 code [0x000001bb5b4f39a0, 0x000001bb5b4f3a78]
Event: 149.459 Thread 0x000001bb6e972570 8044       1       com.google.protobuf.Descriptors$FieldDescriptor::getIndex (5 bytes)
Event: 149.459 Thread 0x000001bb6e972570 nmethod 8044 0x000001bb5b4f3b10 code [0x000001bb5b4f3ca0, 0x000001bb5b4f3d78]
Event: 149.459 Thread 0x000001bb6e972570 8045       3       com.google.protobuf.util.JsonFormat$PrettyTextGenerator::write (48 bytes)
Event: 149.460 Thread 0x000001bb6e972570 nmethod 8045 0x000001bb54150090 code [0x000001bb54150260, 0x000001bb54150688]
Event: 149.460 Thread 0x000001bb6e972570 8046       3       com.google.protobuf.DescriptorProtos$FeatureSet$MessageEncoding::forNumber (42 bytes)
Event: 149.460 Thread 0x000001bb6e972570 nmethod 8046 0x000001bb54150810 code [0x000001bb541509c0, 0x000001bb54150bd8]
Event: 149.460 Thread 0x000001bb6e972570 8047       3       java.util.TreeMap::addEntryToEmptyMap (37 bytes)
Event: 149.460 Thread 0x000001bb6e972570 nmethod 8047 0x000001bb54150c90 code [0x000001bb54150e80, 0x000001bb54151598]

GC Heap History (20 events):
Event: 10.217 GC heap before
{Heap before GC invocations=24 (full 0):
 garbage-first heap   total 262144K, used 222544K [0x000000070a600000, 0x0000000800000000)
  region size 2048K, 76 young (155648K), 2 survivors (4096K)
 Metaspace       used 49609K, committed 50112K, reserved 1114112K
  class space    used 5950K, committed 6208K, reserved 1048576K
}
Event: 10.221 GC heap after
{Heap after GC invocations=25 (full 0):
 garbage-first heap   total 262144K, used 72398K [0x000000070a600000, 0x0000000800000000)
  region size 2048K, 3 young (6144K), 3 survivors (6144K)
 Metaspace       used 49609K, committed 50112K, reserved 1114112K
  class space    used 5950K, committed 6208K, reserved 1048576K
}
Event: 11.192 GC heap before
{Heap before GC invocations=25 (full 0):
 garbage-first heap   total 262144K, used 221902K [0x000000070a600000, 0x0000000800000000)
  region size 2048K, 76 young (155648K), 3 survivors (6144K)
 Metaspace       used 55669K, committed 56192K, reserved 1114112K
  class space    used 6900K, committed 7168K, reserved 1048576K
}
Event: 11.196 GC heap after
{Heap after GC invocations=26 (full 0):
 garbage-first heap   total 262144K, used 74995K [0x000000070a600000, 0x0000000800000000)
  region size 2048K, 4 young (8192K), 4 survivors (8192K)
 Metaspace       used 55669K, committed 56192K, reserved 1114112K
  class space    used 6900K, committed 7168K, reserved 1048576K
}
Event: 11.691 GC heap before
{Heap before GC invocations=26 (full 0):
 garbage-first heap   total 262144K, used 244979K [0x000000070a600000, 0x0000000800000000)
  region size 2048K, 76 young (155648K), 4 survivors (8192K)
 Metaspace       used 55675K, committed 56192K, reserved 1114112K
  class space    used 6900K, committed 7168K, reserved 1048576K
}
Event: 11.695 GC heap after
{Heap after GC invocations=27 (full 0):
 garbage-first heap   total 262144K, used 87443K [0x000000070a600000, 0x0000000800000000)
  region size 2048K, 5 young (10240K), 5 survivors (10240K)
 Metaspace       used 55675K, committed 56192K, reserved 1114112K
  class space    used 6900K, committed 7168K, reserved 1048576K
}
Event: 12.012 GC heap before
{Heap before GC invocations=27 (full 0):
 garbage-first heap   total 262144K, used 224659K [0x000000070a600000, 0x0000000800000000)
  region size 2048K, 72 young (147456K), 5 survivors (10240K)
 Metaspace       used 55675K, committed 56192K, reserved 1114112K
  class space    used 6900K, committed 7168K, reserved 1048576K
}
Event: 12.015 GC heap after
{Heap after GC invocations=28 (full 0):
 garbage-first heap   total 262144K, used 86442K [0x000000070a600000, 0x0000000800000000)
  region size 2048K, 5 young (10240K), 5 survivors (10240K)
 Metaspace       used 55675K, committed 56192K, reserved 1114112K
  class space    used 6900K, committed 7168K, reserved 1048576K
}
Event: 12.289 GC heap before
{Heap before GC invocations=28 (full 0):
 garbage-first heap   total 262144K, used 223658K [0x000000070a600000, 0x0000000800000000)
  region size 2048K, 72 young (147456K), 5 survivors (10240K)
 Metaspace       used 55678K, committed 56192K, reserved 1114112K
  class space    used 6900K, committed 7168K, reserved 1048576K
}
Event: 12.291 GC heap after
{Heap after GC invocations=29 (full 0):
 garbage-first heap   total 262144K, used 85637K [0x000000070a600000, 0x0000000800000000)
  region size 2048K, 4 young (8192K), 4 survivors (8192K)
 Metaspace       used 55678K, committed 56192K, reserved 1114112K
  class space    used 6900K, committed 7168K, reserved 1048576K
}
Event: 12.600 GC heap before
{Heap before GC invocations=29 (full 0):
 garbage-first heap   total 262144K, used 226949K [0x000000070a600000, 0x0000000800000000)
  region size 2048K, 73 young (149504K), 4 survivors (8192K)
 Metaspace       used 55678K, committed 56192K, reserved 1114112K
  class space    used 6900K, committed 7168K, reserved 1048576K
}
Event: 12.603 GC heap after
{Heap after GC invocations=30 (full 0):
 garbage-first heap   total 262144K, used 87028K [0x000000070a600000, 0x0000000800000000)
  region size 2048K, 5 young (10240K), 5 survivors (10240K)
 Metaspace       used 55678K, committed 56192K, reserved 1114112K
  class space    used 6900K, committed 7168K, reserved 1048576K
}
Event: 12.898 GC heap before
{Heap before GC invocations=30 (full 0):
 garbage-first heap   total 262144K, used 224244K [0x000000070a600000, 0x0000000800000000)
  region size 2048K, 72 young (147456K), 5 survivors (10240K)
 Metaspace       used 55679K, committed 56192K, reserved 1114112K
  class space    used 6900K, committed 7168K, reserved 1048576K
}
Event: 12.901 GC heap after
{Heap after GC invocations=31 (full 0):
 garbage-first heap   total 262144K, used 86998K [0x000000070a600000, 0x0000000800000000)
  region size 2048K, 5 young (10240K), 5 survivors (10240K)
 Metaspace       used 55679K, committed 56192K, reserved 1114112K
  class space    used 6900K, committed 7168K, reserved 1048576K
}
Event: 13.142 GC heap before
{Heap before GC invocations=31 (full 0):
 garbage-first heap   total 262144K, used 224214K [0x000000070a600000, 0x0000000800000000)
  region size 2048K, 72 young (147456K), 5 survivors (10240K)
 Metaspace       used 55681K, committed 56192K, reserved 1114112K
  class space    used 6900K, committed 7168K, reserved 1048576K
}
Event: 13.146 GC heap after
{Heap after GC invocations=32 (full 0):
 garbage-first heap   total 315392K, used 91160K [0x000000070a600000, 0x0000000800000000)
  region size 2048K, 7 young (14336K), 7 survivors (14336K)
 Metaspace       used 55681K, committed 56192K, reserved 1114112K
  class space    used 6900K, committed 7168K, reserved 1048576K
}
Event: 13.467 GC heap before
{Heap before GC invocations=32 (full 0):
 garbage-first heap   total 315392K, used 265240K [0x000000070a600000, 0x0000000800000000)
  region size 2048K, 92 young (188416K), 7 survivors (14336K)
 Metaspace       used 55681K, committed 56192K, reserved 1114112K
  class space    used 6900K, committed 7168K, reserved 1048576K
}
Event: 13.470 GC heap after
{Heap after GC invocations=33 (full 0):
 garbage-first heap   total 315392K, used 87109K [0x000000070a600000, 0x0000000800000000)
  region size 2048K, 4 young (8192K), 4 survivors (8192K)
 Metaspace       used 55681K, committed 56192K, reserved 1114112K
  class space    used 6900K, committed 7168K, reserved 1048576K
}
Event: 141.597 GC heap before
{Heap before GC invocations=33 (full 0):
 garbage-first heap   total 315392K, used 148549K [0x000000070a600000, 0x0000000800000000)
  region size 2048K, 34 young (69632K), 4 survivors (8192K)
 Metaspace       used 59921K, committed 60416K, reserved 1114112K
  class space    used 7394K, committed 7616K, reserved 1048576K
}
Event: 141.601 GC heap after
{Heap after GC invocations=34 (full 0):
 garbage-first heap   total 315392K, used 78166K [0x000000070a600000, 0x0000000800000000)
  region size 2048K, 4 young (8192K), 4 survivors (8192K)
 Metaspace       used 59921K, committed 60416K, reserved 1114112K
  class space    used 7394K, committed 7616K, reserved 1048576K
}

Dll operation events (12 events):
Event: 0.012 Loaded shared library C:\Documenti\UniBG\Programmi\tools_x_tvsw_2023\asmeta_eclipse\eclipse_latest\plugins\org.eclipse.justj.openjdk.hotspot.jre.full.win32.x86_64_17.0.7.v20230425-1502\jre\bin\java.dll
Event: 0.157 Loaded shared library C:\Documenti\UniBG\Programmi\tools_x_tvsw_2023\asmeta_eclipse\eclipse_latest\plugins\org.eclipse.justj.openjdk.hotspot.jre.full.win32.x86_64_17.0.7.v20230425-1502\jre\bin\net.dll
Event: 0.159 Loaded shared library C:\Documenti\UniBG\Programmi\tools_x_tvsw_2023\asmeta_eclipse\eclipse_latest\plugins\org.eclipse.justj.openjdk.hotspot.jre.full.win32.x86_64_17.0.7.v20230425-1502\jre\bin\nio.dll
Event: 0.163 Loaded shared library C:\Documenti\UniBG\Programmi\tools_x_tvsw_2023\asmeta_eclipse\eclipse_latest\plugins\org.eclipse.justj.openjdk.hotspot.jre.full.win32.x86_64_17.0.7.v20230425-1502\jre\bin\zip.dll
Event: 0.276 Loaded shared library C:\Documenti\UniBG\Programmi\tools_x_tvsw_2023\asmeta_eclipse\eclipse_latest\plugins\org.eclipse.justj.openjdk.hotspot.jre.full.win32.x86_64_17.0.7.v20230425-1502\jre\bin\jimage.dll
Event: 0.838 Loaded shared library C:\Documenti\UniBG\Programmi\tools_x_tvsw_2023\asmeta_eclipse\eclipse_latest\plugins\org.eclipse.justj.openjdk.hotspot.jre.full.win32.x86_64_17.0.7.v20230425-1502\jre\bin\management.dll
Event: 0.841 Loaded shared library C:\Documenti\UniBG\Programmi\tools_x_tvsw_2023\asmeta_eclipse\eclipse_latest\plugins\org.eclipse.justj.openjdk.hotspot.jre.full.win32.x86_64_17.0.7.v20230425-1502\jre\bin\management_ext.dll
Event: 1.854 Loaded shared library C:\Documenti\UniBG\Programmi\tools_x_tvsw_2023\asmeta_eclipse\eclipse_latest\plugins\org.eclipse.justj.openjdk.hotspot.jre.full.win32.x86_64_17.0.7.v20230425-1502\jre\bin\sunmscapi.dll
Event: 3.345 Loaded shared library C:\Documenti\UniBG\Programmi\tools_x_tvsw_2023\asmeta_eclipse\eclipse_latest\plugins\org.eclipse.justj.openjdk.hotspot.jre.full.win32.x86_64_17.0.7.v20230425-1502\jre\bin\verify.dll
Event: 9.527 Loaded shared library C:\Users\giona\AppData\Local\Temp\jna-98360896\jna14709784432899056551.dll
Event: 141.532 Loaded shared library C:\Documenti\UniBG\Programmi\tools_x_tvsw_2023\asmeta_eclipse\eclipse_latest\plugins\org.eclipse.justj.openjdk.hotspot.jre.full.win32.x86_64_17.0.7.v20230425-1502\jre\bin\awt.dll
Event: 144.775 Loaded shared library C:\Documenti\UniBG\Tesi\BREATHE\breathe.web\target\classes\PulseJNI.dll

Deoptimization events (20 events):
Event: 142.914 Thread 0x000001bb749d1bb0 Uncommon trap: trap_request=0xffffffc6 fr.pc=0x000001bb5b290e6c relative=0x00000000000014ec
Event: 142.914 Thread 0x000001bb749d1bb0 Uncommon trap: reason=bimorphic_or_optimized_type_check action=maybe_recompile pc=0x000001bb5b290e6c method=java.lang.Iterable.forEach(Ljava/util/function/Consumer;)V @ 6 c2
Event: 142.914 Thread 0x000001bb749d1bb0 DEOPT PACKING pc=0x000001bb5b290e6c sp=0x000000349dcfdfc0
Event: 142.914 Thread 0x000001bb749d1bb0 DEOPT UNPACKING pc=0x000001bb5aa169a3 sp=0x000000349dcfdf90 mode 2
Event: 143.954 Thread 0x000001bb7593a480 Uncommon trap: trap_request=0xffffff45 fr.pc=0x000001bb5b09e9a8 relative=0x0000000000000c88
Event: 143.954 Thread 0x000001bb7593a480 Uncommon trap: reason=unstable_if action=reinterpret pc=0x000001bb5b09e9a8 method=java.io.WinNTFileSystem.resolve(Ljava/lang/String;Ljava/lang/String;)Ljava/lang/String; @ 70 c2
Event: 143.954 Thread 0x000001bb7593a480 DEOPT PACKING pc=0x000001bb5b09e9a8 sp=0x000000349c6fb260
Event: 143.954 Thread 0x000001bb7593a480 DEOPT UNPACKING pc=0x000001bb5aa169a3 sp=0x000000349c6fb210 mode 2
Event: 144.685 Thread 0x000001bb7593a480 Uncommon trap: trap_request=0xffffff45 fr.pc=0x000001bb5b38c9f8 relative=0x0000000000002a98
Event: 144.685 Thread 0x000001bb7593a480 Uncommon trap: reason=unstable_if action=reinterpret pc=0x000001bb5b38c9f8 method=com.kitware.pulse.utilities.FileUtils.findFiles(Ljava/io/File;Ljava/lang/String;ZLjava/util/List;)V @ 58 c2
Event: 144.685 Thread 0x000001bb7593a480 DEOPT PACKING pc=0x000001bb5b38c9f8 sp=0x000000349c6fb3a0
Event: 144.685 Thread 0x000001bb7593a480 DEOPT UNPACKING pc=0x000001bb5aa169a3 sp=0x000000349c6fb330 mode 2
Event: 144.822 Thread 0x000001bb7593a480 Uncommon trap: trap_request=0xffffffc6 fr.pc=0x000001bb5b290e6c relative=0x00000000000014ec
Event: 144.822 Thread 0x000001bb7593a480 Uncommon trap: reason=bimorphic_or_optimized_type_check action=maybe_recompile pc=0x000001bb5b290e6c method=java.lang.Iterable.forEach(Ljava/util/function/Consumer;)V @ 6 c2
Event: 144.822 Thread 0x000001bb7593a480 DEOPT PACKING pc=0x000001bb5b290e6c sp=0x000000349c6fcd70
Event: 144.822 Thread 0x000001bb7593a480 DEOPT UNPACKING pc=0x000001bb5aa169a3 sp=0x000000349c6fcd40 mode 2
Event: 145.864 Thread 0x000001bb7593f180 Uncommon trap: trap_request=0xffffffde fr.pc=0x000001bb5b1bb598 relative=0x0000000000000078
Event: 145.864 Thread 0x000001bb7593f180 Uncommon trap: reason=class_check action=maybe_recompile pc=0x000001bb5b1bb598 method=java.io.FilterInputStream.read([BII)I @ 7 c2
Event: 145.864 Thread 0x000001bb7593f180 DEOPT PACKING pc=0x000001bb5b1bb598 sp=0x000000349a3fed10
Event: 145.864 Thread 0x000001bb7593f180 DEOPT UNPACKING pc=0x000001bb5aa169a3 sp=0x000000349a3fec98 mode 2

Classes unloaded (0 events):
No events

Classes redefined (0 events):
No events

Internal exceptions (20 events):
Event: 141.533 Thread 0x000001bb75939ae0 Exception <a 'java/io/FileNotFoundException'{0x000000071a3c50d0}> (0x000000071a3c50d0) 
thrown [s\src\hotspot\share\prims\jni.cpp, line 516]
Event: 141.616 Thread 0x000001bb75939ae0 Exception <a 'java/lang/NoSuchMethodError'{0x000000071d9d7a98}: 'int java.lang.invoke.DirectMethodHandle$Holder.invokeStatic(java.lang.Object, java.lang.Object, java.lang.Object, java.lang.Object, java.lang.Object)'> (0x000000071d9d7a98) 
thrown [s\src\hotspot\share\interpreter\linkResolver.cpp, line 759]
Event: 141.738 Thread 0x000001bb7593c160 Exception <a 'java/lang/NoSuchMethodError'{0x000000071aa083e0}: 'java.lang.Object java.lang.invoke.DirectMethodHandle$Holder.invokeStatic(java.lang.Object, int, int)'> (0x000000071aa083e0) 
thrown [s\src\hotspot\share\interpreter\linkResolver.cpp, line 759]
Event: 141.991 Thread 0x000001bb759387a0 Implicit null exception at 0x000001bb5b0be404 to 0x000001bb5b0bf510
Event: 142.061 Thread 0x000001bb75939fb0 Exception <a 'java/lang/NoSuchMethodError'{0x00000007195e2bd8}: 'java.lang.Object java.lang.invoke.DirectMethodHandle$Holder.invokeStaticInit(java.lang.Object, java.lang.Object, int)'> (0x00000007195e2bd8) 
thrown [s\src\hotspot\share\interpreter\linkResolver.cpp, line 759]
Event: 142.079 Thread 0x000001bb75939fb0 Exception <a 'sun/nio/fs/WindowsException'{0x000000071923ac90}> (0x000000071923ac90) 
thrown [s\src\hotspot\share\prims\jni.cpp, line 516]
Event: 142.396 Thread 0x000001bb75939fb0 Exception <a 'java/lang/NoSuchMethodError'{0x00000007181de420}: 'void java.lang.invoke.DirectMethodHandle$Holder.invokeStatic(java.lang.Object, java.lang.Object, java.lang.Object, java.lang.Object, java.lang.Object, java.lang.Object, java.lang.Object)'> (0x00000007181de420) 
thrown [s\src\hotspot\share\interpreter\linkResolver.cpp, line 759]
Event: 142.476 Thread 0x000001bb7593a480 Exception <a 'java/lang/NoSuchMethodError'{0x0000000717cde390}: 'java.lang.Object java.lang.invoke.DirectMethodHandle$Holder.invokeVirtual(java.lang.Object, java.lang.Object, int)'> (0x0000000717cde390) 
thrown [s\src\hotspot\share\interpreter\linkResolver.cpp, line 759]
Event: 142.505 Thread 0x000001bb7593a480 Exception <a 'java/lang/NoSuchMethodError'{0x0000000717816340}: 'java.lang.Object java.lang.invoke.DirectMethodHandle$Holder.invokeVirtual(java.lang.Object, java.lang.Object, java.lang.Object, double)'> (0x0000000717816340) 
thrown [s\src\hotspot\share\interpreter\linkResolver.cpp, line 759]
Event: 142.506 Thread 0x000001bb7593a480 Exception <a 'java/lang/NoSuchMethodError'{0x0000000717826508}: 'java.lang.Object java.lang.invoke.DirectMethodHandle$Holder.invokeVirtual(java.lang.Object, java.lang.Object, java.lang.Object, int)'> (0x0000000717826508) 
thrown [s\src\hotspot\share\interpreter\linkResolver.cpp, line 759]
Event: 142.506 Thread 0x000001bb7593a480 Exception <a 'java/lang/NoSuchMethodError'{0x000000071782e780}: 'int java.lang.invoke.DirectMethodHandle$Holder.invokeVirtual(java.lang.Object, java.lang.Object, java.lang.Object, int)'> (0x000000071782e780) 
thrown [s\src\hotspot\share\interpreter\linkResolver.cpp, line 759]
Event: 142.507 Thread 0x000001bb7593a480 Exception <a 'java/lang/NoSuchMethodError'{0x000000071783efa0}: 'java.lang.Object java.lang.invoke.DirectMethodHandle$Holder.invokeStaticInit(java.lang.Object, java.lang.Object, java.lang.Object, java.lang.Object, java.lang.Object)'> (0x000000071783efa0) 
thrown [s\src\hotspot\share\interpreter\linkResolver.cpp, line 759]
Event: 142.507 Thread 0x000001bb7593a480 Exception <a 'java/lang/NoSuchMethodError'{0x0000000717847890}: 'void java.lang.invoke.DirectMethodHandle$Holder.invokeStaticInit(java.lang.Object, java.lang.Object, java.lang.Object, java.lang.Object)'> (0x0000000717847890) 
thrown [s\src\hotspot\share\interpreter\linkResolver.cpp, line 759]
Event: 142.512 Thread 0x000001bb7593a480 Exception <a 'java/lang/NoSuchMethodError'{0x0000000717895518}: 'int java.lang.invoke.DirectMethodHandle$Holder.invokeVirtual(java.lang.Object, java.lang.Object, java.lang.Object, java.lang.Object)'> (0x0000000717895518) 
thrown [s\src\hotspot\share\interpreter\linkResolver.cpp, line 759]
Event: 142.514 Thread 0x000001bb7593a480 Exception <a 'java/lang/NoSuchMethodError'{0x00000007178bf1a0}: 'void java.lang.invoke.DirectMethodHandle$Holder.invokeInterface(java.lang.Object, java.lang.Object)'> (0x00000007178bf1a0) 
thrown [s\src\hotspot\share\interpreter\linkResolver.cpp, line 759]
Event: 142.559 Thread 0x000001bb7593a480 Exception <a 'java/lang/IncompatibleClassChangeError'{0x00000007176ebbb0}: Found class java.lang.Object, but interface was expected> (0x00000007176ebbb0) 
thrown [s\src\hotspot\share\interpreter\linkResolver.cpp, line 826]
Event: 142.560 Thread 0x000001bb7593a480 Exception <a 'java/lang/IncompatibleClassChangeError'{0x00000007176eee18}: Found class java.lang.Object, but interface was expected> (0x00000007176eee18) 
thrown [s\src\hotspot\share\interpreter\linkResolver.cpp, line 826]
Event: 142.590 Thread 0x000001bb7593a480 Exception <a 'java/lang/NoSuchMethodError'{0x000000071746af90}: 'void java.lang.invoke.DirectMethodHandle$Holder.invokeSpecial(java.lang.Object, java.lang.Object, int, java.lang.Object)'> (0x000000071746af90) 
thrown [s\src\hotspot\share\interpreter\linkResolver.cpp, line 759]
Event: 142.596 Thread 0x000001bb757afb90 Exception <a 'java/lang/NoSuchMethodError'{0x0000000718de7a38}: 'int java.lang.invoke.DirectMethodHandle$Holder.invokeStatic(java.lang.Object, int, java.lang.Object)'> (0x0000000718de7a38) 
thrown [s\src\hotspot\share\interpreter\linkResolver.cpp, line 759]
Event: 144.802 Thread 0x000001bb7593a480 Exception <a 'java/lang/IncompatibleClassChangeError'{0x00000007142800d8}: Found class java.lang.Object, but interface was expected> (0x00000007142800d8) 
thrown [s\src\hotspot\share\interpreter\linkResolver.cpp, line 826]

VM Operations (20 events):
Event: 142.529 Executing VM operation: ICBufferFull
Event: 142.530 Executing VM operation: ICBufferFull done
Event: 142.622 Executing VM operation: HandshakeAllThreads
Event: 142.622 Executing VM operation: HandshakeAllThreads done
Event: 142.777 Executing VM operation: ICBufferFull
Event: 142.777 Executing VM operation: ICBufferFull done
Event: 142.905 Executing VM operation: HandshakeAllThreads
Event: 142.906 Executing VM operation: HandshakeAllThreads done
Event: 143.911 Executing VM operation: Cleanup
Event: 143.911 Executing VM operation: Cleanup done
Event: 144.925 Executing VM operation: Cleanup
Event: 144.925 Executing VM operation: Cleanup done
Event: 145.940 Executing VM operation: Cleanup
Event: 145.940 Executing VM operation: Cleanup done
Event: 147.950 Executing VM operation: Cleanup
Event: 147.950 Executing VM operation: Cleanup done
Event: 149.246 Executing VM operation: HandshakeAllThreads
Event: 149.246 Executing VM operation: HandshakeAllThreads done
Event: 149.246 Executing VM operation: Cleanup
Event: 149.246 Executing VM operation: Cleanup done

Events (20 events):
Event: 149.288 loading class sun/awt/dnd/SunDragSourceContextPeer
Event: 149.288 loading class java/awt/dnd/peer/DragSourceContextPeer
Event: 149.288 loading class java/awt/dnd/peer/DragSourceContextPeer done
Event: 149.288 loading class sun/awt/dnd/SunDragSourceContextPeer done
Event: 149.288 loading class java/awt/EventQueue$4
Event: 149.288 loading class java/awt/EventQueue$4 done
Event: 149.288 loading class java/awt/MenuComponent
Event: 149.289 loading class java/awt/MenuComponent done
Event: 149.289 loading class java/awt/TrayIcon
Event: 149.289 loading class java/awt/TrayIcon done
Event: 149.289 loading class java/awt/event/InputEvent
Event: 149.289 loading class java/awt/event/ComponentEvent
Event: 149.289 loading class java/awt/event/ComponentEvent done
Event: 149.289 loading class java/awt/event/InputEvent done
Event: 149.289 loading class java/awt/event/InputMethodEvent
Event: 149.289 loading class java/awt/event/InputMethodEvent done
Event: 149.289 loading class java/awt/event/ActionEvent
Event: 149.289 loading class java/awt/event/ActionEvent done
Event: 149.336 loading class sun/misc/Unsafe
Event: 149.336 loading class sun/misc/Unsafe done


Dynamic libraries:
0x00007ff69cac0000 - 0x00007ff69cace000 	C:\Documenti\UniBG\Programmi\tools_x_tvsw_2023\asmeta_eclipse\eclipse_latest\plugins\org.eclipse.justj.openjdk.hotspot.jre.full.win32.x86_64_17.0.7.v20230425-1502\jre\bin\javaw.exe
0x00007fffa43c0000 - 0x00007fffa4623000 	C:\WINDOWS\SYSTEM32\ntdll.dll
0x00007fffa3dc0000 - 0x00007fffa3e87000 	C:\WINDOWS\System32\KERNEL32.DLL
0x00007fffa1a40000 - 0x00007fffa1df0000 	C:\WINDOWS\System32\KERNELBASE.dll
0x00007fffa17c0000 - 0x00007fffa190b000 	C:\WINDOWS\System32\ucrtbase.dll
0x00007fff98410000 - 0x00007fff98427000 	C:\Documenti\UniBG\Programmi\tools_x_tvsw_2023\asmeta_eclipse\eclipse_latest\plugins\org.eclipse.justj.openjdk.hotspot.jre.full.win32.x86_64_17.0.7.v20230425-1502\jre\bin\jli.dll
0x00007fff9ee20000 - 0x00007fff9ee39000 	C:\Documenti\UniBG\Programmi\tools_x_tvsw_2023\asmeta_eclipse\eclipse_latest\plugins\org.eclipse.justj.openjdk.hotspot.jre.full.win32.x86_64_17.0.7.v20230425-1502\jre\bin\VCRUNTIME140.dll
0x00007fffa3e90000 - 0x00007fffa4053000 	C:\WINDOWS\System32\USER32.dll
0x00007fff98430000 - 0x00007fff986c0000 	C:\WINDOWS\WinSxS\amd64_microsoft.windows.common-controls_6595b64144ccf1df_6.0.26100.1882_none_3e0e949ae32eca40\COMCTL32.dll
0x00007fffa2040000 - 0x00007fffa2067000 	C:\WINDOWS\System32\win32u.dll
0x00007fffa3a30000 - 0x00007fffa3ad9000 	C:\WINDOWS\System32\msvcrt.dll
0x00007fffa2320000 - 0x00007fffa234a000 	C:\WINDOWS\System32\GDI32.dll
0x00007fffa2070000 - 0x00007fffa2193000 	C:\WINDOWS\System32\gdi32full.dll
0x00007fffa1990000 - 0x00007fffa1a33000 	C:\WINDOWS\System32\msvcp_win.dll
0x00007fffa2fe0000 - 0x00007fffa300f000 	C:\WINDOWS\System32\IMM32.DLL
0x00007fff9ee60000 - 0x00007fff9ee6c000 	C:\Documenti\UniBG\Programmi\tools_x_tvsw_2023\asmeta_eclipse\eclipse_latest\plugins\org.eclipse.justj.openjdk.hotspot.jre.full.win32.x86_64_17.0.7.v20230425-1502\jre\bin\vcruntime140_1.dll
0x00007fff89680000 - 0x00007fff89711000 	C:\Documenti\UniBG\Programmi\tools_x_tvsw_2023\asmeta_eclipse\eclipse_latest\plugins\org.eclipse.justj.openjdk.hotspot.jre.full.win32.x86_64_17.0.7.v20230425-1502\jre\bin\msvcp140.dll
0x00007fff46c50000 - 0x00007fff47898000 	C:\Documenti\UniBG\Programmi\tools_x_tvsw_2023\asmeta_eclipse\eclipse_latest\plugins\org.eclipse.justj.openjdk.hotspot.jre.full.win32.x86_64_17.0.7.v20230425-1502\jre\bin\server\jvm.dll
0x00007fffa40e0000 - 0x00007fffa4194000 	C:\WINDOWS\System32\ADVAPI32.dll
0x00007fffa3850000 - 0x00007fffa38f6000 	C:\WINDOWS\System32\sechost.dll
0x00007fffa3910000 - 0x00007fffa3a26000 	C:\WINDOWS\System32\RPCRT4.dll
0x00007fff9c1c0000 - 0x00007fff9c1cb000 	C:\WINDOWS\SYSTEM32\VERSION.dll
0x00007fff9eda0000 - 0x00007fff9edaa000 	C:\WINDOWS\SYSTEM32\WSOCK32.dll
0x00007fff9c180000 - 0x00007fff9c1b6000 	C:\WINDOWS\SYSTEM32\WINMM.dll
0x00007fffa4060000 - 0x00007fffa40d4000 	C:\WINDOWS\System32\WS2_32.dll
0x00007fffa0620000 - 0x00007fffa063a000 	C:\WINDOWS\SYSTEM32\kernel.appcore.dll
0x00007fff9ee10000 - 0x00007fff9ee1a000 	C:\Documenti\UniBG\Programmi\tools_x_tvsw_2023\asmeta_eclipse\eclipse_latest\plugins\org.eclipse.justj.openjdk.hotspot.jre.full.win32.x86_64_17.0.7.v20230425-1502\jre\bin\jimage.dll
0x00007fff90380000 - 0x00007fff905c1000 	C:\WINDOWS\SYSTEM32\DBGHELP.DLL
0x00007fffa2c60000 - 0x00007fffa2fdc000 	C:\WINDOWS\System32\combase.dll
0x00007fffa3ae0000 - 0x00007fffa3bb6000 	C:\WINDOWS\System32\OLEAUT32.dll
0x00007fff8d270000 - 0x00007fff8d2a9000 	C:\WINDOWS\SYSTEM32\dbgcore.DLL
0x00007fffa21a0000 - 0x00007fffa2239000 	C:\WINDOWS\System32\bcryptPrimitives.dll
0x00007fff91430000 - 0x00007fff91455000 	C:\Documenti\UniBG\Programmi\tools_x_tvsw_2023\asmeta_eclipse\eclipse_latest\plugins\org.eclipse.justj.openjdk.hotspot.jre.full.win32.x86_64_17.0.7.v20230425-1502\jre\bin\java.dll
0x00007fff91140000 - 0x00007fff91158000 	C:\Documenti\UniBG\Programmi\tools_x_tvsw_2023\asmeta_eclipse\eclipse_latest\plugins\org.eclipse.justj.openjdk.hotspot.jre.full.win32.x86_64_17.0.7.v20230425-1502\jre\bin\zip.dll
0x00007fffa2560000 - 0x00007fffa2c58000 	C:\WINDOWS\System32\SHELL32.dll
0x00007fff9f5d0000 - 0x00007fff9fdfa000 	C:\WINDOWS\SYSTEM32\windows.storage.dll
0x00007fffa3770000 - 0x00007fffa3843000 	C:\WINDOWS\System32\SHCORE.dll
0x00007fffa3d60000 - 0x00007fffa3dbd000 	C:\WINDOWS\System32\shlwapi.dll
0x00007fffa16e0000 - 0x00007fffa1709000 	C:\WINDOWS\SYSTEM32\profapi.dll
0x00007fff91120000 - 0x00007fff91139000 	C:\Documenti\UniBG\Programmi\tools_x_tvsw_2023\asmeta_eclipse\eclipse_latest\plugins\org.eclipse.justj.openjdk.hotspot.jre.full.win32.x86_64_17.0.7.v20230425-1502\jre\bin\net.dll
0x00007fff96dd0000 - 0x00007fff96ef6000 	C:\WINDOWS\SYSTEM32\WINHTTP.dll
0x00007fffa0b20000 - 0x00007fffa0b88000 	C:\WINDOWS\system32\mswsock.dll
0x00007fff91100000 - 0x00007fff91115000 	C:\Documenti\UniBG\Programmi\tools_x_tvsw_2023\asmeta_eclipse\eclipse_latest\plugins\org.eclipse.justj.openjdk.hotspot.jre.full.win32.x86_64_17.0.7.v20230425-1502\jre\bin\nio.dll
0x00007fff955d0000 - 0x00007fff955d9000 	C:\Documenti\UniBG\Programmi\tools_x_tvsw_2023\asmeta_eclipse\eclipse_latest\plugins\org.eclipse.justj.openjdk.hotspot.jre.full.win32.x86_64_17.0.7.v20230425-1502\jre\bin\management.dll
0x00007fff94000000 - 0x00007fff9400b000 	C:\Documenti\UniBG\Programmi\tools_x_tvsw_2023\asmeta_eclipse\eclipse_latest\plugins\org.eclipse.justj.openjdk.hotspot.jre.full.win32.x86_64_17.0.7.v20230425-1502\jre\bin\management_ext.dll
0x00007fffa2550000 - 0x00007fffa2558000 	C:\WINDOWS\System32\PSAPI.DLL
0x00007fff92340000 - 0x00007fff9234e000 	C:\Documenti\UniBG\Programmi\tools_x_tvsw_2023\asmeta_eclipse\eclipse_latest\plugins\org.eclipse.justj.openjdk.hotspot.jre.full.win32.x86_64_17.0.7.v20230425-1502\jre\bin\sunmscapi.dll
0x00007fffa1e00000 - 0x00007fffa1f76000 	C:\WINDOWS\System32\CRYPT32.dll
0x00007fffa0f50000 - 0x00007fffa0f80000 	C:\WINDOWS\SYSTEM32\ncrypt.dll
0x00007fffa0f00000 - 0x00007fffa0f3f000 	C:\WINDOWS\SYSTEM32\NTASN1.dll
0x00007fffa0dc0000 - 0x00007fffa0ddc000 	C:\WINDOWS\SYSTEM32\CRYPTSP.dll
0x00007fffa0580000 - 0x00007fffa05b8000 	C:\WINDOWS\system32\rsaenh.dll
0x00007fffa0bc0000 - 0x00007fffa0beb000 	C:\WINDOWS\SYSTEM32\USERENV.dll
0x00007fffa0f90000 - 0x00007fffa0fb6000 	C:\WINDOWS\SYSTEM32\bcrypt.dll
0x00007fffa0de0000 - 0x00007fffa0dec000 	C:\WINDOWS\SYSTEM32\CRYPTBASE.dll
0x00007fffa0010000 - 0x00007fffa0041000 	C:\WINDOWS\SYSTEM32\IPHLPAPI.DLL
0x00007fffa3760000 - 0x00007fffa376a000 	C:\WINDOWS\System32\NSI.dll
0x00007fff96f80000 - 0x00007fff96f9e000 	C:\WINDOWS\SYSTEM32\dhcpcsvc6.DLL
0x00007fff96f00000 - 0x00007fff96f25000 	C:\WINDOWS\SYSTEM32\dhcpcsvc.DLL
0x00007fffa00a0000 - 0x00007fffa01bf000 	C:\WINDOWS\SYSTEM32\DNSAPI.dll
0x00007fff90210000 - 0x00007fff90220000 	C:\Documenti\UniBG\Programmi\tools_x_tvsw_2023\asmeta_eclipse\eclipse_latest\plugins\org.eclipse.justj.openjdk.hotspot.jre.full.win32.x86_64_17.0.7.v20230425-1502\jre\bin\verify.dll
0x00007fff8c1a0000 - 0x00007fff8c1e5000 	C:\Users\giona\AppData\Local\Temp\jna-98360896\jna14709784432899056551.dll
0x00007fffa23b0000 - 0x00007fffa2549000 	C:\WINDOWS\System32\Ole32.dll
0x00007fffa3680000 - 0x00007fffa3728000 	C:\WINDOWS\System32\clbcatq.dll
0x00007fff8bc90000 - 0x00007fff8bcad000 	C:\WINDOWS\SYSTEM32\amsi.dll
0x00007fff8a880000 - 0x00007fff8a901000 	C:\ProgramData\Microsoft\Windows Defender\Platform\4.18.24080.9-0\MpOav.dll
0x00007fff7ee50000 - 0x00007fff7ee58000 	C:\WINDOWS\system32\wshunix.dll
0x00007fff96dc0000 - 0x00007fff96dcb000 	C:\Windows\System32\rasadhlp.dll
0x00007fff97040000 - 0x00007fff970c6000 	C:\WINDOWS\System32\fwpuclnt.dll
0x00007fff73db0000 - 0x00007fff73f3e000 	C:\Documenti\UniBG\Programmi\tools_x_tvsw_2023\asmeta_eclipse\eclipse_latest\plugins\org.eclipse.justj.openjdk.hotspot.jre.full.win32.x86_64_17.0.7.v20230425-1502\jre\bin\awt.dll
0x00007fff9e510000 - 0x00007fff9e5ac000 	C:\WINDOWS\SYSTEM32\apphelp.dll
0x00007fff1c8e0000 - 0x00007fff1d95b000 	C:\Documenti\UniBG\Tesi\BREATHE\breathe.web\target\classes\PulseJNI.dll
0x00007fff9eee0000 - 0x00007fff9ef8d000 	C:\WINDOWS\system32\uxtheme.dll
0x00007fffa41a0000 - 0x00007fffa42fb000 	C:\WINDOWS\System32\MSCTF.dll

dbghelp: loaded successfully - version: 4.0.5 - missing functions: none
symbol engine: initialized successfully - sym options: 0x614 - pdb path: .;C:\Documenti\UniBG\Programmi\tools_x_tvsw_2023\asmeta_eclipse\eclipse_latest\plugins\org.eclipse.justj.openjdk.hotspot.jre.full.win32.x86_64_17.0.7.v20230425-1502\jre\bin;C:\WINDOWS\SYSTEM32;C:\WINDOWS\WinSxS\amd64_microsoft.windows.common-controls_6595b64144ccf1df_6.0.26100.1882_none_3e0e949ae32eca40;C:\Documenti\UniBG\Programmi\tools_x_tvsw_2023\asmeta_eclipse\eclipse_latest\plugins\org.eclipse.justj.openjdk.hotspot.jre.full.win32.x86_64_17.0.7.v20230425-1502\jre\bin\server;C:\Users\giona\AppData\Local\Temp\jna-98360896;C:\ProgramData\Microsoft\Windows Defender\Platform\4.18.24080.9-0;C:\Documenti\UniBG\Tesi\BREATHE\breathe.web\target\classes

VM Arguments:
jvm_args: -Dfile.encoding=UTF-8 -XX:+ShowCodeDetailsInExceptionMessages 
java_command: app.Main
java_class_path (initial): C:\Documenti\UniBG\Tesi\BREATHE\breathe.web\target\classes;C:\Users\giona\.m2\repository\com\vaadin\vaadin\24.4.13\vaadin-24.4.13.jar;C:\Users\giona\.m2\repository\com\vaadin\vaadin-internal\24.4.13\vaadin-internal-24.4.13.jar;C:\Users\giona\.m2\repository\com\vaadin\vaadin-core-internal\24.4.13\vaadin-core-internal-24.4.13.jar;C:\Users\giona\.m2\repository\com\vaadin\flow-lit-template\24.4.9\flow-lit-template-24.4.9.jar;C:\Users\giona\.m2\repository\com\vaadin\flow-react\24.4.9\flow-react-24.4.9.jar;C:\Users\giona\.m2\repository\com\vaadin\flow-html-components\24.4.9\flow-html-components-24.4.9.jar;C:\Users\giona\.m2\repository\com\vaadin\flow-data\24.4.9\flow-data-24.4.9.jar;C:\Users\giona\.m2\repository\com\vaadin\flow-dnd\24.4.9\flow-dnd-24.4.9.jar;C:\Users\giona\.m2\repository\com\vaadin\vaadin-lumo-theme\24.4.13\vaadin-lumo-theme-24.4.13.jar;C:\Users\giona\.m2\repository\com\vaadin\vaadin-material-theme\24.4.13\vaadin-material-theme-24.4.13.jar;C:\Users\giona\.m2\repository\com\vaadin\vaadin-accordion-flow\24.4.13\vaadin-accordion-flow-24.4.13.jar;C:\Users\giona\.m2\repository\com\vaadin\vaadin-avatar-flow\24.4.13\vaadin-avatar-flow-24.4.13.jar;C:\Users\giona\.m2\repository\com\vaadin\vaadin-button-flow\24.4.13\vaadin-button-flow-24.4.13.jar;C:\Users\giona\.m2\repository\com\vaadin\vaadin-checkbox-flow\24.4.13\vaadin-checkbox-flow-24.4.13.jar;C:\Users\giona\.m2\repository\com\vaadin\vaadin-combo-box-flow\24.4.13\vaadin-combo-box-flow-24.4.13.jar;C:\Users\giona\.m2\repository\com\vaadin\vaadin-confirm-dialog-flow\24.4.13\vaadin-confirm-dialog-flow-24.4.13.jar;C:\Users\giona\.m2\repository\com\vaadin\vaadin-custom-field-flow\24.4.13\vaadin-custom-field-flow-24.4.13.jar;C:\Users\giona\.m2\repository\com\vaadin\vaadin-date-picker-flow\24.4.13\vaadin-date-picker-flow-24.4.13.jar;C:\Users\giona\.m2\repository\com\vaadin\vaadin-date-time-picker-flow\24.4.13\vaadin-date-time-picker-flow-24.4.13.jar;C:\Users\giona\.m2\repository\com\vaadin\
Launcher Type: SUN_STANDARD

[Global flags]
     intx CICompilerCount                          = 4                                         {product} {ergonomic}
     uint ConcGCThreads                            = 3                                         {product} {ergonomic}
     uint G1ConcRefinementThreads                  = 10                                        {product} {ergonomic}
   size_t G1HeapRegionSize                         = 2097152                                   {product} {ergonomic}
    uintx GCDrainStackTargetSize                   = 64                                        {product} {ergonomic}
   size_t InitialHeapSize                          = 257949696                                 {product} {ergonomic}
   size_t MarkStackSize                            = 4194304                                   {product} {ergonomic}
   size_t MaxHeapSize                              = 4120903680                                {product} {ergonomic}
   size_t MaxNewSize                               = 2472542208                                {product} {ergonomic}
   size_t MinHeapDeltaBytes                        = 2097152                                   {product} {ergonomic}
   size_t MinHeapSize                              = 8388608                                   {product} {ergonomic}
    uintx NonNMethodCodeHeapSize                   = 5839372                                {pd product} {ergonomic}
    uintx NonProfiledCodeHeapSize                  = 122909434                              {pd product} {ergonomic}
    uintx ProfiledCodeHeapSize                     = 122909434                              {pd product} {ergonomic}
    uintx ReservedCodeCacheSize                    = 251658240                              {pd product} {ergonomic}
     bool SegmentedCodeCache                       = true                                      {product} {ergonomic}
     bool ShowCodeDetailsInExceptionMessages       = true                                   {manageable} {command line}
   size_t SoftMaxHeapSize                          = 4120903680                             {manageable} {ergonomic}
     bool UseCompressedClassPointers               = true                           {product lp64_product} {ergonomic}
     bool UseCompressedOops                        = true                           {product lp64_product} {ergonomic}
     bool UseG1GC                                  = true                                      {product} {ergonomic}
     bool UseLargePagesIndividualAllocation        = false                                  {pd product} {ergonomic}

Logging:
Log output configuration:
 #0: stdout all=warning uptime,level,tags
 #1: stderr all=off uptime,level,tags

Environment Variables:
PATH=C:/Documenti/UniBG/Programmi/eclipse-cpp-PA/eclipse//plugins/org.eclipse.justj.openjdk.hotspot.jre.full.win32.x86_64_17.0.4.v20220903-1038/jre/bin/server;C:/Documenti/UniBG/Programmi/eclipse-cpp-PA/eclipse//plugins/org.eclipse.justj.openjdk.hotspot.jre.full.win32.x86_64_17.0.4.v20220903-1038/jre/bin;C:\Documenti\UniBG\Programmi\eclipse-cpp-PA\MinGW\bin;C:\Program Files\Amazon Corretto\jdk1.8.0_422\bin;C:\Program Files\Common Files\Oracle\Java\javapath;C:\Program Files (x86)\Common Files\Oracle\Java\javapath;C:\WINDOWS\system32;C:\WINDOWS;C:\WINDOWS\System32\Wbem;C:\WINDOWS\System32\WindowsPowerShell\v1.0\;C:\WINDOWS\System32\OpenSSH\;C:\Program Files\Git\cmd;C:\Users\giona\Downloads\apache-maven-3.9.8-bin\apache-maven-3.9.8\bin;C:\Program Files\Java\jdk-11\bin;C:\Program Files (x86)\Java\jre1.8.0_351\bin;C:\Program Files\CMake\bin;C:\Program Files (x86)\Windows Kits\10\Windows Performance Toolkit\;C:\Program Files (x86)\GnuWin32\bin;C:\MinGW\bin;C:\Documenti\UniBG\Tesi\Pulse\Engine\builds\install\bin\;C:\Users\giona\AppData\Local\Programs\Python\Launcher\;C:\Users\giona\AppData\Local\Microsoft\WindowsApps;C:\Users\giona\AppData\Local\Programs\Microsoft VS Code\bin;C:\Users\giona\AppData\Local\GitHubDesktop\bin; ;C:\Documenti\UniBG\Programmi\eclipse-cpp-PA;
USERNAME=giona
OS=Windows_NT
PROCESSOR_IDENTIFIER=AMD64 Family 25 Model 80 Stepping 0, AuthenticAMD
TMP=C:\Users\giona\AppData\Local\Temp
TEMP=C:\Users\giona\AppData\Local\Temp



---------------  S Y S T E M  ---------------

OS:
 Windows 11 , 64 bit Build 26100 (10.0.26100.1882)
OS uptime: 3 days 22:31 hours
Hyper-V role detected

CPU: total 12 (initial active 12) (12 cores per cpu, 2 threads per core) family 25 model 80 stepping 0 microcode 0xa50000f, cx8, cmov, fxsr, ht, mmx, 3dnowpref, sse, sse2, sse3, ssse3, sse4a, sse4.1, sse4.2, popcnt, lzcnt, tsc, tscinvbit, avx, avx2, aes, erms, clmul, bmi1, bmi2, adx, sha, fma, vzeroupper, clflush, clflushopt, hv

Memory: 4k page, system-wide physical 15712M (5031M free)
TotalPageFile size 16736M (AvailPageFile size 3453M)
current process WorkingSet (physical memory assigned to process): 536M, peak: 577M
current process commit charge ("private bytes"): 562M, peak: 665M

vm_info: OpenJDK 64-Bit Server VM (17.0.7+7) for windows-amd64 JRE (17.0.7+7), built on Apr 18 2023 22:10:42 by "temurin" with MS VC++ 16.7 (VS2019)

END.
