#
# A fatal error has been detected by the Java Runtime Environment:
#
#  EXCEPTION_ACCESS_VIOLATION (0xc0000005) at pc=0x00007ffa10ad7fd0, pid=1600, tid=21200
#
# JRE version: OpenJDK Runtime Environment Temurin-17.0.7+7 (17.0.7+7) (build 17.0.7+7)
# Java VM: OpenJDK 64-Bit Server VM Temurin-17.0.7+7 (17.0.7+7, mixed mode, tiered, compressed oops, compressed class ptrs, g1 gc, windows-amd64)
# Problematic frame:
# C  [PulseJNI.dll+0x297fd0]
#
# No core dump will be written. Minidumps are not enabled by default on client versions of Windows
#
# If you would like to submit a bug report, please visit:
#   https://github.com/adoptium/adoptium-support/issues
# The crash happened outside the Java Virtual Machine in native code.
# See problematic frame for where to report the bug.
#

---------------  S U M M A R Y ------------

Command Line: -Dfile.encoding=UTF-8 -XX:+ShowCodeDetailsInExceptionMessages app.Main

Host: AMD Ryzen 7 5825U with Radeon Graphics         , 16 cores, 15G,  Windows 11 , 64 bit Build 22621 (10.0.22621.3958)
Time: Sun Oct 20 10:41:35 2024 ora legale Europa occidentale elapsed time: 3327.312387 seconds (0d 0h 55m 27s)

---------------  T H R E A D  ---------------

Current thread (0x000001f6bd854b90):  JavaThread "SwingWorker-pool-2-thread-1" daemon [_thread_in_native, id=21200, stack(0x0000000b9aa00000,0x0000000b9ab00000)]

Stack: [0x0000000b9aa00000,0x0000000b9ab00000],  sp=0x0000000b9aafdae0,  free space=1014k
Native frames: (J=compiled Java code, j=interpreted, Vv=VM code, C=native code)
C  [PulseJNI.dll+0x297fd0]

Java frames: (J=compiled Java code, j=interpreted, Vv=VM code)
j  com.kitware.pulse.engine.PulseEngine.nativeInitializeEngine(JLjava/lang/String;Ljava/lang/String;I)Z+0
j  com.kitware.pulse.engine.PulseEngine.initializeEngine(Lcom/kitware/pulse/cdm/engine/SEPatientConfiguration;Lcom/kitware/pulse/cdm/engine/SEDataRequestManager;)Z+39
j  app.SimulationWorker.doInBackground()Ljava/lang/Void;+24
j  app.SimulationWorker.doInBackground()Ljava/lang/Object;+1
j  javax.swing.SwingWorker$1.call()Ljava/lang/Object;+14 java.desktop@17.0.7
J 16717 c1 java.util.concurrent.FutureTask.run()V java.base@17.0.7 (123 bytes) @ 0x000001f69d4b484c [0x000001f69d4b40a0+0x00000000000007ac]
j  javax.swing.SwingWorker.run()V+4 java.desktop@17.0.7
J 15250 c1 java.util.concurrent.ThreadPoolExecutor.runWorker(Ljava/util/concurrent/ThreadPoolExecutor$Worker;)V java.base@17.0.7 (187 bytes) @ 0x000001f69d13b6e4 [0x000001f69d13adc0+0x0000000000000924]
J 15249 c1 java.util.concurrent.ThreadPoolExecutor$Worker.run()V java.base@17.0.7 (9 bytes) @ 0x000001f69d13a8c4 [0x000001f69d13a840+0x0000000000000084]
J 13185 c1 java.lang.Thread.run()V java.base@17.0.7 (17 bytes) @ 0x000001f69ba4e684 [0x000001f69ba4e540+0x0000000000000144]
v  ~StubRoutines::call_stub

siginfo: EXCEPTION_ACCESS_VIOLATION (0xc0000005), reading address 0x0000000000000000


Register to memory mapping:

RIP=0x00007ffa10ad7fd0 PulseJNI.dll
RAX=0x0 is NULL
RBX={method} {0x000001f6cb4c40c8} 'nativeInitializeEngine' '(JLjava/lang/String;Ljava/lang/String;I)Z' in 'com/kitware/pulse/engine/PulseEngine'
RCX=0x000001f6c0c57d00 points into unknown readable memory: 0x00007ffa113a0f60 | 60 0f 3a 11 fa 7f 00 00
RDX=0x0 is NULL
RSP=0x0000000b9aafdae0 is pointing into the stack for thread: 0x000001f6bd854b90
RBP=0x0000000b9aafeaf8 is pointing into the stack for thread: 0x000001f6bd854b90
RSI=3813404521 is a compressed pointer to object: [B 
{0x000000071a5f7b48} - klass: {type array byte}
 - length: 753
RDI=3813404029 is a compressed pointer to object: [B 
{0x000000071a5f6be8} - klass: {type array byte}
 - length: 1150
R8 =0x00007ffa117f5100 PulseJNI.dll
R9 =0x0000000000000001 is an unknown value
R10=0x0000000000000003 is an unknown value
R11=0x0000000b9aafd780 is pointing into the stack for thread: 0x000001f6bd854b90
R12=0x0 is NULL
R13=0x000001f6ca8e9c78 is pointing into metadata
R14=0x0000000b9aafeb40 is pointing into the stack for thread: 0x000001f6bd854b90
R15=0x000001f6bd854b90 is a thread


Registers:
RAX=0x0000000000000000, RBX=0x000001f6cb4c40c0, RCX=0x000001f6c0c57d00, RDX=0x0000000000000000
RSP=0x0000000b9aafdae0, RBP=0x0000000b9aafeaf8, RSI=0x00000000e34bef69, RDI=0x00000000e34bed7d
R8 =0x00007ffa117f5100, R9 =0x0000000000000001, R10=0x0000000000000003, R11=0x0000000b9aafd780
R12=0x0000000000000000, R13=0x000001f6ca8e9c78, R14=0x0000000b9aafeb40, R15=0x000001f6bd854b90
RIP=0x00007ffa10ad7fd0, EFLAGS=0x0000000000010246

Top of Stack: (sp=0x0000000b9aafdae0)
0x0000000b9aafdae0:   000001f6c0c57d00 0000000000000000
0x0000000b9aafdaf0:   00007ffa1086dae0 000000000000000f
0x0000000b9aafdb00:   00007ffa10b28a70 00007ffa108683a0
0x0000000b9aafdb10:   0000000000000000 000000000000000f
0x0000000b9aafdb20:   6c616e7265746e00 000000006e696b53
0x0000000b9aafdb30:   0000000000000000 000000000000000f
0x0000000b9aafdb40:   000001f6be13ed00 0000000000000000
0x0000000b9aafdb50:   00007ffa1086c230 00007ffa108655f0
0x0000000b9aafdb60:   00007ffa108655f0 00007ffa108655f0
0x0000000b9aafdb70:   00007ffa1086cbf0 00007ffa10b2896b
0x0000000b9aafdb80:   000001f6c0c57d00 0000000000000000
0x0000000b9aafdb90:   0000000000000000 000000000000000f
0x0000000b9aafdba0:   6c616e7265747800 000000006e696b53
0x0000000b9aafdbb0:   00007ffa10b28a70 000000000000000f
0x0000000b9aafdbc0:   6c616e7265746e00 0000000065726f43
0x0000000b9aafdbd0:   0000000000000000 00007ffa10b284ae 

Instructions: (pc=0x00007ffa10ad7fd0)
0x00007ffa10ad7ed0:   28 e8 6a b5 d7 ff 48 89 44 24 20 48 8b 4c 24 28
0x00007ffa10ad7ee0:   e8 7b b5 d7 ff 48 89 44 24 30 eb 0e 48 8b 44 24
0x00007ffa10ad7ef0:   20 48 83 c0 08 48 89 44 24 20 48 8b 44 24 30 48
0x00007ffa10ad7f00:   39 44 24 20 74 1f 48 8b 44 24 20 48 8b 00 48 89
0x00007ffa10ad7f10:   44 24 38 48 8b 44 24 58 48 39 44 24 38 75 04 b0
0x00007ffa10ad7f20:   01 eb 04 eb c7 32 c0 48 83 c4 48 c3 cc cc cc cc
0x00007ffa10ad7f30:   cc cc cc cc cc cc cc cc cc cc cc cc cc cc cc cc
0x00007ffa10ad7f40:   48 89 4c 24 08 48 8b 44 24 08 48 83 c0 48 c3 cc
0x00007ffa10ad7f50:   cc cc cc cc cc cc cc cc cc cc cc cc cc cc cc cc
0x00007ffa10ad7f60:   48 89 4c 24 08 48 8b 44 24 08 48 83 c0 60 c3 cc
0x00007ffa10ad7f70:   cc cc cc cc cc cc cc cc cc cc cc cc cc cc cc cc
0x00007ffa10ad7f80:   48 89 54 24 10 48 89 4c 24 08 48 81 ec 98 00 00
0x00007ffa10ad7f90:   00 48 8b 84 24 a0 00 00 00 48 8b 00 48 8b 80 d0
0x00007ffa10ad7fa0:   00 00 00 48 89 44 24 20 48 8b 94 24 a8 00 00 00
0x00007ffa10ad7fb0:   48 8b 8c 24 a0 00 00 00 ff 54 24 20 0f b6 c0 85
0x00007ffa10ad7fc0:   c0 74 05 e9 5c 01 00 00 48 8b 84 24 a8 00 00 00
0x00007ffa10ad7fd0:   48 8b 00 48 8b 8c 24 a8 00 00 00 ff 90 b0 00 00
0x00007ffa10ad7fe0:   00 83 f8 03 75 5e 48 8b 84 24 a0 00 00 00 48 83
0x00007ffa10ad7ff0:   c0 78 48 89 44 24 30 48 8b 84 24 a8 00 00 00 48
0x00007ffa10ad8000:   89 44 24 28 48 8d 54 24 28 48 8b 4c 24 30 e8 bd
0x00007ffa10ad8010:   8e da ff 90 48 8b 84 24 a0 00 00 00 48 05 90 00
0x00007ffa10ad8020:   00 00 48 89 44 24 40 48 8b 84 24 a8 00 00 00 48
0x00007ffa10ad8030:   89 44 24 38 48 8d 54 24 38 48 8b 4c 24 40 e8 8d
0x00007ffa10ad8040:   8e da ff 90 48 8b 84 24 a8 00 00 00 48 8b 00 48
0x00007ffa10ad8050:   8b 8c 24 a8 00 00 00 ff 90 b0 00 00 00 83 f8 02
0x00007ffa10ad8060:   75 60 48 8b 84 24 a0 00 00 00 48 05 a8 00 00 00
0x00007ffa10ad8070:   48 89 44 24 50 48 8b 84 24 a8 00 00 00 48 89 44
0x00007ffa10ad8080:   24 48 48 8d 54 24 48 48 8b 4c 24 50 e8 3f 8e da
0x00007ffa10ad8090:   ff 90 48 8b 84 24 a0 00 00 00 48 05 c0 00 00 00
0x00007ffa10ad80a0:   48 89 44 24 60 48 8b 84 24 a8 00 00 00 48 89 44
0x00007ffa10ad80b0:   24 58 48 8d 54 24 58 48 8b 4c 24 60 e8 0f 8e da
0x00007ffa10ad80c0:   ff 90 48 8b 84 24 a0 00 00 00 48 83 c0 48 48 89 


Stack slot to memory mapping:
stack at sp + 0 slots: 0x000001f6c0c57d00 points into unknown readable memory: 0x00007ffa113a0f60 | 60 0f 3a 11 fa 7f 00 00
stack at sp + 1 slots: 0x0 is NULL
stack at sp + 2 slots: 0x00007ffa1086dae0 PulseJNI.dll
stack at sp + 3 slots: 0x000000000000000f is an unknown value
stack at sp + 4 slots: 0x00007ffa10b28a70 PulseJNI.dll
stack at sp + 5 slots: 0x00007ffa108683a0 PulseJNI.dll
stack at sp + 6 slots: 0x0 is NULL
stack at sp + 7 slots: 0x000000000000000f is an unknown value


---------------  P R O C E S S  ---------------

Threads class SMR info:
_java_thread_list=0x000001f6c41effa0, length=81, elements={
0x000001f6b6b11570, 0x000001f6b6afc6f0, 0x000001f6b6b1b250, 0x000001f6b6b1cb20,
0x000001f6b6b1d4d0, 0x000001f6b6b1e490, 0x000001f6b737a860, 0x000001f6b7383df0,
0x000001f6b738e7e0, 0x000001f6b7630010, 0x000001f6b75d7d20, 0x000001f6bcd33520,
0x000001f6bcd32b80, 0x000001f6bcd31370, 0x000001f6c13d1d60, 0x000001f6c13cf6e0,
0x000001f6c13ce870, 0x000001f6bcd321e0, 0x000001f6bfeaf1c0, 0x000001f6bd666c10,
0x000001f6bd66af70, 0x000001f6bfeb26b0, 0x000001f6bfeaf690, 0x000001f6bd66a100,
0x000001f6c13d1890, 0x000001f6bfeb5200, 0x000001f6bd66a5d0, 0x000001f6bfeb6a10,
0x000001f6bde2cc20, 0x000001f6c5cde600, 0x000001f6c5cdbf80, 0x000001f6c55073f0,
0x000001f6c55078c0, 0x000001f6c5508730, 0x000001f6c5507d90, 0x000001f6c5506f20,
0x000001f6c1203880, 0x000001f6bd853380, 0x000001f6c1202ee0, 0x000001f6c1203d50,
0x000001f6c1202540, 0x000001f6c1202070, 0x000001f6c1205a30, 0x000001f6c12033b0,
0x000001f6c1205560, 0x000001f6c1202a10, 0x000001f6c1204220, 0x000001f6c12046f0,
0x000001f6bdda9480, 0x000001f6bddaa2f0, 0x000001f6bd853850, 0x000001f6c7332c60,
0x000001f6c7332790, 0x000001f6bd853d20, 0x000001f6bdda8ae0, 0x000001f6bf074550,
0x000001f6bf074a20, 0x000001f6bf074ef0, 0x000001f6bf0753c0, 0x000001f6bf077570,
0x000001f6c1204bc0, 0x000001f6d112e080, 0x000001f6be419270, 0x000001f6be41a5b0,
0x000001f6c1205090, 0x000001f6c5508260, 0x000001f6bd8546c0, 0x000001f6bd8541f0,
0x000001f6c44eefe0, 0x000001f6c44ee170, 0x000001f6c44ed7d0, 0x000001f6c44efe50,
0x000001f6c44f0320, 0x000001f6c44f07f0, 0x000001f6c44edca0, 0x000001f6c0c27530,
0x000001f6bd854b90, 0x000001f6bd83a310, 0x000001f6bd83b180, 0x000001f6bd83a7e0,
0x000001f6c5cdbab0
}

Java Threads: ( => current thread )
  0x000001f6b6b11570 JavaThread "Reference Handler" daemon [_thread_blocked, id=12636, stack(0x0000000b96300000,0x0000000b96400000)]
  0x000001f6b6afc6f0 JavaThread "Finalizer" daemon [_thread_blocked, id=10036, stack(0x0000000b96400000,0x0000000b96500000)]
  0x000001f6b6b1b250 JavaThread "Signal Dispatcher" daemon [_thread_blocked, id=11396, stack(0x0000000b96500000,0x0000000b96600000)]
  0x000001f6b6b1cb20 JavaThread "Attach Listener" daemon [_thread_blocked, id=8928, stack(0x0000000b96600000,0x0000000b96700000)]
  0x000001f6b6b1d4d0 JavaThread "Service Thread" daemon [_thread_blocked, id=8224, stack(0x0000000b96700000,0x0000000b96800000)]
  0x000001f6b6b1e490 JavaThread "Monitor Deflation Thread" daemon [_thread_blocked, id=19816, stack(0x0000000b96800000,0x0000000b96900000)]
  0x000001f6b737a860 JavaThread "C2 CompilerThread0" daemon [_thread_blocked, id=14068, stack(0x0000000b96900000,0x0000000b96a00000)]
  0x000001f6b7383df0 JavaThread "C1 CompilerThread0" daemon [_thread_blocked, id=18576, stack(0x0000000b96a00000,0x0000000b96b00000)]
  0x000001f6b738e7e0 JavaThread "Sweeper thread" daemon [_thread_blocked, id=16412, stack(0x0000000b96b00000,0x0000000b96c00000)]
  0x000001f6b7630010 JavaThread "Notification Thread" daemon [_thread_blocked, id=2300, stack(0x0000000b96e00000,0x0000000b96f00000)]
  0x000001f6b75d7d20 JavaThread "Common-Cleaner" daemon [_thread_blocked, id=15296, stack(0x0000000b97000000,0x0000000b97100000)]
  0x000001f6bcd33520 JavaThread "JNA Cleaner" daemon [_thread_blocked, id=16068, stack(0x0000000b96d00000,0x0000000b96e00000)]
  0x000001f6bcd32b80 JavaThread "ForkJoinPool.commonPool-worker-1" daemon [_thread_blocked, id=18108, stack(0x0000000b98d00000,0x0000000b98e00000)]
  0x000001f6bcd31370 JavaThread "ForkJoinPool.commonPool-worker-3" daemon [_thread_blocked, id=20624, stack(0x0000000b98f00000,0x0000000b99000000)]
  0x000001f6c13d1d60 JavaThread "Live Reload Server" daemon [_thread_in_native, id=18416, stack(0x0000000b99600000,0x0000000b99700000)]
  0x000001f6c13cf6e0 JavaThread "DestroyJavaVM" [_thread_blocked, id=6288, stack(0x0000000b95c00000,0x0000000b95d00000)]
  0x000001f6c13ce870 JavaThread "Java2D Disposer" daemon [_thread_blocked, id=13660, stack(0x0000000b96c00000,0x0000000b96d00000)]
  0x000001f6bcd321e0 JavaThread "Live Reload #1" daemon [_thread_in_native, id=7560, stack(0x0000000b97800000,0x0000000b97900000)]
  0x000001f6bfeaf1c0 JavaThread "ForkJoinPool.commonPool-worker-5" daemon [_thread_blocked, id=2580, stack(0x0000000b98900000,0x0000000b98a00000)]
  0x000001f6bd666c10 JavaThread "ForkJoinPool.commonPool-worker-6" daemon [_thread_blocked, id=18296, stack(0x0000000b9a400000,0x0000000b9a500000)]
  0x000001f6bd66af70 JavaThread "ForkJoinPool.commonPool-worker-7" daemon [_thread_blocked, id=8436, stack(0x0000000b95900000,0x0000000b95a00000)]
  0x000001f6bfeb26b0 JavaThread "ForkJoinPool.commonPool-worker-8" daemon [_thread_blocked, id=3948, stack(0x0000000b9a300000,0x0000000b9a400000)]
  0x000001f6bfeaf690 JavaThread "ForkJoinPool.commonPool-worker-9" daemon [_thread_blocked, id=13436, stack(0x0000000b98700000,0x0000000b98800000)]
  0x000001f6bd66a100 JavaThread "ForkJoinPool.commonPool-worker-10" daemon [_thread_blocked, id=5772, stack(0x0000000b9a200000,0x0000000b9a300000)]
  0x000001f6c13d1890 JavaThread "ForkJoinPool.commonPool-worker-11" daemon [_thread_blocked, id=14352, stack(0x0000000b97100000,0x0000000b97200000)]
  0x000001f6bfeb5200 JavaThread "ForkJoinPool.commonPool-worker-12" daemon [_thread_blocked, id=14604, stack(0x0000000b9a000000,0x0000000b9a100000)]
  0x000001f6bd66a5d0 JavaThread "ForkJoinPool.commonPool-worker-13" daemon [_thread_blocked, id=16280, stack(0x0000000b97300000,0x0000000b97400000)]
  0x000001f6bfeb6a10 JavaThread "ForkJoinPool.commonPool-worker-29" daemon [_thread_blocked, id=5972, stack(0x0000000b95b00000,0x0000000b95c00000)]
  0x000001f6bde2cc20 JavaThread "ForkJoinPool.commonPool-worker-30" daemon [_thread_blocked, id=18068, stack(0x0000000b99e00000,0x0000000b99f00000)]
  0x000001f6c5cde600 JavaThread "ForkJoinPool.commonPool-worker-33" daemon [_thread_blocked, id=10632, stack(0x0000000b95a00000,0x0000000b95b00000)]
  0x000001f6c5cdbf80 JavaThread "ForkJoinPool.commonPool-worker-34" daemon [_thread_blocked, id=9708, stack(0x0000000b97200000,0x0000000b97300000)]
  0x000001f6c55073f0 JavaThread "Catalina-utility-1" [_thread_blocked, id=16372, stack(0x0000000b97a00000,0x0000000b97b00000)]
  0x000001f6c55078c0 JavaThread "Catalina-utility-2" [_thread_blocked, id=8820, stack(0x0000000b98600000,0x0000000b98700000)]
  0x000001f6c5508730 JavaThread "container-0" [_thread_blocked, id=3216, stack(0x0000000b98a00000,0x0000000b98b00000)]
  0x000001f6c5507d90 JavaThread "File Watcher" daemon [_thread_blocked, id=2276, stack(0x0000000b98c00000,0x0000000b98d00000)]
  0x000001f6c5506f20 JavaThread "Atmosphere-Scheduler-0" daemon [_thread_blocked, id=21260, stack(0x0000000b98e00000,0x0000000b98f00000)]
  0x000001f6c1203880 JavaThread "Atmosphere-Shared-0" daemon [_thread_blocked, id=21208, stack(0x0000000b99000000,0x0000000b99100000)]
  0x000001f6bd853380 JavaThread "Atmosphere-Scheduler-1" daemon [_thread_blocked, id=17348, stack(0x0000000b99100000,0x0000000b99200000)]
  0x000001f6c1202ee0 JavaThread "http-nio-8080-exec-1" daemon [_thread_blocked, id=11676, stack(0x0000000b99200000,0x0000000b99300000)]
  0x000001f6c1203d50 JavaThread "http-nio-8080-exec-2" daemon [_thread_blocked, id=15584, stack(0x0000000b99300000,0x0000000b99400000)]
  0x000001f6c1202540 JavaThread "http-nio-8080-exec-3" daemon [_thread_blocked, id=6752, stack(0x0000000b99400000,0x0000000b99500000)]
  0x000001f6c1202070 JavaThread "http-nio-8080-exec-4" daemon [_thread_blocked, id=11228, stack(0x0000000b99500000,0x0000000b99600000)]
  0x000001f6c1205a30 JavaThread "http-nio-8080-exec-5" daemon [_thread_blocked, id=17512, stack(0x0000000b99700000,0x0000000b99800000)]
  0x000001f6c12033b0 JavaThread "http-nio-8080-exec-6" daemon [_thread_blocked, id=12052, stack(0x0000000b99800000,0x0000000b99900000)]
  0x000001f6c1205560 JavaThread "http-nio-8080-exec-7" daemon [_thread_blocked, id=10540, stack(0x0000000b99900000,0x0000000b99a00000)]
  0x000001f6c1202a10 JavaThread "http-nio-8080-exec-8" daemon [_thread_blocked, id=12560, stack(0x0000000b99a00000,0x0000000b99b00000)]
  0x000001f6c1204220 JavaThread "http-nio-8080-exec-9" daemon [_thread_blocked, id=1968, stack(0x0000000b99b00000,0x0000000b99c00000)]
  0x000001f6c12046f0 JavaThread "http-nio-8080-exec-10" daemon [_thread_blocked, id=15324, stack(0x0000000b99c00000,0x0000000b99d00000)]
  0x000001f6bdda9480 JavaThread "http-nio-8080-Poller" daemon [_thread_in_native, id=15492, stack(0x0000000b99d00000,0x0000000b99e00000)]
  0x000001f6bddaa2f0 JavaThread "http-nio-8080-Acceptor" daemon [_thread_in_native, id=16892, stack(0x0000000b99f00000,0x0000000b9a000000)]
  0x000001f6bd853850 JavaThread "FileSystemWatchService" daemon [_thread_in_native, id=10976, stack(0x0000000b9a500000,0x0000000b9a600000)]
  0x000001f6c7332c60 JavaThread "Atmosphere-Scheduler-2" daemon [_thread_blocked, id=20592, stack(0x0000000b9a600000,0x0000000b9a700000)]
  0x000001f6c7332790 JavaThread "Atmosphere-Scheduler-3" daemon [_thread_blocked, id=16196, stack(0x0000000b9a700000,0x0000000b9a800000)]
  0x000001f6bd853d20 JavaThread "Atmosphere-Shared-0" daemon [_thread_blocked, id=21136, stack(0x0000000b9a800000,0x0000000b9a900000)]
  0x000001f6bdda8ae0 JavaThread "Atmosphere-Scheduler-4" daemon [_thread_blocked, id=8084, stack(0x0000000b9a900000,0x0000000b9aa00000)]
  0x000001f6bf074550 JavaThread "Atmosphere-Scheduler-5" daemon [_thread_blocked, id=20044, stack(0x0000000b9af00000,0x0000000b9b000000)]
  0x000001f6bf074a20 JavaThread "Atmosphere-Scheduler-6" daemon [_thread_blocked, id=2220, stack(0x0000000b9b200000,0x0000000b9b300000)]
  0x000001f6bf074ef0 JavaThread "Atmosphere-Scheduler-7" daemon [_thread_blocked, id=19960, stack(0x0000000b9b000000,0x0000000b9b100000)]
  0x000001f6bf0753c0 JavaThread "Atmosphere-Scheduler-8" daemon [_thread_blocked, id=9580, stack(0x0000000b9b400000,0x0000000b9b500000)]
  0x000001f6bf077570 JavaThread "Atmosphere-Scheduler-9" daemon [_thread_blocked, id=7912, stack(0x0000000b9b600000,0x0000000b9b700000)]
  0x000001f6c1204bc0 JavaThread "Atmosphere-Scheduler-10" daemon [_thread_blocked, id=17968, stack(0x0000000b9b300000,0x0000000b9b400000)]
  0x000001f6d112e080 JavaThread "Keep-Alive-Timer" daemon [_thread_blocked, id=14104, stack(0x0000000b9b800000,0x0000000b9b900000)]
  0x000001f6be419270 JavaThread "Atmosphere-Scheduler-11" daemon [_thread_blocked, id=3348, stack(0x0000000b98b00000,0x0000000b98c00000)]
  0x000001f6be41a5b0 JavaThread "Atmosphere-Scheduler-12" daemon [_thread_blocked, id=11456, stack(0x0000000b9ba00000,0x0000000b9bb00000)]
  0x000001f6c1205090 JavaThread "Atmosphere-Scheduler-13" daemon [_thread_blocked, id=2716, stack(0x0000000b97900000,0x0000000b97a00000)]
  0x000001f6c5508260 JavaThread "Atmosphere-Scheduler-14" daemon [_thread_blocked, id=3228, stack(0x0000000b9a100000,0x0000000b9a200000)]
  0x000001f6bd8546c0 JavaThread "Atmosphere-Shared-1" daemon [_thread_blocked, id=12156, stack(0x0000000b9bd00000,0x0000000b9be00000)]
  0x000001f6bd8541f0 JavaThread "Atmosphere-Scheduler-15" daemon [_thread_blocked, id=21248, stack(0x0000000b9be00000,0x0000000b9bf00000)]
  0x000001f6c44eefe0 JavaThread "HttpClient-486-SelectorManager" daemon [_thread_in_native, id=17924, stack(0x0000000b9bf00000,0x0000000b9c000000)]
  0x000001f6c44ee170 JavaThread "HttpClient-487-SelectorManager" daemon [_thread_in_native, id=9092, stack(0x0000000b9c000000,0x0000000b9c100000)]
  0x000001f6c44ed7d0 JavaThread "HttpClient-488-SelectorManager" daemon [_thread_in_native, id=5384, stack(0x0000000b9c100000,0x0000000b9c200000)]
  0x000001f6c44efe50 JavaThread "HttpClient-489-SelectorManager" daemon [_thread_in_native, id=3808, stack(0x0000000b9c200000,0x0000000b9c300000)]
  0x000001f6c44f0320 JavaThread "HttpClient-490-SelectorManager" daemon [_thread_in_native, id=16120, stack(0x0000000b9c300000,0x0000000b9c400000)]
  0x000001f6c44f07f0 JavaThread "WebSocket background processing" daemon [_thread_blocked, id=10944, stack(0x0000000b9c600000,0x0000000b9c700000)]
  0x000001f6c44edca0 JavaThread "HttpClient-486-Worker-0" daemon [_thread_blocked, id=5020, stack(0x0000000b9c500000,0x0000000b9c600000)]
  0x000001f6c0c27530 JavaThread "HttpClient-486-Worker-1" daemon [_thread_blocked, id=13412, stack(0x0000000b9c700000,0x0000000b9c800000)]
=>0x000001f6bd854b90 JavaThread "SwingWorker-pool-2-thread-1" daemon [_thread_in_native, id=21200, stack(0x0000000b9aa00000,0x0000000b9ab00000)]
  0x000001f6bd83a310 JavaThread "AWT-Shutdown" [_thread_blocked, id=14040, stack(0x0000000b9ab00000,0x0000000b9ac00000)]
  0x000001f6bd83b180 JavaThread "AWT-Windows" daemon [_thread_in_native, id=20224, stack(0x0000000b9ac00000,0x0000000b9ad00000)]
  0x000001f6bd83a7e0 JavaThread "TimerQueue" daemon [_thread_blocked, id=10080, stack(0x0000000b9ae00000,0x0000000b9af00000)]
  0x000001f6c5cdbab0 JavaThread "AWT-EventQueue-0" [_thread_blocked, id=14324, stack(0x0000000b9b500000,0x0000000b9b600000)]

Other Threads:
  0x000001f6b6b11050 VMThread "VM Thread" [stack: 0x0000000b96200000,0x0000000b96300000] [id=13996]
  0x000001f6982443e0 WatcherThread [stack: 0x0000000b96f00000,0x0000000b97000000] [id=12004]
  0x000001f698220c10 GCTaskThread "GC Thread#0" [stack: 0x0000000b95d00000,0x0000000b95e00000] [id=6216]
  0x000001f6bc3d9650 GCTaskThread "GC Thread#1" [stack: 0x0000000b97400000,0x0000000b97500000] [id=17364]
  0x000001f6bc3d9900 GCTaskThread "GC Thread#2" [stack: 0x0000000b97500000,0x0000000b97600000] [id=2992]
  0x000001f6bc724a30 GCTaskThread "GC Thread#3" [stack: 0x0000000b97600000,0x0000000b97700000] [id=20092]
  0x000001f6bc724ce0 GCTaskThread "GC Thread#4" [stack: 0x0000000b97700000,0x0000000b97800000] [id=7696]
  0x000001f6bcd30160 GCTaskThread "GC Thread#5" [stack: 0x0000000b97b00000,0x0000000b97c00000] [id=7036]
  0x000001f6bd347530 GCTaskThread "GC Thread#6" [stack: 0x0000000b97d00000,0x0000000b97e00000] [id=16132]
  0x000001f6bd494040 GCTaskThread "GC Thread#7" [stack: 0x0000000b97e00000,0x0000000b97f00000] [id=4304]
  0x000001f6bd798a00 GCTaskThread "GC Thread#8" [stack: 0x0000000b97f00000,0x0000000b98000000] [id=16040]
  0x000001f6be4f4b60 GCTaskThread "GC Thread#9" [stack: 0x0000000b98200000,0x0000000b98300000] [id=4252]
  0x000001f6be4f3080 GCTaskThread "GC Thread#10" [stack: 0x0000000b98300000,0x0000000b98400000] [id=9904]
  0x000001f6be4f35e0 GCTaskThread "GC Thread#11" [stack: 0x0000000b98400000,0x0000000b98500000] [id=3460]
  0x000001f6be4f40a0 GCTaskThread "GC Thread#12" [stack: 0x0000000b98500000,0x0000000b98600000] [id=5544]
  0x000001f698231880 ConcurrentGCThread "G1 Main Marker" [stack: 0x0000000b95e00000,0x0000000b95f00000] [id=9264]
  0x000001f698232290 ConcurrentGCThread "G1 Conc#0" [stack: 0x0000000b95f00000,0x0000000b96000000] [id=2224]
  0x000001f6bd84e040 ConcurrentGCThread "G1 Conc#1" [stack: 0x0000000b98000000,0x0000000b98100000] [id=6032]
  0x000001f6bd6ccfb0 ConcurrentGCThread "G1 Conc#2" [stack: 0x0000000b98100000,0x0000000b98200000] [id=19908]
  0x000001f69824eaf0 ConcurrentGCThread "G1 Refine#0" [stack: 0x0000000b96000000,0x0000000b96100000] [id=18060]
  0x000001f6bd7e03b0 ConcurrentGCThread "G1 Refine#1" [stack: 0x0000000b98800000,0x0000000b98900000] [id=1880]
  0x000001f6b69f1040 ConcurrentGCThread "G1 Service" [stack: 0x0000000b96100000,0x0000000b96200000] [id=11648]

Threads with active compile tasks:

VM state: not at safepoint (normal execution)

VM Mutex/Monitor currently owned by a thread: None

Heap address: 0x000000070a600000, size: 3930 MB, Compressed Oops mode: Zero based, Oop shift amount: 3

CDS archive(s) not mapped
Compressed class space mapped at: 0x0000000800000000-0x0000000840000000, reserved size: 1073741824
Narrow klass base: 0x0000000800000000, Narrow klass shift: 0, Narrow klass range: 0x40000000

GC Precious Log:
 CPUs: 16 total, 16 available
 Memory: 15712M
 Large Page Support: Disabled
 NUMA Support: Disabled
 Compressed Oops: Enabled (Zero based)
 Heap Region Size: 2M
 Heap Min Capacity: 8M
 Heap Initial Capacity: 246M
 Heap Max Capacity: 3930M
 Pre-touch: Disabled
 Parallel Workers: 13
 Concurrent Workers: 3
 Concurrent Refinement Workers: 13
 Periodic GC: Disabled

Heap:
 garbage-first heap   total 286720K, used 93531K [0x000000070a600000, 0x0000000800000000)
  region size 2048K, 17 young (34816K), 3 survivors (6144K)
 Metaspace       used 118662K, committed 121408K, reserved 1179648K
  class space    used 15623K, committed 17216K, reserved 1048576K

Heap Regions: E=young(eden), S=young(survivor), O=old, HS=humongous(starts), HC=humongous(continues), CS=collection set, F=free, OA=open archive, CA=closed archive, TAMS=top-at-mark-start (previous, next)
|   0|0x000000070a600000, 0x000000070a800000, 0x000000070a800000|100%| O|  |TAMS 0x000000070a800000, 0x000000070a600000| Untracked 
|   1|0x000000070a800000, 0x000000070aa00000, 0x000000070aa00000|100%| O|  |TAMS 0x000000070aa00000, 0x000000070a800000| Untracked 
|   2|0x000000070aa00000, 0x000000070ac00000, 0x000000070ac00000|100%| O|  |TAMS 0x000000070ac00000, 0x000000070aa00000| Untracked 
|   3|0x000000070ac00000, 0x000000070ae00000, 0x000000070ae00000|100%| O|  |TAMS 0x000000070ae00000, 0x000000070ac00000| Untracked 
|   4|0x000000070ae00000, 0x000000070affffd0, 0x000000070b000000| 99%| O|  |TAMS 0x000000070affffd0, 0x000000070ae00000| Untracked 
|   5|0x000000070b000000, 0x000000070b1ffff0, 0x000000070b200000| 99%| O|  |TAMS 0x000000070b1ffff0, 0x000000070b000000| Untracked 
|   6|0x000000070b200000, 0x000000070b3fff58, 0x000000070b400000| 99%| O|  |TAMS 0x000000070b3fff58, 0x000000070b200000| Untracked 
|   7|0x000000070b400000, 0x000000070b5fffb8, 0x000000070b600000| 99%| O|  |TAMS 0x000000070b5fffb8, 0x000000070b400000| Untracked 
|   8|0x000000070b600000, 0x000000070b800000, 0x000000070b800000|100%| O|  |TAMS 0x000000070b800000, 0x000000070b600000| Untracked 
|   9|0x000000070b800000, 0x000000070ba00000, 0x000000070ba00000|100%| O|  |TAMS 0x000000070ba00000, 0x000000070b800000| Untracked 
|  10|0x000000070ba00000, 0x000000070bbfffa0, 0x000000070bc00000| 99%| O|  |TAMS 0x000000070bbfffa0, 0x000000070ba00000| Untracked 
|  11|0x000000070bc00000, 0x000000070bdffff0, 0x000000070be00000| 99%| O|  |TAMS 0x000000070bdffff0, 0x000000070bc00000| Untracked 
|  12|0x000000070be00000, 0x000000070bffffe8, 0x000000070c000000| 99%| O|  |TAMS 0x000000070bffffe8, 0x000000070be00000| Untracked 
|  13|0x000000070c000000, 0x000000070c1ffff8, 0x000000070c200000| 99%| O|  |TAMS 0x000000070c1ffff8, 0x000000070c000000| Untracked 
|  14|0x000000070c200000, 0x000000070c400000, 0x000000070c400000|100%| O|  |TAMS 0x000000070c400000, 0x000000070c200000| Untracked 
|  15|0x000000070c400000, 0x000000070c5ffff8, 0x000000070c600000| 99%| O|  |TAMS 0x000000070c5ffff8, 0x000000070c400000| Untracked 
|  16|0x000000070c600000, 0x000000070c7ffff8, 0x000000070c800000| 99%| O|  |TAMS 0x000000070c7ffff8, 0x000000070c600000| Untracked 
|  17|0x000000070c800000, 0x000000070c9ffff8, 0x000000070ca00000| 99%| O|  |TAMS 0x000000070c9ffff8, 0x000000070c800000| Untracked 
|  18|0x000000070ca00000, 0x000000070cc00000, 0x000000070cc00000|100%| O|  |TAMS 0x000000070cc00000, 0x000000070ca00000| Untracked 
|  19|0x000000070cc00000, 0x000000070cdffe90, 0x000000070ce00000| 99%| O|  |TAMS 0x000000070cdffe90, 0x000000070cc00000| Untracked 
|  20|0x000000070ce00000, 0x000000070cfffff8, 0x000000070d000000| 99%| O|  |TAMS 0x000000070cfffff8, 0x000000070ce00000| Untracked 
|  21|0x000000070d000000, 0x000000070d1fffe8, 0x000000070d200000| 99%| O|  |TAMS 0x000000070d1fffe8, 0x000000070d000000| Untracked 
|  22|0x000000070d200000, 0x000000070d3fffd8, 0x000000070d400000| 99%| O|  |TAMS 0x000000070d3fffd8, 0x000000070d200000| Untracked 
|  23|0x000000070d400000, 0x000000070d600000, 0x000000070d600000|100%| O|  |TAMS 0x000000070d600000, 0x000000070d400000| Untracked 
|  24|0x000000070d600000, 0x000000070d800000, 0x000000070d800000|100%| O|  |TAMS 0x000000070d800000, 0x000000070d600000| Untracked 
|  25|0x000000070d800000, 0x000000070d91c0e8, 0x000000070da00000| 55%| O|  |TAMS 0x000000070d91c0e8, 0x000000070d800000| Untracked 
|  26|0x000000070da00000, 0x000000070dbfffe8, 0x000000070dc00000| 99%| O|  |TAMS 0x000000070dbfffe8, 0x000000070da00000| Untracked 
|  27|0x000000070dc00000, 0x000000070dce0158, 0x000000070de00000| 43%| O|  |TAMS 0x000000070dce0158, 0x000000070dc00000| Untracked 
|  28|0x000000070de00000, 0x000000070dec8648, 0x000000070e000000| 39%| O|  |TAMS 0x000000070dec8648, 0x000000070de00000| Untracked 
|  29|0x000000070e000000, 0x000000070e0b3cb0, 0x000000070e200000| 35%| O|  |TAMS 0x000000070e0b3cb0, 0x000000070e000000| Untracked 
|  30|0x000000070e200000, 0x000000070e2d4050, 0x000000070e400000| 41%| O|  |TAMS 0x000000070e2d4050, 0x000000070e200000| Untracked 
|  31|0x000000070e400000, 0x000000070e4f98e0, 0x000000070e600000| 48%| O|  |TAMS 0x000000070e4f98e0, 0x000000070e400000| Untracked 
|  32|0x000000070e600000, 0x000000070e800000, 0x000000070e800000|100%| O|  |TAMS 0x000000070e600000, 0x000000070e600000| Untracked 
|  33|0x000000070e800000, 0x000000070e8bc400, 0x000000070ea00000| 36%| O|  |TAMS 0x000000070e800000, 0x000000070e800000| Untracked 
|  34|0x000000070ea00000, 0x000000070ea00000, 0x000000070ec00000|  0%| F|  |TAMS 0x000000070ea00000, 0x000000070ea00000| Untracked 
|  35|0x000000070ec00000, 0x000000070ec00000, 0x000000070ee00000|  0%| F|  |TAMS 0x000000070ec00000, 0x000000070ec00000| Untracked 
|  36|0x000000070ee00000, 0x000000070ee00000, 0x000000070f000000|  0%| F|  |TAMS 0x000000070ee00000, 0x000000070ee00000| Untracked 
|  37|0x000000070f000000, 0x000000070f000000, 0x000000070f200000|  0%| F|  |TAMS 0x000000070f000000, 0x000000070f000000| Untracked 
|  38|0x000000070f200000, 0x000000070f400000, 0x000000070f400000|100%|HS|  |TAMS 0x000000070f400000, 0x000000070f200000| Complete 
|  39|0x000000070f400000, 0x000000070f400000, 0x000000070f600000|  0%| F|  |TAMS 0x000000070f400000, 0x000000070f400000| Untracked 
|  40|0x000000070f600000, 0x000000070f600000, 0x000000070f800000|  0%| F|  |TAMS 0x000000070f600000, 0x000000070f600000| Untracked 
|  41|0x000000070f800000, 0x000000070f800000, 0x000000070fa00000|  0%| F|  |TAMS 0x000000070f800000, 0x000000070f800000| Untracked 
|  42|0x000000070fa00000, 0x000000070fa00000, 0x000000070fc00000|  0%| F|  |TAMS 0x000000070fa00000, 0x000000070fa00000| Untracked 
|  43|0x000000070fc00000, 0x000000070fc00000, 0x000000070fe00000|  0%| F|  |TAMS 0x000000070fc00000, 0x000000070fc00000| Untracked 
|  44|0x000000070fe00000, 0x000000070fe00000, 0x0000000710000000|  0%| F|  |TAMS 0x000000070fe00000, 0x000000070fe00000| Untracked 
|  45|0x0000000710000000, 0x0000000710000000, 0x0000000710200000|  0%| F|  |TAMS 0x0000000710000000, 0x0000000710000000| Untracked 
|  46|0x0000000710200000, 0x0000000710200000, 0x0000000710400000|  0%| F|  |TAMS 0x0000000710200000, 0x0000000710200000| Untracked 
|  47|0x0000000710400000, 0x0000000710400000, 0x0000000710600000|  0%| F|  |TAMS 0x0000000710400000, 0x0000000710400000| Untracked 
|  48|0x0000000710600000, 0x0000000710600000, 0x0000000710800000|  0%| F|  |TAMS 0x0000000710600000, 0x0000000710600000| Untracked 
|  49|0x0000000710800000, 0x0000000710800000, 0x0000000710a00000|  0%| F|  |TAMS 0x0000000710800000, 0x0000000710800000| Untracked 
|  50|0x0000000710a00000, 0x0000000710a00000, 0x0000000710c00000|  0%| F|  |TAMS 0x0000000710a00000, 0x0000000710a00000| Untracked 
|  51|0x0000000710c00000, 0x0000000710c00000, 0x0000000710e00000|  0%| F|  |TAMS 0x0000000710c00000, 0x0000000710c00000| Untracked 
|  52|0x0000000710e00000, 0x0000000710e00000, 0x0000000711000000|  0%| F|  |TAMS 0x0000000710e00000, 0x0000000710e00000| Untracked 
|  53|0x0000000711000000, 0x0000000711000000, 0x0000000711200000|  0%| F|  |TAMS 0x0000000711000000, 0x0000000711000000| Untracked 
|  54|0x0000000711200000, 0x0000000711200000, 0x0000000711400000|  0%| F|  |TAMS 0x0000000711200000, 0x0000000711200000| Untracked 
|  55|0x0000000711400000, 0x0000000711400000, 0x0000000711600000|  0%| F|  |TAMS 0x0000000711400000, 0x0000000711400000| Untracked 
|  56|0x0000000711600000, 0x0000000711600000, 0x0000000711800000|  0%| F|  |TAMS 0x0000000711600000, 0x0000000711600000| Untracked 
|  57|0x0000000711800000, 0x0000000711800000, 0x0000000711a00000|  0%| F|  |TAMS 0x0000000711800000, 0x0000000711800000| Untracked 
|  58|0x0000000711a00000, 0x0000000711a00000, 0x0000000711c00000|  0%| F|  |TAMS 0x0000000711a00000, 0x0000000711a00000| Untracked 
|  59|0x0000000711c00000, 0x0000000711c00000, 0x0000000711e00000|  0%| F|  |TAMS 0x0000000711c00000, 0x0000000711c00000| Untracked 
|  60|0x0000000711e00000, 0x0000000711e00000, 0x0000000712000000|  0%| F|  |TAMS 0x0000000711e00000, 0x0000000711e00000| Untracked 
|  61|0x0000000712000000, 0x0000000712000000, 0x0000000712200000|  0%| F|  |TAMS 0x0000000712000000, 0x0000000712000000| Untracked 
|  62|0x0000000712200000, 0x0000000712200000, 0x0000000712400000|  0%| F|  |TAMS 0x0000000712200000, 0x0000000712200000| Untracked 
|  63|0x0000000712400000, 0x0000000712400000, 0x0000000712600000|  0%| F|  |TAMS 0x0000000712400000, 0x0000000712400000| Untracked 
|  64|0x0000000712600000, 0x0000000712600000, 0x0000000712800000|  0%| F|  |TAMS 0x0000000712600000, 0x0000000712600000| Untracked 
|  65|0x0000000712800000, 0x0000000712800000, 0x0000000712a00000|  0%| F|  |TAMS 0x0000000712800000, 0x0000000712800000| Untracked 
|  66|0x0000000712a00000, 0x0000000712a00000, 0x0000000712c00000|  0%| F|  |TAMS 0x0000000712a00000, 0x0000000712a00000| Untracked 
|  67|0x0000000712c00000, 0x0000000712c00000, 0x0000000712e00000|  0%| F|  |TAMS 0x0000000712c00000, 0x0000000712c00000| Untracked 
|  68|0x0000000712e00000, 0x0000000712e00000, 0x0000000713000000|  0%| F|  |TAMS 0x0000000712e00000, 0x0000000712e00000| Untracked 
|  69|0x0000000713000000, 0x0000000713000000, 0x0000000713200000|  0%| F|  |TAMS 0x0000000713000000, 0x0000000713000000| Untracked 
|  70|0x0000000713200000, 0x0000000713200000, 0x0000000713400000|  0%| F|  |TAMS 0x0000000713200000, 0x0000000713200000| Untracked 
|  71|0x0000000713400000, 0x0000000713400000, 0x0000000713600000|  0%| F|  |TAMS 0x0000000713400000, 0x0000000713400000| Untracked 
|  72|0x0000000713600000, 0x0000000713600000, 0x0000000713800000|  0%| F|  |TAMS 0x0000000713600000, 0x0000000713600000| Untracked 
|  73|0x0000000713800000, 0x0000000713800000, 0x0000000713a00000|  0%| F|  |TAMS 0x0000000713800000, 0x0000000713800000| Untracked 
|  74|0x0000000713a00000, 0x0000000713a00000, 0x0000000713c00000|  0%| F|  |TAMS 0x0000000713a00000, 0x0000000713a00000| Untracked 
|  75|0x0000000713c00000, 0x0000000713c00000, 0x0000000713e00000|  0%| F|  |TAMS 0x0000000713c00000, 0x0000000713c00000| Untracked 
|  76|0x0000000713e00000, 0x0000000713e00000, 0x0000000714000000|  0%| F|  |TAMS 0x0000000713e00000, 0x0000000713e00000| Untracked 
|  77|0x0000000714000000, 0x0000000714154e88, 0x0000000714200000| 66%| S|CS|TAMS 0x0000000714000000, 0x0000000714000000| Complete 
|  78|0x0000000714200000, 0x00000007143ffff8, 0x0000000714400000| 99%| S|CS|TAMS 0x0000000714200000, 0x0000000714200000| Complete 
|  79|0x0000000714400000, 0x0000000714600000, 0x0000000714600000|100%| S|CS|TAMS 0x0000000714400000, 0x0000000714400000| Complete 
|  80|0x0000000714600000, 0x0000000714600000, 0x0000000714800000|  0%| F|  |TAMS 0x0000000714600000, 0x0000000714600000| Untracked 
|  81|0x0000000714800000, 0x0000000714800000, 0x0000000714a00000|  0%| F|  |TAMS 0x0000000714800000, 0x0000000714800000| Untracked 
|  82|0x0000000714a00000, 0x0000000714a00000, 0x0000000714c00000|  0%| F|  |TAMS 0x0000000714a00000, 0x0000000714a00000| Untracked 
|  83|0x0000000714c00000, 0x0000000714c00000, 0x0000000714e00000|  0%| F|  |TAMS 0x0000000714c00000, 0x0000000714c00000| Untracked 
|  84|0x0000000714e00000, 0x0000000714e00000, 0x0000000715000000|  0%| F|  |TAMS 0x0000000714e00000, 0x0000000714e00000| Untracked 
|  85|0x0000000715000000, 0x0000000715000000, 0x0000000715200000|  0%| F|  |TAMS 0x0000000715000000, 0x0000000715000000| Untracked 
|  86|0x0000000715200000, 0x0000000715200000, 0x0000000715400000|  0%| F|  |TAMS 0x0000000715200000, 0x0000000715200000| Untracked 
|  87|0x0000000715400000, 0x0000000715400000, 0x0000000715600000|  0%| F|  |TAMS 0x0000000715400000, 0x0000000715400000| Untracked 
|  88|0x0000000715600000, 0x0000000715600000, 0x0000000715800000|  0%| F|  |TAMS 0x0000000715600000, 0x0000000715600000| Untracked 
|  89|0x0000000715800000, 0x0000000715800000, 0x0000000715a00000|  0%| F|  |TAMS 0x0000000715800000, 0x0000000715800000| Untracked 
|  90|0x0000000715a00000, 0x0000000715a00000, 0x0000000715c00000|  0%| F|  |TAMS 0x0000000715a00000, 0x0000000715a00000| Untracked 
|  91|0x0000000715c00000, 0x0000000715c00000, 0x0000000715e00000|  0%| F|  |TAMS 0x0000000715c00000, 0x0000000715c00000| Untracked 
|  92|0x0000000715e00000, 0x0000000715e00000, 0x0000000716000000|  0%| F|  |TAMS 0x0000000715e00000, 0x0000000715e00000| Untracked 
|  93|0x0000000716000000, 0x0000000716000000, 0x0000000716200000|  0%| F|  |TAMS 0x0000000716000000, 0x0000000716000000| Untracked 
|  94|0x0000000716200000, 0x0000000716200000, 0x0000000716400000|  0%| F|  |TAMS 0x0000000716200000, 0x0000000716200000| Untracked 
|  95|0x0000000716400000, 0x0000000716400000, 0x0000000716600000|  0%| F|  |TAMS 0x0000000716400000, 0x0000000716400000| Untracked 
|  96|0x0000000716600000, 0x0000000716600000, 0x0000000716800000|  0%| F|  |TAMS 0x0000000716600000, 0x0000000716600000| Untracked 
|  97|0x0000000716800000, 0x0000000716800000, 0x0000000716a00000|  0%| F|  |TAMS 0x0000000716800000, 0x0000000716800000| Untracked 
|  98|0x0000000716a00000, 0x0000000716a00000, 0x0000000716c00000|  0%| F|  |TAMS 0x0000000716a00000, 0x0000000716a00000| Untracked 
|  99|0x0000000716c00000, 0x0000000716c00000, 0x0000000716e00000|  0%| F|  |TAMS 0x0000000716c00000, 0x0000000716c00000| Untracked 
| 100|0x0000000716e00000, 0x0000000716e00000, 0x0000000717000000|  0%| F|  |TAMS 0x0000000716e00000, 0x0000000716e00000| Untracked 
| 101|0x0000000717000000, 0x0000000717000000, 0x0000000717200000|  0%| F|  |TAMS 0x0000000717000000, 0x0000000717000000| Untracked 
| 102|0x0000000717200000, 0x0000000717200000, 0x0000000717400000|  0%| F|  |TAMS 0x0000000717200000, 0x0000000717200000| Untracked 
| 103|0x0000000717400000, 0x0000000717400000, 0x0000000717600000|  0%| F|  |TAMS 0x0000000717400000, 0x0000000717400000| Untracked 
| 104|0x0000000717600000, 0x0000000717600000, 0x0000000717800000|  0%| F|  |TAMS 0x0000000717600000, 0x0000000717600000| Untracked 
| 105|0x0000000717800000, 0x0000000717800000, 0x0000000717a00000|  0%| F|  |TAMS 0x0000000717800000, 0x0000000717800000| Untracked 
| 106|0x0000000717a00000, 0x0000000717a00000, 0x0000000717c00000|  0%| F|  |TAMS 0x0000000717a00000, 0x0000000717a00000| Untracked 
| 107|0x0000000717c00000, 0x0000000717c00000, 0x0000000717e00000|  0%| F|  |TAMS 0x0000000717c00000, 0x0000000717c00000| Untracked 
| 108|0x0000000717e00000, 0x0000000717e00000, 0x0000000718000000|  0%| F|  |TAMS 0x0000000717e00000, 0x0000000717e00000| Untracked 
| 109|0x0000000718000000, 0x0000000718000000, 0x0000000718200000|  0%| F|  |TAMS 0x0000000718000000, 0x0000000718000000| Untracked 
| 110|0x0000000718200000, 0x0000000718200000, 0x0000000718400000|  0%| F|  |TAMS 0x0000000718200000, 0x0000000718200000| Untracked 
| 111|0x0000000718400000, 0x0000000718400000, 0x0000000718600000|  0%| F|  |TAMS 0x0000000718400000, 0x0000000718400000| Untracked 
| 112|0x0000000718600000, 0x0000000718600000, 0x0000000718800000|  0%| F|  |TAMS 0x0000000718600000, 0x0000000718600000| Untracked 
| 113|0x0000000718800000, 0x0000000718800000, 0x0000000718a00000|  0%| F|  |TAMS 0x0000000718800000, 0x0000000718800000| Untracked 
| 114|0x0000000718a00000, 0x0000000718a00000, 0x0000000718c00000|  0%| F|  |TAMS 0x0000000718a00000, 0x0000000718a00000| Untracked 
| 115|0x0000000718c00000, 0x0000000718c00000, 0x0000000718e00000|  0%| F|  |TAMS 0x0000000718c00000, 0x0000000718c00000| Untracked 
| 116|0x0000000718e00000, 0x0000000718e00000, 0x0000000719000000|  0%| F|  |TAMS 0x0000000718e00000, 0x0000000718e00000| Untracked 
| 117|0x0000000719000000, 0x0000000719000000, 0x0000000719200000|  0%| F|  |TAMS 0x0000000719000000, 0x0000000719000000| Untracked 
| 118|0x0000000719200000, 0x0000000719200000, 0x0000000719400000|  0%| F|  |TAMS 0x0000000719200000, 0x0000000719200000| Untracked 
| 119|0x0000000719400000, 0x0000000719400000, 0x0000000719600000|  0%| F|  |TAMS 0x0000000719400000, 0x0000000719400000| Untracked 
| 120|0x0000000719600000, 0x0000000719600000, 0x0000000719800000|  0%| F|  |TAMS 0x0000000719600000, 0x0000000719600000| Untracked 
| 121|0x0000000719800000, 0x0000000719800000, 0x0000000719a00000|  0%| F|  |TAMS 0x0000000719800000, 0x0000000719800000| Untracked 
| 122|0x0000000719a00000, 0x0000000719a00000, 0x0000000719c00000|  0%| F|  |TAMS 0x0000000719a00000, 0x0000000719a00000| Untracked 
| 123|0x0000000719c00000, 0x0000000719c00000, 0x0000000719e00000|  0%| F|  |TAMS 0x0000000719c00000, 0x0000000719c00000| Untracked 
| 124|0x0000000719e00000, 0x0000000719e00000, 0x000000071a000000|  0%| F|  |TAMS 0x0000000719e00000, 0x0000000719e00000| Untracked 
| 125|0x000000071a000000, 0x000000071a000000, 0x000000071a200000|  0%| F|  |TAMS 0x000000071a000000, 0x000000071a000000| Untracked 
| 126|0x000000071a200000, 0x000000071a234600, 0x000000071a400000| 10%| E|  |TAMS 0x000000071a200000, 0x000000071a200000| Complete 
| 127|0x000000071a400000, 0x000000071a600000, 0x000000071a600000|100%| E|CS|TAMS 0x000000071a400000, 0x000000071a400000| Complete 
| 128|0x000000071a600000, 0x000000071a800000, 0x000000071a800000|100%| E|CS|TAMS 0x000000071a600000, 0x000000071a600000| Complete 
| 129|0x000000071a800000, 0x000000071aa00000, 0x000000071aa00000|100%| E|CS|TAMS 0x000000071a800000, 0x000000071a800000| Complete 
| 130|0x000000071aa00000, 0x000000071ac00000, 0x000000071ac00000|100%| E|CS|TAMS 0x000000071aa00000, 0x000000071aa00000| Complete 
| 131|0x000000071ac00000, 0x000000071ae00000, 0x000000071ae00000|100%| E|CS|TAMS 0x000000071ac00000, 0x000000071ac00000| Complete 
| 132|0x000000071ae00000, 0x000000071b000000, 0x000000071b000000|100%| E|  |TAMS 0x000000071ae00000, 0x000000071ae00000| Complete 
| 133|0x000000071b000000, 0x000000071b200000, 0x000000071b200000|100%| E|CS|TAMS 0x000000071b000000, 0x000000071b000000| Complete 
| 134|0x000000071b200000, 0x000000071b400000, 0x000000071b400000|100%| E|CS|TAMS 0x000000071b200000, 0x000000071b200000| Complete 
| 135|0x000000071b400000, 0x000000071b600000, 0x000000071b600000|100%| E|CS|TAMS 0x000000071b400000, 0x000000071b400000| Complete 
| 255|0x000000072a400000, 0x000000072a600000, 0x000000072a600000|100%| E|CS|TAMS 0x000000072a400000, 0x000000072a400000| Complete 
| 256|0x000000072a600000, 0x000000072a800000, 0x000000072a800000|100%| E|CS|TAMS 0x000000072a600000, 0x000000072a600000| Complete 
| 257|0x000000072a800000, 0x000000072aa00000, 0x000000072aa00000|100%| E|CS|TAMS 0x000000072a800000, 0x000000072a800000| Complete 
| 258|0x000000072aa00000, 0x000000072ac00000, 0x000000072ac00000|100%| E|CS|TAMS 0x000000072aa00000, 0x000000072aa00000| Complete 

Card table byte_map: [0x000001f6ab880000,0x000001f6ac030000] _byte_map_base: 0x000001f6a802d000

Marking Bits (Prev, Next): (CMBitMap*) 0x000001f698221260, (CMBitMap*) 0x000001f698221220
 Prev Bits: [0x000001f6b0550000, 0x000001f6b42b8000)
 Next Bits: [0x000001f6ac7e0000, 0x000001f6b0548000)

Polling page: 0x000001f696140000

Metaspace:

Usage:
  Non-class:    100.62 MB used.
      Class:     15.26 MB used.
       Both:    115.88 MB used.

Virtual space:
  Non-class space:      128.00 MB reserved,     101.75 MB ( 79%) committed,  2 nodes.
      Class space:        1.00 GB reserved,      16.81 MB (  2%) committed,  1 nodes.
             Both:        1.12 GB reserved,     118.56 MB ( 10%) committed. 

Chunk freelists:
   Non-Class:  9.81 MB
       Class:  15.01 MB
        Both:  24.83 MB

MaxMetaspaceSize: unlimited
CompressedClassSpaceSize: 1.00 GB
Initial GC threshold: 21.00 MB
Current GC threshold: 195.44 MB
CDS: off
MetaspaceReclaimPolicy: balanced
 - commit_granule_bytes: 65536.
 - commit_granule_words: 8192.
 - virtual_space_node_default_size: 8388608.
 - enlarge_chunks_in_place: 1.
 - new_chunks_are_fully_committed: 0.
 - uncommit_free_chunks: 1.
 - use_allocation_guard: 0.
 - handle_deallocations: 1.


Internal statistics:

num_allocs_failed_limit: 9.
num_arena_births: 2362.
num_arena_deaths: 166.
num_vsnodes_births: 3.
num_vsnodes_deaths: 0.
num_space_committed: 1896.
num_space_uncommitted: 0.
num_chunks_returned_to_freelist: 178.
num_chunks_taken_from_freelist: 7060.
num_chunk_merges: 6.
num_chunk_splits: 4427.
num_chunks_enlarged: 2849.
num_inconsistent_stats: 0.

CodeHeap 'non-profiled nmethods': size=119168Kb used=23430Kb max_used=23430Kb free=95737Kb
 bounds [0x000001f6a33e0000, 0x000001f6a4ad0000, 0x000001f6aa840000]
CodeHeap 'profiled nmethods': size=119104Kb used=42899Kb max_used=42899Kb free=76204Kb
 bounds [0x000001f69b840000, 0x000001f69e230000, 0x000001f6a2c90000]
CodeHeap 'non-nmethods': size=7488Kb used=1394Kb max_used=3117Kb free=6093Kb
 bounds [0x000001f6a2c90000, 0x000001f6a2fb0000, 0x000001f6a33e0000]
 total_blobs=21205 nmethods=20474 adapters=642
 compilation: enabled
              stopped_count=0, restarted_count=0
 full_count=0

Compilation events (20 events):
Event: 3323.950 Thread 0x000001f6b737a860 25419       4       java.util.List::of (9 bytes)
Event: 3323.952 Thread 0x000001f6b737a860 nmethod 25419 0x000001f6a4ac0610 code [0x000001f6a4ac07a0, 0x000001f6a4ac09d8]
Event: 3327.146 Thread 0x000001f6b737a860 25420       4       com.vaadin.flow.component.textfield.AbstractNumberField::getValue (8 bytes)
Event: 3327.147 Thread 0x000001f6b737a860 nmethod 25420 0x000001f6a4ac0b10 code [0x000001f6a4ac0c80, 0x000001f6a4ac0d38]
Event: 3327.184 Thread 0x000001f6b7383df0 25421       3       com.vaadin.flow.internal.nodefeature.InertData::updateInertAndCascadeToChildren (163 bytes)
Event: 3327.187 Thread 0x000001f6b7383df0 nmethod 25421 0x000001f69e21aa10 code [0x000001f69e21b140, 0x000001f69e21fa88]
Event: 3327.244 Thread 0x000001f6b7383df0 25422       1       com.google.protobuf.Descriptors$FieldDescriptor::getContainingType (5 bytes)
Event: 3327.244 Thread 0x000001f6b737a860 25423       4       java.util.WeakHashMap::containsKey (14 bytes)
Event: 3327.244 Thread 0x000001f6b7383df0 nmethod 25422 0x000001f6a4ac0e10 code [0x000001f6a4ac0fa0, 0x000001f6a4ac1078]
Event: 3327.244 Thread 0x000001f6b7383df0 25424       1       com.google.protobuf.Descriptors$FieldDescriptor::getIndex (5 bytes)
Event: 3327.244 Thread 0x000001f6b7383df0 nmethod 25424 0x000001f6a4ac1110 code [0x000001f6a4ac12a0, 0x000001f6a4ac1378]
Event: 3327.244 Thread 0x000001f6b7383df0 25425       3       com.google.protobuf.util.JsonFormat$PrettyTextGenerator::write (48 bytes)
Event: 3327.244 Thread 0x000001f6b7383df0 nmethod 25425 0x000001f69e220f10 code [0x000001f69e2210e0, 0x000001f69e221508]
Event: 3327.248 Thread 0x000001f6b737a860 nmethod 25423 0x000001f6a4ac1410 code [0x000001f6a4ac15c0, 0x000001f6a4ac18b8]
Event: 3327.249 Thread 0x000001f6b7383df0 25426   !   3       com.google.protobuf.GeneratedMessage$FieldAccessorTable::ensureFieldAccessorsInitialized (520 bytes)
Event: 3327.252 Thread 0x000001f6b7383df0 nmethod 25426 0x000001f69e221690 code [0x000001f69e221cc0, 0x000001f69e225948]
Event: 3327.252 Thread 0x000001f6b7383df0 25428       3       com.google.protobuf.util.JsonFormat$PrettyTextGenerator::print (75 bytes)
Event: 3327.252 Thread 0x000001f6b7383df0 nmethod 25428 0x000001f69e227d10 code [0x000001f69e227f00, 0x000001f69e2284d8]
Event: 3327.252 Thread 0x000001f6b7383df0 25427       3       com.google.protobuf.Descriptors$FieldDescriptor::getJavaType (8 bytes)
Event: 3327.252 Thread 0x000001f6b7383df0 nmethod 25427 0x000001f69e228690 code [0x000001f69e228840, 0x000001f69e2289a8]

GC Heap History (20 events):
Event: 3320.382 GC heap before
{Heap before GC invocations=1925 (full 84):
 garbage-first heap   total 219136K, used 180923K [0x000000070a600000, 0x0000000800000000)
  region size 2048K, 60 young (122880K), 3 survivors (6144K)
 Metaspace       used 117219K, committed 119936K, reserved 1179648K
  class space    used 15451K, committed 17024K, reserved 1048576K
}
Event: 3320.385 GC heap after
{Heap after GC invocations=1926 (full 84):
 garbage-first heap   total 219136K, used 64732K [0x000000070a600000, 0x0000000800000000)
  region size 2048K, 3 young (6144K), 3 survivors (6144K)
 Metaspace       used 117219K, committed 119936K, reserved 1179648K
  class space    used 15451K, committed 17024K, reserved 1048576K
}
Event: 3320.610 GC heap before
{Heap before GC invocations=1926 (full 84):
 garbage-first heap   total 219136K, used 181468K [0x000000070a600000, 0x0000000800000000)
  region size 2048K, 60 young (122880K), 3 survivors (6144K)
 Metaspace       used 117227K, committed 119936K, reserved 1179648K
  class space    used 15451K, committed 17024K, reserved 1048576K
}
Event: 3320.613 GC heap after
{Heap after GC invocations=1927 (full 84):
 garbage-first heap   total 219136K, used 64015K [0x000000070a600000, 0x0000000800000000)
  region size 2048K, 3 young (6144K), 3 survivors (6144K)
 Metaspace       used 117227K, committed 119936K, reserved 1179648K
  class space    used 15451K, committed 17024K, reserved 1048576K
}
Event: 3320.705 GC heap before
{Heap before GC invocations=1928 (full 84):
 garbage-first heap   total 219136K, used 180751K [0x000000070a600000, 0x0000000800000000)
  region size 2048K, 60 young (122880K), 3 survivors (6144K)
 Metaspace       used 117227K, committed 119936K, reserved 1179648K
  class space    used 15451K, committed 17024K, reserved 1048576K
}
Event: 3320.706 GC heap after
{Heap after GC invocations=1929 (full 84):
 garbage-first heap   total 219136K, used 64961K [0x000000070a600000, 0x0000000800000000)
  region size 2048K, 4 young (8192K), 4 survivors (8192K)
 Metaspace       used 117227K, committed 119936K, reserved 1179648K
  class space    used 15451K, committed 17024K, reserved 1048576K
}
Event: 3320.737 GC heap before
{Heap before GC invocations=1929 (full 84):
 garbage-first heap   total 219136K, used 81345K [0x000000070a600000, 0x0000000800000000)
  region size 2048K, 13 young (26624K), 4 survivors (8192K)
 Metaspace       used 117227K, committed 119936K, reserved 1179648K
  class space    used 15451K, committed 17024K, reserved 1048576K
}
Event: 3320.739 GC heap after
{Heap after GC invocations=1930 (full 84):
 garbage-first heap   total 219136K, used 64398K [0x000000070a600000, 0x0000000800000000)
  region size 2048K, 3 young (6144K), 3 survivors (6144K)
 Metaspace       used 117227K, committed 119936K, reserved 1179648K
  class space    used 15451K, committed 17024K, reserved 1048576K
}
Event: 3321.034 GC heap before
{Heap before GC invocations=1931 (full 84):
 garbage-first heap   total 219136K, used 201614K [0x000000070a600000, 0x0000000800000000)
  region size 2048K, 59 young (120832K), 3 survivors (6144K)
 Metaspace       used 117230K, committed 119936K, reserved 1179648K
  class space    used 15451K, committed 17024K, reserved 1048576K
}
Event: 3321.037 GC heap after
{Heap after GC invocations=1932 (full 84):
 garbage-first heap   total 219136K, used 77708K [0x000000070a600000, 0x0000000800000000)
  region size 2048K, 4 young (8192K), 4 survivors (8192K)
 Metaspace       used 117230K, committed 119936K, reserved 1179648K
  class space    used 15451K, committed 17024K, reserved 1048576K
}
Event: 3321.245 GC heap before
{Heap before GC invocations=1932 (full 84):
 garbage-first heap   total 219136K, used 180108K [0x000000070a600000, 0x0000000800000000)
  region size 2048K, 54 young (110592K), 4 survivors (8192K)
 Metaspace       used 117230K, committed 119936K, reserved 1179648K
  class space    used 15451K, committed 17024K, reserved 1048576K
}
Event: 3321.249 GC heap after
{Heap after GC invocations=1933 (full 84):
 garbage-first heap   total 530432K, used 77532K [0x000000070a600000, 0x0000000800000000)
  region size 2048K, 4 young (8192K), 4 survivors (8192K)
 Metaspace       used 117230K, committed 119936K, reserved 1179648K
  class space    used 15451K, committed 17024K, reserved 1048576K
}
Event: 3321.670 GC heap before
{Heap before GC invocations=1934 (full 84):
 garbage-first heap   total 362496K, used 286428K [0x000000070a600000, 0x0000000800000000)
  region size 2048K, 106 young (217088K), 4 survivors (8192K)
 Metaspace       used 117368K, committed 120064K, reserved 1179648K
  class space    used 15469K, committed 17024K, reserved 1048576K
}
Event: 3321.673 GC heap after
{Heap after GC invocations=1935 (full 84):
 garbage-first heap   total 362496K, used 78611K [0x000000070a600000, 0x0000000800000000)
  region size 2048K, 4 young (8192K), 4 survivors (8192K)
 Metaspace       used 117368K, committed 120064K, reserved 1179648K
  class space    used 15469K, committed 17024K, reserved 1048576K
}
Event: 3322.205 GC heap before
{Heap before GC invocations=1935 (full 84):
 garbage-first heap   total 362496K, used 287507K [0x000000070a600000, 0x0000000800000000)
  region size 2048K, 106 young (217088K), 4 survivors (8192K)
 Metaspace       used 117368K, committed 120064K, reserved 1179648K
  class space    used 15469K, committed 17024K, reserved 1048576K
}
Event: 3322.209 GC heap after
{Heap after GC invocations=1936 (full 84):
 garbage-first heap   total 362496K, used 82402K [0x000000070a600000, 0x0000000800000000)
  region size 2048K, 6 young (12288K), 6 survivors (12288K)
 Metaspace       used 117368K, committed 120064K, reserved 1179648K
  class space    used 15469K, committed 17024K, reserved 1048576K
}
Event: 3322.629 GC heap before
{Heap before GC invocations=1937 (full 84):
 garbage-first heap   total 362496K, used 287202K [0x000000070a600000, 0x0000000800000000)
  region size 2048K, 106 young (217088K), 6 survivors (12288K)
 Metaspace       used 117368K, committed 120064K, reserved 1179648K
  class space    used 15469K, committed 17024K, reserved 1048576K
}
Event: 3322.635 GC heap after
{Heap after GC invocations=1938 (full 84):
 garbage-first heap   total 362496K, used 87781K [0x000000070a600000, 0x0000000800000000)
  region size 2048K, 9 young (18432K), 9 survivors (18432K)
 Metaspace       used 117368K, committed 120064K, reserved 1179648K
  class space    used 15469K, committed 17024K, reserved 1048576K
}
Event: 3323.498 GC heap before
{Heap before GC invocations=1938 (full 84):
 garbage-first heap   total 362496K, used 286437K [0x000000070a600000, 0x0000000800000000)
  region size 2048K, 106 young (217088K), 9 survivors (18432K)
 Metaspace       used 117373K, committed 120064K, reserved 1179648K
  class space    used 15469K, committed 17024K, reserved 1048576K
}
Event: 3323.500 GC heap after
{Heap after GC invocations=1939 (full 84):
 garbage-first heap   total 362496K, used 68955K [0x000000070a600000, 0x0000000800000000)
  region size 2048K, 3 young (6144K), 3 survivors (6144K)
 Metaspace       used 117373K, committed 120064K, reserved 1179648K
  class space    used 15469K, committed 17024K, reserved 1048576K
}

Dll operation events (12 events):
Event: 0.008 Loaded shared library C:\Users\doubl\.p2\pool\plugins\org.eclipse.justj.openjdk.hotspot.jre.full.win32.x86_64_17.0.7.v20230425-1502\jre\bin\java.dll
Event: 0.229 Loaded shared library C:\Users\doubl\.p2\pool\plugins\org.eclipse.justj.openjdk.hotspot.jre.full.win32.x86_64_17.0.7.v20230425-1502\jre\bin\net.dll
Event: 0.231 Loaded shared library C:\Users\doubl\.p2\pool\plugins\org.eclipse.justj.openjdk.hotspot.jre.full.win32.x86_64_17.0.7.v20230425-1502\jre\bin\nio.dll
Event: 0.238 Loaded shared library C:\Users\doubl\.p2\pool\plugins\org.eclipse.justj.openjdk.hotspot.jre.full.win32.x86_64_17.0.7.v20230425-1502\jre\bin\zip.dll
Event: 0.420 Loaded shared library C:\Users\doubl\.p2\pool\plugins\org.eclipse.justj.openjdk.hotspot.jre.full.win32.x86_64_17.0.7.v20230425-1502\jre\bin\jimage.dll
Event: 0.805 Loaded shared library C:\Users\doubl\.p2\pool\plugins\org.eclipse.justj.openjdk.hotspot.jre.full.win32.x86_64_17.0.7.v20230425-1502\jre\bin\management.dll
Event: 0.808 Loaded shared library C:\Users\doubl\.p2\pool\plugins\org.eclipse.justj.openjdk.hotspot.jre.full.win32.x86_64_17.0.7.v20230425-1502\jre\bin\management_ext.dll
Event: 2.360 Loaded shared library C:\Users\doubl\.p2\pool\plugins\org.eclipse.justj.openjdk.hotspot.jre.full.win32.x86_64_17.0.7.v20230425-1502\jre\bin\sunmscapi.dll
Event: 4.361 Loaded shared library C:\Users\doubl\.p2\pool\plugins\org.eclipse.justj.openjdk.hotspot.jre.full.win32.x86_64_17.0.7.v20230425-1502\jre\bin\verify.dll
Event: 13.141 Loaded shared library C:\Users\doubl\AppData\Local\Temp\jna-95774484\jna17248398926197589468.dll
Event: 28.191 Loaded shared library C:\Users\doubl\.p2\pool\plugins\org.eclipse.justj.openjdk.hotspot.jre.full.win32.x86_64_17.0.7.v20230425-1502\jre\bin\awt.dll
Event: 30.097 Loaded shared library C:\Users\doubl\Desktop\Breathe\BREATHE\breathe.web\target\classes\PulseJNI.dll

Deoptimization events (20 events):
Event: 3327.183 Thread 0x000001f6c1202ee0 Uncommon trap: trap_request=0xffffffde fr.pc=0x000001f6a4a329f8 relative=0x0000000000002138
Event: 3327.183 Thread 0x000001f6c1202ee0 Uncommon trap: reason=class_check action=maybe_recompile pc=0x000001f6a4a329f8 method=com.vaadin.flow.dom.Element.informEnabledStateChange(ZLcom/vaadin/flow/dom/Element;)V @ 16 c2
Event: 3327.183 Thread 0x000001f6c1202ee0 DEOPT PACKING pc=0x000001f6a4a329f8 sp=0x0000000b992fb710
Event: 3327.183 Thread 0x000001f6c1202ee0 DEOPT UNPACKING pc=0x000001f6a2ce69a3 sp=0x0000000b992fb708 mode 2
Event: 3327.183 Thread 0x000001f6c1202ee0 Uncommon trap: trap_request=0xffffffde fr.pc=0x000001f6a4a329f8 relative=0x0000000000002138
Event: 3327.183 Thread 0x000001f6c1202ee0 Uncommon trap: reason=class_check action=maybe_recompile pc=0x000001f6a4a329f8 method=com.vaadin.flow.dom.Element.informEnabledStateChange(ZLcom/vaadin/flow/dom/Element;)V @ 16 c2
Event: 3327.183 Thread 0x000001f6c1202ee0 DEOPT PACKING pc=0x000001f6a4a329f8 sp=0x0000000b992fb710
Event: 3327.183 Thread 0x000001f6c1202ee0 DEOPT UNPACKING pc=0x000001f6a2ce69a3 sp=0x0000000b992fb708 mode 2
Event: 3327.183 Thread 0x000001f6c1202ee0 Uncommon trap: trap_request=0xffffffde fr.pc=0x000001f6a4a329f8 relative=0x0000000000002138
Event: 3327.183 Thread 0x000001f6c1202ee0 Uncommon trap: reason=class_check action=maybe_recompile pc=0x000001f6a4a329f8 method=com.vaadin.flow.dom.Element.informEnabledStateChange(ZLcom/vaadin/flow/dom/Element;)V @ 16 c2
Event: 3327.183 Thread 0x000001f6c1202ee0 DEOPT PACKING pc=0x000001f6a4a329f8 sp=0x0000000b992fb710
Event: 3327.183 Thread 0x000001f6c1202ee0 DEOPT UNPACKING pc=0x000001f6a2ce69a3 sp=0x0000000b992fb708 mode 2
Event: 3327.206 Thread 0x000001f6bd854b90 Uncommon trap: trap_request=0xfffffff4 fr.pc=0x000001f6a48d6284 relative=0x0000000000000d04
Event: 3327.206 Thread 0x000001f6bd854b90 Uncommon trap: reason=null_check action=make_not_entrant pc=0x000001f6a48d6284 method=java.lang.Module.isStaticallyExportedOrOpen(Ljava/lang/String;Ljava/lang/Module;Z)Z @ 20 c2
Event: 3327.206 Thread 0x000001f6bd854b90 DEOPT PACKING pc=0x000001f6a48d6284 sp=0x0000000b9aafd440
Event: 3327.206 Thread 0x000001f6bd854b90 DEOPT UNPACKING pc=0x000001f6a2ce69a3 sp=0x0000000b9aafd3c8 mode 2
Event: 3327.259 Thread 0x000001f6c5cdbab0 Uncommon trap: trap_request=0xffffff45 fr.pc=0x000001f6a49de124 relative=0x0000000000000cc4
Event: 3327.259 Thread 0x000001f6c5cdbab0 Uncommon trap: reason=unstable_if action=reinterpret pc=0x000001f6a49de124 method=java.security.AccessControlContext.optimize()Ljava/security/AccessControlContext; @ 83 c2
Event: 3327.259 Thread 0x000001f6c5cdbab0 DEOPT PACKING pc=0x000001f6a49de124 sp=0x0000000b9b5ff000
Event: 3327.259 Thread 0x000001f6c5cdbab0 DEOPT UNPACKING pc=0x000001f6a2ce69a3 sp=0x0000000b9b5fef70 mode 2

Classes unloaded (20 events):
Event: 2632.492 Thread 0x000001f6b6b11050 Unloading class 0x0000000800f2c000 'org/apache/catalina/loader/JdbcLeakPrevention'
Event: 2639.303 Thread 0x000001f6b6b11050 Unloading class 0x0000000800f54000 'org/apache/catalina/loader/JdbcLeakPrevention'
Event: 2669.089 Thread 0x000001f6b6b11050 Unloading class 0x0000000800f64000 'org/apache/catalina/loader/JdbcLeakPrevention'
Event: 2686.257 Thread 0x000001f6b6b11050 Unloading class 0x0000000800f78000 'org/apache/catalina/loader/JdbcLeakPrevention'
Event: 2718.205 Thread 0x000001f6b6b11050 Unloading class 0x0000000800f8c000 'org/apache/catalina/loader/JdbcLeakPrevention'
Event: 2722.360 Thread 0x000001f6b6b11050 Unloading class 0x0000000800fa0000 'org/apache/catalina/loader/JdbcLeakPrevention'
Event: 2726.162 Thread 0x000001f6b6b11050 Unloading class 0x0000000800fb0000 'org/apache/catalina/loader/JdbcLeakPrevention'
Event: 2739.942 Thread 0x000001f6b6b11050 Unloading class 0x0000000800fc0000 'org/apache/catalina/loader/JdbcLeakPrevention'
Event: 2747.957 Thread 0x000001f6b6b11050 Unloading class 0x0000000800fd0000 'org/apache/catalina/loader/JdbcLeakPrevention'
Event: 2874.663 Thread 0x000001f6b6b11050 Unloading class 0x0000000800fe0000 'org/apache/catalina/loader/JdbcLeakPrevention'
Event: 2922.319 Thread 0x000001f6b6b11050 Unloading class 0x0000000800fe0000 'org/apache/catalina/loader/JdbcLeakPrevention'
Event: 2926.390 Thread 0x000001f6b6b11050 Unloading class 0x0000000801004000 'org/apache/catalina/loader/JdbcLeakPrevention'
Event: 3080.923 Thread 0x000001f6b6b11050 Unloading class 0x0000000801004000 'org/apache/catalina/loader/JdbcLeakPrevention'
Event: 3124.226 Thread 0x000001f6b6b11050 Unloading class 0x0000000801004000 'org/apache/catalina/loader/JdbcLeakPrevention'
Event: 3140.448 Thread 0x000001f6b6b11050 Unloading class 0x0000000801040000 'org/apache/catalina/loader/JdbcLeakPrevention'
Event: 3144.427 Thread 0x000001f6b6b11050 Unloading class 0x0000000801054000 'org/apache/catalina/loader/JdbcLeakPrevention'
Event: 3255.669 Thread 0x000001f6b6b11050 Unloading class 0x0000000801054000 'org/apache/catalina/loader/JdbcLeakPrevention'
Event: 3315.232 Thread 0x000001f6b6b11050 Unloading class 0x0000000801054000 'org/apache/catalina/loader/JdbcLeakPrevention'
Event: 3319.487 Thread 0x000001f6b6b11050 Unloading class 0x0000000801088000 'org/apache/catalina/loader/JdbcLeakPrevention'
Event: 3323.527 Thread 0x000001f6b6b11050 Unloading class 0x0000000801098000 'org/apache/catalina/loader/JdbcLeakPrevention'

Classes redefined (0 events):
No events

Internal exceptions (20 events):
Event: 3319.859 Thread 0x000001f6c5cdead0 Exception <a 'sun/nio/fs/WindowsException'{0x0000000715598f68}> (0x0000000715598f68) 
thrown [s\src\hotspot\share\prims\jni.cpp, line 516]
Event: 3319.872 Thread 0x000001f6c5cdead0 Exception <a 'sun/nio/fs/WindowsException'{0x0000000714e8f120}> (0x0000000714e8f120) 
thrown [s\src\hotspot\share\prims\jni.cpp, line 516]
Event: 3319.873 Thread 0x000001f6c5cdead0 Exception <a 'sun/nio/fs/WindowsException'{0x0000000714e92d40}> (0x0000000714e92d40) 
thrown [s\src\hotspot\share\prims\jni.cpp, line 516]
Event: 3319.874 Thread 0x000001f6c5cdead0 Exception <a 'sun/nio/fs/WindowsException'{0x0000000714eb7738}> (0x0000000714eb7738) 
thrown [s\src\hotspot\share\prims\jni.cpp, line 516]
Event: 3319.874 Thread 0x000001f6c5cdead0 Exception <a 'sun/nio/fs/WindowsException'{0x0000000714ebb358}> (0x0000000714ebb358) 
thrown [s\src\hotspot\share\prims\jni.cpp, line 516]
Event: 3320.046 Thread 0x000001f6c5cdead0 Exception <a 'sun/nio/fs/WindowsException'{0x00000007131ba390}> (0x00000007131ba390) 
thrown [s\src\hotspot\share\prims\jni.cpp, line 516]
Event: 3320.110 Thread 0x000001f6c5cdead0 Exception <a 'sun/nio/fs/WindowsException'{0x0000000710e9eaa0}> (0x0000000710e9eaa0) 
thrown [s\src\hotspot\share\prims\jni.cpp, line 516]
Event: 3320.118 Thread 0x000001f6c5cdead0 Exception <a 'sun/nio/fs/WindowsException'{0x0000000710d05d60}> (0x0000000710d05d60) 
thrown [s\src\hotspot\share\prims\jni.cpp, line 516]
Event: 3320.307 Thread 0x000001f6c5cdead0 Exception <a 'sun/nio/fs/WindowsException'{0x0000000712a4c408}> (0x0000000712a4c408) 
thrown [s\src\hotspot\share\prims\jni.cpp, line 516]
Event: 3320.322 Thread 0x000001f6c5cdead0 Exception <a 'sun/nio/fs/WindowsException'{0x0000000712760880}> (0x0000000712760880) 
thrown [s\src\hotspot\share\prims\jni.cpp, line 516]
Event: 3320.532 Thread 0x000001f6c5cdead0 Exception <a 'sun/nio/fs/WindowsException'{0x00000007123a7ea0}> (0x00000007123a7ea0) 
thrown [s\src\hotspot\share\prims\jni.cpp, line 516]
Event: 3320.532 Thread 0x000001f6c5cdead0 Exception <a 'sun/nio/fs/WindowsException'{0x00000007123abac0}> (0x00000007123abac0) 
thrown [s\src\hotspot\share\prims\jni.cpp, line 516]
Event: 3320.603 Thread 0x000001f6c5cdead0 Exception <a 'java/io/FileNotFoundException'{0x0000000710dec7d0}> (0x0000000710dec7d0) 
thrown [s\src\hotspot\share\prims\jni.cpp, line 516]
Event: 3320.604 Thread 0x000001f6c5cdead0 Exception <a 'java/io/FileNotFoundException'{0x0000000710df9648}> (0x0000000710df9648) 
thrown [s\src\hotspot\share\prims\jni.cpp, line 516]
Event: 3320.748 Thread 0x000001f6c1202ee0 Exception <a 'sun/nio/fs/WindowsException'{0x00000007178eabd8}> (0x00000007178eabd8) 
thrown [s\src\hotspot\share\prims\jni.cpp, line 516]
Event: 3320.748 Thread 0x000001f6c1202ee0 Exception <a 'sun/nio/fs/WindowsException'{0x00000007178eada0}> (0x00000007178eada0) 
thrown [s\src\hotspot\share\prims\jni.cpp, line 516]
Event: 3320.749 Thread 0x000001f6c1202ee0 Exception <a 'sun/nio/fs/WindowsException'{0x00000007178ebf10}> (0x00000007178ebf10) 
thrown [s\src\hotspot\share\prims\jni.cpp, line 516]
Event: 3320.749 Thread 0x000001f6c1202ee0 Exception <a 'sun/nio/fs/WindowsException'{0x00000007178ec0c8}> (0x00000007178ec0c8) 
thrown [s\src\hotspot\share\prims\jni.cpp, line 516]
Event: 3327.206 Thread 0x000001f6bd854b90 Implicit null exception at 0x000001f6a48d5dc3 to 0x000001f6a48d6260
Event: 3327.259 Thread 0x000001f6c5cdbab0 Implicit null exception at 0x000001f6a49dd4df to 0x000001f6a49de100

VM Operations (20 events):
Event: 3321.670 Executing VM operation: G1CollectForAllocation
Event: 3321.673 Executing VM operation: G1CollectForAllocation done
Event: 3322.205 Executing VM operation: G1CollectForAllocation
Event: 3322.209 Executing VM operation: G1CollectForAllocation done
Event: 3322.243 Executing VM operation: G1Concurrent
Event: 3322.252 Executing VM operation: G1Concurrent done
Event: 3322.264 Executing VM operation: G1Concurrent
Event: 3322.264 Executing VM operation: G1Concurrent done
Event: 3322.629 Executing VM operation: G1CollectForAllocation
Event: 3322.635 Executing VM operation: G1CollectForAllocation done
Event: 3323.498 Executing VM operation: G1CollectForAllocation
Event: 3323.501 Executing VM operation: G1CollectForAllocation done
Event: 3323.526 Executing VM operation: G1Concurrent
Event: 3323.544 Executing VM operation: G1Concurrent done
Event: 3323.556 Executing VM operation: G1Concurrent
Event: 3323.557 Executing VM operation: G1Concurrent done
Event: 3327.220 Executing VM operation: HandshakeAllThreads
Event: 3327.220 Executing VM operation: HandshakeAllThreads done
Event: 3327.220 Executing VM operation: Cleanup
Event: 3327.221 Executing VM operation: Cleanup done

Events (20 events):
Event: 3327.259 loading class java/awt/EventFilter$FilterAction
Event: 3327.259 loading class java/awt/EventFilter$FilterAction done
Event: 3327.259 loading class sun/awt/dnd/SunDragSourceContextPeer
Event: 3327.259 loading class java/awt/dnd/peer/DragSourceContextPeer
Event: 3327.259 loading class java/awt/dnd/peer/DragSourceContextPeer done
Event: 3327.259 loading class sun/awt/dnd/SunDragSourceContextPeer done
Event: 3327.259 loading class java/awt/EventQueue$4
Event: 3327.259 loading class java/awt/EventQueue$4 done
Event: 3327.259 loading class java/awt/MenuComponent
Event: 3327.260 loading class java/awt/MenuComponent done
Event: 3327.260 loading class java/awt/TrayIcon
Event: 3327.260 loading class java/awt/TrayIcon done
Event: 3327.260 loading class java/awt/event/InputEvent
Event: 3327.260 loading class java/awt/event/ComponentEvent
Event: 3327.260 loading class java/awt/event/ComponentEvent done
Event: 3327.260 loading class java/awt/event/InputEvent done
Event: 3327.260 loading class java/awt/event/InputMethodEvent
Event: 3327.261 loading class java/awt/event/InputMethodEvent done
Event: 3327.261 loading class java/awt/event/ActionEvent
Event: 3327.261 loading class java/awt/event/ActionEvent done


Dynamic libraries:
0x00007ff604aa0000 - 0x00007ff604aae000 	C:\Users\doubl\.p2\pool\plugins\org.eclipse.justj.openjdk.hotspot.jre.full.win32.x86_64_17.0.7.v20230425-1502\jre\bin\javaw.exe
0x00007ffab6530000 - 0x00007ffab6747000 	C:\windows\SYSTEM32\ntdll.dll
0x00007ffab5360000 - 0x00007ffab5424000 	C:\windows\System32\KERNEL32.DLL
0x00007ffab3b20000 - 0x00007ffab3ed7000 	C:\windows\System32\KERNELBASE.dll
0x00007ffab3ee0000 - 0x00007ffab3ff1000 	C:\windows\System32\ucrtbase.dll
0x00007ffa98390000 - 0x00007ffa983a7000 	C:\Users\doubl\.p2\pool\plugins\org.eclipse.justj.openjdk.hotspot.jre.full.win32.x86_64_17.0.7.v20230425-1502\jre\bin\jli.dll
0x00007ffab42d0000 - 0x00007ffab447f000 	C:\windows\System32\USER32.dll
0x00007ffab3870000 - 0x00007ffab3896000 	C:\windows\System32\win32u.dll
0x00007ffab5d70000 - 0x00007ffab5d99000 	C:\windows\System32\GDI32.dll
0x00007ffab4140000 - 0x00007ffab4258000 	C:\windows\System32\gdi32full.dll
0x00007ffab38a0000 - 0x00007ffab393a000 	C:\windows\System32\msvcp_win.dll
0x00007ffa8ff70000 - 0x00007ffa8ff89000 	C:\Users\doubl\.p2\pool\plugins\org.eclipse.justj.openjdk.hotspot.jre.full.win32.x86_64_17.0.7.v20230425-1502\jre\bin\VCRUNTIME140.dll
0x00007ffaa8930000 - 0x00007ffaa8bc3000 	C:\windows\WinSxS\amd64_microsoft.windows.common-controls_6595b64144ccf1df_6.0.22621.3672_none_2713b9d173822955\COMCTL32.dll
0x00007ffab5cb0000 - 0x00007ffab5d57000 	C:\windows\System32\msvcrt.dll
0x00007ffab4280000 - 0x00007ffab42b1000 	C:\windows\System32\IMM32.DLL
0x00007ffa9be60000 - 0x00007ffa9be6c000 	C:\Users\doubl\.p2\pool\plugins\org.eclipse.justj.openjdk.hotspot.jre.full.win32.x86_64_17.0.7.v20230425-1502\jre\bin\vcruntime140_1.dll
0x00007ffa85c80000 - 0x00007ffa85d11000 	C:\Users\doubl\.p2\pool\plugins\org.eclipse.justj.openjdk.hotspot.jre.full.win32.x86_64_17.0.7.v20230425-1502\jre\bin\msvcp140.dll
0x00007ffa3ecb0000 - 0x00007ffa3f8f8000 	C:\Users\doubl\.p2\pool\plugins\org.eclipse.justj.openjdk.hotspot.jre.full.win32.x86_64_17.0.7.v20230425-1502\jre\bin\server\jvm.dll
0x00007ffab5210000 - 0x00007ffab52c2000 	C:\windows\System32\ADVAPI32.dll
0x00007ffab5bf0000 - 0x00007ffab5c98000 	C:\windows\System32\sechost.dll
0x00007ffab3840000 - 0x00007ffab3868000 	C:\windows\System32\bcrypt.dll
0x00007ffab50f0000 - 0x00007ffab5204000 	C:\windows\System32\RPCRT4.dll
0x00007ffa9b970000 - 0x00007ffa9b979000 	C:\windows\SYSTEM32\WSOCK32.dll
0x00007ffaada30000 - 0x00007ffaada64000 	C:\windows\SYSTEM32\WINMM.dll
0x00007ffab6470000 - 0x00007ffab64e1000 	C:\windows\System32\WS2_32.dll
0x00007ffaa8820000 - 0x00007ffaa882a000 	C:\windows\SYSTEM32\VERSION.dll
0x00007ffab2860000 - 0x00007ffab2878000 	C:\windows\SYSTEM32\kernel.appcore.dll
0x00007ffa9aa10000 - 0x00007ffa9aa1a000 	C:\Users\doubl\.p2\pool\plugins\org.eclipse.justj.openjdk.hotspot.jre.full.win32.x86_64_17.0.7.v20230425-1502\jre\bin\jimage.dll
0x00007ffab1370000 - 0x00007ffab15a2000 	C:\windows\SYSTEM32\DBGHELP.DLL
0x00007ffab5860000 - 0x00007ffab5bee000 	C:\windows\System32\combase.dll
0x00007ffab5540000 - 0x00007ffab5617000 	C:\windows\System32\OLEAUT32.dll
0x00007ffaa4f30000 - 0x00007ffaa4f62000 	C:\windows\SYSTEM32\dbgcore.DLL
0x00007ffab4000000 - 0x00007ffab407b000 	C:\windows\System32\bcryptPrimitives.dll
0x00007ffa76850000 - 0x00007ffa76875000 	C:\Users\doubl\.p2\pool\plugins\org.eclipse.justj.openjdk.hotspot.jre.full.win32.x86_64_17.0.7.v20230425-1502\jre\bin\java.dll
0x00007ffa8da90000 - 0x00007ffa8daa8000 	C:\Users\doubl\.p2\pool\plugins\org.eclipse.justj.openjdk.hotspot.jre.full.win32.x86_64_17.0.7.v20230425-1502\jre\bin\zip.dll
0x00007ffab4880000 - 0x00007ffab50e9000 	C:\windows\System32\SHELL32.dll
0x00007ffab1760000 - 0x00007ffab205f000 	C:\windows\SYSTEM32\windows.storage.dll
0x00007ffab1620000 - 0x00007ffab175f000 	C:\windows\SYSTEM32\wintypes.dll
0x00007ffab4780000 - 0x00007ffab4879000 	C:\windows\System32\SHCORE.dll
0x00007ffab54e0000 - 0x00007ffab553e000 	C:\windows\System32\shlwapi.dll
0x00007ffab3770000 - 0x00007ffab3797000 	C:\windows\SYSTEM32\profapi.dll
0x00007ffaac5b0000 - 0x00007ffaac5c9000 	C:\Users\doubl\.p2\pool\plugins\org.eclipse.justj.openjdk.hotspot.jre.full.win32.x86_64_17.0.7.v20230425-1502\jre\bin\net.dll
0x00007ffaaf2e0000 - 0x00007ffaaf416000 	C:\windows\SYSTEM32\WINHTTP.dll
0x00007ffab2d50000 - 0x00007ffab2db9000 	C:\windows\system32\mswsock.dll
0x00007ffaac590000 - 0x00007ffaac5a5000 	C:\Users\doubl\.p2\pool\plugins\org.eclipse.justj.openjdk.hotspot.jre.full.win32.x86_64_17.0.7.v20230425-1502\jre\bin\nio.dll
0x00007ffa8ff60000 - 0x00007ffa8ff69000 	C:\Users\doubl\.p2\pool\plugins\org.eclipse.justj.openjdk.hotspot.jre.full.win32.x86_64_17.0.7.v20230425-1502\jre\bin\management.dll
0x00007ffa8ff50000 - 0x00007ffa8ff5b000 	C:\Users\doubl\.p2\pool\plugins\org.eclipse.justj.openjdk.hotspot.jre.full.win32.x86_64_17.0.7.v20230425-1502\jre\bin\management_ext.dll
0x00007ffab5ca0000 - 0x00007ffab5ca8000 	C:\windows\System32\PSAPI.DLL
0x00007ffaa4930000 - 0x00007ffaa493e000 	C:\Users\doubl\.p2\pool\plugins\org.eclipse.justj.openjdk.hotspot.jre.full.win32.x86_64_17.0.7.v20230425-1502\jre\bin\sunmscapi.dll
0x00007ffab39b0000 - 0x00007ffab3b16000 	C:\windows\System32\CRYPT32.dll
0x00007ffab3200000 - 0x00007ffab322d000 	C:\windows\SYSTEM32\ncrypt.dll
0x00007ffab31c0000 - 0x00007ffab31f7000 	C:\windows\SYSTEM32\NTASN1.dll
0x00007ffab2fc0000 - 0x00007ffab2fdb000 	C:\windows\SYSTEM32\CRYPTSP.dll
0x00007ffab27c0000 - 0x00007ffab27f5000 	C:\windows\system32\rsaenh.dll
0x00007ffab2e60000 - 0x00007ffab2e88000 	C:\windows\SYSTEM32\USERENV.dll
0x00007ffab2fe0000 - 0x00007ffab2fec000 	C:\windows\SYSTEM32\CRYPTBASE.dll
0x00007ffab2300000 - 0x00007ffab232d000 	C:\windows\SYSTEM32\IPHLPAPI.DLL
0x00007ffab5d60000 - 0x00007ffab5d69000 	C:\windows\System32\NSI.dll
0x00007ffaade60000 - 0x00007ffaade79000 	C:\windows\SYSTEM32\dhcpcsvc6.DLL
0x00007ffaaddb0000 - 0x00007ffaaddcf000 	C:\windows\SYSTEM32\dhcpcsvc.DLL
0x00007ffab2330000 - 0x00007ffab2432000 	C:\windows\SYSTEM32\DNSAPI.dll
0x00007ffa9aa00000 - 0x00007ffa9aa10000 	C:\Users\doubl\.p2\pool\plugins\org.eclipse.justj.openjdk.hotspot.jre.full.win32.x86_64_17.0.7.v20230425-1502\jre\bin\verify.dll
0x00007ffa85c30000 - 0x00007ffa85c75000 	C:\Users\doubl\AppData\Local\Temp\jna-95774484\jna17248398926197589468.dll
0x00007ffab45d0000 - 0x00007ffab4775000 	C:\windows\System32\Ole32.dll
0x00007ffab5430000 - 0x00007ffab54e0000 	C:\windows\System32\clbcatq.dll
0x00007ffa9e330000 - 0x00007ffa9e34d000 	C:\windows\SYSTEM32\amsi.dll
0x00007ffa9e2a0000 - 0x00007ffa9e321000 	C:\ProgramData\Microsoft\Windows Defender\Platform\4.18.24080.9-0\MpOav.dll
0x00007ffa9b330000 - 0x00007ffa9b338000 	C:\windows\system32\wshunix.dll
0x00007ffaadcc0000 - 0x00007ffaadcca000 	C:\Windows\System32\rasadhlp.dll
0x00007ffaad7b0000 - 0x00007ffaad833000 	C:\windows\System32\fwpuclnt.dll
0x00007ffa278f0000 - 0x00007ffa27a7e000 	C:\Users\doubl\.p2\pool\plugins\org.eclipse.justj.openjdk.hotspot.jre.full.win32.x86_64_17.0.7.v20230425-1502\jre\bin\awt.dll
0x00007ffaac760000 - 0x00007ffaac7f7000 	C:\windows\SYSTEM32\apphelp.dll
0x00007ffa10840000 - 0x00007ffa118bb000 	C:\Users\doubl\Desktop\Breathe\BREATHE\breathe.web\target\classes\PulseJNI.dll
0x00007ffab0980000 - 0x00007ffab0a31000 	C:\windows\system32\uxtheme.dll
0x00007ffab56a0000 - 0x00007ffab5800000 	C:\windows\System32\MSCTF.dll

dbghelp: loaded successfully - version: 4.0.5 - missing functions: none
symbol engine: initialized successfully - sym options: 0x614 - pdb path: .;C:\Users\doubl\.p2\pool\plugins\org.eclipse.justj.openjdk.hotspot.jre.full.win32.x86_64_17.0.7.v20230425-1502\jre\bin;C:\windows\SYSTEM32;C:\windows\WinSxS\amd64_microsoft.windows.common-controls_6595b64144ccf1df_6.0.22621.3672_none_2713b9d173822955;C:\Users\doubl\.p2\pool\plugins\org.eclipse.justj.openjdk.hotspot.jre.full.win32.x86_64_17.0.7.v20230425-1502\jre\bin\server;C:\Users\doubl\AppData\Local\Temp\jna-95774484;C:\ProgramData\Microsoft\Windows Defender\Platform\4.18.24080.9-0;C:\Users\doubl\Desktop\Breathe\BREATHE\breathe.web\target\classes

VM Arguments:
jvm_args: -Dfile.encoding=UTF-8 -XX:+ShowCodeDetailsInExceptionMessages 
java_command: app.Main
java_class_path (initial): C:\Users\doubl\Desktop\Breathe\BREATHE\breathe.web\target\classes;C:\Users\doubl\.m2\repository\com\vaadin\vaadin\24.4.13\vaadin-24.4.13.jar;C:\Users\doubl\.m2\repository\com\vaadin\vaadin-internal\24.4.13\vaadin-internal-24.4.13.jar;C:\Users\doubl\.m2\repository\com\vaadin\vaadin-core-internal\24.4.13\vaadin-core-internal-24.4.13.jar;C:\Users\doubl\.m2\repository\com\vaadin\flow-lit-template\24.4.9\flow-lit-template-24.4.9.jar;C:\Users\doubl\.m2\repository\com\vaadin\flow-react\24.4.9\flow-react-24.4.9.jar;C:\Users\doubl\.m2\repository\com\vaadin\flow-html-components\24.4.9\flow-html-components-24.4.9.jar;C:\Users\doubl\.m2\repository\com\vaadin\flow-data\24.4.9\flow-data-24.4.9.jar;C:\Users\doubl\.m2\repository\com\vaadin\flow-dnd\24.4.9\flow-dnd-24.4.9.jar;C:\Users\doubl\.m2\repository\com\vaadin\vaadin-lumo-theme\24.4.13\vaadin-lumo-theme-24.4.13.jar;C:\Users\doubl\.m2\repository\com\vaadin\vaadin-material-theme\24.4.13\vaadin-material-theme-24.4.13.jar;C:\Users\doubl\.m2\repository\com\vaadin\vaadin-accordion-flow\24.4.13\vaadin-accordion-flow-24.4.13.jar;C:\Users\doubl\.m2\repository\com\vaadin\vaadin-avatar-flow\24.4.13\vaadin-avatar-flow-24.4.13.jar;C:\Users\doubl\.m2\repository\com\vaadin\vaadin-button-flow\24.4.13\vaadin-button-flow-24.4.13.jar;C:\Users\doubl\.m2\repository\com\vaadin\vaadin-checkbox-flow\24.4.13\vaadin-checkbox-flow-24.4.13.jar;C:\Users\doubl\.m2\repository\com\vaadin\vaadin-combo-box-flow\24.4.13\vaadin-combo-box-flow-24.4.13.jar;C:\Users\doubl\.m2\repository\com\vaadin\vaadin-confirm-dialog-flow\24.4.13\vaadin-confirm-dialog-flow-24.4.13.jar;C:\Users\doubl\.m2\repository\com\vaadin\vaadin-custom-field-flow\24.4.13\vaadin-custom-field-flow-24.4.13.jar;C:\Users\doubl\.m2\repository\com\vaadin\vaadin-date-picker-flow\24.4.13\vaadin-date-picker-flow-24.4.13.jar;C:\Users\doubl\.m2\repository\com\vaadin\vaadin-date-time-picker-flow\24.4.13\vaadin-date-time-picker-flow-24.4.13.jar;C:\Users\doubl\.m2\repository\com\
Launcher Type: SUN_STANDARD

[Global flags]
     intx CICompilerCount                          = 12                                        {product} {ergonomic}
     uint ConcGCThreads                            = 3                                         {product} {ergonomic}
     uint G1ConcRefinementThreads                  = 13                                        {product} {ergonomic}
   size_t G1HeapRegionSize                         = 2097152                                   {product} {ergonomic}
    uintx GCDrainStackTargetSize                   = 64                                        {product} {ergonomic}
   size_t InitialHeapSize                          = 257949696                                 {product} {ergonomic}
   size_t MarkStackSize                            = 4194304                                   {product} {ergonomic}
   size_t MaxHeapSize                              = 4120903680                                {product} {ergonomic}
   size_t MaxNewSize                               = 2472542208                                {product} {ergonomic}
   size_t MinHeapDeltaBytes                        = 2097152                                   {product} {ergonomic}
   size_t MinHeapSize                              = 8388608                                   {product} {ergonomic}
    uintx NonNMethodCodeHeapSize                   = 7602480                                {pd product} {ergonomic}
    uintx NonProfiledCodeHeapSize                  = 122027880                              {pd product} {ergonomic}
    uintx ProfiledCodeHeapSize                     = 122027880                              {pd product} {ergonomic}
    uintx ReservedCodeCacheSize                    = 251658240                              {pd product} {ergonomic}
     bool SegmentedCodeCache                       = true                                      {product} {ergonomic}
     bool ShowCodeDetailsInExceptionMessages       = true                                   {manageable} {command line}
   size_t SoftMaxHeapSize                          = 4120903680                             {manageable} {ergonomic}
     bool UseCompressedClassPointers               = true                           {product lp64_product} {ergonomic}
     bool UseCompressedOops                        = true                           {product lp64_product} {ergonomic}
     bool UseG1GC                                  = true                                      {product} {ergonomic}
     bool UseLargePagesIndividualAllocation        = false                                  {pd product} {ergonomic}

Logging:
Log output configuration:
 #0: stdout all=warning uptime,level,tags
 #1: stderr all=off uptime,level,tags

Environment Variables:
JAVA_HOME=C:\Program Files\Amazon Corretto\jdk1.8.0_422
PATH=C:/Users/doubl/.p2/pool/plugins/org.eclipse.justj.openjdk.hotspot.jre.full.win32.x86_64_17.0.7.v20230425-1502/jre/bin/server;C:/Users/doubl/.p2/pool/plugins/org.eclipse.justj.openjdk.hotspot.jre.full.win32.x86_64_17.0.7.v20230425-1502/jre/bin;C:\Program Files (x86)\Java\jre1.8.0_421\bin;C:\Program Files\Amazon Corretto\jdk1.8.0_422\bin;C:\Program Files\Common Files\Oracle\Java\javapath;C:\Program Files (x86)\Common Files\Oracle\Java\java8path;C:\Program Files (x86)\Common Files\Oracle\Java\javapath;C:\windows\system32;C:\windows;C:\windows\System32\Wbem;C:\windows\System32\WindowsPowerShell\v1.0\;C:\windows\System32\OpenSSH\;C:\Program Files\Microsoft VS Code\bin;C:\Program Files\Git\cmd;C:\Program Files\nodejs\;C:\ProgramData\chocolatey\bin;C:\Program Files\PuTTY\;C:\Users\doubl\Desktop\Uni\IR\apache-ant-1.9.16-bin\apache-ant-1.9.16\bin;C:\Users\doubl\Desktop\Uni\IR\gradle-7.6.3-bin\gradle-7.6.3\bin;C:\MinGW\bin;C:\Program Files\TortoiseSVN\bin;C:\Program Files\Git\usr\bin;C:\Users\doubl\Desktop\Uni\IR\icu4c-74_1-Win64-MSVC2022\bin64;C:\Program Files\Amazon Corretto\jdk1.8.0_422\bin;C:\Program Files\Java\jre-1.8\bin;C:\Users\doubl\AppData\Local\Programs\Python\Python38\Scripts;C:\Program Files\dotnet\;C:\Users\doubl\AppData\Local\Programs\Python\Python38\Scripts\;C:\Users\doubl\AppData\Local\Programs\Python\Python38\;C:\Users\doubl\AppData\Local\Microsoft\WindowsApps;C:\Users\doubl\AppData\Roaming\npm;C:\Users\doubl\AppData\Local\GitHubDesktop\bin;C:\Program Files\JetBrains\PyCharm 2023.2.5\bin;;C:\Users\doubl\.dotnet\tools;C:\Users\doubl\Desktop;
USERNAME=doubl
OS=Windows_NT
PROCESSOR_IDENTIFIER=AMD64 Family 25 Model 80 Stepping 0, AuthenticAMD
TMP=C:\Users\doubl\AppData\Local\Temp
TEMP=C:\Users\doubl\AppData\Local\Temp



---------------  S Y S T E M  ---------------

OS:
 Windows 11 , 64 bit Build 22621 (10.0.22621.3958)
OS uptime: 1 days 19:46 hours
Hyper-V role detected

CPU: total 16 (initial active 16) (16 cores per cpu, 2 threads per core) family 25 model 80 stepping 0 microcode 0x0, cx8, cmov, fxsr, ht, mmx, 3dnowpref, sse, sse2, sse3, ssse3, sse4a, sse4.1, sse4.2, popcnt, lzcnt, tsc, tscinvbit, avx, avx2, aes, erms, clmul, bmi1, bmi2, adx, sha, fma, vzeroupper, clflush, clflushopt, hv

Memory: 4k page, system-wide physical 15712M (6379M free)
TotalPageFile size 16736M (AvailPageFile size 5099M)
current process WorkingSet (physical memory assigned to process): 652M, peak: 736M
current process commit charge ("private bytes"): 754M, peak: 999M

vm_info: OpenJDK 64-Bit Server VM (17.0.7+7) for windows-amd64 JRE (17.0.7+7), built on Apr 18 2023 22:10:42 by "temurin" with MS VC++ 16.7 (VS2019)

END.
