#
# A fatal error has been detected by the Java Runtime Environment:
#
#  EXCEPTION_ACCESS_VIOLATION (0xc0000005) at pc=0x00007ff9ca4d7fd0, pid=15904, tid=15552
#
# JRE version: OpenJDK Runtime Environment Temurin-17.0.7+7 (17.0.7+7) (build 17.0.7+7)
# Java VM: OpenJDK 64-Bit Server VM Temurin-17.0.7+7 (17.0.7+7, mixed mode, tiered, compressed oops, compressed class ptrs, g1 gc, windows-amd64)
# Problematic frame:
# C  [PulseJNI.dll+0x297fd0]
#
# No core dump will be written. Minidumps are not enabled by default on client versions of Windows
#
# If you would like to submit a bug report, please visit:
#   https://github.com/adoptium/adoptium-support/issues
# The crash happened outside the Java Virtual Machine in native code.
# See problematic frame for where to report the bug.
#

---------------  S U M M A R Y ------------

Command Line: -Dfile.encoding=UTF-8 -XX:+ShowCodeDetailsInExceptionMessages app.Main

Host: AMD Ryzen 7 5825U with Radeon Graphics         , 16 cores, 15G,  Windows 11 , 64 bit Build 26100 (10.0.26100.1882)
Time: Mon Oct 21 14:32:41 2024 ora legale Europa occidentale elapsed time: 133.609605 seconds (0d 0h 2m 13s)

---------------  T H R E A D  ---------------

Current thread (0x000001bbfd288080):  JavaThread "SwingWorker-pool-2-thread-1" daemon [_thread_in_native, id=15552, stack(0x00000068e9300000,0x00000068e9400000)]

Stack: [0x00000068e9300000,0x00000068e9400000],  sp=0x00000068e93fdde0,  free space=1015k
Native frames: (J=compiled Java code, j=interpreted, Vv=VM code, C=native code)
C  [PulseJNI.dll+0x297fd0]

Java frames: (J=compiled Java code, j=interpreted, Vv=VM code)
j  com.kitware.pulse.engine.PulseEngine.nativeInitializeEngine(JLjava/lang/String;Ljava/lang/String;I)Z+0
j  com.kitware.pulse.engine.PulseEngine.initializeEngine(Lcom/kitware/pulse/cdm/engine/SEPatientConfiguration;Lcom/kitware/pulse/cdm/engine/SEDataRequestManager;)Z+39
j  app.SimulationWorker.doInBackground()Ljava/lang/Void;+24
j  app.SimulationWorker.doInBackground()Ljava/lang/Object;+1
j  javax.swing.SwingWorker$1.call()Ljava/lang/Object;+14 java.desktop@17.0.7
j  java.util.concurrent.FutureTask.run()V+39 java.base@17.0.7
j  javax.swing.SwingWorker.run()V+4 java.desktop@17.0.7
j  java.util.concurrent.ThreadPoolExecutor.runWorker(Ljava/util/concurrent/ThreadPoolExecutor$Worker;)V+92 java.base@17.0.7
j  java.util.concurrent.ThreadPoolExecutor$Worker.run()V+5 java.base@17.0.7
j  java.lang.Thread.run()V+11 java.base@17.0.7
v  ~StubRoutines::call_stub

siginfo: EXCEPTION_ACCESS_VIOLATION (0xc0000005), reading address 0x0000000000000000


Register to memory mapping:

RIP=0x00007ff9ca4d7fd0 PulseJNI.dll
RAX=0x0 is NULL
RBX={method} {0x000001bb910d3520} 'nativeInitializeEngine' '(JLjava/lang/String;Ljava/lang/String;I)Z' in 'com/kitware/pulse/engine/PulseEngine'
RCX=0x000001bb87015d00 points into unknown readable memory: 0x00007ff9cada0f60 | 60 0f da ca f9 7f 00 00
RDX=0x0 is NULL
RSP=0x00000068e93fdde0 is pointing into the stack for thread: 0x000001bbfd288080
RBP=0x00000068e93fedf8 is pointing into the stack for thread: 0x000001bbfd288080
RSI=3803922461 is a compressed pointer to object: [B 
{0x0000000715da00e8} - klass: {type array byte}
 - length: 753
RDI=3803921969 is a compressed pointer to object: [B 
{0x0000000715d9f188} - klass: {type array byte}
 - length: 1150
R8 =0x00007ff9cb1f5100 PulseJNI.dll
R9 =0x0 is NULL
R10=0x000001bbdb710000 points into unknown readable memory: 0x0000000000000000 | 00 00 00 00 00 00 00 00
R11=0x00000068e93fd990 is pointing into the stack for thread: 0x000001bbfd288080
R12=0x0 is NULL
R13={method} {0x000001bb910d3520} 'nativeInitializeEngine' '(JLjava/lang/String;Ljava/lang/String;I)Z' in 'com/kitware/pulse/engine/PulseEngine'
R14=0x00000068e93fee40 is pointing into the stack for thread: 0x000001bbfd288080
R15=0x000001bbfd288080 is a thread


Registers:
RAX=0x0000000000000000, RBX=0x000001bb910d3518, RCX=0x000001bb87015d00, RDX=0x0000000000000000
RSP=0x00000068e93fdde0, RBP=0x00000068e93fedf8, RSI=0x00000000e2bb401d, RDI=0x00000000e2bb3e31
R8 =0x00007ff9cb1f5100, R9 =0x0000000000000000, R10=0x000001bbdb710000, R11=0x00000068e93fd990
R12=0x0000000000000000, R13=0x000001bb910d3518, R14=0x00000068e93fee40, R15=0x000001bbfd288080
RIP=0x00007ff9ca4d7fd0, EFLAGS=0x0000000000010246

Top of Stack: (sp=0x00000068e93fdde0)
0x00000068e93fdde0:   000001bb87015d00 0000000000000000
0x00000068e93fddf0:   00007ff9ca26dae0 000000000000000f
0x00000068e93fde00:   00007ff9ca528a70 00007ff9ca2683a0
0x00000068e93fde10:   0000000000000000 000000000000000f
0x00000068e93fde20:   6c616e7265746e00 000000006e696b53
0x00000068e93fde30:   0000000000000000 000000000000000f
0x00000068e93fde40:   000001bb87d7ec00 0000000000000000
0x00000068e93fde50:   00007ff9ca26c230 00007ff9ca2655f0
0x00000068e93fde60:   00007ff9ca2655f0 00007ff9ca2655f0
0x00000068e93fde70:   00007ff9ca26cbf0 00007ff9ca52896b
0x00000068e93fde80:   000001bb87015d00 0000000000000000
0x00000068e93fde90:   0000000000000000 000000000000000f
0x00000068e93fdea0:   6c616e7265747800 000000006e696b53
0x00000068e93fdeb0:   00007ff9ca528a70 000000000000000f
0x00000068e93fdec0:   6c616e7265746e00 0000000065726f43
0x00000068e93fded0:   0000000000000000 00007ff9ca5284ae 

Instructions: (pc=0x00007ff9ca4d7fd0)
0x00007ff9ca4d7ed0:   28 e8 6a b5 d7 ff 48 89 44 24 20 48 8b 4c 24 28
0x00007ff9ca4d7ee0:   e8 7b b5 d7 ff 48 89 44 24 30 eb 0e 48 8b 44 24
0x00007ff9ca4d7ef0:   20 48 83 c0 08 48 89 44 24 20 48 8b 44 24 30 48
0x00007ff9ca4d7f00:   39 44 24 20 74 1f 48 8b 44 24 20 48 8b 00 48 89
0x00007ff9ca4d7f10:   44 24 38 48 8b 44 24 58 48 39 44 24 38 75 04 b0
0x00007ff9ca4d7f20:   01 eb 04 eb c7 32 c0 48 83 c4 48 c3 cc cc cc cc
0x00007ff9ca4d7f30:   cc cc cc cc cc cc cc cc cc cc cc cc cc cc cc cc
0x00007ff9ca4d7f40:   48 89 4c 24 08 48 8b 44 24 08 48 83 c0 48 c3 cc
0x00007ff9ca4d7f50:   cc cc cc cc cc cc cc cc cc cc cc cc cc cc cc cc
0x00007ff9ca4d7f60:   48 89 4c 24 08 48 8b 44 24 08 48 83 c0 60 c3 cc
0x00007ff9ca4d7f70:   cc cc cc cc cc cc cc cc cc cc cc cc cc cc cc cc
0x00007ff9ca4d7f80:   48 89 54 24 10 48 89 4c 24 08 48 81 ec 98 00 00
0x00007ff9ca4d7f90:   00 48 8b 84 24 a0 00 00 00 48 8b 00 48 8b 80 d0
0x00007ff9ca4d7fa0:   00 00 00 48 89 44 24 20 48 8b 94 24 a8 00 00 00
0x00007ff9ca4d7fb0:   48 8b 8c 24 a0 00 00 00 ff 54 24 20 0f b6 c0 85
0x00007ff9ca4d7fc0:   c0 74 05 e9 5c 01 00 00 48 8b 84 24 a8 00 00 00
0x00007ff9ca4d7fd0:   48 8b 00 48 8b 8c 24 a8 00 00 00 ff 90 b0 00 00
0x00007ff9ca4d7fe0:   00 83 f8 03 75 5e 48 8b 84 24 a0 00 00 00 48 83
0x00007ff9ca4d7ff0:   c0 78 48 89 44 24 30 48 8b 84 24 a8 00 00 00 48
0x00007ff9ca4d8000:   89 44 24 28 48 8d 54 24 28 48 8b 4c 24 30 e8 bd
0x00007ff9ca4d8010:   8e da ff 90 48 8b 84 24 a0 00 00 00 48 05 90 00
0x00007ff9ca4d8020:   00 00 48 89 44 24 40 48 8b 84 24 a8 00 00 00 48
0x00007ff9ca4d8030:   89 44 24 38 48 8d 54 24 38 48 8b 4c 24 40 e8 8d
0x00007ff9ca4d8040:   8e da ff 90 48 8b 84 24 a8 00 00 00 48 8b 00 48
0x00007ff9ca4d8050:   8b 8c 24 a8 00 00 00 ff 90 b0 00 00 00 83 f8 02
0x00007ff9ca4d8060:   75 60 48 8b 84 24 a0 00 00 00 48 05 a8 00 00 00
0x00007ff9ca4d8070:   48 89 44 24 50 48 8b 84 24 a8 00 00 00 48 89 44
0x00007ff9ca4d8080:   24 48 48 8d 54 24 48 48 8b 4c 24 50 e8 3f 8e da
0x00007ff9ca4d8090:   ff 90 48 8b 84 24 a0 00 00 00 48 05 c0 00 00 00
0x00007ff9ca4d80a0:   48 89 44 24 60 48 8b 84 24 a8 00 00 00 48 89 44
0x00007ff9ca4d80b0:   24 58 48 8d 54 24 58 48 8b 4c 24 60 e8 0f 8e da
0x00007ff9ca4d80c0:   ff 90 48 8b 84 24 a0 00 00 00 48 83 c0 48 48 89 


Stack slot to memory mapping:
stack at sp + 0 slots: 0x000001bb87015d00 points into unknown readable memory: 0x00007ff9cada0f60 | 60 0f da ca f9 7f 00 00
stack at sp + 1 slots: 0x0 is NULL
stack at sp + 2 slots: 0x00007ff9ca26dae0 PulseJNI.dll
stack at sp + 3 slots: 0x000000000000000f is an unknown value
stack at sp + 4 slots: 0x00007ff9ca528a70 PulseJNI.dll
stack at sp + 5 slots: 0x00007ff9ca2683a0 PulseJNI.dll
stack at sp + 6 slots: 0x0 is NULL
stack at sp + 7 slots: 0x000000000000000f is an unknown value


---------------  P R O C E S S  ---------------

Threads class SMR info:
_java_thread_list=0x000001bb85715040, length=51, elements={
0x000001bbfc283da0, 0x000001bbfc275130, 0x000001bbfc27bda0, 0x000001bbfc27c750,
0x000001bbfc2853c0, 0x000001bbfc286170, 0x000001bbfcc1cd80, 0x000001bbfcc1d730,
0x000001bbfcc2f590, 0x000001bbfced9950, 0x000001bbfcf002d0, 0x000001bb84eb3e30,
0x000001bb875ab540, 0x000001bb859eef70, 0x000001bbfe82c510, 0x000001bb8955ffd0,
0x000001bb895604a0, 0x000001bb8955de20, 0x000001bb89560e40, 0x000001bb8955e2f0,
0x000001bb89561310, 0x000001bb8955f160, 0x000001bb8955fb00, 0x000001bb8955e7c0,
0x000001bb8955ec90, 0x000001bbfd569800, 0x000001bbfd567180, 0x000001bbfd567ff0,
0x000001bbfd566cb0, 0x000001bbfd56ab40, 0x000001bbfd567650, 0x000001bbfd56b010,
0x000001bbfd56a1a0, 0x000001bbfd5684c0, 0x000001bbfd567b20, 0x000001bbfd56b4e0,
0x000001bbfd56ccf0, 0x000001bbfd569330, 0x000001bbfd56d690, 0x000001bbfd56db60,
0x000001bbfd56d1c0, 0x000001bbfd288550, 0x000001bbfd288a20, 0x000001bbfd288ef0,
0x000001bbfd288080, 0x000001bbfd285060, 0x000001bbfd285530, 0x000001bbfd285a00,
0x000001bbfd2863a0, 0x000001bbfee42300, 0x000001bbfee42810
}

Java Threads: ( => current thread )
  0x000001bbfc283da0 JavaThread "Reference Handler" daemon [_thread_blocked, id=12536, stack(0x00000068e9c00000,0x00000068e9d00000)]
  0x000001bbfc275130 JavaThread "Finalizer" daemon [_thread_blocked, id=16580, stack(0x00000068e9d00000,0x00000068e9e00000)]
  0x000001bbfc27bda0 JavaThread "Signal Dispatcher" daemon [_thread_blocked, id=3564, stack(0x00000068e9e00000,0x00000068e9f00000)]
  0x000001bbfc27c750 JavaThread "Attach Listener" daemon [_thread_blocked, id=10332, stack(0x00000068e9f00000,0x00000068ea000000)]
  0x000001bbfc2853c0 JavaThread "Service Thread" daemon [_thread_blocked, id=11988, stack(0x00000068ea000000,0x00000068ea100000)]
  0x000001bbfc286170 JavaThread "Monitor Deflation Thread" daemon [_thread_blocked, id=11372, stack(0x00000068ea100000,0x00000068ea200000)]
  0x000001bbfcc1cd80 JavaThread "C2 CompilerThread0" daemon [_thread_blocked, id=9424, stack(0x00000068ea200000,0x00000068ea300000)]
  0x000001bbfcc1d730 JavaThread "C1 CompilerThread0" daemon [_thread_blocked, id=5716, stack(0x00000068ea300000,0x00000068ea400000)]
  0x000001bbfcc2f590 JavaThread "Sweeper thread" daemon [_thread_blocked, id=13096, stack(0x00000068ea400000,0x00000068ea500000)]
  0x000001bbfced9950 JavaThread "Notification Thread" daemon [_thread_blocked, id=9688, stack(0x00000068ea700000,0x00000068ea800000)]
  0x000001bbfcf002d0 JavaThread "Common-Cleaner" daemon [_thread_blocked, id=17360, stack(0x00000068ea900000,0x00000068eaa00000)]
  0x000001bb84eb3e30 JavaThread "JNA Cleaner" daemon [_thread_blocked, id=2968, stack(0x00000068eaa00000,0x00000068eab00000)]
  0x000001bb875ab540 JavaThread "ForkJoinPool.commonPool-worker-1" daemon [_thread_blocked, id=10008, stack(0x00000068ec700000,0x00000068ec800000)]
  0x000001bb859eef70 JavaThread "ForkJoinPool.commonPool-worker-3" daemon [_thread_blocked, id=3888, stack(0x00000068ec900000,0x00000068eca00000)]
  0x000001bbfe82c510 JavaThread "Catalina-utility-1" [_thread_blocked, id=13748, stack(0x00000068eca00000,0x00000068ecb00000)]
  0x000001bb8955ffd0 JavaThread "Catalina-utility-2" [_thread_blocked, id=2880, stack(0x00000068ecb00000,0x00000068ecc00000)]
  0x000001bb895604a0 JavaThread "container-0" [_thread_blocked, id=1868, stack(0x00000068ecc00000,0x00000068ecd00000)]
  0x000001bb8955de20 JavaThread "File Watcher" daemon [_thread_blocked, id=8340, stack(0x00000068ea500000,0x00000068ea600000)]
  0x000001bb89560e40 JavaThread "Live Reload Server" daemon [_thread_in_native, id=16132, stack(0x00000068ec500000,0x00000068ec600000)]
  0x000001bb8955e2f0 JavaThread "http-nio-8080-exec-1" daemon [_thread_blocked, id=12344, stack(0x00000068ece00000,0x00000068ecf00000)]
  0x000001bb89561310 JavaThread "http-nio-8080-exec-2" daemon [_thread_blocked, id=17688, stack(0x00000068ecf00000,0x00000068ed000000)]
  0x000001bb8955f160 JavaThread "http-nio-8080-exec-3" daemon [_thread_blocked, id=7416, stack(0x00000068ed000000,0x00000068ed100000)]
  0x000001bb8955fb00 JavaThread "http-nio-8080-exec-4" daemon [_thread_blocked, id=10412, stack(0x00000068ed100000,0x00000068ed200000)]
  0x000001bb8955e7c0 JavaThread "http-nio-8080-exec-5" daemon [_thread_blocked, id=16528, stack(0x00000068ed200000,0x00000068ed300000)]
  0x000001bb8955ec90 JavaThread "http-nio-8080-exec-6" daemon [_thread_blocked, id=11468, stack(0x00000068ed300000,0x00000068ed400000)]
  0x000001bbfd569800 JavaThread "http-nio-8080-exec-7" daemon [_thread_blocked, id=5424, stack(0x00000068ed400000,0x00000068ed500000)]
  0x000001bbfd567180 JavaThread "http-nio-8080-exec-8" daemon [_thread_blocked, id=2368, stack(0x00000068ed500000,0x00000068ed600000)]
  0x000001bbfd567ff0 JavaThread "http-nio-8080-exec-9" daemon [_thread_blocked, id=10664, stack(0x00000068ed600000,0x00000068ed700000)]
  0x000001bbfd566cb0 JavaThread "http-nio-8080-exec-10" daemon [_thread_blocked, id=7600, stack(0x00000068ed700000,0x00000068ed800000)]
  0x000001bbfd56ab40 JavaThread "http-nio-8080-Poller" daemon [_thread_in_native, id=12172, stack(0x00000068ed800000,0x00000068ed900000)]
  0x000001bbfd567650 JavaThread "http-nio-8080-Acceptor" daemon [_thread_in_native, id=16272, stack(0x00000068ed900000,0x00000068eda00000)]
  0x000001bbfd56b010 JavaThread "DestroyJavaVM" [_thread_blocked, id=16728, stack(0x00000068e9500000,0x00000068e9600000)]
  0x000001bbfd56a1a0 JavaThread "FileSystemWatchService" daemon [_thread_in_native, id=2828, stack(0x00000068ec300000,0x00000068ec400000)]
  0x000001bbfd5684c0 JavaThread "ForkJoinPool.commonPool-worker-4" daemon [_thread_blocked, id=14832, stack(0x00000068eda00000,0x00000068edb00000)]
  0x000001bbfd567b20 JavaThread "Java2D Disposer" daemon [_thread_blocked, id=16796, stack(0x00000068eb200000,0x00000068eb300000)]
  0x000001bbfd56b4e0 JavaThread "Live Reload #1" daemon [_thread_in_native, id=9724, stack(0x00000068edb00000,0x00000068edc00000)]
  0x000001bbfd56ccf0 JavaThread "HttpClient-1-SelectorManager" daemon [_thread_in_native, id=7388, stack(0x00000068ee100000,0x00000068ee200000)]
  0x000001bbfd569330 JavaThread "HttpClient-2-SelectorManager" daemon [_thread_in_native, id=17532, stack(0x00000068ee200000,0x00000068ee300000)]
  0x000001bbfd56d690 JavaThread "HttpClient-3-SelectorManager" daemon [_thread_in_native, id=5208, stack(0x00000068ee300000,0x00000068ee400000)]
  0x000001bbfd56db60 JavaThread "HttpClient-4-SelectorManager" daemon [_thread_in_native, id=3260, stack(0x00000068ee400000,0x00000068ee500000)]
  0x000001bbfd56d1c0 JavaThread "HttpClient-5-SelectorManager" daemon [_thread_in_native, id=5704, stack(0x00000068ee500000,0x00000068ee600000)]
  0x000001bbfd288550 JavaThread "WebSocket background processing" daemon [_thread_blocked, id=17332, stack(0x00000068ef000000,0x00000068ef100000)]
  0x000001bbfd288a20 JavaThread "Atmosphere-Scheduler-14" daemon [_thread_blocked, id=8408, stack(0x00000068e9200000,0x00000068e9300000)]
  0x000001bbfd288ef0 JavaThread "Atmosphere-Scheduler-17" daemon [_thread_blocked, id=10960, stack(0x00000068eb100000,0x00000068eb200000)]
=>0x000001bbfd288080 JavaThread "SwingWorker-pool-2-thread-1" daemon [_thread_in_native, id=15552, stack(0x00000068e9300000,0x00000068e9400000)]
  0x000001bbfd285060 JavaThread "AWT-Shutdown" [_thread_blocked, id=15504, stack(0x00000068e9400000,0x00000068e9500000)]
  0x000001bbfd285530 JavaThread "AWT-Windows" daemon [_thread_in_native, id=15492, stack(0x00000068ebf00000,0x00000068ec000000)]
  0x000001bbfd285a00 JavaThread "TimerQueue" daemon [_thread_blocked, id=15556, stack(0x00000068ec200000,0x00000068ec300000)]
  0x000001bbfd2863a0 JavaThread "AWT-EventQueue-0" [_thread_blocked, id=14848, stack(0x00000068ec400000,0x00000068ec500000)]
  0x000001bbfee42300 JavaThread "C1 CompilerThread1" daemon [_thread_blocked, id=15424, stack(0x00000068ec600000,0x00000068ec700000)]
  0x000001bbfee42810 JavaThread "C1 CompilerThread2" daemon [_thread_blocked, id=15420, stack(0x00000068ec800000,0x00000068ec900000)]

Other Threads:
  0x000001bbfcbd18d0 VMThread "VM Thread" [stack: 0x00000068e9b00000,0x00000068e9c00000] [id=15392]
  0x000001bbfcbb0df0 WatcherThread [stack: 0x00000068ea800000,0x00000068ea900000] [id=15780]
  0x000001bbdda8f970 GCTaskThread "GC Thread#0" [stack: 0x00000068e9600000,0x00000068e9700000] [id=16420]
  0x000001bbfdd4ed20 GCTaskThread "GC Thread#1" [stack: 0x00000068eac00000,0x00000068ead00000] [id=5984]
  0x000001bbfdd4efd0 GCTaskThread "GC Thread#2" [stack: 0x00000068ead00000,0x00000068eae00000] [id=2744]
  0x000001bbfde2d890 GCTaskThread "GC Thread#3" [stack: 0x00000068eae00000,0x00000068eaf00000] [id=2748]
  0x000001bbfde2db40 GCTaskThread "GC Thread#4" [stack: 0x00000068eaf00000,0x00000068eb000000] [id=11916]
  0x000001bbfdeda390 GCTaskThread "GC Thread#5" [stack: 0x00000068eb300000,0x00000068eb400000] [id=13756]
  0x000001bbfee9c030 GCTaskThread "GC Thread#6" [stack: 0x00000068eb500000,0x00000068eb600000] [id=4064]
  0x000001bbfee9c2e0 GCTaskThread "GC Thread#7" [stack: 0x00000068eb600000,0x00000068eb700000] [id=12488]
  0x000001bbff0b6440 GCTaskThread "GC Thread#8" [stack: 0x00000068eb700000,0x00000068eb800000] [id=3396]
  0x000001bbfe76ecf0 GCTaskThread "GC Thread#9" [stack: 0x00000068ebb00000,0x00000068ebc00000] [id=6060]
  0x000001bbfe76e230 GCTaskThread "GC Thread#10" [stack: 0x00000068ebc00000,0x00000068ebd00000] [id=11636]
  0x000001bbfe76df80 GCTaskThread "GC Thread#11" [stack: 0x00000068ebd00000,0x00000068ebe00000] [id=11588]
  0x000001bbfe76f7b0 GCTaskThread "GC Thread#12" [stack: 0x00000068ebe00000,0x00000068ebf00000] [id=16128]
  0x000001bbddaa12b0 ConcurrentGCThread "G1 Main Marker" [stack: 0x00000068e9700000,0x00000068e9800000] [id=10492]
  0x000001bbddaa3bd0 ConcurrentGCThread "G1 Conc#0" [stack: 0x00000068e9800000,0x00000068e9900000] [id=14172]
  0x000001bbff029020 ConcurrentGCThread "G1 Conc#1" [stack: 0x00000068eb800000,0x00000068eb900000] [id=3124]
  0x000001bbfed98fd0 ConcurrentGCThread "G1 Conc#2" [stack: 0x00000068eb900000,0x00000068eba00000] [id=16500]
  0x000001bbfc162580 ConcurrentGCThread "G1 Refine#0" [stack: 0x00000068e9900000,0x00000068e9a00000] [id=2128]
  0x000001bbfe649410 ConcurrentGCThread "G1 Refine#1" [stack: 0x00000068ea600000,0x00000068ea700000] [id=15660]
  0x000001bbfe649130 ConcurrentGCThread "G1 Refine#2" [stack: 0x00000068eb000000,0x00000068eb100000] [id=12908]
  0x000001bbfe647d10 ConcurrentGCThread "G1 Refine#3" [stack: 0x00000068ec000000,0x00000068ec100000] [id=14312]
  0x000001bbfc162ea0 ConcurrentGCThread "G1 Service" [stack: 0x00000068e9a00000,0x00000068e9b00000] [id=17572]

Threads with active compile tasks:

VM state: not at safepoint (normal execution)

VM Mutex/Monitor currently owned by a thread: None

Heap address: 0x000000070a600000, size: 3930 MB, Compressed Oops mode: Zero based, Oop shift amount: 3

CDS archive(s) not mapped
Compressed class space mapped at: 0x0000000800000000-0x0000000840000000, reserved size: 1073741824
Narrow klass base: 0x0000000800000000, Narrow klass shift: 0, Narrow klass range: 0x40000000

GC Precious Log:
 CPUs: 16 total, 16 available
 Memory: 15712M
 Large Page Support: Disabled
 NUMA Support: Disabled
 Compressed Oops: Enabled (Zero based)
 Heap Region Size: 2M
 Heap Min Capacity: 8M
 Heap Initial Capacity: 246M
 Heap Max Capacity: 3930M
 Pre-touch: Disabled
 Parallel Workers: 13
 Concurrent Workers: 3
 Concurrent Refinement Workers: 13
 Periodic GC: Disabled

Heap:
 garbage-first heap   total 266240K, used 146812K [0x000000070a600000, 0x0000000800000000)
  region size 2048K, 39 young (79872K), 1 survivors (2048K)
 Metaspace       used 80594K, committed 81280K, reserved 1179648K
  class space    used 9915K, committed 10240K, reserved 1048576K

Heap Regions: E=young(eden), S=young(survivor), O=old, HS=humongous(starts), HC=humongous(continues), CS=collection set, F=free, OA=open archive, CA=closed archive, TAMS=top-at-mark-start (previous, next)
|   0|0x000000070a600000, 0x000000070a800000, 0x000000070a800000|100%| O|  |TAMS 0x000000070a800000, 0x000000070a600000| Untracked 
|   1|0x000000070a800000, 0x000000070aa00000, 0x000000070aa00000|100%| O|  |TAMS 0x000000070aa00000, 0x000000070a800000| Untracked 
|   2|0x000000070aa00000, 0x000000070ac00000, 0x000000070ac00000|100%| O|  |TAMS 0x000000070ac00000, 0x000000070aa00000| Untracked 
|   3|0x000000070ac00000, 0x000000070ae00000, 0x000000070ae00000|100%| O|  |TAMS 0x000000070ae00000, 0x000000070ac00000| Untracked 
|   4|0x000000070ae00000, 0x000000070b000000, 0x000000070b000000|100%| O|  |TAMS 0x000000070b000000, 0x000000070ae00000| Untracked 
|   5|0x000000070b000000, 0x000000070b200000, 0x000000070b200000|100%| O|  |TAMS 0x000000070b200000, 0x000000070b000000| Untracked 
|   6|0x000000070b200000, 0x000000070b400000, 0x000000070b400000|100%| O|  |TAMS 0x000000070b400000, 0x000000070b200000| Untracked 
|   7|0x000000070b400000, 0x000000070b600000, 0x000000070b600000|100%| O|  |TAMS 0x000000070b600000, 0x000000070b400000| Untracked 
|   8|0x000000070b600000, 0x000000070b800000, 0x000000070b800000|100%| O|  |TAMS 0x000000070b800000, 0x000000070b600000| Untracked 
|   9|0x000000070b800000, 0x000000070ba00000, 0x000000070ba00000|100%| O|  |TAMS 0x000000070ba00000, 0x000000070b800000| Untracked 
|  10|0x000000070ba00000, 0x000000070bc00000, 0x000000070bc00000|100%| O|  |TAMS 0x000000070bc00000, 0x000000070ba00000| Untracked 
|  11|0x000000070bc00000, 0x000000070be00000, 0x000000070be00000|100%| O|  |TAMS 0x000000070be00000, 0x000000070bc00000| Untracked 
|  12|0x000000070be00000, 0x000000070c000000, 0x000000070c000000|100%| O|  |TAMS 0x000000070c000000, 0x000000070be00000| Untracked 
|  13|0x000000070c000000, 0x000000070c200000, 0x000000070c200000|100%| O|  |TAMS 0x000000070c200000, 0x000000070c000000| Untracked 
|  14|0x000000070c200000, 0x000000070c200000, 0x000000070c400000|  0%| F|  |TAMS 0x000000070c200000, 0x000000070c200000| Untracked 
|  15|0x000000070c400000, 0x000000070c600000, 0x000000070c600000|100%| O|  |TAMS 0x000000070c600000, 0x000000070c400000| Untracked 
|  16|0x000000070c600000, 0x000000070c800000, 0x000000070c800000|100%| O|  |TAMS 0x000000070c800000, 0x000000070c600000| Untracked 
|  17|0x000000070c800000, 0x000000070c800000, 0x000000070ca00000|  0%| F|  |TAMS 0x000000070c800000, 0x000000070c800000| Untracked 
|  18|0x000000070ca00000, 0x000000070ca00000, 0x000000070cc00000|  0%| F|  |TAMS 0x000000070ca00000, 0x000000070ca00000| Untracked 
|  19|0x000000070cc00000, 0x000000070cc00000, 0x000000070ce00000|  0%| F|  |TAMS 0x000000070cc00000, 0x000000070cc00000| Untracked 
|  20|0x000000070ce00000, 0x000000070ce00000, 0x000000070d000000|  0%| F|  |TAMS 0x000000070ce00000, 0x000000070ce00000| Untracked 
|  21|0x000000070d000000, 0x000000070d000000, 0x000000070d200000|  0%| F|  |TAMS 0x000000070d000000, 0x000000070d000000| Untracked 
|  22|0x000000070d200000, 0x000000070d400000, 0x000000070d400000|100%| O|  |TAMS 0x000000070d400000, 0x000000070d200000| Untracked 
|  23|0x000000070d400000, 0x000000070d600000, 0x000000070d600000|100%| O|  |TAMS 0x000000070d600000, 0x000000070d400000| Untracked 
|  24|0x000000070d600000, 0x000000070d800000, 0x000000070d800000|100%| O|  |TAMS 0x000000070d800000, 0x000000070d600000| Untracked 
|  25|0x000000070d800000, 0x000000070d800000, 0x000000070da00000|  0%| F|  |TAMS 0x000000070d800000, 0x000000070d800000| Untracked 
|  26|0x000000070da00000, 0x000000070da00000, 0x000000070dc00000|  0%| F|  |TAMS 0x000000070da00000, 0x000000070da00000| Untracked 
|  27|0x000000070dc00000, 0x000000070de00000, 0x000000070de00000|100%| O|  |TAMS 0x000000070de00000, 0x000000070dc00000| Untracked 
|  28|0x000000070de00000, 0x000000070e000000, 0x000000070e000000|100%| O|  |TAMS 0x000000070e000000, 0x000000070de00000| Untracked 
|  29|0x000000070e000000, 0x000000070e200000, 0x000000070e200000|100%| O|  |TAMS 0x000000070e200000, 0x000000070e000000| Untracked 
|  30|0x000000070e200000, 0x000000070e400000, 0x000000070e400000|100%| O|  |TAMS 0x000000070e400000, 0x000000070e200000| Untracked 
|  31|0x000000070e400000, 0x000000070e600000, 0x000000070e600000|100%| O|  |TAMS 0x000000070e600000, 0x000000070e400000| Untracked 
|  32|0x000000070e600000, 0x000000070e800000, 0x000000070e800000|100%| O|  |TAMS 0x000000070e800000, 0x000000070e600000| Untracked 
|  33|0x000000070e800000, 0x000000070e800000, 0x000000070ea00000|  0%| F|  |TAMS 0x000000070e800000, 0x000000070e800000| Untracked 
|  34|0x000000070ea00000, 0x000000070ec00000, 0x000000070ec00000|100%|HS|  |TAMS 0x000000070ec00000, 0x000000070ea00000| Complete 
|  35|0x000000070ec00000, 0x000000070ee00000, 0x000000070ee00000|100%| O|  |TAMS 0x000000070ec00000, 0x000000070ec00000| Untracked 
|  36|0x000000070ee00000, 0x000000070f000000, 0x000000070f000000|100%| O|  |TAMS 0x000000070ee00000, 0x000000070ee00000| Untracked 
|  37|0x000000070f000000, 0x000000070f200000, 0x000000070f200000|100%| O|  |TAMS 0x000000070f000000, 0x000000070f000000| Untracked 
|  38|0x000000070f200000, 0x000000070f400000, 0x000000070f400000|100%| O|  |TAMS 0x000000070f200000, 0x000000070f200000| Untracked 
|  39|0x000000070f400000, 0x000000070f600000, 0x000000070f600000|100%| O|  |TAMS 0x000000070f400000, 0x000000070f400000| Untracked 
|  40|0x000000070f600000, 0x000000070f800000, 0x000000070f800000|100%| O|  |TAMS 0x000000070f600000, 0x000000070f600000| Untracked 
|  41|0x000000070f800000, 0x000000070fa00000, 0x000000070fa00000|100%| O|  |TAMS 0x000000070f800000, 0x000000070f800000| Untracked 
|  42|0x000000070fa00000, 0x000000070fc00000, 0x000000070fc00000|100%| O|  |TAMS 0x000000070fa00000, 0x000000070fa00000| Untracked 
|  43|0x000000070fc00000, 0x000000070fe00000, 0x000000070fe00000|100%| O|  |TAMS 0x000000070fe00000, 0x000000070fc00000| Untracked 
|  44|0x000000070fe00000, 0x000000070fe02200, 0x0000000710000000|  0%| O|  |TAMS 0x000000070fe00000, 0x000000070fe00000| Untracked 
|  45|0x0000000710000000, 0x0000000710000000, 0x0000000710200000|  0%| F|  |TAMS 0x0000000710000000, 0x0000000710000000| Untracked 
|  46|0x0000000710200000, 0x0000000710200000, 0x0000000710400000|  0%| F|  |TAMS 0x0000000710200000, 0x0000000710200000| Untracked 
|  47|0x0000000710400000, 0x0000000710400000, 0x0000000710600000|  0%| F|  |TAMS 0x0000000710400000, 0x0000000710400000| Untracked 
|  48|0x0000000710600000, 0x0000000710600000, 0x0000000710800000|  0%| F|  |TAMS 0x0000000710600000, 0x0000000710600000| Untracked 
|  49|0x0000000710800000, 0x0000000710800000, 0x0000000710a00000|  0%| F|  |TAMS 0x0000000710800000, 0x0000000710800000| Untracked 
|  50|0x0000000710a00000, 0x0000000710a00000, 0x0000000710c00000|  0%| F|  |TAMS 0x0000000710a00000, 0x0000000710a00000| Untracked 
|  51|0x0000000710c00000, 0x0000000710c00000, 0x0000000710e00000|  0%| F|  |TAMS 0x0000000710c00000, 0x0000000710c00000| Untracked 
|  52|0x0000000710e00000, 0x0000000710e00000, 0x0000000711000000|  0%| F|  |TAMS 0x0000000710e00000, 0x0000000710e00000| Untracked 
|  53|0x0000000711000000, 0x0000000711000000, 0x0000000711200000|  0%| F|  |TAMS 0x0000000711000000, 0x0000000711000000| Untracked 
|  54|0x0000000711200000, 0x0000000711200000, 0x0000000711400000|  0%| F|  |TAMS 0x0000000711200000, 0x0000000711200000| Untracked 
|  55|0x0000000711400000, 0x0000000711400000, 0x0000000711600000|  0%| F|  |TAMS 0x0000000711400000, 0x0000000711400000| Untracked 
|  56|0x0000000711600000, 0x0000000711600000, 0x0000000711800000|  0%| F|  |TAMS 0x0000000711600000, 0x0000000711600000| Untracked 
|  57|0x0000000711800000, 0x0000000711800000, 0x0000000711a00000|  0%| F|  |TAMS 0x0000000711800000, 0x0000000711800000| Untracked 
|  58|0x0000000711a00000, 0x0000000711a00000, 0x0000000711c00000|  0%| F|  |TAMS 0x0000000711a00000, 0x0000000711a00000| Untracked 
|  59|0x0000000711c00000, 0x0000000711c00000, 0x0000000711e00000|  0%| F|  |TAMS 0x0000000711c00000, 0x0000000711c00000| Untracked 
|  60|0x0000000711e00000, 0x0000000711e00000, 0x0000000712000000|  0%| F|  |TAMS 0x0000000711e00000, 0x0000000711e00000| Untracked 
|  61|0x0000000712000000, 0x0000000712000000, 0x0000000712200000|  0%| F|  |TAMS 0x0000000712000000, 0x0000000712000000| Untracked 
|  62|0x0000000712200000, 0x0000000712200000, 0x0000000712400000|  0%| F|  |TAMS 0x0000000712200000, 0x0000000712200000| Untracked 
|  63|0x0000000712400000, 0x0000000712400000, 0x0000000712600000|  0%| F|  |TAMS 0x0000000712400000, 0x0000000712400000| Untracked 
|  64|0x0000000712600000, 0x0000000712600000, 0x0000000712800000|  0%| F|  |TAMS 0x0000000712600000, 0x0000000712600000| Untracked 
|  65|0x0000000712800000, 0x0000000712800000, 0x0000000712a00000|  0%| F|  |TAMS 0x0000000712800000, 0x0000000712800000| Untracked 
|  66|0x0000000712a00000, 0x0000000712a00000, 0x0000000712c00000|  0%| F|  |TAMS 0x0000000712a00000, 0x0000000712a00000| Untracked 
|  67|0x0000000712c00000, 0x0000000712c00000, 0x0000000712e00000|  0%| F|  |TAMS 0x0000000712c00000, 0x0000000712c00000| Untracked 
|  68|0x0000000712e00000, 0x0000000712e00000, 0x0000000713000000|  0%| F|  |TAMS 0x0000000712e00000, 0x0000000712e00000| Untracked 
|  69|0x0000000713000000, 0x0000000713000000, 0x0000000713200000|  0%| F|  |TAMS 0x0000000713000000, 0x0000000713000000| Untracked 
|  70|0x0000000713200000, 0x0000000713200000, 0x0000000713400000|  0%| F|  |TAMS 0x0000000713200000, 0x0000000713200000| Untracked 
|  71|0x0000000713400000, 0x0000000713400000, 0x0000000713600000|  0%| F|  |TAMS 0x0000000713400000, 0x0000000713400000| Untracked 
|  72|0x0000000713600000, 0x0000000713600000, 0x0000000713800000|  0%| F|  |TAMS 0x0000000713600000, 0x0000000713600000| Untracked 
|  73|0x0000000713800000, 0x0000000713800000, 0x0000000713a00000|  0%| F|  |TAMS 0x0000000713800000, 0x0000000713800000| Untracked 
|  74|0x0000000713a00000, 0x0000000713a00000, 0x0000000713c00000|  0%| F|  |TAMS 0x0000000713a00000, 0x0000000713a00000| Untracked 
|  75|0x0000000713c00000, 0x0000000713c00000, 0x0000000713e00000|  0%| F|  |TAMS 0x0000000713c00000, 0x0000000713c00000| Untracked 
|  76|0x0000000713e00000, 0x0000000713e00000, 0x0000000714000000|  0%| F|  |TAMS 0x0000000713e00000, 0x0000000713e00000| Untracked 
|  77|0x0000000714000000, 0x0000000714000000, 0x0000000714200000|  0%| F|  |TAMS 0x0000000714000000, 0x0000000714000000| Untracked 
|  78|0x0000000714200000, 0x0000000714200000, 0x0000000714400000|  0%| F|  |TAMS 0x0000000714200000, 0x0000000714200000| Untracked 
|  79|0x0000000714400000, 0x0000000714400000, 0x0000000714600000|  0%| F|  |TAMS 0x0000000714400000, 0x0000000714400000| Untracked 
|  80|0x0000000714600000, 0x0000000714600000, 0x0000000714800000|  0%| F|  |TAMS 0x0000000714600000, 0x0000000714600000| Untracked 
|  81|0x0000000714800000, 0x0000000714800000, 0x0000000714a00000|  0%| F|  |TAMS 0x0000000714800000, 0x0000000714800000| Untracked 
|  82|0x0000000714a00000, 0x0000000714a00000, 0x0000000714c00000|  0%| F|  |TAMS 0x0000000714a00000, 0x0000000714a00000| Untracked 
|  83|0x0000000714c00000, 0x0000000714c00000, 0x0000000714e00000|  0%| F|  |TAMS 0x0000000714c00000, 0x0000000714c00000| Untracked 
|  84|0x0000000714e00000, 0x0000000714e00000, 0x0000000715000000|  0%| F|  |TAMS 0x0000000714e00000, 0x0000000714e00000| Untracked 
|  85|0x0000000715000000, 0x0000000715000000, 0x0000000715200000|  0%| F|  |TAMS 0x0000000715000000, 0x0000000715000000| Untracked 
|  86|0x0000000715200000, 0x0000000715200000, 0x0000000715400000|  0%| F|  |TAMS 0x0000000715200000, 0x0000000715200000| Untracked 
|  87|0x0000000715400000, 0x0000000715400000, 0x0000000715600000|  0%| F|  |TAMS 0x0000000715400000, 0x0000000715400000| Untracked 
|  88|0x0000000715600000, 0x0000000715600000, 0x0000000715800000|  0%| F|  |TAMS 0x0000000715600000, 0x0000000715600000| Untracked 
|  89|0x0000000715800000, 0x0000000715800000, 0x0000000715a00000|  0%| F|  |TAMS 0x0000000715800000, 0x0000000715800000| Untracked 
|  90|0x0000000715a00000, 0x0000000715a00000, 0x0000000715c00000|  0%| F|  |TAMS 0x0000000715a00000, 0x0000000715a00000| Untracked 
|  91|0x0000000715c00000, 0x0000000715db51d0, 0x0000000715e00000| 85%| E|  |TAMS 0x0000000715c00000, 0x0000000715c00000| Complete 
|  92|0x0000000715e00000, 0x0000000716000000, 0x0000000716000000|100%| E|CS|TAMS 0x0000000715e00000, 0x0000000715e00000| Complete 
|  93|0x0000000716000000, 0x0000000716200000, 0x0000000716200000|100%| E|CS|TAMS 0x0000000716000000, 0x0000000716000000| Complete 
|  94|0x0000000716200000, 0x0000000716400000, 0x0000000716400000|100%| E|CS|TAMS 0x0000000716200000, 0x0000000716200000| Complete 
|  95|0x0000000716400000, 0x0000000716600000, 0x0000000716600000|100%| E|CS|TAMS 0x0000000716400000, 0x0000000716400000| Complete 
|  96|0x0000000716600000, 0x0000000716800000, 0x0000000716800000|100%| E|CS|TAMS 0x0000000716600000, 0x0000000716600000| Complete 
|  97|0x0000000716800000, 0x0000000716a00000, 0x0000000716a00000|100%| E|CS|TAMS 0x0000000716800000, 0x0000000716800000| Complete 
|  98|0x0000000716a00000, 0x0000000716c00000, 0x0000000716c00000|100%| E|CS|TAMS 0x0000000716a00000, 0x0000000716a00000| Complete 
|  99|0x0000000716c00000, 0x0000000716e00000, 0x0000000716e00000|100%| E|CS|TAMS 0x0000000716c00000, 0x0000000716c00000| Complete 
| 100|0x0000000716e00000, 0x0000000717000000, 0x0000000717000000|100%| E|CS|TAMS 0x0000000716e00000, 0x0000000716e00000| Complete 
| 101|0x0000000717000000, 0x0000000717200000, 0x0000000717200000|100%| E|CS|TAMS 0x0000000717000000, 0x0000000717000000| Complete 
| 102|0x0000000717200000, 0x0000000717400000, 0x0000000717400000|100%| E|CS|TAMS 0x0000000717200000, 0x0000000717200000| Complete 
| 103|0x0000000717400000, 0x0000000717600000, 0x0000000717600000|100%| E|CS|TAMS 0x0000000717400000, 0x0000000717400000| Complete 
| 104|0x0000000717600000, 0x0000000717800000, 0x0000000717800000|100%| E|CS|TAMS 0x0000000717600000, 0x0000000717600000| Complete 
| 105|0x0000000717800000, 0x0000000717a00000, 0x0000000717a00000|100%| E|CS|TAMS 0x0000000717800000, 0x0000000717800000| Complete 
| 106|0x0000000717a00000, 0x0000000717c00000, 0x0000000717c00000|100%| E|CS|TAMS 0x0000000717a00000, 0x0000000717a00000| Complete 
| 107|0x0000000717c00000, 0x0000000717e00000, 0x0000000717e00000|100%| E|CS|TAMS 0x0000000717c00000, 0x0000000717c00000| Complete 
| 108|0x0000000717e00000, 0x0000000718000000, 0x0000000718000000|100%| E|CS|TAMS 0x0000000717e00000, 0x0000000717e00000| Complete 
| 109|0x0000000718000000, 0x0000000718200000, 0x0000000718200000|100%| E|CS|TAMS 0x0000000718000000, 0x0000000718000000| Complete 
| 110|0x0000000718200000, 0x0000000718400000, 0x0000000718400000|100%| E|CS|TAMS 0x0000000718200000, 0x0000000718200000| Complete 
| 111|0x0000000718400000, 0x0000000718600000, 0x0000000718600000|100%| E|CS|TAMS 0x0000000718400000, 0x0000000718400000| Complete 
| 112|0x0000000718600000, 0x0000000718800000, 0x0000000718800000|100%| E|CS|TAMS 0x0000000718600000, 0x0000000718600000| Complete 
| 113|0x0000000718800000, 0x0000000718a00000, 0x0000000718a00000|100%| E|CS|TAMS 0x0000000718800000, 0x0000000718800000| Complete 
| 114|0x0000000718a00000, 0x0000000718c00000, 0x0000000718c00000|100%| E|CS|TAMS 0x0000000718a00000, 0x0000000718a00000| Complete 
| 115|0x0000000718c00000, 0x0000000718e00000, 0x0000000718e00000|100%| E|  |TAMS 0x0000000718c00000, 0x0000000718c00000| Complete 
| 116|0x0000000718e00000, 0x0000000719000000, 0x0000000719000000|100%| E|CS|TAMS 0x0000000718e00000, 0x0000000718e00000| Complete 
| 117|0x0000000719000000, 0x0000000719200000, 0x0000000719200000|100%| E|CS|TAMS 0x0000000719000000, 0x0000000719000000| Complete 
| 118|0x0000000719200000, 0x0000000719400000, 0x0000000719400000|100%| E|CS|TAMS 0x0000000719200000, 0x0000000719200000| Complete 
| 119|0x0000000719400000, 0x0000000719600000, 0x0000000719600000|100%| E|CS|TAMS 0x0000000719400000, 0x0000000719400000| Complete 
| 120|0x0000000719600000, 0x0000000719800000, 0x0000000719800000|100%| E|CS|TAMS 0x0000000719600000, 0x0000000719600000| Complete 
| 121|0x0000000719800000, 0x0000000719a00000, 0x0000000719a00000|100%| E|CS|TAMS 0x0000000719800000, 0x0000000719800000| Complete 
| 122|0x0000000719a00000, 0x0000000719c00000, 0x0000000719c00000|100%| E|CS|TAMS 0x0000000719a00000, 0x0000000719a00000| Complete 
| 123|0x0000000719c00000, 0x0000000719e00000, 0x0000000719e00000|100%| E|CS|TAMS 0x0000000719c00000, 0x0000000719c00000| Complete 
| 124|0x0000000719e00000, 0x000000071a000000, 0x000000071a000000|100%| E|CS|TAMS 0x0000000719e00000, 0x0000000719e00000| Complete 
| 125|0x000000071a000000, 0x000000071a200000, 0x000000071a200000|100%| E|CS|TAMS 0x000000071a000000, 0x000000071a000000| Complete 
| 126|0x000000071a200000, 0x000000071a400000, 0x000000071a400000|100%| E|CS|TAMS 0x000000071a200000, 0x000000071a200000| Complete 
| 127|0x000000071a400000, 0x000000071a600000, 0x000000071a600000|100%| E|CS|TAMS 0x000000071a400000, 0x000000071a400000| Complete 
| 128|0x000000071a600000, 0x000000071a75d190, 0x000000071a800000| 68%| S|CS|TAMS 0x000000071a600000, 0x000000071a600000| Complete 
| 141|0x000000071c000000, 0x000000071c200000, 0x000000071c200000|100%| E|CS|TAMS 0x000000071c000000, 0x000000071c000000| Complete 

Card table byte_map: [0x000001bbf1100000,0x000001bbf18b0000] _byte_map_base: 0x000001bbed8ad000

Marking Bits (Prev, Next): (CMBitMap*) 0x000001bbdda8ffc0, (CMBitMap*) 0x000001bbdda8ff80
 Prev Bits: [0x000001bbf5dd0000, 0x000001bbf9b38000)
 Next Bits: [0x000001bbf2060000, 0x000001bbf5dc8000)

Polling page: 0x000001bbdd0e0000

Metaspace:

Usage:
  Non-class:     69.02 MB used.
      Class:      9.68 MB used.
       Both:     78.71 MB used.

Virtual space:
  Non-class space:      128.00 MB reserved,      69.38 MB ( 54%) committed,  2 nodes.
      Class space:        1.00 GB reserved,      10.00 MB ( <1%) committed,  1 nodes.
             Both:        1.12 GB reserved,      79.38 MB (  7%) committed. 

Chunk freelists:
   Non-Class:  10.47 MB
       Class:  5.97 MB
        Both:  16.44 MB

MaxMetaspaceSize: unlimited
CompressedClassSpaceSize: 1.00 GB
Initial GC threshold: 21.00 MB
Current GC threshold: 98.56 MB
CDS: off
MetaspaceReclaimPolicy: balanced
 - commit_granule_bytes: 65536.
 - commit_granule_words: 8192.
 - virtual_space_node_default_size: 8388608.
 - enlarge_chunks_in_place: 1.
 - new_chunks_are_fully_committed: 0.
 - uncommit_free_chunks: 1.
 - use_allocation_guard: 0.
 - handle_deallocations: 1.


Internal statistics:

num_allocs_failed_limit: 9.
num_arena_births: 882.
num_arena_deaths: 0.
num_vsnodes_births: 3.
num_vsnodes_deaths: 0.
num_space_committed: 1269.
num_space_uncommitted: 0.
num_chunks_returned_to_freelist: 9.
num_chunks_taken_from_freelist: 3327.
num_chunk_merges: 6.
num_chunk_splits: 2274.
num_chunks_enlarged: 1694.
num_inconsistent_stats: 0.

CodeHeap 'non-profiled nmethods': size=119168Kb used=6009Kb max_used=7122Kb free=113159Kb
 bounds [0x000001bbe8c50000, 0x000001bbe9350000, 0x000001bbf00b0000]
CodeHeap 'profiled nmethods': size=119104Kb used=15088Kb max_used=15161Kb free=104015Kb
 bounds [0x000001bbe10b0000, 0x000001bbe1f90000, 0x000001bbe8500000]
CodeHeap 'non-nmethods': size=7488Kb used=2513Kb max_used=3038Kb free=4974Kb
 bounds [0x000001bbe8500000, 0x000001bbe8800000, 0x000001bbe8c50000]
 total_blobs=8363 nmethods=7632 adapters=641
 compilation: enabled
              stopped_count=0, restarted_count=0
 full_count=0

Compilation events (20 events):
Event: 133.509 Thread 0x000001bbfcc1cd80 nmethod 9538 0x000001bbe9013d90 code [0x000001bbe9013f00, 0x000001bbe9013f98]
Event: 133.510 Thread 0x000001bbfee42300 nmethod 9536 0x000001bbe1273190 code [0x000001bbe1273480, 0x000001bbe1274548]
Event: 133.520 Thread 0x000001bbfee42810 9539       3       java.lang.Long::formatUnsignedLong0 (47 bytes)
Event: 133.520 Thread 0x000001bbfcc1d730 9540       3       java.util.regex.Pattern$BranchConn::match (11 bytes)
Event: 133.521 Thread 0x000001bbfee42810 nmethod 9539 0x000001bbe11b7190 code [0x000001bbe11b7340, 0x000001bbe11b7558]
Event: 133.521 Thread 0x000001bbfcc1d730 nmethod 9540 0x000001bbe1272d10 code [0x000001bbe1272ec0, 0x000001bbe12730a8]
Event: 133.527 Thread 0x000001bbfcc1d730 9541       3       com.google.protobuf.DescriptorProtos$FeatureSet$MessageEncoding::forNumber (42 bytes)
Event: 133.527 Thread 0x000001bbfee42300 9542   !   3       com.google.protobuf.GeneratedMessage::getMethodOrDie (27 bytes)
Event: 133.527 Thread 0x000001bbfcc1d730 nmethod 9541 0x000001bbe167a890 code [0x000001bbe167aa40, 0x000001bbe167ac58]
Event: 133.527 Thread 0x000001bbfee42300 nmethod 9542 0x000001bbe11b6990 code [0x000001bbe11b6b80, 0x000001bbe11b6f38]
Event: 133.528 Thread 0x000001bbfee42300 9543       3       java.lang.String::subSequence (7 bytes)
Event: 133.528 Thread 0x000001bbfee42300 nmethod 9543 0x000001bbe1bb8710 code [0x000001bbe1bb88a0, 0x000001bbe1bb89e8]
Event: 133.542 Thread 0x000001bbfee42300 9544       3       java.lang.invoke.MethodHandles::foldArgumentsWithCombiner (9 bytes)
Event: 133.542 Thread 0x000001bbfee42300 nmethod 9544 0x000001bbe19ecb90 code [0x000001bbe19ecd20, 0x000001bbe19ece68]
Event: 133.543 Thread 0x000001bbfee42300 9545       1       com.google.protobuf.Descriptors$FieldDescriptor::getContainingType (5 bytes)
Event: 133.543 Thread 0x000001bbfee42810 9546       1       com.google.protobuf.Descriptors$FieldDescriptor::getIndex (5 bytes)
Event: 133.543 Thread 0x000001bbfee42300 nmethod 9545 0x000001bbe9013a90 code [0x000001bbe9013c20, 0x000001bbe9013cf8]
Event: 133.543 Thread 0x000001bbfee42810 nmethod 9546 0x000001bbe9013790 code [0x000001bbe9013920, 0x000001bbe90139f8]
Event: 133.543 Thread 0x000001bbfee42300 9547       3       com.google.protobuf.util.JsonFormat$PrettyTextGenerator::write (48 bytes)
Event: 133.543 Thread 0x000001bbfee42300 nmethod 9547 0x000001bbe11b5f90 code [0x000001bbe11b6160, 0x000001bbe11b6588]

GC Heap History (20 events):
Event: 25.128 GC heap before
{Heap before GC invocations=30 (full 0):
 garbage-first heap   total 241664K, used 224977K [0x000000070a600000, 0x0000000800000000)
  region size 2048K, 68 young (139264K), 5 survivors (10240K)
 Metaspace       used 55546K, committed 56064K, reserved 1114112K
  class space    used 6854K, committed 7104K, reserved 1048576K
}
Event: 25.133 GC heap after
{Heap after GC invocations=31 (full 0):
 garbage-first heap   total 241664K, used 84199K [0x000000070a600000, 0x0000000800000000)
  region size 2048K, 4 young (8192K), 4 survivors (8192K)
 Metaspace       used 55546K, committed 56064K, reserved 1114112K
  class space    used 6854K, committed 7104K, reserved 1048576K
}
Event: 25.501 GC heap before
{Heap before GC invocations=31 (full 0):
 garbage-first heap   total 241664K, used 205031K [0x000000070a600000, 0x0000000800000000)
  region size 2048K, 63 young (129024K), 4 survivors (8192K)
 Metaspace       used 55546K, committed 56064K, reserved 1114112K
  class space    used 6854K, committed 7104K, reserved 1048576K
}
Event: 25.505 GC heap after
{Heap after GC invocations=32 (full 0):
 garbage-first heap   total 241664K, used 87141K [0x000000070a600000, 0x0000000800000000)
  region size 2048K, 5 young (10240K), 5 survivors (10240K)
 Metaspace       used 55546K, committed 56064K, reserved 1114112K
  class space    used 6854K, committed 7104K, reserved 1048576K
}
Event: 25.957 GC heap before
{Heap before GC invocations=32 (full 0):
 garbage-first heap   total 241664K, used 203877K [0x000000070a600000, 0x0000000800000000)
  region size 2048K, 62 young (126976K), 5 survivors (10240K)
 Metaspace       used 55547K, committed 56064K, reserved 1114112K
  class space    used 6854K, committed 7104K, reserved 1048576K
}
Event: 25.962 GC heap after
{Heap after GC invocations=33 (full 0):
 garbage-first heap   total 290816K, used 83787K [0x000000070a600000, 0x0000000800000000)
  region size 2048K, 2 young (4096K), 2 survivors (4096K)
 Metaspace       used 55547K, committed 56064K, reserved 1114112K
  class space    used 6854K, committed 7104K, reserved 1048576K
}
Event: 26.541 GC heap before
{Heap before GC invocations=33 (full 0):
 garbage-first heap   total 290816K, used 247627K [0x000000070a600000, 0x0000000800000000)
  region size 2048K, 82 young (167936K), 2 survivors (4096K)
 Metaspace       used 55547K, committed 56064K, reserved 1114112K
  class space    used 6854K, committed 7104K, reserved 1048576K
}
Event: 26.544 GC heap after
{Heap after GC invocations=34 (full 0):
 garbage-first heap   total 290816K, used 83308K [0x000000070a600000, 0x0000000800000000)
  region size 2048K, 2 young (4096K), 2 survivors (4096K)
 Metaspace       used 55547K, committed 56064K, reserved 1114112K
  class space    used 6854K, committed 7104K, reserved 1048576K
}
Event: 27.043 GC heap before
{Heap before GC invocations=34 (full 0):
 garbage-first heap   total 290816K, used 249196K [0x000000070a600000, 0x0000000800000000)
  region size 2048K, 83 young (169984K), 2 survivors (4096K)
 Metaspace       used 55547K, committed 56064K, reserved 1114112K
  class space    used 6854K, committed 7104K, reserved 1048576K
}
Event: 27.046 GC heap after
{Heap after GC invocations=35 (full 0):
 garbage-first heap   total 290816K, used 86679K [0x000000070a600000, 0x0000000800000000)
  region size 2048K, 4 young (8192K), 4 survivors (8192K)
 Metaspace       used 55547K, committed 56064K, reserved 1114112K
  class space    used 6854K, committed 7104K, reserved 1048576K
}
Event: 27.589 GC heap before
{Heap before GC invocations=35 (full 0):
 garbage-first heap   total 290816K, used 248471K [0x000000070a600000, 0x0000000800000000)
  region size 2048K, 83 young (169984K), 4 survivors (8192K)
 Metaspace       used 55547K, committed 56064K, reserved 1114112K
  class space    used 6854K, committed 7104K, reserved 1048576K
}
Event: 27.592 GC heap after
{Heap after GC invocations=36 (full 0):
 garbage-first heap   total 290816K, used 89877K [0x000000070a600000, 0x0000000800000000)
  region size 2048K, 5 young (10240K), 5 survivors (10240K)
 Metaspace       used 55547K, committed 56064K, reserved 1114112K
  class space    used 6854K, committed 7104K, reserved 1048576K
}
Event: 29.207 GC heap before
{Heap before GC invocations=36 (full 0):
 garbage-first heap   total 290816K, used 245525K [0x000000070a600000, 0x0000000800000000)
  region size 2048K, 81 young (165888K), 5 survivors (10240K)
 Metaspace       used 56865K, committed 57408K, reserved 1114112K
  class space    used 7027K, committed 7296K, reserved 1048576K
}
Event: 29.212 GC heap after
{Heap after GC invocations=37 (full 0):
 garbage-first heap   total 290816K, used 73617K [0x000000070a600000, 0x0000000800000000)
  region size 2048K, 2 young (4096K), 2 survivors (4096K)
 Metaspace       used 56865K, committed 57408K, reserved 1114112K
  class space    used 7027K, committed 7296K, reserved 1048576K
}
Event: 37.348 GC heap before
{Heap before GC invocations=37 (full 0):
 garbage-first heap   total 290816K, used 145297K [0x000000070a600000, 0x0000000800000000)
  region size 2048K, 37 young (75776K), 2 survivors (4096K)
 Metaspace       used 59802K, committed 60288K, reserved 1114112K
  class space    used 7359K, committed 7616K, reserved 1048576K
}
Event: 37.351 GC heap after
{Heap after GC invocations=38 (full 0):
 garbage-first heap   total 290816K, used 76033K [0x000000070a600000, 0x0000000800000000)
  region size 2048K, 2 young (4096K), 2 survivors (4096K)
 Metaspace       used 59802K, committed 60288K, reserved 1114112K
  class space    used 7359K, committed 7616K, reserved 1048576K
}
Event: 82.134 GC heap before
{Heap before GC invocations=39 (full 0):
 garbage-first heap   total 266240K, used 231681K [0x000000070a600000, 0x0000000800000000)
  region size 2048K, 78 young (159744K), 2 survivors (4096K)
 Metaspace       used 75239K, committed 75776K, reserved 1179648K
  class space    used 9355K, committed 9600K, reserved 1048576K
}
Event: 82.140 GC heap after
{Heap after GC invocations=40 (full 0):
 garbage-first heap   total 266240K, used 82423K [0x000000070a600000, 0x0000000800000000)
  region size 2048K, 6 young (12288K), 6 survivors (12288K)
 Metaspace       used 75239K, committed 75776K, reserved 1179648K
  class space    used 9355K, committed 9600K, reserved 1048576K
}
Event: 86.727 GC heap before
{Heap before GC invocations=40 (full 0):
 garbage-first heap   total 266240K, used 84471K [0x000000070a600000, 0x0000000800000000)
  region size 2048K, 7 young (14336K), 6 survivors (12288K)
 Metaspace       used 75251K, committed 75776K, reserved 1179648K
  class space    used 9357K, committed 9600K, reserved 1048576K
}
Event: 86.734 GC heap after
{Heap after GC invocations=41 (full 0):
 garbage-first heap   total 266240K, used 73084K [0x000000070a600000, 0x0000000800000000)
  region size 2048K, 1 young (2048K), 1 survivors (2048K)
 Metaspace       used 75251K, committed 75776K, reserved 1179648K
  class space    used 9357K, committed 9600K, reserved 1048576K
}

Dll operation events (12 events):
Event: 0.008 Loaded shared library C:\Users\doubl\.p2\pool\plugins\org.eclipse.justj.openjdk.hotspot.jre.full.win32.x86_64_17.0.7.v20230425-1502\jre\bin\java.dll
Event: 0.201 Loaded shared library C:\Users\doubl\.p2\pool\plugins\org.eclipse.justj.openjdk.hotspot.jre.full.win32.x86_64_17.0.7.v20230425-1502\jre\bin\net.dll
Event: 0.203 Loaded shared library C:\Users\doubl\.p2\pool\plugins\org.eclipse.justj.openjdk.hotspot.jre.full.win32.x86_64_17.0.7.v20230425-1502\jre\bin\nio.dll
Event: 0.208 Loaded shared library C:\Users\doubl\.p2\pool\plugins\org.eclipse.justj.openjdk.hotspot.jre.full.win32.x86_64_17.0.7.v20230425-1502\jre\bin\zip.dll
Event: 0.362 Loaded shared library C:\Users\doubl\.p2\pool\plugins\org.eclipse.justj.openjdk.hotspot.jre.full.win32.x86_64_17.0.7.v20230425-1502\jre\bin\jimage.dll
Event: 0.777 Loaded shared library C:\Users\doubl\.p2\pool\plugins\org.eclipse.justj.openjdk.hotspot.jre.full.win32.x86_64_17.0.7.v20230425-1502\jre\bin\management.dll
Event: 0.781 Loaded shared library C:\Users\doubl\.p2\pool\plugins\org.eclipse.justj.openjdk.hotspot.jre.full.win32.x86_64_17.0.7.v20230425-1502\jre\bin\management_ext.dll
Event: 5.472 Loaded shared library C:\Users\doubl\.p2\pool\plugins\org.eclipse.justj.openjdk.hotspot.jre.full.win32.x86_64_17.0.7.v20230425-1502\jre\bin\sunmscapi.dll
Event: 7.953 Loaded shared library C:\Users\doubl\.p2\pool\plugins\org.eclipse.justj.openjdk.hotspot.jre.full.win32.x86_64_17.0.7.v20230425-1502\jre\bin\verify.dll
Event: 18.394 Loaded shared library C:\Users\doubl\AppData\Local\Temp\jna-95774484\jna11445543371934832504.dll
Event: 37.289 Loaded shared library C:\Users\doubl\.p2\pool\plugins\org.eclipse.justj.openjdk.hotspot.jre.full.win32.x86_64_17.0.7.v20230425-1502\jre\bin\awt.dll
Event: 38.778 Loaded shared library C:\Users\doubl\Desktop\Breathe\BREATHE\breathe.web\target\classes\PulseJNI.dll

Deoptimization events (20 events):
Event: 82.141 Thread 0x000001bbfc283da0 Uncommon trap: trap_request=0xffffff45 fr.pc=0x000001bbe9178ee0 relative=0x00000000000004a0
Event: 82.141 Thread 0x000001bbfc283da0 Uncommon trap: reason=unstable_if action=reinterpret pc=0x000001bbe9178ee0 method=java.lang.ref.ReferenceQueue.enqueue(Ljava/lang/ref/Reference;)Z @ 94 c2
Event: 82.141 Thread 0x000001bbfc283da0 DEOPT PACKING pc=0x000001bbe9178ee0 sp=0x00000068e9cff200
Event: 82.141 Thread 0x000001bbfc283da0 DEOPT UNPACKING pc=0x000001bbe85569a3 sp=0x00000068e9cff1a8 mode 2
Event: 82.141 Thread 0x000001bbfc275130 Uncommon trap: trap_request=0xffffff45 fr.pc=0x000001bbe918a12c relative=0x000000000000066c
Event: 82.141 Thread 0x000001bbfc275130 Uncommon trap: reason=unstable_if action=reinterpret pc=0x000001bbe918a12c method=java.lang.ref.ReferenceQueue.reallyPoll()Ljava/lang/ref/Reference; @ 54 c2
Event: 82.141 Thread 0x000001bbfc275130 DEOPT PACKING pc=0x000001bbe918a12c sp=0x00000068e9dff500
Event: 82.141 Thread 0x000001bbfc275130 DEOPT UNPACKING pc=0x000001bbe85569a3 sp=0x00000068e9dff428 mode 2
Event: 133.409 Thread 0x000001bbfd288080 Uncommon trap: trap_request=0xffffffde fr.pc=0x000001bbe8d497a0 relative=0x00000000000011e0
Event: 133.409 Thread 0x000001bbfd288080 Uncommon trap: reason=class_check action=maybe_recompile pc=0x000001bbe8d497a0 method=java.util.concurrent.ConcurrentHashMap.putVal(Ljava/lang/Object;Ljava/lang/Object;Z)Ljava/lang/Object; @ 159 c2
Event: 133.409 Thread 0x000001bbfd288080 DEOPT PACKING pc=0x000001bbe8d497a0 sp=0x00000068e93fc700
Event: 133.409 Thread 0x000001bbfd288080 DEOPT UNPACKING pc=0x000001bbe85569a3 sp=0x00000068e93fc690 mode 2
Event: 133.409 Thread 0x000001bbfd288080 Uncommon trap: trap_request=0xffffffde fr.pc=0x000001bbe8d497a0 relative=0x00000000000011e0
Event: 133.410 Thread 0x000001bbfd288080 Uncommon trap: reason=class_check action=maybe_recompile pc=0x000001bbe8d497a0 method=java.util.concurrent.ConcurrentHashMap.putVal(Ljava/lang/Object;Ljava/lang/Object;Z)Ljava/lang/Object; @ 159 c2
Event: 133.410 Thread 0x000001bbfd288080 DEOPT PACKING pc=0x000001bbe8d497a0 sp=0x00000068e93fc5a0
Event: 133.410 Thread 0x000001bbfd288080 DEOPT UNPACKING pc=0x000001bbe85569a3 sp=0x00000068e93fc530 mode 2
Event: 133.410 Thread 0x000001bbfd288080 Uncommon trap: trap_request=0xffffffde fr.pc=0x000001bbe8d497a0 relative=0x00000000000011e0
Event: 133.410 Thread 0x000001bbfd288080 Uncommon trap: reason=class_check action=maybe_recompile pc=0x000001bbe8d497a0 method=java.util.concurrent.ConcurrentHashMap.putVal(Ljava/lang/Object;Ljava/lang/Object;Z)Ljava/lang/Object; @ 159 c2
Event: 133.410 Thread 0x000001bbfd288080 DEOPT PACKING pc=0x000001bbe8d497a0 sp=0x00000068e93fc5a0
Event: 133.410 Thread 0x000001bbfd288080 DEOPT UNPACKING pc=0x000001bbe85569a3 sp=0x00000068e93fc530 mode 2

Classes unloaded (0 events):
No events

Classes redefined (0 events):
No events

Internal exceptions (20 events):
Event: 37.290 Thread 0x000001bb8955e2f0 Exception <a 'java/io/FileNotFoundException'{0x0000000717c104a0}> (0x0000000717c104a0) 
thrown [s\src\hotspot\share\prims\jni.cpp, line 516]
Event: 37.290 Thread 0x000001bb8955e2f0 Exception <a 'java/io/FileNotFoundException'{0x0000000717c11ce0}> (0x0000000717c11ce0) 
thrown [s\src\hotspot\share\prims\jni.cpp, line 516]
Event: 37.406 Thread 0x000001bb8955e2f0 Exception <a 'java/lang/NoSuchMethodError'{0x000000071c1e4ab8}: 'int java.lang.invoke.DirectMethodHandle$Holder.invokeStatic(java.lang.Object, java.lang.Object, java.lang.Object, java.lang.Object, java.lang.Object)'> (0x000000071c1e4ab8) 
thrown [s\src\hotspot\share\interpreter\linkResolver.cpp, line 759]
Event: 37.507 Thread 0x000001bb89561310 Exception <a 'java/lang/NoSuchMethodError'{0x000000071a2d1288}: 'java.lang.Object java.lang.invoke.DirectMethodHandle$Holder.invokeStatic(java.lang.Object, int, int)'> (0x000000071a2d1288) 
thrown [s\src\hotspot\share\interpreter\linkResolver.cpp, line 759]
Event: 37.789 Thread 0x000001bb8955f160 Exception <a 'java/lang/NoSuchMethodError'{0x00000007192f65c8}: 'java.lang.Object java.lang.invoke.DirectMethodHandle$Holder.invokeStaticInit(java.lang.Object, java.lang.Object, int)'> (0x00000007192f65c8) 
thrown [s\src\hotspot\share\interpreter\linkResolver.cpp, line 759]
Event: 37.806 Thread 0x000001bb8955f160 Exception <a 'sun/nio/fs/WindowsException'{0x000000071934ccd0}> (0x000000071934ccd0) 
thrown [s\src\hotspot\share\prims\jni.cpp, line 516]
Event: 38.115 Thread 0x000001bb8955f160 Exception <a 'java/lang/NoSuchMethodError'{0x0000000717e88d90}: 'void java.lang.invoke.DirectMethodHandle$Holder.invokeStatic(java.lang.Object, java.lang.Object, java.lang.Object, java.lang.Object, java.lang.Object, java.lang.Object, java.lang.Object)'> (0x0000000717e88d90) 
thrown [s\src\hotspot\share\interpreter\linkResolver.cpp, line 759]
Event: 38.151 Thread 0x000001bbfd569800 Exception <a 'java/lang/NoSuchMethodError'{0x0000000717dbf4f0}: 'java.lang.Object java.lang.invoke.DirectMethodHandle$Holder.invokeVirtual(java.lang.Object, java.lang.Object, int)'> (0x0000000717dbf4f0) 
thrown [s\src\hotspot\share\interpreter\linkResolver.cpp, line 759]
Event: 38.182 Thread 0x000001bbfd569800 Exception <a 'java/lang/NoSuchMethodError'{0x00000007177cd688}: 'java.lang.Object java.lang.invoke.DirectMethodHandle$Holder.invokeVirtual(java.lang.Object, java.lang.Object, java.lang.Object, double)'> (0x00000007177cd688) 
thrown [s\src\hotspot\share\interpreter\linkResolver.cpp, line 759]
Event: 38.183 Thread 0x000001bbfd569800 Exception <a 'java/lang/NoSuchMethodError'{0x00000007177dd850}: 'java.lang.Object java.lang.invoke.DirectMethodHandle$Holder.invokeVirtual(java.lang.Object, java.lang.Object, java.lang.Object, int)'> (0x00000007177dd850) 
thrown [s\src\hotspot\share\interpreter\linkResolver.cpp, line 759]
Event: 38.183 Thread 0x000001bbfd569800 Exception <a 'java/lang/NoSuchMethodError'{0x00000007177e5ac8}: 'int java.lang.invoke.DirectMethodHandle$Holder.invokeVirtual(java.lang.Object, java.lang.Object, java.lang.Object, int)'> (0x00000007177e5ac8) 
thrown [s\src\hotspot\share\interpreter\linkResolver.cpp, line 759]
Event: 38.184 Thread 0x000001bbfd569800 Exception <a 'java/lang/NoSuchMethodError'{0x00000007177f67a8}: 'java.lang.Object java.lang.invoke.DirectMethodHandle$Holder.invokeStaticInit(java.lang.Object, java.lang.Object, java.lang.Object, java.lang.Object, java.lang.Object)'> (0x00000007177f67a8) 
thrown [s\src\hotspot\share\interpreter\linkResolver.cpp, line 759]
Event: 38.184 Thread 0x000001bbfd569800 Exception <a 'java/lang/NoSuchMethodError'{0x00000007177ff098}: 'void java.lang.invoke.DirectMethodHandle$Holder.invokeStaticInit(java.lang.Object, java.lang.Object, java.lang.Object, java.lang.Object)'> (0x00000007177ff098) 
thrown [s\src\hotspot\share\interpreter\linkResolver.cpp, line 759]
Event: 38.189 Thread 0x000001bbfd569800 Exception <a 'java/lang/NoSuchMethodError'{0x000000071744d5f8}: 'int java.lang.invoke.DirectMethodHandle$Holder.invokeVirtual(java.lang.Object, java.lang.Object, java.lang.Object, java.lang.Object)'> (0x000000071744d5f8) 
thrown [s\src\hotspot\share\interpreter\linkResolver.cpp, line 759]
Event: 38.193 Thread 0x000001bbfd569800 Exception <a 'java/lang/NoSuchMethodError'{0x00000007174770d0}: 'void java.lang.invoke.DirectMethodHandle$Holder.invokeInterface(java.lang.Object, java.lang.Object)'> (0x00000007174770d0) 
thrown [s\src\hotspot\share\interpreter\linkResolver.cpp, line 759]
Event: 38.242 Thread 0x000001bbfd569800 Exception <a 'java/lang/IncompatibleClassChangeError'{0x00000007172a4e80}: Found class java.lang.Object, but interface was expected> (0x00000007172a4e80) 
thrown [s\src\hotspot\share\interpreter\linkResolver.cpp, line 826]
Event: 38.243 Thread 0x000001bbfd569800 Exception <a 'java/lang/IncompatibleClassChangeError'{0x00000007172a80e8}: Found class java.lang.Object, but interface was expected> (0x00000007172a80e8) 
thrown [s\src\hotspot\share\interpreter\linkResolver.cpp, line 826]
Event: 38.277 Thread 0x000001bbfd569800 Exception <a 'java/lang/NoSuchMethodError'{0x0000000717063ce0}: 'void java.lang.invoke.DirectMethodHandle$Holder.invokeSpecial(java.lang.Object, java.lang.Object, int, java.lang.Object)'> (0x0000000717063ce0) 
thrown [s\src\hotspot\share\interpreter\linkResolver.cpp, line 759]
Event: 38.419 Thread 0x000001bbfd56ccf0 Exception <a 'java/lang/NoSuchMethodError'{0x0000000718abbab8}: 'int java.lang.invoke.DirectMethodHandle$Holder.invokeStatic(java.lang.Object, int, java.lang.Object)'> (0x0000000718abbab8) 
thrown [s\src\hotspot\share\interpreter\linkResolver.cpp, line 759]
Event: 38.810 Thread 0x000001bbfd569800 Exception <a 'java/lang/IncompatibleClassChangeError'{0x00000007151b7ae0}: Found class java.lang.Object, but interface was expected> (0x00000007151b7ae0) 
thrown [s\src\hotspot\share\interpreter\linkResolver.cpp, line 826]

VM Operations (20 events):
Event: 110.347 Executing VM operation: Cleanup
Event: 110.348 Executing VM operation: Cleanup done
Event: 112.348 Executing VM operation: Cleanup
Event: 112.348 Executing VM operation: Cleanup done
Event: 120.352 Executing VM operation: Cleanup
Event: 120.352 Executing VM operation: Cleanup done
Event: 121.352 Executing VM operation: Cleanup
Event: 121.352 Executing VM operation: Cleanup done
Event: 122.353 Executing VM operation: Cleanup
Event: 122.353 Executing VM operation: Cleanup done
Event: 125.353 Executing VM operation: Cleanup
Event: 125.353 Executing VM operation: Cleanup done
Event: 126.354 Executing VM operation: Cleanup
Event: 126.354 Executing VM operation: Cleanup done
Event: 129.355 Executing VM operation: Cleanup
Event: 129.355 Executing VM operation: Cleanup done
Event: 132.357 Executing VM operation: Cleanup
Event: 132.357 Executing VM operation: Cleanup done
Event: 133.192 Executing VM operation: HandshakeAllThreads
Event: 133.193 Executing VM operation: HandshakeAllThreads done

Events (20 events):
Event: 133.230 loading class java/awt/dnd/peer/DragSourceContextPeer done
Event: 133.230 loading class sun/awt/dnd/SunDragSourceContextPeer done
Event: 133.231 loading class java/awt/EventQueue$4
Event: 133.231 loading class java/awt/EventQueue$4 done
Event: 133.231 loading class java/awt/MenuComponent
Event: 133.231 loading class java/awt/MenuComponent done
Event: 133.231 loading class java/awt/TrayIcon
Event: 133.232 loading class java/awt/TrayIcon done
Event: 133.232 loading class java/awt/event/InputEvent
Event: 133.233 loading class java/awt/event/ComponentEvent
Event: 133.233 loading class java/awt/event/ComponentEvent done
Event: 133.233 loading class java/awt/event/InputEvent done
Event: 133.233 loading class java/awt/event/InputMethodEvent
Event: 133.233 loading class java/awt/event/InputMethodEvent done
Event: 133.233 loading class java/awt/event/ActionEvent
Event: 133.233 loading class java/awt/event/ActionEvent done
Event: 133.334 loading class sun/misc/Unsafe
Event: 133.335 loading class sun/misc/Unsafe done
Event: 133.378 Thread 0x000001bbfee42300 Thread added: 0x000001bbfee42300
Event: 133.380 Thread 0x000001bbfee42810 Thread added: 0x000001bbfee42810


Dynamic libraries:
0x00007ff6fe760000 - 0x00007ff6fe76e000 	C:\Users\doubl\.p2\pool\plugins\org.eclipse.justj.openjdk.hotspot.jre.full.win32.x86_64_17.0.7.v20230425-1502\jre\bin\javaw.exe
0x00007ffa3f3c0000 - 0x00007ffa3f623000 	C:\WINDOWS\SYSTEM32\ntdll.dll
0x00007ffa3e730000 - 0x00007ffa3e7f7000 	C:\WINDOWS\System32\KERNEL32.DLL
0x00007ffa3cdc0000 - 0x00007ffa3d170000 	C:\WINDOWS\System32\KERNELBASE.dll
0x00007ffa3cc70000 - 0x00007ffa3cdbb000 	C:\WINDOWS\System32\ucrtbase.dll
0x00007ffa32210000 - 0x00007ffa32229000 	C:\Users\doubl\.p2\pool\plugins\org.eclipse.justj.openjdk.hotspot.jre.full.win32.x86_64_17.0.7.v20230425-1502\jre\bin\VCRUNTIME140.dll
0x00007ffa2fa30000 - 0x00007ffa2fa47000 	C:\Users\doubl\.p2\pool\plugins\org.eclipse.justj.openjdk.hotspot.jre.full.win32.x86_64_17.0.7.v20230425-1502\jre\bin\jli.dll
0x00007ffa3efd0000 - 0x00007ffa3f193000 	C:\WINDOWS\System32\USER32.dll
0x00007ffa331b0000 - 0x00007ffa33440000 	C:\WINDOWS\WinSxS\amd64_microsoft.windows.common-controls_6595b64144ccf1df_6.0.26100.1882_none_3e0e949ae32eca40\COMCTL32.dll
0x00007ffa3c9f0000 - 0x00007ffa3ca17000 	C:\WINDOWS\System32\win32u.dll
0x00007ffa3d4f0000 - 0x00007ffa3d599000 	C:\WINDOWS\System32\msvcrt.dll
0x00007ffa3e040000 - 0x00007ffa3e06a000 	C:\WINDOWS\System32\GDI32.dll
0x00007ffa3cb40000 - 0x00007ffa3cc63000 	C:\WINDOWS\System32\gdi32full.dll
0x00007ffa3c940000 - 0x00007ffa3c9e3000 	C:\WINDOWS\System32\msvcp_win.dll
0x00007ffa3eaa0000 - 0x00007ffa3eacf000 	C:\WINDOWS\System32\IMM32.DLL
0x00007ffa2fa20000 - 0x00007ffa2fa2c000 	C:\Users\doubl\.p2\pool\plugins\org.eclipse.justj.openjdk.hotspot.jre.full.win32.x86_64_17.0.7.v20230425-1502\jre\bin\vcruntime140_1.dll
0x00007ffa10640000 - 0x00007ffa106d1000 	C:\Users\doubl\.p2\pool\plugins\org.eclipse.justj.openjdk.hotspot.jre.full.win32.x86_64_17.0.7.v20230425-1502\jre\bin\msvcp140.dll
0x00007ff9d2c10000 - 0x00007ff9d3858000 	C:\Users\doubl\.p2\pool\plugins\org.eclipse.justj.openjdk.hotspot.jre.full.win32.x86_64_17.0.7.v20230425-1502\jre\bin\server\jvm.dll
0x00007ffa3e9e0000 - 0x00007ffa3ea94000 	C:\WINDOWS\System32\ADVAPI32.dll
0x00007ffa3d7b0000 - 0x00007ffa3d856000 	C:\WINDOWS\System32\sechost.dll
0x00007ffa3d2c0000 - 0x00007ffa3d3d6000 	C:\WINDOWS\System32\RPCRT4.dll
0x00007ffa39210000 - 0x00007ffa39246000 	C:\WINDOWS\SYSTEM32\WINMM.dll
0x00007ffa11e60000 - 0x00007ffa11e6a000 	C:\WINDOWS\SYSTEM32\WSOCK32.dll
0x00007ffa3d860000 - 0x00007ffa3d8d4000 	C:\WINDOWS\System32\WS2_32.dll
0x00007ffa39250000 - 0x00007ffa3925b000 	C:\WINDOWS\SYSTEM32\VERSION.dll
0x00007ffa3b600000 - 0x00007ffa3b61a000 	C:\WINDOWS\SYSTEM32\kernel.appcore.dll
0x00007ffa2bba0000 - 0x00007ffa2bbaa000 	C:\Users\doubl\.p2\pool\plugins\org.eclipse.justj.openjdk.hotspot.jre.full.win32.x86_64_17.0.7.v20230425-1502\jre\bin\jimage.dll
0x00007ffa3a0c0000 - 0x00007ffa3a301000 	C:\WINDOWS\SYSTEM32\DBGHELP.DLL
0x00007ffa3eb40000 - 0x00007ffa3eebc000 	C:\WINDOWS\System32\combase.dll
0x00007ffa3eed0000 - 0x00007ffa3efa6000 	C:\WINDOWS\System32\OLEAUT32.dll
0x00007ffa27980000 - 0x00007ffa279b9000 	C:\WINDOWS\SYSTEM32\dbgcore.DLL
0x00007ffa3caa0000 - 0x00007ffa3cb39000 	C:\WINDOWS\System32\bcryptPrimitives.dll
0x00007ffa00ad0000 - 0x00007ffa00af5000 	C:\Users\doubl\.p2\pool\plugins\org.eclipse.justj.openjdk.hotspot.jre.full.win32.x86_64_17.0.7.v20230425-1502\jre\bin\java.dll
0x00007ffa10550000 - 0x00007ffa10568000 	C:\Users\doubl\.p2\pool\plugins\org.eclipse.justj.openjdk.hotspot.jre.full.win32.x86_64_17.0.7.v20230425-1502\jre\bin\zip.dll
0x00007ffa3d940000 - 0x00007ffa3e038000 	C:\WINDOWS\System32\SHELL32.dll
0x00007ffa3a520000 - 0x00007ffa3ad4a000 	C:\WINDOWS\SYSTEM32\windows.storage.dll
0x00007ffa3d410000 - 0x00007ffa3d4e3000 	C:\WINDOWS\System32\SHCORE.dll
0x00007ffa3f310000 - 0x00007ffa3f36d000 	C:\WINDOWS\System32\shlwapi.dll
0x00007ffa3c6e0000 - 0x00007ffa3c709000 	C:\WINDOWS\SYSTEM32\profapi.dll
0x00007ffa0cc30000 - 0x00007ffa0cc49000 	C:\Users\doubl\.p2\pool\plugins\org.eclipse.justj.openjdk.hotspot.jre.full.win32.x86_64_17.0.7.v20230425-1502\jre\bin\net.dll
0x00007ffa311c0000 - 0x00007ffa312e6000 	C:\WINDOWS\SYSTEM32\WINHTTP.dll
0x00007ffa3bb20000 - 0x00007ffa3bb88000 	C:\WINDOWS\system32\mswsock.dll
0x00007ffa09e90000 - 0x00007ffa09ea5000 	C:\Users\doubl\.p2\pool\plugins\org.eclipse.justj.openjdk.hotspot.jre.full.win32.x86_64_17.0.7.v20230425-1502\jre\bin\nio.dll
0x00007ffa2fa10000 - 0x00007ffa2fa19000 	C:\Users\doubl\.p2\pool\plugins\org.eclipse.justj.openjdk.hotspot.jre.full.win32.x86_64_17.0.7.v20230425-1502\jre\bin\management.dll
0x00007ffa2fa00000 - 0x00007ffa2fa0b000 	C:\Users\doubl\.p2\pool\plugins\org.eclipse.justj.openjdk.hotspot.jre.full.win32.x86_64_17.0.7.v20230425-1502\jre\bin\management_ext.dll
0x00007ffa3eb30000 - 0x00007ffa3eb38000 	C:\WINDOWS\System32\PSAPI.DLL
0x00007ffa1b2a0000 - 0x00007ffa1b2ae000 	C:\Users\doubl\.p2\pool\plugins\org.eclipse.justj.openjdk.hotspot.jre.full.win32.x86_64_17.0.7.v20230425-1502\jre\bin\sunmscapi.dll
0x00007ffa3c7c0000 - 0x00007ffa3c936000 	C:\WINDOWS\System32\CRYPT32.dll
0x00007ffa3bf50000 - 0x00007ffa3bf80000 	C:\WINDOWS\SYSTEM32\ncrypt.dll
0x00007ffa3bf00000 - 0x00007ffa3bf3f000 	C:\WINDOWS\SYSTEM32\NTASN1.dll
0x00007ffa3bdc0000 - 0x00007ffa3bddc000 	C:\WINDOWS\SYSTEM32\CRYPTSP.dll
0x00007ffa3b560000 - 0x00007ffa3b598000 	C:\WINDOWS\system32\rsaenh.dll
0x00007ffa3bbc0000 - 0x00007ffa3bbeb000 	C:\WINDOWS\SYSTEM32\USERENV.dll
0x00007ffa3bf90000 - 0x00007ffa3bfb6000 	C:\WINDOWS\SYSTEM32\bcrypt.dll
0x00007ffa3bde0000 - 0x00007ffa3bdec000 	C:\WINDOWS\SYSTEM32\CRYPTBASE.dll
0x00007ffa3b010000 - 0x00007ffa3b041000 	C:\WINDOWS\SYSTEM32\IPHLPAPI.DLL
0x00007ffa3f370000 - 0x00007ffa3f37a000 	C:\WINDOWS\System32\NSI.dll
0x00007ffa31320000 - 0x00007ffa3133e000 	C:\WINDOWS\SYSTEM32\dhcpcsvc6.DLL
0x00007ffa312f0000 - 0x00007ffa31315000 	C:\WINDOWS\SYSTEM32\dhcpcsvc.DLL
0x00007ffa3b0a0000 - 0x00007ffa3b1bf000 	C:\WINDOWS\SYSTEM32\DNSAPI.dll
0x00007ffa1ba30000 - 0x00007ffa1ba40000 	C:\Users\doubl\.p2\pool\plugins\org.eclipse.justj.openjdk.hotspot.jre.full.win32.x86_64_17.0.7.v20230425-1502\jre\bin\verify.dll
0x00007ffa09c40000 - 0x00007ffa09c85000 	C:\Users\doubl\AppData\Local\Temp\jna-95774484\jna11445543371934832504.dll
0x00007ffa3e590000 - 0x00007ffa3e729000 	C:\WINDOWS\System32\Ole32.dll
0x00007ffa3d700000 - 0x00007ffa3d7a8000 	C:\WINDOWS\System32\clbcatq.dll
0x00007ffa1f790000 - 0x00007ffa1f7ad000 	C:\WINDOWS\SYSTEM32\amsi.dll
0x00007ffa1e7b0000 - 0x00007ffa1e831000 	C:\ProgramData\Microsoft\Windows Defender\Platform\4.18.24080.9-0\MpOav.dll
0x00007ff9d5c10000 - 0x00007ff9d5c18000 	C:\WINDOWS\system32\wshunix.dll
0x00007ffa311b0000 - 0x00007ffa311bb000 	C:\Windows\System32\rasadhlp.dll
0x00007ffa31350000 - 0x00007ffa313d6000 	C:\WINDOWS\System32\fwpuclnt.dll
0x00007ff9d39f0000 - 0x00007ff9d3b7e000 	C:\Users\doubl\.p2\pool\plugins\org.eclipse.justj.openjdk.hotspot.jre.full.win32.x86_64_17.0.7.v20230425-1502\jre\bin\awt.dll
0x00007ffa39290000 - 0x00007ffa3932c000 	C:\WINDOWS\SYSTEM32\apphelp.dll
0x00007ff9ca240000 - 0x00007ff9cb2bb000 	C:\Users\doubl\Desktop\Breathe\BREATHE\breathe.web\target\classes\PulseJNI.dll
0x00007ffa39be0000 - 0x00007ffa39c8d000 	C:\WINDOWS\system32\uxtheme.dll
0x00007ffa3d5a0000 - 0x00007ffa3d6fb000 	C:\WINDOWS\System32\MSCTF.dll

dbghelp: loaded successfully - version: 4.0.5 - missing functions: none
symbol engine: initialized successfully - sym options: 0x614 - pdb path: .;C:\Users\doubl\.p2\pool\plugins\org.eclipse.justj.openjdk.hotspot.jre.full.win32.x86_64_17.0.7.v20230425-1502\jre\bin;C:\WINDOWS\SYSTEM32;C:\WINDOWS\WinSxS\amd64_microsoft.windows.common-controls_6595b64144ccf1df_6.0.26100.1882_none_3e0e949ae32eca40;C:\Users\doubl\.p2\pool\plugins\org.eclipse.justj.openjdk.hotspot.jre.full.win32.x86_64_17.0.7.v20230425-1502\jre\bin\server;C:\Users\doubl\AppData\Local\Temp\jna-95774484;C:\ProgramData\Microsoft\Windows Defender\Platform\4.18.24080.9-0;C:\Users\doubl\Desktop\Breathe\BREATHE\breathe.web\target\classes

VM Arguments:
jvm_args: -Dfile.encoding=UTF-8 -XX:+ShowCodeDetailsInExceptionMessages 
java_command: app.Main
java_class_path (initial): C:\Users\doubl\Desktop\Breathe\BREATHE\breathe.web\target\classes;C:\Users\doubl\.m2\repository\com\vaadin\vaadin\24.4.13\vaadin-24.4.13.jar;C:\Users\doubl\.m2\repository\com\vaadin\vaadin-internal\24.4.13\vaadin-internal-24.4.13.jar;C:\Users\doubl\.m2\repository\com\vaadin\vaadin-core-internal\24.4.13\vaadin-core-internal-24.4.13.jar;C:\Users\doubl\.m2\repository\com\vaadin\flow-lit-template\24.4.9\flow-lit-template-24.4.9.jar;C:\Users\doubl\.m2\repository\com\vaadin\flow-react\24.4.9\flow-react-24.4.9.jar;C:\Users\doubl\.m2\repository\com\vaadin\flow-html-components\24.4.9\flow-html-components-24.4.9.jar;C:\Users\doubl\.m2\repository\com\vaadin\flow-data\24.4.9\flow-data-24.4.9.jar;C:\Users\doubl\.m2\repository\com\vaadin\flow-dnd\24.4.9\flow-dnd-24.4.9.jar;C:\Users\doubl\.m2\repository\com\vaadin\vaadin-lumo-theme\24.4.13\vaadin-lumo-theme-24.4.13.jar;C:\Users\doubl\.m2\repository\com\vaadin\vaadin-material-theme\24.4.13\vaadin-material-theme-24.4.13.jar;C:\Users\doubl\.m2\repository\com\vaadin\vaadin-accordion-flow\24.4.13\vaadin-accordion-flow-24.4.13.jar;C:\Users\doubl\.m2\repository\com\vaadin\vaadin-avatar-flow\24.4.13\vaadin-avatar-flow-24.4.13.jar;C:\Users\doubl\.m2\repository\com\vaadin\vaadin-button-flow\24.4.13\vaadin-button-flow-24.4.13.jar;C:\Users\doubl\.m2\repository\com\vaadin\vaadin-checkbox-flow\24.4.13\vaadin-checkbox-flow-24.4.13.jar;C:\Users\doubl\.m2\repository\com\vaadin\vaadin-combo-box-flow\24.4.13\vaadin-combo-box-flow-24.4.13.jar;C:\Users\doubl\.m2\repository\com\vaadin\vaadin-confirm-dialog-flow\24.4.13\vaadin-confirm-dialog-flow-24.4.13.jar;C:\Users\doubl\.m2\repository\com\vaadin\vaadin-custom-field-flow\24.4.13\vaadin-custom-field-flow-24.4.13.jar;C:\Users\doubl\.m2\repository\com\vaadin\vaadin-date-picker-flow\24.4.13\vaadin-date-picker-flow-24.4.13.jar;C:\Users\doubl\.m2\repository\com\vaadin\vaadin-date-time-picker-flow\24.4.13\vaadin-date-time-picker-flow-24.4.13.jar;C:\Users\doubl\.m2\repository\com\
Launcher Type: SUN_STANDARD

[Global flags]
     intx CICompilerCount                          = 12                                        {product} {ergonomic}
     uint ConcGCThreads                            = 3                                         {product} {ergonomic}
     uint G1ConcRefinementThreads                  = 13                                        {product} {ergonomic}
   size_t G1HeapRegionSize                         = 2097152                                   {product} {ergonomic}
    uintx GCDrainStackTargetSize                   = 64                                        {product} {ergonomic}
   size_t InitialHeapSize                          = 257949696                                 {product} {ergonomic}
   size_t MarkStackSize                            = 4194304                                   {product} {ergonomic}
   size_t MaxHeapSize                              = 4120903680                                {product} {ergonomic}
   size_t MaxNewSize                               = 2472542208                                {product} {ergonomic}
   size_t MinHeapDeltaBytes                        = 2097152                                   {product} {ergonomic}
   size_t MinHeapSize                              = 8388608                                   {product} {ergonomic}
    uintx NonNMethodCodeHeapSize                   = 7602480                                {pd product} {ergonomic}
    uintx NonProfiledCodeHeapSize                  = 122027880                              {pd product} {ergonomic}
    uintx ProfiledCodeHeapSize                     = 122027880                              {pd product} {ergonomic}
    uintx ReservedCodeCacheSize                    = 251658240                              {pd product} {ergonomic}
     bool SegmentedCodeCache                       = true                                      {product} {ergonomic}
     bool ShowCodeDetailsInExceptionMessages       = true                                   {manageable} {command line}
   size_t SoftMaxHeapSize                          = 4120903680                             {manageable} {ergonomic}
     bool UseCompressedClassPointers               = true                           {product lp64_product} {ergonomic}
     bool UseCompressedOops                        = true                           {product lp64_product} {ergonomic}
     bool UseG1GC                                  = true                                      {product} {ergonomic}
     bool UseLargePagesIndividualAllocation        = false                                  {pd product} {ergonomic}

Logging:
Log output configuration:
 #0: stdout all=warning uptime,level,tags
 #1: stderr all=off uptime,level,tags

Environment Variables:
JAVA_HOME=C:\Program Files\Amazon Corretto\jdk1.8.0_422
PATH=C:/Users/doubl/.p2/pool/plugins/org.eclipse.justj.openjdk.hotspot.jre.full.win32.x86_64_17.0.7.v20230425-1502/jre/bin/server;C:/Users/doubl/.p2/pool/plugins/org.eclipse.justj.openjdk.hotspot.jre.full.win32.x86_64_17.0.7.v20230425-1502/jre/bin;C:\Program Files (x86)\Java\jre1.8.0_421\bin;C:\Program Files\Amazon Corretto\jdk1.8.0_422\bin;C:\Program Files\Common Files\Oracle\Java\javapath;C:\Program Files (x86)\Common Files\Oracle\Java\java8path;C:\Program Files (x86)\Common Files\Oracle\Java\javapath;C:\WINDOWS\system32;C:\WINDOWS;C:\WINDOWS\System32\Wbem;C:\WINDOWS\System32\WindowsPowerShell\v1.0\;C:\WINDOWS\System32\OpenSSH\;C:\Program Files\Microsoft VS Code\bin;C:\Program Files\Git\cmd;C:\Program Files\nodejs\;C:\ProgramData\chocolatey\bin;C:\Program Files\PuTTY\;C:\Users\doubl\Desktop\Uni\IR\apache-ant-1.9.16-bin\apache-ant-1.9.16\bin;C:\Users\doubl\Desktop\Uni\IR\gradle-7.6.3-bin\gradle-7.6.3\bin;C:\MinGW\bin;C:\Program Files\TortoiseSVN\bin;C:\Program Files\Git\usr\bin;C:\Users\doubl\Desktop\Uni\IR\icu4c-74_1-Win64-MSVC2022\bin64;C:\Program Files\Amazon Corretto\jdk1.8.0_422\bin;C:\Program Files\Java\jre-1.8\bin;C:\Users\doubl\AppData\Local\Programs\Python\Python38\Scripts;C:\Program Files\dotnet\;C:\Users\doubl\AppData\Local\Programs\Python\Python38\Scripts\;C:\Users\doubl\AppData\Local\Programs\Python\Python38\;C:\Users\doubl\AppData\Local\Microsoft\WindowsApps;C:\Users\doubl\AppData\Roaming\npm;C:\Users\doubl\AppData\Local\GitHubDesktop\bin;C:\Program Files\JetBrains\PyCharm 2023.2.5\bin;;C:\Users\doubl\.dotnet\tools;;C:\Users\doubl\Desktop;
USERNAME=doubl
OS=Windows_NT
PROCESSOR_IDENTIFIER=AMD64 Family 25 Model 80 Stepping 0, AuthenticAMD
TMP=C:\Users\doubl\AppData\Local\Temp
TEMP=C:\Users\doubl\AppData\Local\Temp



---------------  S Y S T E M  ---------------

OS:
 Windows 11 , 64 bit Build 26100 (10.0.26100.1882)
OS uptime: 0 days 0:09 hours
Hyper-V role detected

CPU: total 16 (initial active 16) (16 cores per cpu, 2 threads per core) family 25 model 80 stepping 0 microcode 0xa50000f, cx8, cmov, fxsr, ht, mmx, 3dnowpref, sse, sse2, sse3, ssse3, sse4a, sse4.1, sse4.2, popcnt, lzcnt, tsc, tscinvbit, avx, avx2, aes, erms, clmul, bmi1, bmi2, adx, sha, fma, vzeroupper, clflush, clflushopt, hv

Memory: 4k page, system-wide physical 15712M (6768M free)
TotalPageFile size 16736M (AvailPageFile size 6266M)
current process WorkingSet (physical memory assigned to process): 542M, peak: 542M
current process commit charge ("private bytes"): 576M, peak: 656M

vm_info: OpenJDK 64-Bit Server VM (17.0.7+7) for windows-amd64 JRE (17.0.7+7), built on Apr 18 2023 22:10:42 by "temurin" with MS VC++ 16.7 (VS2019)

END.
