#
# A fatal error has been detected by the Java Runtime Environment:
#
#  EXCEPTION_ACCESS_VIOLATION (0xc0000005) at pc=0x00007ffa52057fd0, pid=11976, tid=13220
#
# JRE version: OpenJDK Runtime Environment Temurin-17.0.7+7 (17.0.7+7) (build 17.0.7+7)
# Java VM: OpenJDK 64-Bit Server VM Temurin-17.0.7+7 (17.0.7+7, mixed mode, tiered, compressed oops, compressed class ptrs, g1 gc, windows-amd64)
# Problematic frame:
# C  [PulseJNI.dll+0x297fd0]
#
# No core dump will be written. Minidumps are not enabled by default on client versions of Windows
#
# If you would like to submit a bug report, please visit:
#   https://github.com/adoptium/adoptium-support/issues
# The crash happened outside the Java Virtual Machine in native code.
# See problematic frame for where to report the bug.
#

---------------  S U M M A R Y ------------

Command Line: -Dfile.encoding=UTF-8 -XX:+ShowCodeDetailsInExceptionMessages app.Main

Host: AMD Ryzen 7 5825U with Radeon Graphics         , 16 cores, 15G,  Windows 11 , 64 bit Build 22621 (10.0.22621.3958)
Time: Sun Oct 20 18:02:48 2024 ora legale Europa occidentale elapsed time: 35.707420 seconds (0d 0h 0m 35s)

---------------  T H R E A D  ---------------

Current thread (0x0000016516617b30):  JavaThread "SwingWorker-pool-2-thread-1" daemon [_thread_in_native, id=13220, stack(0x0000002e3d100000,0x0000002e3d200000)]

Stack: [0x0000002e3d100000,0x0000002e3d200000],  sp=0x0000002e3d1fe3e0,  free space=1016k
Native frames: (J=compiled Java code, j=interpreted, Vv=VM code, C=native code)
C  [PulseJNI.dll+0x297fd0]

Java frames: (J=compiled Java code, j=interpreted, Vv=VM code)
j  com.kitware.pulse.engine.PulseEngine.nativeInitializeEngine(JLjava/lang/String;Ljava/lang/String;I)Z+0
j  com.kitware.pulse.engine.PulseEngine.initializeEngine(Lcom/kitware/pulse/cdm/engine/SEPatientConfiguration;Lcom/kitware/pulse/cdm/engine/SEDataRequestManager;)Z+39
j  app.SimulationWorker.doInBackground()Ljava/lang/Void;+24
j  app.SimulationWorker.doInBackground()Ljava/lang/Object;+1
j  javax.swing.SwingWorker$1.call()Ljava/lang/Object;+14 java.desktop@17.0.7
j  java.util.concurrent.FutureTask.run()V+39 java.base@17.0.7
j  javax.swing.SwingWorker.run()V+4 java.desktop@17.0.7
j  java.util.concurrent.ThreadPoolExecutor.runWorker(Ljava/util/concurrent/ThreadPoolExecutor$Worker;)V+92 java.base@17.0.7
j  java.util.concurrent.ThreadPoolExecutor$Worker.run()V+5 java.base@17.0.7
j  java.lang.Thread.run()V+11 java.base@17.0.7
v  ~StubRoutines::call_stub

siginfo: EXCEPTION_ACCESS_VIOLATION (0xc0000005), reading address 0x0000000000000000


Register to memory mapping:

RIP=0x00007ffa52057fd0 PulseJNI.dll
RAX=0x0 is NULL
RBX={method} {0x00000165282681a0} 'nativeInitializeEngine' '(JLjava/lang/String;Ljava/lang/String;I)Z' in 'com/kitware/pulse/engine/PulseEngine'
RCX=0x00000165192f3cc0 points into unknown readable memory: 0x00007ffa52920f60 | 60 0f 92 52 fa 7f 00 00
RDX=0x0 is NULL
RSP=0x0000002e3d1fe3e0 is pointing into the stack for thread: 0x0000016516617b30
RBP=0x0000002e3d1ff3f8 is pointing into the stack for thread: 0x0000016516617b30
RSI=3807132805 is a compressed pointer to object: [B 
{0x000000071761e428} - klass: {type array byte}
 - length: 753
RDI=3807132313 is a compressed pointer to object: [B 
{0x000000071761d4c8} - klass: {type array byte}
 - length: 1150
R8 =0x00007ffa52d75100 PulseJNI.dll
R9 =0x0000000000000001 is an unknown value
R10=0x0000000000000003 is an unknown value
R11=0x0000002e3d1fe080 is pointing into the stack for thread: 0x0000016516617b30
R12=0x0 is NULL
R13={method} {0x00000165282681a0} 'nativeInitializeEngine' '(JLjava/lang/String;Ljava/lang/String;I)Z' in 'com/kitware/pulse/engine/PulseEngine'
R14=0x0000002e3d1ff440 is pointing into the stack for thread: 0x0000016516617b30
R15=0x0000016516617b30 is a thread


Registers:
RAX=0x0000000000000000, RBX=0x0000016528268198, RCX=0x00000165192f3cc0, RDX=0x0000000000000000
RSP=0x0000002e3d1fe3e0, RBP=0x0000002e3d1ff3f8, RSI=0x00000000e2ec3c85, RDI=0x00000000e2ec3a99
R8 =0x00007ffa52d75100, R9 =0x0000000000000001, R10=0x0000000000000003, R11=0x0000002e3d1fe080
R12=0x0000000000000000, R13=0x0000016528268198, R14=0x0000002e3d1ff440, R15=0x0000016516617b30
RIP=0x00007ffa52057fd0, EFLAGS=0x0000000000010246

Top of Stack: (sp=0x0000002e3d1fe3e0)
0x0000002e3d1fe3e0:   00000165192f3cc0 0000000000000000
0x0000002e3d1fe3f0:   00007ffa51dedae0 000000000000000f
0x0000002e3d1fe400:   00007ffa520a8a70 00007ffa51de83a0
0x0000002e3d1fe410:   0000000000000000 000000000000000f
0x0000002e3d1fe420:   6c616e7265746e00 000000006e696b53
0x0000002e3d1fe430:   0000000000000000 000000000000000f
0x0000002e3d1fe440:   000001651a6db500 0000000000000000
0x0000002e3d1fe450:   00007ffa51dec230 00007ffa51de55f0
0x0000002e3d1fe460:   00007ffa51de55f0 00007ffa51de55f0
0x0000002e3d1fe470:   00007ffa51decbf0 00007ffa520a896b
0x0000002e3d1fe480:   00000165192f3cc0 0000000000000000
0x0000002e3d1fe490:   0000000000000000 000000000000000f
0x0000002e3d1fe4a0:   6c616e7265747800 000000006e696b53
0x0000002e3d1fe4b0:   00007ffa520a8a70 000000000000000f
0x0000002e3d1fe4c0:   6c616e7265746e00 0000000065726f43
0x0000002e3d1fe4d0:   0000000000000000 00007ffa520a84ae 

Instructions: (pc=0x00007ffa52057fd0)
0x00007ffa52057ed0:   28 e8 6a b5 d7 ff 48 89 44 24 20 48 8b 4c 24 28
0x00007ffa52057ee0:   e8 7b b5 d7 ff 48 89 44 24 30 eb 0e 48 8b 44 24
0x00007ffa52057ef0:   20 48 83 c0 08 48 89 44 24 20 48 8b 44 24 30 48
0x00007ffa52057f00:   39 44 24 20 74 1f 48 8b 44 24 20 48 8b 00 48 89
0x00007ffa52057f10:   44 24 38 48 8b 44 24 58 48 39 44 24 38 75 04 b0
0x00007ffa52057f20:   01 eb 04 eb c7 32 c0 48 83 c4 48 c3 cc cc cc cc
0x00007ffa52057f30:   cc cc cc cc cc cc cc cc cc cc cc cc cc cc cc cc
0x00007ffa52057f40:   48 89 4c 24 08 48 8b 44 24 08 48 83 c0 48 c3 cc
0x00007ffa52057f50:   cc cc cc cc cc cc cc cc cc cc cc cc cc cc cc cc
0x00007ffa52057f60:   48 89 4c 24 08 48 8b 44 24 08 48 83 c0 60 c3 cc
0x00007ffa52057f70:   cc cc cc cc cc cc cc cc cc cc cc cc cc cc cc cc
0x00007ffa52057f80:   48 89 54 24 10 48 89 4c 24 08 48 81 ec 98 00 00
0x00007ffa52057f90:   00 48 8b 84 24 a0 00 00 00 48 8b 00 48 8b 80 d0
0x00007ffa52057fa0:   00 00 00 48 89 44 24 20 48 8b 94 24 a8 00 00 00
0x00007ffa52057fb0:   48 8b 8c 24 a0 00 00 00 ff 54 24 20 0f b6 c0 85
0x00007ffa52057fc0:   c0 74 05 e9 5c 01 00 00 48 8b 84 24 a8 00 00 00
0x00007ffa52057fd0:   48 8b 00 48 8b 8c 24 a8 00 00 00 ff 90 b0 00 00
0x00007ffa52057fe0:   00 83 f8 03 75 5e 48 8b 84 24 a0 00 00 00 48 83
0x00007ffa52057ff0:   c0 78 48 89 44 24 30 48 8b 84 24 a8 00 00 00 48
0x00007ffa52058000:   89 44 24 28 48 8d 54 24 28 48 8b 4c 24 30 e8 bd
0x00007ffa52058010:   8e da ff 90 48 8b 84 24 a0 00 00 00 48 05 90 00
0x00007ffa52058020:   00 00 48 89 44 24 40 48 8b 84 24 a8 00 00 00 48
0x00007ffa52058030:   89 44 24 38 48 8d 54 24 38 48 8b 4c 24 40 e8 8d
0x00007ffa52058040:   8e da ff 90 48 8b 84 24 a8 00 00 00 48 8b 00 48
0x00007ffa52058050:   8b 8c 24 a8 00 00 00 ff 90 b0 00 00 00 83 f8 02
0x00007ffa52058060:   75 60 48 8b 84 24 a0 00 00 00 48 05 a8 00 00 00
0x00007ffa52058070:   48 89 44 24 50 48 8b 84 24 a8 00 00 00 48 89 44
0x00007ffa52058080:   24 48 48 8d 54 24 48 48 8b 4c 24 50 e8 3f 8e da
0x00007ffa52058090:   ff 90 48 8b 84 24 a0 00 00 00 48 05 c0 00 00 00
0x00007ffa520580a0:   48 89 44 24 60 48 8b 84 24 a8 00 00 00 48 89 44
0x00007ffa520580b0:   24 58 48 8d 54 24 58 48 8b 4c 24 60 e8 0f 8e da
0x00007ffa520580c0:   ff 90 48 8b 84 24 a0 00 00 00 48 83 c0 48 48 89 


Stack slot to memory mapping:
stack at sp + 0 slots: 0x00000165192f3cc0 points into unknown readable memory: 0x00007ffa52920f60 | 60 0f 92 52 fa 7f 00 00
stack at sp + 1 slots: 0x0 is NULL
stack at sp + 2 slots: 0x00007ffa51dedae0 PulseJNI.dll
stack at sp + 3 slots: 0x000000000000000f is an unknown value
stack at sp + 4 slots: 0x00007ffa520a8a70 PulseJNI.dll
stack at sp + 5 slots: 0x00007ffa51de83a0 PulseJNI.dll
stack at sp + 6 slots: 0x0 is NULL
stack at sp + 7 slots: 0x000000000000000f is an unknown value


---------------  P R O C E S S  ---------------

Threads class SMR info:
_java_thread_list=0x000001651c4ea6f0, length=69, elements={
0x000001657f3a0030, 0x000001657f3a16c0, 0x000001657f3b5d10, 0x000001657f3b79e0,
0x000001657f3cbb40, 0x000001657f3ce410, 0x000001657f3e0260, 0x000001657f3e0d00,
0x000001657f3e3700, 0x000001657f6aa150, 0x000001657f6a91c0, 0x000001651553c760,
0x000001651e60a400, 0x0000016515ee8530, 0x000001651e62b8b0, 0x0000016514178b50,
0x000001651a2b6fc0, 0x000001651a2bbcc0, 0x000001651a2bc190, 0x000001651a2bb7f0,
0x0000016514f88e50, 0x0000016514f8c810, 0x0000016514f8be70, 0x0000016514f85e30,
0x0000016514f87640, 0x0000016514f87b10, 0x0000016514f8c340, 0x0000016514f87fe0,
0x0000016514f87170, 0x0000016514f884b0, 0x0000016514f88980, 0x0000016514f8a190,
0x000001651a2b7490, 0x000001651a2b57b0, 0x000001651a2bc660, 0x000001651a2ba980,
0x000001651a2b5c80, 0x000001651a2b6af0, 0x000001651a2b9640, 0x000001651a2ba4b0,
0x000001651a2bd000, 0x000001651a2b6150, 0x000001651a2b8300, 0x000001651a2b87d0,
0x000001651a2bae50, 0x000001651a2b8ca0, 0x000001651a2b9b10, 0x0000016514f89cc0,
0x0000016514f8cce0, 0x0000016514f8d1b0, 0x0000016514f8b000, 0x0000016514f86300,
0x0000016514176e70, 0x0000016514177340, 0x00000165141764d0, 0x000001651661be90,
0x0000016516618000, 0x000001651661c360, 0x000001651661db70, 0x0000016516619340,
0x00000165166184d0, 0x000001651661b020, 0x0000016516617b30, 0x0000016516619ce0,
0x000001651661b9c0, 0x000001651661e9e0, 0x0000016516618e70, 0x000001651f25d6f0,
0x000001651f25b380
}

Java Threads: ( => current thread )
  0x000001657f3a0030 JavaThread "Reference Handler" daemon [_thread_blocked, id=9856, stack(0x0000002e3af00000,0x0000002e3b000000)]
  0x000001657f3a16c0 JavaThread "Finalizer" daemon [_thread_blocked, id=33984, stack(0x0000002e3b000000,0x0000002e3b100000)]
  0x000001657f3b5d10 JavaThread "Signal Dispatcher" daemon [_thread_blocked, id=33388, stack(0x0000002e3b200000,0x0000002e3b300000)]
  0x000001657f3b79e0 JavaThread "Attach Listener" daemon [_thread_blocked, id=27900, stack(0x0000002e3b300000,0x0000002e3b400000)]
  0x000001657f3cbb40 JavaThread "Service Thread" daemon [_thread_blocked, id=31664, stack(0x0000002e3b400000,0x0000002e3b500000)]
  0x000001657f3ce410 JavaThread "Monitor Deflation Thread" daemon [_thread_blocked, id=22128, stack(0x0000002e3b500000,0x0000002e3b600000)]
  0x000001657f3e0260 JavaThread "C2 CompilerThread0" daemon [_thread_blocked, id=22972, stack(0x0000002e3b600000,0x0000002e3b700000)]
  0x000001657f3e0d00 JavaThread "C1 CompilerThread0" daemon [_thread_blocked, id=29564, stack(0x0000002e3b700000,0x0000002e3b800000)]
  0x000001657f3e3700 JavaThread "Sweeper thread" daemon [_thread_blocked, id=10644, stack(0x0000002e3b800000,0x0000002e3b900000)]
  0x000001657f6aa150 JavaThread "Notification Thread" daemon [_thread_blocked, id=34412, stack(0x0000002e3ba00000,0x0000002e3bb00000)]
  0x000001657f6a91c0 JavaThread "Common-Cleaner" daemon [_thread_blocked, id=21268, stack(0x0000002e3bc00000,0x0000002e3bd00000)]
  0x000001651553c760 JavaThread "JNA Cleaner" daemon [_thread_blocked, id=26452, stack(0x0000002e3bd00000,0x0000002e3be00000)]
  0x000001651e60a400 JavaThread "ForkJoinPool.commonPool-worker-1" daemon [_thread_blocked, id=11032, stack(0x0000002e3db00000,0x0000002e3dc00000)]
  0x0000016515ee8530 JavaThread "ForkJoinPool.commonPool-worker-2" daemon [_thread_blocked, id=6768, stack(0x0000002e3dc00000,0x0000002e3dd00000)]
  0x000001651e62b8b0 JavaThread "ForkJoinPool.commonPool-worker-3" daemon [_thread_blocked, id=21040, stack(0x0000002e3dd00000,0x0000002e3de00000)]
  0x0000016514178b50 JavaThread "ForkJoinPool.commonPool-worker-4" daemon [_thread_blocked, id=28924, stack(0x0000002e3e200000,0x0000002e3e300000)]
  0x000001651a2b6fc0 JavaThread "Live Reload Server" daemon [_thread_in_native, id=11676, stack(0x0000002e3e600000,0x0000002e3e700000)]
  0x000001651a2bbcc0 JavaThread "DestroyJavaVM" [_thread_blocked, id=31488, stack(0x0000002e3a800000,0x0000002e3a900000)]
  0x000001651a2bc190 JavaThread "Java2D Disposer" daemon [_thread_blocked, id=35652, stack(0x0000002e3c500000,0x0000002e3c600000)]
  0x000001651a2bb7f0 JavaThread "Live Reload #1" daemon [_thread_in_native, id=18140, stack(0x0000002e3b900000,0x0000002e3ba00000)]
  0x0000016514f88e50 JavaThread "ForkJoinPool.commonPool-worker-5" daemon [_thread_blocked, id=29628, stack(0x0000002e3de00000,0x0000002e3df00000)]
  0x0000016514f8c810 JavaThread "Catalina-utility-1" [_thread_blocked, id=19752, stack(0x0000002e3df00000,0x0000002e3e000000)]
  0x0000016514f8be70 JavaThread "Catalina-utility-2" [_thread_blocked, id=16164, stack(0x0000002e3e000000,0x0000002e3e100000)]
  0x0000016514f85e30 JavaThread "container-0" [_thread_blocked, id=16272, stack(0x0000002e3e100000,0x0000002e3e200000)]
  0x0000016514f87640 JavaThread "File Watcher" daemon [_thread_blocked, id=11020, stack(0x0000002e3e400000,0x0000002e3e500000)]
  0x0000016514f87b10 JavaThread "Atmosphere-Scheduler-0" daemon [_thread_blocked, id=1252, stack(0x0000002e3e700000,0x0000002e3e800000)]
  0x0000016514f8c340 JavaThread "Atmosphere-Shared-0" daemon [_thread_blocked, id=8944, stack(0x0000002e3e800000,0x0000002e3e900000)]
  0x0000016514f87fe0 JavaThread "Atmosphere-Scheduler-1" daemon [_thread_blocked, id=11468, stack(0x0000002e3e900000,0x0000002e3ea00000)]
  0x0000016514f87170 JavaThread "http-nio-8080-exec-1" daemon [_thread_blocked, id=34848, stack(0x0000002e3ea00000,0x0000002e3eb00000)]
  0x0000016514f884b0 JavaThread "http-nio-8080-exec-2" daemon [_thread_blocked, id=29912, stack(0x0000002e3eb00000,0x0000002e3ec00000)]
  0x0000016514f88980 JavaThread "http-nio-8080-exec-3" daemon [_thread_blocked, id=30200, stack(0x0000002e3ec00000,0x0000002e3ed00000)]
  0x0000016514f8a190 JavaThread "http-nio-8080-exec-4" daemon [_thread_blocked, id=25788, stack(0x0000002e3ed00000,0x0000002e3ee00000)]
  0x000001651a2b7490 JavaThread "http-nio-8080-exec-5" daemon [_thread_blocked, id=29388, stack(0x0000002e3ee00000,0x0000002e3ef00000)]
  0x000001651a2b57b0 JavaThread "http-nio-8080-exec-6" daemon [_thread_blocked, id=27976, stack(0x0000002e3ef00000,0x0000002e3f000000)]
  0x000001651a2bc660 JavaThread "http-nio-8080-exec-7" daemon [_thread_blocked, id=14268, stack(0x0000002e3f000000,0x0000002e3f100000)]
  0x000001651a2ba980 JavaThread "http-nio-8080-exec-8" daemon [_thread_blocked, id=13212, stack(0x0000002e3f100000,0x0000002e3f200000)]
  0x000001651a2b5c80 JavaThread "http-nio-8080-exec-9" daemon [_thread_blocked, id=26024, stack(0x0000002e3f200000,0x0000002e3f300000)]
  0x000001651a2b6af0 JavaThread "http-nio-8080-exec-10" daemon [_thread_blocked, id=30220, stack(0x0000002e3f300000,0x0000002e3f400000)]
  0x000001651a2b9640 JavaThread "http-nio-8080-Poller" daemon [_thread_in_native, id=1568, stack(0x0000002e3f400000,0x0000002e3f500000)]
  0x000001651a2ba4b0 JavaThread "http-nio-8080-Acceptor" daemon [_thread_in_native, id=15548, stack(0x0000002e3f500000,0x0000002e3f600000)]
  0x000001651a2bd000 JavaThread "FileSystemWatchService" daemon [_thread_in_native, id=10088, stack(0x0000002e3f600000,0x0000002e3f700000)]
  0x000001651a2b6150 JavaThread "ForkJoinPool.commonPool-worker-6" daemon [_thread_blocked, id=25900, stack(0x0000002e3fa00000,0x0000002e3fb00000)]
  0x000001651a2b8300 JavaThread "Atmosphere-Scheduler-2" daemon [_thread_blocked, id=21048, stack(0x0000002e3c800000,0x0000002e3c900000)]
  0x000001651a2b87d0 JavaThread "Atmosphere-Scheduler-3" daemon [_thread_blocked, id=30040, stack(0x0000002e3e300000,0x0000002e3e400000)]
  0x000001651a2bae50 JavaThread "Atmosphere-Shared-0" daemon [_thread_blocked, id=20456, stack(0x0000002e3f700000,0x0000002e3f800000)]
  0x000001651a2b8ca0 JavaThread "Atmosphere-Scheduler-4" daemon [_thread_blocked, id=22488, stack(0x0000002e3f800000,0x0000002e3f900000)]
  0x000001651a2b9b10 JavaThread "HttpClient-6-SelectorManager" daemon [_thread_in_native, id=3432, stack(0x0000002e3fb00000,0x0000002e3fc00000)]
  0x0000016514f89cc0 JavaThread "HttpClient-7-SelectorManager" daemon [_thread_in_native, id=30252, stack(0x0000002e3fc00000,0x0000002e3fd00000)]
  0x0000016514f8cce0 JavaThread "HttpClient-8-SelectorManager" daemon [_thread_in_native, id=27776, stack(0x0000002e3fd00000,0x0000002e3fe00000)]
  0x0000016514f8d1b0 JavaThread "HttpClient-9-SelectorManager" daemon [_thread_in_native, id=27644, stack(0x0000002e3fe00000,0x0000002e3ff00000)]
  0x0000016514f8b000 JavaThread "HttpClient-10-SelectorManager" daemon [_thread_in_native, id=18468, stack(0x0000002e3ff00000,0x0000002e40000000)]
  0x0000016514f86300 JavaThread "Atmosphere-Scheduler-5" daemon [_thread_blocked, id=5516, stack(0x0000002e40000000,0x0000002e40100000)]
  0x0000016514176e70 JavaThread "Atmosphere-Scheduler-6" daemon [_thread_blocked, id=28580, stack(0x0000002e40200000,0x0000002e40300000)]
  0x0000016514177340 JavaThread "Atmosphere-Scheduler-7" daemon [_thread_blocked, id=2092, stack(0x0000002e40400000,0x0000002e40500000)]
  0x00000165141764d0 JavaThread "Atmosphere-Scheduler-8" daemon [_thread_blocked, id=17736, stack(0x0000002e40600000,0x0000002e40700000)]
  0x000001651661be90 JavaThread "WebSocket background processing" daemon [_thread_blocked, id=24716, stack(0x0000002e40700000,0x0000002e40800000)]
  0x0000016516618000 JavaThread "Atmosphere-Scheduler-9" daemon [_thread_blocked, id=25204, stack(0x0000002e40900000,0x0000002e40a00000)]
  0x000001651661c360 JavaThread "Atmosphere-Scheduler-10" daemon [_thread_blocked, id=20488, stack(0x0000002e40a00000,0x0000002e40b00000)]
  0x000001651661db70 JavaThread "HttpClient-6-Worker-0" daemon [_thread_blocked, id=3260, stack(0x0000002e40b00000,0x0000002e40c00000)]
  0x0000016516619340 JavaThread "HttpClient-6-Worker-1" daemon [_thread_blocked, id=26752, stack(0x0000002e3c600000,0x0000002e3c700000)]
  0x00000165166184d0 JavaThread "Atmosphere-Scheduler-11" daemon [_thread_blocked, id=21260, stack(0x0000002e3ce00000,0x0000002e3cf00000)]
  0x000001651661b020 JavaThread "Atmosphere-Scheduler-12" daemon [_thread_blocked, id=26344, stack(0x0000002e3d000000,0x0000002e3d100000)]
=>0x0000016516617b30 JavaThread "SwingWorker-pool-2-thread-1" daemon [_thread_in_native, id=13220, stack(0x0000002e3d100000,0x0000002e3d200000)]
  0x0000016516619ce0 JavaThread "AWT-Shutdown" [_thread_blocked, id=26080, stack(0x0000002e3d800000,0x0000002e3d900000)]
  0x000001651661b9c0 JavaThread "AWT-Windows" daemon [_thread_in_native, id=5600, stack(0x0000002e3d900000,0x0000002e3da00000)]
  0x000001651661e9e0 JavaThread "TimerQueue" daemon [_thread_blocked, id=12748, stack(0x0000002e3da00000,0x0000002e3db00000)]
  0x0000016516618e70 JavaThread "AWT-EventQueue-0" [_thread_blocked, id=20212, stack(0x0000002e3e500000,0x0000002e3e600000)]
  0x000001651f25d6f0 JavaThread "C1 CompilerThread1" daemon [_thread_blocked, id=25388, stack(0x0000002e3d500000,0x0000002e3d600000)]
  0x000001651f25b380 JavaThread "C1 CompilerThread2" daemon [_thread_blocked, id=26248, stack(0x0000002e3f900000,0x0000002e3fa00000)]

Other Threads:
  0x000001657f378b10 VMThread "VM Thread" [stack: 0x0000002e3ae00000,0x0000002e3af00000] [id=2344]
  0x000001657e428f40 WatcherThread [stack: 0x0000002e3bb00000,0x0000002e3bc00000] [id=25532]
  0x000001656f1bf9f0 GCTaskThread "GC Thread#0" [stack: 0x0000002e3a900000,0x0000002e3aa00000] [id=22108]
  0x0000016513c139e0 GCTaskThread "GC Thread#1" [stack: 0x0000002e3bf00000,0x0000002e3c000000] [id=17748]
  0x00000165144637c0 GCTaskThread "GC Thread#2" [stack: 0x0000002e3c000000,0x0000002e3c100000] [id=23848]
  0x0000016514463a70 GCTaskThread "GC Thread#3" [stack: 0x0000002e3c100000,0x0000002e3c200000] [id=26724]
  0x0000016513924350 GCTaskThread "GC Thread#4" [stack: 0x0000002e3c200000,0x0000002e3c300000] [id=22272]
  0x000001651460fed0 GCTaskThread "GC Thread#5" [stack: 0x0000002e3c700000,0x0000002e3c800000] [id=26020]
  0x00000165148bbf00 GCTaskThread "GC Thread#6" [stack: 0x0000002e3c900000,0x0000002e3ca00000] [id=34824]
  0x00000165149f14a0 GCTaskThread "GC Thread#7" [stack: 0x0000002e3ca00000,0x0000002e3cb00000] [id=17520]
  0x0000016514ec1ce0 GCTaskThread "GC Thread#8" [stack: 0x0000002e3cb00000,0x0000002e3cc00000] [id=26632]
  0x0000016514ebea80 GCTaskThread "GC Thread#9" [stack: 0x0000002e3cf00000,0x0000002e3d000000] [id=35388]
  0x0000016514ebe520 GCTaskThread "GC Thread#10" [stack: 0x0000002e3d200000,0x0000002e3d300000] [id=27592]
  0x0000016514ebe270 GCTaskThread "GC Thread#11" [stack: 0x0000002e3d300000,0x0000002e3d400000] [id=34684]
  0x0000016514ebed30 GCTaskThread "GC Thread#12" [stack: 0x0000002e3d400000,0x0000002e3d500000] [id=17472]
  0x000001656f1ec900 ConcurrentGCThread "G1 Main Marker" [stack: 0x0000002e3aa00000,0x0000002e3ab00000] [id=4008]
  0x000001656f1ed310 ConcurrentGCThread "G1 Conc#0" [stack: 0x0000002e3ab00000,0x0000002e3ac00000] [id=32396]
  0x0000016514ebf7f0 ConcurrentGCThread "G1 Conc#1" [stack: 0x0000002e3cc00000,0x0000002e3cd00000] [id=3768]
  0x0000016514ebdfc0 ConcurrentGCThread "G1 Conc#2" [stack: 0x0000002e3cd00000,0x0000002e3ce00000] [id=13404]
  0x000001657e509c00 ConcurrentGCThread "G1 Refine#0" [stack: 0x0000002e3ac00000,0x0000002e3ad00000] [id=34168]
  0x000001651dd8a9f0 ConcurrentGCThread "G1 Refine#1" [stack: 0x0000002e3d600000,0x0000002e3d700000] [id=7840]
  0x0000016514c22d00 ConcurrentGCThread "G1 Refine#2" [stack: 0x0000002e3d700000,0x0000002e3d800000] [id=17600]
  0x000001657e50c530 ConcurrentGCThread "G1 Service" [stack: 0x0000002e3ad00000,0x0000002e3ae00000] [id=14952]

Threads with active compile tasks:

VM state: not at safepoint (normal execution)

VM Mutex/Monitor currently owned by a thread: None

Heap address: 0x000000070a600000, size: 3930 MB, Compressed Oops mode: Zero based, Oop shift amount: 3

CDS archive(s) not mapped
Compressed class space mapped at: 0x0000000800000000-0x0000000840000000, reserved size: 1073741824
Narrow klass base: 0x0000000800000000, Narrow klass shift: 0, Narrow klass range: 0x40000000

GC Precious Log:
 CPUs: 16 total, 16 available
 Memory: 15712M
 Large Page Support: Disabled
 NUMA Support: Disabled
 Compressed Oops: Enabled (Zero based)
 Heap Region Size: 2M
 Heap Min Capacity: 8M
 Heap Initial Capacity: 246M
 Heap Max Capacity: 3930M
 Pre-touch: Disabled
 Parallel Workers: 13
 Concurrent Workers: 3
 Concurrent Refinement Workers: 13
 Periodic GC: Disabled

Heap:
 garbage-first heap   total 266240K, used 107565K [0x000000070a600000, 0x0000000800000000)
  region size 2048K, 28 young (57344K), 2 survivors (4096K)
 Metaspace       used 82019K, committed 82688K, reserved 1179648K
  class space    used 10052K, committed 10368K, reserved 1048576K

Heap Regions: E=young(eden), S=young(survivor), O=old, HS=humongous(starts), HC=humongous(continues), CS=collection set, F=free, OA=open archive, CA=closed archive, TAMS=top-at-mark-start (previous, next)
|   0|0x000000070a600000, 0x000000070a800000, 0x000000070a800000|100%| O|  |TAMS 0x000000070a800000, 0x000000070a600000| Untracked 
|   1|0x000000070a800000, 0x000000070aa00000, 0x000000070aa00000|100%| O|  |TAMS 0x000000070aa00000, 0x000000070a800000| Untracked 
|   2|0x000000070aa00000, 0x000000070ac00000, 0x000000070ac00000|100%| O|  |TAMS 0x000000070ac00000, 0x000000070aa00000| Untracked 
|   3|0x000000070ac00000, 0x000000070ae00000, 0x000000070ae00000|100%| O|  |TAMS 0x000000070ac00000, 0x000000070ac00000| Untracked 
|   4|0x000000070ae00000, 0x000000070afffff0, 0x000000070b000000| 99%| O|  |TAMS 0x000000070ae00000, 0x000000070ae00000| Untracked 
|   5|0x000000070b000000, 0x000000070b1ffff8, 0x000000070b200000| 99%| O|  |TAMS 0x000000070b000000, 0x000000070b000000| Untracked 
|   6|0x000000070b200000, 0x000000070b3fff90, 0x000000070b400000| 99%| O|  |TAMS 0x000000070b200000, 0x000000070b200000| Untracked 
|   7|0x000000070b400000, 0x000000070b5fff58, 0x000000070b600000| 99%| O|  |TAMS 0x000000070b400000, 0x000000070b400000| Untracked 
|   8|0x000000070b600000, 0x000000070b800000, 0x000000070b800000|100%| O|  |TAMS 0x000000070b600000, 0x000000070b600000| Untracked 
|   9|0x000000070b800000, 0x000000070b9ffff8, 0x000000070ba00000| 99%| O|  |TAMS 0x000000070b800000, 0x000000070b800000| Untracked 
|  10|0x000000070ba00000, 0x000000070bbfff78, 0x000000070bc00000| 99%| O|  |TAMS 0x000000070ba00000, 0x000000070ba00000| Untracked 
|  11|0x000000070bc00000, 0x000000070bdfff98, 0x000000070be00000| 99%| O|  |TAMS 0x000000070bc00000, 0x000000070bc00000| Untracked 
|  12|0x000000070be00000, 0x000000070bffffe8, 0x000000070c000000| 99%| O|  |TAMS 0x000000070be00000, 0x000000070be00000| Untracked 
|  13|0x000000070c000000, 0x000000070c1ffff0, 0x000000070c200000| 99%| O|  |TAMS 0x000000070c000000, 0x000000070c000000| Untracked 
|  14|0x000000070c200000, 0x000000070c3fffd8, 0x000000070c400000| 99%| O|  |TAMS 0x000000070c200000, 0x000000070c200000| Untracked 
|  15|0x000000070c400000, 0x000000070c5ffe98, 0x000000070c600000| 99%| O|  |TAMS 0x000000070c400000, 0x000000070c400000| Untracked 
|  16|0x000000070c600000, 0x000000070c7fffd8, 0x000000070c800000| 99%| O|  |TAMS 0x000000070c600000, 0x000000070c600000| Untracked 
|  17|0x000000070c800000, 0x000000070c941270, 0x000000070ca00000| 62%| O|  |TAMS 0x000000070c800000, 0x000000070c800000| Untracked 
|  18|0x000000070ca00000, 0x000000070cbfc6a8, 0x000000070cc00000| 99%| O|  |TAMS 0x000000070ca00000, 0x000000070ca00000| Untracked 
|  19|0x000000070cc00000, 0x000000070cc4b7e0, 0x000000070ce00000| 14%| O|  |TAMS 0x000000070cc00000, 0x000000070cc00000| Untracked 
|  20|0x000000070ce00000, 0x000000070ce4f9f0, 0x000000070d000000| 15%| O|  |TAMS 0x000000070ce00000, 0x000000070ce00000| Untracked 
|  21|0x000000070d000000, 0x000000070d15f150, 0x000000070d200000| 68%| O|  |TAMS 0x000000070d000000, 0x000000070d000000| Untracked 
|  22|0x000000070d200000, 0x000000070d400000, 0x000000070d400000|100%| O|  |TAMS 0x000000070d200000, 0x000000070d200000| Untracked 
|  23|0x000000070d400000, 0x000000070d5ffff8, 0x000000070d600000| 99%| O|  |TAMS 0x000000070d400000, 0x000000070d400000| Untracked 
|  24|0x000000070d600000, 0x000000070d800000, 0x000000070d800000|100%| O|  |TAMS 0x000000070d600000, 0x000000070d600000| Untracked 
|  25|0x000000070d800000, 0x000000070da00000, 0x000000070da00000|100%| O|  |TAMS 0x000000070d800000, 0x000000070d800000| Untracked 
|  26|0x000000070da00000, 0x000000070dc00000, 0x000000070dc00000|100%|HS|  |TAMS 0x000000070da00000, 0x000000070da00000| Complete 
|  27|0x000000070dc00000, 0x000000070dcf8a00, 0x000000070de00000| 48%| O|  |TAMS 0x000000070dc00000, 0x000000070dc00000| Untracked 
|  28|0x000000070de00000, 0x000000070de00000, 0x000000070e000000|  0%| F|  |TAMS 0x000000070de00000, 0x000000070de00000| Untracked 
|  29|0x000000070e000000, 0x000000070e000000, 0x000000070e200000|  0%| F|  |TAMS 0x000000070e000000, 0x000000070e000000| Untracked 
|  30|0x000000070e200000, 0x000000070e400000, 0x000000070e400000|100%| O|  |TAMS 0x000000070e400000, 0x000000070e200000| Untracked 
|  31|0x000000070e400000, 0x000000070e400000, 0x000000070e600000|  0%| F|  |TAMS 0x000000070e400000, 0x000000070e400000| Untracked 
|  32|0x000000070e600000, 0x000000070e600000, 0x000000070e800000|  0%| F|  |TAMS 0x000000070e600000, 0x000000070e600000| Untracked 
|  33|0x000000070e800000, 0x000000070e800000, 0x000000070ea00000|  0%| F|  |TAMS 0x000000070e800000, 0x000000070e800000| Untracked 
|  34|0x000000070ea00000, 0x000000070ea00000, 0x000000070ec00000|  0%| F|  |TAMS 0x000000070ea00000, 0x000000070ea00000| Untracked 
|  35|0x000000070ec00000, 0x000000070ec00000, 0x000000070ee00000|  0%| F|  |TAMS 0x000000070ec00000, 0x000000070ec00000| Untracked 
|  36|0x000000070ee00000, 0x000000070ee00000, 0x000000070f000000|  0%| F|  |TAMS 0x000000070ee00000, 0x000000070ee00000| Untracked 
|  37|0x000000070f000000, 0x000000070f000000, 0x000000070f200000|  0%| F|  |TAMS 0x000000070f000000, 0x000000070f000000| Untracked 
|  38|0x000000070f200000, 0x000000070f200000, 0x000000070f400000|  0%| F|  |TAMS 0x000000070f200000, 0x000000070f200000| Untracked 
|  39|0x000000070f400000, 0x000000070f400000, 0x000000070f600000|  0%| F|  |TAMS 0x000000070f400000, 0x000000070f400000| Untracked 
|  40|0x000000070f600000, 0x000000070f600000, 0x000000070f800000|  0%| F|  |TAMS 0x000000070f600000, 0x000000070f600000| Untracked 
|  41|0x000000070f800000, 0x000000070f800000, 0x000000070fa00000|  0%| F|  |TAMS 0x000000070f800000, 0x000000070f800000| Untracked 
|  42|0x000000070fa00000, 0x000000070fa00000, 0x000000070fc00000|  0%| F|  |TAMS 0x000000070fa00000, 0x000000070fa00000| Untracked 
|  43|0x000000070fc00000, 0x000000070fc00000, 0x000000070fe00000|  0%| F|  |TAMS 0x000000070fc00000, 0x000000070fc00000| Untracked 
|  44|0x000000070fe00000, 0x000000070fe00000, 0x0000000710000000|  0%| F|  |TAMS 0x000000070fe00000, 0x000000070fe00000| Untracked 
|  45|0x0000000710000000, 0x0000000710000000, 0x0000000710200000|  0%| F|  |TAMS 0x0000000710000000, 0x0000000710000000| Untracked 
|  46|0x0000000710200000, 0x0000000710200000, 0x0000000710400000|  0%| F|  |TAMS 0x0000000710200000, 0x0000000710200000| Untracked 
|  47|0x0000000710400000, 0x0000000710400000, 0x0000000710600000|  0%| F|  |TAMS 0x0000000710400000, 0x0000000710400000| Untracked 
|  48|0x0000000710600000, 0x0000000710600000, 0x0000000710800000|  0%| F|  |TAMS 0x0000000710600000, 0x0000000710600000| Untracked 
|  49|0x0000000710800000, 0x0000000710800000, 0x0000000710a00000|  0%| F|  |TAMS 0x0000000710800000, 0x0000000710800000| Untracked 
|  50|0x0000000710a00000, 0x0000000710a00000, 0x0000000710c00000|  0%| F|  |TAMS 0x0000000710a00000, 0x0000000710a00000| Untracked 
|  51|0x0000000710c00000, 0x0000000710c00000, 0x0000000710e00000|  0%| F|  |TAMS 0x0000000710c00000, 0x0000000710c00000| Untracked 
|  52|0x0000000710e00000, 0x0000000710e00000, 0x0000000711000000|  0%| F|  |TAMS 0x0000000710e00000, 0x0000000710e00000| Untracked 
|  53|0x0000000711000000, 0x0000000711000000, 0x0000000711200000|  0%| F|  |TAMS 0x0000000711000000, 0x0000000711000000| Untracked 
|  54|0x0000000711200000, 0x0000000711200000, 0x0000000711400000|  0%| F|  |TAMS 0x0000000711200000, 0x0000000711200000| Untracked 
|  55|0x0000000711400000, 0x0000000711400000, 0x0000000711600000|  0%| F|  |TAMS 0x0000000711400000, 0x0000000711400000| Untracked 
|  56|0x0000000711600000, 0x0000000711600000, 0x0000000711800000|  0%| F|  |TAMS 0x0000000711600000, 0x0000000711600000| Untracked 
|  57|0x0000000711800000, 0x0000000711800000, 0x0000000711a00000|  0%| F|  |TAMS 0x0000000711800000, 0x0000000711800000| Untracked 
|  58|0x0000000711a00000, 0x0000000711b26ab8, 0x0000000711c00000| 57%| S|CS|TAMS 0x0000000711a00000, 0x0000000711a00000| Complete 
|  59|0x0000000711c00000, 0x0000000711e00000, 0x0000000711e00000|100%| S|CS|TAMS 0x0000000711c00000, 0x0000000711c00000| Complete 
|  60|0x0000000711e00000, 0x0000000711e00000, 0x0000000712000000|  0%| F|  |TAMS 0x0000000711e00000, 0x0000000711e00000| Untracked 
|  61|0x0000000712000000, 0x0000000712000000, 0x0000000712200000|  0%| F|  |TAMS 0x0000000712000000, 0x0000000712000000| Untracked 
|  62|0x0000000712200000, 0x0000000712200000, 0x0000000712400000|  0%| F|  |TAMS 0x0000000712200000, 0x0000000712200000| Untracked 
|  63|0x0000000712400000, 0x0000000712400000, 0x0000000712600000|  0%| F|  |TAMS 0x0000000712400000, 0x0000000712400000| Untracked 
|  64|0x0000000712600000, 0x0000000712600000, 0x0000000712800000|  0%| F|  |TAMS 0x0000000712600000, 0x0000000712600000| Untracked 
|  65|0x0000000712800000, 0x0000000712800000, 0x0000000712a00000|  0%| F|  |TAMS 0x0000000712800000, 0x0000000712800000| Untracked 
|  66|0x0000000712a00000, 0x0000000712a00000, 0x0000000712c00000|  0%| F|  |TAMS 0x0000000712a00000, 0x0000000712a00000| Untracked 
|  67|0x0000000712c00000, 0x0000000712c00000, 0x0000000712e00000|  0%| F|  |TAMS 0x0000000712c00000, 0x0000000712c00000| Untracked 
|  68|0x0000000712e00000, 0x0000000712e00000, 0x0000000713000000|  0%| F|  |TAMS 0x0000000712e00000, 0x0000000712e00000| Untracked 
|  69|0x0000000713000000, 0x0000000713000000, 0x0000000713200000|  0%| F|  |TAMS 0x0000000713000000, 0x0000000713000000| Untracked 
|  70|0x0000000713200000, 0x0000000713200000, 0x0000000713400000|  0%| F|  |TAMS 0x0000000713200000, 0x0000000713200000| Untracked 
|  71|0x0000000713400000, 0x0000000713400000, 0x0000000713600000|  0%| F|  |TAMS 0x0000000713400000, 0x0000000713400000| Untracked 
|  72|0x0000000713600000, 0x0000000713600000, 0x0000000713800000|  0%| F|  |TAMS 0x0000000713600000, 0x0000000713600000| Untracked 
|  73|0x0000000713800000, 0x0000000713800000, 0x0000000713a00000|  0%| F|  |TAMS 0x0000000713800000, 0x0000000713800000| Untracked 
|  74|0x0000000713a00000, 0x0000000713a00000, 0x0000000713c00000|  0%| F|  |TAMS 0x0000000713a00000, 0x0000000713a00000| Untracked 
|  75|0x0000000713c00000, 0x0000000713c00000, 0x0000000713e00000|  0%| F|  |TAMS 0x0000000713c00000, 0x0000000713c00000| Untracked 
|  76|0x0000000713e00000, 0x0000000713edad70, 0x0000000714000000| 42%| O|  |TAMS 0x0000000713e00000, 0x0000000713e00000| Untracked 
|  77|0x0000000714000000, 0x0000000714000000, 0x0000000714200000|  0%| F|  |TAMS 0x0000000714000000, 0x0000000714000000| Untracked 
|  78|0x0000000714200000, 0x00000007142d9cd0, 0x0000000714400000| 42%| O|  |TAMS 0x0000000714200000, 0x0000000714200000| Untracked 
|  79|0x0000000714400000, 0x0000000714400000, 0x0000000714600000|  0%| F|  |TAMS 0x0000000714400000, 0x0000000714400000| Untracked 
|  80|0x0000000714600000, 0x0000000714600000, 0x0000000714800000|  0%| F|  |TAMS 0x0000000714600000, 0x0000000714600000| Untracked 
|  81|0x0000000714800000, 0x0000000714800000, 0x0000000714a00000|  0%| F|  |TAMS 0x0000000714800000, 0x0000000714800000| Untracked 
|  82|0x0000000714a00000, 0x0000000714a00000, 0x0000000714c00000|  0%| F|  |TAMS 0x0000000714a00000, 0x0000000714a00000| Untracked 
|  83|0x0000000714c00000, 0x0000000714c00000, 0x0000000714e00000|  0%| F|  |TAMS 0x0000000714c00000, 0x0000000714c00000| Untracked 
|  84|0x0000000714e00000, 0x0000000714e00000, 0x0000000715000000|  0%| F|  |TAMS 0x0000000714e00000, 0x0000000714e00000| Untracked 
|  85|0x0000000715000000, 0x0000000715000000, 0x0000000715200000|  0%| F|  |TAMS 0x0000000715000000, 0x0000000715000000| Untracked 
|  86|0x0000000715200000, 0x0000000715200000, 0x0000000715400000|  0%| F|  |TAMS 0x0000000715200000, 0x0000000715200000| Untracked 
|  87|0x0000000715400000, 0x0000000715400000, 0x0000000715600000|  0%| F|  |TAMS 0x0000000715400000, 0x0000000715400000| Untracked 
|  88|0x0000000715600000, 0x0000000715600000, 0x0000000715800000|  0%| F|  |TAMS 0x0000000715600000, 0x0000000715600000| Untracked 
|  89|0x0000000715800000, 0x0000000715800000, 0x0000000715a00000|  0%| F|  |TAMS 0x0000000715800000, 0x0000000715800000| Untracked 
|  90|0x0000000715a00000, 0x0000000715a00000, 0x0000000715c00000|  0%| F|  |TAMS 0x0000000715a00000, 0x0000000715a00000| Untracked 
|  91|0x0000000715c00000, 0x0000000715c00000, 0x0000000715e00000|  0%| F|  |TAMS 0x0000000715c00000, 0x0000000715c00000| Untracked 
|  92|0x0000000715e00000, 0x0000000715e00000, 0x0000000716000000|  0%| F|  |TAMS 0x0000000715e00000, 0x0000000715e00000| Untracked 
|  93|0x0000000716000000, 0x0000000716000000, 0x0000000716200000|  0%| F|  |TAMS 0x0000000716000000, 0x0000000716000000| Untracked 
|  94|0x0000000716200000, 0x0000000716200000, 0x0000000716400000|  0%| F|  |TAMS 0x0000000716200000, 0x0000000716200000| Untracked 
|  95|0x0000000716400000, 0x0000000716400000, 0x0000000716600000|  0%| F|  |TAMS 0x0000000716400000, 0x0000000716400000| Untracked 
|  96|0x0000000716600000, 0x0000000716600000, 0x0000000716800000|  0%| F|  |TAMS 0x0000000716600000, 0x0000000716600000| Untracked 
|  97|0x0000000716800000, 0x0000000716800000, 0x0000000716a00000|  0%| F|  |TAMS 0x0000000716800000, 0x0000000716800000| Untracked 
|  98|0x0000000716a00000, 0x0000000716a00000, 0x0000000716c00000|  0%| F|  |TAMS 0x0000000716a00000, 0x0000000716a00000| Untracked 
|  99|0x0000000716c00000, 0x0000000716c00000, 0x0000000716e00000|  0%| F|  |TAMS 0x0000000716c00000, 0x0000000716c00000| Untracked 
| 100|0x0000000716e00000, 0x0000000716e00000, 0x0000000717000000|  0%| F|  |TAMS 0x0000000716e00000, 0x0000000716e00000| Untracked 
| 101|0x0000000717000000, 0x0000000717000000, 0x0000000717200000|  0%| F|  |TAMS 0x0000000717000000, 0x0000000717000000| Untracked 
| 102|0x0000000717200000, 0x0000000717200000, 0x0000000717400000|  0%| F|  |TAMS 0x0000000717200000, 0x0000000717200000| Untracked 
| 103|0x0000000717400000, 0x0000000717400000, 0x0000000717600000|  0%| F|  |TAMS 0x0000000717400000, 0x0000000717400000| Untracked 
| 104|0x0000000717600000, 0x0000000717630580, 0x0000000717800000|  9%| E|  |TAMS 0x0000000717600000, 0x0000000717600000| Complete 
| 105|0x0000000717800000, 0x0000000717a00000, 0x0000000717a00000|100%| E|CS|TAMS 0x0000000717800000, 0x0000000717800000| Complete 
| 106|0x0000000717a00000, 0x0000000717c00000, 0x0000000717c00000|100%| E|CS|TAMS 0x0000000717a00000, 0x0000000717a00000| Complete 
| 107|0x0000000717c00000, 0x0000000717e00000, 0x0000000717e00000|100%| E|CS|TAMS 0x0000000717c00000, 0x0000000717c00000| Complete 
| 108|0x0000000717e00000, 0x0000000718000000, 0x0000000718000000|100%| E|CS|TAMS 0x0000000717e00000, 0x0000000717e00000| Complete 
| 109|0x0000000718000000, 0x0000000718200000, 0x0000000718200000|100%| E|CS|TAMS 0x0000000718000000, 0x0000000718000000| Complete 
| 110|0x0000000718200000, 0x0000000718400000, 0x0000000718400000|100%| E|CS|TAMS 0x0000000718200000, 0x0000000718200000| Complete 
| 111|0x0000000718400000, 0x0000000718600000, 0x0000000718600000|100%| E|CS|TAMS 0x0000000718400000, 0x0000000718400000| Complete 
| 112|0x0000000718600000, 0x0000000718800000, 0x0000000718800000|100%| E|  |TAMS 0x0000000718600000, 0x0000000718600000| Complete 
| 113|0x0000000718800000, 0x0000000718a00000, 0x0000000718a00000|100%| E|CS|TAMS 0x0000000718800000, 0x0000000718800000| Complete 
| 114|0x0000000718a00000, 0x0000000718c00000, 0x0000000718c00000|100%| E|CS|TAMS 0x0000000718a00000, 0x0000000718a00000| Complete 
| 115|0x0000000718c00000, 0x0000000718e00000, 0x0000000718e00000|100%| E|CS|TAMS 0x0000000718c00000, 0x0000000718c00000| Complete 
| 116|0x0000000718e00000, 0x0000000719000000, 0x0000000719000000|100%| E|CS|TAMS 0x0000000718e00000, 0x0000000718e00000| Complete 
| 117|0x0000000719000000, 0x0000000719200000, 0x0000000719200000|100%| E|CS|TAMS 0x0000000719000000, 0x0000000719000000| Complete 
| 118|0x0000000719200000, 0x0000000719400000, 0x0000000719400000|100%| E|CS|TAMS 0x0000000719200000, 0x0000000719200000| Complete 
| 119|0x0000000719400000, 0x0000000719600000, 0x0000000719600000|100%| E|CS|TAMS 0x0000000719400000, 0x0000000719400000| Complete 
| 120|0x0000000719600000, 0x0000000719800000, 0x0000000719800000|100%| E|CS|TAMS 0x0000000719600000, 0x0000000719600000| Complete 
| 121|0x0000000719800000, 0x0000000719a00000, 0x0000000719a00000|100%| E|CS|TAMS 0x0000000719800000, 0x0000000719800000| Complete 
| 122|0x0000000719a00000, 0x0000000719c00000, 0x0000000719c00000|100%| E|CS|TAMS 0x0000000719a00000, 0x0000000719a00000| Complete 
| 123|0x0000000719c00000, 0x0000000719e00000, 0x0000000719e00000|100%| E|CS|TAMS 0x0000000719c00000, 0x0000000719c00000| Complete 
| 124|0x0000000719e00000, 0x000000071a000000, 0x000000071a000000|100%| E|CS|TAMS 0x0000000719e00000, 0x0000000719e00000| Complete 
| 125|0x000000071a000000, 0x000000071a200000, 0x000000071a200000|100%| E|CS|TAMS 0x000000071a000000, 0x000000071a000000| Complete 
| 126|0x000000071a200000, 0x000000071a400000, 0x000000071a400000|100%| E|CS|TAMS 0x000000071a200000, 0x000000071a200000| Complete 
| 127|0x000000071a400000, 0x000000071a600000, 0x000000071a600000|100%| E|CS|TAMS 0x000000071a400000, 0x000000071a400000| Complete 
| 128|0x000000071a600000, 0x000000071a800000, 0x000000071a800000|100%| E|CS|TAMS 0x000000071a600000, 0x000000071a600000| Complete 
| 129|0x000000071a800000, 0x000000071aa00000, 0x000000071aa00000|100%| E|CS|TAMS 0x000000071a800000, 0x000000071a800000| Complete 

Card table byte_map: [0x0000016573810000,0x0000016573fc0000] _byte_map_base: 0x000001656ffbd000

Marking Bits (Prev, Next): (CMBitMap*) 0x000001656f1c0000, (CMBitMap*) 0x000001656f1c0040
 Prev Bits: [0x0000016574770000, 0x00000165784d8000)
 Next Bits: [0x00000165784e0000, 0x000001657c248000)

Polling page: 0x000001656cf00000

Metaspace:

Usage:
  Non-class:     70.28 MB used.
      Class:      9.82 MB used.
       Both:     80.10 MB used.

Virtual space:
  Non-class space:      128.00 MB reserved,      70.62 MB ( 55%) committed,  2 nodes.
      Class space:        1.00 GB reserved,      10.12 MB ( <1%) committed,  1 nodes.
             Both:        1.12 GB reserved,      80.75 MB (  7%) committed. 

Chunk freelists:
   Non-Class:  8.89 MB
       Class:  5.86 MB
        Both:  14.75 MB

MaxMetaspaceSize: unlimited
CompressedClassSpaceSize: 1.00 GB
Initial GC threshold: 21.00 MB
Current GC threshold: 123.69 MB
CDS: off
MetaspaceReclaimPolicy: balanced
 - commit_granule_bytes: 65536.
 - commit_granule_words: 8192.
 - virtual_space_node_default_size: 8388608.
 - enlarge_chunks_in_place: 1.
 - new_chunks_are_fully_committed: 0.
 - uncommit_free_chunks: 1.
 - use_allocation_guard: 0.
 - handle_deallocations: 1.


Internal statistics:

num_allocs_failed_limit: 14.
num_arena_births: 976.
num_arena_deaths: 0.
num_vsnodes_births: 3.
num_vsnodes_deaths: 0.
num_space_committed: 1291.
num_space_uncommitted: 0.
num_chunks_returned_to_freelist: 14.
num_chunks_taken_from_freelist: 3508.
num_chunk_merges: 8.
num_chunk_splits: 2390.
num_chunks_enlarged: 1716.
num_inconsistent_stats: 0.

CodeHeap 'non-profiled nmethods': size=119168Kb used=7864Kb max_used=7864Kb free=111303Kb
 bounds [0x0000016507ba0000, 0x0000016508350000, 0x000001650f000000]
CodeHeap 'profiled nmethods': size=119104Kb used=17826Kb max_used=17826Kb free=101277Kb
 bounds [0x0000016500000000, 0x0000016501170000, 0x0000016507450000]
CodeHeap 'non-nmethods': size=7488Kb used=2518Kb max_used=3100Kb free=4969Kb
 bounds [0x0000016507450000, 0x0000016507770000, 0x0000016507ba0000]
 total_blobs=9275 nmethods=8546 adapters=638
 compilation: enabled
              stopped_count=0, restarted_count=0
 full_count=0

Compilation events (20 events):
Event: 35.675 Thread 0x000001651f25d6f0 nmethod 10394 0x0000016501166590 code [0x0000016501166720, 0x0000016501166868]
Event: 35.676 Thread 0x000001651f25d6f0 10396       3       com.google.protobuf.DescriptorProtos$FeatureSet$MessageEncoding::forNumber (42 bytes)
Event: 35.676 Thread 0x000001657f3e0d00 10397   !   3       com.google.protobuf.GeneratedMessage::getMethodOrDie (27 bytes)
Event: 35.676 Thread 0x000001657f3e0260 nmethod 10395 0x000001650834c290 code [0x000001650834c420, 0x000001650834c598]
Event: 35.676 Thread 0x000001651f25d6f0 nmethod 10396 0x0000016501166910 code [0x0000016501166ac0, 0x0000016501166cd8]
Event: 35.677 Thread 0x000001657f3e0260 10398       4       java.lang.reflect.Method::invoke (65 bytes)
Event: 35.677 Thread 0x000001657f3e0d00 nmethod 10397 0x0000016501166d90 code [0x0000016501166f80, 0x0000016501167338]
Event: 35.678 Thread 0x000001657f3e0d00 10399       3       java.lang.System$2::defineClass (14 bytes)
Event: 35.679 Thread 0x000001657f3e0d00 nmethod 10399 0x0000016501167590 code [0x0000016501167740, 0x00000165011678a8]
Event: 35.686 Thread 0x000001657f3e0260 nmethod 10398 0x000001650834c710 code [0x000001650834c900, 0x000001650834d360]
Event: 35.687 Thread 0x000001651f25d6f0 10400       3       com.google.protobuf.Descriptors$Descriptor::getFields (11 bytes)
Event: 35.687 Thread 0x000001651f25b380 10401       1       com.google.protobuf.Descriptors$FieldDescriptor::getContainingType (5 bytes)
Event: 35.687 Thread 0x000001657f3e0d00 10402       1       com.google.protobuf.Descriptors$FieldDescriptor::getIndex (5 bytes)
Event: 35.687 Thread 0x000001651f25d6f0 nmethod 10400 0x0000016501167990 code [0x0000016501167b80, 0x00000165011680d8]
Event: 35.687 Thread 0x000001651f25b380 nmethod 10401 0x000001650834da90 code [0x000001650834dc20, 0x000001650834dcf8]
Event: 35.687 Thread 0x000001657f3e0d00 nmethod 10402 0x000001650834dd90 code [0x000001650834df20, 0x000001650834dff8]
Event: 35.687 Thread 0x000001657f3e0d00 10403       3       com.google.protobuf.util.JsonFormat$PrettyTextGenerator::write (48 bytes)
Event: 35.687 Thread 0x000001657f3e0d00 nmethod 10403 0x0000016501168310 code [0x00000165011684e0, 0x0000016501168908]
Event: 35.687 Thread 0x000001657f3e0d00 10404       1       java.util.TreeMap$Entry::getKey (5 bytes)
Event: 35.687 Thread 0x000001657f3e0d00 nmethod 10404 0x000001650834e090 code [0x000001650834e220, 0x000001650834e2f8]

GC Heap History (20 events):
Event: 24.612 GC heap before
{Heap before GC invocations=37 (full 1):
 garbage-first heap   total 184320K, used 146164K [0x000000070a600000, 0x0000000800000000)
  region size 2048K, 49 young (100352K), 3 survivors (6144K)
 Metaspace       used 76117K, committed 76736K, reserved 1179648K
  class space    used 9451K, committed 9792K, reserved 1048576K
}
Event: 24.615 GC heap after
{Heap after GC invocations=38 (full 1):
 garbage-first heap   total 221184K, used 54378K [0x000000070a600000, 0x0000000800000000)
  region size 2048K, 4 young (8192K), 4 survivors (8192K)
 Metaspace       used 76117K, committed 76736K, reserved 1179648K
  class space    used 9451K, committed 9792K, reserved 1048576K
}
Event: 24.919 GC heap before
{Heap before GC invocations=38 (full 1):
 garbage-first heap   total 221184K, used 197738K [0x000000070a600000, 0x0000000800000000)
  region size 2048K, 64 young (131072K), 4 survivors (8192K)
 Metaspace       used 76195K, committed 76864K, reserved 1179648K
  class space    used 9451K, committed 9792K, reserved 1048576K
}
Event: 24.922 GC heap after
{Heap after GC invocations=39 (full 1):
 garbage-first heap   total 221184K, used 64917K [0x000000070a600000, 0x0000000800000000)
  region size 2048K, 4 young (8192K), 4 survivors (8192K)
 Metaspace       used 76195K, committed 76864K, reserved 1179648K
  class space    used 9451K, committed 9792K, reserved 1048576K
}
Event: 25.202 GC heap before
{Heap before GC invocations=39 (full 1):
 garbage-first heap   total 221184K, used 181653K [0x000000070a600000, 0x0000000800000000)
  region size 2048K, 61 young (124928K), 4 survivors (8192K)
 Metaspace       used 76196K, committed 76864K, reserved 1179648K
  class space    used 9451K, committed 9792K, reserved 1048576K
}
Event: 25.205 GC heap after
{Heap after GC invocations=40 (full 1):
 garbage-first heap   total 221184K, used 66352K [0x000000070a600000, 0x0000000800000000)
  region size 2048K, 4 young (8192K), 4 survivors (8192K)
 Metaspace       used 76196K, committed 76864K, reserved 1179648K
  class space    used 9451K, committed 9792K, reserved 1048576K
}
Event: 25.430 GC heap before
{Heap before GC invocations=40 (full 1):
 garbage-first heap   total 221184K, used 181040K [0x000000070a600000, 0x0000000800000000)
  region size 2048K, 60 young (122880K), 4 survivors (8192K)
 Metaspace       used 76196K, committed 76864K, reserved 1179648K
  class space    used 9451K, committed 9792K, reserved 1048576K
}
Event: 25.432 GC heap after
{Heap after GC invocations=41 (full 1):
 garbage-first heap   total 221184K, used 63934K [0x000000070a600000, 0x0000000800000000)
  region size 2048K, 3 young (6144K), 3 survivors (6144K)
 Metaspace       used 76196K, committed 76864K, reserved 1179648K
  class space    used 9451K, committed 9792K, reserved 1048576K
}
Event: 25.661 GC heap before
{Heap before GC invocations=41 (full 1):
 garbage-first heap   total 221184K, used 182718K [0x000000070a600000, 0x0000000800000000)
  region size 2048K, 61 young (124928K), 3 survivors (6144K)
 Metaspace       used 76196K, committed 76864K, reserved 1179648K
  class space    used 9451K, committed 9792K, reserved 1048576K
}
Event: 25.665 GC heap after
{Heap after GC invocations=42 (full 1):
 garbage-first heap   total 221184K, used 63990K [0x000000070a600000, 0x0000000800000000)
  region size 2048K, 3 young (6144K), 3 survivors (6144K)
 Metaspace       used 76196K, committed 76864K, reserved 1179648K
  class space    used 9451K, committed 9792K, reserved 1048576K
}
Event: 25.881 GC heap before
{Heap before GC invocations=42 (full 1):
 garbage-first heap   total 221184K, used 184822K [0x000000070a600000, 0x0000000800000000)
  region size 2048K, 62 young (126976K), 3 survivors (6144K)
 Metaspace       used 76196K, committed 76864K, reserved 1179648K
  class space    used 9451K, committed 9792K, reserved 1048576K
}
Event: 25.884 GC heap after
{Heap after GC invocations=43 (full 1):
 garbage-first heap   total 221184K, used 63845K [0x000000070a600000, 0x0000000800000000)
  region size 2048K, 3 young (6144K), 3 survivors (6144K)
 Metaspace       used 76196K, committed 76864K, reserved 1179648K
  class space    used 9451K, committed 9792K, reserved 1048576K
}
Event: 26.124 GC heap before
{Heap before GC invocations=43 (full 1):
 garbage-first heap   total 221184K, used 184677K [0x000000070a600000, 0x0000000800000000)
  region size 2048K, 62 young (126976K), 3 survivors (6144K)
 Metaspace       used 76196K, committed 76864K, reserved 1179648K
  class space    used 9451K, committed 9792K, reserved 1048576K
}
Event: 26.127 GC heap after
{Heap after GC invocations=44 (full 1):
 garbage-first heap   total 221184K, used 69952K [0x000000070a600000, 0x0000000800000000)
  region size 2048K, 6 young (12288K), 6 survivors (12288K)
 Metaspace       used 76196K, committed 76864K, reserved 1179648K
  class space    used 9451K, committed 9792K, reserved 1048576K
}
Event: 26.305 GC heap before
{Heap before GC invocations=44 (full 1):
 garbage-first heap   total 221184K, used 178496K [0x000000070a600000, 0x0000000800000000)
  region size 2048K, 59 young (120832K), 6 survivors (12288K)
 Metaspace       used 76196K, committed 76864K, reserved 1179648K
  class space    used 9451K, committed 9792K, reserved 1048576K
}
Event: 26.309 GC heap after
{Heap after GC invocations=45 (full 1):
 garbage-first heap   total 266240K, used 67479K [0x000000070a600000, 0x0000000800000000)
  region size 2048K, 3 young (6144K), 3 survivors (6144K)
 Metaspace       used 76196K, committed 76864K, reserved 1179648K
  class space    used 9451K, committed 9792K, reserved 1048576K
}
Event: 26.581 GC heap before
{Heap before GC invocations=45 (full 1):
 garbage-first heap   total 266240K, used 219031K [0x000000070a600000, 0x0000000800000000)
  region size 2048K, 77 young (157696K), 3 survivors (6144K)
 Metaspace       used 76196K, committed 76864K, reserved 1179648K
  class space    used 9451K, committed 9792K, reserved 1048576K
}
Event: 26.584 GC heap after
{Heap after GC invocations=46 (full 1):
 garbage-first heap   total 266240K, used 74231K [0x000000070a600000, 0x0000000800000000)
  region size 2048K, 6 young (12288K), 6 survivors (12288K)
 Metaspace       used 76196K, committed 76864K, reserved 1179648K
  class space    used 9451K, committed 9792K, reserved 1048576K
}
Event: 27.441 GC heap before
{Heap before GC invocations=46 (full 1):
 garbage-first heap   total 266240K, used 213495K [0x000000070a600000, 0x0000000800000000)
  region size 2048K, 74 young (151552K), 6 survivors (12288K)
 Metaspace       used 76542K, committed 77248K, reserved 1179648K
  class space    used 9464K, committed 9792K, reserved 1048576K
}
Event: 27.443 GC heap after
{Heap after GC invocations=47 (full 1):
 garbage-first heap   total 266240K, used 58413K [0x000000070a600000, 0x0000000800000000)
  region size 2048K, 2 young (4096K), 2 survivors (4096K)
 Metaspace       used 76542K, committed 77248K, reserved 1179648K
  class space    used 9464K, committed 9792K, reserved 1048576K
}

Dll operation events (12 events):
Event: 0.005 Loaded shared library C:\Users\doubl\.p2\pool\plugins\org.eclipse.justj.openjdk.hotspot.jre.full.win32.x86_64_17.0.7.v20230425-1502\jre\bin\java.dll
Event: 0.160 Loaded shared library C:\Users\doubl\.p2\pool\plugins\org.eclipse.justj.openjdk.hotspot.jre.full.win32.x86_64_17.0.7.v20230425-1502\jre\bin\net.dll
Event: 0.161 Loaded shared library C:\Users\doubl\.p2\pool\plugins\org.eclipse.justj.openjdk.hotspot.jre.full.win32.x86_64_17.0.7.v20230425-1502\jre\bin\nio.dll
Event: 0.166 Loaded shared library C:\Users\doubl\.p2\pool\plugins\org.eclipse.justj.openjdk.hotspot.jre.full.win32.x86_64_17.0.7.v20230425-1502\jre\bin\zip.dll
Event: 0.285 Loaded shared library C:\Users\doubl\.p2\pool\plugins\org.eclipse.justj.openjdk.hotspot.jre.full.win32.x86_64_17.0.7.v20230425-1502\jre\bin\jimage.dll
Event: 0.560 Loaded shared library C:\Users\doubl\.p2\pool\plugins\org.eclipse.justj.openjdk.hotspot.jre.full.win32.x86_64_17.0.7.v20230425-1502\jre\bin\management.dll
Event: 0.563 Loaded shared library C:\Users\doubl\.p2\pool\plugins\org.eclipse.justj.openjdk.hotspot.jre.full.win32.x86_64_17.0.7.v20230425-1502\jre\bin\management_ext.dll
Event: 1.677 Loaded shared library C:\Users\doubl\.p2\pool\plugins\org.eclipse.justj.openjdk.hotspot.jre.full.win32.x86_64_17.0.7.v20230425-1502\jre\bin\sunmscapi.dll
Event: 3.331 Loaded shared library C:\Users\doubl\.p2\pool\plugins\org.eclipse.justj.openjdk.hotspot.jre.full.win32.x86_64_17.0.7.v20230425-1502\jre\bin\verify.dll
Event: 10.869 Loaded shared library C:\Users\doubl\AppData\Local\Temp\jna-95774484\jna14635709721032033337.dll
Event: 16.079 Loaded shared library C:\Users\doubl\.p2\pool\plugins\org.eclipse.justj.openjdk.hotspot.jre.full.win32.x86_64_17.0.7.v20230425-1502\jre\bin\awt.dll
Event: 17.372 Loaded shared library C:\Users\doubl\Desktop\Breathe\BREATHE\breathe.web\target\classes\PulseJNI.dll

Deoptimization events (20 events):
Event: 27.365 Thread 0x000001651a2b6af0 Uncommon trap: trap_request=0xffffff45 fr.pc=0x00000165081f0b94 relative=0x00000000000001f4
Event: 27.365 Thread 0x000001651a2b6af0 Uncommon trap: reason=unstable_if action=reinterpret pc=0x00000165081f0b94 method=com.vaadin.flow.component.internal.ComponentTracker.lambda$findRelevantLocation$3(Ljava/lang/Class;Ljava/lang/StackTraceElement;)Z @ 1 c2
Event: 27.365 Thread 0x000001651a2b6af0 DEOPT PACKING pc=0x00000165081f0b94 sp=0x0000002e3f3faa60
Event: 27.365 Thread 0x000001651a2b6af0 DEOPT UNPACKING pc=0x00000165074a69a3 sp=0x0000002e3f3fa988 mode 2
Event: 35.423 Thread 0x000001651a2b5c80 Uncommon trap: trap_request=0xffffff45 fr.pc=0x000001650830a734 relative=0x00000000000016f4
Event: 35.423 Thread 0x000001651a2b5c80 Uncommon trap: reason=unstable_if action=reinterpret pc=0x000001650830a734 method=com.vaadin.flow.internal.nodefeature.NodeMap.setChanged(Ljava/lang/String;)V @ 57 c2
Event: 35.423 Thread 0x000001651a2b5c80 DEOPT PACKING pc=0x000001650830a734 sp=0x0000002e3f2fc310
Event: 35.423 Thread 0x000001651a2b5c80 DEOPT UNPACKING pc=0x00000165074a69a3 sp=0x0000002e3f2fc2f0 mode 2
Event: 35.458 Thread 0x0000016516617b30 Uncommon trap: trap_request=0xffffff45 fr.pc=0x0000016508151a00 relative=0x0000000000001e80
Event: 35.458 Thread 0x0000016516617b30 Uncommon trap: reason=unstable_if action=reinterpret pc=0x0000016508151a00 method=java.lang.Module.isStaticallyExportedOrOpen(Ljava/lang/String;Ljava/lang/Module;Z)Z @ 8 c2
Event: 35.458 Thread 0x0000016516617b30 DEOPT PACKING pc=0x0000016508151a00 sp=0x0000002e3d1fdd70
Event: 35.458 Thread 0x0000016516617b30 DEOPT UNPACKING pc=0x00000165074a69a3 sp=0x0000002e3d1fdcd8 mode 2
Event: 35.609 Thread 0x0000016516617b30 Uncommon trap: trap_request=0xffffffde fr.pc=0x0000016507f0ccd8 relative=0x00000000000011b8
Event: 35.609 Thread 0x0000016516617b30 Uncommon trap: reason=class_check action=maybe_recompile pc=0x0000016507f0ccd8 method=java.util.concurrent.ConcurrentHashMap.putVal(Ljava/lang/Object;Ljava/lang/Object;Z)Ljava/lang/Object; @ 242 c2
Event: 35.609 Thread 0x0000016516617b30 DEOPT PACKING pc=0x0000016507f0ccd8 sp=0x0000002e3d1fcbb0
Event: 35.609 Thread 0x0000016516617b30 DEOPT UNPACKING pc=0x00000165074a69a3 sp=0x0000002e3d1fcb20 mode 2
Event: 35.609 Thread 0x0000016516617b30 Uncommon trap: trap_request=0xffffffde fr.pc=0x0000016507f0ccd8 relative=0x00000000000011b8
Event: 35.609 Thread 0x0000016516617b30 Uncommon trap: reason=class_check action=maybe_recompile pc=0x0000016507f0ccd8 method=java.util.concurrent.ConcurrentHashMap.putVal(Ljava/lang/Object;Ljava/lang/Object;Z)Ljava/lang/Object; @ 242 c2
Event: 35.609 Thread 0x0000016516617b30 DEOPT PACKING pc=0x0000016507f0ccd8 sp=0x0000002e3d1fcbb0
Event: 35.609 Thread 0x0000016516617b30 DEOPT UNPACKING pc=0x00000165074a69a3 sp=0x0000002e3d1fcb20 mode 2

Classes unloaded (0 events):
No events

Classes redefined (0 events):
No events

Internal exceptions (20 events):
Event: 23.853 Thread 0x0000016514f867d0 Exception <a 'sun/nio/fs/WindowsException'{0x000000071289dbd0}> (0x000000071289dbd0) 
thrown [s\src\hotspot\share\prims\jni.cpp, line 516]
Event: 23.868 Thread 0x0000016514f867d0 Exception <a 'sun/nio/fs/WindowsException'{0x000000071256b1c0}> (0x000000071256b1c0) 
thrown [s\src\hotspot\share\prims\jni.cpp, line 516]
Event: 23.869 Thread 0x0000016514f867d0 Exception <a 'sun/nio/fs/WindowsException'{0x000000071256f7a8}> (0x000000071256f7a8) 
thrown [s\src\hotspot\share\prims\jni.cpp, line 516]
Event: 23.870 Thread 0x0000016514f867d0 Exception <a 'sun/nio/fs/WindowsException'{0x0000000712594a50}> (0x0000000712594a50) 
thrown [s\src\hotspot\share\prims\jni.cpp, line 516]
Event: 23.871 Thread 0x0000016514f867d0 Exception <a 'sun/nio/fs/WindowsException'{0x0000000712599038}> (0x0000000712599038) 
thrown [s\src\hotspot\share\prims\jni.cpp, line 516]
Event: 24.007 Thread 0x0000016514f867d0 Exception <a 'sun/nio/fs/WindowsException'{0x00000007104c5d98}> (0x00000007104c5d98) 
thrown [s\src\hotspot\share\prims\jni.cpp, line 516]
Event: 24.077 Thread 0x0000016514f867d0 Exception <a 'sun/nio/fs/WindowsException'{0x0000000714cec1f8}> (0x0000000714cec1f8) 
thrown [s\src\hotspot\share\prims\jni.cpp, line 516]
Event: 24.086 Thread 0x0000016514f867d0 Exception <a 'sun/nio/fs/WindowsException'{0x0000000714b7f7a8}> (0x0000000714b7f7a8) 
thrown [s\src\hotspot\share\prims\jni.cpp, line 516]
Event: 24.234 Thread 0x0000016514f867d0 Exception <a 'sun/nio/fs/WindowsException'{0x0000000714811de0}> (0x0000000714811de0) 
thrown [s\src\hotspot\share\prims\jni.cpp, line 516]
Event: 24.245 Thread 0x0000016514f867d0 Exception <a 'sun/nio/fs/WindowsException'{0x00000007145292d0}> (0x00000007145292d0) 
thrown [s\src\hotspot\share\prims\jni.cpp, line 516]
Event: 24.493 Thread 0x0000016514f867d0 Exception <a 'sun/nio/fs/WindowsException'{0x0000000712565330}> (0x0000000712565330) 
thrown [s\src\hotspot\share\prims\jni.cpp, line 516]
Event: 24.493 Thread 0x0000016514f867d0 Exception <a 'sun/nio/fs/WindowsException'{0x0000000712569918}> (0x0000000712569918) 
thrown [s\src\hotspot\share\prims\jni.cpp, line 516]
Event: 24.593 Thread 0x0000016514f867d0 Exception <a 'java/lang/reflect/InvocationTargetException'{0x00000007119b6078}> (0x00000007119b6078) 
thrown [s\src\hotspot\share\runtime\reflection.cpp, line 1121]
Event: 24.663 Thread 0x0000016514f867d0 Exception <a 'java/io/FileNotFoundException'{0x0000000715a8c1f8}> (0x0000000715a8c1f8) 
thrown [s\src\hotspot\share\prims\jni.cpp, line 516]
Event: 24.665 Thread 0x0000016514f867d0 Exception <a 'java/io/FileNotFoundException'{0x0000000715a99070}> (0x0000000715a99070) 
thrown [s\src\hotspot\share\prims\jni.cpp, line 516]
Event: 26.752 Thread 0x0000016514f867d0 Exception <a 'sun/nio/fs/WindowsException'{0x0000000713ccc128}> (0x0000000713ccc128) 
thrown [s\src\hotspot\share\prims\jni.cpp, line 516]
Event: 26.752 Thread 0x0000016514f867d0 Exception <a 'sun/nio/fs/WindowsException'{0x0000000713ccc438}> (0x0000000713ccc438) 
thrown [s\src\hotspot\share\prims\jni.cpp, line 516]
Event: 26.752 Thread 0x0000016514f867d0 Exception <a 'sun/nio/fs/WindowsException'{0x0000000713ccd058}> (0x0000000713ccd058) 
thrown [s\src\hotspot\share\prims\jni.cpp, line 516]
Event: 26.752 Thread 0x0000016514f867d0 Exception <a 'sun/nio/fs/WindowsException'{0x0000000713ccd358}> (0x0000000713ccd358) 
thrown [s\src\hotspot\share\prims\jni.cpp, line 516]
Event: 27.365 Thread 0x000001651a2b6af0 Implicit null exception at 0x00000165081f09e1 to 0x00000165081f0b7c

VM Operations (20 events):
Event: 25.881 Executing VM operation: G1CollectForAllocation
Event: 25.884 Executing VM operation: G1CollectForAllocation done
Event: 26.124 Executing VM operation: G1CollectForAllocation
Event: 26.127 Executing VM operation: G1CollectForAllocation done
Event: 26.305 Executing VM operation: G1CollectForAllocation
Event: 26.309 Executing VM operation: G1CollectForAllocation done
Event: 26.581 Executing VM operation: G1CollectForAllocation
Event: 26.584 Executing VM operation: G1CollectForAllocation done
Event: 27.441 Executing VM operation: G1CollectForAllocation
Event: 27.443 Executing VM operation: G1CollectForAllocation done
Event: 28.449 Executing VM operation: Cleanup
Event: 28.449 Executing VM operation: Cleanup done
Event: 30.466 Executing VM operation: Cleanup
Event: 30.466 Executing VM operation: Cleanup done
Event: 32.480 Executing VM operation: Cleanup
Event: 32.480 Executing VM operation: Cleanup done
Event: 34.493 Executing VM operation: Cleanup
Event: 34.493 Executing VM operation: Cleanup done
Event: 35.501 Executing VM operation: Cleanup
Event: 35.501 Executing VM operation: Cleanup done

Events (20 events):
Event: 35.518 loading class sun/awt/dnd/SunDragSourceContextPeer done
Event: 35.518 loading class java/awt/EventQueue$4
Event: 35.518 loading class java/awt/EventQueue$4 done
Event: 35.518 loading class java/awt/MenuComponent
Event: 35.518 loading class java/awt/MenuComponent done
Event: 35.518 loading class java/awt/TrayIcon
Event: 35.519 loading class java/awt/TrayIcon done
Event: 35.519 loading class java/awt/event/InputEvent
Event: 35.519 loading class java/awt/event/ComponentEvent
Event: 35.519 loading class java/awt/event/ComponentEvent done
Event: 35.519 loading class java/awt/event/InputEvent done
Event: 35.519 loading class java/awt/event/InputMethodEvent
Event: 35.519 loading class java/awt/event/InputMethodEvent done
Event: 35.519 loading class java/awt/event/ActionEvent
Event: 35.519 loading class java/awt/event/ActionEvent done
Event: 35.560 loading class sun/misc/Unsafe
Event: 35.561 loading class sun/misc/Unsafe done
Event: 35.584 Thread 0x000001651f25b380 Thread exited: 0x000001651f25b380
Event: 35.586 Thread 0x000001651f25d6f0 Thread added: 0x000001651f25d6f0
Event: 35.591 Thread 0x000001651f25b380 Thread added: 0x000001651f25b380


Dynamic libraries:
0x00007ff6dfb30000 - 0x00007ff6dfb3e000 	C:\Users\doubl\.p2\pool\plugins\org.eclipse.justj.openjdk.hotspot.jre.full.win32.x86_64_17.0.7.v20230425-1502\jre\bin\javaw.exe
0x00007ffab6530000 - 0x00007ffab6747000 	C:\windows\SYSTEM32\ntdll.dll
0x00007ffab5360000 - 0x00007ffab5424000 	C:\windows\System32\KERNEL32.DLL
0x00007ffab3b20000 - 0x00007ffab3ed7000 	C:\windows\System32\KERNELBASE.dll
0x00007ffab3ee0000 - 0x00007ffab3ff1000 	C:\windows\System32\ucrtbase.dll
0x00007ffaadad0000 - 0x00007ffaadae7000 	C:\Users\doubl\.p2\pool\plugins\org.eclipse.justj.openjdk.hotspot.jre.full.win32.x86_64_17.0.7.v20230425-1502\jre\bin\jli.dll
0x00007ffab42d0000 - 0x00007ffab447f000 	C:\windows\System32\USER32.dll
0x00007ffab3870000 - 0x00007ffab3896000 	C:\windows\System32\win32u.dll
0x00007ffab5d70000 - 0x00007ffab5d99000 	C:\windows\System32\GDI32.dll
0x00007ffab4140000 - 0x00007ffab4258000 	C:\windows\System32\gdi32full.dll
0x00007ffab38a0000 - 0x00007ffab393a000 	C:\windows\System32\msvcp_win.dll
0x00007ffaadab0000 - 0x00007ffaadac9000 	C:\Users\doubl\.p2\pool\plugins\org.eclipse.justj.openjdk.hotspot.jre.full.win32.x86_64_17.0.7.v20230425-1502\jre\bin\VCRUNTIME140.dll
0x00007ffaa8930000 - 0x00007ffaa8bc3000 	C:\windows\WinSxS\amd64_microsoft.windows.common-controls_6595b64144ccf1df_6.0.22621.3672_none_2713b9d173822955\COMCTL32.dll
0x00007ffab5cb0000 - 0x00007ffab5d57000 	C:\windows\System32\msvcrt.dll
0x00007ffab4280000 - 0x00007ffab42b1000 	C:\windows\System32\IMM32.DLL
0x00007ffaaeeb0000 - 0x00007ffaaeebc000 	C:\Users\doubl\.p2\pool\plugins\org.eclipse.justj.openjdk.hotspot.jre.full.win32.x86_64_17.0.7.v20230425-1502\jre\bin\vcruntime140_1.dll
0x00007ffa8e420000 - 0x00007ffa8e4b1000 	C:\Users\doubl\.p2\pool\plugins\org.eclipse.justj.openjdk.hotspot.jre.full.win32.x86_64_17.0.7.v20230425-1502\jre\bin\msvcp140.dll
0x00007ffa6f6f0000 - 0x00007ffa70338000 	C:\Users\doubl\.p2\pool\plugins\org.eclipse.justj.openjdk.hotspot.jre.full.win32.x86_64_17.0.7.v20230425-1502\jre\bin\server\jvm.dll
0x00007ffab5210000 - 0x00007ffab52c2000 	C:\windows\System32\ADVAPI32.dll
0x00007ffab5bf0000 - 0x00007ffab5c98000 	C:\windows\System32\sechost.dll
0x00007ffab3840000 - 0x00007ffab3868000 	C:\windows\System32\bcrypt.dll
0x00007ffab50f0000 - 0x00007ffab5204000 	C:\windows\System32\RPCRT4.dll
0x00007ffaac4e0000 - 0x00007ffaac4e9000 	C:\windows\SYSTEM32\WSOCK32.dll
0x00007ffab6470000 - 0x00007ffab64e1000 	C:\windows\System32\WS2_32.dll
0x00007ffaada30000 - 0x00007ffaada64000 	C:\windows\SYSTEM32\WINMM.dll
0x00007ffaa8820000 - 0x00007ffaa882a000 	C:\windows\SYSTEM32\VERSION.dll
0x00007ffab2860000 - 0x00007ffab2878000 	C:\windows\SYSTEM32\kernel.appcore.dll
0x00007ffaa4790000 - 0x00007ffaa479a000 	C:\Users\doubl\.p2\pool\plugins\org.eclipse.justj.openjdk.hotspot.jre.full.win32.x86_64_17.0.7.v20230425-1502\jre\bin\jimage.dll
0x00007ffab1370000 - 0x00007ffab15a2000 	C:\windows\SYSTEM32\DBGHELP.DLL
0x00007ffab5860000 - 0x00007ffab5bee000 	C:\windows\System32\combase.dll
0x00007ffab5540000 - 0x00007ffab5617000 	C:\windows\System32\OLEAUT32.dll
0x00007ffaa4f30000 - 0x00007ffaa4f62000 	C:\windows\SYSTEM32\dbgcore.DLL
0x00007ffab4000000 - 0x00007ffab407b000 	C:\windows\System32\bcryptPrimitives.dll
0x00007ffa7e170000 - 0x00007ffa7e195000 	C:\Users\doubl\.p2\pool\plugins\org.eclipse.justj.openjdk.hotspot.jre.full.win32.x86_64_17.0.7.v20230425-1502\jre\bin\java.dll
0x00007ffa9f5e0000 - 0x00007ffa9f5f8000 	C:\Users\doubl\.p2\pool\plugins\org.eclipse.justj.openjdk.hotspot.jre.full.win32.x86_64_17.0.7.v20230425-1502\jre\bin\zip.dll
0x00007ffab4880000 - 0x00007ffab50e9000 	C:\windows\System32\SHELL32.dll
0x00007ffab1760000 - 0x00007ffab205f000 	C:\windows\SYSTEM32\windows.storage.dll
0x00007ffab1620000 - 0x00007ffab175f000 	C:\windows\SYSTEM32\wintypes.dll
0x00007ffab4780000 - 0x00007ffab4879000 	C:\windows\System32\SHCORE.dll
0x00007ffab54e0000 - 0x00007ffab553e000 	C:\windows\System32\shlwapi.dll
0x00007ffab3770000 - 0x00007ffab3797000 	C:\windows\SYSTEM32\profapi.dll
0x00007ffa90520000 - 0x00007ffa90539000 	C:\Users\doubl\.p2\pool\plugins\org.eclipse.justj.openjdk.hotspot.jre.full.win32.x86_64_17.0.7.v20230425-1502\jre\bin\net.dll
0x00007ffaaf2e0000 - 0x00007ffaaf416000 	C:\windows\SYSTEM32\WINHTTP.dll
0x00007ffab2d50000 - 0x00007ffab2db9000 	C:\windows\system32\mswsock.dll
0x00007ffa8dfd0000 - 0x00007ffa8dfe5000 	C:\Users\doubl\.p2\pool\plugins\org.eclipse.justj.openjdk.hotspot.jre.full.win32.x86_64_17.0.7.v20230425-1502\jre\bin\nio.dll
0x00007ffaaee90000 - 0x00007ffaaee99000 	C:\Users\doubl\.p2\pool\plugins\org.eclipse.justj.openjdk.hotspot.jre.full.win32.x86_64_17.0.7.v20230425-1502\jre\bin\management.dll
0x00007ffaaee70000 - 0x00007ffaaee7b000 	C:\Users\doubl\.p2\pool\plugins\org.eclipse.justj.openjdk.hotspot.jre.full.win32.x86_64_17.0.7.v20230425-1502\jre\bin\management_ext.dll
0x00007ffab5ca0000 - 0x00007ffab5ca8000 	C:\windows\System32\PSAPI.DLL
0x00007ffaac500000 - 0x00007ffaac50e000 	C:\Users\doubl\.p2\pool\plugins\org.eclipse.justj.openjdk.hotspot.jre.full.win32.x86_64_17.0.7.v20230425-1502\jre\bin\sunmscapi.dll
0x00007ffab39b0000 - 0x00007ffab3b16000 	C:\windows\System32\CRYPT32.dll
0x00007ffab3200000 - 0x00007ffab322d000 	C:\windows\SYSTEM32\ncrypt.dll
0x00007ffab31c0000 - 0x00007ffab31f7000 	C:\windows\SYSTEM32\NTASN1.dll
0x00007ffab2fc0000 - 0x00007ffab2fdb000 	C:\windows\SYSTEM32\CRYPTSP.dll
0x00007ffab27c0000 - 0x00007ffab27f5000 	C:\windows\system32\rsaenh.dll
0x00007ffab2e60000 - 0x00007ffab2e88000 	C:\windows\SYSTEM32\USERENV.dll
0x00007ffab2fe0000 - 0x00007ffab2fec000 	C:\windows\SYSTEM32\CRYPTBASE.dll
0x00007ffab2300000 - 0x00007ffab232d000 	C:\windows\SYSTEM32\IPHLPAPI.DLL
0x00007ffab5d60000 - 0x00007ffab5d69000 	C:\windows\System32\NSI.dll
0x00007ffaade60000 - 0x00007ffaade79000 	C:\windows\SYSTEM32\dhcpcsvc6.DLL
0x00007ffaaddb0000 - 0x00007ffaaddcf000 	C:\windows\SYSTEM32\dhcpcsvc.DLL
0x00007ffab2330000 - 0x00007ffab2432000 	C:\windows\SYSTEM32\DNSAPI.dll
0x00007ffaae640000 - 0x00007ffaae650000 	C:\Users\doubl\.p2\pool\plugins\org.eclipse.justj.openjdk.hotspot.jre.full.win32.x86_64_17.0.7.v20230425-1502\jre\bin\verify.dll
0x00007ffaa49c0000 - 0x00007ffaa4a05000 	C:\Users\doubl\AppData\Local\Temp\jna-95774484\jna14635709721032033337.dll
0x00007ffab45d0000 - 0x00007ffab4775000 	C:\windows\System32\Ole32.dll
0x00007ffab5430000 - 0x00007ffab54e0000 	C:\windows\System32\clbcatq.dll
0x00007ffa9e330000 - 0x00007ffa9e34d000 	C:\windows\SYSTEM32\amsi.dll
0x00007ffa9e2a0000 - 0x00007ffa9e321000 	C:\ProgramData\Microsoft\Windows Defender\Platform\4.18.24080.9-0\MpOav.dll
0x00007ffaad940000 - 0x00007ffaad948000 	C:\windows\system32\wshunix.dll
0x00007ffaadcc0000 - 0x00007ffaadcca000 	C:\Windows\System32\rasadhlp.dll
0x00007ffa8e260000 - 0x00007ffa8e3ee000 	C:\Users\doubl\.p2\pool\plugins\org.eclipse.justj.openjdk.hotspot.jre.full.win32.x86_64_17.0.7.v20230425-1502\jre\bin\awt.dll
0x00007ffaac760000 - 0x00007ffaac7f7000 	C:\windows\SYSTEM32\apphelp.dll
0x00007ffaad7b0000 - 0x00007ffaad833000 	C:\windows\System32\fwpuclnt.dll
0x00007ffa51dc0000 - 0x00007ffa52e3b000 	C:\Users\doubl\Desktop\Breathe\BREATHE\breathe.web\target\classes\PulseJNI.dll
0x00007ffab0980000 - 0x00007ffab0a31000 	C:\windows\system32\uxtheme.dll
0x00007ffab56a0000 - 0x00007ffab5800000 	C:\windows\System32\MSCTF.dll

dbghelp: loaded successfully - version: 4.0.5 - missing functions: none
symbol engine: initialized successfully - sym options: 0x614 - pdb path: .;C:\Users\doubl\.p2\pool\plugins\org.eclipse.justj.openjdk.hotspot.jre.full.win32.x86_64_17.0.7.v20230425-1502\jre\bin;C:\windows\SYSTEM32;C:\windows\WinSxS\amd64_microsoft.windows.common-controls_6595b64144ccf1df_6.0.22621.3672_none_2713b9d173822955;C:\Users\doubl\.p2\pool\plugins\org.eclipse.justj.openjdk.hotspot.jre.full.win32.x86_64_17.0.7.v20230425-1502\jre\bin\server;C:\Users\doubl\AppData\Local\Temp\jna-95774484;C:\ProgramData\Microsoft\Windows Defender\Platform\4.18.24080.9-0;C:\Users\doubl\Desktop\Breathe\BREATHE\breathe.web\target\classes

VM Arguments:
jvm_args: -Dfile.encoding=UTF-8 -XX:+ShowCodeDetailsInExceptionMessages 
java_command: app.Main
java_class_path (initial): C:\Users\doubl\Desktop\Breathe\BREATHE\breathe.web\target\classes;C:\Users\doubl\.m2\repository\com\vaadin\vaadin\24.4.13\vaadin-24.4.13.jar;C:\Users\doubl\.m2\repository\com\vaadin\vaadin-internal\24.4.13\vaadin-internal-24.4.13.jar;C:\Users\doubl\.m2\repository\com\vaadin\vaadin-core-internal\24.4.13\vaadin-core-internal-24.4.13.jar;C:\Users\doubl\.m2\repository\com\vaadin\flow-lit-template\24.4.9\flow-lit-template-24.4.9.jar;C:\Users\doubl\.m2\repository\com\vaadin\flow-react\24.4.9\flow-react-24.4.9.jar;C:\Users\doubl\.m2\repository\com\vaadin\flow-html-components\24.4.9\flow-html-components-24.4.9.jar;C:\Users\doubl\.m2\repository\com\vaadin\flow-data\24.4.9\flow-data-24.4.9.jar;C:\Users\doubl\.m2\repository\com\vaadin\flow-dnd\24.4.9\flow-dnd-24.4.9.jar;C:\Users\doubl\.m2\repository\com\vaadin\vaadin-lumo-theme\24.4.13\vaadin-lumo-theme-24.4.13.jar;C:\Users\doubl\.m2\repository\com\vaadin\vaadin-material-theme\24.4.13\vaadin-material-theme-24.4.13.jar;C:\Users\doubl\.m2\repository\com\vaadin\vaadin-accordion-flow\24.4.13\vaadin-accordion-flow-24.4.13.jar;C:\Users\doubl\.m2\repository\com\vaadin\vaadin-avatar-flow\24.4.13\vaadin-avatar-flow-24.4.13.jar;C:\Users\doubl\.m2\repository\com\vaadin\vaadin-button-flow\24.4.13\vaadin-button-flow-24.4.13.jar;C:\Users\doubl\.m2\repository\com\vaadin\vaadin-checkbox-flow\24.4.13\vaadin-checkbox-flow-24.4.13.jar;C:\Users\doubl\.m2\repository\com\vaadin\vaadin-combo-box-flow\24.4.13\vaadin-combo-box-flow-24.4.13.jar;C:\Users\doubl\.m2\repository\com\vaadin\vaadin-confirm-dialog-flow\24.4.13\vaadin-confirm-dialog-flow-24.4.13.jar;C:\Users\doubl\.m2\repository\com\vaadin\vaadin-custom-field-flow\24.4.13\vaadin-custom-field-flow-24.4.13.jar;C:\Users\doubl\.m2\repository\com\vaadin\vaadin-date-picker-flow\24.4.13\vaadin-date-picker-flow-24.4.13.jar;C:\Users\doubl\.m2\repository\com\vaadin\vaadin-date-time-picker-flow\24.4.13\vaadin-date-time-picker-flow-24.4.13.jar;C:\Users\doubl\.m2\repository\com\
Launcher Type: SUN_STANDARD

[Global flags]
     intx CICompilerCount                          = 12                                        {product} {ergonomic}
     uint ConcGCThreads                            = 3                                         {product} {ergonomic}
     uint G1ConcRefinementThreads                  = 13                                        {product} {ergonomic}
   size_t G1HeapRegionSize                         = 2097152                                   {product} {ergonomic}
    uintx GCDrainStackTargetSize                   = 64                                        {product} {ergonomic}
   size_t InitialHeapSize                          = 257949696                                 {product} {ergonomic}
   size_t MarkStackSize                            = 4194304                                   {product} {ergonomic}
   size_t MaxHeapSize                              = 4120903680                                {product} {ergonomic}
   size_t MaxNewSize                               = 2472542208                                {product} {ergonomic}
   size_t MinHeapDeltaBytes                        = 2097152                                   {product} {ergonomic}
   size_t MinHeapSize                              = 8388608                                   {product} {ergonomic}
    uintx NonNMethodCodeHeapSize                   = 7602480                                {pd product} {ergonomic}
    uintx NonProfiledCodeHeapSize                  = 122027880                              {pd product} {ergonomic}
    uintx ProfiledCodeHeapSize                     = 122027880                              {pd product} {ergonomic}
    uintx ReservedCodeCacheSize                    = 251658240                              {pd product} {ergonomic}
     bool SegmentedCodeCache                       = true                                      {product} {ergonomic}
     bool ShowCodeDetailsInExceptionMessages       = true                                   {manageable} {command line}
   size_t SoftMaxHeapSize                          = 4120903680                             {manageable} {ergonomic}
     bool UseCompressedClassPointers               = true                           {product lp64_product} {ergonomic}
     bool UseCompressedOops                        = true                           {product lp64_product} {ergonomic}
     bool UseG1GC                                  = true                                      {product} {ergonomic}
     bool UseLargePagesIndividualAllocation        = false                                  {pd product} {ergonomic}

Logging:
Log output configuration:
 #0: stdout all=warning uptime,level,tags
 #1: stderr all=off uptime,level,tags

Environment Variables:
JAVA_HOME=C:\Program Files\Amazon Corretto\jdk1.8.0_422
PATH=C:/Users/doubl/.p2/pool/plugins/org.eclipse.justj.openjdk.hotspot.jre.full.win32.x86_64_17.0.7.v20230425-1502/jre/bin/server;C:/Users/doubl/.p2/pool/plugins/org.eclipse.justj.openjdk.hotspot.jre.full.win32.x86_64_17.0.7.v20230425-1502/jre/bin;C:\Program Files (x86)\Java\jre1.8.0_421\bin;C:\Program Files\Amazon Corretto\jdk1.8.0_422\bin;C:\Program Files\Common Files\Oracle\Java\javapath;C:\Program Files (x86)\Common Files\Oracle\Java\java8path;C:\Program Files (x86)\Common Files\Oracle\Java\javapath;C:\windows\system32;C:\windows;C:\windows\System32\Wbem;C:\windows\System32\WindowsPowerShell\v1.0\;C:\windows\System32\OpenSSH\;C:\Program Files\Microsoft VS Code\bin;C:\Program Files\Git\cmd;C:\Program Files\nodejs\;C:\ProgramData\chocolatey\bin;C:\Program Files\PuTTY\;C:\Users\doubl\Desktop\Uni\IR\apache-ant-1.9.16-bin\apache-ant-1.9.16\bin;C:\Users\doubl\Desktop\Uni\IR\gradle-7.6.3-bin\gradle-7.6.3\bin;C:\MinGW\bin;C:\Program Files\TortoiseSVN\bin;C:\Program Files\Git\usr\bin;C:\Users\doubl\Desktop\Uni\IR\icu4c-74_1-Win64-MSVC2022\bin64;C:\Program Files\Amazon Corretto\jdk1.8.0_422\bin;C:\Program Files\Java\jre-1.8\bin;C:\Users\doubl\AppData\Local\Programs\Python\Python38\Scripts;C:\Program Files\dotnet\;C:\Users\doubl\AppData\Local\Programs\Python\Python38\Scripts\;C:\Users\doubl\AppData\Local\Programs\Python\Python38\;C:\Users\doubl\AppData\Local\Microsoft\WindowsApps;C:\Users\doubl\AppData\Roaming\npm;C:\Users\doubl\AppData\Local\GitHubDesktop\bin;C:\Program Files\JetBrains\PyCharm 2023.2.5\bin;;C:\Users\doubl\.dotnet\tools;C:\Users\doubl\Desktop;
USERNAME=doubl
OS=Windows_NT
PROCESSOR_IDENTIFIER=AMD64 Family 25 Model 80 Stepping 0, AuthenticAMD
TMP=C:\Users\doubl\AppData\Local\Temp
TEMP=C:\Users\doubl\AppData\Local\Temp



---------------  S Y S T E M  ---------------

OS:
 Windows 11 , 64 bit Build 22621 (10.0.22621.3958)
OS uptime: 2 days 3:07 hours
Hyper-V role detected

CPU: total 16 (initial active 16) (16 cores per cpu, 2 threads per core) family 25 model 80 stepping 0 microcode 0x0, cx8, cmov, fxsr, ht, mmx, 3dnowpref, sse, sse2, sse3, ssse3, sse4a, sse4.1, sse4.2, popcnt, lzcnt, tsc, tscinvbit, avx, avx2, aes, erms, clmul, bmi1, bmi2, adx, sha, fma, vzeroupper, clflush, clflushopt, hv

Memory: 4k page, system-wide physical 15712M (5212M free)
TotalPageFile size 16736M (AvailPageFile size 2823M)
current process WorkingSet (physical memory assigned to process): 573M, peak: 683M
current process commit charge ("private bytes"): 621M, peak: 819M

vm_info: OpenJDK 64-Bit Server VM (17.0.7+7) for windows-amd64 JRE (17.0.7+7), built on Apr 18 2023 22:10:42 by "temurin" with MS VC++ 16.7 (VS2019)

END.
