#
# A fatal error has been detected by the Java Runtime Environment:
#
#  EXCEPTION_ACCESS_VIOLATION (0xc0000005) at pc=0x00007ffa394f7fd0, pid=17680, tid=10048
#
# JRE version: OpenJDK Runtime Environment Temurin-17.0.7+7 (17.0.7+7) (build 17.0.7+7)
# Java VM: OpenJDK 64-Bit Server VM Temurin-17.0.7+7 (17.0.7+7, mixed mode, tiered, compressed oops, compressed class ptrs, g1 gc, windows-amd64)
# Problematic frame:
# C  [PulseJNI.dll+0x297fd0]
#
# No core dump will be written. Minidumps are not enabled by default on client versions of Windows
#
# If you would like to submit a bug report, please visit:
#   https://github.com/adoptium/adoptium-support/issues
# The crash happened outside the Java Virtual Machine in native code.
# See problematic frame for where to report the bug.
#

---------------  S U M M A R Y ------------

Command Line: -Dfile.encoding=UTF-8 -XX:+ShowCodeDetailsInExceptionMessages app.Main

Host: AMD Ryzen 7 5825U with Radeon Graphics         , 16 cores, 15G,  Windows 11 , 64 bit Build 22621 (10.0.22621.3958)
Time: Sat Oct 19 18:00:54 2024 ora legale Europa occidentale elapsed time: 26.053085 seconds (0d 0h 0m 26s)

---------------  T H R E A D  ---------------

Current thread (0x0000019eea7abe40):  JavaThread "SwingWorker-pool-2-thread-1" daemon [_thread_in_native, id=10048, stack(0x00000013b8b00000,0x00000013b8c00000)]

Stack: [0x00000013b8b00000,0x00000013b8c00000],  sp=0x00000013b8bfe230,  free space=1016k
Native frames: (J=compiled Java code, j=interpreted, Vv=VM code, C=native code)
C  [PulseJNI.dll+0x297fd0]

Java frames: (J=compiled Java code, j=interpreted, Vv=VM code)
j  com.kitware.pulse.engine.PulseEngine.nativeInitializeEngine(JLjava/lang/String;Ljava/lang/String;I)Z+0
j  com.kitware.pulse.engine.PulseEngine.initializeEngine(Lcom/kitware/pulse/cdm/engine/SEPatientConfiguration;Lcom/kitware/pulse/cdm/engine/SEDataRequestManager;)Z+39
j  app.SimulationWorker.doInBackground()Ljava/lang/Void;+24
j  app.SimulationWorker.doInBackground()Ljava/lang/Object;+1
j  javax.swing.SwingWorker$1.call()Ljava/lang/Object;+14 java.desktop@17.0.7
j  java.util.concurrent.FutureTask.run()V+39 java.base@17.0.7
j  javax.swing.SwingWorker.run()V+4 java.desktop@17.0.7
j  java.util.concurrent.ThreadPoolExecutor.runWorker(Ljava/util/concurrent/ThreadPoolExecutor$Worker;)V+92 java.base@17.0.7
j  java.util.concurrent.ThreadPoolExecutor$Worker.run()V+5 java.base@17.0.7
j  java.lang.Thread.run()V+11 java.base@17.0.7
v  ~StubRoutines::call_stub

siginfo: EXCEPTION_ACCESS_VIOLATION (0xc0000005), reading address 0x0000000000000000


Register to memory mapping:

RIP=0x00007ffa394f7fd0 PulseJNI.dll
RAX=0x0 is NULL
RBX={method} {0x0000019ef103f520} 'nativeInitializeEngine' '(JLjava/lang/String;Ljava/lang/String;I)Z' in 'com/kitware/pulse/engine/PulseEngine'
RCX=0x0000019ee026d720 points into unknown readable memory: 0x00007ffa39dc0f60 | 60 0f dc 39 fa 7f 00 00
RDX=0x0 is NULL
RSP=0x00000013b8bfe230 is pointing into the stack for thread: 0x0000019eea7abe40
RBP=0x00000013b8bff248 is pointing into the stack for thread: 0x0000019eea7abe40
RSI=3812329312 is a compressed pointer to object: [B 
{0x0000000719dc3b00} - klass: {type array byte}
 - length: 753
RDI=3812328820 is a compressed pointer to object: [B 
{0x0000000719dc2ba0} - klass: {type array byte}
 - length: 1150
R8 =0x00007ffa3a215100 PulseJNI.dll
R9 =0x0000000000000001 is an unknown value
R10=0x0000000000000003 is an unknown value
R11=0x00000013b8bfded0 is pointing into the stack for thread: 0x0000019eea7abe40
R12=0x0 is NULL
R13={method} {0x0000019ef103f520} 'nativeInitializeEngine' '(JLjava/lang/String;Ljava/lang/String;I)Z' in 'com/kitware/pulse/engine/PulseEngine'
R14=0x00000013b8bff290 is pointing into the stack for thread: 0x0000019eea7abe40
R15=0x0000019eea7abe40 is a thread


Registers:
RAX=0x0000000000000000, RBX=0x0000019ef103f518, RCX=0x0000019ee026d720, RDX=0x0000000000000000
RSP=0x00000013b8bfe230, RBP=0x00000013b8bff248, RSI=0x00000000e33b8760, RDI=0x00000000e33b8574
R8 =0x00007ffa3a215100, R9 =0x0000000000000001, R10=0x0000000000000003, R11=0x00000013b8bfded0
R12=0x0000000000000000, R13=0x0000019ef103f518, R14=0x00000013b8bff290, R15=0x0000019eea7abe40
RIP=0x00007ffa394f7fd0, EFLAGS=0x0000000000010246

Top of Stack: (sp=0x00000013b8bfe230)
0x00000013b8bfe230:   0000019ee026d720 0000000000000000
0x00000013b8bfe240:   00007ffa3928dae0 000000000000000f
0x00000013b8bfe250:   00007ffa39548a70 00007ffa392883a0
0x00000013b8bfe260:   0000000000000000 000000000000000f
0x00000013b8bfe270:   6c616e7265746e00 000000006e696b53
0x00000013b8bfe280:   0000000000000000 000000000000000f
0x00000013b8bfe290:   0000019eea588b00 0000000000000000
0x00000013b8bfe2a0:   00007ffa3928c230 00007ffa392855f0
0x00000013b8bfe2b0:   00007ffa392855f0 00007ffa392855f0
0x00000013b8bfe2c0:   00007ffa3928cbf0 00007ffa3954896b
0x00000013b8bfe2d0:   0000019ee026d720 0000000000000000
0x00000013b8bfe2e0:   0000000000000000 000000000000000f
0x00000013b8bfe2f0:   6c616e7265747800 000000006e696b53
0x00000013b8bfe300:   00007ffa39548a70 000000000000000f
0x00000013b8bfe310:   6c616e7265746e00 0000000065726f43
0x00000013b8bfe320:   0000000000000000 00007ffa395484ae 

Instructions: (pc=0x00007ffa394f7fd0)
0x00007ffa394f7ed0:   28 e8 6a b5 d7 ff 48 89 44 24 20 48 8b 4c 24 28
0x00007ffa394f7ee0:   e8 7b b5 d7 ff 48 89 44 24 30 eb 0e 48 8b 44 24
0x00007ffa394f7ef0:   20 48 83 c0 08 48 89 44 24 20 48 8b 44 24 30 48
0x00007ffa394f7f00:   39 44 24 20 74 1f 48 8b 44 24 20 48 8b 00 48 89
0x00007ffa394f7f10:   44 24 38 48 8b 44 24 58 48 39 44 24 38 75 04 b0
0x00007ffa394f7f20:   01 eb 04 eb c7 32 c0 48 83 c4 48 c3 cc cc cc cc
0x00007ffa394f7f30:   cc cc cc cc cc cc cc cc cc cc cc cc cc cc cc cc
0x00007ffa394f7f40:   48 89 4c 24 08 48 8b 44 24 08 48 83 c0 48 c3 cc
0x00007ffa394f7f50:   cc cc cc cc cc cc cc cc cc cc cc cc cc cc cc cc
0x00007ffa394f7f60:   48 89 4c 24 08 48 8b 44 24 08 48 83 c0 60 c3 cc
0x00007ffa394f7f70:   cc cc cc cc cc cc cc cc cc cc cc cc cc cc cc cc
0x00007ffa394f7f80:   48 89 54 24 10 48 89 4c 24 08 48 81 ec 98 00 00
0x00007ffa394f7f90:   00 48 8b 84 24 a0 00 00 00 48 8b 00 48 8b 80 d0
0x00007ffa394f7fa0:   00 00 00 48 89 44 24 20 48 8b 94 24 a8 00 00 00
0x00007ffa394f7fb0:   48 8b 8c 24 a0 00 00 00 ff 54 24 20 0f b6 c0 85
0x00007ffa394f7fc0:   c0 74 05 e9 5c 01 00 00 48 8b 84 24 a8 00 00 00
0x00007ffa394f7fd0:   48 8b 00 48 8b 8c 24 a8 00 00 00 ff 90 b0 00 00
0x00007ffa394f7fe0:   00 83 f8 03 75 5e 48 8b 84 24 a0 00 00 00 48 83
0x00007ffa394f7ff0:   c0 78 48 89 44 24 30 48 8b 84 24 a8 00 00 00 48
0x00007ffa394f8000:   89 44 24 28 48 8d 54 24 28 48 8b 4c 24 30 e8 bd
0x00007ffa394f8010:   8e da ff 90 48 8b 84 24 a0 00 00 00 48 05 90 00
0x00007ffa394f8020:   00 00 48 89 44 24 40 48 8b 84 24 a8 00 00 00 48
0x00007ffa394f8030:   89 44 24 38 48 8d 54 24 38 48 8b 4c 24 40 e8 8d
0x00007ffa394f8040:   8e da ff 90 48 8b 84 24 a8 00 00 00 48 8b 00 48
0x00007ffa394f8050:   8b 8c 24 a8 00 00 00 ff 90 b0 00 00 00 83 f8 02
0x00007ffa394f8060:   75 60 48 8b 84 24 a0 00 00 00 48 05 a8 00 00 00
0x00007ffa394f8070:   48 89 44 24 50 48 8b 84 24 a8 00 00 00 48 89 44
0x00007ffa394f8080:   24 48 48 8d 54 24 48 48 8b 4c 24 50 e8 3f 8e da
0x00007ffa394f8090:   ff 90 48 8b 84 24 a0 00 00 00 48 05 c0 00 00 00
0x00007ffa394f80a0:   48 89 44 24 60 48 8b 84 24 a8 00 00 00 48 89 44
0x00007ffa394f80b0:   24 58 48 8d 54 24 58 48 8b 4c 24 60 e8 0f 8e da
0x00007ffa394f80c0:   ff 90 48 8b 84 24 a0 00 00 00 48 83 c0 48 48 89 


Stack slot to memory mapping:
stack at sp + 0 slots: 0x0000019ee026d720 points into unknown readable memory: 0x00007ffa39dc0f60 | 60 0f dc 39 fa 7f 00 00
stack at sp + 1 slots: 0x0 is NULL
stack at sp + 2 slots: 0x00007ffa3928dae0 PulseJNI.dll
stack at sp + 3 slots: 0x000000000000000f is an unknown value
stack at sp + 4 slots: 0x00007ffa39548a70 PulseJNI.dll
stack at sp + 5 slots: 0x00007ffa392883a0 PulseJNI.dll
stack at sp + 6 slots: 0x0 is NULL
stack at sp + 7 slots: 0x000000000000000f is an unknown value


---------------  P R O C E S S  ---------------

Threads class SMR info:
_java_thread_list=0x0000019eebb79200, length=83, elements={
0x0000019ed995e3d0, 0x0000019ed9947e80, 0x0000019eda2b78c0, 0x0000019eda2b9190,
0x0000019eda2b9a50, 0x0000019eda2be2b0, 0x0000019eda2c7cc0, 0x0000019eda2c8de0,
0x0000019eda2e3f90, 0x0000019eda5766e0, 0x0000019eda530560, 0x0000019ee1c8cdf0,
0x0000019ee1c92960, 0x0000019ee1c91af0, 0x0000019ee1c902e0, 0x0000019ee1c907b0,
0x0000019ee1c8efa0, 0x0000019ee1c91150, 0x0000019ee1c91620, 0x0000019ee1c8ead0,
0x0000019ee1c92490, 0x0000019ee1c93300, 0x0000019ee1c937d0, 0x0000019ee1c8e130,
0x0000019ee1c8c450, 0x0000019ee1c92e30, 0x0000019ee1c8c920, 0x0000019ee1c8d790,
0x0000019ee1c8dc60, 0x0000019ee1c8e600, 0x0000019ee1c8f470, 0x0000019ee1c8f940,
0x0000019ee1c8fe10, 0x0000019edfedbfb0, 0x0000019edfedf4a0, 0x0000019edfedc950,
0x0000019ee74e3a20, 0x0000019ee74e2210, 0x0000019ee74e3ef0, 0x0000019ee74e43c0,
0x0000019ee74e6570, 0x0000019ee74e6a40, 0x0000019ee74e5700, 0x0000019ee74e60a0,
0x0000019ee74e26e0, 0x0000019ee74e3080, 0x0000019ee74e0a00, 0x0000019ee74e73e0,
0x0000019ee74e1870, 0x0000019ee74e6f10, 0x0000019ee74e4890, 0x0000019ee74e1d40,
0x0000019ee74e0530, 0x0000019eea7af330, 0x0000019eea7b2350, 0x0000019eea7b2cf0,
0x0000019eea7ac310, 0x0000019eea7b1e80, 0x0000019eea7b14e0, 0x0000019eea7b31c0,
0x0000019eea7b19b0, 0x0000019eea7adb20, 0x0000019eea7b2820, 0x0000019eea7ad180,
0x0000019eea7afcd0, 0x0000019eea7ac7e0, 0x0000019eea7ad650, 0x0000019eea7adff0,
0x0000019eea7b01a0, 0x0000019eea7ae990, 0x0000019eea7ae4c0, 0x0000019eea7b1010,
0x0000019eea7b0670, 0x0000019eea7accb0, 0x0000019eea7abe40, 0x0000019ee74e5bd0,
0x0000019ee74e78b0, 0x0000019ee74e0ed0, 0x0000019ee74e13a0, 0x0000019ee22aef30,
0x0000019ee22ae000, 0x0000019ee22afe60, 0x0000019ee22b1cc0
}

Java Threads: ( => current thread )
  0x0000019ed995e3d0 JavaThread "Reference Handler" daemon [_thread_blocked, id=5988, stack(0x00000013b7d00000,0x00000013b7e00000)]
  0x0000019ed9947e80 JavaThread "Finalizer" daemon [_thread_blocked, id=20004, stack(0x00000013b7e00000,0x00000013b7f00000)]
  0x0000019eda2b78c0 JavaThread "Signal Dispatcher" daemon [_thread_blocked, id=20376, stack(0x00000013b7f00000,0x00000013b8000000)]
  0x0000019eda2b9190 JavaThread "Attach Listener" daemon [_thread_blocked, id=14172, stack(0x00000013b8000000,0x00000013b8100000)]
  0x0000019eda2b9a50 JavaThread "Service Thread" daemon [_thread_blocked, id=8620, stack(0x00000013b8100000,0x00000013b8200000)]
  0x0000019eda2be2b0 JavaThread "Monitor Deflation Thread" daemon [_thread_blocked, id=11924, stack(0x00000013b8200000,0x00000013b8300000)]
  0x0000019eda2c7cc0 JavaThread "C2 CompilerThread0" daemon [_thread_blocked, id=20112, stack(0x00000013b8300000,0x00000013b8400000)]
  0x0000019eda2c8de0 JavaThread "C1 CompilerThread0" daemon [_thread_blocked, id=18684, stack(0x00000013b8400000,0x00000013b8500000)]
  0x0000019eda2e3f90 JavaThread "Sweeper thread" daemon [_thread_blocked, id=17620, stack(0x00000013b8500000,0x00000013b8600000)]
  0x0000019eda5766e0 JavaThread "Notification Thread" daemon [_thread_blocked, id=9820, stack(0x00000013b8800000,0x00000013b8900000)]
  0x0000019eda530560 JavaThread "Common-Cleaner" daemon [_thread_blocked, id=11324, stack(0x00000013b8a00000,0x00000013b8b00000)]
  0x0000019ee1c8cdf0 JavaThread "JNA Cleaner" daemon [_thread_blocked, id=7032, stack(0x00000013b8c00000,0x00000013b8d00000)]
  0x0000019ee1c92960 JavaThread "ForkJoinPool.commonPool-worker-1" daemon [_thread_blocked, id=5736, stack(0x00000013ba800000,0x00000013ba900000)]
  0x0000019ee1c91af0 JavaThread "ForkJoinPool.commonPool-worker-2" daemon [_thread_blocked, id=19772, stack(0x00000013ba900000,0x00000013baa00000)]
  0x0000019ee1c902e0 JavaThread "ForkJoinPool.commonPool-worker-3" daemon [_thread_blocked, id=7720, stack(0x00000013baa00000,0x00000013bab00000)]
  0x0000019ee1c907b0 JavaThread "Catalina-utility-1" [_thread_blocked, id=20360, stack(0x00000013bab00000,0x00000013bac00000)]
  0x0000019ee1c8efa0 JavaThread "Catalina-utility-2" [_thread_blocked, id=17016, stack(0x00000013bac00000,0x00000013bad00000)]
  0x0000019ee1c91150 JavaThread "container-0" [_thread_blocked, id=17412, stack(0x00000013bad00000,0x00000013bae00000)]
  0x0000019ee1c91620 JavaThread "FileSystemWatchService" daemon [_thread_in_native, id=18652, stack(0x00000013bae00000,0x00000013baf00000)]
  0x0000019ee1c8ead0 JavaThread "ForkJoinPool.commonPool-worker-4" daemon [_thread_blocked, id=9424, stack(0x00000013baf00000,0x00000013bb000000)]
  0x0000019ee1c92490 JavaThread "File Watcher" daemon [_thread_blocked, id=18320, stack(0x00000013bb200000,0x00000013bb300000)]
  0x0000019ee1c93300 JavaThread "Live Reload Server" daemon [_thread_in_native, id=1260, stack(0x00000013bb400000,0x00000013bb500000)]
  0x0000019ee1c937d0 JavaThread "Atmosphere-Scheduler-0" daemon [_thread_blocked, id=2004, stack(0x00000013bb300000,0x00000013bb400000)]
  0x0000019ee1c8e130 JavaThread "Atmosphere-Scheduler-1" daemon [_thread_blocked, id=10848, stack(0x00000013bb500000,0x00000013bb600000)]
  0x0000019ee1c8c450 JavaThread "Atmosphere-Shared-0" daemon [_thread_blocked, id=4656, stack(0x00000013bb600000,0x00000013bb700000)]
  0x0000019ee1c92e30 JavaThread "http-nio-8080-exec-1" daemon [_thread_blocked, id=6512, stack(0x00000013bb700000,0x00000013bb800000)]
  0x0000019ee1c8c920 JavaThread "http-nio-8080-exec-2" daemon [_thread_blocked, id=15168, stack(0x00000013bb800000,0x00000013bb900000)]
  0x0000019ee1c8d790 JavaThread "http-nio-8080-exec-3" daemon [_thread_blocked, id=3340, stack(0x00000013bb900000,0x00000013bba00000)]
  0x0000019ee1c8dc60 JavaThread "http-nio-8080-exec-4" daemon [_thread_blocked, id=19368, stack(0x00000013bba00000,0x00000013bbb00000)]
  0x0000019ee1c8e600 JavaThread "http-nio-8080-exec-5" daemon [_thread_blocked, id=1564, stack(0x00000013bbb00000,0x00000013bbc00000)]
  0x0000019ee1c8f470 JavaThread "http-nio-8080-exec-6" daemon [_thread_blocked, id=18132, stack(0x00000013bbc00000,0x00000013bbd00000)]
  0x0000019ee1c8f940 JavaThread "http-nio-8080-exec-7" daemon [_thread_blocked, id=13652, stack(0x00000013bbd00000,0x00000013bbe00000)]
  0x0000019ee1c8fe10 JavaThread "http-nio-8080-exec-8" daemon [_thread_blocked, id=3232, stack(0x00000013bbe00000,0x00000013bbf00000)]
  0x0000019edfedbfb0 JavaThread "http-nio-8080-exec-9" daemon [_thread_blocked, id=10372, stack(0x00000013bbf00000,0x00000013bc000000)]
  0x0000019edfedf4a0 JavaThread "http-nio-8080-exec-10" daemon [_thread_blocked, id=9828, stack(0x00000013bc000000,0x00000013bc100000)]
  0x0000019edfedc950 JavaThread "http-nio-8080-Poller" daemon [_thread_in_native, id=312, stack(0x00000013bc100000,0x00000013bc200000)]
  0x0000019ee74e3a20 JavaThread "http-nio-8080-Acceptor" daemon [_thread_in_native, id=15328, stack(0x00000013bc200000,0x00000013bc300000)]
  0x0000019ee74e2210 JavaThread "Java2D Disposer" daemon [_thread_blocked, id=15528, stack(0x00000013bc400000,0x00000013bc500000)]
  0x0000019ee74e3ef0 JavaThread "Live Reload #1" daemon [_thread_in_native, id=6100, stack(0x00000013ba500000,0x00000013ba600000)]
  0x0000019ee74e43c0 JavaThread "Atmosphere-Scheduler-2" daemon [_thread_blocked, id=4464, stack(0x00000013ba200000,0x00000013ba300000)]
  0x0000019ee74e6570 JavaThread "Atmosphere-Scheduler-3" daemon [_thread_blocked, id=16136, stack(0x00000013ba300000,0x00000013ba400000)]
  0x0000019ee74e6a40 JavaThread "Atmosphere-Shared-0" daemon [_thread_blocked, id=16268, stack(0x00000013ba400000,0x00000013ba500000)]
  0x0000019ee74e5700 JavaThread "Atmosphere-Scheduler-4" daemon [_thread_blocked, id=940, stack(0x00000013ba600000,0x00000013ba700000)]
  0x0000019ee74e60a0 JavaThread "HttpClient-1-SelectorManager" daemon [_thread_in_native, id=14360, stack(0x00000013bc800000,0x00000013bc900000)]
  0x0000019ee74e26e0 JavaThread "HttpClient-2-SelectorManager" daemon [_thread_in_native, id=9060, stack(0x00000013bc900000,0x00000013bca00000)]
  0x0000019ee74e3080 JavaThread "HttpClient-3-SelectorManager" daemon [_thread_in_native, id=4224, stack(0x00000013bca00000,0x00000013bcb00000)]
  0x0000019ee74e0a00 JavaThread "HttpClient-4-SelectorManager" daemon [_thread_in_native, id=18380, stack(0x00000013bcb00000,0x00000013bcc00000)]
  0x0000019ee74e73e0 JavaThread "HttpClient-5-SelectorManager" daemon [_thread_in_native, id=4660, stack(0x00000013bcc00000,0x00000013bcd00000)]
  0x0000019ee74e1870 JavaThread "Atmosphere-Shared-1" daemon [_thread_blocked, id=17088, stack(0x00000013bc300000,0x00000013bc400000)]
  0x0000019ee74e6f10 JavaThread "Atmosphere-Scheduler-5" daemon [_thread_blocked, id=8796, stack(0x00000013bcd00000,0x00000013bce00000)]
  0x0000019ee74e4890 JavaThread "Atmosphere-Scheduler-6" daemon [_thread_blocked, id=6324, stack(0x00000013bcf00000,0x00000013bd000000)]
  0x0000019ee74e1d40 JavaThread "Atmosphere-Scheduler-7" daemon [_thread_blocked, id=14332, stack(0x00000013bd100000,0x00000013bd200000)]
  0x0000019ee74e0530 JavaThread "Atmosphere-Scheduler-8" daemon [_thread_blocked, id=9620, stack(0x00000013bd300000,0x00000013bd400000)]
  0x0000019eea7af330 JavaThread "Atmosphere-Scheduler-9" daemon [_thread_blocked, id=4492, stack(0x00000013bd600000,0x00000013bd700000)]
  0x0000019eea7b2350 JavaThread "Atmosphere-Shared-2" daemon [_thread_blocked, id=10404, stack(0x00000013ba100000,0x00000013ba200000)]
  0x0000019eea7b2cf0 JavaThread "Atmosphere-Scheduler-10" daemon [_thread_blocked, id=18360, stack(0x00000013ba700000,0x00000013ba800000)]
  0x0000019eea7ac310 JavaThread "HttpClient-1-Worker-0" daemon [_thread_blocked, id=13320, stack(0x00000013bc500000,0x00000013bc600000)]
  0x0000019eea7b1e80 JavaThread "HttpClient-1-Worker-1" daemon [_thread_blocked, id=13556, stack(0x00000013bc600000,0x00000013bc700000)]
  0x0000019eea7b14e0 JavaThread "DestroyJavaVM" [_thread_blocked, id=13776, stack(0x00000013b7600000,0x00000013b7700000)]
  0x0000019eea7b31c0 JavaThread "Atmosphere-Scheduler-11" daemon [_thread_blocked, id=12764, stack(0x00000013b9300000,0x00000013b9400000)]
  0x0000019eea7b19b0 JavaThread "Atmosphere-Scheduler-12" daemon [_thread_blocked, id=7696, stack(0x00000013bd000000,0x00000013bd100000)]
  0x0000019eea7adb20 JavaThread "Atmosphere-Shared-3" daemon [_thread_blocked, id=8000, stack(0x00000013bd400000,0x00000013bd500000)]
  0x0000019eea7b2820 JavaThread "Atmosphere-Scheduler-13" daemon [_thread_blocked, id=5704, stack(0x00000013bd800000,0x00000013bd900000)]
  0x0000019eea7ad180 JavaThread "HttpClient-6-SelectorManager" daemon [_thread_in_native, id=11836, stack(0x00000013bda00000,0x00000013bdb00000)]
  0x0000019eea7afcd0 JavaThread "HttpClient-7-SelectorManager" daemon [_thread_in_native, id=20096, stack(0x00000013bdb00000,0x00000013bdc00000)]
  0x0000019eea7ac7e0 JavaThread "HttpClient-8-SelectorManager" daemon [_thread_in_native, id=7888, stack(0x00000013bdc00000,0x00000013bdd00000)]
  0x0000019eea7ad650 JavaThread "HttpClient-9-SelectorManager" daemon [_thread_in_native, id=10080, stack(0x00000013bdd00000,0x00000013bde00000)]
  0x0000019eea7adff0 JavaThread "HttpClient-10-SelectorManager" daemon [_thread_in_native, id=16568, stack(0x00000013bde00000,0x00000013bdf00000)]
  0x0000019eea7b01a0 JavaThread "Atmosphere-Scheduler-14" daemon [_thread_blocked, id=9824, stack(0x00000013bdf00000,0x00000013be000000)]
  0x0000019eea7ae990 JavaThread "Atmosphere-Scheduler-15" daemon [_thread_blocked, id=936, stack(0x00000013be100000,0x00000013be200000)]
  0x0000019eea7ae4c0 JavaThread "WebSocket background processing" daemon [_thread_blocked, id=9120, stack(0x00000013be200000,0x00000013be300000)]
  0x0000019eea7b1010 JavaThread "Atmosphere-Shared-4" daemon [_thread_blocked, id=5488, stack(0x00000013b9200000,0x00000013b9300000)]
  0x0000019eea7b0670 JavaThread "HttpClient-6-Worker-0" daemon [_thread_blocked, id=11364, stack(0x00000013bc700000,0x00000013bc800000)]
  0x0000019eea7accb0 JavaThread "HttpClient-6-Worker-1" daemon [_thread_blocked, id=5480, stack(0x00000013bce00000,0x00000013bcf00000)]
=>0x0000019eea7abe40 JavaThread "SwingWorker-pool-2-thread-1" daemon [_thread_in_native, id=10048, stack(0x00000013b8b00000,0x00000013b8c00000)]
  0x0000019ee74e5bd0 JavaThread "AWT-Shutdown" [_thread_blocked, id=9280, stack(0x00000013bb000000,0x00000013bb100000)]
  0x0000019ee74e78b0 JavaThread "AWT-Windows" daemon [_thread_in_native, id=9676, stack(0x00000013bb100000,0x00000013bb200000)]
  0x0000019ee74e0ed0 JavaThread "TimerQueue" daemon [_thread_blocked, id=10712, stack(0x00000013bd200000,0x00000013bd300000)]
  0x0000019ee74e13a0 JavaThread "AWT-EventQueue-0" [_thread_blocked, id=12116, stack(0x00000013bd500000,0x00000013bd600000)]
  0x0000019ee22aef30 JavaThread "C1 CompilerThread1" daemon [_thread_blocked, id=8904, stack(0x00000013bd900000,0x00000013bda00000)]
  0x0000019ee22ae000 JavaThread "C1 CompilerThread2" daemon [_thread_blocked, id=11248, stack(0x00000013be000000,0x00000013be100000)]
  0x0000019ee22afe60 JavaThread "C1 CompilerThread3" daemon [_thread_blocked, id=18508, stack(0x00000013be300000,0x00000013be400000)]
  0x0000019ee22b1cc0 JavaThread "C2 CompilerThread1" daemon [_thread_blocked, id=15476, stack(0x00000013be400000,0x00000013be500000)]

Other Threads:
  0x0000019ed995cd40 VMThread "VM Thread" [stack: 0x00000013b7c00000,0x00000013b7d00000] [id=4308]
  0x0000019eda578bc0 WatcherThread [stack: 0x00000013b8900000,0x00000013b8a00000] [id=14308]
  0x0000019ebb0b2e00 GCTaskThread "GC Thread#0" [stack: 0x00000013b7700000,0x00000013b7800000] [id=16820]
  0x0000019edf7f0a80 GCTaskThread "GC Thread#1" [stack: 0x00000013b8d00000,0x00000013b8e00000] [id=15084]
  0x0000019edf37d200 GCTaskThread "GC Thread#2" [stack: 0x00000013b8e00000,0x00000013b8f00000] [id=12524]
  0x0000019edf37d4b0 GCTaskThread "GC Thread#3" [stack: 0x00000013b8f00000,0x00000013b9000000] [id=17720]
  0x0000019edf37d760 GCTaskThread "GC Thread#4" [stack: 0x00000013b9000000,0x00000013b9100000] [id=18920]
  0x0000019ee0322d10 GCTaskThread "GC Thread#5" [stack: 0x00000013b9400000,0x00000013b9500000] [id=6440]
  0x0000019edfbe2ca0 GCTaskThread "GC Thread#6" [stack: 0x00000013b9600000,0x00000013b9700000] [id=10672]
  0x0000019edfc9dad0 GCTaskThread "GC Thread#7" [stack: 0x00000013b9700000,0x00000013b9800000] [id=20120]
  0x0000019ee05ea4b0 GCTaskThread "GC Thread#8" [stack: 0x00000013b9800000,0x00000013b9900000] [id=4976]
  0x0000019ee05e8390 GCTaskThread "GC Thread#9" [stack: 0x00000013b9c00000,0x00000013b9d00000] [id=19496]
  0x0000019ee05e9100 GCTaskThread "GC Thread#10" [stack: 0x00000013b9d00000,0x00000013b9e00000] [id=2212]
  0x0000019ee05e80e0 GCTaskThread "GC Thread#11" [stack: 0x00000013b9e00000,0x00000013b9f00000] [id=17264]
  0x0000019ee05e78d0 GCTaskThread "GC Thread#12" [stack: 0x00000013b9f00000,0x00000013ba000000] [id=11868]
  0x0000019ebb0c4080 ConcurrentGCThread "G1 Main Marker" [stack: 0x00000013b7800000,0x00000013b7900000] [id=16580]
  0x0000019ebb0c4a90 ConcurrentGCThread "G1 Conc#0" [stack: 0x00000013b7900000,0x00000013b7a00000] [id=4220]
  0x0000019ee05e8640 ConcurrentGCThread "G1 Conc#1" [stack: 0x00000013b9900000,0x00000013b9a00000] [id=7944]
  0x0000019ee05e8e50 ConcurrentGCThread "G1 Conc#2" [stack: 0x00000013b9a00000,0x00000013b9b00000] [id=5296]
  0x0000019ed9833860 ConcurrentGCThread "G1 Refine#0" [stack: 0x00000013b7a00000,0x00000013b7b00000] [id=19776]
  0x0000019ee0f4e960 ConcurrentGCThread "G1 Refine#1" [stack: 0x00000013b8600000,0x00000013b8700000] [id=13364]
  0x0000019ee0f4ef20 ConcurrentGCThread "G1 Refine#2" [stack: 0x00000013b8700000,0x00000013b8800000] [id=12504]
  0x0000019ee3893890 ConcurrentGCThread "G1 Refine#3" [stack: 0x00000013ba000000,0x00000013ba100000] [id=15972]
  0x0000019ed9834180 ConcurrentGCThread "G1 Service" [stack: 0x00000013b7b00000,0x00000013b7c00000] [id=2324]

Threads with active compile tasks:

VM state: not at safepoint (normal execution)

VM Mutex/Monitor currently owned by a thread: None

Heap address: 0x000000070a600000, size: 3930 MB, Compressed Oops mode: Zero based, Oop shift amount: 3

CDS archive(s) not mapped
Compressed class space mapped at: 0x0000000800000000-0x0000000840000000, reserved size: 1073741824
Narrow klass base: 0x0000000800000000, Narrow klass shift: 0, Narrow klass range: 0x40000000

GC Precious Log:
 CPUs: 16 total, 16 available
 Memory: 15712M
 Large Page Support: Disabled
 NUMA Support: Disabled
 Compressed Oops: Enabled (Zero based)
 Heap Region Size: 2M
 Heap Min Capacity: 8M
 Heap Initial Capacity: 246M
 Heap Max Capacity: 3930M
 Pre-touch: Disabled
 Parallel Workers: 13
 Concurrent Workers: 3
 Concurrent Refinement Workers: 13
 Periodic GC: Disabled

Heap:
 garbage-first heap   total 331776K, used 160237K [0x000000070a600000, 0x0000000800000000)
  region size 2048K, 41 young (83968K), 2 survivors (4096K)
 Metaspace       used 79798K, committed 80384K, reserved 1179648K
  class space    used 9842K, committed 10176K, reserved 1048576K

Heap Regions: E=young(eden), S=young(survivor), O=old, HS=humongous(starts), HC=humongous(continues), CS=collection set, F=free, OA=open archive, CA=closed archive, TAMS=top-at-mark-start (previous, next)
|   0|0x000000070a600000, 0x000000070a800000, 0x000000070a800000|100%| O|  |TAMS 0x000000070a800000, 0x000000070a600000| Untracked 
|   1|0x000000070a800000, 0x000000070aa00000, 0x000000070aa00000|100%| O|  |TAMS 0x000000070aa00000, 0x000000070a800000| Untracked 
|   2|0x000000070aa00000, 0x000000070ac00000, 0x000000070ac00000|100%| O|  |TAMS 0x000000070ac00000, 0x000000070aa00000| Untracked 
|   3|0x000000070ac00000, 0x000000070ae00000, 0x000000070ae00000|100%| O|  |TAMS 0x000000070ae00000, 0x000000070ac00000| Untracked 
|   4|0x000000070ae00000, 0x000000070b000000, 0x000000070b000000|100%| O|  |TAMS 0x000000070b000000, 0x000000070ae00000| Untracked 
|   5|0x000000070b000000, 0x000000070b200000, 0x000000070b200000|100%| O|  |TAMS 0x000000070b200000, 0x000000070b000000| Untracked 
|   6|0x000000070b200000, 0x000000070b400000, 0x000000070b400000|100%| O|  |TAMS 0x000000070b400000, 0x000000070b200000| Untracked 
|   7|0x000000070b400000, 0x000000070b5b8000, 0x000000070b600000| 85%| O|  |TAMS 0x000000070b5b8000, 0x000000070b400000| Untracked 
|   8|0x000000070b600000, 0x000000070b800000, 0x000000070b800000|100%| O|  |TAMS 0x000000070b800000, 0x000000070b600000| Untracked 
|   9|0x000000070b800000, 0x000000070ba00000, 0x000000070ba00000|100%| O|  |TAMS 0x000000070ba00000, 0x000000070b800000| Untracked 
|  10|0x000000070ba00000, 0x000000070bc00000, 0x000000070bc00000|100%| O|  |TAMS 0x000000070bc00000, 0x000000070ba00000| Untracked 
|  11|0x000000070bc00000, 0x000000070be00000, 0x000000070be00000|100%| O|  |TAMS 0x000000070be00000, 0x000000070bc00000| Untracked 
|  12|0x000000070be00000, 0x000000070c000000, 0x000000070c000000|100%| O|  |TAMS 0x000000070be00000, 0x000000070be00000| Untracked 
|  13|0x000000070c000000, 0x000000070c200000, 0x000000070c200000|100%| O|  |TAMS 0x000000070c200000, 0x000000070c000000| Untracked 
|  14|0x000000070c200000, 0x000000070c400000, 0x000000070c400000|100%| O|  |TAMS 0x000000070c400000, 0x000000070c200000| Untracked 
|  15|0x000000070c400000, 0x000000070c466e00, 0x000000070c600000| 20%| O|  |TAMS 0x000000070c400000, 0x000000070c400000| Untracked 
|  16|0x000000070c600000, 0x000000070c800000, 0x000000070c800000|100%| O|  |TAMS 0x000000070c800000, 0x000000070c600000| Untracked 
|  17|0x000000070c800000, 0x000000070ca00000, 0x000000070ca00000|100%| O|  |TAMS 0x000000070ca00000, 0x000000070c800000| Untracked 
|  18|0x000000070ca00000, 0x000000070ca00000, 0x000000070cc00000|  0%| F|  |TAMS 0x000000070ca00000, 0x000000070ca00000| Untracked 
|  19|0x000000070cc00000, 0x000000070ce00000, 0x000000070ce00000|100%| O|  |TAMS 0x000000070ce00000, 0x000000070cc00000| Untracked 
|  20|0x000000070ce00000, 0x000000070ce00000, 0x000000070d000000|  0%| F|  |TAMS 0x000000070ce00000, 0x000000070ce00000| Untracked 
|  21|0x000000070d000000, 0x000000070d000000, 0x000000070d200000|  0%| F|  |TAMS 0x000000070d000000, 0x000000070d000000| Untracked 
|  22|0x000000070d200000, 0x000000070d400000, 0x000000070d400000|100%| O|  |TAMS 0x000000070d400000, 0x000000070d200000| Untracked 
|  23|0x000000070d400000, 0x000000070d600000, 0x000000070d600000|100%| O|  |TAMS 0x000000070d600000, 0x000000070d400000| Untracked 
|  24|0x000000070d600000, 0x000000070d800000, 0x000000070d800000|100%| O|  |TAMS 0x000000070d800000, 0x000000070d600000| Untracked 
|  25|0x000000070d800000, 0x000000070da00000, 0x000000070da00000|100%| O|  |TAMS 0x000000070da00000, 0x000000070d800000| Untracked 
|  26|0x000000070da00000, 0x000000070dc00000, 0x000000070dc00000|100%| O|  |TAMS 0x000000070dc00000, 0x000000070da00000| Untracked 
|  27|0x000000070dc00000, 0x000000070dc00000, 0x000000070de00000|  0%| F|  |TAMS 0x000000070dc00000, 0x000000070dc00000| Untracked 
|  28|0x000000070de00000, 0x000000070e000000, 0x000000070e000000|100%| O|  |TAMS 0x000000070e000000, 0x000000070de00000| Untracked 
|  29|0x000000070e000000, 0x000000070e200000, 0x000000070e200000|100%| O|  |TAMS 0x000000070e200000, 0x000000070e000000| Untracked 
|  30|0x000000070e200000, 0x000000070e400000, 0x000000070e400000|100%| O|  |TAMS 0x000000070e400000, 0x000000070e200000| Untracked 
|  31|0x000000070e400000, 0x000000070e600000, 0x000000070e600000|100%| O|  |TAMS 0x000000070e600000, 0x000000070e400000| Untracked 
|  32|0x000000070e600000, 0x000000070e800000, 0x000000070e800000|100%| O|  |TAMS 0x000000070e800000, 0x000000070e600000| Untracked 
|  33|0x000000070e800000, 0x000000070ea00000, 0x000000070ea00000|100%|HS|  |TAMS 0x000000070ea00000, 0x000000070e800000| Complete 
|  34|0x000000070ea00000, 0x000000070ec00000, 0x000000070ec00000|100%| O|  |TAMS 0x000000070ec00000, 0x000000070ea00000| Untracked 
|  35|0x000000070ec00000, 0x000000070ee00000, 0x000000070ee00000|100%| O|  |TAMS 0x000000070ee00000, 0x000000070ec00000| Untracked 
|  36|0x000000070ee00000, 0x000000070f000000, 0x000000070f000000|100%| O|  |TAMS 0x000000070f000000, 0x000000070ee00000| Untracked 
|  37|0x000000070f000000, 0x000000070f200000, 0x000000070f200000|100%| O|  |TAMS 0x000000070f200000, 0x000000070f000000| Untracked 
|  38|0x000000070f200000, 0x000000070f400000, 0x000000070f400000|100%| O|  |TAMS 0x000000070f400000, 0x000000070f200000| Untracked 
|  39|0x000000070f400000, 0x000000070f600000, 0x000000070f600000|100%|HS|  |TAMS 0x000000070f600000, 0x000000070f400000| Complete 
|  40|0x000000070f600000, 0x000000070f800000, 0x000000070f800000|100%|HC|  |TAMS 0x000000070f800000, 0x000000070f600000| Complete 
|  41|0x000000070f800000, 0x000000070fa00000, 0x000000070fa00000|100%|HC|  |TAMS 0x000000070fa00000, 0x000000070f800000| Complete 
|  42|0x000000070fa00000, 0x000000070fc00000, 0x000000070fc00000|100%|HC|  |TAMS 0x000000070fc00000, 0x000000070fa00000| Complete 
|  43|0x000000070fc00000, 0x000000070fe00000, 0x000000070fe00000|100%|HC|  |TAMS 0x000000070fe00000, 0x000000070fc00000| Complete 
|  44|0x000000070fe00000, 0x0000000710000000, 0x0000000710000000|100%| O|  |TAMS 0x000000070fe8c200, 0x000000070fe00000| Untracked 
|  45|0x0000000710000000, 0x0000000710000000, 0x0000000710200000|  0%| F|  |TAMS 0x0000000710000000, 0x0000000710000000| Untracked 
|  46|0x0000000710200000, 0x0000000710200000, 0x0000000710400000|  0%| F|  |TAMS 0x0000000710200000, 0x0000000710200000| Untracked 
|  47|0x0000000710400000, 0x0000000710400000, 0x0000000710600000|  0%| F|  |TAMS 0x0000000710400000, 0x0000000710400000| Untracked 
|  48|0x0000000710600000, 0x0000000710600000, 0x0000000710800000|  0%| F|  |TAMS 0x0000000710600000, 0x0000000710600000| Untracked 
|  49|0x0000000710800000, 0x0000000710800000, 0x0000000710a00000|  0%| F|  |TAMS 0x0000000710800000, 0x0000000710800000| Untracked 
|  50|0x0000000710a00000, 0x0000000710a00000, 0x0000000710c00000|  0%| F|  |TAMS 0x0000000710a00000, 0x0000000710a00000| Untracked 
|  51|0x0000000710c00000, 0x0000000710c00000, 0x0000000710e00000|  0%| F|  |TAMS 0x0000000710c00000, 0x0000000710c00000| Untracked 
|  52|0x0000000710e00000, 0x0000000710e00000, 0x0000000711000000|  0%| F|  |TAMS 0x0000000710e00000, 0x0000000710e00000| Untracked 
|  53|0x0000000711000000, 0x0000000711000000, 0x0000000711200000|  0%| F|  |TAMS 0x0000000711000000, 0x0000000711000000| Untracked 
|  54|0x0000000711200000, 0x0000000711200000, 0x0000000711400000|  0%| F|  |TAMS 0x0000000711200000, 0x0000000711200000| Untracked 
|  55|0x0000000711400000, 0x0000000711400000, 0x0000000711600000|  0%| F|  |TAMS 0x0000000711400000, 0x0000000711400000| Untracked 
|  56|0x0000000711600000, 0x0000000711600000, 0x0000000711800000|  0%| F|  |TAMS 0x0000000711600000, 0x0000000711600000| Untracked 
|  57|0x0000000711800000, 0x0000000711800000, 0x0000000711a00000|  0%| F|  |TAMS 0x0000000711800000, 0x0000000711800000| Untracked 
|  58|0x0000000711a00000, 0x0000000711a00000, 0x0000000711c00000|  0%| F|  |TAMS 0x0000000711a00000, 0x0000000711a00000| Untracked 
|  59|0x0000000711c00000, 0x0000000711c00000, 0x0000000711e00000|  0%| F|  |TAMS 0x0000000711c00000, 0x0000000711c00000| Untracked 
|  60|0x0000000711e00000, 0x0000000711e00000, 0x0000000712000000|  0%| F|  |TAMS 0x0000000711e00000, 0x0000000711e00000| Untracked 
|  61|0x0000000712000000, 0x0000000712000000, 0x0000000712200000|  0%| F|  |TAMS 0x0000000712000000, 0x0000000712000000| Untracked 
|  62|0x0000000712200000, 0x0000000712200000, 0x0000000712400000|  0%| F|  |TAMS 0x0000000712200000, 0x0000000712200000| Untracked 
|  63|0x0000000712400000, 0x0000000712400000, 0x0000000712600000|  0%| F|  |TAMS 0x0000000712400000, 0x0000000712400000| Untracked 
|  64|0x0000000712600000, 0x0000000712600000, 0x0000000712800000|  0%| F|  |TAMS 0x0000000712600000, 0x0000000712600000| Untracked 
|  65|0x0000000712800000, 0x0000000712800000, 0x0000000712a00000|  0%| F|  |TAMS 0x0000000712800000, 0x0000000712800000| Untracked 
|  66|0x0000000712a00000, 0x0000000712a00000, 0x0000000712c00000|  0%| F|  |TAMS 0x0000000712a00000, 0x0000000712a00000| Untracked 
|  67|0x0000000712c00000, 0x0000000712c00000, 0x0000000712e00000|  0%| F|  |TAMS 0x0000000712c00000, 0x0000000712c00000| Untracked 
|  68|0x0000000712e00000, 0x0000000712e00000, 0x0000000713000000|  0%| F|  |TAMS 0x0000000712e00000, 0x0000000712e00000| Untracked 
|  69|0x0000000713000000, 0x0000000713000000, 0x0000000713200000|  0%| F|  |TAMS 0x0000000713000000, 0x0000000713000000| Untracked 
|  70|0x0000000713200000, 0x0000000713200000, 0x0000000713400000|  0%| F|  |TAMS 0x0000000713200000, 0x0000000713200000| Untracked 
|  71|0x0000000713400000, 0x000000071345c898, 0x0000000713600000| 18%| S|CS|TAMS 0x0000000713400000, 0x0000000713400000| Complete 
|  72|0x0000000713600000, 0x0000000713800000, 0x0000000713800000|100%| S|CS|TAMS 0x0000000713600000, 0x0000000713600000| Complete 
|  73|0x0000000713800000, 0x0000000713800000, 0x0000000713a00000|  0%| F|  |TAMS 0x0000000713800000, 0x0000000713800000| Untracked 
|  74|0x0000000713a00000, 0x0000000713a00000, 0x0000000713c00000|  0%| F|  |TAMS 0x0000000713a00000, 0x0000000713a00000| Untracked 
|  75|0x0000000713c00000, 0x0000000713c00000, 0x0000000713e00000|  0%| F|  |TAMS 0x0000000713c00000, 0x0000000713c00000| Untracked 
|  76|0x0000000713e00000, 0x0000000713e00000, 0x0000000714000000|  0%| F|  |TAMS 0x0000000713e00000, 0x0000000713e00000| Untracked 
|  77|0x0000000714000000, 0x0000000714000000, 0x0000000714200000|  0%| F|  |TAMS 0x0000000714000000, 0x0000000714000000| Untracked 
|  78|0x0000000714200000, 0x0000000714200000, 0x0000000714400000|  0%| F|  |TAMS 0x0000000714200000, 0x0000000714200000| Untracked 
|  79|0x0000000714400000, 0x0000000714400000, 0x0000000714600000|  0%| F|  |TAMS 0x0000000714400000, 0x0000000714400000| Untracked 
|  80|0x0000000714600000, 0x0000000714600000, 0x0000000714800000|  0%| F|  |TAMS 0x0000000714600000, 0x0000000714600000| Untracked 
|  81|0x0000000714800000, 0x0000000714800000, 0x0000000714a00000|  0%| F|  |TAMS 0x0000000714800000, 0x0000000714800000| Untracked 
|  82|0x0000000714a00000, 0x0000000714a00000, 0x0000000714c00000|  0%| F|  |TAMS 0x0000000714a00000, 0x0000000714a00000| Untracked 
|  83|0x0000000714c00000, 0x0000000714c00000, 0x0000000714e00000|  0%| F|  |TAMS 0x0000000714c00000, 0x0000000714c00000| Untracked 
|  84|0x0000000714e00000, 0x0000000714e00000, 0x0000000715000000|  0%| F|  |TAMS 0x0000000714e00000, 0x0000000714e00000| Untracked 
|  85|0x0000000715000000, 0x0000000715000000, 0x0000000715200000|  0%| F|  |TAMS 0x0000000715000000, 0x0000000715000000| Untracked 
|  86|0x0000000715200000, 0x0000000715200000, 0x0000000715400000|  0%| F|  |TAMS 0x0000000715200000, 0x0000000715200000| Untracked 
|  87|0x0000000715400000, 0x0000000715400000, 0x0000000715600000|  0%| F|  |TAMS 0x0000000715400000, 0x0000000715400000| Untracked 
|  88|0x0000000715600000, 0x0000000715600000, 0x0000000715800000|  0%| F|  |TAMS 0x0000000715600000, 0x0000000715600000| Untracked 
|  89|0x0000000715800000, 0x0000000715800000, 0x0000000715a00000|  0%| F|  |TAMS 0x0000000715800000, 0x0000000715800000| Untracked 
|  90|0x0000000715a00000, 0x0000000715a00000, 0x0000000715c00000|  0%| F|  |TAMS 0x0000000715a00000, 0x0000000715a00000| Untracked 
|  91|0x0000000715c00000, 0x0000000715c00000, 0x0000000715e00000|  0%| F|  |TAMS 0x0000000715c00000, 0x0000000715c00000| Untracked 
|  92|0x0000000715e00000, 0x0000000715e00000, 0x0000000716000000|  0%| F|  |TAMS 0x0000000715e00000, 0x0000000715e00000| Untracked 
|  93|0x0000000716000000, 0x0000000716000000, 0x0000000716200000|  0%| F|  |TAMS 0x0000000716000000, 0x0000000716000000| Untracked 
|  94|0x0000000716200000, 0x0000000716200000, 0x0000000716400000|  0%| F|  |TAMS 0x0000000716200000, 0x0000000716200000| Untracked 
|  95|0x0000000716400000, 0x0000000716400000, 0x0000000716600000|  0%| F|  |TAMS 0x0000000716400000, 0x0000000716400000| Untracked 
|  96|0x0000000716600000, 0x0000000716600000, 0x0000000716800000|  0%| F|  |TAMS 0x0000000716600000, 0x0000000716600000| Untracked 
|  97|0x0000000716800000, 0x0000000716800000, 0x0000000716a00000|  0%| F|  |TAMS 0x0000000716800000, 0x0000000716800000| Untracked 
|  98|0x0000000716a00000, 0x0000000716a00000, 0x0000000716c00000|  0%| F|  |TAMS 0x0000000716a00000, 0x0000000716a00000| Untracked 
|  99|0x0000000716c00000, 0x0000000716c00000, 0x0000000716e00000|  0%| F|  |TAMS 0x0000000716c00000, 0x0000000716c00000| Untracked 
| 100|0x0000000716e00000, 0x0000000716e00000, 0x0000000717000000|  0%| F|  |TAMS 0x0000000716e00000, 0x0000000716e00000| Untracked 
| 101|0x0000000717000000, 0x0000000717000000, 0x0000000717200000|  0%| F|  |TAMS 0x0000000717000000, 0x0000000717000000| Untracked 
| 102|0x0000000717200000, 0x0000000717200000, 0x0000000717400000|  0%| F|  |TAMS 0x0000000717200000, 0x0000000717200000| Untracked 
| 103|0x0000000717400000, 0x0000000717400000, 0x0000000717600000|  0%| F|  |TAMS 0x0000000717400000, 0x0000000717400000| Untracked 
| 104|0x0000000717600000, 0x0000000717600000, 0x0000000717800000|  0%| F|  |TAMS 0x0000000717600000, 0x0000000717600000| Untracked 
| 105|0x0000000717800000, 0x0000000717800000, 0x0000000717a00000|  0%| F|  |TAMS 0x0000000717800000, 0x0000000717800000| Untracked 
| 106|0x0000000717a00000, 0x0000000717a00000, 0x0000000717c00000|  0%| F|  |TAMS 0x0000000717a00000, 0x0000000717a00000| Untracked 
| 107|0x0000000717c00000, 0x0000000717c00000, 0x0000000717e00000|  0%| F|  |TAMS 0x0000000717c00000, 0x0000000717c00000| Untracked 
| 108|0x0000000717e00000, 0x0000000717e00000, 0x0000000718000000|  0%| F|  |TAMS 0x0000000717e00000, 0x0000000717e00000| Untracked 
| 109|0x0000000718000000, 0x0000000718000000, 0x0000000718200000|  0%| F|  |TAMS 0x0000000718000000, 0x0000000718000000| Untracked 
| 110|0x0000000718200000, 0x0000000718200000, 0x0000000718400000|  0%| F|  |TAMS 0x0000000718200000, 0x0000000718200000| Untracked 
| 111|0x0000000718400000, 0x0000000718400000, 0x0000000718600000|  0%| F|  |TAMS 0x0000000718400000, 0x0000000718400000| Untracked 
| 112|0x0000000718600000, 0x0000000718600000, 0x0000000718800000|  0%| F|  |TAMS 0x0000000718600000, 0x0000000718600000| Untracked 
| 113|0x0000000718800000, 0x0000000718800000, 0x0000000718a00000|  0%| F|  |TAMS 0x0000000718800000, 0x0000000718800000| Untracked 
| 114|0x0000000718a00000, 0x0000000718a00000, 0x0000000718c00000|  0%| F|  |TAMS 0x0000000718a00000, 0x0000000718a00000| Untracked 
| 115|0x0000000718c00000, 0x0000000718c00000, 0x0000000718e00000|  0%| F|  |TAMS 0x0000000718c00000, 0x0000000718c00000| Untracked 
| 116|0x0000000718e00000, 0x0000000718e00000, 0x0000000719000000|  0%| F|  |TAMS 0x0000000718e00000, 0x0000000718e00000| Untracked 
| 117|0x0000000719000000, 0x0000000719000000, 0x0000000719200000|  0%| F|  |TAMS 0x0000000719000000, 0x0000000719000000| Untracked 
| 118|0x0000000719200000, 0x0000000719200000, 0x0000000719400000|  0%| F|  |TAMS 0x0000000719200000, 0x0000000719200000| Untracked 
| 119|0x0000000719400000, 0x0000000719400000, 0x0000000719600000|  0%| F|  |TAMS 0x0000000719400000, 0x0000000719400000| Untracked 
| 120|0x0000000719600000, 0x0000000719600000, 0x0000000719800000|  0%| F|  |TAMS 0x0000000719600000, 0x0000000719600000| Untracked 
| 121|0x0000000719800000, 0x0000000719800000, 0x0000000719a00000|  0%| F|  |TAMS 0x0000000719800000, 0x0000000719800000| Untracked 
| 122|0x0000000719a00000, 0x0000000719a00000, 0x0000000719c00000|  0%| F|  |TAMS 0x0000000719a00000, 0x0000000719a00000| Untracked 
| 123|0x0000000719c00000, 0x0000000719e00000, 0x0000000719e00000|100%| E|  |TAMS 0x0000000719c00000, 0x0000000719c00000| Complete 
| 124|0x0000000719e00000, 0x000000071a000000, 0x000000071a000000|100%| E|CS|TAMS 0x0000000719e00000, 0x0000000719e00000| Complete 
| 125|0x000000071a000000, 0x000000071a200000, 0x000000071a200000|100%| E|CS|TAMS 0x000000071a000000, 0x000000071a000000| Complete 
| 126|0x000000071a200000, 0x000000071a400000, 0x000000071a400000|100%| E|CS|TAMS 0x000000071a200000, 0x000000071a200000| Complete 
| 127|0x000000071a400000, 0x000000071a600000, 0x000000071a600000|100%| E|CS|TAMS 0x000000071a400000, 0x000000071a400000| Complete 
| 128|0x000000071a600000, 0x000000071a800000, 0x000000071a800000|100%| E|CS|TAMS 0x000000071a600000, 0x000000071a600000| Complete 
| 129|0x000000071a800000, 0x000000071aa00000, 0x000000071aa00000|100%| E|CS|TAMS 0x000000071a800000, 0x000000071a800000| Complete 
| 130|0x000000071aa00000, 0x000000071ac00000, 0x000000071ac00000|100%| E|CS|TAMS 0x000000071aa00000, 0x000000071aa00000| Complete 
| 131|0x000000071ac00000, 0x000000071ae00000, 0x000000071ae00000|100%| E|CS|TAMS 0x000000071ac00000, 0x000000071ac00000| Complete 
| 132|0x000000071ae00000, 0x000000071b000000, 0x000000071b000000|100%| E|CS|TAMS 0x000000071ae00000, 0x000000071ae00000| Complete 
| 133|0x000000071b000000, 0x000000071b200000, 0x000000071b200000|100%| E|CS|TAMS 0x000000071b000000, 0x000000071b000000| Complete 
| 134|0x000000071b200000, 0x000000071b400000, 0x000000071b400000|100%| E|CS|TAMS 0x000000071b200000, 0x000000071b200000| Complete 
| 135|0x000000071b400000, 0x000000071b600000, 0x000000071b600000|100%| E|  |TAMS 0x000000071b400000, 0x000000071b400000| Complete 
| 136|0x000000071b600000, 0x000000071b800000, 0x000000071b800000|100%| E|CS|TAMS 0x000000071b600000, 0x000000071b600000| Complete 
| 137|0x000000071b800000, 0x000000071ba00000, 0x000000071ba00000|100%| E|CS|TAMS 0x000000071b800000, 0x000000071b800000| Complete 
| 138|0x000000071ba00000, 0x000000071bc00000, 0x000000071bc00000|100%| E|CS|TAMS 0x000000071ba00000, 0x000000071ba00000| Complete 
| 139|0x000000071bc00000, 0x000000071be00000, 0x000000071be00000|100%| E|CS|TAMS 0x000000071bc00000, 0x000000071bc00000| Complete 
| 140|0x000000071be00000, 0x000000071c000000, 0x000000071c000000|100%| E|CS|TAMS 0x000000071be00000, 0x000000071be00000| Complete 
| 141|0x000000071c000000, 0x000000071c200000, 0x000000071c200000|100%| E|CS|TAMS 0x000000071c000000, 0x000000071c000000| Complete 
| 142|0x000000071c200000, 0x000000071c400000, 0x000000071c400000|100%| E|CS|TAMS 0x000000071c200000, 0x000000071c200000| Complete 
| 143|0x000000071c400000, 0x000000071c600000, 0x000000071c600000|100%| E|CS|TAMS 0x000000071c400000, 0x000000071c400000| Complete 
| 144|0x000000071c600000, 0x000000071c800000, 0x000000071c800000|100%| E|CS|TAMS 0x000000071c600000, 0x000000071c600000| Complete 
| 145|0x000000071c800000, 0x000000071ca00000, 0x000000071ca00000|100%| E|CS|TAMS 0x000000071c800000, 0x000000071c800000| Complete 
| 146|0x000000071ca00000, 0x000000071cc00000, 0x000000071cc00000|100%| E|CS|TAMS 0x000000071ca00000, 0x000000071ca00000| Complete 
| 147|0x000000071cc00000, 0x000000071ce00000, 0x000000071ce00000|100%| E|CS|TAMS 0x000000071cc00000, 0x000000071cc00000| Complete 
| 148|0x000000071ce00000, 0x000000071d000000, 0x000000071d000000|100%| E|CS|TAMS 0x000000071ce00000, 0x000000071ce00000| Complete 
| 149|0x000000071d000000, 0x000000071d200000, 0x000000071d200000|100%| E|CS|TAMS 0x000000071d000000, 0x000000071d000000| Complete 
| 150|0x000000071d200000, 0x000000071d400000, 0x000000071d400000|100%| E|CS|TAMS 0x000000071d200000, 0x000000071d200000| Complete 
| 151|0x000000071d400000, 0x000000071d600000, 0x000000071d600000|100%| E|CS|TAMS 0x000000071d400000, 0x000000071d400000| Complete 
| 152|0x000000071d600000, 0x000000071d800000, 0x000000071d800000|100%| E|CS|TAMS 0x000000071d600000, 0x000000071d600000| Complete 
| 153|0x000000071d800000, 0x000000071da00000, 0x000000071da00000|100%| E|CS|TAMS 0x000000071d800000, 0x000000071d800000| Complete 
| 154|0x000000071da00000, 0x000000071dc00000, 0x000000071dc00000|100%| E|CS|TAMS 0x000000071da00000, 0x000000071da00000| Complete 
| 155|0x000000071dc00000, 0x000000071de00000, 0x000000071de00000|100%| E|CS|TAMS 0x000000071dc00000, 0x000000071dc00000| Complete 
| 156|0x000000071de00000, 0x000000071e000000, 0x000000071e000000|100%| E|CS|TAMS 0x000000071de00000, 0x000000071de00000| Complete 
| 157|0x000000071e000000, 0x000000071e200000, 0x000000071e200000|100%| E|CS|TAMS 0x000000071e000000, 0x000000071e000000| Complete 
| 158|0x000000071e200000, 0x000000071e400000, 0x000000071e400000|100%| E|CS|TAMS 0x000000071e200000, 0x000000071e200000| Complete 
| 159|0x000000071e400000, 0x000000071e600000, 0x000000071e600000|100%| E|CS|TAMS 0x000000071e400000, 0x000000071e400000| Complete 
| 160|0x000000071e600000, 0x000000071e800000, 0x000000071e800000|100%| E|CS|TAMS 0x000000071e600000, 0x000000071e600000| Complete 
| 161|0x000000071e800000, 0x000000071ea00000, 0x000000071ea00000|100%| E|CS|TAMS 0x000000071e800000, 0x000000071e800000| Complete 

Card table byte_map: [0x0000019ece710000,0x0000019eceec0000] _byte_map_base: 0x0000019ecaebd000

Marking Bits (Prev, Next): (CMBitMap*) 0x0000019ebb0b3410, (CMBitMap*) 0x0000019ebb0b3450
 Prev Bits: [0x0000019ecf670000, 0x0000019ed33d8000)
 Next Bits: [0x0000019ed33e0000, 0x0000019ed7148000)

Polling page: 0x0000019eba7e0000

Metaspace:

Usage:
  Non-class:     68.32 MB used.
      Class:      9.61 MB used.
       Both:     77.93 MB used.

Virtual space:
  Non-class space:      128.00 MB reserved,      68.56 MB ( 54%) committed,  2 nodes.
      Class space:        1.00 GB reserved,       9.94 MB ( <1%) committed,  1 nodes.
             Both:        1.12 GB reserved,      78.50 MB (  7%) committed. 

Chunk freelists:
   Non-Class:  11.06 MB
       Class:  6.11 MB
        Both:  17.17 MB

MaxMetaspaceSize: unlimited
CompressedClassSpaceSize: 1.00 GB
Initial GC threshold: 21.00 MB
Current GC threshold: 111.06 MB
CDS: off
MetaspaceReclaimPolicy: balanced
 - commit_granule_bytes: 65536.
 - commit_granule_words: 8192.
 - virtual_space_node_default_size: 8388608.
 - enlarge_chunks_in_place: 1.
 - new_chunks_are_fully_committed: 0.
 - uncommit_free_chunks: 1.
 - use_allocation_guard: 0.
 - handle_deallocations: 1.


Internal statistics:

num_allocs_failed_limit: 12.
num_arena_births: 860.
num_arena_deaths: 0.
num_vsnodes_births: 3.
num_vsnodes_deaths: 0.
num_space_committed: 1255.
num_space_uncommitted: 0.
num_chunks_returned_to_freelist: 12.
num_chunks_taken_from_freelist: 3274.
num_chunk_merges: 6.
num_chunk_splits: 2250.
num_chunks_enlarged: 1669.
num_inconsistent_stats: 0.

CodeHeap 'non-profiled nmethods': size=119168Kb used=6938Kb max_used=6938Kb free=112229Kb
 bounds [0x0000019ec6270000, 0x0000019ec6940000, 0x0000019ecd6d0000]
CodeHeap 'profiled nmethods': size=119104Kb used=15185Kb max_used=15185Kb free=103918Kb
 bounds [0x0000019ebe6d0000, 0x0000019ebf5b0000, 0x0000019ec5b20000]
CodeHeap 'non-nmethods': size=7488Kb used=3074Kb max_used=3099Kb free=4413Kb
 bounds [0x0000019ec5b20000, 0x0000019ec5e30000, 0x0000019ec6270000]
 total_blobs=8216 nmethods=7488 adapters=637
 compilation: enabled
              stopped_count=0, restarted_count=0
 full_count=0

Compilation events (20 events):
Event: 26.009 Thread 0x0000019ee22b1cc0 nmethod 8818 0x0000019ec6931590 code [0x0000019ec6931700, 0x0000019ec6931758]
Event: 26.015 Thread 0x0000019ee22b1cc0 8840       4       sun.net.util.IPAddressUtil::checkHostString (53 bytes)
Event: 26.017 Thread 0x0000019ee22b1cc0 nmethod 8840 0x0000019ec6931890 code [0x0000019ec6931a20, 0x0000019ec6931c48]
Event: 26.018 Thread 0x0000019ee22afe60 8841   !   3       com.google.protobuf.GeneratedMessage::getMethodOrDie (27 bytes)
Event: 26.018 Thread 0x0000019ee22afe60 nmethod 8841 0x0000019ebf5a1c90 code [0x0000019ebf5a1e80, 0x0000019ebf5a2238]
Event: 26.019 Thread 0x0000019ee22afe60 8842       3       java.lang.String::subSequence (7 bytes)
Event: 26.019 Thread 0x0000019ee22afe60 nmethod 8842 0x0000019ebf5a2490 code [0x0000019ebf5a2620, 0x0000019ebf5a2768]
Event: 26.019 Thread 0x0000019ee22afe60 8843       3       java.util.TreeMap::addEntryToEmptyMap (37 bytes)
Event: 26.019 Thread 0x0000019ee22afe60 nmethod 8843 0x0000019ebf5a2810 code [0x0000019ebf5a2a00, 0x0000019ebf5a3118]
Event: 26.027 Thread 0x0000019ee22aef30 8844       3       java.lang.invoke.MethodHandles::foldArgumentsWithCombiner (9 bytes)
Event: 26.027 Thread 0x0000019ee22aef30 nmethod 8844 0x0000019ebf5a3310 code [0x0000019ebf5a34a0, 0x0000019ebf5a35e8]
Event: 26.028 Thread 0x0000019eda2c8de0 8845       3       com.google.protobuf.Descriptors$Descriptor::getFields (11 bytes)
Event: 26.028 Thread 0x0000019ee22ae000 8846       1       com.google.protobuf.Descriptors$FieldDescriptor::getContainingType (5 bytes)
Event: 26.028 Thread 0x0000019ee22afe60 8847       1       com.google.protobuf.Descriptors$FieldDescriptor::getIndex (5 bytes)
Event: 26.028 Thread 0x0000019eda2c8de0 nmethod 8845 0x0000019ebf5a3690 code [0x0000019ebf5a3880, 0x0000019ebf5a3dd8]
Event: 26.028 Thread 0x0000019ee22ae000 nmethod 8846 0x0000019ec6931f90 code [0x0000019ec6932120, 0x0000019ec69321f8]
Event: 26.028 Thread 0x0000019ee22afe60 nmethod 8847 0x0000019ec6932290 code [0x0000019ec6932420, 0x0000019ec69324f8]
Event: 26.029 Thread 0x0000019eda2c8de0 8848       3       com.google.protobuf.util.JsonFormat$PrettyTextGenerator::write (48 bytes)
Event: 26.029 Thread 0x0000019eda2c8de0 nmethod 8848 0x0000019ebf5a4010 code [0x0000019ebf5a41e0, 0x0000019ebf5a4608]
Event: 26.045 Thread 0x0000019eda2c7cc0 nmethod 8811 0x0000019ec6932590 code [0x0000019ec6932880, 0x0000019ec6935750]

GC Heap History (20 events):
Event: 10.864 GC heap before
{Heap before GC invocations=23 (full 0):
 garbage-first heap   total 276480K, used 231924K [0x000000070a600000, 0x0000000800000000)
  region size 2048K, 81 young (165888K), 3 survivors (6144K)
 Metaspace       used 49712K, committed 50240K, reserved 1114112K
  class space    used 5947K, committed 6208K, reserved 1048576K
}
Event: 10.867 GC heap after
{Heap after GC invocations=24 (full 0):
 garbage-first heap   total 331776K, used 72467K [0x000000070a600000, 0x0000000800000000)
  region size 2048K, 3 young (6144K), 3 survivors (6144K)
 Metaspace       used 49712K, committed 50240K, reserved 1114112K
  class space    used 5947K, committed 6208K, reserved 1048576K
}
Event: 12.050 GC heap before
{Heap before GC invocations=24 (full 0):
 garbage-first heap   total 331776K, used 264979K [0x000000070a600000, 0x0000000800000000)
  region size 2048K, 97 young (198656K), 3 survivors (6144K)
 Metaspace       used 54555K, committed 55040K, reserved 1114112K
  class space    used 6719K, committed 6912K, reserved 1048576K
}
Event: 12.055 GC heap after
{Heap after GC invocations=25 (full 0):
 garbage-first heap   total 331776K, used 74125K [0x000000070a600000, 0x0000000800000000)
  region size 2048K, 4 young (8192K), 4 survivors (8192K)
 Metaspace       used 54555K, committed 55040K, reserved 1114112K
  class space    used 6719K, committed 6912K, reserved 1048576K
}
Event: 12.789 GC heap before
{Heap before GC invocations=25 (full 0):
 garbage-first heap   total 331776K, used 240013K [0x000000070a600000, 0x0000000800000000)
  region size 2048K, 75 young (153600K), 4 survivors (8192K)
 Metaspace       used 59742K, committed 60288K, reserved 1114112K
  class space    used 7360K, committed 7616K, reserved 1048576K
}
Event: 12.794 GC heap after
{Heap after GC invocations=26 (full 0):
 garbage-first heap   total 331776K, used 86433K [0x000000070a600000, 0x0000000800000000)
  region size 2048K, 5 young (10240K), 5 survivors (10240K)
 Metaspace       used 59742K, committed 60288K, reserved 1114112K
  class space    used 7360K, committed 7616K, reserved 1048576K
}
Event: 13.291 GC heap before
{Heap before GC invocations=27 (full 0):
 garbage-first heap   total 331776K, used 276897K [0x000000070a600000, 0x0000000800000000)
  region size 2048K, 97 young (198656K), 5 survivors (10240K)
 Metaspace       used 63360K, committed 63936K, reserved 1114112K
  class space    used 7821K, committed 8064K, reserved 1048576K
}
Event: 13.297 GC heap after
{Heap after GC invocations=28 (full 0):
 garbage-first heap   total 331776K, used 92142K [0x000000070a600000, 0x0000000800000000)
  region size 2048K, 7 young (14336K), 7 survivors (14336K)
 Metaspace       used 63360K, committed 63936K, reserved 1114112K
  class space    used 7821K, committed 8064K, reserved 1048576K
}
Event: 13.305 GC heap before
{Heap before GC invocations=28 (full 0):
 garbage-first heap   total 331776K, used 94190K [0x000000070a600000, 0x0000000800000000)
  region size 2048K, 8 young (16384K), 7 survivors (14336K)
 Metaspace       used 63551K, committed 64128K, reserved 1114112K
  class space    used 7844K, committed 8128K, reserved 1048576K
}
Event: 13.309 GC heap after
{Heap after GC invocations=29 (full 0):
 garbage-first heap   total 331776K, used 84240K [0x000000070a600000, 0x0000000800000000)
  region size 2048K, 1 young (2048K), 1 survivors (2048K)
 Metaspace       used 63551K, committed 64128K, reserved 1114112K
  class space    used 7844K, committed 8128K, reserved 1048576K
}
Event: 13.794 GC heap before
{Heap before GC invocations=29 (full 0):
 garbage-first heap   total 331776K, used 280848K [0x000000070a600000, 0x0000000800000000)
  region size 2048K, 97 young (198656K), 1 survivors (2048K)
 Metaspace       used 67676K, committed 68224K, reserved 1114112K
  class space    used 8332K, committed 8576K, reserved 1048576K
}
Event: 13.797 GC heap after
{Heap after GC invocations=30 (full 0):
 garbage-first heap   total 331776K, used 85015K [0x000000070a600000, 0x0000000800000000)
  region size 2048K, 2 young (4096K), 2 survivors (4096K)
 Metaspace       used 67676K, committed 68224K, reserved 1114112K
  class space    used 8332K, committed 8576K, reserved 1048576K
}
Event: 14.213 GC heap before
{Heap before GC invocations=31 (full 0):
 garbage-first heap   total 331776K, used 279575K [0x000000070a600000, 0x0000000800000000)
  region size 2048K, 97 young (198656K), 2 survivors (4096K)
 Metaspace       used 67677K, committed 68224K, reserved 1114112K
  class space    used 8332K, committed 8576K, reserved 1048576K
}
Event: 14.215 GC heap after
{Heap after GC invocations=32 (full 0):
 garbage-first heap   total 331776K, used 87973K [0x000000070a600000, 0x0000000800000000)
  region size 2048K, 3 young (6144K), 3 survivors (6144K)
 Metaspace       used 67677K, committed 68224K, reserved 1114112K
  class space    used 8332K, committed 8576K, reserved 1048576K
}
Event: 14.232 GC heap before
{Heap before GC invocations=32 (full 0):
 garbage-first heap   total 331776K, used 98213K [0x000000070a600000, 0x0000000800000000)
  region size 2048K, 8 young (16384K), 3 survivors (6144K)
 Metaspace       used 67677K, committed 68224K, reserved 1114112K
  class space    used 8332K, committed 8576K, reserved 1048576K
}
Event: 14.234 GC heap after
{Heap after GC invocations=33 (full 0):
 garbage-first heap   total 331776K, used 84091K [0x000000070a600000, 0x0000000800000000)
  region size 2048K, 1 young (2048K), 1 survivors (2048K)
 Metaspace       used 67677K, committed 68224K, reserved 1114112K
  class space    used 8332K, committed 8576K, reserved 1048576K
}
Event: 14.573 GC heap before
{Heap before GC invocations=33 (full 0):
 garbage-first heap   total 331776K, used 280699K [0x000000070a600000, 0x0000000800000000)
  region size 2048K, 97 young (198656K), 1 survivors (2048K)
 Metaspace       used 69749K, committed 70336K, reserved 1114112K
  class space    used 8621K, committed 8896K, reserved 1048576K
}
Event: 14.575 GC heap after
{Heap after GC invocations=34 (full 0):
 garbage-first heap   total 331776K, used 92403K [0x000000070a600000, 0x0000000800000000)
  region size 2048K, 6 young (12288K), 6 survivors (12288K)
 Metaspace       used 69749K, committed 70336K, reserved 1114112K
  class space    used 8621K, committed 8896K, reserved 1048576K
}
Event: 14.866 GC heap before
{Heap before GC invocations=34 (full 0):
 garbage-first heap   total 331776K, used 274675K [0x000000070a600000, 0x0000000800000000)
  region size 2048K, 95 young (194560K), 6 survivors (12288K)
 Metaspace       used 71037K, committed 71616K, reserved 1114112K
  class space    used 8770K, committed 9024K, reserved 1048576K
}
Event: 14.867 GC heap after
{Heap after GC invocations=35 (full 0):
 garbage-first heap   total 331776K, used 84461K [0x000000070a600000, 0x0000000800000000)
  region size 2048K, 2 young (4096K), 2 survivors (4096K)
 Metaspace       used 71037K, committed 71616K, reserved 1114112K
  class space    used 8770K, committed 9024K, reserved 1048576K
}

Dll operation events (12 events):
Event: 0.006 Loaded shared library C:\Users\doubl\.p2\pool\plugins\org.eclipse.justj.openjdk.hotspot.jre.full.win32.x86_64_17.0.7.v20230425-1502\jre\bin\java.dll
Event: 0.155 Loaded shared library C:\Users\doubl\.p2\pool\plugins\org.eclipse.justj.openjdk.hotspot.jre.full.win32.x86_64_17.0.7.v20230425-1502\jre\bin\net.dll
Event: 0.156 Loaded shared library C:\Users\doubl\.p2\pool\plugins\org.eclipse.justj.openjdk.hotspot.jre.full.win32.x86_64_17.0.7.v20230425-1502\jre\bin\nio.dll
Event: 0.162 Loaded shared library C:\Users\doubl\.p2\pool\plugins\org.eclipse.justj.openjdk.hotspot.jre.full.win32.x86_64_17.0.7.v20230425-1502\jre\bin\zip.dll
Event: 0.306 Loaded shared library C:\Users\doubl\.p2\pool\plugins\org.eclipse.justj.openjdk.hotspot.jre.full.win32.x86_64_17.0.7.v20230425-1502\jre\bin\jimage.dll
Event: 0.633 Loaded shared library C:\Users\doubl\.p2\pool\plugins\org.eclipse.justj.openjdk.hotspot.jre.full.win32.x86_64_17.0.7.v20230425-1502\jre\bin\management.dll
Event: 0.636 Loaded shared library C:\Users\doubl\.p2\pool\plugins\org.eclipse.justj.openjdk.hotspot.jre.full.win32.x86_64_17.0.7.v20230425-1502\jre\bin\management_ext.dll
Event: 1.893 Loaded shared library C:\Users\doubl\.p2\pool\plugins\org.eclipse.justj.openjdk.hotspot.jre.full.win32.x86_64_17.0.7.v20230425-1502\jre\bin\sunmscapi.dll
Event: 3.445 Loaded shared library C:\Users\doubl\.p2\pool\plugins\org.eclipse.justj.openjdk.hotspot.jre.full.win32.x86_64_17.0.7.v20230425-1502\jre\bin\verify.dll
Event: 10.445 Loaded shared library C:\Users\doubl\AppData\Local\Temp\jna-95774484\jna12591103088327299759.dll
Event: 12.764 Loaded shared library C:\Users\doubl\.p2\pool\plugins\org.eclipse.justj.openjdk.hotspot.jre.full.win32.x86_64_17.0.7.v20230425-1502\jre\bin\awt.dll
Event: 18.573 Loaded shared library C:\Users\doubl\Desktop\Breathe\BREATHE\breathe.web\target\classes\PulseJNI.dll

Deoptimization events (20 events):
Event: 18.478 Thread 0x0000019ee1c8f470 DEOPT PACKING pc=0x0000019ebf3f2980 sp=0x00000013bbcfa7b0
Event: 18.478 Thread 0x0000019ee1c8f470 DEOPT UNPACKING pc=0x0000019ec5b77143 sp=0x00000013bbcf9c50 mode 0
Event: 18.503 Thread 0x0000019ee1c8f470 DEOPT PACKING pc=0x0000019ebf3f2980 sp=0x00000013bbcfad80
Event: 18.503 Thread 0x0000019ee1c8f470 DEOPT UNPACKING pc=0x0000019ec5b77143 sp=0x00000013bbcfa220 mode 0
Event: 18.623 Thread 0x0000019ee1c8f470 Uncommon trap: trap_request=0xffffffc6 fr.pc=0x0000019ec68fa5a8 relative=0x0000000000001528
Event: 18.623 Thread 0x0000019ee1c8f470 Uncommon trap: reason=bimorphic_or_optimized_type_check action=maybe_recompile pc=0x0000019ec68fa5a8 method=java.lang.Iterable.forEach(Ljava/util/function/Consumer;)V @ 6 c2
Event: 18.623 Thread 0x0000019ee1c8f470 DEOPT PACKING pc=0x0000019ec68fa5a8 sp=0x00000013bbcfc850
Event: 18.623 Thread 0x0000019ee1c8f470 DEOPT UNPACKING pc=0x0000019ec5b769a3 sp=0x00000013bbcfc820 mode 2
Event: 18.623 Thread 0x0000019ee1c8f470 Uncommon trap: trap_request=0xffffffc6 fr.pc=0x0000019ec68fa5a8 relative=0x0000000000001528
Event: 18.623 Thread 0x0000019ee1c8f470 Uncommon trap: reason=bimorphic_or_optimized_type_check action=maybe_recompile pc=0x0000019ec68fa5a8 method=java.lang.Iterable.forEach(Ljava/util/function/Consumer;)V @ 6 c2
Event: 18.623 Thread 0x0000019ee1c8f470 DEOPT PACKING pc=0x0000019ec68fa5a8 sp=0x00000013bbcfc850
Event: 18.623 Thread 0x0000019ee1c8f470 DEOPT UNPACKING pc=0x0000019ec5b769a3 sp=0x00000013bbcfc820 mode 2
Event: 18.623 Thread 0x0000019ee1c8f470 Uncommon trap: trap_request=0xffffffc6 fr.pc=0x0000019ec68fa5a8 relative=0x0000000000001528
Event: 18.623 Thread 0x0000019ee1c8f470 Uncommon trap: reason=bimorphic_or_optimized_type_check action=maybe_recompile pc=0x0000019ec68fa5a8 method=java.lang.Iterable.forEach(Ljava/util/function/Consumer;)V @ 6 c2
Event: 18.623 Thread 0x0000019ee1c8f470 DEOPT PACKING pc=0x0000019ec68fa5a8 sp=0x00000013bbcfc850
Event: 18.623 Thread 0x0000019ee1c8f470 DEOPT UNPACKING pc=0x0000019ec5b769a3 sp=0x00000013bbcfc820 mode 2
Event: 18.624 Thread 0x0000019ee1c8f470 Uncommon trap: trap_request=0xffffffc6 fr.pc=0x0000019ec68fa5a8 relative=0x0000000000001528
Event: 18.624 Thread 0x0000019ee1c8f470 Uncommon trap: reason=bimorphic_or_optimized_type_check action=maybe_recompile pc=0x0000019ec68fa5a8 method=java.lang.Iterable.forEach(Ljava/util/function/Consumer;)V @ 6 c2
Event: 18.624 Thread 0x0000019ee1c8f470 DEOPT PACKING pc=0x0000019ec68fa5a8 sp=0x00000013bbcfc850
Event: 18.624 Thread 0x0000019ee1c8f470 DEOPT UNPACKING pc=0x0000019ec5b769a3 sp=0x00000013bbcfc820 mode 2

Classes unloaded (0 events):
No events

Classes redefined (0 events):
No events

Internal exceptions (20 events):
Event: 12.756 Thread 0x0000019ee1c8dc60 Exception <a 'java/lang/ClassNotFoundException'{0x000000071df227b8}: sun/awt/resources/spi/awtProvider> (0x000000071df227b8) 
thrown [s\src\hotspot\share\classfile\systemDictionary.cpp, line 256]
Event: 12.765 Thread 0x0000019ee1c8dc60 Exception <a 'java/io/FileNotFoundException'{0x000000071df2cc38}> (0x000000071df2cc38) 
thrown [s\src\hotspot\share\prims\jni.cpp, line 516]
Event: 12.765 Thread 0x0000019ee1c8dc60 Exception <a 'java/io/FileNotFoundException'{0x000000071df2e478}> (0x000000071df2e478) 
thrown [s\src\hotspot\share\prims\jni.cpp, line 516]
Event: 12.873 Thread 0x0000019ee1c8dc60 Exception <a 'java/lang/NoSuchMethodError'{0x000000071d337840}: 'int java.lang.invoke.DirectMethodHandle$Holder.invokeStatic(java.lang.Object, java.lang.Object, java.lang.Object, java.lang.Object, java.lang.Object)'> (0x000000071d337840) 
thrown [s\src\hotspot\share\interpreter\linkResolver.cpp, line 759]
Event: 13.247 Thread 0x0000019edfedf4a0 Exception <a 'java/lang/NoSuchMethodError'{0x0000000713fbadd0}: 'java.lang.Object java.lang.invoke.DirectMethodHandle$Holder.invokeStaticInit(java.lang.Object, java.lang.Object, int)'> (0x0000000713fbadd0) 
thrown [s\src\hotspot\share\interpreter\linkResolver.cpp, line 759]
Event: 13.265 Thread 0x0000019edfedf4a0 Exception <a 'sun/nio/fs/WindowsException'{0x0000000713b4b100}> (0x0000000713b4b100) 
thrown [s\src\hotspot\share\prims\jni.cpp, line 516]
Event: 14.280 Thread 0x0000019ee1c92e30 Exception <a 'java/lang/NoSuchMethodError'{0x000000071cc4afc8}: 'void java.lang.invoke.DirectMethodHandle$Holder.invokeStatic(java.lang.Object, java.lang.Object, java.lang.Object, java.lang.Object, java.lang.Object, java.lang.Object, java.lang.Object)'> (0x000000071cc4afc8) 
thrown [s\src\hotspot\share\interpreter\linkResolver.cpp, line 759]
Event: 14.456 Thread 0x0000019ee74e60a0 Exception <a 'java/lang/NoSuchMethodError'{0x000000071c5d37c8}: 'int java.lang.invoke.DirectMethodHandle$Holder.invokeStatic(java.lang.Object, int, java.lang.Object)'> (0x000000071c5d37c8) 
thrown [s\src\hotspot\share\interpreter\linkResolver.cpp, line 759]
Event: 14.790 Thread 0x0000019eea7ac310 Exception <a 'java/lang/NoSuchMethodError'{0x000000071631d3c8}: 'void java.lang.invoke.DirectMethodHandle$Holder.invokeInterface(java.lang.Object, java.lang.Object)'> (0x000000071631d3c8) 
thrown [s\src\hotspot\share\interpreter\linkResolver.cpp, line 759]
Event: 18.279 Thread 0x0000019ee1c8f470 Exception <a 'java/lang/NoSuchMethodError'{0x000000071d2109b8}: 'java.lang.Object java.lang.invoke.DirectMethodHandle$Holder.invokeVirtual(java.lang.Object, java.lang.Object, int)'> (0x000000071d2109b8) 
thrown [s\src\hotspot\share\interpreter\linkResolver.cpp, line 759]
Event: 18.303 Thread 0x0000019ee1c8f470 Exception <a 'java/lang/NoSuchMethodError'{0x000000071d372d78}: 'java.lang.Object java.lang.invoke.DirectMethodHandle$Holder.invokeVirtual(java.lang.Object, java.lang.Object, java.lang.Object, double)'> (0x000000071d372d78) 
thrown [s\src\hotspot\share\interpreter\linkResolver.cpp, line 759]
Event: 18.304 Thread 0x0000019ee1c8f470 Exception <a 'java/lang/NoSuchMethodError'{0x000000071d382f40}: 'java.lang.Object java.lang.invoke.DirectMethodHandle$Holder.invokeVirtual(java.lang.Object, java.lang.Object, java.lang.Object, int)'> (0x000000071d382f40) 
thrown [s\src\hotspot\share\interpreter\linkResolver.cpp, line 759]
Event: 18.304 Thread 0x0000019ee1c8f470 Exception <a 'java/lang/NoSuchMethodError'{0x000000071d38b1b8}: 'int java.lang.invoke.DirectMethodHandle$Holder.invokeVirtual(java.lang.Object, java.lang.Object, java.lang.Object, int)'> (0x000000071d38b1b8) 
thrown [s\src\hotspot\share\interpreter\linkResolver.cpp, line 759]
Event: 18.305 Thread 0x0000019ee1c8f470 Exception <a 'java/lang/NoSuchMethodError'{0x000000071d39bde8}: 'java.lang.Object java.lang.invoke.DirectMethodHandle$Holder.invokeStaticInit(java.lang.Object, java.lang.Object, java.lang.Object, java.lang.Object, java.lang.Object)'> (0x000000071d39bde8) 
thrown [s\src\hotspot\share\interpreter\linkResolver.cpp, line 759]
Event: 18.305 Thread 0x0000019ee1c8f470 Exception <a 'java/lang/NoSuchMethodError'{0x000000071d3a46d8}: 'void java.lang.invoke.DirectMethodHandle$Holder.invokeStaticInit(java.lang.Object, java.lang.Object, java.lang.Object, java.lang.Object)'> (0x000000071d3a46d8) 
thrown [s\src\hotspot\share\interpreter\linkResolver.cpp, line 759]
Event: 18.309 Thread 0x0000019ee1c8f470 Exception <a 'java/lang/NoSuchMethodError'{0x000000071d3f30e8}: 'int java.lang.invoke.DirectMethodHandle$Holder.invokeVirtual(java.lang.Object, java.lang.Object, java.lang.Object, java.lang.Object)'> (0x000000071d3f30e8) 
thrown [s\src\hotspot\share\interpreter\linkResolver.cpp, line 759]
Event: 18.340 Thread 0x0000019ee1c8f470 Exception <a 'java/lang/IncompatibleClassChangeError'{0x000000071ce460b8}: Found class java.lang.Object, but interface was expected> (0x000000071ce460b8) 
thrown [s\src\hotspot\share\interpreter\linkResolver.cpp, line 826]
Event: 18.340 Thread 0x0000019ee1c8f470 Exception <a 'java/lang/IncompatibleClassChangeError'{0x000000071ce49320}: Found class java.lang.Object, but interface was expected> (0x000000071ce49320) 
thrown [s\src\hotspot\share\interpreter\linkResolver.cpp, line 826]
Event: 18.359 Thread 0x0000019ee1c8f470 Exception <a 'java/lang/NoSuchMethodError'{0x000000071cfc7218}: 'void java.lang.invoke.DirectMethodHandle$Holder.invokeSpecial(java.lang.Object, java.lang.Object, int, java.lang.Object)'> (0x000000071cfc7218) 
thrown [s\src\hotspot\share\interpreter\linkResolver.cpp, line 759]
Event: 18.599 Thread 0x0000019ee1c8f470 Exception <a 'java/lang/IncompatibleClassChangeError'{0x000000071bacd0b0}: Found class java.lang.Object, but interface was expected> (0x000000071bacd0b0) 
thrown [s\src\hotspot\share\interpreter\linkResolver.cpp, line 826]

VM Operations (20 events):
Event: 14.866 Executing VM operation: G1CollectForAllocation
Event: 14.867 Executing VM operation: G1CollectForAllocation done
Event: 14.869 Executing VM operation: HandshakeAllThreads
Event: 14.869 Executing VM operation: HandshakeAllThreads done
Event: 14.883 Executing VM operation: HandshakeAllThreads
Event: 14.883 Executing VM operation: HandshakeAllThreads done
Event: 15.064 Executing VM operation: HandshakeAllThreads
Event: 15.065 Executing VM operation: HandshakeAllThreads done
Event: 16.068 Executing VM operation: Cleanup
Event: 16.068 Executing VM operation: Cleanup done
Event: 18.084 Executing VM operation: Cleanup
Event: 18.084 Executing VM operation: Cleanup done
Event: 18.499 Executing VM operation: ICBufferFull
Event: 18.500 Executing VM operation: ICBufferFull done
Event: 19.507 Executing VM operation: Cleanup
Event: 19.507 Executing VM operation: Cleanup done
Event: 21.528 Executing VM operation: Cleanup
Event: 21.528 Executing VM operation: Cleanup done
Event: 25.560 Executing VM operation: Cleanup
Event: 25.561 Executing VM operation: Cleanup done

Events (20 events):
Event: 25.862 loading class java/awt/EventQueue$4
Event: 25.862 loading class java/awt/EventQueue$4 done
Event: 25.862 loading class java/awt/MenuComponent
Event: 25.862 loading class java/awt/MenuComponent done
Event: 25.862 loading class java/awt/TrayIcon
Event: 25.862 loading class java/awt/TrayIcon done
Event: 25.863 loading class java/awt/event/InputEvent
Event: 25.863 loading class java/awt/event/ComponentEvent
Event: 25.863 loading class java/awt/event/ComponentEvent done
Event: 25.863 loading class java/awt/event/InputEvent done
Event: 25.863 loading class java/awt/event/InputMethodEvent
Event: 25.863 loading class java/awt/event/InputMethodEvent done
Event: 25.863 loading class java/awt/event/ActionEvent
Event: 25.863 loading class java/awt/event/ActionEvent done
Event: 25.904 loading class sun/misc/Unsafe
Event: 25.904 loading class sun/misc/Unsafe done
Event: 25.928 Thread 0x0000019ee22aef30 Thread added: 0x0000019ee22aef30
Event: 25.933 Thread 0x0000019ee22ae000 Thread added: 0x0000019ee22ae000
Event: 25.933 Thread 0x0000019ee22afe60 Thread added: 0x0000019ee22afe60
Event: 26.004 Thread 0x0000019ee22b1cc0 Thread added: 0x0000019ee22b1cc0


Dynamic libraries:
0x00007ff6027f0000 - 0x00007ff6027fe000 	C:\Users\doubl\.p2\pool\plugins\org.eclipse.justj.openjdk.hotspot.jre.full.win32.x86_64_17.0.7.v20230425-1502\jre\bin\javaw.exe
0x00007ffab6530000 - 0x00007ffab6747000 	C:\windows\SYSTEM32\ntdll.dll
0x00007ffab5360000 - 0x00007ffab5424000 	C:\windows\System32\KERNEL32.DLL
0x00007ffab3b20000 - 0x00007ffab3ed7000 	C:\windows\System32\KERNELBASE.dll
0x00007ffab3ee0000 - 0x00007ffab3ff1000 	C:\windows\System32\ucrtbase.dll
0x00007ffaac610000 - 0x00007ffaac627000 	C:\Users\doubl\.p2\pool\plugins\org.eclipse.justj.openjdk.hotspot.jre.full.win32.x86_64_17.0.7.v20230425-1502\jre\bin\jli.dll
0x00007ffaac5f0000 - 0x00007ffaac609000 	C:\Users\doubl\.p2\pool\plugins\org.eclipse.justj.openjdk.hotspot.jre.full.win32.x86_64_17.0.7.v20230425-1502\jre\bin\VCRUNTIME140.dll
0x00007ffab42d0000 - 0x00007ffab447f000 	C:\windows\System32\USER32.dll
0x00007ffaa8930000 - 0x00007ffaa8bc3000 	C:\windows\WinSxS\amd64_microsoft.windows.common-controls_6595b64144ccf1df_6.0.22621.3672_none_2713b9d173822955\COMCTL32.dll
0x00007ffab5cb0000 - 0x00007ffab5d57000 	C:\windows\System32\msvcrt.dll
0x00007ffab3870000 - 0x00007ffab3896000 	C:\windows\System32\win32u.dll
0x00007ffab5d70000 - 0x00007ffab5d99000 	C:\windows\System32\GDI32.dll
0x00007ffab4140000 - 0x00007ffab4258000 	C:\windows\System32\gdi32full.dll
0x00007ffab38a0000 - 0x00007ffab393a000 	C:\windows\System32\msvcp_win.dll
0x00007ffab4280000 - 0x00007ffab42b1000 	C:\windows\System32\IMM32.DLL
0x00007ffab06e0000 - 0x00007ffab06ec000 	C:\Users\doubl\.p2\pool\plugins\org.eclipse.justj.openjdk.hotspot.jre.full.win32.x86_64_17.0.7.v20230425-1502\jre\bin\vcruntime140_1.dll
0x00007ffaa47c0000 - 0x00007ffaa4851000 	C:\Users\doubl\.p2\pool\plugins\org.eclipse.justj.openjdk.hotspot.jre.full.win32.x86_64_17.0.7.v20230425-1502\jre\bin\msvcp140.dll
0x00007ffa5cd30000 - 0x00007ffa5d978000 	C:\Users\doubl\.p2\pool\plugins\org.eclipse.justj.openjdk.hotspot.jre.full.win32.x86_64_17.0.7.v20230425-1502\jre\bin\server\jvm.dll
0x00007ffab5210000 - 0x00007ffab52c2000 	C:\windows\System32\ADVAPI32.dll
0x00007ffab5bf0000 - 0x00007ffab5c98000 	C:\windows\System32\sechost.dll
0x00007ffab3840000 - 0x00007ffab3868000 	C:\windows\System32\bcrypt.dll
0x00007ffab50f0000 - 0x00007ffab5204000 	C:\windows\System32\RPCRT4.dll
0x00007ffaada30000 - 0x00007ffaada64000 	C:\windows\SYSTEM32\WINMM.dll
0x00007ffaa8820000 - 0x00007ffaa882a000 	C:\windows\SYSTEM32\VERSION.dll
0x00007ffa8df30000 - 0x00007ffa8df39000 	C:\windows\SYSTEM32\WSOCK32.dll
0x00007ffab6470000 - 0x00007ffab64e1000 	C:\windows\System32\WS2_32.dll
0x00007ffab2860000 - 0x00007ffab2878000 	C:\windows\SYSTEM32\kernel.appcore.dll
0x00007ffa8dac0000 - 0x00007ffa8daca000 	C:\Users\doubl\.p2\pool\plugins\org.eclipse.justj.openjdk.hotspot.jre.full.win32.x86_64_17.0.7.v20230425-1502\jre\bin\jimage.dll
0x00007ffab1370000 - 0x00007ffab15a2000 	C:\windows\SYSTEM32\DBGHELP.DLL
0x00007ffab5860000 - 0x00007ffab5bee000 	C:\windows\System32\combase.dll
0x00007ffab5540000 - 0x00007ffab5617000 	C:\windows\System32\OLEAUT32.dll
0x00007ffaa4f30000 - 0x00007ffaa4f62000 	C:\windows\SYSTEM32\dbgcore.DLL
0x00007ffab4000000 - 0x00007ffab407b000 	C:\windows\System32\bcryptPrimitives.dll
0x00007ffa73470000 - 0x00007ffa73495000 	C:\Users\doubl\.p2\pool\plugins\org.eclipse.justj.openjdk.hotspot.jre.full.win32.x86_64_17.0.7.v20230425-1502\jre\bin\java.dll
0x00007ffa73450000 - 0x00007ffa73468000 	C:\Users\doubl\.p2\pool\plugins\org.eclipse.justj.openjdk.hotspot.jre.full.win32.x86_64_17.0.7.v20230425-1502\jre\bin\zip.dll
0x00007ffab4880000 - 0x00007ffab50e9000 	C:\windows\System32\SHELL32.dll
0x00007ffab1760000 - 0x00007ffab205f000 	C:\windows\SYSTEM32\windows.storage.dll
0x00007ffab1620000 - 0x00007ffab175f000 	C:\windows\SYSTEM32\wintypes.dll
0x00007ffab4780000 - 0x00007ffab4879000 	C:\windows\System32\SHCORE.dll
0x00007ffab54e0000 - 0x00007ffab553e000 	C:\windows\System32\shlwapi.dll
0x00007ffab3770000 - 0x00007ffab3797000 	C:\windows\SYSTEM32\profapi.dll
0x00007ffa70df0000 - 0x00007ffa70e09000 	C:\Users\doubl\.p2\pool\plugins\org.eclipse.justj.openjdk.hotspot.jre.full.win32.x86_64_17.0.7.v20230425-1502\jre\bin\net.dll
0x00007ffaaf2e0000 - 0x00007ffaaf416000 	C:\windows\SYSTEM32\WINHTTP.dll
0x00007ffab2d50000 - 0x00007ffab2db9000 	C:\windows\system32\mswsock.dll
0x00007ffa6c190000 - 0x00007ffa6c1a5000 	C:\Users\doubl\.p2\pool\plugins\org.eclipse.justj.openjdk.hotspot.jre.full.win32.x86_64_17.0.7.v20230425-1502\jre\bin\nio.dll
0x00007ffaae640000 - 0x00007ffaae649000 	C:\Users\doubl\.p2\pool\plugins\org.eclipse.justj.openjdk.hotspot.jre.full.win32.x86_64_17.0.7.v20230425-1502\jre\bin\management.dll
0x00007ffaadc00000 - 0x00007ffaadc0b000 	C:\Users\doubl\.p2\pool\plugins\org.eclipse.justj.openjdk.hotspot.jre.full.win32.x86_64_17.0.7.v20230425-1502\jre\bin\management_ext.dll
0x00007ffab5ca0000 - 0x00007ffab5ca8000 	C:\windows\System32\PSAPI.DLL
0x00007ffa8d5f0000 - 0x00007ffa8d5fe000 	C:\Users\doubl\.p2\pool\plugins\org.eclipse.justj.openjdk.hotspot.jre.full.win32.x86_64_17.0.7.v20230425-1502\jre\bin\sunmscapi.dll
0x00007ffab39b0000 - 0x00007ffab3b16000 	C:\windows\System32\CRYPT32.dll
0x00007ffab3200000 - 0x00007ffab322d000 	C:\windows\SYSTEM32\ncrypt.dll
0x00007ffab31c0000 - 0x00007ffab31f7000 	C:\windows\SYSTEM32\NTASN1.dll
0x00007ffab2fc0000 - 0x00007ffab2fdb000 	C:\windows\SYSTEM32\CRYPTSP.dll
0x00007ffab27c0000 - 0x00007ffab27f5000 	C:\windows\system32\rsaenh.dll
0x00007ffab2e60000 - 0x00007ffab2e88000 	C:\windows\SYSTEM32\USERENV.dll
0x00007ffab2fe0000 - 0x00007ffab2fec000 	C:\windows\SYSTEM32\CRYPTBASE.dll
0x00007ffab2300000 - 0x00007ffab232d000 	C:\windows\SYSTEM32\IPHLPAPI.DLL
0x00007ffab5d60000 - 0x00007ffab5d69000 	C:\windows\System32\NSI.dll
0x00007ffaade60000 - 0x00007ffaade79000 	C:\windows\SYSTEM32\dhcpcsvc6.DLL
0x00007ffaaddb0000 - 0x00007ffaaddcf000 	C:\windows\SYSTEM32\dhcpcsvc.DLL
0x00007ffab2330000 - 0x00007ffab2432000 	C:\windows\SYSTEM32\DNSAPI.dll
0x00007ffa757c0000 - 0x00007ffa757d0000 	C:\Users\doubl\.p2\pool\plugins\org.eclipse.justj.openjdk.hotspot.jre.full.win32.x86_64_17.0.7.v20230425-1502\jre\bin\verify.dll
0x00007ffaac540000 - 0x00007ffaac585000 	C:\Users\doubl\AppData\Local\Temp\jna-95774484\jna12591103088327299759.dll
0x00007ffab45d0000 - 0x00007ffab4775000 	C:\windows\System32\Ole32.dll
0x00007ffab5430000 - 0x00007ffab54e0000 	C:\windows\System32\clbcatq.dll
0x00007ffa9e330000 - 0x00007ffa9e34d000 	C:\windows\SYSTEM32\amsi.dll
0x00007ffa9e2a0000 - 0x00007ffa9e321000 	C:\ProgramData\Microsoft\Windows Defender\Platform\4.18.24080.9-0\MpOav.dll
0x00007ffa87460000 - 0x00007ffa87468000 	C:\windows\system32\wshunix.dll
0x00007ffa6c440000 - 0x00007ffa6c5ce000 	C:\Users\doubl\.p2\pool\plugins\org.eclipse.justj.openjdk.hotspot.jre.full.win32.x86_64_17.0.7.v20230425-1502\jre\bin\awt.dll
0x00007ffaac760000 - 0x00007ffaac7f7000 	C:\windows\SYSTEM32\apphelp.dll
0x00007ffaadcc0000 - 0x00007ffaadcca000 	C:\Windows\System32\rasadhlp.dll
0x00007ffaad7b0000 - 0x00007ffaad833000 	C:\windows\System32\fwpuclnt.dll
0x00007ffa39260000 - 0x00007ffa3a2db000 	C:\Users\doubl\Desktop\Breathe\BREATHE\breathe.web\target\classes\PulseJNI.dll
0x00007ffab0980000 - 0x00007ffab0a31000 	C:\windows\system32\uxtheme.dll
0x00007ffab56a0000 - 0x00007ffab5800000 	C:\windows\System32\MSCTF.dll

dbghelp: loaded successfully - version: 4.0.5 - missing functions: none
symbol engine: initialized successfully - sym options: 0x614 - pdb path: .;C:\Users\doubl\.p2\pool\plugins\org.eclipse.justj.openjdk.hotspot.jre.full.win32.x86_64_17.0.7.v20230425-1502\jre\bin;C:\windows\SYSTEM32;C:\windows\WinSxS\amd64_microsoft.windows.common-controls_6595b64144ccf1df_6.0.22621.3672_none_2713b9d173822955;C:\Users\doubl\.p2\pool\plugins\org.eclipse.justj.openjdk.hotspot.jre.full.win32.x86_64_17.0.7.v20230425-1502\jre\bin\server;C:\Users\doubl\AppData\Local\Temp\jna-95774484;C:\ProgramData\Microsoft\Windows Defender\Platform\4.18.24080.9-0;C:\Users\doubl\Desktop\Breathe\BREATHE\breathe.web\target\classes

VM Arguments:
jvm_args: -Dfile.encoding=UTF-8 -XX:+ShowCodeDetailsInExceptionMessages 
java_command: app.Main
java_class_path (initial): C:\Users\doubl\Desktop\Breathe\BREATHE\breathe.web\target\classes;C:\Users\doubl\.m2\repository\com\vaadin\vaadin\24.4.13\vaadin-24.4.13.jar;C:\Users\doubl\.m2\repository\com\vaadin\vaadin-internal\24.4.13\vaadin-internal-24.4.13.jar;C:\Users\doubl\.m2\repository\com\vaadin\vaadin-core-internal\24.4.13\vaadin-core-internal-24.4.13.jar;C:\Users\doubl\.m2\repository\com\vaadin\flow-lit-template\24.4.9\flow-lit-template-24.4.9.jar;C:\Users\doubl\.m2\repository\com\vaadin\flow-react\24.4.9\flow-react-24.4.9.jar;C:\Users\doubl\.m2\repository\com\vaadin\flow-html-components\24.4.9\flow-html-components-24.4.9.jar;C:\Users\doubl\.m2\repository\com\vaadin\flow-data\24.4.9\flow-data-24.4.9.jar;C:\Users\doubl\.m2\repository\com\vaadin\flow-dnd\24.4.9\flow-dnd-24.4.9.jar;C:\Users\doubl\.m2\repository\com\vaadin\vaadin-lumo-theme\24.4.13\vaadin-lumo-theme-24.4.13.jar;C:\Users\doubl\.m2\repository\com\vaadin\vaadin-material-theme\24.4.13\vaadin-material-theme-24.4.13.jar;C:\Users\doubl\.m2\repository\com\vaadin\vaadin-accordion-flow\24.4.13\vaadin-accordion-flow-24.4.13.jar;C:\Users\doubl\.m2\repository\com\vaadin\vaadin-avatar-flow\24.4.13\vaadin-avatar-flow-24.4.13.jar;C:\Users\doubl\.m2\repository\com\vaadin\vaadin-button-flow\24.4.13\vaadin-button-flow-24.4.13.jar;C:\Users\doubl\.m2\repository\com\vaadin\vaadin-checkbox-flow\24.4.13\vaadin-checkbox-flow-24.4.13.jar;C:\Users\doubl\.m2\repository\com\vaadin\vaadin-combo-box-flow\24.4.13\vaadin-combo-box-flow-24.4.13.jar;C:\Users\doubl\.m2\repository\com\vaadin\vaadin-confirm-dialog-flow\24.4.13\vaadin-confirm-dialog-flow-24.4.13.jar;C:\Users\doubl\.m2\repository\com\vaadin\vaadin-custom-field-flow\24.4.13\vaadin-custom-field-flow-24.4.13.jar;C:\Users\doubl\.m2\repository\com\vaadin\vaadin-date-picker-flow\24.4.13\vaadin-date-picker-flow-24.4.13.jar;C:\Users\doubl\.m2\repository\com\vaadin\vaadin-date-time-picker-flow\24.4.13\vaadin-date-time-picker-flow-24.4.13.jar;C:\Users\doubl\.m2\repository\com\
Launcher Type: SUN_STANDARD

[Global flags]
     intx CICompilerCount                          = 12                                        {product} {ergonomic}
     uint ConcGCThreads                            = 3                                         {product} {ergonomic}
     uint G1ConcRefinementThreads                  = 13                                        {product} {ergonomic}
   size_t G1HeapRegionSize                         = 2097152                                   {product} {ergonomic}
    uintx GCDrainStackTargetSize                   = 64                                        {product} {ergonomic}
   size_t InitialHeapSize                          = 257949696                                 {product} {ergonomic}
   size_t MarkStackSize                            = 4194304                                   {product} {ergonomic}
   size_t MaxHeapSize                              = 4120903680                                {product} {ergonomic}
   size_t MaxNewSize                               = 2472542208                                {product} {ergonomic}
   size_t MinHeapDeltaBytes                        = 2097152                                   {product} {ergonomic}
   size_t MinHeapSize                              = 8388608                                   {product} {ergonomic}
    uintx NonNMethodCodeHeapSize                   = 7602480                                {pd product} {ergonomic}
    uintx NonProfiledCodeHeapSize                  = 122027880                              {pd product} {ergonomic}
    uintx ProfiledCodeHeapSize                     = 122027880                              {pd product} {ergonomic}
    uintx ReservedCodeCacheSize                    = 251658240                              {pd product} {ergonomic}
     bool SegmentedCodeCache                       = true                                      {product} {ergonomic}
     bool ShowCodeDetailsInExceptionMessages       = true                                   {manageable} {command line}
   size_t SoftMaxHeapSize                          = 4120903680                             {manageable} {ergonomic}
     bool UseCompressedClassPointers               = true                           {product lp64_product} {ergonomic}
     bool UseCompressedOops                        = true                           {product lp64_product} {ergonomic}
     bool UseG1GC                                  = true                                      {product} {ergonomic}
     bool UseLargePagesIndividualAllocation        = false                                  {pd product} {ergonomic}

Logging:
Log output configuration:
 #0: stdout all=warning uptime,level,tags
 #1: stderr all=off uptime,level,tags

Environment Variables:
JAVA_HOME=C:\Program Files\Amazon Corretto\jdk1.8.0_422
PATH=C:/Users/doubl/.p2/pool/plugins/org.eclipse.justj.openjdk.hotspot.jre.full.win32.x86_64_17.0.7.v20230425-1502/jre/bin/server;C:/Users/doubl/.p2/pool/plugins/org.eclipse.justj.openjdk.hotspot.jre.full.win32.x86_64_17.0.7.v20230425-1502/jre/bin;C:\Program Files (x86)\Java\jre1.8.0_421\bin;C:\Program Files\Amazon Corretto\jdk1.8.0_422\bin;C:\Program Files\Common Files\Oracle\Java\javapath;C:\Program Files (x86)\Common Files\Oracle\Java\java8path;C:\Program Files (x86)\Common Files\Oracle\Java\javapath;C:\windows\system32;C:\windows;C:\windows\System32\Wbem;C:\windows\System32\WindowsPowerShell\v1.0\;C:\windows\System32\OpenSSH\;C:\Program Files\Microsoft VS Code\bin;C:\Program Files\Git\cmd;C:\Program Files\nodejs\;C:\ProgramData\chocolatey\bin;C:\Program Files\PuTTY\;C:\Users\doubl\Desktop\Uni\IR\apache-ant-1.9.16-bin\apache-ant-1.9.16\bin;C:\Users\doubl\Desktop\Uni\IR\gradle-7.6.3-bin\gradle-7.6.3\bin;C:\MinGW\bin;C:\Program Files\TortoiseSVN\bin;C:\Program Files\Git\usr\bin;C:\Users\doubl\Desktop\Uni\IR\icu4c-74_1-Win64-MSVC2022\bin64;C:\Program Files\Amazon Corretto\jdk1.8.0_422\bin;C:\Program Files\Java\jre-1.8\bin;C:\Users\doubl\AppData\Local\Programs\Python\Python38\Scripts;C:\Program Files\dotnet\;C:\Users\doubl\AppData\Local\Programs\Python\Python38\Scripts\;C:\Users\doubl\AppData\Local\Programs\Python\Python38\;C:\Users\doubl\AppData\Local\Microsoft\WindowsApps;C:\Users\doubl\AppData\Roaming\npm;C:\Users\doubl\AppData\Local\GitHubDesktop\bin;C:\Program Files\JetBrains\PyCharm 2023.2.5\bin;;C:\Users\doubl\.dotnet\tools;C:\Users\doubl\Desktop;
USERNAME=doubl
OS=Windows_NT
PROCESSOR_IDENTIFIER=AMD64 Family 25 Model 80 Stepping 0, AuthenticAMD
TMP=C:\Users\doubl\AppData\Local\Temp
TEMP=C:\Users\doubl\AppData\Local\Temp



---------------  S Y S T E M  ---------------

OS:
 Windows 11 , 64 bit Build 22621 (10.0.22621.3958)
OS uptime: 1 days 3:05 hours
Hyper-V role detected

CPU: total 16 (initial active 16) (16 cores per cpu, 2 threads per core) family 25 model 80 stepping 0 microcode 0x0, cx8, cmov, fxsr, ht, mmx, 3dnowpref, sse, sse2, sse3, ssse3, sse4a, sse4.1, sse4.2, popcnt, lzcnt, tsc, tscinvbit, avx, avx2, aes, erms, clmul, bmi1, bmi2, adx, sha, fma, vzeroupper, clflush, clflushopt, hv

Memory: 4k page, system-wide physical 15712M (6283M free)
TotalPageFile size 16736M (AvailPageFile size 3724M)
current process WorkingSet (physical memory assigned to process): 561M, peak: 674M
current process commit charge ("private bytes"): 601M, peak: 757M

vm_info: OpenJDK 64-Bit Server VM (17.0.7+7) for windows-amd64 JRE (17.0.7+7), built on Apr 18 2023 22:10:42 by "temurin" with MS VC++ 16.7 (VS2019)

END.
