#
# A fatal error has been detected by the Java Runtime Environment:
#
#  EXCEPTION_ACCESS_VIOLATION (0xc0000005) at pc=0x00007ffa3b8b7fd0, pid=12356, tid=22264
#
# JRE version: OpenJDK Runtime Environment Temurin-17.0.7+7 (17.0.7+7) (build 17.0.7+7)
# Java VM: OpenJDK 64-Bit Server VM Temurin-17.0.7+7 (17.0.7+7, mixed mode, tiered, compressed oops, compressed class ptrs, g1 gc, windows-amd64)
# Problematic frame:
# C  [PulseJNI.dll+0x297fd0]
#
# No core dump will be written. Minidumps are not enabled by default on client versions of Windows
#
# If you would like to submit a bug report, please visit:
#   https://github.com/adoptium/adoptium-support/issues
# The crash happened outside the Java Virtual Machine in native code.
# See problematic frame for where to report the bug.
#

---------------  S U M M A R Y ------------

Command Line: -Dfile.encoding=UTF-8 -XX:+ShowCodeDetailsInExceptionMessages app.Main

Host: AMD Ryzen 7 5825U with Radeon Graphics         , 16 cores, 15G,  Windows 11 , 64 bit Build 22621 (10.0.22621.3958)
Time: Wed Oct 16 11:15:46 2024 ora legale Europa occidentale elapsed time: 121.282370 seconds (0d 0h 2m 1s)

---------------  T H R E A D  ---------------

Current thread (0x000001696204e770):  JavaThread "SwingWorker-pool-2-thread-1" daemon [_thread_in_native, id=22264, stack(0x000000379b600000,0x000000379b700000)]

Stack: [0x000000379b600000,0x000000379b700000],  sp=0x000000379b6fe320,  free space=1016k
Native frames: (J=compiled Java code, j=interpreted, Vv=VM code, C=native code)
C  [PulseJNI.dll+0x297fd0]

Java frames: (J=compiled Java code, j=interpreted, Vv=VM code)
j  com.kitware.pulse.engine.PulseEngine.nativeInitializeEngine(JLjava/lang/String;Ljava/lang/String;I)Z+0
j  com.kitware.pulse.engine.PulseEngine.initializeEngine(Lcom/kitware/pulse/cdm/engine/SEPatientConfiguration;Lcom/kitware/pulse/cdm/engine/SEDataRequestManager;)Z+39
j  app.SimulationWorker.doInBackground()Ljava/lang/Void;+33
j  app.SimulationWorker.doInBackground()Ljava/lang/Object;+1
j  javax.swing.SwingWorker$1.call()Ljava/lang/Object;+14 java.desktop@17.0.7
j  java.util.concurrent.FutureTask.run()V+39 java.base@17.0.7
j  javax.swing.SwingWorker.run()V+4 java.desktop@17.0.7
j  java.util.concurrent.ThreadPoolExecutor.runWorker(Ljava/util/concurrent/ThreadPoolExecutor$Worker;)V+92 java.base@17.0.7
j  java.util.concurrent.ThreadPoolExecutor$Worker.run()V+5 java.base@17.0.7
j  java.lang.Thread.run()V+11 java.base@17.0.7
v  ~StubRoutines::call_stub

siginfo: EXCEPTION_ACCESS_VIOLATION (0xc0000005), reading address 0x0000000000000000


Register to memory mapping:

RIP=0x00007ffa3b8b7fd0 PulseJNI.dll
RAX=0x0 is NULL
RBX={method} {0x000001697006ffa0} 'nativeInitializeEngine' '(JLjava/lang/String;Ljava/lang/String;I)Z' in 'com/kitware/pulse/engine/PulseEngine'
RCX=0x000001696215f0c0 points into unknown readable memory: 0x00007ffa3c180f60 | 60 0f 18 3c fa 7f 00 00
RDX=0x0 is NULL
RSP=0x000000379b6fe320 is pointing into the stack for thread: 0x000001696204e770
RBP=0x000000379b6ff338 is pointing into the stack for thread: 0x000001696204e770
RSI=3823555622 is a compressed pointer to object: [B 
{0x000000071f36a130} - klass: {type array byte}
 - length: 753
RDI=3823555130 is a compressed pointer to object: [B 
{0x000000071f3691d0} - klass: {type array byte}
 - length: 1150
R8 =0x00007ffa3c5d5100 PulseJNI.dll
R9 =0x0000000000000001 is an unknown value
R10=0x0000000000000003 is an unknown value
R11=0x000000379b6fdfc0 is pointing into the stack for thread: 0x000001696204e770
R12=0x0 is NULL
R13={method} {0x000001697006ffa0} 'nativeInitializeEngine' '(JLjava/lang/String;Ljava/lang/String;I)Z' in 'com/kitware/pulse/engine/PulseEngine'
R14=0x000000379b6ff380 is pointing into the stack for thread: 0x000001696204e770
R15=0x000001696204e770 is a thread


Registers:
RAX=0x0000000000000000, RBX=0x000001697006ff98, RCX=0x000001696215f0c0, RDX=0x0000000000000000
RSP=0x000000379b6fe320, RBP=0x000000379b6ff338, RSI=0x00000000e3e6d426, RDI=0x00000000e3e6d23a
R8 =0x00007ffa3c5d5100, R9 =0x0000000000000001, R10=0x0000000000000003, R11=0x000000379b6fdfc0
R12=0x0000000000000000, R13=0x000001697006ff98, R14=0x000000379b6ff380, R15=0x000001696204e770
RIP=0x00007ffa3b8b7fd0, EFLAGS=0x0000000000010246

Top of Stack: (sp=0x000000379b6fe320)
0x000000379b6fe320:   000001696215f0c0 0000000000000000
0x000000379b6fe330:   00007ffa3b64dae0 000000000000000f
0x000000379b6fe340:   00007ffa3b908a70 00007ffa3b6483a0
0x000000379b6fe350:   0000000000000000 000000000000000f
0x000000379b6fe360:   6c616e7265746e00 000000006e696b53
0x000000379b6fe370:   0000000000000000 000000000000000f
0x000000379b6fe380:   0000016961a72200 0000000000000000
0x000000379b6fe390:   00007ffa3b64c230 00007ffa3b6455f0
0x000000379b6fe3a0:   00007ffa3b6455f0 00007ffa3b6455f0
0x000000379b6fe3b0:   00007ffa3b64cbf0 00007ffa3b90896b
0x000000379b6fe3c0:   000001696215f0c0 0000000000000000
0x000000379b6fe3d0:   0000000000000000 000000000000000f
0x000000379b6fe3e0:   6c616e7265747800 000000006e696b53
0x000000379b6fe3f0:   00007ffa3b908a70 000000000000000f
0x000000379b6fe400:   6c616e7265746e00 0000000065726f43
0x000000379b6fe410:   0000000000000000 00007ffa3b9084ae 

Instructions: (pc=0x00007ffa3b8b7fd0)
0x00007ffa3b8b7ed0:   28 e8 6a b5 d7 ff 48 89 44 24 20 48 8b 4c 24 28
0x00007ffa3b8b7ee0:   e8 7b b5 d7 ff 48 89 44 24 30 eb 0e 48 8b 44 24
0x00007ffa3b8b7ef0:   20 48 83 c0 08 48 89 44 24 20 48 8b 44 24 30 48
0x00007ffa3b8b7f00:   39 44 24 20 74 1f 48 8b 44 24 20 48 8b 00 48 89
0x00007ffa3b8b7f10:   44 24 38 48 8b 44 24 58 48 39 44 24 38 75 04 b0
0x00007ffa3b8b7f20:   01 eb 04 eb c7 32 c0 48 83 c4 48 c3 cc cc cc cc
0x00007ffa3b8b7f30:   cc cc cc cc cc cc cc cc cc cc cc cc cc cc cc cc
0x00007ffa3b8b7f40:   48 89 4c 24 08 48 8b 44 24 08 48 83 c0 48 c3 cc
0x00007ffa3b8b7f50:   cc cc cc cc cc cc cc cc cc cc cc cc cc cc cc cc
0x00007ffa3b8b7f60:   48 89 4c 24 08 48 8b 44 24 08 48 83 c0 60 c3 cc
0x00007ffa3b8b7f70:   cc cc cc cc cc cc cc cc cc cc cc cc cc cc cc cc
0x00007ffa3b8b7f80:   48 89 54 24 10 48 89 4c 24 08 48 81 ec 98 00 00
0x00007ffa3b8b7f90:   00 48 8b 84 24 a0 00 00 00 48 8b 00 48 8b 80 d0
0x00007ffa3b8b7fa0:   00 00 00 48 89 44 24 20 48 8b 94 24 a8 00 00 00
0x00007ffa3b8b7fb0:   48 8b 8c 24 a0 00 00 00 ff 54 24 20 0f b6 c0 85
0x00007ffa3b8b7fc0:   c0 74 05 e9 5c 01 00 00 48 8b 84 24 a8 00 00 00
0x00007ffa3b8b7fd0:   48 8b 00 48 8b 8c 24 a8 00 00 00 ff 90 b0 00 00
0x00007ffa3b8b7fe0:   00 83 f8 03 75 5e 48 8b 84 24 a0 00 00 00 48 83
0x00007ffa3b8b7ff0:   c0 78 48 89 44 24 30 48 8b 84 24 a8 00 00 00 48
0x00007ffa3b8b8000:   89 44 24 28 48 8d 54 24 28 48 8b 4c 24 30 e8 bd
0x00007ffa3b8b8010:   8e da ff 90 48 8b 84 24 a0 00 00 00 48 05 90 00
0x00007ffa3b8b8020:   00 00 48 89 44 24 40 48 8b 84 24 a8 00 00 00 48
0x00007ffa3b8b8030:   89 44 24 38 48 8d 54 24 38 48 8b 4c 24 40 e8 8d
0x00007ffa3b8b8040:   8e da ff 90 48 8b 84 24 a8 00 00 00 48 8b 00 48
0x00007ffa3b8b8050:   8b 8c 24 a8 00 00 00 ff 90 b0 00 00 00 83 f8 02
0x00007ffa3b8b8060:   75 60 48 8b 84 24 a0 00 00 00 48 05 a8 00 00 00
0x00007ffa3b8b8070:   48 89 44 24 50 48 8b 84 24 a8 00 00 00 48 89 44
0x00007ffa3b8b8080:   24 48 48 8d 54 24 48 48 8b 4c 24 50 e8 3f 8e da
0x00007ffa3b8b8090:   ff 90 48 8b 84 24 a0 00 00 00 48 05 c0 00 00 00
0x00007ffa3b8b80a0:   48 89 44 24 60 48 8b 84 24 a8 00 00 00 48 89 44
0x00007ffa3b8b80b0:   24 58 48 8d 54 24 58 48 8b 4c 24 60 e8 0f 8e da
0x00007ffa3b8b80c0:   ff 90 48 8b 84 24 a0 00 00 00 48 83 c0 48 48 89 


Stack slot to memory mapping:
stack at sp + 0 slots: 0x000001696215f0c0 points into unknown readable memory: 0x00007ffa3c180f60 | 60 0f 18 3c fa 7f 00 00
stack at sp + 1 slots: 0x0 is NULL
stack at sp + 2 slots: 0x00007ffa3b64dae0 PulseJNI.dll
stack at sp + 3 slots: 0x000000000000000f is an unknown value
stack at sp + 4 slots: 0x00007ffa3b908a70 PulseJNI.dll
stack at sp + 5 slots: 0x00007ffa3b6483a0 PulseJNI.dll
stack at sp + 6 slots: 0x0 is NULL
stack at sp + 7 slots: 0x000000000000000f is an unknown value


---------------  P R O C E S S  ---------------

Threads class SMR info:
_java_thread_list=0x0000016964afdbd0, length=51, elements={
0x000001695a71e010, 0x000001695af36a90, 0x000001695af56280, 0x000001695af57b50,
0x000001695af58410, 0x000001695af62cf0, 0x000001695af66de0, 0x000001695af676e0,
0x000001695af727c0, 0x000001695b21b620, 0x000001695b21a7b0, 0x000001695b21a2e0,
0x00000169646f3360, 0x00000169646f41d0, 0x00000169646f7b90, 0x00000169646f8060,
0x00000169646f5510, 0x00000169646f5040, 0x00000169646f3d00, 0x00000169646f46a0,
0x00000169646f93a0, 0x00000169646f6380, 0x00000169646f9d40, 0x00000169646f8530,
0x00000169646f6d20, 0x00000169646f6850, 0x00000169646f71f0, 0x00000169646f8a00,
0x00000169646f76c0, 0x00000169646fabb0, 0x00000169646f8ed0, 0x00000169646f9870,
0x000001695b21d300, 0x000001695b21bfc0, 0x00000169643991a0, 0x000001696439a4e0,
0x0000016964399670, 0x0000016964398800, 0x000001696439b350, 0x000001696439d500,
0x0000016964397990, 0x000001696439b820, 0x00000169620495a0, 0x000001696204ca90,
0x000001696204e770, 0x000001696204f5e0, 0x0000016962048c00, 0x000001696204cf60,
0x000001696204d900, 0x00000169660821d0, 0x0000016966083b20
}

Java Threads: ( => current thread )
  0x000001695a71e010 JavaThread "Reference Handler" daemon [_thread_blocked, id=4808, stack(0x000000379c000000,0x000000379c100000)]
  0x000001695af36a90 JavaThread "Finalizer" daemon [_thread_blocked, id=21580, stack(0x000000379c100000,0x000000379c200000)]
  0x000001695af56280 JavaThread "Signal Dispatcher" daemon [_thread_blocked, id=15048, stack(0x000000379c200000,0x000000379c300000)]
  0x000001695af57b50 JavaThread "Attach Listener" daemon [_thread_blocked, id=18244, stack(0x000000379c300000,0x000000379c400000)]
  0x000001695af58410 JavaThread "Service Thread" daemon [_thread_blocked, id=17644, stack(0x000000379c400000,0x000000379c500000)]
  0x000001695af62cf0 JavaThread "Monitor Deflation Thread" daemon [_thread_blocked, id=10756, stack(0x000000379c500000,0x000000379c600000)]
  0x000001695af66de0 JavaThread "C2 CompilerThread0" daemon [_thread_blocked, id=12336, stack(0x000000379c600000,0x000000379c700000)]
  0x000001695af676e0 JavaThread "C1 CompilerThread0" daemon [_thread_blocked, id=19428, stack(0x000000379c700000,0x000000379c800000)]
  0x000001695af727c0 JavaThread "Sweeper thread" daemon [_thread_blocked, id=20980, stack(0x000000379c800000,0x000000379c900000)]
  0x000001695b21b620 JavaThread "Notification Thread" daemon [_thread_blocked, id=22524, stack(0x000000379ca00000,0x000000379cb00000)]
  0x000001695b21a7b0 JavaThread "Common-Cleaner" daemon [_thread_blocked, id=18704, stack(0x000000379cc00000,0x000000379cd00000)]
  0x000001695b21a2e0 JavaThread "JNA Cleaner" daemon [_thread_blocked, id=20716, stack(0x000000379cd00000,0x000000379ce00000)]
  0x00000169646f3360 JavaThread "ForkJoinPool.commonPool-worker-1" daemon [_thread_blocked, id=4424, stack(0x000000379ed00000,0x000000379ee00000)]
  0x00000169646f41d0 JavaThread "ForkJoinPool.commonPool-worker-3" daemon [_thread_blocked, id=5524, stack(0x000000379ef00000,0x000000379f000000)]
  0x00000169646f7b90 JavaThread "Catalina-utility-1" [_thread_blocked, id=21220, stack(0x000000379f000000,0x000000379f100000)]
  0x00000169646f8060 JavaThread "Catalina-utility-2" [_thread_blocked, id=15704, stack(0x000000379f100000,0x000000379f200000)]
  0x00000169646f5510 JavaThread "container-0" [_thread_blocked, id=1336, stack(0x000000379f200000,0x000000379f300000)]
  0x00000169646f5040 JavaThread "FileSystemWatchService" daemon [_thread_in_native, id=18916, stack(0x000000379f300000,0x000000379f400000)]
  0x00000169646f3d00 JavaThread "ForkJoinPool.commonPool-worker-4" daemon [_thread_blocked, id=21740, stack(0x000000379f400000,0x000000379f500000)]
  0x00000169646f46a0 JavaThread "File Watcher" daemon [_thread_blocked, id=12092, stack(0x000000379f500000,0x000000379f600000)]
  0x00000169646f93a0 JavaThread "Live Reload Server" daemon [_thread_in_native, id=20332, stack(0x000000379f700000,0x000000379f800000)]
  0x00000169646f6380 JavaThread "http-nio-8080-exec-1" daemon [_thread_blocked, id=22048, stack(0x000000379fa00000,0x000000379fb00000)]
  0x00000169646f9d40 JavaThread "http-nio-8080-exec-2" daemon [_thread_blocked, id=7252, stack(0x000000379fb00000,0x000000379fc00000)]
  0x00000169646f8530 JavaThread "http-nio-8080-exec-3" daemon [_thread_blocked, id=16036, stack(0x000000379fc00000,0x000000379fd00000)]
  0x00000169646f6d20 JavaThread "http-nio-8080-exec-4" daemon [_thread_blocked, id=12224, stack(0x000000379fd00000,0x000000379fe00000)]
  0x00000169646f6850 JavaThread "http-nio-8080-exec-5" daemon [_thread_blocked, id=7976, stack(0x000000379fe00000,0x000000379ff00000)]
  0x00000169646f71f0 JavaThread "http-nio-8080-exec-6" daemon [_thread_blocked, id=8344, stack(0x000000379ff00000,0x00000037a0000000)]
  0x00000169646f8a00 JavaThread "http-nio-8080-exec-7" daemon [_thread_blocked, id=13368, stack(0x00000037a0000000,0x00000037a0100000)]
  0x00000169646f76c0 JavaThread "http-nio-8080-exec-8" daemon [_thread_blocked, id=7448, stack(0x00000037a0100000,0x00000037a0200000)]
  0x00000169646fabb0 JavaThread "http-nio-8080-exec-9" daemon [_thread_blocked, id=15728, stack(0x00000037a0200000,0x00000037a0300000)]
  0x00000169646f8ed0 JavaThread "http-nio-8080-exec-10" daemon [_thread_blocked, id=13476, stack(0x00000037a0300000,0x00000037a0400000)]
  0x00000169646f9870 JavaThread "http-nio-8080-Poller" daemon [_thread_in_native, id=7604, stack(0x00000037a0400000,0x00000037a0500000)]
  0x000001695b21d300 JavaThread "http-nio-8080-Acceptor" daemon [_thread_in_native, id=11788, stack(0x00000037a0500000,0x00000037a0600000)]
  0x000001695b21bfc0 JavaThread "DestroyJavaVM" [_thread_blocked, id=21320, stack(0x000000379b900000,0x000000379ba00000)]
  0x00000169643991a0 JavaThread "Java2D Disposer" daemon [_thread_blocked, id=4968, stack(0x000000379d600000,0x000000379d700000)]
  0x000001696439a4e0 JavaThread "Live Reload #1" daemon [_thread_in_native, id=10468, stack(0x000000379e600000,0x000000379e700000)]
  0x0000016964399670 JavaThread "HttpClient-1-SelectorManager" daemon [_thread_in_native, id=12060, stack(0x00000037a0700000,0x00000037a0800000)]
  0x0000016964398800 JavaThread "HttpClient-2-SelectorManager" daemon [_thread_in_native, id=21068, stack(0x00000037a0800000,0x00000037a0900000)]
  0x000001696439b350 JavaThread "HttpClient-3-SelectorManager" daemon [_thread_in_native, id=22132, stack(0x00000037a0900000,0x00000037a0a00000)]
  0x000001696439d500 JavaThread "HttpClient-4-SelectorManager" daemon [_thread_in_native, id=13680, stack(0x00000037a0a00000,0x00000037a0b00000)]
  0x0000016964397990 JavaThread "HttpClient-5-SelectorManager" daemon [_thread_in_native, id=19688, stack(0x00000037a0b00000,0x00000037a0c00000)]
  0x000001696439b820 JavaThread "WebSocket background processing" daemon [_thread_blocked, id=3084, stack(0x00000037a1700000,0x00000037a1800000)]
  0x00000169620495a0 JavaThread "Atmosphere-Scheduler-15" daemon [_thread_blocked, id=8560, stack(0x000000379b700000,0x000000379b800000)]
  0x000001696204ca90 JavaThread "Atmosphere-Scheduler-17" daemon [_thread_blocked, id=18752, stack(0x000000379d500000,0x000000379d600000)]
=>0x000001696204e770 JavaThread "SwingWorker-pool-2-thread-1" daemon [_thread_in_native, id=22264, stack(0x000000379b600000,0x000000379b700000)]
  0x000001696204f5e0 JavaThread "AWT-Shutdown" [_thread_blocked, id=12912, stack(0x000000379b800000,0x000000379b900000)]
  0x0000016962048c00 JavaThread "AWT-Windows" daemon [_thread_in_native, id=10892, stack(0x000000379c900000,0x000000379ca00000)]
  0x000001696204cf60 JavaThread "TimerQueue" daemon [_thread_blocked, id=21612, stack(0x000000379df00000,0x000000379e000000)]
  0x000001696204d900 JavaThread "AWT-EventQueue-0" [_thread_blocked, id=2684, stack(0x000000379e700000,0x000000379e800000)]
  0x00000169660821d0 JavaThread "C1 CompilerThread1" daemon [_thread_blocked, id=15768, stack(0x000000379e800000,0x000000379e900000)]
  0x0000016966083b20 JavaThread "C1 CompilerThread2" daemon [_thread_blocked, id=6604, stack(0x000000379e900000,0x000000379ea00000)]

Other Threads:
  0x000001695af313f0 VMThread "VM Thread" [stack: 0x000000379bf00000,0x000000379c000000] [id=11608]
  0x0000016939e6fff0 WatcherThread [stack: 0x000000379cb00000,0x000000379cc00000] [id=10324]
  0x0000016939e52dd0 GCTaskThread "GC Thread#0" [stack: 0x000000379ba00000,0x000000379bb00000] [id=16184]
  0x000001695bb78c90 GCTaskThread "GC Thread#1" [stack: 0x000000379cf00000,0x000000379d000000] [id=17960]
  0x000001695bb794a0 GCTaskThread "GC Thread#2" [stack: 0x000000379d000000,0x000000379d100000] [id=19248]
  0x000001695bb7a210 GCTaskThread "GC Thread#3" [stack: 0x000000379d100000,0x000000379d200000] [id=15660]
  0x000001695bb789e0 GCTaskThread "GC Thread#4" [stack: 0x000000379d200000,0x000000379d300000] [id=14728]
  0x000001695bb791f0 GCTaskThread "GC Thread#5" [stack: 0x000000379d700000,0x000000379d800000] [id=2440]
  0x000001695bb79cb0 GCTaskThread "GC Thread#6" [stack: 0x000000379d900000,0x000000379da00000] [id=8476]
  0x0000016960e3b0a0 GCTaskThread "GC Thread#7" [stack: 0x000000379da00000,0x000000379db00000] [id=21520]
  0x0000016960e3c0c0 GCTaskThread "GC Thread#8" [stack: 0x000000379db00000,0x000000379dc00000] [id=19332]
  0x0000016960e3d0e0 GCTaskThread "GC Thread#9" [stack: 0x000000379e000000,0x000000379e100000] [id=14856]
  0x0000016960e3c8d0 GCTaskThread "GC Thread#10" [stack: 0x000000379e100000,0x000000379e200000] [id=6280]
  0x0000016960e3ce30 GCTaskThread "GC Thread#11" [stack: 0x000000379e200000,0x000000379e300000] [id=21820]
  0x0000016960e3bb60 GCTaskThread "GC Thread#12" [stack: 0x000000379e300000,0x000000379e400000] [id=10648]
  0x0000016939e631b0 ConcurrentGCThread "G1 Main Marker" [stack: 0x000000379bb00000,0x000000379bc00000] [id=10124]
  0x0000016939e63ad0 ConcurrentGCThread "G1 Conc#0" [stack: 0x000000379bc00000,0x000000379bd00000] [id=11448]
  0x0000016960e3be10 ConcurrentGCThread "G1 Conc#1" [stack: 0x000000379dc00000,0x000000379dd00000] [id=264]
  0x0000016960e3cb80 ConcurrentGCThread "G1 Conc#2" [stack: 0x000000379dd00000,0x000000379de00000] [id=18036]
  0x000001695a5f3c10 ConcurrentGCThread "G1 Refine#0" [stack: 0x000000379bd00000,0x000000379be00000] [id=17928]
  0x0000016964e6a5c0 ConcurrentGCThread "G1 Refine#1" [stack: 0x000000379e400000,0x000000379e500000] [id=14020]
  0x0000016966339cd0 ConcurrentGCThread "G1 Refine#2" [stack: 0x000000379e500000,0x000000379e600000] [id=6352]
  0x0000016966dbac30 ConcurrentGCThread "G1 Refine#3" [stack: 0x000000379de00000,0x000000379df00000] [id=20212]
  0x000001695a5f4440 ConcurrentGCThread "G1 Service" [stack: 0x000000379be00000,0x000000379bf00000] [id=21364]

Threads with active compile tasks:

VM state: not at safepoint (normal execution)

VM Mutex/Monitor currently owned by a thread: None

Heap address: 0x000000070a600000, size: 3930 MB, Compressed Oops mode: Zero based, Oop shift amount: 3

CDS archive(s) not mapped
Compressed class space mapped at: 0x0000000800000000-0x0000000840000000, reserved size: 1073741824
Narrow klass base: 0x0000000800000000, Narrow klass shift: 0, Narrow klass range: 0x40000000

GC Precious Log:
 CPUs: 16 total, 16 available
 Memory: 15712M
 Large Page Support: Disabled
 NUMA Support: Disabled
 Compressed Oops: Enabled (Zero based)
 Heap Region Size: 2M
 Heap Min Capacity: 8M
 Heap Initial Capacity: 246M
 Heap Max Capacity: 3930M
 Pre-touch: Disabled
 Parallel Workers: 13
 Concurrent Workers: 3
 Concurrent Refinement Workers: 13
 Periodic GC: Disabled

Heap:
 garbage-first heap   total 260096K, used 72972K [0x000000070a600000, 0x0000000800000000)
  region size 2048K, 3 young (6144K), 1 survivors (2048K)
 Metaspace       used 80014K, committed 80640K, reserved 1179648K
  class space    used 9865K, committed 10176K, reserved 1048576K

Heap Regions: E=young(eden), S=young(survivor), O=old, HS=humongous(starts), HC=humongous(continues), CS=collection set, F=free, OA=open archive, CA=closed archive, TAMS=top-at-mark-start (previous, next)
|   0|0x000000070a600000, 0x000000070a800000, 0x000000070a800000|100%| O|  |TAMS 0x000000070a800000, 0x000000070a600000| Untracked 
|   1|0x000000070a800000, 0x000000070aa00000, 0x000000070aa00000|100%| O|  |TAMS 0x000000070aa00000, 0x000000070a800000| Untracked 
|   2|0x000000070aa00000, 0x000000070ac00000, 0x000000070ac00000|100%| O|  |TAMS 0x000000070ac00000, 0x000000070aa00000| Untracked 
|   3|0x000000070ac00000, 0x000000070ae00000, 0x000000070ae00000|100%| O|  |TAMS 0x000000070ae00000, 0x000000070ac00000| Untracked 
|   4|0x000000070ae00000, 0x000000070b000000, 0x000000070b000000|100%| O|  |TAMS 0x000000070b000000, 0x000000070ae00000| Untracked 
|   5|0x000000070b000000, 0x000000070b200000, 0x000000070b200000|100%| O|  |TAMS 0x000000070b200000, 0x000000070b000000| Untracked 
|   6|0x000000070b200000, 0x000000070b400000, 0x000000070b400000|100%| O|  |TAMS 0x000000070b400000, 0x000000070b200000| Untracked 
|   7|0x000000070b400000, 0x000000070b5f2800, 0x000000070b600000| 97%| O|  |TAMS 0x000000070b5f2800, 0x000000070b400000| Untracked 
|   8|0x000000070b600000, 0x000000070b800000, 0x000000070b800000|100%| O|  |TAMS 0x000000070b800000, 0x000000070b600000| Untracked 
|   9|0x000000070b800000, 0x000000070ba00000, 0x000000070ba00000|100%| O|  |TAMS 0x000000070ba00000, 0x000000070b800000| Untracked 
|  10|0x000000070ba00000, 0x000000070bc00000, 0x000000070bc00000|100%| O|  |TAMS 0x000000070bc00000, 0x000000070ba00000| Untracked 
|  11|0x000000070bc00000, 0x000000070be00000, 0x000000070be00000|100%| O|  |TAMS 0x000000070be00000, 0x000000070bc00000| Untracked 
|  12|0x000000070be00000, 0x000000070be00000, 0x000000070c000000|  0%| F|  |TAMS 0x000000070be00000, 0x000000070be00000| Untracked 
|  13|0x000000070c000000, 0x000000070c200000, 0x000000070c200000|100%| O|  |TAMS 0x000000070c200000, 0x000000070c000000| Untracked 
|  14|0x000000070c200000, 0x000000070c400000, 0x000000070c400000|100%| O|  |TAMS 0x000000070c400000, 0x000000070c200000| Untracked 
|  15|0x000000070c400000, 0x000000070c600000, 0x000000070c600000|100%| O|  |TAMS 0x000000070c600000, 0x000000070c400000| Untracked 
|  16|0x000000070c600000, 0x000000070c600000, 0x000000070c800000|  0%| F|  |TAMS 0x000000070c600000, 0x000000070c600000| Untracked 
|  17|0x000000070c800000, 0x000000070ca00000, 0x000000070ca00000|100%| O|  |TAMS 0x000000070ca00000, 0x000000070c800000| Untracked 
|  18|0x000000070ca00000, 0x000000070ca00000, 0x000000070cc00000|  0%| F|  |TAMS 0x000000070ca00000, 0x000000070ca00000| Untracked 
|  19|0x000000070cc00000, 0x000000070cc00000, 0x000000070ce00000|  0%| F|  |TAMS 0x000000070cc00000, 0x000000070cc00000| Untracked 
|  20|0x000000070ce00000, 0x000000070ce00000, 0x000000070d000000|  0%| F|  |TAMS 0x000000070ce00000, 0x000000070ce00000| Untracked 
|  21|0x000000070d000000, 0x000000070d200000, 0x000000070d200000|100%| O|  |TAMS 0x000000070d200000, 0x000000070d000000| Untracked 
|  22|0x000000070d200000, 0x000000070d400000, 0x000000070d400000|100%| O|  |TAMS 0x000000070d400000, 0x000000070d200000| Untracked 
|  23|0x000000070d400000, 0x000000070d400000, 0x000000070d600000|  0%| F|  |TAMS 0x000000070d400000, 0x000000070d400000| Untracked 
|  24|0x000000070d600000, 0x000000070d600000, 0x000000070d800000|  0%| F|  |TAMS 0x000000070d600000, 0x000000070d600000| Untracked 
|  25|0x000000070d800000, 0x000000070da00000, 0x000000070da00000|100%| O|  |TAMS 0x000000070da00000, 0x000000070d800000| Untracked 
|  26|0x000000070da00000, 0x000000070dc00000, 0x000000070dc00000|100%| O|  |TAMS 0x000000070dc00000, 0x000000070da00000| Untracked 
|  27|0x000000070dc00000, 0x000000070de00000, 0x000000070de00000|100%| O|  |TAMS 0x000000070de00000, 0x000000070dc00000| Untracked 
|  28|0x000000070de00000, 0x000000070e000000, 0x000000070e000000|100%| O|  |TAMS 0x000000070e000000, 0x000000070de00000| Untracked 
|  29|0x000000070e000000, 0x000000070e000000, 0x000000070e200000|  0%| F|  |TAMS 0x000000070e000000, 0x000000070e000000| Untracked 
|  30|0x000000070e200000, 0x000000070e400000, 0x000000070e400000|100%| O|  |TAMS 0x000000070e400000, 0x000000070e200000| Untracked 
|  31|0x000000070e400000, 0x000000070e600000, 0x000000070e600000|100%| O|  |TAMS 0x000000070e600000, 0x000000070e400000| Untracked 
|  32|0x000000070e600000, 0x000000070e600000, 0x000000070e800000|  0%| F|  |TAMS 0x000000070e600000, 0x000000070e600000| Untracked 
|  33|0x000000070e800000, 0x000000070ea00000, 0x000000070ea00000|100%| O|  |TAMS 0x000000070ea00000, 0x000000070e800000| Untracked 
|  34|0x000000070ea00000, 0x000000070ebd0e00, 0x000000070ec00000| 90%| O|  |TAMS 0x000000070ebd0e00, 0x000000070ea00000| Untracked 
|  35|0x000000070ec00000, 0x000000070ee00000, 0x000000070ee00000|100%| O|  |TAMS 0x000000070ec00000, 0x000000070ec00000| Untracked 
|  36|0x000000070ee00000, 0x000000070f000000, 0x000000070f000000|100%| O|  |TAMS 0x000000070ee00000, 0x000000070ee00000| Untracked 
|  37|0x000000070f000000, 0x000000070f200000, 0x000000070f200000|100%| O|  |TAMS 0x000000070f000000, 0x000000070f000000| Untracked 
|  38|0x000000070f200000, 0x000000070f400000, 0x000000070f400000|100%| O|  |TAMS 0x000000070f200000, 0x000000070f200000| Untracked 
|  39|0x000000070f400000, 0x000000070f600000, 0x000000070f600000|100%| O|  |TAMS 0x000000070f400000, 0x000000070f400000| Untracked 
|  40|0x000000070f600000, 0x000000070f800000, 0x000000070f800000|100%| O|  |TAMS 0x000000070f600000, 0x000000070f600000| Untracked 
|  41|0x000000070f800000, 0x000000070fa00000, 0x000000070fa00000|100%| O|  |TAMS 0x000000070f800000, 0x000000070f800000| Untracked 
|  42|0x000000070fa00000, 0x000000070fbffff8, 0x000000070fc00000| 99%| O|  |TAMS 0x000000070fa00000, 0x000000070fa00000| Untracked 
|  43|0x000000070fc00000, 0x000000070fc45600, 0x000000070fe00000| 13%| O|  |TAMS 0x000000070fc00000, 0x000000070fc00000| Untracked 
|  44|0x000000070fe00000, 0x000000070fe00000, 0x0000000710000000|  0%| F|  |TAMS 0x000000070fe00000, 0x000000070fe00000| Untracked 
|  45|0x0000000710000000, 0x0000000710000000, 0x0000000710200000|  0%| F|  |TAMS 0x0000000710000000, 0x0000000710000000| Untracked 
|  46|0x0000000710200000, 0x0000000710200000, 0x0000000710400000|  0%| F|  |TAMS 0x0000000710200000, 0x0000000710200000| Untracked 
|  47|0x0000000710400000, 0x0000000710400000, 0x0000000710600000|  0%| F|  |TAMS 0x0000000710400000, 0x0000000710400000| Untracked 
|  48|0x0000000710600000, 0x0000000710600000, 0x0000000710800000|  0%| F|  |TAMS 0x0000000710600000, 0x0000000710600000| Untracked 
|  49|0x0000000710800000, 0x0000000710800000, 0x0000000710a00000|  0%| F|  |TAMS 0x0000000710800000, 0x0000000710800000| Untracked 
|  50|0x0000000710a00000, 0x0000000710a00000, 0x0000000710c00000|  0%| F|  |TAMS 0x0000000710a00000, 0x0000000710a00000| Untracked 
|  51|0x0000000710c00000, 0x0000000710c00000, 0x0000000710e00000|  0%| F|  |TAMS 0x0000000710c00000, 0x0000000710c00000| Untracked 
|  52|0x0000000710e00000, 0x0000000710e00000, 0x0000000711000000|  0%| F|  |TAMS 0x0000000710e00000, 0x0000000710e00000| Untracked 
|  53|0x0000000711000000, 0x0000000711000000, 0x0000000711200000|  0%| F|  |TAMS 0x0000000711000000, 0x0000000711000000| Untracked 
|  54|0x0000000711200000, 0x0000000711200000, 0x0000000711400000|  0%| F|  |TAMS 0x0000000711200000, 0x0000000711200000| Untracked 
|  55|0x0000000711400000, 0x0000000711400000, 0x0000000711600000|  0%| F|  |TAMS 0x0000000711400000, 0x0000000711400000| Untracked 
|  56|0x0000000711600000, 0x0000000711600000, 0x0000000711800000|  0%| F|  |TAMS 0x0000000711600000, 0x0000000711600000| Untracked 
|  57|0x0000000711800000, 0x0000000711800000, 0x0000000711a00000|  0%| F|  |TAMS 0x0000000711800000, 0x0000000711800000| Untracked 
|  58|0x0000000711a00000, 0x0000000711a00000, 0x0000000711c00000|  0%| F|  |TAMS 0x0000000711a00000, 0x0000000711a00000| Untracked 
|  59|0x0000000711c00000, 0x0000000711c00000, 0x0000000711e00000|  0%| F|  |TAMS 0x0000000711c00000, 0x0000000711c00000| Untracked 
|  60|0x0000000711e00000, 0x0000000711e00000, 0x0000000712000000|  0%| F|  |TAMS 0x0000000711e00000, 0x0000000711e00000| Untracked 
|  61|0x0000000712000000, 0x0000000712000000, 0x0000000712200000|  0%| F|  |TAMS 0x0000000712000000, 0x0000000712000000| Untracked 
|  62|0x0000000712200000, 0x0000000712200000, 0x0000000712400000|  0%| F|  |TAMS 0x0000000712200000, 0x0000000712200000| Untracked 
|  63|0x0000000712400000, 0x0000000712400000, 0x0000000712600000|  0%| F|  |TAMS 0x0000000712400000, 0x0000000712400000| Untracked 
|  64|0x0000000712600000, 0x0000000712600000, 0x0000000712800000|  0%| F|  |TAMS 0x0000000712600000, 0x0000000712600000| Untracked 
|  65|0x0000000712800000, 0x0000000712800000, 0x0000000712a00000|  0%| F|  |TAMS 0x0000000712800000, 0x0000000712800000| Untracked 
|  66|0x0000000712a00000, 0x0000000712a00000, 0x0000000712c00000|  0%| F|  |TAMS 0x0000000712a00000, 0x0000000712a00000| Untracked 
|  67|0x0000000712c00000, 0x0000000712c00000, 0x0000000712e00000|  0%| F|  |TAMS 0x0000000712c00000, 0x0000000712c00000| Untracked 
|  68|0x0000000712e00000, 0x0000000712e00000, 0x0000000713000000|  0%| F|  |TAMS 0x0000000712e00000, 0x0000000712e00000| Untracked 
|  69|0x0000000713000000, 0x0000000713000000, 0x0000000713200000|  0%| F|  |TAMS 0x0000000713000000, 0x0000000713000000| Untracked 
|  70|0x0000000713200000, 0x0000000713200000, 0x0000000713400000|  0%| F|  |TAMS 0x0000000713200000, 0x0000000713200000| Untracked 
|  71|0x0000000713400000, 0x0000000713400000, 0x0000000713600000|  0%| F|  |TAMS 0x0000000713400000, 0x0000000713400000| Untracked 
|  72|0x0000000713600000, 0x0000000713600000, 0x0000000713800000|  0%| F|  |TAMS 0x0000000713600000, 0x0000000713600000| Untracked 
|  73|0x0000000713800000, 0x0000000713800000, 0x0000000713a00000|  0%| F|  |TAMS 0x0000000713800000, 0x0000000713800000| Untracked 
|  74|0x0000000713a00000, 0x0000000713a00000, 0x0000000713c00000|  0%| F|  |TAMS 0x0000000713a00000, 0x0000000713a00000| Untracked 
|  75|0x0000000713c00000, 0x0000000713c00000, 0x0000000713e00000|  0%| F|  |TAMS 0x0000000713c00000, 0x0000000713c00000| Untracked 
|  76|0x0000000713e00000, 0x0000000713e00000, 0x0000000714000000|  0%| F|  |TAMS 0x0000000713e00000, 0x0000000713e00000| Untracked 
|  77|0x0000000714000000, 0x0000000714000000, 0x0000000714200000|  0%| F|  |TAMS 0x0000000714000000, 0x0000000714000000| Untracked 
|  78|0x0000000714200000, 0x0000000714200000, 0x0000000714400000|  0%| F|  |TAMS 0x0000000714200000, 0x0000000714200000| Untracked 
|  79|0x0000000714400000, 0x0000000714400000, 0x0000000714600000|  0%| F|  |TAMS 0x0000000714400000, 0x0000000714400000| Untracked 
|  80|0x0000000714600000, 0x0000000714600000, 0x0000000714800000|  0%| F|  |TAMS 0x0000000714600000, 0x0000000714600000| Untracked 
|  81|0x0000000714800000, 0x0000000714800000, 0x0000000714a00000|  0%| F|  |TAMS 0x0000000714800000, 0x0000000714800000| Untracked 
|  82|0x0000000714a00000, 0x0000000714a00000, 0x0000000714c00000|  0%| F|  |TAMS 0x0000000714a00000, 0x0000000714a00000| Untracked 
|  83|0x0000000714c00000, 0x0000000714c00000, 0x0000000714e00000|  0%| F|  |TAMS 0x0000000714c00000, 0x0000000714c00000| Untracked 
|  84|0x0000000714e00000, 0x0000000714e00000, 0x0000000715000000|  0%| F|  |TAMS 0x0000000714e00000, 0x0000000714e00000| Untracked 
|  85|0x0000000715000000, 0x0000000715000000, 0x0000000715200000|  0%| F|  |TAMS 0x0000000715000000, 0x0000000715000000| Untracked 
|  86|0x0000000715200000, 0x0000000715200000, 0x0000000715400000|  0%| F|  |TAMS 0x0000000715200000, 0x0000000715200000| Untracked 
|  87|0x0000000715400000, 0x0000000715400000, 0x0000000715600000|  0%| F|  |TAMS 0x0000000715400000, 0x0000000715400000| Untracked 
|  88|0x0000000715600000, 0x0000000715600000, 0x0000000715800000|  0%| F|  |TAMS 0x0000000715600000, 0x0000000715600000| Untracked 
|  89|0x0000000715800000, 0x0000000715800000, 0x0000000715a00000|  0%| F|  |TAMS 0x0000000715800000, 0x0000000715800000| Untracked 
|  90|0x0000000715a00000, 0x0000000715a00000, 0x0000000715c00000|  0%| F|  |TAMS 0x0000000715a00000, 0x0000000715a00000| Untracked 
|  91|0x0000000715c00000, 0x0000000715c00000, 0x0000000715e00000|  0%| F|  |TAMS 0x0000000715c00000, 0x0000000715c00000| Untracked 
|  92|0x0000000715e00000, 0x0000000715e00000, 0x0000000716000000|  0%| F|  |TAMS 0x0000000715e00000, 0x0000000715e00000| Untracked 
|  93|0x0000000716000000, 0x0000000716000000, 0x0000000716200000|  0%| F|  |TAMS 0x0000000716000000, 0x0000000716000000| Untracked 
|  94|0x0000000716200000, 0x0000000716200000, 0x0000000716400000|  0%| F|  |TAMS 0x0000000716200000, 0x0000000716200000| Untracked 
|  95|0x0000000716400000, 0x0000000716400000, 0x0000000716600000|  0%| F|  |TAMS 0x0000000716400000, 0x0000000716400000| Untracked 
|  96|0x0000000716600000, 0x0000000716600000, 0x0000000716800000|  0%| F|  |TAMS 0x0000000716600000, 0x0000000716600000| Untracked 
|  97|0x0000000716800000, 0x0000000716800000, 0x0000000716a00000|  0%| F|  |TAMS 0x0000000716800000, 0x0000000716800000| Untracked 
|  98|0x0000000716a00000, 0x0000000716a00000, 0x0000000716c00000|  0%| F|  |TAMS 0x0000000716a00000, 0x0000000716a00000| Untracked 
|  99|0x0000000716c00000, 0x0000000716c00000, 0x0000000716e00000|  0%| F|  |TAMS 0x0000000716c00000, 0x0000000716c00000| Untracked 
| 100|0x0000000716e00000, 0x0000000716e00000, 0x0000000717000000|  0%| F|  |TAMS 0x0000000716e00000, 0x0000000716e00000| Untracked 
| 101|0x0000000717000000, 0x0000000717000000, 0x0000000717200000|  0%| F|  |TAMS 0x0000000717000000, 0x0000000717000000| Untracked 
| 102|0x0000000717200000, 0x0000000717200000, 0x0000000717400000|  0%| F|  |TAMS 0x0000000717200000, 0x0000000717200000| Untracked 
| 103|0x0000000717400000, 0x0000000717400000, 0x0000000717600000|  0%| F|  |TAMS 0x0000000717400000, 0x0000000717400000| Untracked 
| 104|0x0000000717600000, 0x0000000717600000, 0x0000000717800000|  0%| F|  |TAMS 0x0000000717600000, 0x0000000717600000| Untracked 
| 105|0x0000000717800000, 0x0000000717800000, 0x0000000717a00000|  0%| F|  |TAMS 0x0000000717800000, 0x0000000717800000| Untracked 
| 106|0x0000000717a00000, 0x0000000717a00000, 0x0000000717c00000|  0%| F|  |TAMS 0x0000000717a00000, 0x0000000717a00000| Untracked 
| 107|0x0000000717c00000, 0x0000000717c00000, 0x0000000717e00000|  0%| F|  |TAMS 0x0000000717c00000, 0x0000000717c00000| Untracked 
| 108|0x0000000717e00000, 0x0000000717e00000, 0x0000000718000000|  0%| F|  |TAMS 0x0000000717e00000, 0x0000000717e00000| Untracked 
| 109|0x0000000718000000, 0x0000000718000000, 0x0000000718200000|  0%| F|  |TAMS 0x0000000718000000, 0x0000000718000000| Untracked 
| 110|0x0000000718200000, 0x0000000718200000, 0x0000000718400000|  0%| F|  |TAMS 0x0000000718200000, 0x0000000718200000| Untracked 
| 111|0x0000000718400000, 0x0000000718400000, 0x0000000718600000|  0%| F|  |TAMS 0x0000000718400000, 0x0000000718400000| Untracked 
| 112|0x0000000718600000, 0x0000000718600000, 0x0000000718800000|  0%| F|  |TAMS 0x0000000718600000, 0x0000000718600000| Untracked 
| 113|0x0000000718800000, 0x0000000718800000, 0x0000000718a00000|  0%| F|  |TAMS 0x0000000718800000, 0x0000000718800000| Untracked 
| 114|0x0000000718a00000, 0x0000000718a00000, 0x0000000718c00000|  0%| F|  |TAMS 0x0000000718a00000, 0x0000000718a00000| Untracked 
| 115|0x0000000718c00000, 0x0000000718c00000, 0x0000000718e00000|  0%| F|  |TAMS 0x0000000718c00000, 0x0000000718c00000| Untracked 
| 116|0x0000000718e00000, 0x0000000718e00000, 0x0000000719000000|  0%| F|  |TAMS 0x0000000718e00000, 0x0000000718e00000| Untracked 
| 117|0x0000000719000000, 0x0000000719000000, 0x0000000719200000|  0%| F|  |TAMS 0x0000000719000000, 0x0000000719000000| Untracked 
| 118|0x0000000719200000, 0x0000000719200000, 0x0000000719400000|  0%| F|  |TAMS 0x0000000719200000, 0x0000000719200000| Untracked 
| 119|0x0000000719400000, 0x0000000719400000, 0x0000000719600000|  0%| F|  |TAMS 0x0000000719400000, 0x0000000719400000| Untracked 
| 120|0x0000000719600000, 0x0000000719600000, 0x0000000719800000|  0%| F|  |TAMS 0x0000000719600000, 0x0000000719600000| Untracked 
| 121|0x0000000719800000, 0x0000000719800000, 0x0000000719a00000|  0%| F|  |TAMS 0x0000000719800000, 0x0000000719800000| Untracked 
| 122|0x0000000719a00000, 0x0000000719a00000, 0x0000000719c00000|  0%| F|  |TAMS 0x0000000719a00000, 0x0000000719a00000| Untracked 
| 123|0x0000000719c00000, 0x0000000719c00000, 0x0000000719e00000|  0%| F|  |TAMS 0x0000000719c00000, 0x0000000719c00000| Untracked 
| 166|0x000000071f200000, 0x000000071f400000, 0x000000071f400000|100%| E|  |TAMS 0x000000071f200000, 0x000000071f200000| Complete 
| 167|0x000000071f400000, 0x000000071f53a650, 0x000000071f600000| 61%| S|CS|TAMS 0x000000071f400000, 0x000000071f400000| Complete 
| 169|0x000000071f800000, 0x000000071fa00000, 0x000000071fa00000|100%| E|CS|TAMS 0x000000071f800000, 0x000000071f800000| Complete 

Card table byte_map: [0x000001694f3c0000,0x000001694fb70000] _byte_map_base: 0x000001694bb6d000

Marking Bits (Prev, Next): (CMBitMap*) 0x0000016939e53330, (CMBitMap*) 0x0000016939e532f0
 Prev Bits: [0x0000016954090000, 0x0000016957df8000)
 Next Bits: [0x0000016950320000, 0x0000016954088000)

Polling page: 0x0000016939e80000

Metaspace:

Usage:
  Non-class:     68.50 MB used.
      Class:      9.63 MB used.
       Both:     78.14 MB used.

Virtual space:
  Non-class space:      128.00 MB reserved,      68.81 MB ( 54%) committed,  2 nodes.
      Class space:        1.00 GB reserved,       9.94 MB ( <1%) committed,  1 nodes.
             Both:        1.12 GB reserved,      78.75 MB (  7%) committed. 

Chunk freelists:
   Non-Class:  10.91 MB
       Class:  6.09 MB
        Both:  17.00 MB

MaxMetaspaceSize: unlimited
CompressedClassSpaceSize: 1.00 GB
Initial GC threshold: 21.00 MB
Current GC threshold: 99.19 MB
CDS: off
MetaspaceReclaimPolicy: balanced
 - commit_granule_bytes: 65536.
 - commit_granule_words: 8192.
 - virtual_space_node_default_size: 8388608.
 - enlarge_chunks_in_place: 1.
 - new_chunks_are_fully_committed: 0.
 - uncommit_free_chunks: 1.
 - use_allocation_guard: 0.
 - handle_deallocations: 1.


Internal statistics:

num_allocs_failed_limit: 12.
num_arena_births: 854.
num_arena_deaths: 0.
num_vsnodes_births: 3.
num_vsnodes_deaths: 0.
num_space_committed: 1259.
num_space_uncommitted: 0.
num_chunks_returned_to_freelist: 12.
num_chunks_taken_from_freelist: 3250.
num_chunk_merges: 6.
num_chunk_splits: 2241.
num_chunks_enlarged: 1699.
num_inconsistent_stats: 0.

CodeHeap 'non-profiled nmethods': size=119168Kb used=6917Kb max_used=6917Kb free=112250Kb
 bounds [0x00000169467e0000, 0x0000016946eb0000, 0x000001694dc40000]
CodeHeap 'profiled nmethods': size=119104Kb used=15451Kb max_used=15451Kb free=103652Kb
 bounds [0x000001693ec40000, 0x000001693fb60000, 0x0000016946090000]
CodeHeap 'non-nmethods': size=7488Kb used=2510Kb max_used=3032Kb free=4977Kb
 bounds [0x0000016946090000, 0x0000016946390000, 0x00000169467e0000]
 total_blobs=8265 nmethods=7538 adapters=637
 compilation: enabled
              stopped_count=0, restarted_count=0
 full_count=0

Compilation events (20 events):
Event: 121.249 Thread 0x0000016966083b20 nmethod 8911 0x000001693fb53710 code [0x000001693fb538c0, 0x000001693fb53aa8]
Event: 121.249 Thread 0x00000169660821d0 nmethod 8912 0x000001693fb53b90 code [0x000001693fb53d20, 0x000001693fb53e68]
Event: 121.249 Thread 0x00000169660821d0 8913       3       java.util.TreeMap::<init> (20 bytes)
Event: 121.250 Thread 0x00000169660821d0 nmethod 8913 0x000001693fb53f10 code [0x000001693fb540c0, 0x000001693fb542d8]
Event: 121.250 Thread 0x000001695af676e0 8914       3       com.google.protobuf.Descriptors$Descriptor::getFields (11 bytes)
Event: 121.250 Thread 0x0000016966083b20 8915       3       java.lang.StringBuilder::delete (9 bytes)
Event: 121.250 Thread 0x00000169660821d0 8916       3       java.lang.AbstractStringBuilder::delete (46 bytes)
Event: 121.250 Thread 0x0000016966083b20 nmethod 8915 0x000001693fb54390 code [0x000001693fb54520, 0x000001693fb54668]
Event: 121.250 Thread 0x000001695af676e0 nmethod 8914 0x000001693fb54710 code [0x000001693fb54900, 0x000001693fb54e58]
Event: 121.250 Thread 0x00000169660821d0 nmethod 8916 0x000001693fb55090 code [0x000001693fb55240, 0x000001693fb55478]
Event: 121.253 Thread 0x00000169660821d0 8917       3       java.util.TreeMap::get (19 bytes)
Event: 121.253 Thread 0x00000169660821d0 nmethod 8917 0x000001693fb55590 code [0x000001693fb55740, 0x000001693fb55908]
Event: 121.256 Thread 0x00000169660821d0 8918       1       com.google.protobuf.Descriptors$FieldDescriptor::getContainingType (5 bytes)
Event: 121.256 Thread 0x0000016966083b20 8919       1       com.google.protobuf.Descriptors$FieldDescriptor::getIndex (5 bytes)
Event: 121.256 Thread 0x00000169660821d0 nmethod 8918 0x0000016946ea0f10 code [0x0000016946ea10a0, 0x0000016946ea1178]
Event: 121.256 Thread 0x0000016966083b20 nmethod 8919 0x0000016946ea1210 code [0x0000016946ea13a0, 0x0000016946ea1478]
Event: 121.256 Thread 0x0000016966083b20 8920       3       java.util.TreeMap::addEntryToEmptyMap (37 bytes)
Event: 121.256 Thread 0x00000169660821d0 8921       3       com.google.protobuf.util.JsonFormat$PrettyTextGenerator::write (48 bytes)
Event: 121.256 Thread 0x00000169660821d0 nmethod 8921 0x000001693fb55a10 code [0x000001693fb55be0, 0x000001693fb56008]
Event: 121.256 Thread 0x0000016966083b20 nmethod 8920 0x000001693fb56190 code [0x000001693fb56380, 0x000001693fb56a98]

GC Heap History (20 events):
Event: 10.063 GC heap before
{Heap before GC invocations=28 (full 0):
 garbage-first heap   total 288768K, used 236553K [0x000000070a600000, 0x0000000800000000)
  region size 2048K, 84 young (172032K), 3 survivors (6144K)
 Metaspace       used 50707K, committed 51200K, reserved 1114112K
  class space    used 6092K, committed 6336K, reserved 1048576K
}
Event: 10.066 GC heap after
{Heap after GC invocations=29 (full 0):
 garbage-first heap   total 348160K, used 71913K [0x000000070a600000, 0x0000000800000000)
  region size 2048K, 3 young (6144K), 3 survivors (6144K)
 Metaspace       used 50707K, committed 51200K, reserved 1114112K
  class space    used 6092K, committed 6336K, reserved 1048576K
}
Event: 11.114 GC heap before
{Heap before GC invocations=29 (full 0):
 garbage-first heap   total 348160K, used 297193K [0x000000070a600000, 0x0000000800000000)
  region size 2048K, 102 young (208896K), 3 survivors (6144K)
 Metaspace       used 55942K, committed 56512K, reserved 1114112K
  class space    used 6918K, committed 7168K, reserved 1048576K
}
Event: 11.120 GC heap after
{Heap after GC invocations=30 (full 0):
 garbage-first heap   total 348160K, used 85035K [0x000000070a600000, 0x0000000800000000)
  region size 2048K, 5 young (10240K), 5 survivors (10240K)
 Metaspace       used 55942K, committed 56512K, reserved 1114112K
  class space    used 6918K, committed 7168K, reserved 1048576K
}
Event: 11.501 GC heap before
{Heap before GC invocations=30 (full 0):
 garbage-first heap   total 348160K, used 283691K [0x000000070a600000, 0x0000000800000000)
  region size 2048K, 102 young (208896K), 5 survivors (10240K)
 Metaspace       used 55944K, committed 56512K, reserved 1114112K
  class space    used 6918K, committed 7168K, reserved 1048576K
}
Event: 11.506 GC heap after
{Heap after GC invocations=31 (full 0):
 garbage-first heap   total 348160K, used 85800K [0x000000070a600000, 0x0000000800000000)
  region size 2048K, 5 young (10240K), 5 survivors (10240K)
 Metaspace       used 55944K, committed 56512K, reserved 1114112K
  class space    used 6918K, committed 7168K, reserved 1048576K
}
Event: 11.832 GC heap before
{Heap before GC invocations=31 (full 0):
 garbage-first heap   total 348160K, used 284456K [0x000000070a600000, 0x0000000800000000)
  region size 2048K, 102 young (208896K), 5 survivors (10240K)
 Metaspace       used 55944K, committed 56512K, reserved 1114112K
  class space    used 6918K, committed 7168K, reserved 1048576K
}
Event: 11.838 GC heap after
{Heap after GC invocations=32 (full 0):
 garbage-first heap   total 348160K, used 86808K [0x000000070a600000, 0x0000000800000000)
  region size 2048K, 6 young (12288K), 6 survivors (12288K)
 Metaspace       used 55944K, committed 56512K, reserved 1114112K
  class space    used 6918K, committed 7168K, reserved 1048576K
}
Event: 12.200 GC heap before
{Heap before GC invocations=32 (full 0):
 garbage-first heap   total 348160K, used 283416K [0x000000070a600000, 0x0000000800000000)
  region size 2048K, 102 young (208896K), 6 survivors (12288K)
 Metaspace       used 55944K, committed 56512K, reserved 1114112K
  class space    used 6918K, committed 7168K, reserved 1048576K
}
Event: 12.205 GC heap after
{Heap after GC invocations=33 (full 0):
 garbage-first heap   total 348160K, used 90481K [0x000000070a600000, 0x0000000800000000)
  region size 2048K, 7 young (14336K), 7 survivors (14336K)
 Metaspace       used 55944K, committed 56512K, reserved 1114112K
  class space    used 6918K, committed 7168K, reserved 1048576K
}
Event: 12.510 GC heap before
{Heap before GC invocations=33 (full 0):
 garbage-first heap   total 348160K, used 285041K [0x000000070a600000, 0x0000000800000000)
  region size 2048K, 102 young (208896K), 7 survivors (14336K)
 Metaspace       used 55945K, committed 56512K, reserved 1114112K
  class space    used 6918K, committed 7168K, reserved 1048576K
}
Event: 12.516 GC heap after
{Heap after GC invocations=34 (full 0):
 garbage-first heap   total 348160K, used 94377K [0x000000070a600000, 0x0000000800000000)
  region size 2048K, 9 young (18432K), 9 survivors (18432K)
 Metaspace       used 55945K, committed 56512K, reserved 1114112K
  class space    used 6918K, committed 7168K, reserved 1048576K
}
Event: 13.688 GC heap before
{Heap before GC invocations=34 (full 0):
 garbage-first heap   total 348160K, used 284841K [0x000000070a600000, 0x0000000800000000)
  region size 2048K, 102 young (208896K), 9 survivors (18432K)
 Metaspace       used 58890K, committed 59456K, reserved 1114112K
  class space    used 7277K, committed 7552K, reserved 1048576K
}
Event: 13.692 GC heap after
{Heap after GC invocations=35 (full 0):
 garbage-first heap   total 348160K, used 75533K [0x000000070a600000, 0x0000000800000000)
  region size 2048K, 2 young (4096K), 2 survivors (4096K)
 Metaspace       used 58890K, committed 59456K, reserved 1114112K
  class space    used 7277K, committed 7552K, reserved 1048576K
}
Event: 13.737 GC heap before
{Heap before GC invocations=35 (full 0):
 garbage-first heap   total 348160K, used 77581K [0x000000070a600000, 0x0000000800000000)
  region size 2048K, 4 young (8192K), 2 survivors (4096K)
 Metaspace       used 59865K, committed 60416K, reserved 1114112K
  class space    used 7384K, committed 7680K, reserved 1048576K
}
Event: 13.739 GC heap after
{Heap after GC invocations=36 (full 0):
 garbage-first heap   total 348160K, used 75128K [0x000000070a600000, 0x0000000800000000)
  region size 2048K, 2 young (4096K), 2 survivors (4096K)
 Metaspace       used 59865K, committed 60416K, reserved 1114112K
  class space    used 7384K, committed 7680K, reserved 1048576K
}
Event: 121.186 GC heap before
{Heap before GC invocations=37 (full 0):
 garbage-first heap   total 260096K, used 224632K [0x000000070a600000, 0x0000000800000000)
  region size 2048K, 76 young (155648K), 2 survivors (4096K)
 Metaspace       used 79155K, committed 79808K, reserved 1179648K
  class space    used 9781K, committed 10112K, reserved 1048576K
}
Event: 121.193 GC heap after
{Heap after GC invocations=38 (full 0):
 garbage-first heap   total 260096K, used 81614K [0x000000070a600000, 0x0000000800000000)
  region size 2048K, 5 young (10240K), 5 survivors (10240K)
 Metaspace       used 79155K, committed 79808K, reserved 1179648K
  class space    used 9781K, committed 10112K, reserved 1048576K
}
Event: 121.214 GC heap before
{Heap before GC invocations=38 (full 0):
 garbage-first heap   total 260096K, used 83662K [0x000000070a600000, 0x0000000800000000)
  region size 2048K, 6 young (12288K), 5 survivors (10240K)
 Metaspace       used 79490K, committed 80128K, reserved 1179648K
  class space    used 9813K, committed 10112K, reserved 1048576K
}
Event: 121.220 GC heap after
{Heap after GC invocations=39 (full 0):
 garbage-first heap   total 260096K, used 70924K [0x000000070a600000, 0x0000000800000000)
  region size 2048K, 1 young (2048K), 1 survivors (2048K)
 Metaspace       used 79490K, committed 80128K, reserved 1179648K
  class space    used 9813K, committed 10112K, reserved 1048576K
}

Dll operation events (12 events):
Event: 0.006 Loaded shared library C:\Users\doubl\.p2\pool\plugins\org.eclipse.justj.openjdk.hotspot.jre.full.win32.x86_64_17.0.7.v20230425-1502\jre\bin\java.dll
Event: 0.154 Loaded shared library C:\Users\doubl\.p2\pool\plugins\org.eclipse.justj.openjdk.hotspot.jre.full.win32.x86_64_17.0.7.v20230425-1502\jre\bin\net.dll
Event: 0.155 Loaded shared library C:\Users\doubl\.p2\pool\plugins\org.eclipse.justj.openjdk.hotspot.jre.full.win32.x86_64_17.0.7.v20230425-1502\jre\bin\nio.dll
Event: 0.159 Loaded shared library C:\Users\doubl\.p2\pool\plugins\org.eclipse.justj.openjdk.hotspot.jre.full.win32.x86_64_17.0.7.v20230425-1502\jre\bin\zip.dll
Event: 0.277 Loaded shared library C:\Users\doubl\.p2\pool\plugins\org.eclipse.justj.openjdk.hotspot.jre.full.win32.x86_64_17.0.7.v20230425-1502\jre\bin\jimage.dll
Event: 0.529 Loaded shared library C:\Users\doubl\.p2\pool\plugins\org.eclipse.justj.openjdk.hotspot.jre.full.win32.x86_64_17.0.7.v20230425-1502\jre\bin\management.dll
Event: 0.531 Loaded shared library C:\Users\doubl\.p2\pool\plugins\org.eclipse.justj.openjdk.hotspot.jre.full.win32.x86_64_17.0.7.v20230425-1502\jre\bin\management_ext.dll
Event: 1.586 Loaded shared library C:\Users\doubl\.p2\pool\plugins\org.eclipse.justj.openjdk.hotspot.jre.full.win32.x86_64_17.0.7.v20230425-1502\jre\bin\sunmscapi.dll
Event: 2.940 Loaded shared library C:\Users\doubl\.p2\pool\plugins\org.eclipse.justj.openjdk.hotspot.jre.full.win32.x86_64_17.0.7.v20230425-1502\jre\bin\verify.dll
Event: 9.302 Loaded shared library C:\Users\doubl\AppData\Local\Temp\jna-95774484\jna5066545943994654148.dll
Event: 13.725 Loaded shared library C:\Users\doubl\.p2\pool\plugins\org.eclipse.justj.openjdk.hotspot.jre.full.win32.x86_64_17.0.7.v20230425-1502\jre\bin\awt.dll
Event: 14.631 Loaded shared library C:\Users\doubl\Desktop\Breathe\BREATHE\breathe.web\PulseJNI.dll

Deoptimization events (20 events):
Event: 15.260 Thread 0x000001696204ca90 Uncommon trap: trap_request=0xffffffbe fr.pc=0x0000016946e771ac relative=0x000000000000140c
Event: 15.260 Thread 0x000001696204ca90 Uncommon trap: reason=profile_predicate action=maybe_recompile pc=0x0000016946e771ac method=jdk.internal.jimage.ImageStringsReader.stringFromByteBufferMatches(Ljava/nio/ByteBuffer;ILjava/lang/String;I)I @ 19 c2
Event: 15.260 Thread 0x000001696204ca90 DEOPT PACKING pc=0x0000016946e771ac sp=0x00000037a1bfd620
Event: 15.260 Thread 0x000001696204ca90 DEOPT UNPACKING pc=0x00000169460e69a3 sp=0x00000037a1bfd408 mode 2
Event: 17.945 Thread 0x000001696439a4e0 Uncommon trap: trap_request=0xffffffde fr.pc=0x00000169469ddb18 relative=0x0000000000000078
Event: 17.945 Thread 0x000001696439a4e0 Uncommon trap: reason=class_check action=maybe_recompile pc=0x00000169469ddb18 method=java.io.FilterInputStream.read([BII)I @ 7 c2
Event: 17.945 Thread 0x000001696439a4e0 DEOPT PACKING pc=0x00000169469ddb18 sp=0x000000379e6fed30
Event: 17.945 Thread 0x000001696439a4e0 DEOPT UNPACKING pc=0x00000169460e69a3 sp=0x000000379e6fecb8 mode 2
Event: 119.786 Thread 0x00000169646f8a00 Uncommon trap: trap_request=0xffffff45 fr.pc=0x000001694696575c relative=0x00000000000001bc
Event: 119.786 Thread 0x00000169646f8a00 Uncommon trap: reason=unstable_if action=reinterpret pc=0x000001694696575c method=java.util.ArrayDeque.addFirst(Ljava/lang/Object;)V @ 42 c2
Event: 119.786 Thread 0x00000169646f8a00 DEOPT PACKING pc=0x000001694696575c sp=0x00000037a00fc460
Event: 119.786 Thread 0x00000169646f8a00 DEOPT UNPACKING pc=0x00000169460e69a3 sp=0x00000037a00fc400 mode 2
Event: 121.193 Thread 0x000001695a71e010 Uncommon trap: trap_request=0xffffff45 fr.pc=0x0000016946c3f160 relative=0x00000000000004a0
Event: 121.193 Thread 0x000001695a71e010 Uncommon trap: reason=unstable_if action=reinterpret pc=0x0000016946c3f160 method=java.lang.ref.ReferenceQueue.enqueue(Ljava/lang/ref/Reference;)Z @ 94 c2
Event: 121.193 Thread 0x000001695a71e010 DEOPT PACKING pc=0x0000016946c3f160 sp=0x000000379c0ff290
Event: 121.193 Thread 0x000001695a71e010 DEOPT UNPACKING pc=0x00000169460e69a3 sp=0x000000379c0ff238 mode 2
Event: 121.193 Thread 0x000001695af36a90 Uncommon trap: trap_request=0xffffff45 fr.pc=0x00000169468304ac relative=0x000000000000066c
Event: 121.193 Thread 0x000001695af36a90 Uncommon trap: reason=unstable_if action=reinterpret pc=0x00000169468304ac method=java.lang.ref.ReferenceQueue.reallyPoll()Ljava/lang/ref/Reference; @ 54 c2
Event: 121.193 Thread 0x000001695af36a90 DEOPT PACKING pc=0x00000169468304ac sp=0x000000379c1ff030
Event: 121.193 Thread 0x000001695af36a90 DEOPT UNPACKING pc=0x00000169460e69a3 sp=0x000000379c1fef58 mode 2

Classes unloaded (0 events):
No events

Classes redefined (0 events):
No events

Internal exceptions (20 events):
Event: 13.721 Thread 0x00000169646f8530 Exception <a 'java/lang/ClassNotFoundException'{0x000000071f6f9658}: sun/awt/resources/spi/awtProvider> (0x000000071f6f9658) 
thrown [s\src\hotspot\share\classfile\systemDictionary.cpp, line 256]
Event: 13.725 Thread 0x00000169646f8530 Exception <a 'java/io/FileNotFoundException'{0x000000071f785bc0}> (0x000000071f785bc0) 
thrown [s\src\hotspot\share\prims\jni.cpp, line 516]
Event: 13.725 Thread 0x00000169646f8530 Exception <a 'java/io/FileNotFoundException'{0x000000071f787678}> (0x000000071f787678) 
thrown [s\src\hotspot\share\prims\jni.cpp, line 516]
Event: 13.779 Thread 0x00000169646f8530 Exception <a 'java/lang/NoSuchMethodError'{0x0000000719c61e98}: 'int java.lang.invoke.DirectMethodHandle$Holder.invokeStatic(java.lang.Object, java.lang.Object, java.lang.Object, java.lang.Object, java.lang.Object)'> (0x0000000719c61e98) 
thrown [s\src\hotspot\share\interpreter\linkResolver.cpp, line 759]
Event: 14.097 Thread 0x00000169646f8a00 Exception <a 'java/lang/NoSuchMethodError'{0x0000000718a7f0d8}: 'java.lang.Object java.lang.invoke.DirectMethodHandle$Holder.invokeStaticInit(java.lang.Object, java.lang.Object, int)'> (0x0000000718a7f0d8) 
thrown [s\src\hotspot\share\interpreter\linkResolver.cpp, line 759]
Event: 14.112 Thread 0x00000169646f8a00 Exception <a 'sun/nio/fs/WindowsException'{0x000000071882c278}> (0x000000071882c278) 
thrown [s\src\hotspot\share\prims\jni.cpp, line 516]
Event: 14.340 Thread 0x00000169646fabb0 Exception <a 'java/lang/NoSuchMethodError'{0x000000071768e1e0}: 'java.lang.Object java.lang.invoke.DirectMethodHandle$Holder.invokeVirtual(java.lang.Object, java.lang.Object, int)'> (0x000000071768e1e0) 
thrown [s\src\hotspot\share\interpreter\linkResolver.cpp, line 759]
Event: 14.365 Thread 0x00000169646fabb0 Exception <a 'java/lang/NoSuchMethodError'{0x00000007177f5618}: 'java.lang.Object java.lang.invoke.DirectMethodHandle$Holder.invokeVirtual(java.lang.Object, java.lang.Object, java.lang.Object, double)'> (0x00000007177f5618) 
thrown [s\src\hotspot\share\interpreter\linkResolver.cpp, line 759]
Event: 14.366 Thread 0x00000169646fabb0 Exception <a 'java/lang/NoSuchMethodError'{0x0000000717405cb0}: 'java.lang.Object java.lang.invoke.DirectMethodHandle$Holder.invokeVirtual(java.lang.Object, java.lang.Object, java.lang.Object, int)'> (0x0000000717405cb0) 
thrown [s\src\hotspot\share\interpreter\linkResolver.cpp, line 759]
Event: 14.366 Thread 0x00000169646fabb0 Exception <a 'java/lang/NoSuchMethodError'{0x000000071740df28}: 'int java.lang.invoke.DirectMethodHandle$Holder.invokeVirtual(java.lang.Object, java.lang.Object, java.lang.Object, int)'> (0x000000071740df28) 
thrown [s\src\hotspot\share\interpreter\linkResolver.cpp, line 759]
Event: 14.367 Thread 0x00000169646fabb0 Exception <a 'java/lang/NoSuchMethodError'{0x000000071741e748}: 'java.lang.Object java.lang.invoke.DirectMethodHandle$Holder.invokeStaticInit(java.lang.Object, java.lang.Object, java.lang.Object, java.lang.Object, java.lang.Object)'> (0x000000071741e748) 
thrown [s\src\hotspot\share\interpreter\linkResolver.cpp, line 759]
Event: 14.367 Thread 0x00000169646fabb0 Exception <a 'java/lang/NoSuchMethodError'{0x0000000717427038}: 'void java.lang.invoke.DirectMethodHandle$Holder.invokeStaticInit(java.lang.Object, java.lang.Object, java.lang.Object, java.lang.Object)'> (0x0000000717427038) 
thrown [s\src\hotspot\share\interpreter\linkResolver.cpp, line 759]
Event: 14.371 Thread 0x00000169646fabb0 Exception <a 'java/lang/NoSuchMethodError'{0x0000000717470b40}: 'int java.lang.invoke.DirectMethodHandle$Holder.invokeVirtual(java.lang.Object, java.lang.Object, java.lang.Object, java.lang.Object)'> (0x0000000717470b40) 
thrown [s\src\hotspot\share\interpreter\linkResolver.cpp, line 759]
Event: 14.373 Thread 0x00000169646fabb0 Exception <a 'java/lang/NoSuchMethodError'{0x000000071749a860}: 'void java.lang.invoke.DirectMethodHandle$Holder.invokeInterface(java.lang.Object, java.lang.Object)'> (0x000000071749a860) 
thrown [s\src\hotspot\share\interpreter\linkResolver.cpp, line 759]
Event: 14.405 Thread 0x00000169646fabb0 Exception <a 'java/lang/IncompatibleClassChangeError'{0x00000007172b65f8}: Found class java.lang.Object, but interface was expected> (0x00000007172b65f8) 
thrown [s\src\hotspot\share\interpreter\linkResolver.cpp, line 826]
Event: 14.405 Thread 0x00000169646fabb0 Exception <a 'java/lang/IncompatibleClassChangeError'{0x00000007172b9860}: Found class java.lang.Object, but interface was expected> (0x00000007172b9860) 
thrown [s\src\hotspot\share\interpreter\linkResolver.cpp, line 826]
Event: 14.428 Thread 0x00000169646fabb0 Exception <a 'java/lang/NoSuchMethodError'{0x0000000717039f30}: 'void java.lang.invoke.DirectMethodHandle$Holder.invokeSpecial(java.lang.Object, java.lang.Object, int, java.lang.Object)'> (0x0000000717039f30) 
thrown [s\src\hotspot\share\interpreter\linkResolver.cpp, line 759]
Event: 14.470 Thread 0x00000169646fabb0 Exception <a 'java/lang/IncompatibleClassChangeError'{0x0000000716f92238}: Found class java.lang.Object, but interface was expected> (0x0000000716f92238) 
thrown [s\src\hotspot\share\interpreter\linkResolver.cpp, line 826]
Event: 14.682 Thread 0x00000169646fabb0 Exception <a 'java/lang/NoSuchMethodError'{0x0000000713aee7c0}: 'int java.lang.invoke.DirectMethodHandle$Holder.invokeStatic(java.lang.Object, int, java.lang.Object)'> (0x0000000713aee7c0) 
thrown [s\src\hotspot\share\interpreter\linkResolver.cpp, line 759]
Event: 14.744 Thread 0x00000169646f8a00 Exception <a 'java/lang/NoSuchMethodError'{0x00000007130132d8}: 'void java.lang.invoke.DirectMethodHandle$Holder.invokeStatic(java.lang.Object, java.lang.Object, java.lang.Object, java.lang.Object, java.lang.Object, java.lang.Object, java.lang.Object)'> (0x00000007130132d8) 
thrown [s\src\hotspot\share\interpreter\linkResolver.cpp, line 759]

VM Operations (20 events):
Event: 19.299 Executing VM operation: Cleanup
Event: 19.299 Executing VM operation: Cleanup done
Event: 20.310 Executing VM operation: Cleanup
Event: 20.310 Executing VM operation: Cleanup done
Event: 70.805 Executing VM operation: Cleanup
Event: 70.805 Executing VM operation: Cleanup done
Event: 74.845 Executing VM operation: Cleanup
Event: 74.845 Executing VM operation: Cleanup done
Event: 75.849 Executing VM operation: Cleanup
Event: 75.849 Executing VM operation: Cleanup done
Event: 98.078 Executing VM operation: Cleanup
Event: 98.078 Executing VM operation: Cleanup done
Event: 120.293 Executing VM operation: Cleanup
Event: 120.293 Executing VM operation: Cleanup done
Event: 121.039 Executing VM operation: HandshakeAllThreads
Event: 121.039 Executing VM operation: HandshakeAllThreads done
Event: 121.186 Executing VM operation: G1CollectForAllocation
Event: 121.193 Executing VM operation: G1CollectForAllocation done
Event: 121.214 Executing VM operation: G1CollectForAllocation
Event: 121.220 Executing VM operation: G1CollectForAllocation done

Events (20 events):
Event: 121.088 loading class java/awt/dnd/peer/DragSourceContextPeer done
Event: 121.089 loading class sun/awt/dnd/SunDragSourceContextPeer done
Event: 121.089 loading class java/awt/EventQueue$4
Event: 121.089 loading class java/awt/EventQueue$4 done
Event: 121.089 loading class java/awt/MenuComponent
Event: 121.089 loading class java/awt/MenuComponent done
Event: 121.089 loading class java/awt/TrayIcon
Event: 121.089 loading class java/awt/TrayIcon done
Event: 121.089 loading class java/awt/event/InputEvent
Event: 121.090 loading class java/awt/event/ComponentEvent
Event: 121.090 loading class java/awt/event/ComponentEvent done
Event: 121.090 loading class java/awt/event/InputEvent done
Event: 121.090 loading class java/awt/event/InputMethodEvent
Event: 121.090 loading class java/awt/event/InputMethodEvent done
Event: 121.090 loading class java/awt/event/ActionEvent
Event: 121.090 loading class java/awt/event/ActionEvent done
Event: 121.130 loading class sun/misc/Unsafe
Event: 121.130 loading class sun/misc/Unsafe done
Event: 121.157 Thread 0x00000169660821d0 Thread added: 0x00000169660821d0
Event: 121.158 Thread 0x0000016966083b20 Thread added: 0x0000016966083b20


Dynamic libraries:
0x00007ff6dd520000 - 0x00007ff6dd52e000 	C:\Users\doubl\.p2\pool\plugins\org.eclipse.justj.openjdk.hotspot.jre.full.win32.x86_64_17.0.7.v20230425-1502\jre\bin\javaw.exe
0x00007ffacb590000 - 0x00007ffacb7a7000 	C:\windows\SYSTEM32\ntdll.dll
0x00007ffacacf0000 - 0x00007ffacadb4000 	C:\windows\System32\KERNEL32.DLL
0x00007ffac8a40000 - 0x00007ffac8df7000 	C:\windows\System32\KERNELBASE.dll
0x00007ffac9050000 - 0x00007ffac9161000 	C:\windows\System32\ucrtbase.dll
0x00007ffabfe40000 - 0x00007ffabfe59000 	C:\Users\doubl\.p2\pool\plugins\org.eclipse.justj.openjdk.hotspot.jre.full.win32.x86_64_17.0.7.v20230425-1502\jre\bin\VCRUNTIME140.dll
0x00007ffac24b0000 - 0x00007ffac24c7000 	C:\Users\doubl\.p2\pool\plugins\org.eclipse.justj.openjdk.hotspot.jre.full.win32.x86_64_17.0.7.v20230425-1502\jre\bin\jli.dll
0x00007ffacaa40000 - 0x00007ffacabef000 	C:\windows\System32\USER32.dll
0x00007ffac9170000 - 0x00007ffac9196000 	C:\windows\System32\win32u.dll
0x00007ffabebf0000 - 0x00007ffabee83000 	C:\windows\WinSxS\amd64_microsoft.windows.common-controls_6595b64144ccf1df_6.0.22621.3672_none_2713b9d173822955\COMCTL32.dll
0x00007ffac9d50000 - 0x00007ffac9d79000 	C:\windows\System32\GDI32.dll
0x00007ffaca530000 - 0x00007ffaca5d7000 	C:\windows\System32\msvcrt.dll
0x00007ffac8e00000 - 0x00007ffac8f18000 	C:\windows\System32\gdi32full.dll
0x00007ffac91a0000 - 0x00007ffac923a000 	C:\windows\System32\msvcp_win.dll
0x00007ffacb310000 - 0x00007ffacb341000 	C:\windows\System32\IMM32.DLL
0x00007ffabfe30000 - 0x00007ffabfe3c000 	C:\Users\doubl\.p2\pool\plugins\org.eclipse.justj.openjdk.hotspot.jre.full.win32.x86_64_17.0.7.v20230425-1502\jre\bin\vcruntime140_1.dll
0x00007ffab9400000 - 0x00007ffab9491000 	C:\Users\doubl\.p2\pool\plugins\org.eclipse.justj.openjdk.hotspot.jre.full.win32.x86_64_17.0.7.v20230425-1502\jre\bin\msvcp140.dll
0x00007ffa42180000 - 0x00007ffa42dc8000 	C:\Users\doubl\.p2\pool\plugins\org.eclipse.justj.openjdk.hotspot.jre.full.win32.x86_64_17.0.7.v20230425-1502\jre\bin\server\jvm.dll
0x00007ffac9f60000 - 0x00007ffaca012000 	C:\windows\System32\ADVAPI32.dll
0x00007ffaca770000 - 0x00007ffaca818000 	C:\windows\System32\sechost.dll
0x00007ffac8a10000 - 0x00007ffac8a38000 	C:\windows\System32\bcrypt.dll
0x00007ffaca8a0000 - 0x00007ffaca9b4000 	C:\windows\System32\RPCRT4.dll
0x00007ffaba750000 - 0x00007ffaba759000 	C:\windows\SYSTEM32\WSOCK32.dll
0x00007ffac25b0000 - 0x00007ffac25e4000 	C:\windows\SYSTEM32\WINMM.dll
0x00007ffaca6e0000 - 0x00007ffaca751000 	C:\windows\System32\WS2_32.dll
0x00007ffabeb90000 - 0x00007ffabeb9a000 	C:\windows\SYSTEM32\VERSION.dll
0x00007ffac78c0000 - 0x00007ffac78d8000 	C:\windows\SYSTEM32\kernel.appcore.dll
0x00007ffaba740000 - 0x00007ffaba74a000 	C:\Users\doubl\.p2\pool\plugins\org.eclipse.justj.openjdk.hotspot.jre.full.win32.x86_64_17.0.7.v20230425-1502\jre\bin\jimage.dll
0x00007ffac63d0000 - 0x00007ffac6602000 	C:\windows\SYSTEM32\DBGHELP.DLL
0x00007ffacaf80000 - 0x00007ffacb30e000 	C:\windows\System32\combase.dll
0x00007ffac9dd0000 - 0x00007ffac9ea7000 	C:\windows\System32\OLEAUT32.dll
0x00007ffabb9b0000 - 0x00007ffabb9e2000 	C:\windows\SYSTEM32\dbgcore.DLL
0x00007ffac9240000 - 0x00007ffac92bb000 	C:\windows\System32\bcryptPrimitives.dll
0x00007ffa90780000 - 0x00007ffa907a5000 	C:\Users\doubl\.p2\pool\plugins\org.eclipse.justj.openjdk.hotspot.jre.full.win32.x86_64_17.0.7.v20230425-1502\jre\bin\java.dll
0x00007ffab9520000 - 0x00007ffab9538000 	C:\Users\doubl\.p2\pool\plugins\org.eclipse.justj.openjdk.hotspot.jre.full.win32.x86_64_17.0.7.v20230425-1502\jre\bin\zip.dll
0x00007ffac94e0000 - 0x00007ffac9d49000 	C:\windows\System32\SHELL32.dll
0x00007ffac67c0000 - 0x00007ffac70bf000 	C:\windows\SYSTEM32\windows.storage.dll
0x00007ffac6680000 - 0x00007ffac67bf000 	C:\windows\SYSTEM32\wintypes.dll
0x00007ffaca5e0000 - 0x00007ffaca6d9000 	C:\windows\System32\SHCORE.dll
0x00007ffacadc0000 - 0x00007ffacae1e000 	C:\windows\System32\shlwapi.dll
0x00007ffac87d0000 - 0x00007ffac87f7000 	C:\windows\SYSTEM32\profapi.dll
0x00007ffa96cf0000 - 0x00007ffa96d09000 	C:\Users\doubl\.p2\pool\plugins\org.eclipse.justj.openjdk.hotspot.jre.full.win32.x86_64_17.0.7.v20230425-1502\jre\bin\net.dll
0x00007ffac44b0000 - 0x00007ffac45e6000 	C:\windows\SYSTEM32\WINHTTP.dll
0x00007ffac7db0000 - 0x00007ffac7e19000 	C:\windows\system32\mswsock.dll
0x00007ffa8e900000 - 0x00007ffa8e915000 	C:\Users\doubl\.p2\pool\plugins\org.eclipse.justj.openjdk.hotspot.jre.full.win32.x86_64_17.0.7.v20230425-1502\jre\bin\nio.dll
0x00007ffabfdd0000 - 0x00007ffabfdd9000 	C:\Users\doubl\.p2\pool\plugins\org.eclipse.justj.openjdk.hotspot.jre.full.win32.x86_64_17.0.7.v20230425-1502\jre\bin\management.dll
0x00007ffabfdc0000 - 0x00007ffabfdcb000 	C:\Users\doubl\.p2\pool\plugins\org.eclipse.justj.openjdk.hotspot.jre.full.win32.x86_64_17.0.7.v20230425-1502\jre\bin\management_ext.dll
0x00007ffacaa30000 - 0x00007ffacaa38000 	C:\windows\System32\PSAPI.DLL
0x00007ffac24d0000 - 0x00007ffac24de000 	C:\Users\doubl\.p2\pool\plugins\org.eclipse.justj.openjdk.hotspot.jre.full.win32.x86_64_17.0.7.v20230425-1502\jre\bin\sunmscapi.dll
0x00007ffac88a0000 - 0x00007ffac8a06000 	C:\windows\System32\CRYPT32.dll
0x00007ffac8260000 - 0x00007ffac828d000 	C:\windows\SYSTEM32\ncrypt.dll
0x00007ffac8220000 - 0x00007ffac8257000 	C:\windows\SYSTEM32\NTASN1.dll
0x00007ffac8020000 - 0x00007ffac803b000 	C:\windows\SYSTEM32\CRYPTSP.dll
0x00007ffac7820000 - 0x00007ffac7855000 	C:\windows\system32\rsaenh.dll
0x00007ffac7ea0000 - 0x00007ffac7ec8000 	C:\windows\SYSTEM32\USERENV.dll
0x00007ffac8040000 - 0x00007ffac804c000 	C:\windows\SYSTEM32\CRYPTBASE.dll
0x00007ffac7350000 - 0x00007ffac737d000 	C:\windows\SYSTEM32\IPHLPAPI.DLL
0x00007ffacaa20000 - 0x00007ffacaa29000 	C:\windows\System32\NSI.dll
0x00007ffac3040000 - 0x00007ffac3059000 	C:\windows\SYSTEM32\dhcpcsvc6.DLL
0x00007ffac2e50000 - 0x00007ffac2e6f000 	C:\windows\SYSTEM32\dhcpcsvc.DLL
0x00007ffac7380000 - 0x00007ffac7482000 	C:\windows\SYSTEM32\DNSAPI.dll
0x00007ffaab0c0000 - 0x00007ffaab0d0000 	C:\Users\doubl\.p2\pool\plugins\org.eclipse.justj.openjdk.hotspot.jre.full.win32.x86_64_17.0.7.v20230425-1502\jre\bin\verify.dll
0x00007ffab9830000 - 0x00007ffab9875000 	C:\Users\doubl\AppData\Local\Temp\jna-95774484\jna5066545943994654148.dll
0x00007ffac92d0000 - 0x00007ffac9475000 	C:\windows\System32\Ole32.dll
0x00007ffac9eb0000 - 0x00007ffac9f60000 	C:\windows\System32\clbcatq.dll
0x00007ffab6960000 - 0x00007ffab697d000 	C:\windows\SYSTEM32\amsi.dll
0x00007ffab68d0000 - 0x00007ffab6951000 	C:\ProgramData\Microsoft\Windows Defender\Platform\4.18.24080.9-0\MpOav.dll
0x00007ffa9a810000 - 0x00007ffa9a818000 	C:\windows\system32\wshunix.dll
0x00007ffac2a00000 - 0x00007ffac2a0a000 	C:\Windows\System32\rasadhlp.dll
0x00007ffac2a10000 - 0x00007ffac2a93000 	C:\windows\System32\fwpuclnt.dll
0x00007ffa9edb0000 - 0x00007ffa9ef3e000 	C:\Users\doubl\.p2\pool\plugins\org.eclipse.justj.openjdk.hotspot.jre.full.win32.x86_64_17.0.7.v20230425-1502\jre\bin\awt.dll
0x00007ffac1f70000 - 0x00007ffac2007000 	C:\windows\SYSTEM32\apphelp.dll
0x00007ffa3b620000 - 0x00007ffa3c69b000 	C:\Users\doubl\Desktop\Breathe\BREATHE\breathe.web\PulseJNI.dll
0x00007ffac5a00000 - 0x00007ffac5ab1000 	C:\windows\system32\uxtheme.dll
0x00007ffacae20000 - 0x00007ffacaf80000 	C:\windows\System32\MSCTF.dll

dbghelp: loaded successfully - version: 4.0.5 - missing functions: none
symbol engine: initialized successfully - sym options: 0x614 - pdb path: .;C:\Users\doubl\.p2\pool\plugins\org.eclipse.justj.openjdk.hotspot.jre.full.win32.x86_64_17.0.7.v20230425-1502\jre\bin;C:\windows\SYSTEM32;C:\windows\WinSxS\amd64_microsoft.windows.common-controls_6595b64144ccf1df_6.0.22621.3672_none_2713b9d173822955;C:\Users\doubl\.p2\pool\plugins\org.eclipse.justj.openjdk.hotspot.jre.full.win32.x86_64_17.0.7.v20230425-1502\jre\bin\server;C:\Users\doubl\AppData\Local\Temp\jna-95774484;C:\ProgramData\Microsoft\Windows Defender\Platform\4.18.24080.9-0;C:\Users\doubl\Desktop\Breathe\BREATHE\breathe.web

VM Arguments:
jvm_args: -Dfile.encoding=UTF-8 -XX:+ShowCodeDetailsInExceptionMessages 
java_command: app.Main
java_class_path (initial): C:\Users\doubl\Desktop\Breathe\BREATHE\breathe.web\target\classes;C:\Users\doubl\.m2\repository\com\vaadin\vaadin\24.4.13\vaadin-24.4.13.jar;C:\Users\doubl\.m2\repository\com\vaadin\vaadin-internal\24.4.13\vaadin-internal-24.4.13.jar;C:\Users\doubl\.m2\repository\com\vaadin\vaadin-core-internal\24.4.13\vaadin-core-internal-24.4.13.jar;C:\Users\doubl\.m2\repository\com\vaadin\flow-lit-template\24.4.9\flow-lit-template-24.4.9.jar;C:\Users\doubl\.m2\repository\com\vaadin\flow-react\24.4.9\flow-react-24.4.9.jar;C:\Users\doubl\.m2\repository\com\vaadin\flow-html-components\24.4.9\flow-html-components-24.4.9.jar;C:\Users\doubl\.m2\repository\com\vaadin\flow-data\24.4.9\flow-data-24.4.9.jar;C:\Users\doubl\.m2\repository\com\vaadin\flow-dnd\24.4.9\flow-dnd-24.4.9.jar;C:\Users\doubl\.m2\repository\com\vaadin\vaadin-lumo-theme\24.4.13\vaadin-lumo-theme-24.4.13.jar;C:\Users\doubl\.m2\repository\com\vaadin\vaadin-material-theme\24.4.13\vaadin-material-theme-24.4.13.jar;C:\Users\doubl\.m2\repository\com\vaadin\vaadin-accordion-flow\24.4.13\vaadin-accordion-flow-24.4.13.jar;C:\Users\doubl\.m2\repository\com\vaadin\vaadin-avatar-flow\24.4.13\vaadin-avatar-flow-24.4.13.jar;C:\Users\doubl\.m2\repository\com\vaadin\vaadin-button-flow\24.4.13\vaadin-button-flow-24.4.13.jar;C:\Users\doubl\.m2\repository\com\vaadin\vaadin-checkbox-flow\24.4.13\vaadin-checkbox-flow-24.4.13.jar;C:\Users\doubl\.m2\repository\com\vaadin\vaadin-combo-box-flow\24.4.13\vaadin-combo-box-flow-24.4.13.jar;C:\Users\doubl\.m2\repository\com\vaadin\vaadin-confirm-dialog-flow\24.4.13\vaadin-confirm-dialog-flow-24.4.13.jar;C:\Users\doubl\.m2\repository\com\vaadin\vaadin-custom-field-flow\24.4.13\vaadin-custom-field-flow-24.4.13.jar;C:\Users\doubl\.m2\repository\com\vaadin\vaadin-date-picker-flow\24.4.13\vaadin-date-picker-flow-24.4.13.jar;C:\Users\doubl\.m2\repository\com\vaadin\vaadin-date-time-picker-flow\24.4.13\vaadin-date-time-picker-flow-24.4.13.jar;C:\Users\doubl\.m2\repository\com\
Launcher Type: SUN_STANDARD

[Global flags]
     intx CICompilerCount                          = 12                                        {product} {ergonomic}
     uint ConcGCThreads                            = 3                                         {product} {ergonomic}
     uint G1ConcRefinementThreads                  = 13                                        {product} {ergonomic}
   size_t G1HeapRegionSize                         = 2097152                                   {product} {ergonomic}
    uintx GCDrainStackTargetSize                   = 64                                        {product} {ergonomic}
   size_t InitialHeapSize                          = 257949696                                 {product} {ergonomic}
   size_t MarkStackSize                            = 4194304                                   {product} {ergonomic}
   size_t MaxHeapSize                              = 4120903680                                {product} {ergonomic}
   size_t MaxNewSize                               = 2472542208                                {product} {ergonomic}
   size_t MinHeapDeltaBytes                        = 2097152                                   {product} {ergonomic}
   size_t MinHeapSize                              = 8388608                                   {product} {ergonomic}
    uintx NonNMethodCodeHeapSize                   = 7602480                                {pd product} {ergonomic}
    uintx NonProfiledCodeHeapSize                  = 122027880                              {pd product} {ergonomic}
    uintx ProfiledCodeHeapSize                     = 122027880                              {pd product} {ergonomic}
    uintx ReservedCodeCacheSize                    = 251658240                              {pd product} {ergonomic}
     bool SegmentedCodeCache                       = true                                      {product} {ergonomic}
     bool ShowCodeDetailsInExceptionMessages       = true                                   {manageable} {command line}
   size_t SoftMaxHeapSize                          = 4120903680                             {manageable} {ergonomic}
     bool UseCompressedClassPointers               = true                           {product lp64_product} {ergonomic}
     bool UseCompressedOops                        = true                           {product lp64_product} {ergonomic}
     bool UseG1GC                                  = true                                      {product} {ergonomic}
     bool UseLargePagesIndividualAllocation        = false                                  {pd product} {ergonomic}

Logging:
Log output configuration:
 #0: stdout all=warning uptime,level,tags
 #1: stderr all=off uptime,level,tags

Environment Variables:
JAVA_HOME=C:\Program Files\Amazon Corretto\jdk1.8.0_422
PATH=C:/Users/doubl/.p2/pool/plugins/org.eclipse.justj.openjdk.hotspot.jre.full.win32.x86_64_17.0.7.v20230425-1502/jre/bin/server;C:/Users/doubl/.p2/pool/plugins/org.eclipse.justj.openjdk.hotspot.jre.full.win32.x86_64_17.0.7.v20230425-1502/jre/bin;C:\Program Files (x86)\Java\jre1.8.0_421\bin;C:\Program Files\Amazon Corretto\jdk1.8.0_422\bin;C:\Program Files\Common Files\Oracle\Java\javapath;C:\Program Files (x86)\Common Files\Oracle\Java\java8path;C:\Program Files (x86)\Common Files\Oracle\Java\javapath;C:\windows\system32;C:\windows;C:\windows\System32\Wbem;C:\windows\System32\WindowsPowerShell\v1.0\;C:\windows\System32\OpenSSH\;C:\Program Files\Microsoft VS Code\bin;C:\Program Files\Git\cmd;C:\Program Files\nodejs\;C:\ProgramData\chocolatey\bin;C:\Program Files\PuTTY\;C:\Users\doubl\Desktop\Uni\IR\apache-ant-1.9.16-bin\apache-ant-1.9.16\bin;C:\Users\doubl\Desktop\Uni\IR\gradle-7.6.3-bin\gradle-7.6.3\bin;C:\MinGW\bin;C:\Program Files\TortoiseSVN\bin;C:\Program Files\Git\usr\bin;C:\Users\doubl\Desktop\Uni\IR\icu4c-74_1-Win64-MSVC2022\bin64;C:\Program Files\Amazon Corretto\jdk1.8.0_422\bin;C:\Program Files\Java\jre-1.8\bin;C:\Users\doubl\AppData\Local\Programs\Python\Python38\Scripts;C:\Program Files\dotnet\;C:\Users\doubl\AppData\Local\Programs\Python\Python38\Scripts\;C:\Users\doubl\AppData\Local\Programs\Python\Python38\;C:\Users\doubl\AppData\Local\Microsoft\WindowsApps;C:\Users\doubl\AppData\Roaming\npm;C:\Users\doubl\AppData\Local\GitHubDesktop\bin;C:\Program Files\JetBrains\PyCharm 2023.2.5\bin;;C:\Users\doubl\.dotnet\tools;C:\Users\doubl\Desktop;
USERNAME=doubl
OS=Windows_NT
PROCESSOR_IDENTIFIER=AMD64 Family 25 Model 80 Stepping 0, AuthenticAMD
TMP=C:\Users\doubl\AppData\Local\Temp
TEMP=C:\Users\doubl\AppData\Local\Temp



---------------  S Y S T E M  ---------------

OS:
 Windows 11 , 64 bit Build 22621 (10.0.22621.3958)
OS uptime: 5 days 1:47 hours
Hyper-V role detected

CPU: total 16 (initial active 16) (16 cores per cpu, 2 threads per core) family 25 model 80 stepping 0 microcode 0x0, cx8, cmov, fxsr, ht, mmx, 3dnowpref, sse, sse2, sse3, ssse3, sse4a, sse4.1, sse4.2, popcnt, lzcnt, tsc, tscinvbit, avx, avx2, aes, erms, clmul, bmi1, bmi2, adx, sha, fma, vzeroupper, clflush, clflushopt, hv

Memory: 4k page, system-wide physical 15712M (7407M free)
TotalPageFile size 16736M (AvailPageFile size 5005M)
current process WorkingSet (physical memory assigned to process): 473M, peak: 628M
current process commit charge ("private bytes"): 519M, peak: 733M

vm_info: OpenJDK 64-Bit Server VM (17.0.7+7) for windows-amd64 JRE (17.0.7+7), built on Apr 18 2023 22:10:42 by "temurin" with MS VC++ 16.7 (VS2019)

END.
