#
# A fatal error has been detected by the Java Runtime Environment:
#
#  EXCEPTION_ACCESS_VIOLATION (0xc0000005) at pc=0x00007ffa52057fd0, pid=22164, tid=7480
#
# JRE version: OpenJDK Runtime Environment Temurin-17.0.7+7 (17.0.7+7) (build 17.0.7+7)
# Java VM: OpenJDK 64-Bit Server VM Temurin-17.0.7+7 (17.0.7+7, mixed mode, tiered, compressed oops, compressed class ptrs, g1 gc, windows-amd64)
# Problematic frame:
# C  [PulseJNI.dll+0x297fd0]
#
# No core dump will be written. Minidumps are not enabled by default on client versions of Windows
#
# If you would like to submit a bug report, please visit:
#   https://github.com/adoptium/adoptium-support/issues
# The crash happened outside the Java Virtual Machine in native code.
# See problematic frame for where to report the bug.
#

---------------  S U M M A R Y ------------

Command Line: -Dfile.encoding=UTF-8 -XX:+ShowCodeDetailsInExceptionMessages app.Main

Host: AMD Ryzen 7 5825U with Radeon Graphics         , 16 cores, 15G,  Windows 11 , 64 bit Build 22621 (10.0.22621.3958)
Time: Sun Oct 20 17:51:59 2024 ora legale Europa occidentale elapsed time: 3079.472383 seconds (0d 0h 51m 19s)

---------------  T H R E A D  ---------------

Current thread (0x0000021446842a00):  JavaThread "SwingWorker-pool-2-thread-3" daemon [_thread_in_native, id=7480, stack(0x0000004ade100000,0x0000004ade200000)]

Stack: [0x0000004ade100000,0x0000004ade200000],  sp=0x0000004ade1fdc70,  free space=1015k
Native frames: (J=compiled Java code, j=interpreted, Vv=VM code, C=native code)
C  [PulseJNI.dll+0x297fd0]

Java frames: (J=compiled Java code, j=interpreted, Vv=VM code)
j  com.kitware.pulse.engine.PulseEngine.nativeInitializeEngine(JLjava/lang/String;Ljava/lang/String;I)Z+0
j  com.kitware.pulse.engine.PulseEngine.initializeEngine(Lcom/kitware/pulse/cdm/engine/SEPatientConfiguration;Lcom/kitware/pulse/cdm/engine/SEDataRequestManager;)Z+39
j  app.SimulationWorker.doInBackground()Ljava/lang/Void;+24
j  app.SimulationWorker.doInBackground()Ljava/lang/Object;+1
j  javax.swing.SwingWorker$1.call()Ljava/lang/Object;+14 java.desktop@17.0.7
J 26627 c2 java.util.concurrent.FutureTask.run()V java.base@17.0.7 (123 bytes) @ 0x000002142d92ffac [0x000002142d92fdc0+0x00000000000001ec]
j  javax.swing.SwingWorker.run()V+4 java.desktop@17.0.7
J 26771 c2 java.util.concurrent.ThreadPoolExecutor.runWorker(Ljava/util/concurrent/ThreadPoolExecutor$Worker;)V java.base@17.0.7 (187 bytes) @ 0x000002142da01fac [0x000002142da01ee0+0x00000000000000cc]
J 18026 c1 java.util.concurrent.ThreadPoolExecutor$Worker.run()V java.base@17.0.7 (9 bytes) @ 0x00000214267468c4 [0x0000021426746840+0x0000000000000084]
J 15520 c1 java.lang.Thread.run()V java.base@17.0.7 (17 bytes) @ 0x00000214262fbf84 [0x00000214262fbe40+0x0000000000000144]
v  ~StubRoutines::call_stub

siginfo: EXCEPTION_ACCESS_VIOLATION (0xc0000005), reading address 0x0000000000000000


Register to memory mapping:

RIP=0x00007ffa52057fd0 PulseJNI.dll
RAX=0x0 is NULL
RBX={method} {0x00000214586a14f8} 'nativeInitializeEngine' '(JLjava/lang/String;Ljava/lang/String;I)Z' in 'com/kitware/pulse/engine/PulseEngine'
RCX=0x000002144ad53e80 points into unknown readable memory: 0x00007ffa52920f60 | 60 0f 92 52 fa 7f 00 00
RDX=0x0 is NULL
RSP=0x0000004ade1fdc70 is pointing into the stack for thread: 0x0000021446842a00
RBP=0x0000004ade1fec88 is pointing into the stack for thread: 0x0000021446842a00
RSI=3821858216 is a compressed pointer to object: [B 
{0x000000071e676d40} - klass: {type array byte}
 - length: 753
RDI=3821857730 is a compressed pointer to object: [B 
{0x000000071e675e10} - klass: {type array byte}
 - length: 1150
R8 =0x00007ffa52d75100 PulseJNI.dll
R9 =0x0000000000000001 is an unknown value
R10=0x0000000000000003 is an unknown value
R11=0x0000004ade1fd910 is pointing into the stack for thread: 0x0000021446842a00
R12=0x0 is NULL
R13={method} {0x00000214586a14f8} 'nativeInitializeEngine' '(JLjava/lang/String;Ljava/lang/String;I)Z' in 'com/kitware/pulse/engine/PulseEngine'
R14=0x0000004ade1fecd0 is pointing into the stack for thread: 0x0000021446842a00
R15=0x0000021446842a00 is a thread


Registers:
RAX=0x0000000000000000, RBX=0x00000214586a14f0, RCX=0x000002144ad53e80, RDX=0x0000000000000000
RSP=0x0000004ade1fdc70, RBP=0x0000004ade1fec88, RSI=0x00000000e3cceda8, RDI=0x00000000e3ccebc2
R8 =0x00007ffa52d75100, R9 =0x0000000000000001, R10=0x0000000000000003, R11=0x0000004ade1fd910
R12=0x0000000000000000, R13=0x00000214586a14f0, R14=0x0000004ade1fecd0, R15=0x0000021446842a00
RIP=0x00007ffa52057fd0, EFLAGS=0x0000000000010246

Top of Stack: (sp=0x0000004ade1fdc70)
0x0000004ade1fdc70:   000002144ad53e80 0000000000000000
0x0000004ade1fdc80:   00007ffa51dedae0 000000000000000f
0x0000004ade1fdc90:   00007ffa520a8a70 00007ffa51de83a0
0x0000004ade1fdca0:   0000000000000000 000000000000000f
0x0000004ade1fdcb0:   6c616e7265746e00 000000006e696b53
0x0000004ade1fdcc0:   0000000000000000 000000000000000f
0x0000004ade1fdcd0:   0000021445060f00 0000000000000000
0x0000004ade1fdce0:   00007ffa51dec230 00007ffa51de55f0
0x0000004ade1fdcf0:   00007ffa51de55f0 00007ffa51de55f0
0x0000004ade1fdd00:   00007ffa51decbf0 00007ffa520a896b
0x0000004ade1fdd10:   000002144ad53e80 0000000000000000
0x0000004ade1fdd20:   0000000000000000 000000000000000f
0x0000004ade1fdd30:   6c616e7265747800 000000006e696b53
0x0000004ade1fdd40:   00007ffa520a8a70 000000000000000f
0x0000004ade1fdd50:   6c616e7265746e00 0000000065726f43
0x0000004ade1fdd60:   0000000000000000 00007ffa520a84ae 

Instructions: (pc=0x00007ffa52057fd0)
0x00007ffa52057ed0:   28 e8 6a b5 d7 ff 48 89 44 24 20 48 8b 4c 24 28
0x00007ffa52057ee0:   e8 7b b5 d7 ff 48 89 44 24 30 eb 0e 48 8b 44 24
0x00007ffa52057ef0:   20 48 83 c0 08 48 89 44 24 20 48 8b 44 24 30 48
0x00007ffa52057f00:   39 44 24 20 74 1f 48 8b 44 24 20 48 8b 00 48 89
0x00007ffa52057f10:   44 24 38 48 8b 44 24 58 48 39 44 24 38 75 04 b0
0x00007ffa52057f20:   01 eb 04 eb c7 32 c0 48 83 c4 48 c3 cc cc cc cc
0x00007ffa52057f30:   cc cc cc cc cc cc cc cc cc cc cc cc cc cc cc cc
0x00007ffa52057f40:   48 89 4c 24 08 48 8b 44 24 08 48 83 c0 48 c3 cc
0x00007ffa52057f50:   cc cc cc cc cc cc cc cc cc cc cc cc cc cc cc cc
0x00007ffa52057f60:   48 89 4c 24 08 48 8b 44 24 08 48 83 c0 60 c3 cc
0x00007ffa52057f70:   cc cc cc cc cc cc cc cc cc cc cc cc cc cc cc cc
0x00007ffa52057f80:   48 89 54 24 10 48 89 4c 24 08 48 81 ec 98 00 00
0x00007ffa52057f90:   00 48 8b 84 24 a0 00 00 00 48 8b 00 48 8b 80 d0
0x00007ffa52057fa0:   00 00 00 48 89 44 24 20 48 8b 94 24 a8 00 00 00
0x00007ffa52057fb0:   48 8b 8c 24 a0 00 00 00 ff 54 24 20 0f b6 c0 85
0x00007ffa52057fc0:   c0 74 05 e9 5c 01 00 00 48 8b 84 24 a8 00 00 00
0x00007ffa52057fd0:   48 8b 00 48 8b 8c 24 a8 00 00 00 ff 90 b0 00 00
0x00007ffa52057fe0:   00 83 f8 03 75 5e 48 8b 84 24 a0 00 00 00 48 83
0x00007ffa52057ff0:   c0 78 48 89 44 24 30 48 8b 84 24 a8 00 00 00 48
0x00007ffa52058000:   89 44 24 28 48 8d 54 24 28 48 8b 4c 24 30 e8 bd
0x00007ffa52058010:   8e da ff 90 48 8b 84 24 a0 00 00 00 48 05 90 00
0x00007ffa52058020:   00 00 48 89 44 24 40 48 8b 84 24 a8 00 00 00 48
0x00007ffa52058030:   89 44 24 38 48 8d 54 24 38 48 8b 4c 24 40 e8 8d
0x00007ffa52058040:   8e da ff 90 48 8b 84 24 a8 00 00 00 48 8b 00 48
0x00007ffa52058050:   8b 8c 24 a8 00 00 00 ff 90 b0 00 00 00 83 f8 02
0x00007ffa52058060:   75 60 48 8b 84 24 a0 00 00 00 48 05 a8 00 00 00
0x00007ffa52058070:   48 89 44 24 50 48 8b 84 24 a8 00 00 00 48 89 44
0x00007ffa52058080:   24 48 48 8d 54 24 48 48 8b 4c 24 50 e8 3f 8e da
0x00007ffa52058090:   ff 90 48 8b 84 24 a0 00 00 00 48 05 c0 00 00 00
0x00007ffa520580a0:   48 89 44 24 60 48 8b 84 24 a8 00 00 00 48 89 44
0x00007ffa520580b0:   24 58 48 8d 54 24 58 48 8b 4c 24 60 e8 0f 8e da
0x00007ffa520580c0:   ff 90 48 8b 84 24 a0 00 00 00 48 83 c0 48 48 89 


Stack slot to memory mapping:
stack at sp + 0 slots: 0x000002144ad53e80 points into unknown readable memory: 0x00007ffa52920f60 | 60 0f 92 52 fa 7f 00 00
stack at sp + 1 slots: 0x0 is NULL
stack at sp + 2 slots: 0x00007ffa51dedae0 PulseJNI.dll
stack at sp + 3 slots: 0x000000000000000f is an unknown value
stack at sp + 4 slots: 0x00007ffa520a8a70 PulseJNI.dll
stack at sp + 5 slots: 0x00007ffa51de83a0 PulseJNI.dll
stack at sp + 6 slots: 0x0 is NULL
stack at sp + 7 slots: 0x000000000000000f is an unknown value


---------------  P R O C E S S  ---------------

Threads class SMR info:
_java_thread_list=0x0000021449758eb0, length=75, elements={
0x000002143f95c390, 0x000002143f95d000, 0x0000021440188480, 0x0000021440189d50,
0x0000021440198f80, 0x00000214401a3d50, 0x00000214401a7f30, 0x00000214401a89d0,
0x00000214401bbb90, 0x000002144044e840, 0x0000021440401910, 0x000002144cb6f2b0,
0x000002144b125b00, 0x0000021447cf7b40, 0x00000214470568b0, 0x0000021446ac6850,
0x000002144b96c7c0, 0x000002144b966c50, 0x000002144b96d160, 0x00000214497fca50,
0x0000021450210720, 0x00000214502110c0, 0x00000214497fec00, 0x00000214497ffa70,
0x000002145b12aa60, 0x000002145b12d0e0, 0x000002144b1d5750, 0x000002144d0d0a20,
0x000002144f7a8900, 0x00000214484f4510, 0x000002144baf3a30, 0x0000021448589290,
0x00000214487f5560, 0x00000214487f63d0, 0x00000214452e1c00, 0x000002144f7a8dd0,
0x000002144f7a9c40, 0x000002144f7a92a0, 0x000002144f7a9770, 0x0000021449e7f6f0,
0x00000214483266e0, 0x0000021449e7da10, 0x0000021449e7dee0, 0x0000021449e80560,
0x0000021449e7f220, 0x0000021449e7fbc0, 0x0000021449e7e3b0, 0x0000021449e80a30,
0x0000021449e7d070, 0x0000021449e7d540, 0x0000021449e7e880, 0x0000021449e7ed50,
0x000002144eb6ed40, 0x000002144d0cf6e0, 0x000002145b12d5b0, 0x00000214450b8ee0,
0x000002144d0ce870, 0x000002144d0cfbb0, 0x000002144d0cd530, 0x00000214479a6a20,
0x00000214479a5210, 0x0000021448326210, 0x0000021448326bb0, 0x0000021448327550,
0x00000214452e20d0, 0x00000214452e25a0, 0x00000214452e3db0, 0x00000214479a56e0,
0x0000021448589760, 0x00000214479a6080, 0x000002144d0cda00, 0x000002144d0ce3a0,
0x0000021446842a00, 0x0000021448327080, 0x0000021448327a20
}

Java Threads: ( => current thread )
  0x000002143f95c390 JavaThread "Reference Handler" daemon [_thread_blocked, id=24764, stack(0x0000004adb800000,0x0000004adb900000)]
  0x000002143f95d000 JavaThread "Finalizer" daemon [_thread_blocked, id=30148, stack(0x0000004adb900000,0x0000004adba00000)]
  0x0000021440188480 JavaThread "Signal Dispatcher" daemon [_thread_blocked, id=25096, stack(0x0000004adba00000,0x0000004adbb00000)]
  0x0000021440189d50 JavaThread "Attach Listener" daemon [_thread_blocked, id=24120, stack(0x0000004adbb00000,0x0000004adbc00000)]
  0x0000021440198f80 JavaThread "Service Thread" daemon [_thread_blocked, id=1692, stack(0x0000004adbc00000,0x0000004adbd00000)]
  0x00000214401a3d50 JavaThread "Monitor Deflation Thread" daemon [_thread_blocked, id=5012, stack(0x0000004adbd00000,0x0000004adbe00000)]
  0x00000214401a7f30 JavaThread "C2 CompilerThread0" daemon [_thread_blocked, id=28700, stack(0x0000004adbe00000,0x0000004adbf00000)]
  0x00000214401a89d0 JavaThread "C1 CompilerThread0" daemon [_thread_blocked, id=25408, stack(0x0000004adbf00000,0x0000004adc000000)]
  0x00000214401bbb90 JavaThread "Sweeper thread" daemon [_thread_blocked, id=33040, stack(0x0000004adc000000,0x0000004adc100000)]
  0x000002144044e840 JavaThread "Notification Thread" daemon [_thread_blocked, id=29496, stack(0x0000004adc400000,0x0000004adc500000)]
  0x0000021440401910 JavaThread "Common-Cleaner" daemon [_thread_blocked, id=6840, stack(0x0000004adc600000,0x0000004adc700000)]
  0x000002144cb6f2b0 JavaThread "JNA Cleaner" daemon [_thread_blocked, id=9616, stack(0x0000004adc300000,0x0000004adc400000)]
  0x000002144b125b00 JavaThread "ForkJoinPool.commonPool-worker-1" daemon [_thread_blocked, id=11964, stack(0x0000004ade400000,0x0000004ade500000)]
  0x0000021447cf7b40 JavaThread "ForkJoinPool.commonPool-worker-2" daemon [_thread_blocked, id=1476, stack(0x0000004ade500000,0x0000004ade600000)]
  0x00000214470568b0 JavaThread "ForkJoinPool.commonPool-worker-3" daemon [_thread_blocked, id=19868, stack(0x0000004ade600000,0x0000004ade700000)]
  0x0000021446ac6850 JavaThread "ForkJoinPool.commonPool-worker-4" daemon [_thread_blocked, id=12700, stack(0x0000004adeb00000,0x0000004adec00000)]
  0x000002144b96c7c0 JavaThread "Live Reload Server" daemon [_thread_in_native, id=10172, stack(0x0000004adee00000,0x0000004adef00000)]
  0x000002144b966c50 JavaThread "Java2D Disposer" daemon [_thread_blocked, id=12320, stack(0x0000004adfd00000,0x0000004adfe00000)]
  0x000002144b96d160 JavaThread "Live Reload #1" daemon [_thread_in_native, id=19088, stack(0x0000004adfe00000,0x0000004adff00000)]
  0x00000214497fca50 JavaThread "DestroyJavaVM" [_thread_blocked, id=35028, stack(0x0000004adb100000,0x0000004adb200000)]
  0x0000021450210720 JavaThread "ForkJoinPool.commonPool-worker-5" daemon [_thread_blocked, id=21904, stack(0x0000004aded00000,0x0000004adee00000)]
  0x00000214502110c0 JavaThread "ForkJoinPool.commonPool-worker-6" daemon [_thread_blocked, id=4172, stack(0x0000004adb000000,0x0000004adb100000)]
  0x00000214497fec00 JavaThread "ForkJoinPool.commonPool-worker-7" daemon [_thread_blocked, id=26940, stack(0x0000004ae0d00000,0x0000004ae0e00000)]
  0x00000214497ffa70 JavaThread "ForkJoinPool.commonPool-worker-8" daemon [_thread_blocked, id=28240, stack(0x0000004ae1400000,0x0000004ae1500000)]
  0x000002145b12aa60 JavaThread "SwingWorker-pool-2-thread-1" daemon [_thread_blocked, id=16664, stack(0x0000004ae0c00000,0x0000004ae0d00000)]
  0x000002145b12d0e0 JavaThread "AWT-Windows" daemon [_thread_in_native, id=10268, stack(0x0000004ae0f00000,0x0000004ae1000000)]
  0x000002144b1d5750 JavaThread "TimerQueue" daemon [_thread_blocked, id=10960, stack(0x0000004ae1100000,0x0000004ae1200000)]
  0x000002144d0d0a20 JavaThread "SwingWorker-pool-2-thread-2" daemon [_thread_blocked, id=21184, stack(0x0000004adc100000,0x0000004adc200000)]
  0x000002144f7a8900 JavaThread "ForkJoinPool.commonPool-worker-23" daemon [_thread_blocked, id=21600, stack(0x0000004adc700000,0x0000004adc800000)]
  0x00000214484f4510 JavaThread "ForkJoinPool.commonPool-worker-29" daemon [_thread_blocked, id=22920, stack(0x0000004adae00000,0x0000004adaf00000)]
  0x000002144baf3a30 JavaThread "ForkJoinPool.commonPool-worker-31" daemon [_thread_blocked, id=24840, stack(0x0000004adcc00000,0x0000004adcd00000)]
  0x0000021448589290 JavaThread "ForkJoinPool.commonPool-worker-32" daemon [_thread_blocked, id=11852, stack(0x0000004adf700000,0x0000004adf800000)]
  0x00000214487f5560 JavaThread "ForkJoinPool.commonPool-worker-33" daemon [_thread_blocked, id=28340, stack(0x0000004adcd00000,0x0000004adce00000)]
  0x00000214487f63d0 JavaThread "ForkJoinPool.commonPool-worker-35" daemon [_thread_blocked, id=33184, stack(0x0000004adaf00000,0x0000004adb000000)]
  0x00000214452e1c00 JavaThread "ForkJoinPool.commonPool-worker-36" daemon [_thread_blocked, id=28300, stack(0x0000004adf800000,0x0000004adf900000)]
  0x000002144f7a8dd0 JavaThread "Catalina-utility-1" [_thread_blocked, id=28168, stack(0x0000004add600000,0x0000004add700000)]
  0x000002144f7a9c40 JavaThread "Catalina-utility-2" [_thread_blocked, id=25708, stack(0x0000004add700000,0x0000004add800000)]
  0x000002144f7a92a0 JavaThread "container-0" [_thread_blocked, id=17136, stack(0x0000004addc00000,0x0000004addd00000)]
  0x000002144f7a9770 JavaThread "File Watcher" daemon [_thread_blocked, id=27400, stack(0x0000004ade000000,0x0000004ade100000)]
  0x0000021449e7f6f0 JavaThread "Atmosphere-Shared-0" daemon [_thread_blocked, id=33884, stack(0x0000004ade200000,0x0000004ade300000)]
  0x00000214483266e0 JavaThread "Atmosphere-Scheduler-1" daemon [_thread_blocked, id=27716, stack(0x0000004ade300000,0x0000004ade400000)]
  0x0000021449e7da10 JavaThread "http-nio-8080-exec-1" daemon [_thread_blocked, id=18016, stack(0x0000004ade700000,0x0000004ade800000)]
  0x0000021449e7dee0 JavaThread "http-nio-8080-exec-2" daemon [_thread_blocked, id=16220, stack(0x0000004ade800000,0x0000004ade900000)]
  0x0000021449e80560 JavaThread "http-nio-8080-exec-3" daemon [_thread_blocked, id=16180, stack(0x0000004ade900000,0x0000004adea00000)]
  0x0000021449e7f220 JavaThread "http-nio-8080-exec-4" daemon [_thread_blocked, id=20588, stack(0x0000004adea00000,0x0000004adeb00000)]
  0x0000021449e7fbc0 JavaThread "http-nio-8080-exec-5" daemon [_thread_blocked, id=22544, stack(0x0000004adec00000,0x0000004aded00000)]
  0x0000021449e7e3b0 JavaThread "http-nio-8080-exec-6" daemon [_thread_blocked, id=4696, stack(0x0000004adef00000,0x0000004adf000000)]
  0x0000021449e80a30 JavaThread "http-nio-8080-exec-7" daemon [_thread_blocked, id=26844, stack(0x0000004adf000000,0x0000004adf100000)]
  0x0000021449e7d070 JavaThread "http-nio-8080-exec-8" daemon [_thread_blocked, id=35832, stack(0x0000004adf100000,0x0000004adf200000)]
  0x0000021449e7d540 JavaThread "http-nio-8080-exec-9" daemon [_thread_blocked, id=34284, stack(0x0000004adf200000,0x0000004adf300000)]
  0x0000021449e7e880 JavaThread "http-nio-8080-exec-10" daemon [_thread_blocked, id=27880, stack(0x0000004adf300000,0x0000004adf400000)]
  0x0000021449e7ed50 JavaThread "http-nio-8080-Poller" daemon [_thread_in_native, id=33716, stack(0x0000004adf400000,0x0000004adf500000)]
  0x000002144eb6ed40 JavaThread "http-nio-8080-Acceptor" daemon [_thread_in_native, id=29712, stack(0x0000004adf500000,0x0000004adf600000)]
  0x000002144d0cf6e0 JavaThread "FileSystemWatchService" daemon [_thread_in_native, id=13456, stack(0x0000004adf900000,0x0000004adfa00000)]
  0x000002145b12d5b0 JavaThread "HttpClient-426-SelectorManager" daemon [_thread_in_native, id=21496, stack(0x0000004ae0000000,0x0000004ae0100000)]
  0x00000214450b8ee0 JavaThread "HttpClient-427-SelectorManager" daemon [_thread_in_native, id=13092, stack(0x0000004ae0100000,0x0000004ae0200000)]
  0x000002144d0ce870 JavaThread "HttpClient-428-SelectorManager" daemon [_thread_in_native, id=31548, stack(0x0000004ae0200000,0x0000004ae0300000)]
  0x000002144d0cfbb0 JavaThread "HttpClient-429-SelectorManager" daemon [_thread_in_native, id=9584, stack(0x0000004ae0300000,0x0000004ae0400000)]
  0x000002144d0cd530 JavaThread "HttpClient-430-SelectorManager" daemon [_thread_in_native, id=32228, stack(0x0000004ae0400000,0x0000004ae0500000)]
  0x00000214479a6a20 JavaThread "HttpClient-426-Worker-0" daemon [_thread_blocked, id=29164, stack(0x0000004ae1000000,0x0000004ae1100000)]
  0x00000214479a5210 JavaThread "Atmosphere-Shared-2" daemon [_thread_blocked, id=9248, stack(0x0000004ae1500000,0x0000004ae1600000)]
  0x0000021448326210 JavaThread "HttpClient-431-SelectorManager" daemon [_thread_in_native, id=28460, stack(0x0000004ae1600000,0x0000004ae1700000)]
  0x0000021448326bb0 JavaThread "HttpClient-432-SelectorManager" daemon [_thread_in_native, id=1208, stack(0x0000004ae0900000,0x0000004ae0a00000)]
  0x0000021448327550 JavaThread "HttpClient-433-SelectorManager" daemon [_thread_in_native, id=30436, stack(0x0000004ae1700000,0x0000004ae1800000)]
  0x00000214452e20d0 JavaThread "HttpClient-434-SelectorManager" daemon [_thread_in_native, id=6468, stack(0x0000004ae1800000,0x0000004ae1900000)]
  0x00000214452e25a0 JavaThread "HttpClient-435-SelectorManager" daemon [_thread_in_native, id=21984, stack(0x0000004ae1900000,0x0000004ae1a00000)]
  0x00000214452e3db0 JavaThread "WebSocket background processing" daemon [_thread_blocked, id=31864, stack(0x0000004ae1b00000,0x0000004ae1c00000)]
  0x00000214479a56e0 JavaThread "Atmosphere-Shared-0" daemon [_thread_blocked, id=16764, stack(0x0000004ae1d00000,0x0000004ae1e00000)]
  0x0000021448589760 JavaThread "HttpClient-426-Worker-1" daemon [_thread_blocked, id=9104, stack(0x0000004ae1e00000,0x0000004ae1f00000)]
  0x00000214479a6080 JavaThread "Atmosphere-Shared-3" daemon [_thread_blocked, id=4832, stack(0x0000004ae1200000,0x0000004ae1300000)]
  0x000002144d0cda00 JavaThread "HttpClient-431-Worker-0" daemon [_thread_blocked, id=23728, stack(0x0000004ae1f00000,0x0000004ae2000000)]
  0x000002144d0ce3a0 JavaThread "HttpClient-431-Worker-1" daemon [_thread_blocked, id=33892, stack(0x0000004ae2000000,0x0000004ae2100000)]
=>0x0000021446842a00 JavaThread "SwingWorker-pool-2-thread-3" daemon [_thread_in_native, id=7480, stack(0x0000004ade100000,0x0000004ade200000)]
  0x0000021448327080 JavaThread "AWT-Shutdown" [_thread_blocked, id=3060, stack(0x0000004add000000,0x0000004add100000)]
  0x0000021448327a20 JavaThread "AWT-EventQueue-0" [_thread_blocked, id=5000, stack(0x0000004adf600000,0x0000004adf700000)]

Other Threads:
  0x000002143f958bf0 VMThread "VM Thread" [stack: 0x0000004adb700000,0x0000004adb800000] [id=13156]
  0x0000021440452d20 WatcherThread [stack: 0x0000004adc500000,0x0000004adc600000] [id=28936]
  0x000002142106fc40 GCTaskThread "GC Thread#0" [stack: 0x0000004adb200000,0x0000004adb300000] [id=30288]
  0x00000214455f7330 GCTaskThread "GC Thread#1" [stack: 0x0000004adc800000,0x0000004adc900000] [id=34160]
  0x00000214455f75e0 GCTaskThread "GC Thread#2" [stack: 0x0000004adc900000,0x0000004adca00000] [id=32064]
  0x00000214455f7890 GCTaskThread "GC Thread#3" [stack: 0x0000004adca00000,0x0000004adcb00000] [id=35792]
  0x00000214455f7b40 GCTaskThread "GC Thread#4" [stack: 0x0000004adcb00000,0x0000004adcc00000] [id=25796]
  0x0000021445a30020 GCTaskThread "GC Thread#5" [stack: 0x0000004adcf00000,0x0000004add000000] [id=31240]
  0x0000021445f96ec0 GCTaskThread "GC Thread#6" [stack: 0x0000004add100000,0x0000004add200000] [id=32200]
  0x0000021445fce2d0 GCTaskThread "GC Thread#7" [stack: 0x0000004add200000,0x0000004add300000] [id=34340]
  0x00000214465cf6b0 GCTaskThread "GC Thread#8" [stack: 0x0000004add300000,0x0000004add400000] [id=20368]
  0x0000021446f27840 GCTaskThread "GC Thread#9" [stack: 0x0000004add800000,0x0000004add900000] [id=26116]
  0x00000214459e3630 GCTaskThread "GC Thread#10" [stack: 0x0000004add900000,0x0000004adda00000] [id=18688]
  0x00000214459e20b0 GCTaskThread "GC Thread#11" [stack: 0x0000004adda00000,0x0000004addb00000] [id=25360]
  0x00000214459e28c0 GCTaskThread "GC Thread#12" [stack: 0x0000004addb00000,0x0000004addc00000] [id=21860]
  0x00000214210808b0 ConcurrentGCThread "G1 Main Marker" [stack: 0x0000004adb300000,0x0000004adb400000] [id=24852]
  0x00000214210812c0 ConcurrentGCThread "G1 Conc#0" [stack: 0x0000004adb400000,0x0000004adb500000] [id=20564]
  0x0000021446235f30 ConcurrentGCThread "G1 Conc#1" [stack: 0x0000004add400000,0x0000004add500000] [id=4640]
  0x00000214467f05c0 ConcurrentGCThread "G1 Conc#2" [stack: 0x0000004add500000,0x0000004add600000] [id=29032]
  0x000002143f832220 ConcurrentGCThread "G1 Refine#0" [stack: 0x0000004adb500000,0x0000004adb600000] [id=24016]
  0x000002144588a500 ConcurrentGCThread "G1 Refine#1" [stack: 0x0000004adde00000,0x0000004addf00000] [id=19500]
  0x0000021447e65100 ConcurrentGCThread "G1 Refine#2" [stack: 0x0000004addd00000,0x0000004adde00000] [id=17876]
  0x0000021447e64e20 ConcurrentGCThread "G1 Refine#3" [stack: 0x0000004addf00000,0x0000004ade000000] [id=2208]
  0x000002143f832b40 ConcurrentGCThread "G1 Service" [stack: 0x0000004adb600000,0x0000004adb700000] [id=15996]

Threads with active compile tasks:

VM state: not at safepoint (normal execution)

VM Mutex/Monitor currently owned by a thread: None

Heap address: 0x000000070a600000, size: 3930 MB, Compressed Oops mode: Zero based, Oop shift amount: 3

CDS archive(s) not mapped
Compressed class space mapped at: 0x0000000800000000-0x0000000840000000, reserved size: 1073741824
Narrow klass base: 0x0000000800000000, Narrow klass shift: 0, Narrow klass range: 0x40000000

GC Precious Log:
 CPUs: 16 total, 16 available
 Memory: 15712M
 Large Page Support: Disabled
 NUMA Support: Disabled
 Compressed Oops: Enabled (Zero based)
 Heap Region Size: 2M
 Heap Min Capacity: 8M
 Heap Initial Capacity: 246M
 Heap Max Capacity: 3930M
 Pre-touch: Disabled
 Parallel Workers: 13
 Concurrent Workers: 3
 Concurrent Refinement Workers: 13
 Periodic GC: Disabled

Heap:
 garbage-first heap   total 419840K, used 169631K [0x000000070a600000, 0x0000000800000000)
  region size 2048K, 49 young (100352K), 4 survivors (8192K)
 Metaspace       used 125202K, committed 127616K, reserved 1179648K
  class space    used 15809K, committed 17280K, reserved 1048576K

Heap Regions: E=young(eden), S=young(survivor), O=old, HS=humongous(starts), HC=humongous(continues), CS=collection set, F=free, OA=open archive, CA=closed archive, TAMS=top-at-mark-start (previous, next)
|   0|0x000000070a600000, 0x000000070a800000, 0x000000070a800000|100%| O|  |TAMS 0x000000070a800000, 0x000000070a800000| Untracked 
|   1|0x000000070a800000, 0x000000070aa00000, 0x000000070aa00000|100%| O|  |TAMS 0x000000070aa00000, 0x000000070aa00000| Untracked 
|   2|0x000000070aa00000, 0x000000070abfffe8, 0x000000070ac00000| 99%| O|  |TAMS 0x000000070abfffe8, 0x000000070abfffe8| Untracked 
|   3|0x000000070ac00000, 0x000000070adfffe0, 0x000000070ae00000| 99%| O|  |TAMS 0x000000070adfffe0, 0x000000070adfffe0| Untracked 
|   4|0x000000070ae00000, 0x000000070affff78, 0x000000070b000000| 99%| O|  |TAMS 0x000000070affff78, 0x000000070affff78| Untracked 
|   5|0x000000070b000000, 0x000000070b1fff88, 0x000000070b200000| 99%| O|  |TAMS 0x000000070b1fff88, 0x000000070b1fff88| Untracked 
|   6|0x000000070b200000, 0x000000070b400000, 0x000000070b400000|100%| O|  |TAMS 0x000000070b400000, 0x000000070b400000| Untracked 
|   7|0x000000070b400000, 0x000000070b5fffd0, 0x000000070b600000| 99%| O|  |TAMS 0x000000070b5fffd0, 0x000000070b5fffd0| Untracked 
|   8|0x000000070b600000, 0x000000070b800000, 0x000000070b800000|100%| O|  |TAMS 0x000000070b800000, 0x000000070b800000| Untracked 
|   9|0x000000070b800000, 0x000000070b9ffff8, 0x000000070ba00000| 99%| O|  |TAMS 0x000000070b9ffff8, 0x000000070b9ffff8| Untracked 
|  10|0x000000070ba00000, 0x000000070bbf1cf8, 0x000000070bc00000| 97%| O|  |TAMS 0x000000070bbf1cf8, 0x000000070bbf1cf8| Untracked 
|  11|0x000000070bc00000, 0x000000070bdfffe8, 0x000000070be00000| 99%| O|  |TAMS 0x000000070bdfffe8, 0x000000070bdfffe8| Untracked 
|  12|0x000000070be00000, 0x000000070bfffff8, 0x000000070c000000| 99%| O|  |TAMS 0x000000070bfffff8, 0x000000070bfffff8| Untracked 
|  13|0x000000070c000000, 0x000000070c1fffe8, 0x000000070c200000| 99%| O|  |TAMS 0x000000070c1fffe8, 0x000000070c1fffe8| Untracked 
|  14|0x000000070c200000, 0x000000070c400000, 0x000000070c400000|100%| O|  |TAMS 0x000000070c400000, 0x000000070c400000| Untracked 
|  15|0x000000070c400000, 0x000000070c600000, 0x000000070c600000|100%| O|  |TAMS 0x000000070c600000, 0x000000070c600000| Untracked 
|  16|0x000000070c600000, 0x000000070c7fea08, 0x000000070c800000| 99%| O|  |TAMS 0x000000070c7fea08, 0x000000070c7fea08| Untracked 
|  17|0x000000070c800000, 0x000000070c9fffb0, 0x000000070ca00000| 99%| O|  |TAMS 0x000000070c9fffb0, 0x000000070c9fffb0| Untracked 
|  18|0x000000070ca00000, 0x000000070cbfd7a0, 0x000000070cc00000| 99%| O|  |TAMS 0x000000070cbfd7a0, 0x000000070cbfd7a0| Untracked 
|  19|0x000000070cc00000, 0x000000070cdffc18, 0x000000070ce00000| 99%| O|  |TAMS 0x000000070cdffc18, 0x000000070cdffc18| Untracked 
|  20|0x000000070ce00000, 0x000000070cffffe8, 0x000000070d000000| 99%| O|  |TAMS 0x000000070cffffe8, 0x000000070cffffe8| Untracked 
|  21|0x000000070d000000, 0x000000070d1ffff0, 0x000000070d200000| 99%| O|  |TAMS 0x000000070d1ffff0, 0x000000070d1ffff0| Untracked 
|  22|0x000000070d200000, 0x000000070d400000, 0x000000070d400000|100%| O|  |TAMS 0x000000070d400000, 0x000000070d400000| Untracked 
|  23|0x000000070d400000, 0x000000070d600000, 0x000000070d600000|100%| O|  |TAMS 0x000000070d600000, 0x000000070d600000| Untracked 
|  24|0x000000070d600000, 0x000000070d7fd900, 0x000000070d800000| 99%| O|  |TAMS 0x000000070d7fd900, 0x000000070d7fd900| Untracked 
|  25|0x000000070d800000, 0x000000070d9a8530, 0x000000070da00000| 82%| O|  |TAMS 0x000000070d9a8530, 0x000000070d9a8530| Untracked 
|  26|0x000000070da00000, 0x000000070dbffff8, 0x000000070dc00000| 99%| O|  |TAMS 0x000000070dbffff8, 0x000000070dbffff8| Untracked 
|  27|0x000000070dc00000, 0x000000070dd76440, 0x000000070de00000| 73%| O|  |TAMS 0x000000070dd76440, 0x000000070dd76440| Untracked 
|  28|0x000000070de00000, 0x000000070df47b18, 0x000000070e000000| 64%| O|  |TAMS 0x000000070df47b18, 0x000000070df47b18| Untracked 
|  29|0x000000070e000000, 0x000000070e05e528, 0x000000070e200000| 18%| O|  |TAMS 0x000000070e05e528, 0x000000070e05e528| Untracked 
|  30|0x000000070e200000, 0x000000070e283108, 0x000000070e400000| 25%| O|  |TAMS 0x000000070e283108, 0x000000070e283108| Untracked 
|  31|0x000000070e400000, 0x000000070e485f18, 0x000000070e600000| 26%| O|  |TAMS 0x000000070e485f18, 0x000000070e485f18| Untracked 
|  32|0x000000070e600000, 0x000000070e6b5cd8, 0x000000070e800000| 35%| O|  |TAMS 0x000000070e6b5cd8, 0x000000070e6b5cd8| Untracked 
|  33|0x000000070e800000, 0x000000070ea00000, 0x000000070ea00000|100%|HS|  |TAMS 0x000000070e800000, 0x000000070e800000| Complete 
|  34|0x000000070ea00000, 0x000000070ea00000, 0x000000070ec00000|  0%| F|  |TAMS 0x000000070ea00000, 0x000000070ea00000| Untracked 
|  35|0x000000070ec00000, 0x000000070ec00000, 0x000000070ee00000|  0%| F|  |TAMS 0x000000070ec00000, 0x000000070ec00000| Untracked 
|  36|0x000000070ee00000, 0x000000070ee00000, 0x000000070f000000|  0%| F|  |TAMS 0x000000070ee00000, 0x000000070ee00000| Untracked 
|  37|0x000000070f000000, 0x000000070f000000, 0x000000070f200000|  0%| F|  |TAMS 0x000000070f000000, 0x000000070f000000| Untracked 
|  38|0x000000070f200000, 0x000000070f200000, 0x000000070f400000|  0%| F|  |TAMS 0x000000070f200000, 0x000000070f200000| Untracked 
|  39|0x000000070f400000, 0x000000070f600000, 0x000000070f600000|100%|HS|  |TAMS 0x000000070f400000, 0x000000070f400000| Complete 
|  40|0x000000070f600000, 0x000000070f800000, 0x000000070f800000|100%|HC|  |TAMS 0x000000070f600000, 0x000000070f600000| Complete 
|  41|0x000000070f800000, 0x000000070fa00000, 0x000000070fa00000|100%|HC|  |TAMS 0x000000070f800000, 0x000000070f800000| Complete 
|  42|0x000000070fa00000, 0x000000070fc00000, 0x000000070fc00000|100%|HC|  |TAMS 0x000000070fa00000, 0x000000070fa00000| Complete 
|  43|0x000000070fc00000, 0x000000070fe00000, 0x000000070fe00000|100%|HC|  |TAMS 0x000000070fc00000, 0x000000070fc00000| Complete 
|  44|0x000000070fe00000, 0x000000070fe00000, 0x0000000710000000|  0%| F|  |TAMS 0x000000070fe00000, 0x000000070fe00000| Untracked 
|  45|0x0000000710000000, 0x0000000710000000, 0x0000000710200000|  0%| F|  |TAMS 0x0000000710000000, 0x0000000710000000| Untracked 
|  46|0x0000000710200000, 0x0000000710200000, 0x0000000710400000|  0%| F|  |TAMS 0x0000000710200000, 0x0000000710200000| Untracked 
|  47|0x0000000710400000, 0x0000000710400000, 0x0000000710600000|  0%| F|  |TAMS 0x0000000710400000, 0x0000000710400000| Untracked 
|  48|0x0000000710600000, 0x0000000710600000, 0x0000000710800000|  0%| F|  |TAMS 0x0000000710600000, 0x0000000710600000| Untracked 
|  49|0x0000000710800000, 0x0000000710800000, 0x0000000710a00000|  0%| F|  |TAMS 0x0000000710800000, 0x0000000710800000| Untracked 
|  50|0x0000000710a00000, 0x0000000710a00000, 0x0000000710c00000|  0%| F|  |TAMS 0x0000000710a00000, 0x0000000710a00000| Untracked 
|  51|0x0000000710c00000, 0x0000000710c00000, 0x0000000710e00000|  0%| F|  |TAMS 0x0000000710c00000, 0x0000000710c00000| Untracked 
|  52|0x0000000710e00000, 0x0000000710e00000, 0x0000000711000000|  0%| F|  |TAMS 0x0000000710e00000, 0x0000000710e00000| Untracked 
|  53|0x0000000711000000, 0x0000000711000000, 0x0000000711200000|  0%| F|  |TAMS 0x0000000711000000, 0x0000000711000000| Untracked 
|  54|0x0000000711200000, 0x0000000711200000, 0x0000000711400000|  0%| F|  |TAMS 0x0000000711200000, 0x0000000711200000| Untracked 
|  55|0x0000000711400000, 0x0000000711400000, 0x0000000711600000|  0%| F|  |TAMS 0x0000000711400000, 0x0000000711400000| Untracked 
|  56|0x0000000711600000, 0x0000000711600000, 0x0000000711800000|  0%| F|  |TAMS 0x0000000711600000, 0x0000000711600000| Untracked 
|  57|0x0000000711800000, 0x0000000711800000, 0x0000000711a00000|  0%| F|  |TAMS 0x0000000711800000, 0x0000000711800000| Untracked 
|  58|0x0000000711a00000, 0x0000000711a00000, 0x0000000711c00000|  0%| F|  |TAMS 0x0000000711a00000, 0x0000000711a00000| Untracked 
|  59|0x0000000711c00000, 0x0000000711c00000, 0x0000000711e00000|  0%| F|  |TAMS 0x0000000711c00000, 0x0000000711c00000| Untracked 
|  60|0x0000000711e00000, 0x0000000711e00000, 0x0000000712000000|  0%| F|  |TAMS 0x0000000711e00000, 0x0000000711e00000| Untracked 
|  61|0x0000000712000000, 0x0000000712000000, 0x0000000712200000|  0%| F|  |TAMS 0x0000000712000000, 0x0000000712000000| Untracked 
|  62|0x0000000712200000, 0x0000000712200000, 0x0000000712400000|  0%| F|  |TAMS 0x0000000712200000, 0x0000000712200000| Untracked 
|  63|0x0000000712400000, 0x0000000712400000, 0x0000000712600000|  0%| F|  |TAMS 0x0000000712400000, 0x0000000712400000| Untracked 
|  64|0x0000000712600000, 0x0000000712600000, 0x0000000712800000|  0%| F|  |TAMS 0x0000000712600000, 0x0000000712600000| Untracked 
|  65|0x0000000712800000, 0x0000000712800000, 0x0000000712a00000|  0%| F|  |TAMS 0x0000000712800000, 0x0000000712800000| Untracked 
|  66|0x0000000712a00000, 0x0000000712a00000, 0x0000000712c00000|  0%| F|  |TAMS 0x0000000712a00000, 0x0000000712a00000| Untracked 
|  67|0x0000000712c00000, 0x0000000712c00000, 0x0000000712e00000|  0%| F|  |TAMS 0x0000000712c00000, 0x0000000712c00000| Untracked 
|  68|0x0000000712e00000, 0x0000000712e00000, 0x0000000713000000|  0%| F|  |TAMS 0x0000000712e00000, 0x0000000712e00000| Untracked 
|  69|0x0000000713000000, 0x0000000713000000, 0x0000000713200000|  0%| F|  |TAMS 0x0000000713000000, 0x0000000713000000| Untracked 
|  70|0x0000000713200000, 0x0000000713200000, 0x0000000713400000|  0%| F|  |TAMS 0x0000000713200000, 0x0000000713200000| Untracked 
|  71|0x0000000713400000, 0x0000000713400000, 0x0000000713600000|  0%| F|  |TAMS 0x0000000713400000, 0x0000000713400000| Untracked 
|  72|0x0000000713600000, 0x0000000713600000, 0x0000000713800000|  0%| F|  |TAMS 0x0000000713600000, 0x0000000713600000| Untracked 
|  73|0x0000000713800000, 0x0000000713800000, 0x0000000713a00000|  0%| F|  |TAMS 0x0000000713800000, 0x0000000713800000| Untracked 
|  74|0x0000000713a00000, 0x0000000713a00000, 0x0000000713c00000|  0%| F|  |TAMS 0x0000000713a00000, 0x0000000713a00000| Untracked 
|  75|0x0000000713c00000, 0x0000000713c00000, 0x0000000713e00000|  0%| F|  |TAMS 0x0000000713c00000, 0x0000000713c00000| Untracked 
|  76|0x0000000713e00000, 0x0000000713e00000, 0x0000000714000000|  0%| F|  |TAMS 0x0000000713e00000, 0x0000000713e00000| Untracked 
|  77|0x0000000714000000, 0x0000000714000000, 0x0000000714200000|  0%| F|  |TAMS 0x0000000714000000, 0x0000000714000000| Untracked 
|  78|0x0000000714200000, 0x0000000714339580, 0x0000000714400000| 61%| S|CS|TAMS 0x0000000714200000, 0x0000000714200000| Complete 
|  79|0x0000000714400000, 0x0000000714600000, 0x0000000714600000|100%| S|CS|TAMS 0x0000000714400000, 0x0000000714400000| Complete 
|  80|0x0000000714600000, 0x0000000714600000, 0x0000000714800000|  0%| F|  |TAMS 0x0000000714600000, 0x0000000714600000| Untracked 
|  81|0x0000000714800000, 0x0000000714800000, 0x0000000714a00000|  0%| F|  |TAMS 0x0000000714800000, 0x0000000714800000| Untracked 
|  82|0x0000000714a00000, 0x0000000714c00000, 0x0000000714c00000|100%| S|CS|TAMS 0x0000000714a00000, 0x0000000714a00000| Complete 
|  83|0x0000000714c00000, 0x0000000714e00000, 0x0000000714e00000|100%| S|CS|TAMS 0x0000000714c00000, 0x0000000714c00000| Complete 
|  84|0x0000000714e00000, 0x0000000714e00000, 0x0000000715000000|  0%| F|  |TAMS 0x0000000714e00000, 0x0000000714e00000| Untracked 
|  85|0x0000000715000000, 0x0000000715000000, 0x0000000715200000|  0%| F|  |TAMS 0x0000000715000000, 0x0000000715000000| Untracked 
|  86|0x0000000715200000, 0x0000000715200000, 0x0000000715400000|  0%| F|  |TAMS 0x0000000715200000, 0x0000000715200000| Untracked 
|  87|0x0000000715400000, 0x0000000715400000, 0x0000000715600000|  0%| F|  |TAMS 0x0000000715400000, 0x0000000715400000| Untracked 
|  88|0x0000000715600000, 0x0000000715600000, 0x0000000715800000|  0%| F|  |TAMS 0x0000000715600000, 0x0000000715600000| Untracked 
|  89|0x0000000715800000, 0x0000000715800000, 0x0000000715a00000|  0%| F|  |TAMS 0x0000000715800000, 0x0000000715800000| Untracked 
|  90|0x0000000715a00000, 0x0000000715a00000, 0x0000000715c00000|  0%| F|  |TAMS 0x0000000715a00000, 0x0000000715a00000| Untracked 
|  91|0x0000000715c00000, 0x0000000715c00000, 0x0000000715e00000|  0%| F|  |TAMS 0x0000000715c00000, 0x0000000715c00000| Untracked 
|  92|0x0000000715e00000, 0x0000000715e00000, 0x0000000716000000|  0%| F|  |TAMS 0x0000000715e00000, 0x0000000715e00000| Untracked 
|  93|0x0000000716000000, 0x0000000716000000, 0x0000000716200000|  0%| F|  |TAMS 0x0000000716000000, 0x0000000716000000| Untracked 
|  94|0x0000000716200000, 0x0000000716200000, 0x0000000716400000|  0%| F|  |TAMS 0x0000000716200000, 0x0000000716200000| Untracked 
|  95|0x0000000716400000, 0x0000000716400000, 0x0000000716600000|  0%| F|  |TAMS 0x0000000716400000, 0x0000000716400000| Untracked 
|  96|0x0000000716600000, 0x0000000716600000, 0x0000000716800000|  0%| F|  |TAMS 0x0000000716600000, 0x0000000716600000| Untracked 
|  97|0x0000000716800000, 0x0000000716800000, 0x0000000716a00000|  0%| F|  |TAMS 0x0000000716800000, 0x0000000716800000| Untracked 
|  98|0x0000000716a00000, 0x0000000716a00000, 0x0000000716c00000|  0%| F|  |TAMS 0x0000000716a00000, 0x0000000716a00000| Untracked 
|  99|0x0000000716c00000, 0x0000000716c00000, 0x0000000716e00000|  0%| F|  |TAMS 0x0000000716c00000, 0x0000000716c00000| Untracked 
| 100|0x0000000716e00000, 0x0000000716e00000, 0x0000000717000000|  0%| F|  |TAMS 0x0000000716e00000, 0x0000000716e00000| Untracked 
| 101|0x0000000717000000, 0x0000000717000000, 0x0000000717200000|  0%| F|  |TAMS 0x0000000717000000, 0x0000000717000000| Untracked 
| 102|0x0000000717200000, 0x0000000717200000, 0x0000000717400000|  0%| F|  |TAMS 0x0000000717200000, 0x0000000717200000| Untracked 
| 103|0x0000000717400000, 0x0000000717400000, 0x0000000717600000|  0%| F|  |TAMS 0x0000000717400000, 0x0000000717400000| Untracked 
| 104|0x0000000717600000, 0x0000000717600000, 0x0000000717800000|  0%| F|  |TAMS 0x0000000717600000, 0x0000000717600000| Untracked 
| 105|0x0000000717800000, 0x0000000717800000, 0x0000000717a00000|  0%| F|  |TAMS 0x0000000717800000, 0x0000000717800000| Untracked 
| 106|0x0000000717a00000, 0x0000000717a00000, 0x0000000717c00000|  0%| F|  |TAMS 0x0000000717a00000, 0x0000000717a00000| Untracked 
| 107|0x0000000717c00000, 0x0000000717c00000, 0x0000000717e00000|  0%| F|  |TAMS 0x0000000717c00000, 0x0000000717c00000| Untracked 
| 108|0x0000000717e00000, 0x0000000717e00000, 0x0000000718000000|  0%| F|  |TAMS 0x0000000717e00000, 0x0000000717e00000| Untracked 
| 109|0x0000000718000000, 0x0000000718000000, 0x0000000718200000|  0%| F|  |TAMS 0x0000000718000000, 0x0000000718000000| Untracked 
| 110|0x0000000718200000, 0x0000000718200000, 0x0000000718400000|  0%| F|  |TAMS 0x0000000718200000, 0x0000000718200000| Untracked 
| 111|0x0000000718400000, 0x0000000718400000, 0x0000000718600000|  0%| F|  |TAMS 0x0000000718400000, 0x0000000718400000| Untracked 
| 112|0x0000000718600000, 0x0000000718600000, 0x0000000718800000|  0%| F|  |TAMS 0x0000000718600000, 0x0000000718600000| Untracked 
| 113|0x0000000718800000, 0x0000000718800000, 0x0000000718a00000|  0%| F|  |TAMS 0x0000000718800000, 0x0000000718800000| Untracked 
| 114|0x0000000718a00000, 0x0000000718a00000, 0x0000000718c00000|  0%| F|  |TAMS 0x0000000718a00000, 0x0000000718a00000| Untracked 
| 115|0x0000000718c00000, 0x0000000718c00000, 0x0000000718e00000|  0%| F|  |TAMS 0x0000000718c00000, 0x0000000718c00000| Untracked 
| 116|0x0000000718e00000, 0x0000000718e00000, 0x0000000719000000|  0%| F|  |TAMS 0x0000000718e00000, 0x0000000718e00000| Untracked 
| 117|0x0000000719000000, 0x0000000719000000, 0x0000000719200000|  0%| F|  |TAMS 0x0000000719000000, 0x0000000719000000| Untracked 
| 118|0x0000000719200000, 0x0000000719200000, 0x0000000719400000|  0%| F|  |TAMS 0x0000000719200000, 0x0000000719200000| Untracked 
| 119|0x0000000719400000, 0x0000000719400000, 0x0000000719600000|  0%| F|  |TAMS 0x0000000719400000, 0x0000000719400000| Untracked 
| 120|0x0000000719600000, 0x0000000719600000, 0x0000000719800000|  0%| F|  |TAMS 0x0000000719600000, 0x0000000719600000| Untracked 
| 121|0x0000000719800000, 0x0000000719800000, 0x0000000719a00000|  0%| F|  |TAMS 0x0000000719800000, 0x0000000719800000| Untracked 
| 122|0x0000000719a00000, 0x0000000719a00000, 0x0000000719c00000|  0%| F|  |TAMS 0x0000000719a00000, 0x0000000719a00000| Untracked 
| 123|0x0000000719c00000, 0x0000000719c00000, 0x0000000719e00000|  0%| F|  |TAMS 0x0000000719c00000, 0x0000000719c00000| Untracked 
| 124|0x0000000719e00000, 0x0000000719e00000, 0x000000071a000000|  0%| F|  |TAMS 0x0000000719e00000, 0x0000000719e00000| Untracked 
| 125|0x000000071a000000, 0x000000071a000000, 0x000000071a200000|  0%| F|  |TAMS 0x000000071a000000, 0x000000071a000000| Untracked 
| 126|0x000000071a200000, 0x000000071a200000, 0x000000071a400000|  0%| F|  |TAMS 0x000000071a200000, 0x000000071a200000| Untracked 
| 127|0x000000071a400000, 0x000000071a400000, 0x000000071a600000|  0%| F|  |TAMS 0x000000071a400000, 0x000000071a400000| Untracked 
| 128|0x000000071a600000, 0x000000071a600000, 0x000000071a800000|  0%| F|  |TAMS 0x000000071a600000, 0x000000071a600000| Untracked 
| 129|0x000000071a800000, 0x000000071a800000, 0x000000071aa00000|  0%| F|  |TAMS 0x000000071a800000, 0x000000071a800000| Untracked 
| 130|0x000000071aa00000, 0x000000071aa00000, 0x000000071ac00000|  0%| F|  |TAMS 0x000000071aa00000, 0x000000071aa00000| Untracked 
| 131|0x000000071ac00000, 0x000000071ac00000, 0x000000071ae00000|  0%| F|  |TAMS 0x000000071ac00000, 0x000000071ac00000| Untracked 
| 132|0x000000071ae00000, 0x000000071ae00000, 0x000000071b000000|  0%| F|  |TAMS 0x000000071ae00000, 0x000000071ae00000| Untracked 
| 133|0x000000071b000000, 0x000000071b000000, 0x000000071b200000|  0%| F|  |TAMS 0x000000071b000000, 0x000000071b000000| Untracked 
| 134|0x000000071b200000, 0x000000071b200000, 0x000000071b400000|  0%| F|  |TAMS 0x000000071b200000, 0x000000071b200000| Untracked 
| 135|0x000000071b400000, 0x000000071b400000, 0x000000071b600000|  0%| F|  |TAMS 0x000000071b400000, 0x000000071b400000| Untracked 
| 136|0x000000071b600000, 0x000000071b600000, 0x000000071b800000|  0%| F|  |TAMS 0x000000071b600000, 0x000000071b600000| Untracked 
| 137|0x000000071b800000, 0x000000071b800000, 0x000000071ba00000|  0%| F|  |TAMS 0x000000071b800000, 0x000000071b800000| Untracked 
| 138|0x000000071ba00000, 0x000000071ba00000, 0x000000071bc00000|  0%| F|  |TAMS 0x000000071ba00000, 0x000000071ba00000| Untracked 
| 139|0x000000071bc00000, 0x000000071bc00000, 0x000000071be00000|  0%| F|  |TAMS 0x000000071bc00000, 0x000000071bc00000| Untracked 
| 140|0x000000071be00000, 0x000000071be00000, 0x000000071c000000|  0%| F|  |TAMS 0x000000071be00000, 0x000000071be00000| Untracked 
| 141|0x000000071c000000, 0x000000071c000000, 0x000000071c200000|  0%| F|  |TAMS 0x000000071c000000, 0x000000071c000000| Untracked 
| 142|0x000000071c200000, 0x000000071c200000, 0x000000071c400000|  0%| F|  |TAMS 0x000000071c200000, 0x000000071c200000| Untracked 
| 143|0x000000071c400000, 0x000000071c400000, 0x000000071c600000|  0%| F|  |TAMS 0x000000071c400000, 0x000000071c400000| Untracked 
| 144|0x000000071c600000, 0x000000071c600000, 0x000000071c800000|  0%| F|  |TAMS 0x000000071c600000, 0x000000071c600000| Untracked 
| 145|0x000000071c800000, 0x000000071c800000, 0x000000071ca00000|  0%| F|  |TAMS 0x000000071c800000, 0x000000071c800000| Untracked 
| 146|0x000000071ca00000, 0x000000071ca00000, 0x000000071cc00000|  0%| F|  |TAMS 0x000000071ca00000, 0x000000071ca00000| Untracked 
| 147|0x000000071cc00000, 0x000000071cc00000, 0x000000071ce00000|  0%| F|  |TAMS 0x000000071cc00000, 0x000000071cc00000| Untracked 
| 148|0x000000071ce00000, 0x000000071ce00000, 0x000000071d000000|  0%| F|  |TAMS 0x000000071ce00000, 0x000000071ce00000| Untracked 
| 149|0x000000071d000000, 0x000000071d000000, 0x000000071d200000|  0%| F|  |TAMS 0x000000071d000000, 0x000000071d000000| Untracked 
| 150|0x000000071d200000, 0x000000071d200000, 0x000000071d400000|  0%| F|  |TAMS 0x000000071d200000, 0x000000071d200000| Untracked 
| 151|0x000000071d400000, 0x000000071d400000, 0x000000071d600000|  0%| F|  |TAMS 0x000000071d400000, 0x000000071d400000| Untracked 
| 152|0x000000071d600000, 0x000000071d600000, 0x000000071d800000|  0%| F|  |TAMS 0x000000071d600000, 0x000000071d600000| Untracked 
| 153|0x000000071d800000, 0x000000071d800000, 0x000000071da00000|  0%| F|  |TAMS 0x000000071d800000, 0x000000071d800000| Untracked 
| 154|0x000000071da00000, 0x000000071da00000, 0x000000071dc00000|  0%| F|  |TAMS 0x000000071da00000, 0x000000071da00000| Untracked 
| 155|0x000000071dc00000, 0x000000071dc00000, 0x000000071de00000|  0%| F|  |TAMS 0x000000071dc00000, 0x000000071dc00000| Untracked 
| 156|0x000000071de00000, 0x000000071de00000, 0x000000071e000000|  0%| F|  |TAMS 0x000000071de00000, 0x000000071de00000| Untracked 
| 157|0x000000071e000000, 0x000000071e000000, 0x000000071e200000|  0%| F|  |TAMS 0x000000071e000000, 0x000000071e000000| Untracked 
| 158|0x000000071e200000, 0x000000071e200000, 0x000000071e400000|  0%| F|  |TAMS 0x000000071e200000, 0x000000071e200000| Untracked 
| 159|0x000000071e400000, 0x000000071e400000, 0x000000071e600000|  0%| F|  |TAMS 0x000000071e400000, 0x000000071e400000| Untracked 
| 160|0x000000071e600000, 0x000000071e79b470, 0x000000071e800000| 80%| E|  |TAMS 0x000000071e600000, 0x000000071e600000| Complete 
| 161|0x000000071e800000, 0x000000071ea00000, 0x000000071ea00000|100%| E|CS|TAMS 0x000000071e800000, 0x000000071e800000| Complete 
| 162|0x000000071ea00000, 0x000000071ec00000, 0x000000071ec00000|100%| E|CS|TAMS 0x000000071ea00000, 0x000000071ea00000| Complete 
| 163|0x000000071ec00000, 0x000000071ee00000, 0x000000071ee00000|100%| E|CS|TAMS 0x000000071ec00000, 0x000000071ec00000| Complete 
| 164|0x000000071ee00000, 0x000000071f000000, 0x000000071f000000|100%| E|CS|TAMS 0x000000071ee00000, 0x000000071ee00000| Complete 
| 165|0x000000071f000000, 0x000000071f200000, 0x000000071f200000|100%| E|CS|TAMS 0x000000071f000000, 0x000000071f000000| Complete 
| 166|0x000000071f200000, 0x000000071f400000, 0x000000071f400000|100%| E|CS|TAMS 0x000000071f200000, 0x000000071f200000| Complete 
| 167|0x000000071f400000, 0x000000071f600000, 0x000000071f600000|100%| E|CS|TAMS 0x000000071f400000, 0x000000071f400000| Complete 
| 168|0x000000071f600000, 0x000000071f800000, 0x000000071f800000|100%| E|CS|TAMS 0x000000071f600000, 0x000000071f600000| Complete 
| 169|0x000000071f800000, 0x000000071fa00000, 0x000000071fa00000|100%| E|CS|TAMS 0x000000071f800000, 0x000000071f800000| Complete 
| 170|0x000000071fa00000, 0x000000071fc00000, 0x000000071fc00000|100%| E|CS|TAMS 0x000000071fa00000, 0x000000071fa00000| Complete 
| 171|0x000000071fc00000, 0x000000071fe00000, 0x000000071fe00000|100%| E|CS|TAMS 0x000000071fc00000, 0x000000071fc00000| Complete 
| 172|0x000000071fe00000, 0x0000000720000000, 0x0000000720000000|100%| E|CS|TAMS 0x000000071fe00000, 0x000000071fe00000| Complete 
| 173|0x0000000720000000, 0x0000000720200000, 0x0000000720200000|100%| E|CS|TAMS 0x0000000720000000, 0x0000000720000000| Complete 
| 174|0x0000000720200000, 0x0000000720400000, 0x0000000720400000|100%| E|CS|TAMS 0x0000000720200000, 0x0000000720200000| Complete 
| 175|0x0000000720400000, 0x0000000720600000, 0x0000000720600000|100%| E|CS|TAMS 0x0000000720400000, 0x0000000720400000| Complete 
| 176|0x0000000720600000, 0x0000000720800000, 0x0000000720800000|100%| E|CS|TAMS 0x0000000720600000, 0x0000000720600000| Complete 
| 177|0x0000000720800000, 0x0000000720a00000, 0x0000000720a00000|100%| E|CS|TAMS 0x0000000720800000, 0x0000000720800000| Complete 
| 178|0x0000000720a00000, 0x0000000720c00000, 0x0000000720c00000|100%| E|CS|TAMS 0x0000000720a00000, 0x0000000720a00000| Complete 
| 179|0x0000000720c00000, 0x0000000720e00000, 0x0000000720e00000|100%| E|CS|TAMS 0x0000000720c00000, 0x0000000720c00000| Complete 
| 180|0x0000000720e00000, 0x0000000721000000, 0x0000000721000000|100%| E|CS|TAMS 0x0000000720e00000, 0x0000000720e00000| Complete 
| 181|0x0000000721000000, 0x0000000721200000, 0x0000000721200000|100%| E|CS|TAMS 0x0000000721000000, 0x0000000721000000| Complete 
| 182|0x0000000721200000, 0x0000000721400000, 0x0000000721400000|100%| E|CS|TAMS 0x0000000721200000, 0x0000000721200000| Complete 
| 183|0x0000000721400000, 0x0000000721600000, 0x0000000721600000|100%| E|CS|TAMS 0x0000000721400000, 0x0000000721400000| Complete 
| 184|0x0000000721600000, 0x0000000721800000, 0x0000000721800000|100%| E|CS|TAMS 0x0000000721600000, 0x0000000721600000| Complete 
| 185|0x0000000721800000, 0x0000000721a00000, 0x0000000721a00000|100%| E|CS|TAMS 0x0000000721800000, 0x0000000721800000| Complete 
| 186|0x0000000721a00000, 0x0000000721c00000, 0x0000000721c00000|100%| E|CS|TAMS 0x0000000721a00000, 0x0000000721a00000| Complete 
| 187|0x0000000721c00000, 0x0000000721e00000, 0x0000000721e00000|100%| E|CS|TAMS 0x0000000721c00000, 0x0000000721c00000| Complete 
| 188|0x0000000721e00000, 0x0000000722000000, 0x0000000722000000|100%| E|CS|TAMS 0x0000000721e00000, 0x0000000721e00000| Complete 
| 189|0x0000000722000000, 0x0000000722200000, 0x0000000722200000|100%| E|CS|TAMS 0x0000000722000000, 0x0000000722000000| Complete 
| 190|0x0000000722200000, 0x0000000722400000, 0x0000000722400000|100%| E|CS|TAMS 0x0000000722200000, 0x0000000722200000| Complete 
| 191|0x0000000722400000, 0x0000000722600000, 0x0000000722600000|100%| E|CS|TAMS 0x0000000722400000, 0x0000000722400000| Complete 
| 192|0x0000000722600000, 0x0000000722800000, 0x0000000722800000|100%| E|CS|TAMS 0x0000000722600000, 0x0000000722600000| Complete 
| 193|0x0000000722800000, 0x0000000722a00000, 0x0000000722a00000|100%| E|CS|TAMS 0x0000000722800000, 0x0000000722800000| Complete 
| 194|0x0000000722a00000, 0x0000000722c00000, 0x0000000722c00000|100%| E|CS|TAMS 0x0000000722a00000, 0x0000000722a00000| Complete 
| 195|0x0000000722c00000, 0x0000000722e00000, 0x0000000722e00000|100%| E|CS|TAMS 0x0000000722c00000, 0x0000000722c00000| Complete 
| 196|0x0000000722e00000, 0x0000000723000000, 0x0000000723000000|100%| E|CS|TAMS 0x0000000722e00000, 0x0000000722e00000| Complete 
| 197|0x0000000723000000, 0x0000000723200000, 0x0000000723200000|100%| E|CS|TAMS 0x0000000723000000, 0x0000000723000000| Complete 
| 198|0x0000000723200000, 0x0000000723400000, 0x0000000723400000|100%| E|CS|TAMS 0x0000000723200000, 0x0000000723200000| Complete 
| 199|0x0000000723400000, 0x0000000723600000, 0x0000000723600000|100%| E|CS|TAMS 0x0000000723400000, 0x0000000723400000| Complete 
| 200|0x0000000723600000, 0x0000000723800000, 0x0000000723800000|100%| E|CS|TAMS 0x0000000723600000, 0x0000000723600000| Complete 
| 201|0x0000000723800000, 0x0000000723a00000, 0x0000000723a00000|100%| E|CS|TAMS 0x0000000723800000, 0x0000000723800000| Complete 
| 202|0x0000000723a00000, 0x0000000723c00000, 0x0000000723c00000|100%| E|CS|TAMS 0x0000000723a00000, 0x0000000723a00000| Complete 
| 203|0x0000000723c00000, 0x0000000723e00000, 0x0000000723e00000|100%| E|CS|TAMS 0x0000000723c00000, 0x0000000723c00000| Complete 
| 204|0x0000000723e00000, 0x0000000724000000, 0x0000000724000000|100%| E|CS|TAMS 0x0000000723e00000, 0x0000000723e00000| Complete 

Card table byte_map: [0x00000214346c0000,0x0000021434e70000] _byte_map_base: 0x0000021430e6d000

Marking Bits (Prev, Next): (CMBitMap*) 0x0000021421070250, (CMBitMap*) 0x0000021421070290
 Prev Bits: [0x0000021435620000, 0x0000021439388000)
 Next Bits: [0x0000021439390000, 0x000002143d0f8000)

Polling page: 0x000002141ef30000

Metaspace:

Usage:
  Non-class:    106.83 MB used.
      Class:     15.44 MB used.
       Both:    122.27 MB used.

Virtual space:
  Non-class space:      128.00 MB reserved,     107.75 MB ( 84%) committed,  2 nodes.
      Class space:        1.00 GB reserved,      16.88 MB (  2%) committed,  1 nodes.
             Both:        1.12 GB reserved,     124.62 MB ( 11%) committed. 

Chunk freelists:
   Non-Class:  3.82 MB
       Class:  14.98 MB
        Both:  18.81 MB

MaxMetaspaceSize: unlimited
CompressedClassSpaceSize: 1.00 GB
Initial GC threshold: 21.00 MB
Current GC threshold: 207.12 MB
CDS: off
MetaspaceReclaimPolicy: balanced
 - commit_granule_bytes: 65536.
 - commit_granule_words: 8192.
 - virtual_space_node_default_size: 8388608.
 - enlarge_chunks_in_place: 1.
 - new_chunks_are_fully_committed: 0.
 - uncommit_free_chunks: 1.
 - use_allocation_guard: 0.
 - handle_deallocations: 1.


Internal statistics:

num_allocs_failed_limit: 9.
num_arena_births: 2622.
num_arena_deaths: 114.
num_vsnodes_births: 3.
num_vsnodes_deaths: 0.
num_space_committed: 1988.
num_space_uncommitted: 0.
num_chunks_returned_to_freelist: 125.
num_chunks_taken_from_freelist: 7580.
num_chunk_merges: 6.
num_chunk_splits: 4695.
num_chunks_enlarged: 2875.
num_inconsistent_stats: 0.

CodeHeap 'non-profiled nmethods': size=119168Kb used=26646Kb max_used=26646Kb free=92521Kb
 bounds [0x000002142c230000, 0x000002142dc40000, 0x0000021433690000]
CodeHeap 'profiled nmethods': size=119104Kb used=48779Kb max_used=48779Kb free=70324Kb
 bounds [0x0000021424690000, 0x0000021427640000, 0x000002142bae0000]
CodeHeap 'non-nmethods': size=7488Kb used=1410Kb max_used=3140Kb free=6077Kb
 bounds [0x000002142bae0000, 0x000002142be60000, 0x000002142c230000]
 total_blobs=23436 nmethods=22682 adapters=665
 compilation: enabled
              stopped_count=0, restarted_count=0
 full_count=0

Compilation events (20 events):
Event: 3050.067 Thread 0x00000214401a89d0 nmethod 28689 0x000002142762aa10 code [0x000002142762abc0, 0x000002142762aeb8]
Event: 3050.073 Thread 0x00000214401a89d0 28690  s    3       java.lang.Throwable::getOurStackTrace (55 bytes)
Event: 3050.074 Thread 0x00000214401a89d0 nmethod 28690 0x000002142762af90 code [0x000002142762b160, 0x000002142762b548]
Event: 3050.165 Thread 0x00000214401a7f30 nmethod 28684 0x000002142dc16210 code [0x000002142dc16660, 0x000002142dc1b528]
Event: 3050.165 Thread 0x00000214401a7f30 28691   !   4       java.lang.invoke.MethodHandleNatives::linkMethodHandleConstant (50 bytes)
Event: 3050.165 Thread 0x00000214401a89d0 28692       3       sun.security.ssl.TransportContext::isPostHandshakeContext (23 bytes)
Event: 3050.166 Thread 0x00000214401a89d0 nmethod 28692 0x000002142762b610 code [0x000002142762b7a0, 0x000002142762ba38]
Event: 3050.288 Thread 0x00000214401a89d0 28693       3       jdk.internal.net.http.common.SSLFlowDelegate::resumeActivity (15 bytes)
Event: 3050.289 Thread 0x00000214401a89d0 nmethod 28693 0x000002142762bb10 code [0x000002142762bce0, 0x000002142762c058]
Event: 3050.289 Thread 0x00000214401a89d0 28694       3       jdk.internal.net.http.common.SSLFlowDelegate$Writer::schedule (8 bytes)
Event: 3050.289 Thread 0x00000214401a89d0 nmethod 28694 0x000002142762c290 code [0x000002142762c440, 0x000002142762c608]
Event: 3050.344 Thread 0x00000214401a7f30 nmethod 28691 0x000002142dc1d910 code [0x000002142dc1e100, 0x000002142dc25838]
Event: 3072.938 Thread 0x00000214401a89d0 28695   !   3       jdk.internal.math.FloatingDecimal::readJavaFormatString (826 bytes)
Event: 3072.944 Thread 0x00000214401a89d0 nmethod 28695 0x000002142762c710 code [0x000002142762d080, 0x0000021427633808]
Event: 3078.091 Thread 0x00000214401a7f30 28696       4       com.vaadin.flow.server.communication.UidlWriter::createUidl (314 bytes)
Event: 3078.214 Thread 0x00000214401a7f30 nmethod 28696 0x000002142dc2a010 code [0x000002142dc2a660, 0x000002142dc2f298]
Event: 3078.215 Thread 0x00000214401a7f30 28697       4       com.vaadin.flow.server.communication.UidlWriter::encodeChanges (105 bytes)
Event: 3078.232 Thread 0x00000214401a7f30 nmethod 28697 0x000002142dc33490 code [0x000002142dc33740, 0x000002142dc34c30]
Event: 3079.448 Thread 0x00000214401a89d0 28698       3       com.kitware.pulse.cdm.bind.Engine$DataRequestData::internalGetFieldAccessorTable (11 bytes)
Event: 3079.448 Thread 0x00000214401a89d0 nmethod 28698 0x0000021427636d90 code [0x0000021427636f40, 0x00000214276370a8]

GC Heap History (20 events):
Event: 3046.664 GC heap before
{Heap before GC invocations=1050 (full 60):
 garbage-first heap   total 286720K, used 233104K [0x000000070a600000, 0x0000000800000000)
  region size 2048K, 81 young (165888K), 4 survivors (8192K)
 Metaspace       used 124685K, committed 127104K, reserved 1179648K
  class space    used 15724K, committed 17152K, reserved 1048576K
}
Event: 3046.739 GC heap after
{Heap after GC invocations=1051 (full 61):
 garbage-first heap   total 225280K, used 59834K [0x000000070a600000, 0x0000000800000000)
  region size 2048K, 0 young (0K), 0 survivors (0K)
 Metaspace       used 124682K, committed 127104K, reserved 1179648K
  class space    used 15724K, committed 17152K, reserved 1048576K
}
Event: 3047.105 GC heap before
{Heap before GC invocations=1051 (full 61):
 garbage-first heap   total 225280K, used 186810K [0x000000070a600000, 0x0000000800000000)
  region size 2048K, 62 young (126976K), 0 survivors (0K)
 Metaspace       used 124840K, committed 127232K, reserved 1179648K
  class space    used 15762K, committed 17216K, reserved 1048576K
}
Event: 3047.110 GC heap after
{Heap after GC invocations=1052 (full 61):
 garbage-first heap   total 225280K, used 65519K [0x000000070a600000, 0x0000000800000000)
  region size 2048K, 3 young (6144K), 3 survivors (6144K)
 Metaspace       used 124840K, committed 127232K, reserved 1179648K
  class space    used 15762K, committed 17216K, reserved 1048576K
}
Event: 3047.279 GC heap before
{Heap before GC invocations=1053 (full 61):
 garbage-first heap   total 225280K, used 184303K [0x000000070a600000, 0x0000000800000000)
  region size 2048K, 61 young (124928K), 3 survivors (6144K)
 Metaspace       used 124891K, committed 127296K, reserved 1179648K
  class space    used 15774K, committed 17216K, reserved 1048576K
}
Event: 3047.282 GC heap after
{Heap after GC invocations=1054 (full 61):
 garbage-first heap   total 225280K, used 66348K [0x000000070a600000, 0x0000000800000000)
  region size 2048K, 4 young (8192K), 4 survivors (8192K)
 Metaspace       used 124891K, committed 127296K, reserved 1179648K
  class space    used 15774K, committed 17216K, reserved 1048576K
}
Event: 3047.434 GC heap before
{Heap before GC invocations=1054 (full 61):
 garbage-first heap   total 225280K, used 183084K [0x000000070a600000, 0x0000000800000000)
  region size 2048K, 61 young (124928K), 4 survivors (8192K)
 Metaspace       used 124894K, committed 127296K, reserved 1179648K
  class space    used 15774K, committed 17216K, reserved 1048576K
}
Event: 3047.436 GC heap after
{Heap after GC invocations=1055 (full 61):
 garbage-first heap   total 225280K, used 65445K [0x000000070a600000, 0x0000000800000000)
  region size 2048K, 3 young (6144K), 3 survivors (6144K)
 Metaspace       used 124894K, committed 127296K, reserved 1179648K
  class space    used 15774K, committed 17216K, reserved 1048576K
}
Event: 3047.526 GC heap before
{Heap before GC invocations=1056 (full 61):
 garbage-first heap   total 225280K, used 186277K [0x000000070a600000, 0x0000000800000000)
  region size 2048K, 62 young (126976K), 3 survivors (6144K)
 Metaspace       used 124894K, committed 127296K, reserved 1179648K
  class space    used 15774K, committed 17216K, reserved 1048576K
}
Event: 3047.528 GC heap after
{Heap after GC invocations=1057 (full 61):
 garbage-first heap   total 225280K, used 67838K [0x000000070a600000, 0x0000000800000000)
  region size 2048K, 4 young (8192K), 4 survivors (8192K)
 Metaspace       used 124894K, committed 127296K, reserved 1179648K
  class space    used 15774K, committed 17216K, reserved 1048576K
}
Event: 3047.538 GC heap before
{Heap before GC invocations=1057 (full 61):
 garbage-first heap   total 225280K, used 73982K [0x000000070a600000, 0x0000000800000000)
  region size 2048K, 8 young (16384K), 4 survivors (8192K)
 Metaspace       used 124894K, committed 127296K, reserved 1179648K
  class space    used 15774K, committed 17216K, reserved 1048576K
}
Event: 3047.541 GC heap after
{Heap after GC invocations=1058 (full 61):
 garbage-first heap   total 419840K, used 65932K [0x000000070a600000, 0x0000000800000000)
  region size 2048K, 3 young (6144K), 3 survivors (6144K)
 Metaspace       used 124894K, committed 127296K, reserved 1179648K
  class space    used 15774K, committed 17216K, reserved 1048576K
}
Event: 3048.029 GC heap before
{Heap before GC invocations=1058 (full 61):
 garbage-first heap   total 419840K, used 334220K [0x000000070a600000, 0x0000000800000000)
  region size 2048K, 123 young (251904K), 3 survivors (6144K)
 Metaspace       used 124894K, committed 127296K, reserved 1179648K
  class space    used 15774K, committed 17216K, reserved 1048576K
}
Event: 3048.032 GC heap after
{Heap after GC invocations=1059 (full 61):
 garbage-first heap   total 419840K, used 76101K [0x000000070a600000, 0x0000000800000000)
  region size 2048K, 3 young (6144K), 3 survivors (6144K)
 Metaspace       used 124894K, committed 127296K, reserved 1179648K
  class space    used 15774K, committed 17216K, reserved 1048576K
}
Event: 3048.437 GC heap before
{Heap before GC invocations=1059 (full 61):
 garbage-first heap   total 419840K, used 323909K [0x000000070a600000, 0x0000000800000000)
  region size 2048K, 123 young (251904K), 3 survivors (6144K)
 Metaspace       used 124905K, committed 127296K, reserved 1179648K
  class space    used 15774K, committed 17216K, reserved 1048576K
}
Event: 3048.440 GC heap after
{Heap after GC invocations=1060 (full 61):
 garbage-first heap   total 419840K, used 86458K [0x000000070a600000, 0x0000000800000000)
  region size 2048K, 7 young (14336K), 7 survivors (14336K)
 Metaspace       used 124905K, committed 127296K, reserved 1179648K
  class space    used 15774K, committed 17216K, reserved 1048576K
}
Event: 3048.895 GC heap before
{Heap before GC invocations=1060 (full 61):
 garbage-first heap   total 419840K, used 324026K [0x000000070a600000, 0x0000000800000000)
  region size 2048K, 123 young (251904K), 7 survivors (14336K)
 Metaspace       used 124907K, committed 127296K, reserved 1179648K
  class space    used 15774K, committed 17216K, reserved 1048576K
}
Event: 3048.898 GC heap after
{Heap after GC invocations=1061 (full 61):
 garbage-first heap   total 419840K, used 82550K [0x000000070a600000, 0x0000000800000000)
  region size 2048K, 6 young (12288K), 6 survivors (12288K)
 Metaspace       used 124907K, committed 127296K, reserved 1179648K
  class space    used 15774K, committed 17216K, reserved 1048576K
}
Event: 3049.306 GC heap before
{Heap before GC invocations=1061 (full 61):
 garbage-first heap   total 419840K, used 322166K [0x000000070a600000, 0x0000000800000000)
  region size 2048K, 123 young (251904K), 6 survivors (12288K)
 Metaspace       used 124907K, committed 127296K, reserved 1179648K
  class space    used 15774K, committed 17216K, reserved 1048576K
}
Event: 3049.308 GC heap after
{Heap after GC invocations=1062 (full 61):
 garbage-first heap   total 419840K, used 79519K [0x000000070a600000, 0x0000000800000000)
  region size 2048K, 4 young (8192K), 4 survivors (8192K)
 Metaspace       used 124907K, committed 127296K, reserved 1179648K
  class space    used 15774K, committed 17216K, reserved 1048576K
}

Dll operation events (12 events):
Event: 0.016 Loaded shared library C:\Users\doubl\.p2\pool\plugins\org.eclipse.justj.openjdk.hotspot.jre.full.win32.x86_64_17.0.7.v20230425-1502\jre\bin\java.dll
Event: 0.177 Loaded shared library C:\Users\doubl\.p2\pool\plugins\org.eclipse.justj.openjdk.hotspot.jre.full.win32.x86_64_17.0.7.v20230425-1502\jre\bin\net.dll
Event: 0.178 Loaded shared library C:\Users\doubl\.p2\pool\plugins\org.eclipse.justj.openjdk.hotspot.jre.full.win32.x86_64_17.0.7.v20230425-1502\jre\bin\nio.dll
Event: 0.184 Loaded shared library C:\Users\doubl\.p2\pool\plugins\org.eclipse.justj.openjdk.hotspot.jre.full.win32.x86_64_17.0.7.v20230425-1502\jre\bin\zip.dll
Event: 0.323 Loaded shared library C:\Users\doubl\.p2\pool\plugins\org.eclipse.justj.openjdk.hotspot.jre.full.win32.x86_64_17.0.7.v20230425-1502\jre\bin\jimage.dll
Event: 1.333 Loaded shared library C:\Users\doubl\.p2\pool\plugins\org.eclipse.justj.openjdk.hotspot.jre.full.win32.x86_64_17.0.7.v20230425-1502\jre\bin\management.dll
Event: 1.336 Loaded shared library C:\Users\doubl\.p2\pool\plugins\org.eclipse.justj.openjdk.hotspot.jre.full.win32.x86_64_17.0.7.v20230425-1502\jre\bin\management_ext.dll
Event: 2.561 Loaded shared library C:\Users\doubl\.p2\pool\plugins\org.eclipse.justj.openjdk.hotspot.jre.full.win32.x86_64_17.0.7.v20230425-1502\jre\bin\sunmscapi.dll
Event: 4.223 Loaded shared library C:\Users\doubl\.p2\pool\plugins\org.eclipse.justj.openjdk.hotspot.jre.full.win32.x86_64_17.0.7.v20230425-1502\jre\bin\verify.dll
Event: 12.164 Loaded shared library C:\Users\doubl\AppData\Local\Temp\jna-95774484\jna12771286712463195593.dll
Event: 14.585 Loaded shared library C:\Users\doubl\.p2\pool\plugins\org.eclipse.justj.openjdk.hotspot.jre.full.win32.x86_64_17.0.7.v20230425-1502\jre\bin\awt.dll
Event: 16.143 Loaded shared library C:\Users\doubl\Desktop\Breathe\BREATHE\breathe.web\target\classes\PulseJNI.dll

Deoptimization events (20 events):
Event: 3044.567 Thread 0x0000021448324060 Uncommon trap: trap_request=0xffffffbe fr.pc=0x000002142dbf0134 relative=0x0000000000004214
Event: 3044.567 Thread 0x0000021448324060 Uncommon trap: reason=profile_predicate action=maybe_recompile pc=0x000002142dbf0134 method=org.springframework.beans.factory.support.ConstructorResolver.createArgumentArray(Ljava/lang/String;Lorg/springframework/beans/factory/support/RootBeanDefinition;L
Event: 3044.567 Thread 0x0000021448324060 DEOPT PACKING pc=0x000002142dbf0134 sp=0x0000004adc2fd1e0
Event: 3044.567 Thread 0x0000021448324060 DEOPT UNPACKING pc=0x000002142bb369a3 sp=0x0000004adc2fd190 mode 2
Event: 3064.056 Thread 0x0000021449e80560 Uncommon trap: trap_request=0xffffff45 fr.pc=0x000002142d7bc1a8 relative=0x0000000000000848
Event: 3064.056 Thread 0x0000021449e80560 Uncommon trap: reason=unstable_if action=reinterpret pc=0x000002142d7bc1a8 method=java.text.DecimalFormat.subparseNumber(Ljava/lang/String;ILjava/text/DigitList;ZZ[Z)I @ 218 c2
Event: 3064.056 Thread 0x0000021449e80560 DEOPT PACKING pc=0x000002142d7bc1a8 sp=0x0000004ade9fbf10
Event: 3064.056 Thread 0x0000021449e80560 DEOPT UNPACKING pc=0x000002142bb369a3 sp=0x0000004ade9fbe30 mode 2
Event: 3064.056 Thread 0x0000021449e80560 Uncommon trap: trap_request=0xffffff45 fr.pc=0x000002142d4893d0 relative=0x00000000000011b0
Event: 3064.056 Thread 0x0000021449e80560 Uncommon trap: reason=unstable_if action=reinterpret pc=0x000002142d4893d0 method=jdk.internal.math.FloatingDecimal.readJavaFormatString(Ljava/lang/String;)Ljdk/internal/math/FloatingDecimal$ASCIIToBinaryConverter; @ 513 c2
Event: 3064.056 Thread 0x0000021449e80560 DEOPT PACKING pc=0x000002142d4893d0 sp=0x0000004ade9fbee0
Event: 3064.056 Thread 0x0000021449e80560 DEOPT UNPACKING pc=0x000002142bb369a3 sp=0x0000004ade9fbe30 mode 2
Event: 3064.056 Thread 0x0000021449e80560 Uncommon trap: trap_request=0xffffff45 fr.pc=0x000002142d6dab8c relative=0x00000000000002cc
Event: 3064.056 Thread 0x0000021449e80560 Uncommon trap: reason=unstable_if action=reinterpret pc=0x000002142d6dab8c method=java.math.BigDecimal.add(JIJI)Ljava/math/BigDecimal; @ 12 c2
Event: 3064.056 Thread 0x0000021449e80560 DEOPT PACKING pc=0x000002142d6dab8c sp=0x0000004ade9fba70
Event: 3064.056 Thread 0x0000021449e80560 DEOPT UNPACKING pc=0x000002142bb369a3 sp=0x0000004ade9fb958 mode 2
Event: 3065.371 Thread 0x0000021449e7e3b0 Uncommon trap: trap_request=0xffffffde fr.pc=0x000002142d20b504 relative=0x0000000000000484
Event: 3065.371 Thread 0x0000021449e7e3b0 Uncommon trap: reason=class_check action=maybe_recompile pc=0x000002142d20b504 method=com.vaadin.flow.internal.nodefeature.NodeFeatureRegistry$$Lambda$1329/0x00000008007c2a88.apply(Ljava/lang/Object;)Ljava/lang/Object; @ 5 c2
Event: 3065.371 Thread 0x0000021449e7e3b0 DEOPT PACKING pc=0x000002142d20b504 sp=0x0000004adeffba80
Event: 3065.371 Thread 0x0000021449e7e3b0 DEOPT UNPACKING pc=0x000002142bb369a3 sp=0x0000004adeffba30 mode 2

Classes unloaded (20 events):
Event: 1608.994 Thread 0x000002143f958bf0 Unloading class 0x0000000800ec0000 'org/apache/catalina/loader/JdbcLeakPrevention'
Event: 1618.465 Thread 0x000002143f958bf0 Unloading class 0x0000000800ed4000 'org/apache/catalina/loader/JdbcLeakPrevention'
Event: 1647.615 Thread 0x000002143f958bf0 Unloading class 0x0000000800ee8000 'org/apache/catalina/loader/JdbcLeakPrevention'
Event: 1671.408 Thread 0x000002143f958bf0 Unloading class 0x0000000800efc000 'org/apache/catalina/loader/JdbcLeakPrevention'
Event: 1699.421 Thread 0x000002143f958bf0 Unloading class 0x0000000800f10000 'org/apache/catalina/loader/JdbcLeakPrevention'
Event: 1723.245 Thread 0x000002143f958bf0 Unloading class 0x0000000800f24000 'org/apache/catalina/loader/JdbcLeakPrevention'
Event: 1890.480 Thread 0x000002143f958bf0 Unloading class 0x0000000800f38000 'org/apache/catalina/loader/JdbcLeakPrevention'
Event: 1909.226 Thread 0x000002143f958bf0 Unloading class 0x0000000800f4c000 'org/apache/catalina/loader/JdbcLeakPrevention'
Event: 1963.137 Thread 0x000002143f958bf0 Unloading class 0x0000000800f60000 'org/apache/catalina/loader/JdbcLeakPrevention'
Event: 2369.715 Thread 0x000002143f958bf0 Unloading class 0x0000000800f74000 'org/apache/catalina/loader/JdbcLeakPrevention'
Event: 2412.533 Thread 0x000002143f958bf0 Unloading class 0x000000080101f400 'org/apache/catalina/loader/JdbcLeakPrevention'
Event: 2432.316 Thread 0x000002143f958bf0 Unloading class 0x0000000801040000 'org/apache/catalina/loader/JdbcLeakPrevention'
Event: 2756.911 Thread 0x000002143f958bf0 Unloading class 0x0000000801054000 'org/apache/catalina/loader/JdbcLeakPrevention'
Event: 2842.743 Thread 0x000002143f958bf0 Unloading class 0x0000000801068000 'org/apache/catalina/loader/JdbcLeakPrevention'
Event: 2862.472 Thread 0x000002143f958bf0 Unloading class 0x000000080107c000 'org/apache/catalina/loader/JdbcLeakPrevention'
Event: 2873.969 Thread 0x000002143f958bf0 Unloading class 0x0000000801090000 'org/apache/catalina/loader/JdbcLeakPrevention'
Event: 2877.230 Thread 0x000002143f958bf0 Unloading class 0x00000008010a4000 'org/apache/catalina/loader/JdbcLeakPrevention'
Event: 3030.228 Thread 0x000002143f958bf0 Unloading class 0x00000008010b4000 'org/apache/catalina/loader/JdbcLeakPrevention'
Event: 3043.858 Thread 0x000002143f958bf0 Unloading class 0x00000008010c8000 'org/apache/catalina/loader/JdbcLeakPrevention'
Event: 3046.679 Thread 0x000002143f958bf0 Unloading class 0x00000008010dc000 'org/apache/catalina/loader/JdbcLeakPrevention'

Classes redefined (0 events):
No events

Internal exceptions (20 events):
Event: 3046.935 Thread 0x000002144baf2220 Exception <a 'sun/nio/fs/WindowsException'{0x0000000715beca20}> (0x0000000715beca20) 
thrown [s\src\hotspot\share\prims\jni.cpp, line 516]
Event: 3046.937 Thread 0x000002144baf2220 Exception <a 'sun/nio/fs/WindowsException'{0x0000000715833dc0}> (0x0000000715833dc0) 
thrown [s\src\hotspot\share\prims\jni.cpp, line 516]
Event: 3046.937 Thread 0x000002144baf2220 Exception <a 'sun/nio/fs/WindowsException'{0x0000000715837b10}> (0x0000000715837b10) 
thrown [s\src\hotspot\share\prims\jni.cpp, line 516]
Event: 3046.947 Thread 0x000002144baf2220 Exception <a 'sun/nio/fs/WindowsException'{0x000000071552ae68}> (0x000000071552ae68) 
thrown [s\src\hotspot\share\prims\jni.cpp, line 516]
Event: 3046.948 Thread 0x000002144baf2220 Exception <a 'sun/nio/fs/WindowsException'{0x000000071552ebb8}> (0x000000071552ebb8) 
thrown [s\src\hotspot\share\prims\jni.cpp, line 516]
Event: 3046.948 Thread 0x000002144baf2220 Exception <a 'sun/nio/fs/WindowsException'{0x00000007155532b8}> (0x00000007155532b8) 
thrown [s\src\hotspot\share\prims\jni.cpp, line 516]
Event: 3046.949 Thread 0x000002144baf2220 Exception <a 'sun/nio/fs/WindowsException'{0x0000000715557008}> (0x0000000715557008) 
thrown [s\src\hotspot\share\prims\jni.cpp, line 516]
Event: 3047.040 Thread 0x000002144baf2220 Exception <a 'sun/nio/fs/WindowsException'{0x00000007134580e8}> (0x00000007134580e8) 
thrown [s\src\hotspot\share\prims\jni.cpp, line 516]
Event: 3047.083 Thread 0x000002144baf2220 Exception <a 'sun/nio/fs/WindowsException'{0x0000000711473180}> (0x0000000711473180) 
thrown [s\src\hotspot\share\prims\jni.cpp, line 516]
Event: 3047.089 Thread 0x000002144baf2220 Exception <a 'sun/nio/fs/WindowsException'{0x0000000711304178}> (0x0000000711304178) 
thrown [s\src\hotspot\share\prims\jni.cpp, line 516]
Event: 3047.221 Thread 0x000002144baf2220 Exception <a 'sun/nio/fs/WindowsException'{0x00000007137cc7e8}> (0x00000007137cc7e8) 
thrown [s\src\hotspot\share\prims\jni.cpp, line 516]
Event: 3047.230 Thread 0x000002144baf2220 Exception <a 'sun/nio/fs/WindowsException'{0x00000007130e2660}> (0x00000007130e2660) 
thrown [s\src\hotspot\share\prims\jni.cpp, line 516]
Event: 3047.377 Thread 0x000002144baf2220 Exception <a 'sun/nio/fs/WindowsException'{0x0000000712ee8688}> (0x0000000712ee8688) 
thrown [s\src\hotspot\share\prims\jni.cpp, line 516]
Event: 3047.377 Thread 0x000002144baf2220 Exception <a 'sun/nio/fs/WindowsException'{0x0000000712eec3d8}> (0x0000000712eec3d8) 
thrown [s\src\hotspot\share\prims\jni.cpp, line 516]
Event: 3047.427 Thread 0x000002144baf2220 Exception <a 'java/io/FileNotFoundException'{0x0000000711948bc8}> (0x0000000711948bc8) 
thrown [s\src\hotspot\share\prims\jni.cpp, line 516]
Event: 3047.428 Thread 0x000002144baf2220 Exception <a 'java/io/FileNotFoundException'{0x0000000711955a40}> (0x0000000711955a40) 
thrown [s\src\hotspot\share\prims\jni.cpp, line 516]
Event: 3047.439 Thread 0x0000021449e7da10 Exception <a 'sun/nio/fs/WindowsException'{0x0000000717cbaa08}> (0x0000000717cbaa08) 
thrown [s\src\hotspot\share\prims\jni.cpp, line 516]
Event: 3047.439 Thread 0x0000021449e7da10 Exception <a 'sun/nio/fs/WindowsException'{0x0000000717cbad18}> (0x0000000717cbad18) 
thrown [s\src\hotspot\share\prims\jni.cpp, line 516]
Event: 3047.439 Thread 0x0000021449e7da10 Exception <a 'sun/nio/fs/WindowsException'{0x0000000717cbbe88}> (0x0000000717cbbe88) 
thrown [s\src\hotspot\share\prims\jni.cpp, line 516]
Event: 3047.439 Thread 0x0000021449e7da10 Exception <a 'sun/nio/fs/WindowsException'{0x0000000717cbc188}> (0x0000000717cbc188) 
thrown [s\src\hotspot\share\prims\jni.cpp, line 516]

VM Operations (20 events):
Event: 3047.526 Executing VM operation: G1CollectForAllocation
Event: 3047.528 Executing VM operation: G1CollectForAllocation done
Event: 3047.538 Executing VM operation: G1TryInitiateConcMark
Event: 3047.541 Executing VM operation: G1TryInitiateConcMark done
Event: 3048.029 Executing VM operation: G1CollectForAllocation
Event: 3048.032 Executing VM operation: G1CollectForAllocation done
Event: 3048.437 Executing VM operation: G1CollectForAllocation
Event: 3048.440 Executing VM operation: G1CollectForAllocation done
Event: 3048.895 Executing VM operation: G1CollectForAllocation
Event: 3048.898 Executing VM operation: G1CollectForAllocation done
Event: 3049.306 Executing VM operation: G1CollectForAllocation
Event: 3049.308 Executing VM operation: G1CollectForAllocation done
Event: 3050.320 Executing VM operation: Cleanup
Event: 3050.321 Executing VM operation: Cleanup done
Event: 3051.327 Executing VM operation: Cleanup
Event: 3051.327 Executing VM operation: Cleanup done
Event: 3062.395 Executing VM operation: Cleanup
Event: 3062.395 Executing VM operation: Cleanup done
Event: 3078.519 Executing VM operation: Cleanup
Event: 3078.519 Executing VM operation: Cleanup done

Events (20 events):
Event: 3050.022 Thread 0x00000214479a6080 Thread added: 0x00000214479a6080
Event: 3050.022 Thread 0x000002144d0cda00 Thread added: 0x000002144d0cda00
Event: 3050.164 Thread 0x000002144d0ce3a0 Thread added: 0x000002144d0ce3a0
Event: 3057.122 Thread 0x0000021448589c30 Thread exited: 0x0000021448589c30
Event: 3077.435 Thread 0x0000021449e80090 Thread exited: 0x0000021449e80090
Event: 3078.408 Thread 0x000002145b12bda0 Thread exited: 0x000002145b12bda0
Event: 3078.408 Thread 0x000002145b12c270 Thread exited: 0x000002145b12c270
Event: 3078.424 Thread 0x00000214452e3410 Thread exited: 0x00000214452e3410
Event: 3078.440 Thread 0x00000214452e1730 Thread exited: 0x00000214452e1730
Event: 3078.455 Thread 0x00000214452e1260 Thread exited: 0x00000214452e1260
Event: 3078.456 Thread 0x00000214452e03f0 Thread exited: 0x00000214452e03f0
Event: 3078.456 Thread 0x00000214452e0d90 Thread exited: 0x00000214452e0d90
Event: 3078.456 Thread 0x00000214452e2a70 Thread exited: 0x00000214452e2a70
Event: 3078.566 Thread 0x000002144baf0070 Thread exited: 0x000002144baf0070
Event: 3079.285 Thread 0x0000021454b3d500 Thread exited: 0x0000021454b3d500
Event: 3079.393 Thread 0x0000021451887680 Thread exited: 0x0000021451887680
Event: 3079.443 Thread 0x0000021446842a00 Thread added: 0x0000021446842a00
Event: 3079.454 Thread 0x0000021448327080 Thread exited: 0x0000021448327080
Event: 3079.454 Thread 0x0000021448325870 Thread exited: 0x0000021448325870
Event: 3079.454 Thread 0x00000214479a5bb0 Thread exited: 0x00000214479a5bb0


Dynamic libraries:
0x00007ff6dfb30000 - 0x00007ff6dfb3e000 	C:\Users\doubl\.p2\pool\plugins\org.eclipse.justj.openjdk.hotspot.jre.full.win32.x86_64_17.0.7.v20230425-1502\jre\bin\javaw.exe
0x00007ffab6530000 - 0x00007ffab6747000 	C:\windows\SYSTEM32\ntdll.dll
0x00007ffab5360000 - 0x00007ffab5424000 	C:\windows\System32\KERNEL32.DLL
0x00007ffab3b20000 - 0x00007ffab3ed7000 	C:\windows\System32\KERNELBASE.dll
0x00007ffab3ee0000 - 0x00007ffab3ff1000 	C:\windows\System32\ucrtbase.dll
0x00007ffaadab0000 - 0x00007ffaadac7000 	C:\Users\doubl\.p2\pool\plugins\org.eclipse.justj.openjdk.hotspot.jre.full.win32.x86_64_17.0.7.v20230425-1502\jre\bin\jli.dll
0x00007ffab42d0000 - 0x00007ffab447f000 	C:\windows\System32\USER32.dll
0x00007ffab3870000 - 0x00007ffab3896000 	C:\windows\System32\win32u.dll
0x00007ffab5d70000 - 0x00007ffab5d99000 	C:\windows\System32\GDI32.dll
0x00007ffab4140000 - 0x00007ffab4258000 	C:\windows\System32\gdi32full.dll
0x00007ffab38a0000 - 0x00007ffab393a000 	C:\windows\System32\msvcp_win.dll
0x00007ffaada90000 - 0x00007ffaadaa9000 	C:\Users\doubl\.p2\pool\plugins\org.eclipse.justj.openjdk.hotspot.jre.full.win32.x86_64_17.0.7.v20230425-1502\jre\bin\VCRUNTIME140.dll
0x00007ffaa8930000 - 0x00007ffaa8bc3000 	C:\windows\WinSxS\amd64_microsoft.windows.common-controls_6595b64144ccf1df_6.0.22621.3672_none_2713b9d173822955\COMCTL32.dll
0x00007ffab5cb0000 - 0x00007ffab5d57000 	C:\windows\System32\msvcrt.dll
0x00007ffab4280000 - 0x00007ffab42b1000 	C:\windows\System32\IMM32.DLL
0x00007ffaaee90000 - 0x00007ffaaee9c000 	C:\Users\doubl\.p2\pool\plugins\org.eclipse.justj.openjdk.hotspot.jre.full.win32.x86_64_17.0.7.v20230425-1502\jre\bin\vcruntime140_1.dll
0x00007ffa8e3f0000 - 0x00007ffa8e481000 	C:\Users\doubl\.p2\pool\plugins\org.eclipse.justj.openjdk.hotspot.jre.full.win32.x86_64_17.0.7.v20230425-1502\jre\bin\msvcp140.dll
0x00007ffa6f6f0000 - 0x00007ffa70338000 	C:\Users\doubl\.p2\pool\plugins\org.eclipse.justj.openjdk.hotspot.jre.full.win32.x86_64_17.0.7.v20230425-1502\jre\bin\server\jvm.dll
0x00007ffab5210000 - 0x00007ffab52c2000 	C:\windows\System32\ADVAPI32.dll
0x00007ffab5bf0000 - 0x00007ffab5c98000 	C:\windows\System32\sechost.dll
0x00007ffab3840000 - 0x00007ffab3868000 	C:\windows\System32\bcrypt.dll
0x00007ffab50f0000 - 0x00007ffab5204000 	C:\windows\System32\RPCRT4.dll
0x00007ffaac4e0000 - 0x00007ffaac4e9000 	C:\windows\SYSTEM32\WSOCK32.dll
0x00007ffaada30000 - 0x00007ffaada64000 	C:\windows\SYSTEM32\WINMM.dll
0x00007ffaa8820000 - 0x00007ffaa882a000 	C:\windows\SYSTEM32\VERSION.dll
0x00007ffab6470000 - 0x00007ffab64e1000 	C:\windows\System32\WS2_32.dll
0x00007ffab2860000 - 0x00007ffab2878000 	C:\windows\SYSTEM32\kernel.appcore.dll
0x00007ffaa4790000 - 0x00007ffaa479a000 	C:\Users\doubl\.p2\pool\plugins\org.eclipse.justj.openjdk.hotspot.jre.full.win32.x86_64_17.0.7.v20230425-1502\jre\bin\jimage.dll
0x00007ffab1370000 - 0x00007ffab15a2000 	C:\windows\SYSTEM32\DBGHELP.DLL
0x00007ffab5860000 - 0x00007ffab5bee000 	C:\windows\System32\combase.dll
0x00007ffab5540000 - 0x00007ffab5617000 	C:\windows\System32\OLEAUT32.dll
0x00007ffaa4f30000 - 0x00007ffaa4f62000 	C:\windows\SYSTEM32\dbgcore.DLL
0x00007ffab4000000 - 0x00007ffab407b000 	C:\windows\System32\bcryptPrimitives.dll
0x00007ffa7e170000 - 0x00007ffa7e195000 	C:\Users\doubl\.p2\pool\plugins\org.eclipse.justj.openjdk.hotspot.jre.full.win32.x86_64_17.0.7.v20230425-1502\jre\bin\java.dll
0x00007ffa9f5e0000 - 0x00007ffa9f5f8000 	C:\Users\doubl\.p2\pool\plugins\org.eclipse.justj.openjdk.hotspot.jre.full.win32.x86_64_17.0.7.v20230425-1502\jre\bin\zip.dll
0x00007ffab4880000 - 0x00007ffab50e9000 	C:\windows\System32\SHELL32.dll
0x00007ffab1760000 - 0x00007ffab205f000 	C:\windows\SYSTEM32\windows.storage.dll
0x00007ffab1620000 - 0x00007ffab175f000 	C:\windows\SYSTEM32\wintypes.dll
0x00007ffab4780000 - 0x00007ffab4879000 	C:\windows\System32\SHCORE.dll
0x00007ffab54e0000 - 0x00007ffab553e000 	C:\windows\System32\shlwapi.dll
0x00007ffab3770000 - 0x00007ffab3797000 	C:\windows\SYSTEM32\profapi.dll
0x00007ffa90520000 - 0x00007ffa90539000 	C:\Users\doubl\.p2\pool\plugins\org.eclipse.justj.openjdk.hotspot.jre.full.win32.x86_64_17.0.7.v20230425-1502\jre\bin\net.dll
0x00007ffaaf2e0000 - 0x00007ffaaf416000 	C:\windows\SYSTEM32\WINHTTP.dll
0x00007ffab2d50000 - 0x00007ffab2db9000 	C:\windows\system32\mswsock.dll
0x00007ffa8dfd0000 - 0x00007ffa8dfe5000 	C:\Users\doubl\.p2\pool\plugins\org.eclipse.justj.openjdk.hotspot.jre.full.win32.x86_64_17.0.7.v20230425-1502\jre\bin\nio.dll
0x00007ffaaee70000 - 0x00007ffaaee79000 	C:\Users\doubl\.p2\pool\plugins\org.eclipse.justj.openjdk.hotspot.jre.full.win32.x86_64_17.0.7.v20230425-1502\jre\bin\management.dll
0x00007ffaada80000 - 0x00007ffaada8b000 	C:\Users\doubl\.p2\pool\plugins\org.eclipse.justj.openjdk.hotspot.jre.full.win32.x86_64_17.0.7.v20230425-1502\jre\bin\management_ext.dll
0x00007ffab5ca0000 - 0x00007ffab5ca8000 	C:\windows\System32\PSAPI.DLL
0x00007ffaac500000 - 0x00007ffaac50e000 	C:\Users\doubl\.p2\pool\plugins\org.eclipse.justj.openjdk.hotspot.jre.full.win32.x86_64_17.0.7.v20230425-1502\jre\bin\sunmscapi.dll
0x00007ffab39b0000 - 0x00007ffab3b16000 	C:\windows\System32\CRYPT32.dll
0x00007ffab3200000 - 0x00007ffab322d000 	C:\windows\SYSTEM32\ncrypt.dll
0x00007ffab31c0000 - 0x00007ffab31f7000 	C:\windows\SYSTEM32\NTASN1.dll
0x00007ffab2fc0000 - 0x00007ffab2fdb000 	C:\windows\SYSTEM32\CRYPTSP.dll
0x00007ffab27c0000 - 0x00007ffab27f5000 	C:\windows\system32\rsaenh.dll
0x00007ffab2e60000 - 0x00007ffab2e88000 	C:\windows\SYSTEM32\USERENV.dll
0x00007ffab2fe0000 - 0x00007ffab2fec000 	C:\windows\SYSTEM32\CRYPTBASE.dll
0x00007ffab2300000 - 0x00007ffab232d000 	C:\windows\SYSTEM32\IPHLPAPI.DLL
0x00007ffab5d60000 - 0x00007ffab5d69000 	C:\windows\System32\NSI.dll
0x00007ffaade60000 - 0x00007ffaade79000 	C:\windows\SYSTEM32\dhcpcsvc6.DLL
0x00007ffaaddb0000 - 0x00007ffaaddcf000 	C:\windows\SYSTEM32\dhcpcsvc.DLL
0x00007ffab2330000 - 0x00007ffab2432000 	C:\windows\SYSTEM32\DNSAPI.dll
0x00007ffaae640000 - 0x00007ffaae650000 	C:\Users\doubl\.p2\pool\plugins\org.eclipse.justj.openjdk.hotspot.jre.full.win32.x86_64_17.0.7.v20230425-1502\jre\bin\verify.dll
0x00007ffaa49c0000 - 0x00007ffaa4a05000 	C:\Users\doubl\AppData\Local\Temp\jna-95774484\jna12771286712463195593.dll
0x00007ffab45d0000 - 0x00007ffab4775000 	C:\windows\System32\Ole32.dll
0x00007ffab5430000 - 0x00007ffab54e0000 	C:\windows\System32\clbcatq.dll
0x00007ffa9e330000 - 0x00007ffa9e34d000 	C:\windows\SYSTEM32\amsi.dll
0x00007ffa9e2a0000 - 0x00007ffa9e321000 	C:\ProgramData\Microsoft\Windows Defender\Platform\4.18.24080.9-0\MpOav.dll
0x00007ffaad940000 - 0x00007ffaad948000 	C:\windows\system32\wshunix.dll
0x00007ffa8e260000 - 0x00007ffa8e3ee000 	C:\Users\doubl\.p2\pool\plugins\org.eclipse.justj.openjdk.hotspot.jre.full.win32.x86_64_17.0.7.v20230425-1502\jre\bin\awt.dll
0x00007ffaac760000 - 0x00007ffaac7f7000 	C:\windows\SYSTEM32\apphelp.dll
0x00007ffa51dc0000 - 0x00007ffa52e3b000 	C:\Users\doubl\Desktop\Breathe\BREATHE\breathe.web\target\classes\PulseJNI.dll
0x00007ffaadcc0000 - 0x00007ffaadcca000 	C:\Windows\System32\rasadhlp.dll
0x00007ffaad7b0000 - 0x00007ffaad833000 	C:\windows\System32\fwpuclnt.dll
0x00007ffab0980000 - 0x00007ffab0a31000 	C:\windows\system32\uxtheme.dll
0x00007ffab56a0000 - 0x00007ffab5800000 	C:\windows\System32\MSCTF.dll

dbghelp: loaded successfully - version: 4.0.5 - missing functions: none
symbol engine: initialized successfully - sym options: 0x614 - pdb path: .;C:\Users\doubl\.p2\pool\plugins\org.eclipse.justj.openjdk.hotspot.jre.full.win32.x86_64_17.0.7.v20230425-1502\jre\bin;C:\windows\SYSTEM32;C:\windows\WinSxS\amd64_microsoft.windows.common-controls_6595b64144ccf1df_6.0.22621.3672_none_2713b9d173822955;C:\Users\doubl\.p2\pool\plugins\org.eclipse.justj.openjdk.hotspot.jre.full.win32.x86_64_17.0.7.v20230425-1502\jre\bin\server;C:\Users\doubl\AppData\Local\Temp\jna-95774484;C:\ProgramData\Microsoft\Windows Defender\Platform\4.18.24080.9-0;C:\Users\doubl\Desktop\Breathe\BREATHE\breathe.web\target\classes

VM Arguments:
jvm_args: -Dfile.encoding=UTF-8 -XX:+ShowCodeDetailsInExceptionMessages 
java_command: app.Main
java_class_path (initial): C:\Users\doubl\Desktop\Breathe\BREATHE\breathe.web\target\classes;C:\Users\doubl\.m2\repository\com\vaadin\vaadin\24.4.13\vaadin-24.4.13.jar;C:\Users\doubl\.m2\repository\com\vaadin\vaadin-internal\24.4.13\vaadin-internal-24.4.13.jar;C:\Users\doubl\.m2\repository\com\vaadin\vaadin-core-internal\24.4.13\vaadin-core-internal-24.4.13.jar;C:\Users\doubl\.m2\repository\com\vaadin\flow-lit-template\24.4.9\flow-lit-template-24.4.9.jar;C:\Users\doubl\.m2\repository\com\vaadin\flow-react\24.4.9\flow-react-24.4.9.jar;C:\Users\doubl\.m2\repository\com\vaadin\flow-html-components\24.4.9\flow-html-components-24.4.9.jar;C:\Users\doubl\.m2\repository\com\vaadin\flow-data\24.4.9\flow-data-24.4.9.jar;C:\Users\doubl\.m2\repository\com\vaadin\flow-dnd\24.4.9\flow-dnd-24.4.9.jar;C:\Users\doubl\.m2\repository\com\vaadin\vaadin-lumo-theme\24.4.13\vaadin-lumo-theme-24.4.13.jar;C:\Users\doubl\.m2\repository\com\vaadin\vaadin-material-theme\24.4.13\vaadin-material-theme-24.4.13.jar;C:\Users\doubl\.m2\repository\com\vaadin\vaadin-accordion-flow\24.4.13\vaadin-accordion-flow-24.4.13.jar;C:\Users\doubl\.m2\repository\com\vaadin\vaadin-avatar-flow\24.4.13\vaadin-avatar-flow-24.4.13.jar;C:\Users\doubl\.m2\repository\com\vaadin\vaadin-button-flow\24.4.13\vaadin-button-flow-24.4.13.jar;C:\Users\doubl\.m2\repository\com\vaadin\vaadin-checkbox-flow\24.4.13\vaadin-checkbox-flow-24.4.13.jar;C:\Users\doubl\.m2\repository\com\vaadin\vaadin-combo-box-flow\24.4.13\vaadin-combo-box-flow-24.4.13.jar;C:\Users\doubl\.m2\repository\com\vaadin\vaadin-confirm-dialog-flow\24.4.13\vaadin-confirm-dialog-flow-24.4.13.jar;C:\Users\doubl\.m2\repository\com\vaadin\vaadin-custom-field-flow\24.4.13\vaadin-custom-field-flow-24.4.13.jar;C:\Users\doubl\.m2\repository\com\vaadin\vaadin-date-picker-flow\24.4.13\vaadin-date-picker-flow-24.4.13.jar;C:\Users\doubl\.m2\repository\com\vaadin\vaadin-date-time-picker-flow\24.4.13\vaadin-date-time-picker-flow-24.4.13.jar;C:\Users\doubl\.m2\repository\com\
Launcher Type: SUN_STANDARD

[Global flags]
     intx CICompilerCount                          = 12                                        {product} {ergonomic}
     uint ConcGCThreads                            = 3                                         {product} {ergonomic}
     uint G1ConcRefinementThreads                  = 13                                        {product} {ergonomic}
   size_t G1HeapRegionSize                         = 2097152                                   {product} {ergonomic}
    uintx GCDrainStackTargetSize                   = 64                                        {product} {ergonomic}
   size_t InitialHeapSize                          = 257949696                                 {product} {ergonomic}
   size_t MarkStackSize                            = 4194304                                   {product} {ergonomic}
   size_t MaxHeapSize                              = 4120903680                                {product} {ergonomic}
   size_t MaxNewSize                               = 2472542208                                {product} {ergonomic}
   size_t MinHeapDeltaBytes                        = 2097152                                   {product} {ergonomic}
   size_t MinHeapSize                              = 8388608                                   {product} {ergonomic}
    uintx NonNMethodCodeHeapSize                   = 7602480                                {pd product} {ergonomic}
    uintx NonProfiledCodeHeapSize                  = 122027880                              {pd product} {ergonomic}
    uintx ProfiledCodeHeapSize                     = 122027880                              {pd product} {ergonomic}
    uintx ReservedCodeCacheSize                    = 251658240                              {pd product} {ergonomic}
     bool SegmentedCodeCache                       = true                                      {product} {ergonomic}
     bool ShowCodeDetailsInExceptionMessages       = true                                   {manageable} {command line}
   size_t SoftMaxHeapSize                          = 4120903680                             {manageable} {ergonomic}
     bool UseCompressedClassPointers               = true                           {product lp64_product} {ergonomic}
     bool UseCompressedOops                        = true                           {product lp64_product} {ergonomic}
     bool UseG1GC                                  = true                                      {product} {ergonomic}
     bool UseLargePagesIndividualAllocation        = false                                  {pd product} {ergonomic}

Logging:
Log output configuration:
 #0: stdout all=warning uptime,level,tags
 #1: stderr all=off uptime,level,tags

Environment Variables:
JAVA_HOME=C:\Program Files\Amazon Corretto\jdk1.8.0_422
PATH=C:/Users/doubl/.p2/pool/plugins/org.eclipse.justj.openjdk.hotspot.jre.full.win32.x86_64_17.0.7.v20230425-1502/jre/bin/server;C:/Users/doubl/.p2/pool/plugins/org.eclipse.justj.openjdk.hotspot.jre.full.win32.x86_64_17.0.7.v20230425-1502/jre/bin;C:\Program Files (x86)\Java\jre1.8.0_421\bin;C:\Program Files\Amazon Corretto\jdk1.8.0_422\bin;C:\Program Files\Common Files\Oracle\Java\javapath;C:\Program Files (x86)\Common Files\Oracle\Java\java8path;C:\Program Files (x86)\Common Files\Oracle\Java\javapath;C:\windows\system32;C:\windows;C:\windows\System32\Wbem;C:\windows\System32\WindowsPowerShell\v1.0\;C:\windows\System32\OpenSSH\;C:\Program Files\Microsoft VS Code\bin;C:\Program Files\Git\cmd;C:\Program Files\nodejs\;C:\ProgramData\chocolatey\bin;C:\Program Files\PuTTY\;C:\Users\doubl\Desktop\Uni\IR\apache-ant-1.9.16-bin\apache-ant-1.9.16\bin;C:\Users\doubl\Desktop\Uni\IR\gradle-7.6.3-bin\gradle-7.6.3\bin;C:\MinGW\bin;C:\Program Files\TortoiseSVN\bin;C:\Program Files\Git\usr\bin;C:\Users\doubl\Desktop\Uni\IR\icu4c-74_1-Win64-MSVC2022\bin64;C:\Program Files\Amazon Corretto\jdk1.8.0_422\bin;C:\Program Files\Java\jre-1.8\bin;C:\Users\doubl\AppData\Local\Programs\Python\Python38\Scripts;C:\Program Files\dotnet\;C:\Users\doubl\AppData\Local\Programs\Python\Python38\Scripts\;C:\Users\doubl\AppData\Local\Programs\Python\Python38\;C:\Users\doubl\AppData\Local\Microsoft\WindowsApps;C:\Users\doubl\AppData\Roaming\npm;C:\Users\doubl\AppData\Local\GitHubDesktop\bin;C:\Program Files\JetBrains\PyCharm 2023.2.5\bin;;C:\Users\doubl\.dotnet\tools;C:\Users\doubl\Desktop;
USERNAME=doubl
OS=Windows_NT
PROCESSOR_IDENTIFIER=AMD64 Family 25 Model 80 Stepping 0, AuthenticAMD
TMP=C:\Users\doubl\AppData\Local\Temp
TEMP=C:\Users\doubl\AppData\Local\Temp



---------------  S Y S T E M  ---------------

OS:
 Windows 11 , 64 bit Build 22621 (10.0.22621.3958)
OS uptime: 2 days 2:56 hours
Hyper-V role detected

CPU: total 16 (initial active 16) (16 cores per cpu, 2 threads per core) family 25 model 80 stepping 0 microcode 0x0, cx8, cmov, fxsr, ht, mmx, 3dnowpref, sse, sse2, sse3, ssse3, sse4a, sse4.1, sse4.2, popcnt, lzcnt, tsc, tscinvbit, avx, avx2, aes, erms, clmul, bmi1, bmi2, adx, sha, fma, vzeroupper, clflush, clflushopt, hv

Memory: 4k page, system-wide physical 15712M (5492M free)
TotalPageFile size 16736M (AvailPageFile size 3085M)
current process WorkingSet (physical memory assigned to process): 781M, peak: 902M
current process commit charge ("private bytes"): 832M, peak: 1013M

vm_info: OpenJDK 64-Bit Server VM (17.0.7+7) for windows-amd64 JRE (17.0.7+7), built on Apr 18 2023 22:10:42 by "temurin" with MS VC++ 16.7 (VS2019)

END.
